/*--------------------------------------------------------------*
 * Compilé avec C6809 v0.83                                     *
 *--------------------------------------------------------------*
 * Fichier source      : ./Sonic2/GeneratedCode/SEGA/Img_SegaSonic_12_NB0.ASM
 * Fichier destination : ./Sonic2/GeneratedCode/SEGA/Img_SegaSonic_12_NB0.BIN
 * Contenu :
 *     Main     0:IMGD.ASM     10501
 *--------------------------------------------------------------*/

Macro Pass
Pass1
Pass2
      2        A000                      ORG $A000
      3                  FF              SETDP $FF
      4        A000               BCKDRAW_Img_SegaSonic_12
      5  6+5   A000 10EF 8D 07C7         STS SSAV_Img_SegaSonic_12+1,PCR
      6
      7  5+5   A005 ED   8D 03A9         STD DYN_POS+1,PCR
      8  4+0   A009 32   C4              LEAS ,U
      9  5+0   A00B EE   A4              LDU ,Y
     10  4+4   A00D 33   C9 FB77         LEAU -1161,U
     11
     12  5+3   A011 37   12              PULU A,X
     13  5+5   A013 34   52              PSHS U,X,A
     14  2     A015 86   CC              LDA #$cc
     15  3     A017 8E   CCCC            LDX #$cccc
     16  5+3   A01A 36   12              PSHU A,X
     17  4+1   A01C 33   C8 28           LEAU 40,U
     18
     19  5+1   A01F EC   C8 27           LDD 39,U
     20  5+2   A022 34   06              PSHS D
     21  2     A024 84   F0              ANDA #$F0
     22  2     A026 8A   0D              ORA #$0d
     23  2     A028 C6   DD              LDB #$dd
     24  5+1   A02A ED   C8 27           STD 39,U
     25  5+1   A02D EC   C8 4F           LDD 79,U
     26  5+2   A030 34   06              PSHS D
     27  2     A032 84   F0              ANDA #$F0
     28  2     A034 8A   0D              ORA #$0d
     29  2     A036 C6   DD              LDB #$dd
     30  5+1   A038 ED   C8 4F           STD 79,U
     31  5+1   A03B AE   C8 29           LDX 41,U
     32  6+1   A03E 10AE C8 51           LDY 81,U
     33  5+4   A042 34   30              PSHS Y,X
     34  3     A044 CC   CCCC            LDD #$cccc
     35  5+1   A047 ED   C8 29           STD 41,U
     36  5+1   A04A ED   C8 51           STD 81,U
     37  5+3   A04D 37   12              PULU A,X
     38  5+5   A04F 34   52              PSHS U,X,A
     39  3     A051 8E   CCCC            LDX #$cccc
     40  5+3   A054 36   14              PSHU B,X
     41  4+1   A056 33   C8 78           LEAU 120,U
     42
     43  5+3   A059 37   12              PULU A,X
     44  5+5   A05B 34   52              PSHS U,X,A
     45  2     A05D 86   DD              LDA #$dd
     46  3     A05F 8E   DDCC            LDX #$ddcc
     47  5+3   A062 36   12              PSHU A,X
     48  4+1   A064 33   C8 28           LEAU 40,U
     49
     50  5+1   A067 AE   C8 29           LDX 41,U
     51  6+1   A06A 10AE C8 51           LDY 81,U
     52  5+4   A06E 34   30              PSHS Y,X
     53  2     A070 C6   6C              LDB #$6c
     54  5+1   A072 ED   C8 29           STD 41,U
     55  5+1   A075 ED   C8 51           STD 81,U
     56  5+1   A078 EC   C8 79           LDD 121,U
     57  5+2   A07B 34   06              PSHS D
     58  3     A07D CC   DD66            LDD #$dd66
     59  5+1   A080 ED   C8 79           STD 121,U
     60  5+3   A083 37   12              PULU A,X
     61  5+5   A085 34   52              PSHS U,X,A
     62  2     A087 86   DD              LDA #$dd
     63  3     A089 8E   DDCC            LDX #$ddcc
     64  5+3   A08C 36   12              PSHU A,X
     65  4+4   A08E 33   C9 0118         LEAU 280,U
     66
     67  5+1   A092 AE   C8 89           LDX -119,U
     68  5+1   A095 ED   C8 89           STD -119,U
     69  6+1   A098 10AE C8 B1           LDY -79,U
     70  5+4   A09C 34   30              PSHS Y,X
     71  5+1   A09E EC   C8 D9           LDD -39,U
     72  5+2   A0A1 34   06              PSHS D
     73  3     A0A3 CC   CC7C            LDD #$cc7c
     74  5+1   A0A6 ED   C8 B1           STD -79,U
     75  5+1   A0A9 ED   C8 D9           STD -39,U
     76  5+3   A0AC 37   12              PULU A,X
     77  5+5   A0AE 34   52              PSHS U,X,A
     78  2     A0B0 86   DD              LDA #$dd
     79  3     A0B2 8E   DCCC            LDX #$dccc
     80  5+3   A0B5 36   12              PSHU A,X
     81  4+1   A0B7 33   C8 28           LEAU 40,U
     82
     83  5+3   A0BA 37   12              PULU A,X
     84  5+5   A0BC 34   52              PSHS U,X,A
     85  2     A0BE 86   DD              LDA #$dd
     86  3     A0C0 8E   DCCC            LDX #$dccc
     87  5+3   A0C3 36   12              PSHU A,X
     88  4+1   A0C5 33   C8 28           LEAU 40,U
     89
     90  5+3   A0C8 37   12              PULU A,X
     91  5+5   A0CA 34   52              PSHS U,X,A
     92  2     A0CC 86   CC              LDA #$cc
     93  3     A0CE 8E   DCCC            LDX #$dccc
     94  5+3   A0D1 36   12              PSHU A,X
     95  4+1   A0D3 33   C8 28           LEAU 40,U
     96
     97  5+3   A0D6 37   12              PULU A,X
     98  5+5   A0D8 34   52              PSHS U,X,A
     99  2     A0DA 86   CC              LDA #$cc
    100  3     A0DC 8E   DCCC            LDX #$dccc
    101  5+3   A0DF 36   12              PSHU A,X
    102  4+1   A0E1 33   C8 27           LEAU 39,U
    103
    104  5+4   A0E4 37   30              PULU X,Y
    105  5+6   A0E6 34   70              PSHS U,Y,X
    106  3     A0E8 CC   DDCC            LDD #$ddcc
    107  3     A0EB 8E   DCCC            LDX #$dccc
    108  5+4   A0EE 36   16              PSHU D,X
    109  4+1   A0F0 33   C8 28           LEAU 40,U
    110
    111  5+4   A0F3 37   30              PULU X,Y
    112  5+6   A0F5 34   70              PSHS U,Y,X
    113  3     A0F7 8E   DCCC            LDX #$dccc
    114  5+4   A0FA 36   16              PSHU D,X
    115  4+1   A0FC 33   C8 29           LEAU 41,U
    116
    117  5+3   A0FF 37   12              PULU A,X
    118  5+5   A101 34   52              PSHS U,X,A
    119  2     A103 86   DD              LDA #$dd
    120  3     A105 8E   DCCC            LDX #$dccc
    121  5+3   A108 36   12              PSHU A,X
    122  4+1   A10A 33   C8 28           LEAU 40,U
    123
    124  5+3   A10D 37   12              PULU A,X
    125  5+5   A10F 34   52              PSHS U,X,A
    126  2     A111 86   DD              LDA #$dd
    127  3     A113 8E   DCCC            LDX #$dccc
    128  5+3   A116 36   12              PSHU A,X
    129  4+1   A118 33   C8 28           LEAU 40,U
    130
    131  5+3   A11B 37   12              PULU A,X
    132  5+5   A11D 34   52              PSHS U,X,A
    133  2     A11F 86   DD              LDA #$dd
    134  3     A121 8E   DDCC            LDX #$ddcc
    135  5+3   A124 36   12              PSHU A,X
    136  4+1   A126 33   C8 28           LEAU 40,U
    137
    138  5+1   A129 AE   C8 29           LDX 41,U
    139  6+1   A12C 10AE C8 51           LDY 81,U
    140  5+4   A130 34   30              PSHS Y,X
    141  5+1   A132 EC   C8 79           LDD 121,U
    142  5+2   A135 34   06              PSHS D
    143  3     A137 CC   DDCC            LDD #$ddcc
    144  5+1   A13A ED   C8 29           STD 41,U
    145  5+1   A13D ED   C8 51           STD 81,U
    146  5+1   A140 ED   C8 79           STD 121,U
    147  5+3   A143 37   12              PULU A,X
    148  5+5   A145 34   52              PSHS U,X,A
    149  2     A147 86   DD              LDA #$dd
    150  3     A149 8E   DDCC            LDX #$ddcc
    151  5+3   A14C 36   12              PSHU A,X
    152  4+4   A14E 33   C9 00C8         LEAU 200,U
    153
    154  5+1   A152 AE   C8 D9           LDX -39,U
    155  5+2   A155 34   10              PSHS X
    156  5+1   A157 ED   C8 D9           STD -39,U
    157  5+3   A15A 37   12              PULU A,X
    158  5+5   A15C 34   52              PSHS U,X,A
    159  3     A15E 8E   DDC7            LDX #$ddc7
    160  5+3   A161 36   14              PSHU B,X
    161  4+1   A163 33   C8 28           LEAU 40,U
    162
    163  5+3   A166 37   12              PULU A,X
    164  5+5   A168 34   52              PSHS U,X,A
    165  3     A16A 8E   DDC7            LDX #$ddc7
    166  5+3   A16D 36   14              PSHU B,X
    167  4+1   A16F 33   C8 27           LEAU 39,U
    168
    169  5+4   A172 37   30              PULU X,Y
    170  5+6   A174 34   70              PSHS U,Y,X
    171  3     A176 CC   766D            LDD #$766d
    172  3     A179 8E   DD76            LDX #$dd76
    173  5+4   A17C 36   16              PSHU D,X
    174  4+1   A17E 33   C8 28           LEAU 40,U
    175
    176  5+4   A181 37   30              PULU X,Y
    177  5+6   A183 34   70              PSHS U,Y,X
    178  3     A185 8E   DD76            LDX #$dd76
    179  5+4   A188 36   16              PSHU D,X
    180  4+1   A18A 33   C8 28           LEAU 40,U
    181
    182  5+4   A18D 37   30              PULU X,Y
    183  5+6   A18F 34   70              PSHS U,Y,X
    184  3     A191 CC   6716            LDD #$6716
    185  3     A194 8E   0076            LDX #$0076
    186  5+4   A197 36   16              PSHU D,X
    187  4+1   A199 33   C8 28           LEAU 40,U
    188
    189  5+4   A19C 37   30              PULU X,Y
    190  5+6   A19E 34   70              PSHS U,Y,X
    191  3     A1A0 8E   0076            LDX #$0076
    192  5+4   A1A3 36   16              PSHU D,X
    193  4+1   A1A5 33   C8 28           LEAU 40,U
    194
    195  5+4   A1A8 37   30              PULU X,Y
    196  5+6   A1AA 34   70              PSHS U,Y,X
    197  3     A1AC CC   6412            LDD #$6412
    198  3     A1AF 8E   21D7            LDX #$21d7
    199  5+4   A1B2 36   16              PSHU D,X
    200  4+1   A1B4 33   C8 28           LEAU 40,U
    201
    202  5+4   A1B7 37   30              PULU X,Y
    203  5+6   A1B9 34   70              PSHS U,Y,X
    204  3     A1BB 8E   21D7            LDX #$21d7
    205  5+4   A1BE 36   16              PSHU D,X
    206  4+1   A1C0 33   C8 28           LEAU 40,U
    207
    208  5+4   A1C3 37   30              PULU X,Y
    209  5+6   A1C5 34   70              PSHS U,Y,X
    210  3     A1C7 CC   7611            LDD #$7611
    211  3     A1CA 8E   0044            LDX #$0044
    212  5+4   A1CD 36   16              PSHU D,X
    213  4+1   A1CF 33   C8 28           LEAU 40,U
    214
    215  5+4   A1D2 37   30              PULU X,Y
    216  5+6   A1D4 34   70              PSHS U,Y,X
    217  3     A1D6 8E   0044            LDX #$0044
    218  5+4   A1D9 36   16              PSHU D,X
    219  4+1   A1DB 33   C8 28           LEAU 40,U
    220
    221  5+4   A1DE 37   30              PULU X,Y
    222  5+6   A1E0 34   70              PSHS U,Y,X
    223  2     A1E2 86   C7              LDA #$c7
    224  3     A1E4 8E   0022            LDX #$0022
    225  5+4   A1E7 36   16              PSHU D,X
    226  4+1   A1E9 33   C8 28           LEAU 40,U
    227
    228  5+4   A1EC 37   30              PULU X,Y
    229  5+6   A1EE 34   70              PSHS U,Y,X
    230  3     A1F0 8E   0022            LDX #$0022
    231  5+4   A1F3 36   16              PSHU D,X
    232  4+1   A1F5 33   C8 28           LEAU 40,U
    233
    234  5+4   A1F8 37   30              PULU X,Y
    235  5+6   A1FA 34   70              PSHS U,Y,X
    236  3     A1FC CC   DD21            LDD #$dd21
    237  3     A1FF 8E   1121            LDX #$1121
    238  5+4   A202 36   16              PSHU D,X
    239  4+1   A204 33   C8 28           LEAU 40,U
    240
    241  5+4   A207 37   30              PULU X,Y
    242  5+6   A209 34   70              PSHS U,Y,X
    243  3     A20B 8E   1121            LDX #$1121
    244  5+4   A20E 36   16              PSHU D,X
    245  4+1   A210 33   C8 28           LEAU 40,U
    246
    247  5+4   A213 37   30              PULU X,Y
    248  5+6   A215 34   70              PSHS U,Y,X
    249  2     A217 C6   D1              LDB #$d1
    250  3     A219 8E   1112            LDX #$1112
    251  5+4   A21C 36   16              PSHU D,X
    252  4+1   A21E 33   C8 28           LEAU 40,U
    253
    254  5+4   A221 37   30              PULU X,Y
    255  5+6   A223 34   70              PSHS U,Y,X
    256  3     A225 8E   1112            LDX #$1112
    257  5+4   A228 36   16              PSHU D,X
    258  4+1   A22A 33   C8 28           LEAU 40,U
    259
    260  4+1   A22D A6   43              LDA 3,U
    261  5+1   A22F 34   02              PSHS A
    262  2     A231 84   F0              ANDA #$F0
    263  2     A233 8A   02              ORA #$02
    264  4+1   A235 A7   43              STA 3,U
    265  5+3   A237 37   12              PULU A,X
    266  5+5   A239 34   52              PSHS U,X,A
    267  2     A23B 86   DD              LDA #$dd
    268  3     A23D 8E   CD77            LDX #$cd77
    269  5+3   A240 36   12              PSHU A,X
    270  4+1   A242 33   C8 28           LEAU 40,U
    271
    272  5+1   A245 EC   C8 28           LDD 40,U
    273  5+2   A248 34   06              PSHS D
    274  2     A24A 84   0F              ANDA #$0F
    275  2     A24C 8A   C0              ORA #$c0
    276  2     A24E C6   CC              LDB #$cc
    277  5+1   A250 ED   C8 28           STD 40,U
    278  5+1   A253 EC   C8 50           LDD 80,U
    279  5+2   A256 34   06              PSHS D
    280  2     A258 84   0F              ANDA #$0F
    281  2     A25A 8A   C0              ORA #$c0
    282  2     A25C C6   CC              LDB #$cc
    283  5+1   A25E ED   C8 50           STD 80,U
    284  5+1   A261 EC   C8 2A           LDD 42,U
    285  5+2   A264 34   06              PSHS D
    286  2     A266 86   66              LDA #$66
    287  2     A268 C4   0F              ANDB #$0F
    288  2     A26A CA   D0              ORB #$d0
    289  5+1   A26C ED   C8 2A           STD 42,U
    290  5+1   A26F EC   C8 52           LDD 82,U
    291  5+2   A272 34   06              PSHS D
    292  2     A274 86   66              LDA #$66
    293  2     A276 C4   0F              ANDB #$0F
    294  2     A278 CA   D0              ORB #$d0
    295  5+1   A27A ED   C8 52           STD 82,U
    296  4+1   A27D A6   43              LDA 3,U
    297  5+1   A27F 34   02              PSHS A
    298  2     A281 84   F0              ANDA #$F0
    299  2     A283 8A   02              ORA #$02
    300  4+1   A285 A7   43              STA 3,U
    301  5+3   A287 37   12              PULU A,X
    302  5+5   A289 34   52              PSHS U,X,A
    303  2     A28B 86   DD              LDA #$dd
    304  3     A28D 8E   CD77            LDX #$cd77
    305  5+3   A290 36   12              PSHU A,X
    306  4+1   A292 33   C8 78           LEAU 120,U
    307
    308  5+4   A295 37   30              PULU X,Y
    309  5+6   A297 34   70              PSHS U,Y,X
    310  3     A299 CC   CCCC            LDD #$cccc
    311  3     A29C 8E   77DD            LDX #$77dd
    312  5+4   A29F 36   16              PSHU D,X
    313  4+1   A2A1 33   C8 28           LEAU 40,U
    314
    315  4+1   A2A4 A6   C8 28           LDA 40,U
    316  5+1   A2A7 AE   C8 2A           LDX 42,U
    317  5+3   A2AA 34   12              PSHS X,A
    318  4+1   A2AC A6   C8 50           LDA 80,U
    319  4+1   A2AF E6   C8 7B           LDB 123,U
    320  5+1   A2B2 AE   C8 52           LDX 82,U
    321  5+4   A2B5 34   16              PSHS X,B,A
    322  2     A2B7 86   3C              LDA #$3c
    323  4+1   A2B9 A7   C8 28           STA 40,U
    324  4+1   A2BC A7   C8 50           STA 80,U
    325  3     A2BF CC   C3DD            LDD #$c3dd
    326  5+1   A2C2 ED   C8 2A           STD 42,U
    327  5+1   A2C5 ED   C8 52           STD 82,U
    328  2     A2C8 86   31              LDA #$31
    329  4+1   A2CA A7   C8 7B           STA 123,U
    330  5+4   A2CD 37   30              PULU X,Y
    331  5+6   A2CF 34   70              PSHS U,Y,X
    332  3     A2D1 CC   CCCC            LDD #$cccc
    333  3     A2D4 8E   77DD            LDX #$77dd
    334  5+4   A2D7 36   16              PSHU D,X
    335  4+4   A2D9 33   C9 011B         LEAU 283,U
    336
    337  4+1   A2DD A6   C8 88           LDA -120,U
    338  4+1   A2E0 E6   C8 B0           LDB -80,U
    339  5+2   A2E3 34   06              PSHS B,A
    340  4+1   A2E5 A6   C8 D8           LDA -40,U
    341  4+0   A2E8 E6   C4              LDB ,U
    342  5+2   A2EA 34   06              PSHS B,A
    343  4+1   A2EC A6   C8 28           LDA 40,U
    344  5+1   A2EF 34   02              PSHS A
    345  2     A2F1 86   11              LDA #$11
    346  4+1   A2F3 A7   C8 B0           STA -80,U
    347  4+1   A2F6 A7   C8 D8           STA -40,U
    348  4+0   A2F9 A7   C4              STA ,U
    349  4+1   A2FB A7   C8 28           STA 40,U
    350  4+1   A2FE A6   C8 50           LDA 80,U
    351  4+1   A301 E6   C8 78           LDB 120,U
    352  5+4   A304 34   46              PSHS U,B,A
    353  2     A306 86   31              LDA #$31
    354  4+1   A308 A7   C8 88           STA -120,U
    355  4+1   A30B A7   C8 50           STA 80,U
    356  4+1   A30E A7   C8 78           STA 120,U
    357  4+4   A311 33   C9 00C5         LEAU 197,U
    358
    359  4+1   A315 A6   C8 28           LDA 40,U
    360  4+1   A318 E6   C8 D8           LDB -40,U
    361  5+2   A31B 34   06              PSHS B,A
    362  2     A31D C4   0F              ANDB #$0F
    363  2     A31F CA   40              ORB #$40
    364  4+1   A321 E7   C8 D8           STB -40,U
    365  4+1   A324 A6   C8 DB           LDA -37,U
    366  5+1   A327 34   02              PSHS A
    367  2     A329 84   F0              ANDA #$F0
    368  2     A32B 8A   03              ORA #$03
    369  4+1   A32D A7   C8 DB           STA -37,U
    370  4+0   A330 A6   C4              LDA ,U
    371  5+1   A332 34   02              PSHS A
    372  2     A334 84   0F              ANDA #$0F
    373  2     A336 8A   40              ORA #$40
    374  4+0   A338 A7   C4              STA ,U
    375  4+1   A33A A6   43              LDA 3,U
    376  5+3   A33C 34   42              PSHS U,A
    377  2     A33E 84   F0              ANDA #$F0
    378  2     A340 8A   03              ORA #$03
    379  4+1   A342 A7   43              STA 3,U
    380  2     A344 86   44              LDA #$44
    381  4+1   A346 A7   C8 28           STA 40,U
    382  4+4   A349 33   C9 00C8         LEAU 200,U
    383
    384  5+1   A34D EC   C8 B0           LDD -80,U
    385  5+2   A350 34   06              PSHS D
    386  2     A352 86   44              LDA #$44
    387  2     A354 C4   0F              ANDB #$0F
    388  2     A356 CA   40              ORB #$40
    389  5+1   A358 ED   C8 B0           STD -80,U
    390  5+1   A35B EC   C8 D8           LDD -40,U
    391  5+2   A35E 34   06              PSHS D
    392  2     A360 86   44              LDA #$44
    393  2     A362 C4   0F              ANDB #$0F
    394  2     A364 CA   40              ORB #$40
    395  5+1   A366 ED   C8 D8           STD -40,U
    396  4+1   A369 A6   C8 88           LDA -120,U
    397  5+1   A36C 34   02              PSHS A
    398  2     A36E 86   44              LDA #$44
    399  4+1   A370 A7   C8 88           STA -120,U
    400  5+3   A373 37   12              PULU A,X
    401  5+5   A375 34   52              PSHS U,X,A
    402  2     A377 86   44              LDA #$44
    403  3     A379 8E   4444            LDX #$4444
    404  5+3   A37C 36   12              PSHU A,X
    405  4+1   A37E 33   C8 28           LEAU 40,U
    406
    407  5+1   A381 AE   C8 28           LDX 40,U
    408  6+1   A384 10AE C8 50           LDY 80,U
    409  5+4   A388 34   30              PSHS Y,X
    410  5+1   A38A EC   C8 79           LDD 121,U
    411  5+2   A38D 34   06              PSHS D
    412  3     A38F CC   4444            LDD #$4444
    413  5+1   A392 ED   C8 28           STD 40,U
    414  5+1   A395 ED   C8 50           STD 80,U
    415  5+1   A398 ED   C8 79           STD 121,U
    416  5+3   A39B 37   12              PULU A,X
    417  5+5   A39D 34   52              PSHS U,X,A
    418  3     A39F 8E   4444            LDX #$4444
    419  5+3   A3A2 36   14              PSHU B,X
    420  4+4   A3A4 33   C9 00A1         LEAU 161,U
    421
    422  5+0   A3A8 AE   C4              LDX ,U
    423  5+4   A3AA 34   50              PSHS U,X
    424  3     A3AC CC   4444            LDD #$4444
    425  5+0   A3AF ED   C4              STD ,U
    426        A3B1               DYN_POS
    427
    428  3     A3B1 CE   0000            LDU #$0000
    429  4+4   A3B4 33   C9 FBC6         LEAU -1082,U
    430
    431  5+1   A3B8 EC   C8 B0           LDD -80,U
    432  5+2   A3BB 34   06              PSHS D
    433  2     A3BD 84   F0              ANDA #$F0
    434  2     A3BF 8A   0C              ORA #$0c
    435  2     A3C1 C6   CC              LDB #$cc
    436  5+1   A3C3 ED   C8 B0           STD -80,U
    437  5+1   A3C6 EC   C8 D8           LDD -40,U
    438  5+2   A3C9 34   06              PSHS D
    439  2     A3CB 84   F0              ANDA #$F0
    440  2     A3CD 8A   0C              ORA #$0c
    441  2     A3CF C6   CC              LDB #$cc
    442  5+1   A3D1 ED   C8 D8           STD -40,U
    443  5+1   A3D4 EC   C8 B2           LDD -78,U
    444  5+2   A3D7 34   06              PSHS D
    445  2     A3D9 86   CC              LDA #$cc
    446  2     A3DB C4   0F              ANDB #$0F
    447  2     A3DD CA   C0              ORB #$c0
    448  5+1   A3DF ED   C8 B2           STD -78,U
    449  5+1   A3E2 EC   C8 DA           LDD -38,U
    450  5+2   A3E5 34   06              PSHS D
    451  2     A3E7 86   CC              LDA #$cc
    452  2     A3E9 C4   0F              ANDB #$0F
    453  2     A3EB CA   C0              ORB #$c0
    454  5+1   A3ED ED   C8 DA           STD -38,U
    455  5+4   A3F0 37   30              PULU X,Y
    456  5+6   A3F2 34   70              PSHS U,Y,X
    457  3     A3F4 CC   DDCC            LDD #$ddcc
    458  3     A3F7 8E   CCCC            LDX #$cccc
    459  5+4   A3FA 36   16              PSHU D,X
    460  4+1   A3FC 33   C8 28           LEAU 40,U
    461
    462  5+1   A3FF AE   C8 2A           LDX 42,U
    463  6+1   A402 10AE C8 52           LDY 82,U
    464  5+4   A406 34   30              PSHS Y,X
    465  5+1   A408 EC   C8 28           LDD 40,U
    466  5+2   A40B 34   06              PSHS D
    467  2     A40D 84   F0              ANDA #$F0
    468  2     A40F 8A   0D              ORA #$0d
    469  2     A411 C6   DD              LDB #$dd
    470  5+1   A413 ED   C8 28           STD 40,U
    471  5+1   A416 EC   C8 50           LDD 80,U
    472  5+2   A419 34   06              PSHS D
    473  2     A41B 84   F0              ANDA #$F0
    474  2     A41D 8A   0D              ORA #$0d
    475  2     A41F C6   DD              LDB #$dd
    476  5+1   A421 ED   C8 50           STD 80,U
    477  3     A424 CC   DDCC            LDD #$ddcc
    478  5+1   A427 ED   C8 2A           STD 42,U
    479  5+1   A42A ED   C8 52           STD 82,U
    480  5+4   A42D 37   30              PULU X,Y
    481  5+6   A42F 34   70              PSHS U,Y,X
    482  3     A431 8E   CCCC            LDX #$cccc
    483  5+4   A434 36   16              PSHU D,X
    484  4+1   A436 33   C8 79           LEAU 121,U
    485
    486  5+3   A439 37   12              PULU A,X
    487  5+5   A43B 34   52              PSHS U,X,A
    488  2     A43D 86   DD              LDA #$dd
    489  3     A43F 8E   76CC            LDX #$76cc
    490  5+3   A442 36   12              PSHU A,X
    491  4+1   A444 33   C8 28           LEAU 40,U
    492
    493  4+1   A447 A6   C8 7A           LDA 122,U
    494  5+1   A44A AE   C8 29           LDX 41,U
    495  6+1   A44D 10AE C8 51           LDY 81,U
    496  5+5   A451 34   32              PSHS Y,X,A
    497  4+1   A453 E7   C8 7A           STB 122,U
    498  3     A456 CC   D76C            LDD #$d76c
    499  5+1   A459 ED   C8 29           STD 41,U
    500  5+1   A45C ED   C8 51           STD 81,U
    501  5+1   A45F EC   C8 78           LDD 120,U
    502  5+2   A462 34   06              PSHS D
    503  2     A464 84   F0              ANDA #$F0
    504  2     A466 8A   0C              ORA #$0c
    505  2     A468 C6   D7              LDB #$d7
    506  5+1   A46A ED   C8 78           STD 120,U
    507  5+3   A46D 37   12              PULU A,X
    508  5+5   A46F 34   52              PSHS U,X,A
    509  2     A471 86   DD              LDA #$dd
    510  3     A473 8E   76CC            LDX #$76cc
    511  5+3   A476 36   12              PSHU A,X
    512  4+4   A478 33   C9 00C8         LEAU 200,U
    513
    514  5+1   A47C EC   C8 D8           LDD -40,U
    515  5+2   A47F 34   06              PSHS D
    516  2     A481 84   F0              ANDA #$F0
    517  2     A483 8A   0C              ORA #$0c
    518  2     A485 C6   D7              LDB #$d7
    519  5+1   A487 ED   C8 D8           STD -40,U
    520  4+1   A48A A6   C8 DA           LDA -38,U
    521  5+1   A48D 34   02              PSHS A
    522  2     A48F 86   CC              LDA #$cc
    523  4+1   A491 A7   C8 DA           STA -38,U
    524  5+3   A494 37   12              PULU A,X
    525  5+5   A496 34   52              PSHS U,X,A
    526  2     A498 86   CC              LDA #$cc
    527  3     A49A 8E   CCCC            LDX #$cccc
    528  5+3   A49D 36   12              PSHU A,X
    529  4+1   A49F 33   C8 28           LEAU 40,U
    530
    531  5+3   A4A2 37   12              PULU A,X
    532  5+5   A4A4 34   52              PSHS U,X,A
    533  2     A4A6 86   CC              LDA #$cc
    534  3     A4A8 8E   CCCC            LDX #$cccc
    535  5+3   A4AB 36   12              PSHU A,X
    536  4+1   A4AD 33   C8 27           LEAU 39,U
    537
    538  5+4   A4B0 37   30              PULU X,Y
    539  5+6   A4B2 34   70              PSHS U,Y,X
    540  3     A4B4 CC   DDCD            LDD #$ddcd
    541  3     A4B7 8E   CCCC            LDX #$cccc
    542  5+4   A4BA 36   16              PSHU D,X
    543  4+1   A4BC 33   C8 28           LEAU 40,U
    544
    545  5+4   A4BF 37   30              PULU X,Y
    546  5+6   A4C1 34   70              PSHS U,Y,X
    547  3     A4C3 8E   CCCC            LDX #$cccc
    548  5+4   A4C6 36   16              PSHU D,X
    549  4+1   A4C8 33   C8 28           LEAU 40,U
    550
    551  5+4   A4CB 37   30              PULU X,Y
    552  5+6   A4CD 34   70              PSHS U,Y,X
    553  3     A4CF 8E   C1C1            LDX #$c1c1
    554  5+4   A4D2 36   16              PSHU D,X
    555  4+1   A4D4 33   C8 28           LEAU 40,U
    556
    557  5+4   A4D7 37   30              PULU X,Y
    558  5+6   A4D9 34   70              PSHS U,Y,X
    559  3     A4DB 8E   C1C1            LDX #$c1c1
    560  5+4   A4DE 36   16              PSHU D,X
    561  4+1   A4E0 33   C8 28           LEAU 40,U
    562
    563  5+4   A4E3 37   30              PULU X,Y
    564  5+6   A4E5 34   70              PSHS U,Y,X
    565  3     A4E7 8E   CCC0            LDX #$ccc0
    566  5+4   A4EA 36   16              PSHU D,X
    567  4+1   A4EC 33   C8 28           LEAU 40,U
    568
    569  5+4   A4EF 37   30              PULU X,Y
    570  5+6   A4F1 34   70              PSHS U,Y,X
    571  3     A4F3 8E   CCC0            LDX #$ccc0
    572  5+4   A4F6 36   16              PSHU D,X
    573  4+1   A4F8 33   C8 29           LEAU 41,U
    574
    575  5+3   A4FB 37   12              PULU A,X
    576  5+5   A4FD 34   52              PSHS U,X,A
    577  2     A4FF 86   DD              LDA #$dd
    578  3     A501 8E   CCC0            LDX #$ccc0
    579  5+3   A504 36   12              PSHU A,X
    580  4+1   A506 33   C8 28           LEAU 40,U
    581
    582  5+3   A509 37   12              PULU A,X
    583  5+5   A50B 34   52              PSHS U,X,A
    584  2     A50D 86   DD              LDA #$dd
    585  3     A50F 8E   CCC0            LDX #$ccc0
    586  5+3   A512 36   12              PSHU A,X
    587  4+1   A514 33   C8 28           LEAU 40,U
    588
    589  5+3   A517 37   12              PULU A,X
    590  5+5   A519 34   52              PSHS U,X,A
    591  2     A51B 86   DD              LDA #$dd
    592  3     A51D 8E   CCC0            LDX #$ccc0
    593  5+3   A520 36   12              PSHU A,X
    594  4+1   A522 33   C8 28           LEAU 40,U
    595
    596  5+1   A525 EC   C8 28           LDD 40,U
    597  5+2   A528 34   06              PSHS D
    598  2     A52A 84   F0              ANDA #$F0
    599  2     A52C 8A   0C              ORA #$0c
    600  2     A52E C6   DC              LDB #$dc
    601  5+1   A530 ED   C8 28           STD 40,U
    602  5+1   A533 EC   C8 50           LDD 80,U
    603  5+2   A536 34   06              PSHS D
    604  2     A538 84   F0              ANDA #$F0
    605  2     A53A 8A   0C              ORA #$0c
    606  2     A53C C6   DC              LDB #$dc
    607  5+1   A53E ED   C8 50           STD 80,U
    608  4+1   A541 A6   C8 2A           LDA 42,U
    609  4+1   A544 E6   C8 52           LDB 82,U
    610  5+2   A547 34   06              PSHS B,A
    611  2     A549 86   CC              LDA #$cc
    612  4+1   A54B A7   C8 2A           STA 42,U
    613  4+1   A54E A7   C8 52           STA 82,U
    614  5+3   A551 37   12              PULU A,X
    615  5+5   A553 34   52              PSHS U,X,A
    616  2     A555 86   DD              LDA #$dd
    617  3     A557 8E   CCC0            LDX #$ccc0
    618  5+3   A55A 36   12              PSHU A,X
    619  4+1   A55C 33   C8 77           LEAU 119,U
    620
    621  5+4   A55F 37   30              PULU X,Y
    622  5+6   A561 34   70              PSHS U,Y,X
    623  3     A563 CC   CCCD            LDD #$cccd
    624  3     A566 8E   DD00            LDX #$dd00
    625  5+4   A569 36   16              PSHU D,X
    626  4+1   A56B 33   C8 28           LEAU 40,U
    627
    628  5+4   A56E 37   30              PULU X,Y
    629  5+6   A570 34   70              PSHS U,Y,X
    630  3     A572 8E   DD00            LDX #$dd00
    631  5+4   A575 36   16              PSHU D,X
    632  4+1   A577 33   C8 28           LEAU 40,U
    633
    634  5+4   A57A 37   30              PULU X,Y
    635  5+6   A57C 34   70              PSHS U,Y,X
    636  3     A57E CC   66DD            LDD #$66dd
    637  3     A581 8E   DD66            LDX #$dd66
    638  5+4   A584 36   16              PSHU D,X
    639  4+1   A586 33   C8 28           LEAU 40,U
    640
    641  5+4   A589 37   30              PULU X,Y
    642  5+6   A58B 34   70              PSHS U,Y,X
    643  3     A58D 8E   DD66            LDX #$dd66
    644  5+4   A590 36   16              PSHU D,X
    645  4+1   A592 33   C8 28           LEAU 40,U
    646
    647  5+4   A595 37   30              PULU X,Y
    648  5+6   A597 34   70              PSHS U,Y,X
    649  3     A599 CC   7760            LDD #$7760
    650  3     A59C 8E   DD66            LDX #$dd66
    651  5+4   A59F 36   16              PSHU D,X
    652  4+1   A5A1 33   C8 28           LEAU 40,U
    653
    654  5+4   A5A4 37   30              PULU X,Y
    655  5+6   A5A6 34   70              PSHS U,Y,X
    656  3     A5A8 8E   DD66            LDX #$dd66
    657  5+4   A5AB 36   16              PSHU D,X
    658  4+1   A5AD 33   C8 28           LEAU 40,U
    659
    660  5+4   A5B0 37   30              PULU X,Y
    661  5+6   A5B2 34   70              PSHS U,Y,X
    662  3     A5B4 CC   4000            LDD #$4000
    663  3     A5B7 8E   0D66            LDX #$0d66
    664  5+4   A5BA 36   16              PSHU D,X
    665  4+1   A5BC 33   C8 28           LEAU 40,U
    666
    667  5+4   A5BF 37   30              PULU X,Y
    668  5+6   A5C1 34   70              PSHS U,Y,X
    669  3     A5C3 8E   0D66            LDX #$0d66
    670  5+4   A5C6 36   16              PSHU D,X
    671  4+1   A5C8 33   C8 28           LEAU 40,U
    672
    673  5+4   A5CB 37   30              PULU X,Y
    674  5+6   A5CD 34   70              PSHS U,Y,X
    675  2     A5CF 86   70              LDA #$70
    676  3     A5D1 8E   1477            LDX #$1477
    677  5+4   A5D4 36   16              PSHU D,X
    678  4+1   A5D6 33   C8 28           LEAU 40,U
    679
    680  5+4   A5D9 37   30              PULU X,Y
    681  5+6   A5DB 34   70              PSHS U,Y,X
    682  3     A5DD 8E   1477            LDX #$1477
    683  5+4   A5E0 36   16              PSHU D,X
    684  4+1   A5E2 33   C8 28           LEAU 40,U
    685
    686  5+4   A5E5 37   30              PULU X,Y
    687  5+6   A5E7 34   70              PSHS U,Y,X
    688  2     A5E9 86   41              LDA #$41
    689  3     A5EB 8E   1222            LDX #$1222
    690  5+4   A5EE 36   16              PSHU D,X
    691  4+1   A5F0 33   C8 28           LEAU 40,U
    692
    693  5+4   A5F3 37   30              PULU X,Y
    694  5+6   A5F5 34   70              PSHS U,Y,X
    695  3     A5F7 8E   1222            LDX #$1222
    696  5+4   A5FA 36   16              PSHU D,X
    697  4+1   A5FC 33   C8 28           LEAU 40,U
    698
    699  5+4   A5FF 37   30              PULU X,Y
    700  5+6   A601 34   70              PSHS U,Y,X
    701  3     A603 CC   D111            LDD #$d111
    702  3     A606 8E   1222            LDX #$1222
    703  5+4   A609 36   16              PSHU D,X
    704  4+1   A60B 33   C8 28           LEAU 40,U
    705
    706  5+1   A60E AE   C8 28           LDX 40,U
    707  6+1   A611 10AE C8 50           LDY 80,U
    708  5+4   A615 34   30              PSHS Y,X
    709  2     A617 86   DD              LDA #$dd
    710  5+1   A619 ED   C8 28           STD 40,U
    711  5+1   A61C ED   C8 50           STD 80,U
    712  5+1   A61F EC   C8 2A           LDD 42,U
    713  5+2   A622 34   06              PSHS D
    714  2     A624 84   0F              ANDA #$0F
    715  2     A626 8A   70              ORA #$70
    716  2     A628 C6   11              LDB #$11
    717  5+1   A62A ED   C8 2A           STD 42,U
    718  5+1   A62D EC   C8 52           LDD 82,U
    719  5+2   A630 34   06              PSHS D
    720  2     A632 84   0F              ANDA #$0F
    721  2     A634 8A   70              ORA #$70
    722  2     A636 C6   11              LDB #$11
    723  5+1   A638 ED   C8 52           STD 82,U
    724  5+1   A63B EC   C8 7A           LDD 122,U
    725  5+2   A63E 34   06              PSHS D
    726  2     A640 84   0F              ANDA #$0F
    727  2     A642 8A   60              ORA #$60
    728  2     A644 C6   21              LDB #$21
    729  5+1   A646 ED   C8 7A           STD 122,U
    730  5+1   A649 AE   C8 78           LDX 120,U
    731  5+2   A64C 34   10              PSHS X
    732  3     A64E CC   DC77            LDD #$dc77
    733  5+1   A651 ED   C8 78           STD 120,U
    734  5+4   A654 37   16              PULU D,X
    735  5+6   A656 34   56              PSHS U,X,D
    736  3     A658 CC   D111            LDD #$d111
    737  3     A65B 8E   1222            LDX #$1222
    738  5+4   A65E 36   16              PSHU D,X
    739  4+4   A660 33   C9 00C8         LEAU 200,U
    740
    741  5+1   A664 AE   C8 D8           LDX -40,U
    742  5+2   A667 34   10              PSHS X
    743  3     A669 CC   DC77            LDD #$dc77
    744  5+1   A66C ED   C8 D8           STD -40,U
    745  5+1   A66F EC   C8 DA           LDD -38,U
    746  5+2   A672 34   06              PSHS D
    747  2     A674 84   0F              ANDA #$0F
    748  2     A676 8A   60              ORA #$60
    749  2     A678 C6   21              LDB #$21
    750  5+1   A67A ED   C8 DA           STD -38,U
    751  5+3   A67D 37   12              PULU A,X
    752  5+5   A67F 34   52              PSHS U,X,A
    753  2     A681 86   3C              LDA #$3c
    754  3     A683 8E   C77D            LDX #$c77d
    755  5+3   A686 36   12              PSHU A,X
    756  4+1   A688 33   C8 28           LEAU 40,U
    757
    758  5+3   A68B 37   12              PULU A,X
    759  5+5   A68D 34   52              PSHS U,X,A
    760  2     A68F 86   3C              LDA #$3c
    761  3     A691 8E   C77D            LDX #$c77d
    762  5+3   A694 36   12              PSHU A,X
    763  4+1   A696 33   C8 28           LEAU 40,U
    764
    765  5+3   A699 37   12              PULU A,X
    766  5+5   A69B 34   52              PSHS U,X,A
    767  2     A69D 86   CC              LDA #$cc
    768  3     A69F 8E   C7DD            LDX #$c7dd
    769  5+3   A6A2 36   12              PSHU A,X
    770  4+1   A6A4 33   C8 28           LEAU 40,U
    771
    772  5+1   A6A7 EC   C8 28           LDD 40,U
    773  5+2   A6AA 34   06              PSHS D
    774  2     A6AC 84   0F              ANDA #$0F
    775  2     A6AE 8A   C0              ORA #$c0
    776  2     A6B0 C6   CC              LDB #$cc
    777  5+1   A6B2 ED   C8 28           STD 40,U
    778  5+1   A6B5 EC   C8 50           LDD 80,U
    779  5+2   A6B8 34   06              PSHS D
    780  2     A6BA 84   0F              ANDA #$0F
    781  2     A6BC 8A   C0              ORA #$c0
    782  2     A6BE C6   CC              LDB #$cc
    783  5+1   A6C0 ED   C8 50           STD 80,U
    784  5+1   A6C3 AE   C8 2A           LDX 42,U
    785  6+1   A6C6 10AE C8 52           LDY 82,U
    786  5+4   A6CA 34   30              PSHS Y,X
    787  3     A6CC CC   3311            LDD #$3311
    788  5+1   A6CF ED   C8 2A           STD 42,U
    789  5+1   A6D2 ED   C8 52           STD 82,U
    790  4+1   A6D5 A6   C8 7B           LDA 123,U
    791  4+1   A6D8 E7   C8 7B           STB 123,U
    792  5+3   A6DB 37   14              PULU B,X
    793  5+6   A6DD 34   56              PSHS U,X,B,A
    794  2     A6DF 86   CC              LDA #$cc
    795  3     A6E1 8E   C7DD            LDX #$c7dd
    796  5+3   A6E4 36   12              PSHU A,X
    797  4+4   A6E6 33   C9 011B         LEAU 283,U
    798
    799  4+1   A6EA A6   C8 88           LDA -120,U
    800  4+1   A6ED E6   C8 50           LDB 80,U
    801  5+2   A6F0 34   06              PSHS B,A
    802  2     A6F2 86   11              LDA #$11
    803  4+1   A6F4 A7   C8 88           STA -120,U
    804  5+1   A6F7 EC   C8 AF           LDD -81,U
    805  5+2   A6FA 34   06              PSHS D
    806  2     A6FC 84   F0              ANDA #$F0
    807  2     A6FE 8A   03              ORA #$03
    808  2     A700 C6   14              LDB #$14
    809  5+1   A702 ED   C8 AF           STD -81,U
    810  5+1   A705 EC   C8 D7           LDD -41,U
    811  5+2   A708 34   06              PSHS D
    812  2     A70A 84   F0              ANDA #$F0
    813  2     A70C 8A   03              ORA #$03
    814  2     A70E C6   14              LDB #$14
    815  5+1   A710 ED   C8 D7           STD -41,U
    816  5+1   A713 EC   5F              LDD -1,U
    817  5+2   A715 34   06              PSHS D
    818  2     A717 84   F0              ANDA #$F0
    819  2     A719 8A   03              ORA #$03
    820  2     A71B C6   14              LDB #$14
    821  5+1   A71D ED   5F              STD -1,U
    822  5+1   A71F EC   C8 27           LDD 39,U
    823  5+2   A722 34   06              PSHS D
    824  2     A724 84   F0              ANDA #$F0
    825  2     A726 8A   03              ORA #$03
    826  2     A728 C6   14              LDB #$14
    827  5+1   A72A ED   C8 27           STD 39,U
    828  4+1   A72D A6   C8 78           LDA 120,U
    829  5+3   A730 34   42              PSHS U,A
    830  4+1   A732 E7   C8 50           STB 80,U
    831  4+1   A735 E7   C8 78           STB 120,U
    832  4+4   A738 33   C9 0117         LEAU 279,U
    833
    834  4+1   A73C A6   C8 29           LDA 41,U
    835  5+1   A73F 34   02              PSHS A
    836  2     A741 84   F0              ANDA #$F0
    837  2     A743 8A   03              ORA #$03
    838  4+1   A745 A7   C8 29           STA 41,U
    839  4+1   A748 A6   C8 51           LDA 81,U
    840  5+1   A74B 34   02              PSHS A
    841  2     A74D 84   F0              ANDA #$F0
    842  2     A74F 8A   03              ORA #$03
    843  4+1   A751 A7   C8 51           STA 81,U
    844  4+1   A754 A6   C8 B1           LDA -79,U
    845  4+1   A757 E6   C8 26           LDB 38,U
    846  5+2   A75A 34   06              PSHS B,A
    847  4+1   A75C A6   C8 4E           LDA 78,U
    848  4+1   A75F E6   C8 D9           LDB -39,U
    849  5+1   A762 AE   C8 76           LDX 118,U
    850  5+4   A765 34   16              PSHS X,B,A
    851  4+1   A767 A6   41              LDA 1,U
    852  4+1   A769 E6   C8 89           LDB -119,U
    853  5+4   A76C 34   46              PSHS U,B,A
    854  2     A76E 86   34              LDA #$34
    855  4+1   A770 A7   C8 89           STA -119,U
    856  4+1   A773 A7   C8 B1           STA -79,U
    857  4+1   A776 A7   C8 D9           STA -39,U
    858  4+1   A779 A7   41              STA 1,U
    859  3     A77B CC   4444            LDD #$4444
    860  5+1   A77E ED   C8 76           STD 118,U
    861  4+1   A781 A7   C8 26           STA 38,U
    862  4+1   A784 A7   C8 4E           STA 78,U
    863  4+4   A787 33   C9 00EF         LEAU 239,U
    864
    865  5+1   A78B AE   C8 AF           LDX -81,U
    866  6+1   A78E 10AE C8 D7           LDY -41,U
    867  5+4   A792 34   30              PSHS Y,X
    868  5+1   A794 EC   5F              LDD -1,U
    869  5+1   A796 AE   C8 27           LDX 39,U
    870  6+1   A799 10AE C8 4F           LDY 79,U
    871  5+6   A79D 34   36              PSHS Y,X,D
    872  3     A79F CC   4444            LDD #$4444
    873  5+1   A7A2 ED   C8 AF           STD -81,U
    874  5+1   A7A5 ED   C8 D7           STD -41,U
    875  5+1   A7A8 ED   5F              STD -1,U
    876  5+1   A7AA ED   C8 27           STD 39,U
    877  5+1   A7AD ED   C8 4F           STD 79,U
    878  4+1   A7B0 A6   C8 29           LDA 41,U
    879  5+1   A7B3 34   02              PSHS A
    880  2     A7B5 84   0F              ANDA #$0F
    881  2     A7B7 8A   40              ORA #$40
    882  4+1   A7B9 A7   C8 29           STA 41,U
    883  4+1   A7BC A6   C8 51           LDA 81,U
    884  5+3   A7BF 34   42              PSHS U,A
    885  2     A7C1 84   0F              ANDA #$0F
    886  2     A7C3 8A   40              ORA #$40
    887  4+1   A7C5 A7   C8 51           STA 81,U
    888  4+0   A7C8 33   E4              LEAU ,S
    889        A7CA               SSAV_Img_SegaSonic_12
    890  4     A7CA 10CE 0000            LDS #$0000
    891  5     A7CE 39                   RTS
    892
----------------
4633 cycle(s)
1999 byte(s)
----------------
    894

000000 Total Errors

000003 Total Symbols
     0x          Label A000 BCKDRAW_Img_SegaSonic_12
     1x          Label A3B1 DYN_POS
     1x          Label A7CA SSAV_Img_SegaSonic_12

