/*--------------------------------------------------------------*
 * Compilé avec C6809 v0.83                                     *
 *--------------------------------------------------------------*
 * Fichier source      : ./Sonic2/GeneratedCode/SEGA/Img_SegaSonic_13_XB0_Erase.ASM
 * Fichier destination : ./Sonic2/GeneratedCode/SEGA/Img_SegaSonic_13_XB0_Erase.BIN
 * Contenu :
 *     Main     0:IMGE.ASM     1524
 *--------------------------------------------------------------*/

Macro Pass
Pass1
Pass2
      2        A000                      ORG $A000
      3                  FF              SETDP $FF
      4        A000               ERASE_Img_SegaSonic_13
      5  6+5   A000 10EF 8D 0107         STS ERASE_SSAV_Img_SegaSonic_13+1,>>
      6
      7  4+0   A005 32   C4              LEAS ,U
      8        A007               ERASE_CODE_Img_SegaSonic_13_1
      9  5+3   A007 35   42              PULS A,U
     10  4+1   A009 A7   C8 14           STA 20,U
     11
     12  5+1   A00C 35   02              PULS A
     13  4+1   A00E A7   C8 EC           STA -20,U
     14
     15  5+3   A011 35   42              PULS A,U
     16  4+1   A013 A7   C8 78           STA 120,U
     17
     18  5+2   A016 35   06              PULS A,B
     19  4+1   A018 A7   C8 50           STA 80,U
     20  4+1   A01B E7   C8 D8           STB -40,U
     21
     22  5+2   A01E 35   06              PULS A,B
     23  4+1   A020 A7   C8 28           STA 40,U
     24  4+0   A023 E7   C4              STB ,U
     25
     26  5+2   A025 35   06              PULS A,B
     27  4+1   A027 A7   C8 88           STA -120,U
     28  4+1   A02A E7   C8 B0           STB -80,U
     29
     30  5+3   A02D 35   42              PULS A,U
     31  4+1   A02F A7   C8 78           STA 120,U
     32
     33  5+6   A032 35   36              PULS D,X,Y
     34  5+1   A034 ED   C8 50           STD 80,U
     35  5+1   A037 AF   C8 28           STX 40,U
     36  6+0   A03A 10AF C4              STY ,U
     37
     38  5+6   A03D 35   36              PULS D,X,Y
     39  5+1   A03F ED   C8 D8           STD -40,U
     40  5+1   A042 AF   C8 B0           STX -80,U
     41  6+1   A045 10AF C8 88           STY -120,U
     42
     43  5+4   A049 35   46              PULS D,U
     44  5+1   A04B ED   C8 78           STD 120,U
     45
     46  5+6   A04E 35   36              PULS D,X,Y
     47  5+1   A050 ED   C8 50           STD 80,U
     48  5+1   A053 AF   C8 28           STX 40,U
     49  6+0   A056 10AF C4              STY ,U
     50
     51  5+4   A059 35   16              PULS D,X
     52  5+1   A05B ED   C8 D8           STD -40,U
     53  5+1   A05E AF   C8 B0           STX -80,U
     54
     55  5+1   A061 35   02              PULS A
     56  4+1   A063 A7   C8 88           STA -120,U
     57
     58  5+3   A066 35   42              PULS A,U
     59  4+1   A068 A7   C8 D8           STA -40,U
     60
     61  5+2   A06B 35   06              PULS A,B
     62  4+0   A06D A7   C4              STA ,U
     63  4+1   A06F E7   C8 88           STB -120,U
     64
     65  5+2   A072 35   06              PULS A,B
     66  4+1   A074 A7   C8 B0           STA -80,U
     67  4+1   A077 E7   C8 78           STB 120,U
     68
     69  5+2   A07A 35   06              PULS A,B
     70  4+1   A07C A7   C8 28           STA 40,U
     71  4+1   A07F E7   C8 50           STB 80,U
     72
     73  5+4   A082 35   46              PULS A,B,U
     74  4+1   A084 A7   C8 EC           STA -20,U
     75  4+1   A087 E7   C8 14           STB 20,U
     76
     77  5+6   A08A 35   56              PULS A,B,X,U
     78  4+1   A08C A7   C8 50           STA 80,U
     79  4+1   A08F E7   C8 78           STB 120,U
     80  5+1   A092 AF   C8 88           STX -120,U
     81
     82  5+6   A095 35   36              PULS A,B,X,Y
     83  4+0   A097 A7   C4              STA ,U
     84  4+1   A099 E7   C8 28           STB 40,U
     85  5+1   A09C AF   C8 D8           STX -40,U
     86  6+1   A09F 10AF C8 B0           STY -80,U
     87
     88  5+4   A0A3 35   46              PULS D,U
     89  5+1   A0A5 ED   C8 78           STD 120,U
     90
     91  5+6   A0A8 35   36              PULS D,X,Y
     92  5+1   A0AA ED   C8 28           STD 40,U
     93  5+1   A0AD AF   C8 50           STX 80,U
     94  6+0   A0B0 10AF C4              STY ,U
     95
     96  5+6   A0B3 35   36              PULS D,X,Y
     97  5+1   A0B5 ED   C8 D8           STD -40,U
     98  5+1   A0B8 AF   C8 B0           STX -80,U
     99  6+1   A0BB 10AF C8 88           STY -120,U
    100
    101  5+6   A0BF 35   56              PULS D,X,U
    102  5+1   A0C1 ED   C8 28           STD 40,U
    103  5+1   A0C4 AF   C8 D8           STX -40,U
    104
    105  5+6   A0C7 35   36              PULS D,X,Y
    106  5+1   A0C9 ED   C8 50           STD 80,U
    107  5+1   A0CC AF   C8 B0           STX -80,U
    108  6+0   A0CF 10AF C4              STY ,U
    109
    110  5+4   A0D2 35   16              PULS D,X
    111  5+1   A0D4 ED   C8 88           STD -120,U
    112  5+1   A0D7 AF   C8 78           STX 120,U
    113
    114  5+8   A0DA 35   76              PULS D,X,Y,U
    115  5+1   A0DC ED   C8 28           STD 40,U
    116  5+1   A0DF AF   C8 50           STX 80,U
    117  6+1   A0E2 10AF C8 78           STY 120,U
    118
    119  5+6   A0E6 35   36              PULS D,X,Y
    120  5+1   A0E8 ED   C8 D8           STD -40,U
    121  5+0   A0EB AF   C4              STX ,U
    122  6+1   A0ED 10AF C8 B0           STY -80,U
    123
    124  5+2   A0F1 35   06              PULS D
    125  5+1   A0F3 ED   C8 88           STD -120,U
    126
    127  5+3   A0F6 35   42              PULS A,U
    128  4+1   A0F8 A7   C8 3C           STA 60,U
    129
    130  5+2   A0FB 35   06              PULS A,B
    131  4+1   A0FD A7   C8 14           STA 20,U
    132  4+1   A100 E7   C8 C4           STB -60,U
    133
    134  5+1   A103 35   02              PULS A
    135  4+1   A105 A7   C8 EC           STA -20,U
    136
    137  4+0   A108 33   E4              LEAU ,S
    138        A10A               ERASE_SSAV_Img_SegaSonic_13
    139  4     A10A 10CE 0000            LDS #$0000
    140  5     A10E 39                   RTS
    141
----------------
667 cycle(s)
271 byte(s)
----------------
    143
    144                  007A     DataSize equ $007A

000000 Total Errors

000004 Total Symbols
     0x          Equ   007A DataSize
     0x          Label A007 ERASE_CODE_Img_SegaSonic_13_1
     0x          Label A000 ERASE_Img_SegaSonic_13
     1x          Label A10A ERASE_SSAV_Img_SegaSonic_13

