/*--------------------------------------------------------------*
 * Compilé avec C6809 v0.83                                     *
 *--------------------------------------------------------------*
 * Fichier source      : ./Sonic2/GeneratedCode/SEGA/Img_SegaSonic_41_NB0_Erase.ASM
 * Fichier destination : ./Sonic2/GeneratedCode/SEGA/Img_SegaSonic_41_NB0_Erase.BIN
 * Contenu :
 *     Main     0:IMGE.ASM     2443
 *--------------------------------------------------------------*/

Macro Pass
Pass1
Pass2
      2        A000                      ORG $A000
      3                  FF              SETDP $FF
      4        A000               ERASE_Img_SegaSonic_41
      5  6+5   A000 10EF 8D 01B7         STS ERASE_SSAV_Img_SegaSonic_41+1,>>
      6
      7  4+0   A005 32   C4              LEAS ,U
      8        A007               ERASE_CODE_Img_SegaSonic_41_1
      9  5+3   A007 35   42              PULS A,U
     10  4+1   A009 A7   C8 78           STA 120,U
     11
     12  5+2   A00C 35   06              PULS A,B
     13  4+1   A00E A7   C8 28           STA 40,U
     14  4+1   A011 E7   C8 50           STB 80,U
     15
     16  5+2   A014 35   06              PULS A,B
     17  4+1   A016 A7   C8 D8           STA -40,U
     18  4+0   A019 E7   C4              STB ,U
     19
     20  5+2   A01B 35   06              PULS A,B
     21  4+1   A01D A7   C8 88           STA -120,U
     22  4+1   A020 E7   C8 B0           STB -80,U
     23
     24  5+3   A023 35   42              PULS A,U
     25  4+1   A025 A7   C8 50           STA 80,U
     26
     27  5+2   A028 35   06              PULS A,B
     28  4+1   A02A A7   C8 28           STA 40,U
     29  4+0   A02D E7   C4              STB ,U
     30
     31  5+2   A02F 35   06              PULS A,B
     32  4+1   A031 A7   C8 D8           STA -40,U
     33  4+1   A034 E7   C8 B0           STB -80,U
     34
     35  5+2   A037 35   06              PULS A,B
     36  4+1   A039 A7   C8 78           STA 120,U
     37  4+1   A03C E7   C8 88           STB -120,U
     38
     39  5+3   A03F 35   42              PULS A,U
     40  4+0   A041 A7   C4              STA ,U
     41
     42  5+3   A043 35   42              PULS A,U
     43  4+0   A045 A7   C4              STA ,U
     44
     45  5+2   A047 35   06              PULS A,B
     46  4+1   A049 A7   C8 50           STA 80,U
     47  4+1   A04C E7   C8 78           STB 120,U
     48
     49  5+2   A04F 35   06              PULS A,B
     50  4+1   A051 A7   C8 28           STA 40,U
     51  4+1   A054 E7   C8 D8           STB -40,U
     52
     53  5+2   A057 35   06              PULS A,B
     54  4+1   A059 A7   C8 B0           STA -80,U
     55  4+1   A05C E7   C8 88           STB -120,U
     56
     57  5+6   A05F 35   56              PULS D,X,U
     58  5+1   A061 ED   C8 D8           STD -40,U
     59  5+0   A064 AF   C4              STX ,U
     60
     61  5+6   A066 35   36              PULS D,X,Y
     62  5+1   A068 ED   C8 B0           STD -80,U
     63  5+1   A06B AF   C8 50           STX 80,U
     64  6+1   A06E 10AF C8 28           STY 40,U
     65
     66  5+4   A072 35   16              PULS D,X
     67  5+1   A074 ED   C8 88           STD -120,U
     68  5+1   A077 AF   C8 78           STX 120,U
     69
     70  5+6   A07A 35   56              PULS D,X,U
     71  5+1   A07C ED   C8 D8           STD -40,U
     72  5+1   A07F AF   C8 28           STX 40,U
     73
     74  5+6   A082 35   36              PULS D,X,Y
     75  5+1   A084 ED   C8 78           STD 120,U
     76  5+1   A087 AF   C8 50           STX 80,U
     77  6+0   A08A 10AF C4              STY ,U
     78
     79  5+4   A08D 35   16              PULS D,X
     80  5+1   A08F ED   C8 88           STD -120,U
     81  5+1   A092 AF   C8 B0           STX -80,U
     82
     83  5+6   A095 35   56              PULS D,X,U
     84  5+1   A097 ED   C8 50           STD 80,U
     85  5+1   A09A AF   C8 78           STX 120,U
     86
     87  5+6   A09D 35   36              PULS D,X,Y
     88  5+1   A09F ED   C8 28           STD 40,U
     89  5+0   A0A2 AF   C4              STX ,U
     90  6+1   A0A4 10AF C8 D8           STY -40,U
     91
     92  5+4   A0A8 35   16              PULS D,X
     93  5+1   A0AA ED   C8 B0           STD -80,U
     94  5+1   A0AD AF   C8 88           STX -120,U
     95
     96  5+3   A0B0 35   42              PULS A,U
     97  4+1   A0B2 A7   C8 B0           STA -80,U
     98
     99  5+5   A0B5 35   32              PULS A,X,Y
    100  4+1   A0B7 A7   C8 88           STA -120,U
    101  5+1   A0BA AF   C8 77           STX 119,U
    102  6+1   A0BD 10AF C8 4F           STY 79,U
    103
    104  5+6   A0C1 35   36              PULS D,X,Y
    105  5+1   A0C3 ED   C8 27           STD 39,U
    106  5+1   A0C6 AF   5F              STX -1,U
    107  6+1   A0C8 10AF C8 D7           STY -41,U
    108
    109  5+4   A0CC 35   46              PULS A,B,U
    110  4+1   A0CE A7   C8 3C           STA 60,U
    111  4+1   A0D1 E7   C8 64           STB 100,U
    112
    113  5+2   A0D4 35   06              PULS A,B
    114  4+1   A0D6 A7   C8 EC           STA -20,U
    115  4+1   A0D9 E7   C8 14           STB 20,U
    116
    117  5+2   A0DC 35   06              PULS A,B
    118  4+1   A0DE A7   C8 9C           STA -100,U
    119  4+1   A0E1 E7   C8 C4           STB -60,U
    120
    121  5+4   A0E4 35   46              PULS D,U
    122  5+1   A0E6 ED   C8 77           STD 119,U
    123
    124  5+2   A0E9 35   06              PULS D
    125  5+1   A0EB ED   C8 4F           STD 79,U
    126
    127  5+5   A0EE 35   32              PULS A,X,Y
    128  4+1   A0F0 A7   C8 88           STA -120,U
    129  5+1   A0F3 AF   C8 27           STX 39,U
    130  6+1   A0F6 10AF 5F              STY -1,U
    131
    132  5+4   A0F9 35   16              PULS D,X
    133  5+1   A0FB ED   C8 D7           STD -41,U
    134  5+1   A0FE AF   C8 AF           STX -81,U
    135
    136  5+3   A101 35   42              PULS A,U
    137  4+1   A103 A7   C8 50           STA 80,U
    138
    139  5+2   A106 35   06              PULS A,B
    140  4+1   A108 A7   C8 28           STA 40,U
    141  4+0   A10B E7   C4              STB ,U
    142
    143  5+2   A10D 35   06              PULS A,B
    144  4+1   A10F A7   C8 D8           STA -40,U
    145  4+1   A112 E7   C8 B0           STB -80,U
    146
    147  5+2   A115 35   06              PULS A,B
    148  4+1   A117 A7   C8 78           STA 120,U
    149  4+1   A11A E7   C8 88           STB -120,U
    150
    151  5+3   A11D 35   42              PULS A,U
    152  4+1   A11F A7   C8 50           STA 80,U
    153
    154  5+2   A122 35   06              PULS A,B
    155  4+1   A124 A7   C8 28           STA 40,U
    156  4+0   A127 E7   C4              STB ,U
    157
    158  5+2   A129 35   06              PULS A,B
    159  4+1   A12B A7   C8 B0           STA -80,U
    160  4+1   A12E E7   C8 D8           STB -40,U
    161
    162  5+6   A131 35   56              PULS D,X,U
    163  5+1   A133 ED   C8 D8           STD -40,U
    164  5+0   A136 AF   C4              STX ,U
    165
    166  5+5   A138 35   32              PULS A,X,Y
    167  4+1   A13A A7   C8 78           STA 120,U
    168  5+1   A13D AF   C8 88           STX -120,U
    169  6+1   A140 10AF C8 B0           STY -80,U
    170
    171  5+4   A144 35   16              PULS D,X
    172  5+1   A146 ED   C8 50           STD 80,U
    173  5+1   A149 AF   C8 28           STX 40,U
    174
    175  5+6   A14C 35   56              PULS D,X,U
    176  5+1   A14E ED   C8 D8           STD -40,U
    177  5+1   A151 AF   C8 28           STX 40,U
    178
    179  5+6   A154 35   36              PULS D,X,Y
    180  5+1   A156 ED   C8 50           STD 80,U
    181  5+0   A159 AF   C4              STX ,U
    182  6+1   A15B 10AF C8 78           STY 120,U
    183
    184  5+4   A15F 35   16              PULS D,X
    185  5+1   A161 ED   C8 88           STD -120,U
    186  5+1   A164 AF   C8 B0           STX -80,U
    187
    188  5+6   A167 35   56              PULS D,X,U
    189  5+1   A169 ED   C8 50           STD 80,U
    190  5+1   A16C AF   C8 78           STX 120,U
    191
    192  5+6   A16F 35   36              PULS D,X,Y
    193  5+1   A171 ED   C8 D8           STD -40,U
    194  5+0   A174 AF   C4              STX ,U
    195  6+1   A176 10AF C8 28           STY 40,U
    196
    197  5+4   A17A 35   16              PULS D,X
    198  5+1   A17C ED   C8 88           STD -120,U
    199  5+1   A17F AF   C8 B0           STX -80,U
    200
    201  5+6   A182 35   56              PULS D,X,U
    202  5+1   A184 ED   C8 50           STD 80,U
    203  5+1   A187 AF   C8 78           STX 120,U
    204
    205  5+6   A18A 35   36              PULS D,X,Y
    206  5+1   A18C ED   C8 D8           STD -40,U
    207  5+0   A18F AF   C4              STX ,U
    208  6+1   A191 10AF C8 28           STY 40,U
    209
    210  5+4   A195 35   16              PULS D,X
    211  5+1   A197 ED   C8 88           STD -120,U
    212  5+1   A19A AF   C8 B0           STX -80,U
    213
    214  5+4   A19D 35   46              PULS D,U
    215  5+1   A19F ED   C8 78           STD 120,U
    216
    217  5+4   A1A2 35   16              PULS D,X
    218  5+0   A1A4 ED   C4              STD ,U
    219  5+1   A1A6 AF   C8 D8           STX -40,U
    220
    221  5+6   A1A9 35   36              PULS A,B,X,Y
    222  4+1   A1AB A7   C8 88           STA -120,U
    223  4+1   A1AE E7   C8 B0           STB -80,U
    224  5+1   A1B1 AF   C8 28           STX 40,U
    225  6+1   A1B4 10AF C8 50           STY 80,U
    226
    227  4+0   A1B8 33   E4              LEAU ,S
    228        A1BA               ERASE_SSAV_Img_SegaSonic_41
    229  4     A1BA 10CE 0000            LDS #$0000
    230  5     A1BE 39                   RTS
    231
----------------
1117 cycle(s)
447 byte(s)
----------------
    233
    234                  00D0     DataSize equ $00D0

000000 Total Errors

000004 Total Symbols
     0x          Equ   00D0 DataSize
     0x          Label A007 ERASE_CODE_Img_SegaSonic_41_1
     0x          Label A000 ERASE_Img_SegaSonic_41
     1x          Label A1BA ERASE_SSAV_Img_SegaSonic_41

