/*--------------------------------------------------------------*
 * Compilé avec C6809 v0.83                                     *
 *--------------------------------------------------------------*
 * Fichier source      : ./Sonic2/GeneratedCode/SEGA/Img_SegaSonic_41_NB0.ASM
 * Fichier destination : ./Sonic2/GeneratedCode/SEGA/Img_SegaSonic_41_NB0.BIN
 * Contenu :
 *     Main     0:IMGD.ASM     5707
 *--------------------------------------------------------------*/

Macro Pass
Pass1
Pass2
      2        A000                      ORG $A000
      3                  FF              SETDP $FF
      4        A000               BCKDRAW_Img_SegaSonic_41
      5  6+5   A000 10EF 8D 0473         STS SSAV_Img_SegaSonic_41+1,PCR
      6
      7  5+5   A005 ED   8D 025D         STD DYN_POS+1,PCR
      8  4+0   A009 32   C4              LEAS ,U
      9  5+0   A00B EE   A4              LDU ,Y
     10  4+4   A00D 33   C9 FC42         LEAU -958,U
     11
     12  4+1   A011 A6   C8 88           LDA -120,U
     13  4+1   A014 E6   C8 B0           LDB -80,U
     14  5+1   A017 AE   C8 28           LDX 40,U
     15  6+1   A01A 10AE C8 50           LDY 80,U
     16  5+6   A01E 34   36              PSHS Y,X,B,A
     17  5+1   A020 EC   C8 D8           LDD -40,U
     18  5+2   A023 34   06              PSHS D
     19  2     A025 86   CC              LDA #$cc
     20  2     A027 C4   F0              ANDB #$F0
     21  2     A029 CA   0D              ORB #$0d
     22  5+1   A02B ED   C8 D8           STD -40,U
     23  5+0   A02E EC   C4              LDD ,U
     24  5+2   A030 34   06              PSHS D
     25  2     A032 86   CC              LDA #$cc
     26  2     A034 C4   F0              ANDB #$F0
     27  2     A036 CA   0D              ORB #$0d
     28  5+0   A038 ED   C4              STD ,U
     29  4+1   A03A A7   C8 88           STA -120,U
     30  4+1   A03D A7   C8 B0           STA -80,U
     31  3     A040 CC   CCCD            LDD #$cccd
     32  5+1   A043 ED   C8 28           STD 40,U
     33  5+1   A046 ED   C8 50           STD 80,U
     34  5+1   A049 AE   C8 78           LDX 120,U
     35  5+4   A04C 34   50              PSHS U,X
     36  2     A04E C6   CC              LDB #$cc
     37  5+1   A050 ED   C8 78           STD 120,U
     38  4+4   A053 33   C9 0118         LEAU 280,U
     39
     40  5+1   A057 AE   C8 88           LDX -120,U
     41  6+1   A05A 10AE C8 B0           LDY -80,U
     42  5+4   A05E 34   30              PSHS Y,X
     43  5+1   A060 EC   C8 D8           LDD -40,U
     44  5+0   A063 AE   C4              LDX ,U
     45  6+1   A065 10AE C8 28           LDY 40,U
     46  5+6   A069 34   36              PSHS Y,X,D
     47  5+1   A06B EC   C8 50           LDD 80,U
     48  5+1   A06E AE   C8 78           LDX 120,U
     49  5+6   A071 34   56              PSHS U,X,D
     50  3     A073 CC   CCCC            LDD #$cccc
     51  5+1   A076 ED   C8 88           STD -120,U
     52  5+1   A079 ED   C8 B0           STD -80,U
     53  5+1   A07C ED   C8 D8           STD -40,U
     54  5+0   A07F ED   C4              STD ,U
     55  5+1   A081 ED   C8 28           STD 40,U
     56  2     A084 86   11              LDA #$11
     57  5+1   A086 ED   C8 50           STD 80,U
     58  5+1   A089 ED   C8 78           STD 120,U
     59  4+4   A08C 33   C9 0118         LEAU 280,U
     60
     61  5+1   A090 AE   C8 88           LDX -120,U
     62  6+1   A093 10AE C8 B0           LDY -80,U
     63  5+4   A097 34   30              PSHS Y,X
     64  5+1   A099 EC   C8 D8           LDD -40,U
     65  5+0   A09C AE   C4              LDX ,U
     66  6+1   A09E 10AE C8 28           LDY 40,U
     67  5+6   A0A2 34   36              PSHS Y,X,D
     68  5+1   A0A4 EC   C8 50           LDD 80,U
     69  5+1   A0A7 AE   C8 78           LDX 120,U
     70  5+6   A0AA 34   56              PSHS U,X,D
     71  3     A0AC CC   00CC            LDD #$00cc
     72  5+1   A0AF ED   C8 88           STD -120,U
     73  5+1   A0B2 ED   C8 B0           STD -80,U
     74  5+1   A0B5 ED   C8 D8           STD -40,U
     75  5+0   A0B8 ED   C4              STD ,U
     76  2     A0BA C6   3C              LDB #$3c
     77  5+1   A0BC ED   C8 28           STD 40,U
     78  5+1   A0BF ED   C8 50           STD 80,U
     79  5+1   A0C2 ED   C8 78           STD 120,U
     80  4+4   A0C5 33   C9 0118         LEAU 280,U
     81
     82  5+1   A0C9 AE   C8 88           LDX -120,U
     83  5+1   A0CC ED   C8 88           STD -120,U
     84  6+1   A0CF 10AE C8 28           LDY 40,U
     85  5+4   A0D3 34   30              PSHS Y,X
     86  5+1   A0D5 EC   C8 D8           LDD -40,U
     87  5+1   A0D8 AE   C8 50           LDX 80,U
     88  6+1   A0DB 10AE C8 B0           LDY -80,U
     89  5+6   A0DF 34   36              PSHS Y,X,D
     90  5+1   A0E1 EC   C8 78           LDD 120,U
     91  5+0   A0E4 AE   C4              LDX ,U
     92  5+6   A0E6 34   56              PSHS U,X,D
     93  3     A0E8 CC   0030            LDD #$0030
     94  5+1   A0EB ED   C8 B0           STD -80,U
     95  5+1   A0EE ED   C8 D8           STD -40,U
     96  2     A0F1 C6   63              LDB #$63
     97  5+1   A0F3 ED   C8 50           STD 80,U
     98  5+1   A0F6 ED   C8 78           STD 120,U
     99  3     A0F9 CC   C001            LDD #$c001
    100  5+0   A0FC ED   C4              STD ,U
    101  5+1   A0FE ED   C8 28           STD 40,U
    102  4+4   A101 33   C9 0118         LEAU 280,U
    103
    104  5+1   A105 EC   C8 28           LDD 40,U
    105  5+2   A108 34   06              PSHS D
    106  2     A10A 86   77              LDA #$77
    107  2     A10C C4   0F              ANDB #$0F
    108  2     A10E CA   40              ORB #$40
    109  5+1   A110 ED   C8 28           STD 40,U
    110  5+1   A113 EC   C8 50           LDD 80,U
    111  5+2   A116 34   06              PSHS D
    112  2     A118 86   77              LDA #$77
    113  2     A11A C4   0F              ANDB #$0F
    114  2     A11C CA   40              ORB #$40
    115  5+1   A11E ED   C8 50           STD 80,U
    116  4+1   A121 A6   C8 78           LDA 120,U
    117  5+1   A124 AE   C8 88           LDX -120,U
    118  6+1   A127 10AE C8 B0           LDY -80,U
    119  5+5   A12B 34   32              PSHS Y,X,A
    120  5+1   A12D EC   C8 D8           LDD -40,U
    121  5+0   A130 AE   C4              LDX ,U
    122  5+6   A132 34   56              PSHS U,X,D
    123  3     A134 CC   6666            LDD #$6666
    124  5+1   A137 ED   C8 88           STD -120,U
    125  5+1   A13A ED   C8 B0           STD -80,U
    126  2     A13D C6   74              LDB #$74
    127  5+1   A13F ED   C8 D8           STD -40,U
    128  5+0   A142 ED   C4              STD ,U
    129  2     A144 86   24              LDA #$24
    130  4+1   A146 A7   C8 78           STA 120,U
    131  4+4   A149 33   C9 00F0         LEAU 240,U
    132
    133  4+1   A14D A6   C8 B0           LDA -80,U
    134  4+1   A150 E6   C8 D8           LDB -40,U
    135  5+2   A153 34   06              PSHS B,A
    136  2     A155 C4   0F              ANDB #$0F
    137  2     A157 CA   10              ORB #$10
    138  4+1   A159 E7   C8 D8           STB -40,U
    139  4+0   A15C A6   C4              LDA ,U
    140  5+1   A15E 34   02              PSHS A
    141  2     A160 84   0F              ANDA #$0F
    142  2     A162 8A   10              ORA #$10
    143  4+0   A164 A7   C4              STA ,U
    144  4+1   A166 A6   C8 28           LDA 40,U
    145  5+1   A169 34   02              PSHS A
    146  2     A16B 84   0F              ANDA #$0F
    147  2     A16D 8A   10              ORA #$10
    148  4+1   A16F A7   C8 28           STA 40,U
    149  4+1   A172 A6   C8 50           LDA 80,U
    150  5+3   A175 34   42              PSHS U,A
    151  2     A177 84   0F              ANDA #$0F
    152  2     A179 8A   10              ORA #$10
    153  4+1   A17B A7   C8 50           STA 80,U
    154  2     A17E 86   24              LDA #$24
    155  4+1   A180 A7   C8 B0           STA -80,U
    156  4+4   A183 33   C9 0191         LEAU 401,U
    157
    158  4+1   A187 A6   C8 78           LDA 120,U
    159  4+1   A18A E6   C8 88           LDB -120,U
    160  5+2   A18D 34   06              PSHS B,A
    161  2     A18F C4   F0              ANDB #$F0
    162  2     A191 CA   04              ORB #$04
    163  4+1   A193 E7   C8 88           STB -120,U
    164  4+1   A196 A6   C8 B0           LDA -80,U
    165  5+1   A199 34   02              PSHS A
    166  2     A19B 84   F0              ANDA #$F0
    167  2     A19D 8A   04              ORA #$04
    168  4+1   A19F A7   C8 B0           STA -80,U
    169  4+1   A1A2 A6   C8 D8           LDA -40,U
    170  5+1   A1A5 34   02              PSHS A
    171  2     A1A7 84   F0              ANDA #$F0
    172  2     A1A9 8A   04              ORA #$04
    173  4+1   A1AB A7   C8 D8           STA -40,U
    174  4+0   A1AE A6   C4              LDA ,U
    175  5+1   A1B0 34   02              PSHS A
    176  2     A1B2 84   F0              ANDA #$F0
    177  2     A1B4 8A   04              ORA #$04
    178  4+0   A1B6 A7   C4              STA ,U
    179  4+1   A1B8 A6   C8 28           LDA 40,U
    180  5+1   A1BB 34   02              PSHS A
    181  2     A1BD 84   F0              ANDA #$F0
    182  2     A1BF 8A   04              ORA #$04
    183  4+1   A1C1 A7   C8 28           STA 40,U
    184  4+1   A1C4 A6   C8 50           LDA 80,U
    185  5+3   A1C7 34   42              PSHS U,A
    186  2     A1C9 84   F0              ANDA #$F0
    187  2     A1CB 8A   04              ORA #$04
    188  4+1   A1CD A7   C8 50           STA 80,U
    189  2     A1D0 86   44              LDA #$44
    190  4+1   A1D2 A7   C8 78           STA 120,U
    191  4+4   A1D5 33   C9 0118         LEAU 280,U
    192
    193  5+1   A1D9 EC   C8 AF           LDD -81,U
    194  5+2   A1DC 34   06              PSHS D
    195  2     A1DE 84   F0              ANDA #$F0
    196  2     A1E0 8A   04              ORA #$04
    197  2     A1E2 C6   44              LDB #$44
    198  5+1   A1E4 ED   C8 AF           STD -81,U
    199  5+1   A1E7 EC   C8 D7           LDD -41,U
    200  5+2   A1EA 34   06              PSHS D
    201  2     A1EC 84   F0              ANDA #$F0
    202  2     A1EE 8A   04              ORA #$04
    203  2     A1F0 C6   44              LDB #$44
    204  5+1   A1F2 ED   C8 D7           STD -41,U
    205  5+1   A1F5 EC   5F              LDD -1,U
    206  5+2   A1F7 34   06              PSHS D
    207  2     A1F9 84   F0              ANDA #$F0
    208  2     A1FB C4   0F              ANDB #$0F
    209  4     A1FD C3   0440            ADDD #$0440
    210  5+1   A200 ED   5F              STD -1,U
    211  5+1   A202 EC   C8 27           LDD 39,U
    212  5+2   A205 34   06              PSHS D
    213  2     A207 84   F0              ANDA #$F0
    214  2     A209 C4   0F              ANDB #$0F
    215  4     A20B C3   0440            ADDD #$0440
    216  5+1   A20E ED   C8 27           STD 39,U
    217  4+1   A211 A6   C8 88           LDA -120,U
    218  5+1   A214 34   02              PSHS A
    219  5+1   A216 EC   C8 4F           LDD 79,U
    220  5+2   A219 34   06              PSHS D
    221  2     A21B 86   44              LDA #$44
    222  2     A21D C4   0F              ANDB #$0F
    223  2     A21F CA   40              ORB #$40
    224  5+1   A221 ED   C8 4F           STD 79,U
    225  5+1   A224 EC   C8 77           LDD 119,U
    226  5+4   A227 34   46              PSHS U,D
    227  2     A229 86   44              LDA #$44
    228  2     A22B C4   0F              ANDB #$0F
    229  2     A22D CA   40              ORB #$40
    230  5+1   A22F ED   C8 77           STD 119,U
    231  4+1   A232 A7   C8 88           STA -120,U
    232  4+4   A235 33   C9 0103         LEAU 259,U
    233
    234  4+1   A239 A6   C8 9C           LDA -100,U
    235  4+1   A23C E6   C8 C4           LDB -60,U
    236  5+2   A23F 34   06              PSHS B,A
    237  4+1   A241 A6   C8 EC           LDA -20,U
    238  4+1   A244 E6   C8 14           LDB 20,U
    239  5+2   A247 34   06              PSHS B,A
    240  4+1   A249 A6   C8 3C           LDA 60,U
    241  4+1   A24C E6   C8 64           LDB 100,U
    242  5+4   A24F 34   46              PSHS U,B,A
    243  2     A251 86   44              LDA #$44
    244  4+1   A253 A7   C8 9C           STA -100,U
    245  4+1   A256 A7   C8 C4           STA -60,U
    246  4+1   A259 A7   C8 EC           STA -20,U
    247  4+1   A25C A7   C8 14           STA 20,U
    248  4+1   A25F A7   C8 3C           STA 60,U
    249  4+1   A262 A7   C8 64           STA 100,U
    250        A265               DYN_POS
    251
    252  3     A265 CE   0000            LDU #$0000
    253  4+4   A268 33   C9 FC43         LEAU -957,U
    254
    255  5+1   A26C EC   C8 D7           LDD -41,U
    256  5+2   A26F 34   06              PSHS D
    257  2     A271 86   CC              LDA #$cc
    258  2     A273 C4   0F              ANDB #$0F
    259  2     A275 CA   D0              ORB #$d0
    260  5+1   A277 ED   C8 D7           STD -41,U
    261  5+1   A27A EC   5F              LDD -1,U
    262  5+2   A27C 34   06              PSHS D
    263  2     A27E 86   CC              LDA #$cc
    264  2     A280 C4   0F              ANDB #$0F
    265  2     A282 CA   D0              ORB #$d0
    266  5+1   A284 ED   5F              STD -1,U
    267  5+1   A286 EC   C8 27           LDD 39,U
    268  5+2   A289 34   06              PSHS D
    269  2     A28B 86   CC              LDA #$cc
    270  2     A28D C4   0F              ANDB #$0F
    271  2     A28F CA   D0              ORB #$d0
    272  5+1   A291 ED   C8 27           STD 39,U
    273  5+1   A294 EC   C8 4F           LDD 79,U
    274  5+2   A297 34   06              PSHS D
    275  2     A299 86   CC              LDA #$cc
    276  2     A29B C4   0F              ANDB #$0F
    277  2     A29D CA   D0              ORB #$d0
    278  5+1   A29F ED   C8 4F           STD 79,U
    279  5+1   A2A2 EC   C8 77           LDD 119,U
    280  5+2   A2A5 34   06              PSHS D
    281  2     A2A7 86   CC              LDA #$cc
    282  2     A2A9 C4   0F              ANDB #$0F
    283  2     A2AB CA   D0              ORB #$d0
    284  5+1   A2AD ED   C8 77           STD 119,U
    285  4+1   A2B0 A6   C8 88           LDA -120,U
    286  5+1   A2B3 34   02              PSHS A
    287  2     A2B5 84   0F              ANDA #$0F
    288  2     A2B7 8A   D0              ORA #$d0
    289  4+1   A2B9 A7   C8 88           STA -120,U
    290  4+1   A2BC A6   C8 B0           LDA -80,U
    291  5+3   A2BF 34   42              PSHS U,A
    292  2     A2C1 84   0F              ANDA #$0F
    293  2     A2C3 8A   D0              ORA #$d0
    294  4+1   A2C5 A7   C8 B0           STA -80,U
    295  4+4   A2C8 33   C9 0117         LEAU 279,U
    296
    297  5+1   A2CC EC   C8 88           LDD -120,U
    298  5+2   A2CF 34   06              PSHS D
    299  2     A2D1 86   CC              LDA #$cc
    300  2     A2D3 C4   0F              ANDB #$0F
    301  2     A2D5 CA   D0              ORB #$d0
    302  5+1   A2D7 ED   C8 88           STD -120,U
    303  5+1   A2DA EC   C8 B0           LDD -80,U
    304  5+2   A2DD 34   06              PSHS D
    305  2     A2DF 86   CC              LDA #$cc
    306  2     A2E1 C4   0F              ANDB #$0F
    307  2     A2E3 CA   C0              ORB #$c0
    308  5+1   A2E5 ED   C8 B0           STD -80,U
    309  5+1   A2E8 EC   C8 D8           LDD -40,U
    310  5+2   A2EB 34   06              PSHS D
    311  2     A2ED 86   CC              LDA #$cc
    312  2     A2EF C4   0F              ANDB #$0F
    313  2     A2F1 CA   C0              ORB #$c0
    314  5+1   A2F3 ED   C8 D8           STD -40,U
    315  5+0   A2F6 EC   C4              LDD ,U
    316  5+2   A2F8 34   06              PSHS D
    317  2     A2FA 86   CC              LDA #$cc
    318  2     A2FC C4   0F              ANDB #$0F
    319  2     A2FE CA   C0              ORB #$c0
    320  5+0   A300 ED   C4              STD ,U
    321  5+1   A302 EC   C8 28           LDD 40,U
    322  5+2   A305 34   06              PSHS D
    323  2     A307 86   CC              LDA #$cc
    324  2     A309 C4   0F              ANDB #$0F
    325  2     A30B CA   C0              ORB #$c0
    326  5+1   A30D ED   C8 28           STD 40,U
    327  5+1   A310 AE   C8 50           LDX 80,U
    328  6+1   A313 10AE C8 78           LDY 120,U
    329  5+6   A317 34   70              PSHS U,Y,X
    330  3     A319 CC   CCCC            LDD #$cccc
    331  5+1   A31C ED   C8 50           STD 80,U
    332  5+1   A31F ED   C8 78           STD 120,U
    333  4+4   A322 33   C9 0118         LEAU 280,U
    334
    335  5+1   A326 AE   C8 88           LDX -120,U
    336  6+1   A329 10AE C8 B0           LDY -80,U
    337  5+4   A32D 34   30              PSHS Y,X
    338  2     A32F 86   1C              LDA #$1c
    339  5+1   A331 ED   C8 88           STD -120,U
    340  5+1   A334 ED   C8 B0           STD -80,U
    341  5+1   A337 EC   C8 28           LDD 40,U
    342  5+1   A33A AE   C8 D8           LDX -40,U
    343  6+1   A33D 10AE C8 78           LDY 120,U
    344  5+6   A341 34   36              PSHS Y,X,D
    345  5+1   A343 EC   C8 50           LDD 80,U
    346  5+0   A346 AE   C4              LDX ,U
    347  5+6   A348 34   56              PSHS U,X,D
    348  3     A34A CC   03C3            LDD #$03c3
    349  5+1   A34D ED   C8 D8           STD -40,U
    350  5+0   A350 ED   C4              STD ,U
    351  5+1   A352 ED   C8 28           STD 40,U
    352  5+1   A355 ED   C8 50           STD 80,U
    353  2     A358 C6   33              LDB #$33
    354  5+1   A35A ED   C8 78           STD 120,U
    355  4+4   A35D 33   C9 0118         LEAU 280,U
    356
    357  5+1   A361 AE   C8 28           LDX 40,U
    358  6+1   A364 10AE C8 88           LDY -120,U
    359  5+4   A368 34   30              PSHS Y,X
    360  5+1   A36A ED   C8 88           STD -120,U
    361  5+0   A36D EC   C4              LDD ,U
    362  5+1   A36F AE   C8 D8           LDX -40,U
    363  6+1   A372 10AE C8 50           LDY 80,U
    364  5+6   A376 34   36              PSHS Y,X,D
    365  5+1   A378 EC   C8 B0           LDD -80,U
    366  5+1   A37B AE   C8 78           LDX 120,U
    367  5+6   A37E 34   56              PSHS U,X,D
    368  3     A380 CC   0033            LDD #$0033
    369  5+1   A383 ED   C8 50           STD 80,U
    370  5+1   A386 ED   C8 78           STD 120,U
    371  2     A389 C6   31              LDB #$31
    372  5+0   A38B ED   C4              STD ,U
    373  5+1   A38D ED   C8 28           STD 40,U
    374  2     A390 86   03              LDA #$03
    375  5+1   A392 ED   C8 B0           STD -80,U
    376  5+1   A395 ED   C8 D8           STD -40,U
    377  4+4   A398 33   C9 0118         LEAU 280,U
    378
    379  4+1   A39C A6   C8 B0           LDA -80,U
    380  4+1   A39F E6   C8 28           LDB 40,U
    381  5+2   A3A2 34   06              PSHS B,A
    382  4+0   A3A4 A6   C4              LDA ,U
    383  4+1   A3A6 E6   C8 50           LDB 80,U
    384  5+2   A3A9 34   06              PSHS B,A
    385  4+1   A3AB A6   C8 D8           LDA -40,U
    386  4+1   A3AE E6   C8 78           LDB 120,U
    387  5+2   A3B1 34   06              PSHS B,A
    388  2     A3B3 C4   0F              ANDB #$0F
    389  2     A3B5 CA   40              ORB #$40
    390  4+1   A3B7 E7   C8 78           STB 120,U
    391  2     A3BA 86   74              LDA #$74
    392  4+1   A3BC A7   C8 28           STA 40,U
    393  4+1   A3BF A7   C8 50           STA 80,U
    394  4+1   A3C2 A6   C8 88           LDA -120,U
    395  5+3   A3C5 34   42              PSHS U,A
    396  2     A3C7 86   66              LDA #$66
    397  4+1   A3C9 A7   C8 88           STA -120,U
    398  4+1   A3CC A7   C8 B0           STA -80,U
    399  2     A3CF 86   67              LDA #$67
    400  4+1   A3D1 A7   C8 D8           STA -40,U
    401  4+0   A3D4 A7   C4              STA ,U
    402  4+4   A3D6 33   C9 00A0         LEAU 160,U
    403
    404  4+0   A3DA A6   C4              LDA ,U
    405  5+3   A3DC 34   42              PSHS U,A
    406  2     A3DE 84   0F              ANDA #$0F
    407  2     A3E0 8A   40              ORA #$40
    408  4+0   A3E2 A7   C4              STA ,U
    409  4+4   A3E4 33   C9 0280         LEAU 640,U
    410
    411  4+1   A3E8 A6   C8 78           LDA 120,U
    412  4+1   A3EB E6   C8 88           LDB -120,U
    413  5+2   A3EE 34   06              PSHS B,A
    414  2     A3F0 C4   0F              ANDB #$0F
    415  2     A3F2 CA   40              ORB #$40
    416  4+1   A3F4 E7   C8 88           STB -120,U
    417  4+1   A3F7 A6   C8 B0           LDA -80,U
    418  5+1   A3FA 34   02              PSHS A
    419  2     A3FC 84   0F              ANDA #$0F
    420  2     A3FE 8A   40              ORA #$40
    421  4+1   A400 A7   C8 B0           STA -80,U
    422  4+1   A403 A6   C8 D8           LDA -40,U
    423  5+1   A406 34   02              PSHS A
    424  2     A408 84   0F              ANDA #$0F
    425  2     A40A 8A   40              ORA #$40
    426  4+1   A40C A7   C8 D8           STA -40,U
    427  4+0   A40F A6   C4              LDA ,U
    428  5+1   A411 34   02              PSHS A
    429  2     A413 84   0F              ANDA #$0F
    430  2     A415 8A   40              ORA #$40
    431  4+0   A417 A7   C4              STA ,U
    432  4+1   A419 A6   C8 28           LDA 40,U
    433  5+1   A41C 34   02              PSHS A
    434  2     A41E 84   0F              ANDA #$0F
    435  2     A420 8A   40              ORA #$40
    436  4+1   A422 A7   C8 28           STA 40,U
    437  4+1   A425 A6   C8 50           LDA 80,U
    438  5+3   A428 34   42              PSHS U,A
    439  2     A42A 84   0F              ANDA #$0F
    440  2     A42C 8A   40              ORA #$40
    441  4+1   A42E A7   C8 50           STA 80,U
    442  2     A431 86   44              LDA #$44
    443  4+1   A433 A7   C8 78           STA 120,U
    444  4+4   A436 33   C9 0118         LEAU 280,U
    445
    446  4+1   A43A A6   C8 88           LDA -120,U
    447  4+1   A43D E6   C8 B0           LDB -80,U
    448  5+2   A440 34   06              PSHS B,A
    449  4+1   A442 A6   C8 D8           LDA -40,U
    450  4+0   A445 E6   C4              LDB ,U
    451  5+2   A447 34   06              PSHS B,A
    452  4+1   A449 A6   C8 28           LDA 40,U
    453  4+1   A44C E6   C8 50           LDB 80,U
    454  5+2   A44F 34   06              PSHS B,A
    455  2     A451 C4   0F              ANDB #$0F
    456  2     A453 CA   40              ORB #$40
    457  4+1   A455 E7   C8 50           STB 80,U
    458  4+1   A458 A6   C8 78           LDA 120,U
    459  5+3   A45B 34   42              PSHS U,A
    460  2     A45D 84   0F              ANDA #$0F
    461  2     A45F 8A   40              ORA #$40
    462  4+1   A461 A7   C8 78           STA 120,U
    463  2     A464 86   44              LDA #$44
    464  4+1   A466 A7   C8 88           STA -120,U
    465  4+1   A469 A7   C8 B0           STA -80,U
    466  4+1   A46C A7   C8 D8           STA -40,U
    467  4+0   A46F A7   C4              STA ,U
    468  4+1   A471 A7   C8 28           STA 40,U
    469  4+0   A474 33   E4              LEAU ,S
    470        A476               SSAV_Img_SegaSonic_41
    471  4     A476 10CE 0000            LDS #$0000
    472  5     A47A 39                   RTS
    473
----------------
2233 cycle(s)
1147 byte(s)
----------------
    475

000000 Total Errors

000003 Total Symbols
     0x          Label A000 BCKDRAW_Img_SegaSonic_41
     1x          Label A265 DYN_POS
     1x          Label A476 SSAV_Img_SegaSonic_41

