/*--------------------------------------------------------------*
 * Compilé avec C6809 v0.83                                     *
 *--------------------------------------------------------------*
 * Fichier source      : ./Sonic2/GeneratedCode/SEGA/Img_SegaSonic_42_NB0.ASM
 * Fichier destination : ./Sonic2/GeneratedCode/SEGA/Img_SegaSonic_42_NB0.BIN
 * Contenu :
 *     Main     0:IMGD.ASM     11214
 *--------------------------------------------------------------*/

Macro Pass
Pass1
Pass2
      2        A000                      ORG $A000
      3                  FF              SETDP $FF
      4        A000               BCKDRAW_Img_SegaSonic_42
      5  6+5   A000 10EF 8D 084E         STS SSAV_Img_SegaSonic_42+1,PCR
      6
      7  5+5   A005 ED   8D 03F5         STD DYN_POS+1,PCR
      8  4+0   A009 32   C4              LEAS ,U
      9  5+0   A00B EE   A4              LDU ,Y
     10  4+4   A00D 33   C9 FB77         LEAU -1161,U
     11
     12  5+1   A011 EC   C8 B1           LDD -79,U
     13  5+2   A014 34   06              PSHS D
     14  2     A016 86   CC              LDA #$cc
     15  2     A018 C4   0F              ANDB #$0F
     16  2     A01A CA   C0              ORB #$c0
     17  5+1   A01C ED   C8 B1           STD -79,U
     18  5+1   A01F EC   C8 D9           LDD -39,U
     19  5+2   A022 34   06              PSHS D
     20  2     A024 86   CC              LDA #$cc
     21  2     A026 C4   0F              ANDB #$0F
     22  2     A028 CA   C0              ORB #$c0
     23  5+1   A02A ED   C8 D9           STD -39,U
     24  5+3   A02D 37   12              PULU A,X
     25  5+5   A02F 34   52              PSHS U,X,A
     26  2     A031 86   CC              LDA #$cc
     27  3     A033 8E   CCCC            LDX #$cccc
     28  5+3   A036 36   12              PSHU A,X
     29  4+1   A038 33   C8 28           LEAU 40,U
     30
     31  5+3   A03B 37   12              PULU A,X
     32  5+5   A03D 34   52              PSHS U,X,A
     33  2     A03F 86   CC              LDA #$cc
     34  3     A041 8E   CCCC            LDX #$cccc
     35  5+3   A044 36   12              PSHU A,X
     36  4+1   A046 33   C8 28           LEAU 40,U
     37
     38  5+3   A049 37   12              PULU A,X
     39  5+5   A04B 34   52              PSHS U,X,A
     40  2     A04D 86   DD              LDA #$dd
     41  3     A04F 8E   CCDC            LDX #$ccdc
     42  5+3   A052 36   12              PSHU A,X
     43  4+1   A054 33   C8 28           LEAU 40,U
     44
     45  5+3   A057 37   12              PULU A,X
     46  5+5   A059 34   52              PSHS U,X,A
     47  2     A05B 86   DD              LDA #$dd
     48  3     A05D 8E   CCDC            LDX #$ccdc
     49  5+3   A060 36   12              PSHU A,X
     50  4+1   A062 33   C8 28           LEAU 40,U
     51
     52  5+3   A065 37   12              PULU A,X
     53  5+5   A067 34   52              PSHS U,X,A
     54  2     A069 86   DD              LDA #$dd
     55  3     A06B 8E   DC6D            LDX #$dc6d
     56  5+3   A06E 36   12              PSHU A,X
     57  4+1   A070 33   C8 28           LEAU 40,U
     58
     59  5+1   A073 AE   C8 29           LDX 41,U
     60  6+1   A076 10AE C8 51           LDY 81,U
     61  5+4   A07A 34   30              PSHS Y,X
     62  5+1   A07C EC   C8 79           LDD 121,U
     63  5+2   A07F 34   06              PSHS D
     64  3     A081 CC   DD66            LDD #$dd66
     65  5+1   A084 ED   C8 29           STD 41,U
     66  5+1   A087 ED   C8 51           STD 81,U
     67  2     A08A 86   DC              LDA #$dc
     68  5+1   A08C ED   C8 79           STD 121,U
     69  5+3   A08F 37   12              PULU A,X
     70  5+5   A091 34   52              PSHS U,X,A
     71  2     A093 86   DD              LDA #$dd
     72  3     A095 8E   DC6D            LDX #$dc6d
     73  5+3   A098 36   12              PSHU A,X
     74  4+4   A09A 33   C9 00B5         LEAU 181,U
     75
     76  5+1   A09E AE   C8 EC           LDX -20,U
     77  2     A0A1 86   DC              LDA #$dc
     78  5+1   A0A3 ED   C8 EC           STD -20,U
     79  6+1   A0A6 10AE C8 14           LDY 20,U
     80  5+6   A0AA 34   70              PSHS U,Y,X
     81  3     A0AC CC   CC7C            LDD #$cc7c
     82  5+1   A0AF ED   C8 14           STD 20,U
     83  4+4   A0B2 33   C9 00B3         LEAU 179,U
     84
     85  4+1   A0B6 A6   C8 B2           LDA -78,U
     86  4+1   A0B9 E6   C8 DA           LDB -38,U
     87  5+1   A0BC AE   C8 89           LDX -119,U
     88  5+4   A0BF 34   16              PSHS X,B,A
     89  3     A0C1 CC   CC7C            LDD #$cc7c
     90  5+1   A0C4 ED   C8 89           STD -119,U
     91  4+1   A0C7 A7   C8 B2           STA -78,U
     92  4+1   A0CA A7   C8 DA           STA -38,U
     93  5+1   A0CD EC   C8 B0           LDD -80,U
     94  5+2   A0D0 34   06              PSHS D
     95  2     A0D2 84   F0              ANDA #$F0
     96  2     A0D4 8A   0D              ORA #$0d
     97  2     A0D6 C6   DC              LDB #$dc
     98  5+1   A0D8 ED   C8 B0           STD -80,U
     99  5+1   A0DB EC   C8 D8           LDD -40,U
    100  5+2   A0DE 34   06              PSHS D
    101  2     A0E0 84   F0              ANDA #$F0
    102  2     A0E2 8A   0D              ORA #$0d
    103  2     A0E4 C6   DC              LDB #$dc
    104  5+1   A0E6 ED   C8 D8           STD -40,U
    105  5+3   A0E9 37   12              PULU A,X
    106  5+5   A0EB 34   52              PSHS U,X,A
    107  3     A0ED 8E   DCCC            LDX #$dccc
    108  5+3   A0F0 36   14              PSHU B,X
    109  4+1   A0F2 33   C8 28           LEAU 40,U
    110
    111  5+3   A0F5 37   12              PULU A,X
    112  5+5   A0F7 34   52              PSHS U,X,A
    113  3     A0F9 8E   DCCC            LDX #$dccc
    114  5+3   A0FC 36   14              PSHU B,X
    115  4+1   A0FE 33   C8 28           LEAU 40,U
    116
    117  5+3   A101 37   12              PULU A,X
    118  5+5   A103 34   52              PSHS U,X,A
    119  2     A105 86   CC              LDA #$cc
    120  3     A107 8E   DCCC            LDX #$dccc
    121  5+3   A10A 36   12              PSHU A,X
    122  4+1   A10C 33   C8 28           LEAU 40,U
    123
    124  5+1   A10F EC   C8 27           LDD 39,U
    125  5+2   A112 34   06              PSHS D
    126  2     A114 84   F0              ANDA #$F0
    127  2     A116 8A   0D              ORA #$0d
    128  2     A118 C6   DD              LDB #$dd
    129  5+1   A11A ED   C8 27           STD 39,U
    130  5+1   A11D EC   C8 4F           LDD 79,U
    131  5+2   A120 34   06              PSHS D
    132  2     A122 84   F0              ANDA #$F0
    133  2     A124 8A   0D              ORA #$0d
    134  2     A126 C6   DD              LDB #$dd
    135  5+1   A128 ED   C8 4F           STD 79,U
    136  5+1   A12B AE   C8 29           LDX 41,U
    137  6+1   A12E 10AE C8 51           LDY 81,U
    138  5+4   A132 34   30              PSHS Y,X
    139  3     A134 CC   DCCC            LDD #$dccc
    140  5+1   A137 ED   C8 29           STD 41,U
    141  5+1   A13A ED   C8 51           STD 81,U
    142  5+3   A13D 37   12              PULU A,X
    143  5+5   A13F 34   52              PSHS U,X,A
    144  3     A141 8E   DCCC            LDX #$dccc
    145  5+3   A144 36   14              PSHU B,X
    146  4+1   A146 33   C8 77           LEAU 119,U
    147
    148  5+4   A149 37   30              PULU X,Y
    149  5+6   A14B 34   70              PSHS U,Y,X
    150  3     A14D CC   DDDD            LDD #$dddd
    151  3     A150 8E   DDCC            LDX #$ddcc
    152  5+4   A153 36   16              PSHU D,X
    153  4+1   A155 33   C8 28           LEAU 40,U
    154
    155  5+1   A158 EC   C8 29           LDD 41,U
    156  5+2   A15B 34   06              PSHS D
    157  2     A15D 84   F0              ANDA #$F0
    158  2     A15F 8A   0D              ORA #$0d
    159  2     A161 C6   DD              LDB #$dd
    160  5+1   A163 ED   C8 29           STD 41,U
    161  5+1   A166 EC   C8 51           LDD 81,U
    162  5+2   A169 34   06              PSHS D
    163  2     A16B 84   F0              ANDA #$F0
    164  2     A16D 8A   0D              ORA #$0d
    165  2     A16F C6   DD              LDB #$dd
    166  5+1   A171 ED   C8 51           STD 81,U
    167  4+1   A174 A6   C8 2B           LDA 43,U
    168  4+1   A177 E6   C8 53           LDB 83,U
    169  5+1   A17A AE   C8 7A           LDX 122,U
    170  5+4   A17D 34   16              PSHS X,B,A
    171  3     A17F CC   DDCC            LDD #$ddcc
    172  5+1   A182 ED   C8 7A           STD 122,U
    173  4+1   A185 E7   C8 2B           STB 43,U
    174  4+1   A188 E7   C8 53           STB 83,U
    175  5+4   A18B 37   30              PULU X,Y
    176  5+6   A18D 34   70              PSHS U,Y,X
    177  2     A18F C6   DD              LDB #$dd
    178  3     A191 8E   DDCC            LDX #$ddcc
    179  5+4   A194 36   16              PSHU D,X
    180  4+4   A196 33   C9 00C9         LEAU 201,U
    181
    182  5+1   A19A AE   C8 D9           LDX -39,U
    183  5+2   A19D 34   10              PSHS X
    184  2     A19F C6   CC              LDB #$cc
    185  5+1   A1A1 ED   C8 D9           STD -39,U
    186  5+3   A1A4 37   12              PULU A,X
    187  5+5   A1A6 34   52              PSHS U,X,A
    188  3     A1A8 8E   DDC7            LDX #$ddc7
    189  5+3   A1AB 36   14              PSHU B,X
    190  4+1   A1AD 33   C8 28           LEAU 40,U
    191
    192  5+3   A1B0 37   12              PULU A,X
    193  5+5   A1B2 34   52              PSHS U,X,A
    194  3     A1B4 8E   DDC7            LDX #$ddc7
    195  5+3   A1B7 36   14              PSHU B,X
    196  4+1   A1B9 33   C8 27           LEAU 39,U
    197
    198  5+4   A1BC 37   30              PULU X,Y
    199  5+6   A1BE 34   70              PSHS U,Y,X
    200  3     A1C0 CC   766D            LDD #$766d
    201  3     A1C3 8E   DD76            LDX #$dd76
    202  5+4   A1C6 36   16              PSHU D,X
    203  4+1   A1C8 33   C8 28           LEAU 40,U
    204
    205  5+4   A1CB 37   30              PULU X,Y
    206  5+6   A1CD 34   70              PSHS U,Y,X
    207  3     A1CF 8E   DD76            LDX #$dd76
    208  5+4   A1D2 36   16              PSHU D,X
    209  4+1   A1D4 33   C8 28           LEAU 40,U
    210
    211  5+4   A1D7 37   30              PULU X,Y
    212  5+6   A1D9 34   70              PSHS U,Y,X
    213  3     A1DB CC   6716            LDD #$6716
    214  3     A1DE 8E   0076            LDX #$0076
    215  5+4   A1E1 36   16              PSHU D,X
    216  4+1   A1E3 33   C8 28           LEAU 40,U
    217
    218  5+4   A1E6 37   30              PULU X,Y
    219  5+6   A1E8 34   70              PSHS U,Y,X
    220  3     A1EA 8E   0076            LDX #$0076
    221  5+4   A1ED 36   16              PSHU D,X
    222  4+1   A1EF 33   C8 28           LEAU 40,U
    223
    224  5+4   A1F2 37   30              PULU X,Y
    225  5+6   A1F4 34   70              PSHS U,Y,X
    226  3     A1F6 CC   5512            LDD #$5512
    227  3     A1F9 8E   21D7            LDX #$21d7
    228  5+4   A1FC 36   16              PSHU D,X
    229  4+1   A1FE 33   C8 28           LEAU 40,U
    230
    231  5+4   A201 37   30              PULU X,Y
    232  5+6   A203 34   70              PSHS U,Y,X
    233  3     A205 8E   21D7            LDX #$21d7
    234  5+4   A208 36   16              PSHU D,X
    235  4+1   A20A 33   C8 28           LEAU 40,U
    236
    237  5+4   A20D 37   30              PULU X,Y
    238  5+6   A20F 34   70              PSHS U,Y,X
    239  2     A211 C6   11              LDB #$11
    240  3     A213 8E   0044            LDX #$0044
    241  5+4   A216 36   16              PSHU D,X
    242  4+1   A218 33   C8 28           LEAU 40,U
    243
    244  5+4   A21B 37   30              PULU X,Y
    245  5+6   A21D 34   70              PSHS U,Y,X
    246  3     A21F 8E   0044            LDX #$0044
    247  5+4   A222 36   16              PSHU D,X
    248  4+1   A224 33   C8 28           LEAU 40,U
    249
    250  5+4   A227 37   30              PULU X,Y
    251  5+6   A229 34   70              PSHS U,Y,X
    252  3     A22B 8E   0022            LDX #$0022
    253  5+4   A22E 36   16              PSHU D,X
    254  4+1   A230 33   C8 28           LEAU 40,U
    255
    256  5+4   A233 37   30              PULU X,Y
    257  5+6   A235 34   70              PSHS U,Y,X
    258  3     A237 8E   0022            LDX #$0022
    259  5+4   A23A 36   16              PSHU D,X
    260  4+1   A23C 33   C8 28           LEAU 40,U
    261
    262  5+4   A23F 37   30              PULU X,Y
    263  5+6   A241 34   70              PSHS U,Y,X
    264  2     A243 C6   21              LDB #$21
    265  3     A245 8E   1121            LDX #$1121
    266  5+4   A248 36   16              PSHU D,X
    267  4+1   A24A 33   C8 28           LEAU 40,U
    268
    269  5+4   A24D 37   30              PULU X,Y
    270  5+6   A24F 34   70              PSHS U,Y,X
    271  3     A251 8E   1121            LDX #$1121
    272  5+4   A254 36   16              PSHU D,X
    273  4+1   A256 33   C8 28           LEAU 40,U
    274
    275  5+4   A259 37   30              PULU X,Y
    276  5+6   A25B 34   70              PSHS U,Y,X
    277  3     A25D CC   DDD1            LDD #$ddd1
    278  3     A260 8E   1112            LDX #$1112
    279  5+4   A263 36   16              PSHU D,X
    280  4+1   A265 33   C8 28           LEAU 40,U
    281
    282  5+1   A268 EC   C8 28           LDD 40,U
    283  5+2   A26B 34   06              PSHS D
    284  2     A26D 84   F0              ANDA #$F0
    285  2     A26F 8A   0D              ORA #$0d
    286  2     A271 C6   CD              LDB #$cd
    287  5+1   A273 ED   C8 28           STD 40,U
    288  5+1   A276 EC   C8 50           LDD 80,U
    289  5+2   A279 34   06              PSHS D
    290  2     A27B 84   F0              ANDA #$F0
    291  2     A27D 8A   0D              ORA #$0d
    292  2     A27F C6   CD              LDB #$cd
    293  5+1   A281 ED   C8 50           STD 80,U
    294  5+1   A284 EC   C8 2A           LDD 42,U
    295  5+2   A287 34   06              PSHS D
    296  2     A289 86   77              LDA #$77
    297  2     A28B C4   F0              ANDB #$F0
    298  2     A28D CA   02              ORB #$02
    299  5+1   A28F ED   C8 2A           STD 42,U
    300  5+1   A292 EC   C8 52           LDD 82,U
    301  5+2   A295 34   06              PSHS D
    302  2     A297 86   77              LDA #$77
    303  2     A299 C4   F0              ANDB #$F0
    304  2     A29B CA   02              ORB #$02
    305  5+1   A29D ED   C8 52           STD 82,U
    306  5+1   A2A0 AE   C8 79           LDX 121,U
    307  5+2   A2A3 34   10              PSHS X
    308  3     A2A5 CC   CC66            LDD #$cc66
    309  5+1   A2A8 ED   C8 79           STD 121,U
    310  5+4   A2AB 37   16              PULU D,X
    311  5+6   A2AD 34   56              PSHS U,X,D
    312  3     A2AF CC   DDD1            LDD #$ddd1
    313  3     A2B2 8E   1112            LDX #$1112
    314  5+4   A2B5 36   16              PSHU D,X
    315  4+4   A2B7 33   C9 0119         LEAU 281,U
    316
    317  5+1   A2BB AE   C8 88           LDX -120,U
    318  6+1   A2BE 10AE C8 B0           LDY -80,U
    319  5+4   A2C2 34   30              PSHS Y,X
    320  5+1   A2C4 EC   C8 D8           LDD -40,U
    321  5+2   A2C7 34   06              PSHS D
    322  3     A2C9 CC   CC66            LDD #$cc66
    323  5+1   A2CC ED   C8 88           STD -120,U
    324  2     A2CF C6   77              LDB #$77
    325  5+1   A2D1 ED   C8 B0           STD -80,U
    326  5+1   A2D4 ED   C8 D8           STD -40,U
    327  5+0   A2D7 EC   C4              LDD ,U
    328  5+2   A2D9 34   06              PSHS D
    329  2     A2DB 84   F0              ANDA #$F0
    330  2     A2DD C4   0F              ANDB #$0F
    331  4     A2DF C3   0CC0            ADDD #$0cc0
    332  5+0   A2E2 ED   C4              STD ,U
    333  5+1   A2E4 EC   C8 28           LDD 40,U
    334  5+2   A2E7 34   06              PSHS D
    335  2     A2E9 84   F0              ANDA #$F0
    336  2     A2EB C4   0F              ANDB #$0F
    337  4     A2ED C3   0CC0            ADDD #$0cc0
    338  5+1   A2F0 ED   C8 28           STD 40,U
    339  4+1   A2F3 A6   C8 50           LDA 80,U
    340  5+1   A2F6 34   02              PSHS A
    341  2     A2F8 84   F0              ANDA #$F0
    342  2     A2FA 8A   0C              ORA #$0c
    343  4+1   A2FC A7   C8 50           STA 80,U
    344  4+1   A2FF A6   C8 78           LDA 120,U
    345  5+3   A302 34   42              PSHS U,A
    346  2     A304 84   F0              ANDA #$F0
    347  2     A306 8A   0C              ORA #$0c
    348  4+1   A308 A7   C8 78           STA 120,U
    349  4+4   A30B 33   C9 0118         LEAU 280,U
    350
    351  4+1   A30F A6   C8 D8           LDA -40,U
    352  4+1   A312 E6   C8 88           LDB -120,U
    353  5+2   A315 34   06              PSHS B,A
    354  2     A317 C4   F0              ANDB #$F0
    355  2     A319 CA   0C              ORB #$0c
    356  4+1   A31B E7   C8 88           STB -120,U
    357  4+1   A31E A6   C8 B0           LDA -80,U
    358  5+1   A321 34   02              PSHS A
    359  2     A323 84   F0              ANDA #$F0
    360  2     A325 8A   0C              ORA #$0c
    361  4+1   A327 A7   C8 B0           STA -80,U
    362  4+0   A32A A6   C4              LDA ,U
    363  4+1   A32C E6   C8 28           LDB 40,U
    364  5+2   A32F 34   06              PSHS B,A
    365  2     A331 86   CC              LDA #$cc
    366  4+1   A333 A7   C8 D8           STA -40,U
    367  4+0   A336 A7   C4              STA ,U
    368  4+1   A338 A6   C8 50           LDA 80,U
    369  4+1   A33B E6   C8 78           LDB 120,U
    370  5+4   A33E 34   46              PSHS U,B,A
    371  2     A340 86   00              LDA #$00
    372  4+1   A342 A7   C8 28           STA 40,U
    373  4+1   A345 A7   C8 50           STA 80,U
    374  4+1   A348 A7   C8 78           STA 120,U
    375  4+4   A34B 33   C9 0117         LEAU 279,U
    376
    377  4+1   A34F A6   C8 89           LDA -119,U
    378  5+1   A352 34   02              PSHS A
    379  2     A354 86   00              LDA #$00
    380  4+1   A356 A7   C8 89           STA -119,U
    381  5+1   A359 EC   C8 B0           LDD -80,U
    382  5+2   A35C 34   06              PSHS D
    383  2     A35E 84   F0              ANDA #$F0
    384  2     A360 8A   03              ORA #$03
    385  2     A362 C6   10              LDB #$10
    386  5+1   A364 ED   C8 B0           STD -80,U
    387  5+1   A367 EC   C8 D8           LDD -40,U
    388  5+2   A36A 34   06              PSHS D
    389  2     A36C 84   F0              ANDA #$F0
    390  2     A36E 8A   03              ORA #$03
    391  2     A370 C6   10              LDB #$10
    392  5+1   A372 ED   C8 D8           STD -40,U
    393  4+1   A375 A6   C8 B3           LDA -77,U
    394  4+1   A378 E6   C8 DB           LDB -37,U
    395  5+2   A37B 34   06              PSHS B,A
    396  2     A37D 86   44              LDA #$44
    397  4+1   A37F A7   C8 B3           STA -77,U
    398  4+1   A382 A7   C8 DB           STA -37,U
    399  5+4   A385 37   30              PULU X,Y
    400  5+6   A387 34   70              PSHS U,Y,X
    401  3     A389 CC   3551            LDD #$3551
    402  3     A38C 8E   5044            LDX #$5044
    403  5+4   A38F 36   16              PSHU D,X
    404  4+1   A391 33   C8 28           LEAU 40,U
    405
    406  5+4   A394 37   30              PULU X,Y
    407  5+6   A396 34   70              PSHS U,Y,X
    408  3     A398 8E   5044            LDX #$5044
    409  5+4   A39B 36   16              PSHU D,X
    410  4+1   A39D 33   C8 28           LEAU 40,U
    411
    412  5+4   A3A0 37   30              PULU X,Y
    413  5+6   A3A2 34   70              PSHS U,Y,X
    414  2     A3A4 C6   55              LDB #$55
    415  3     A3A6 8E   0155            LDX #$0155
    416  5+4   A3A9 36   16              PSHU D,X
    417  4+1   A3AB 33   C8 28           LEAU 40,U
    418
    419  5+4   A3AE 37   30              PULU X,Y
    420  5+6   A3B0 34   70              PSHS U,Y,X
    421  3     A3B2 8E   0155            LDX #$0155
    422  5+4   A3B5 36   16              PSHU D,X
    423  4+1   A3B7 33   C8 28           LEAU 40,U
    424
    425  5+4   A3BA 37   30              PULU X,Y
    426  5+6   A3BC 34   70              PSHS U,Y,X
    427  2     A3BE 86   33              LDA #$33
    428  3     A3C0 8E   1543            LDX #$1543
    429  5+4   A3C3 36   16              PSHU D,X
    430  4+1   A3C5 33   C8 28           LEAU 40,U
    431
    432  5+1   A3C8 AE   C8 29           LDX 41,U
    433  6+1   A3CB 10AE C8 51           LDY 81,U
    434  5+4   A3CF 34   30              PSHS Y,X
    435  2     A3D1 C6   33              LDB #$33
    436  5+1   A3D3 ED   C8 29           STD 41,U
    437  5+1   A3D6 ED   C8 51           STD 81,U
    438  4+1   A3D9 A6   C8 2B           LDA 43,U
    439  5+1   A3DC 34   02              PSHS A
    440  2     A3DE 84   0F              ANDA #$0F
    441  2     A3E0 8A   30              ORA #$30
    442  4+1   A3E2 A7   C8 2B           STA 43,U
    443  4+1   A3E5 A6   C8 53           LDA 83,U
    444  5+1   A3E8 34   02              PSHS A
    445  2     A3EA 84   0F              ANDA #$0F
    446  2     A3EC 8A   30              ORA #$30
    447  4+1   A3EE A7   C8 53           STA 83,U
    448  5+4   A3F1 37   30              PULU X,Y
    449  5+6   A3F3 34   70              PSHS U,Y,X
    450  3     A3F5 CC   3355            LDD #$3355
    451  3     A3F8 8E   1543            LDX #$1543
    452  5+4   A3FB 36   16              PSHU D,X
    453        A3FD               DYN_POS
    454
    455  3     A3FD CE   0000            LDU #$0000
    456  4+4   A400 33   C9 FB77         LEAU -1161,U
    457
    458  4+1   A404 A6   C8 B1           LDA -79,U
    459  4+1   A407 E6   C8 D9           LDB -39,U
    460  5+2   A40A 34   06              PSHS B,A
    461  2     A40C 86   CC              LDA #$cc
    462  4+1   A40E A7   C8 B1           STA -79,U
    463  4+1   A411 A7   C8 D9           STA -39,U
    464  5+3   A414 37   12              PULU A,X
    465  5+5   A416 34   52              PSHS U,X,A
    466  2     A418 86   CC              LDA #$cc
    467  3     A41A 8E   CCCC            LDX #$cccc
    468  5+3   A41D 36   12              PSHU A,X
    469  4+1   A41F 33   C8 28           LEAU 40,U
    470
    471  5+3   A422 37   12              PULU A,X
    472  5+5   A424 34   52              PSHS U,X,A
    473  2     A426 86   CC              LDA #$cc
    474  3     A428 8E   CCCC            LDX #$cccc
    475  5+3   A42B 36   12              PSHU A,X
    476  4+1   A42D 33   C8 27           LEAU 39,U
    477
    478  5+4   A430 37   30              PULU X,Y
    479  5+6   A432 34   70              PSHS U,Y,X
    480  3     A434 CC   DDCC            LDD #$ddcc
    481  3     A437 8E   CDCC            LDX #$cdcc
    482  5+4   A43A 36   16              PSHU D,X
    483  4+1   A43C 33   C8 28           LEAU 40,U
    484
    485  5+4   A43F 37   30              PULU X,Y
    486  5+6   A441 34   70              PSHS U,Y,X
    487  3     A443 8E   CDCC            LDX #$cdcc
    488  5+4   A446 36   16              PSHU D,X
    489  4+1   A448 33   C8 29           LEAU 41,U
    490
    491  5+3   A44B 37   12              PULU A,X
    492  5+5   A44D 34   52              PSHS U,X,A
    493  2     A44F 86   DD              LDA #$dd
    494  3     A451 8E   CDCC            LDX #$cdcc
    495  5+3   A454 36   12              PSHU A,X
    496  4+1   A456 33   C8 28           LEAU 40,U
    497
    498  5+1   A459 EC   C8 28           LDD 40,U
    499  5+2   A45C 34   06              PSHS D
    500  2     A45E 84   F0              ANDA #$F0
    501  2     A460 8A   0D              ORA #$0d
    502  2     A462 C6   D7              LDB #$d7
    503  5+1   A464 ED   C8 28           STD 40,U
    504  5+1   A467 EC   C8 50           LDD 80,U
    505  5+2   A46A 34   06              PSHS D
    506  2     A46C 84   F0              ANDA #$F0
    507  2     A46E 8A   0D              ORA #$0d
    508  2     A470 C6   D7              LDB #$d7
    509  5+1   A472 ED   C8 50           STD 80,U
    510  4+1   A475 A6   C8 2A           LDA 42,U
    511  4+1   A478 E6   C8 52           LDB 82,U
    512  5+1   A47B AE   C8 79           LDX 121,U
    513  5+4   A47E 34   16              PSHS X,B,A
    514  2     A480 86   DC              LDA #$dc
    515  4+1   A482 A7   C8 2A           STA 42,U
    516  4+1   A485 A7   C8 52           STA 82,U
    517  3     A488 CC   D76C            LDD #$d76c
    518  5+1   A48B ED   C8 79           STD 121,U
    519  5+3   A48E 37   12              PULU A,X
    520  5+5   A490 34   52              PSHS U,X,A
    521  2     A492 86   DD              LDA #$dd
    522  3     A494 8E   CDCC            LDX #$cdcc
    523  5+3   A497 36   12              PSHU A,X
    524  4+4   A499 33   C9 0118         LEAU 280,U
    525
    526  5+1   A49D EC   C8 B0           LDD -80,U
    527  5+2   A4A0 34   06              PSHS D
    528  2     A4A2 84   F0              ANDA #$F0
    529  2     A4A4 8A   0C              ORA #$0c
    530  2     A4A6 C6   D7              LDB #$d7
    531  5+1   A4A8 ED   C8 B0           STD -80,U
    532  5+1   A4AB EC   C8 D8           LDD -40,U
    533  5+2   A4AE 34   06              PSHS D
    534  2     A4B0 84   F0              ANDA #$F0
    535  2     A4B2 8A   0C              ORA #$0c
    536  2     A4B4 C6   D7              LDB #$d7
    537  5+1   A4B6 ED   C8 D8           STD -40,U
    538  4+1   A4B9 A6   C8 B2           LDA -78,U
    539  4+1   A4BC E6   C8 DA           LDB -38,U
    540  5+1   A4BF AE   C8 89           LDX -119,U
    541  5+4   A4C2 34   16              PSHS X,B,A
    542  3     A4C4 CC   D76C            LDD #$d76c
    543  5+1   A4C7 ED   C8 89           STD -119,U
    544  2     A4CA 86   CC              LDA #$cc
    545  4+1   A4CC A7   C8 B2           STA -78,U
    546  4+1   A4CF A7   C8 DA           STA -38,U
    547  5+3   A4D2 37   12              PULU A,X
    548  5+5   A4D4 34   52              PSHS U,X,A
    549  2     A4D6 86   CC              LDA #$cc
    550  3     A4D8 8E   CCCC            LDX #$cccc
    551  5+3   A4DB 36   12              PSHU A,X
    552  4+1   A4DD 33   C8 28           LEAU 40,U
    553
    554  5+1   A4E0 EC   C8 27           LDD 39,U
    555  5+2   A4E3 34   06              PSHS D
    556  2     A4E5 84   F0              ANDA #$F0
    557  2     A4E7 8A   0D              ORA #$0d
    558  2     A4E9 C6   CD              LDB #$cd
    559  5+1   A4EB ED   C8 27           STD 39,U
    560  5+1   A4EE EC   C8 4F           LDD 79,U
    561  5+2   A4F1 34   06              PSHS D
    562  2     A4F3 84   F0              ANDA #$F0
    563  2     A4F5 8A   0D              ORA #$0d
    564  2     A4F7 C6   CD              LDB #$cd
    565  5+1   A4F9 ED   C8 4F           STD 79,U
    566  5+1   A4FC AE   C8 29           LDX 41,U
    567  6+1   A4FF 10AE C8 51           LDY 81,U
    568  5+4   A503 34   30              PSHS Y,X
    569  3     A505 CC   CCCC            LDD #$cccc
    570  5+1   A508 ED   C8 29           STD 41,U
    571  5+1   A50B ED   C8 51           STD 81,U
    572  5+3   A50E 37   12              PULU A,X
    573  5+5   A510 34   52              PSHS U,X,A
    574  3     A512 8E   CCCC            LDX #$cccc
    575  5+3   A515 36   14              PSHU B,X
    576  4+1   A517 33   C8 77           LEAU 119,U
    577
    578  5+4   A51A 37   30              PULU X,Y
    579  5+6   A51C 34   70              PSHS U,Y,X
    580  3     A51E CC   DDDD            LDD #$dddd
    581  3     A521 8E   C1C1            LDX #$c1c1
    582  5+4   A524 36   16              PSHU D,X
    583  4+1   A526 33   C8 28           LEAU 40,U
    584
    585  5+4   A529 37   30              PULU X,Y
    586  5+6   A52B 34   70              PSHS U,Y,X
    587  3     A52D 8E   C1C1            LDX #$c1c1
    588  5+4   A530 36   16              PSHU D,X
    589  4+1   A532 33   C8 28           LEAU 40,U
    590
    591  5+4   A535 37   30              PULU X,Y
    592  5+6   A537 34   70              PSHS U,Y,X
    593  3     A539 8E   CCC0            LDX #$ccc0
    594  5+4   A53C 36   16              PSHU D,X
    595  4+1   A53E 33   C8 28           LEAU 40,U
    596
    597  5+4   A541 37   30              PULU X,Y
    598  5+6   A543 34   70              PSHS U,Y,X
    599  3     A545 8E   CCC0            LDX #$ccc0
    600  5+4   A548 36   16              PSHU D,X
    601  4+1   A54A 33   C8 28           LEAU 40,U
    602
    603  5+4   A54D 37   30              PULU X,Y
    604  5+6   A54F 34   70              PSHS U,Y,X
    605  3     A551 8E   CCC0            LDX #$ccc0
    606  5+4   A554 36   16              PSHU D,X
    607  4+1   A556 33   C8 28           LEAU 40,U
    608
    609  5+4   A559 37   30              PULU X,Y
    610  5+6   A55B 34   70              PSHS U,Y,X
    611  3     A55D 8E   CCC0            LDX #$ccc0
    612  5+4   A560 36   16              PSHU D,X
    613  4+1   A562 33   C8 29           LEAU 41,U
    614
    615  5+3   A565 37   12              PULU A,X
    616  5+5   A567 34   52              PSHS U,X,A
    617  3     A569 8E   CCC0            LDX #$ccc0
    618  5+3   A56C 36   14              PSHU B,X
    619  4+1   A56E 33   C8 28           LEAU 40,U
    620
    621  5+1   A571 EC   C8 28           LDD 40,U
    622  5+2   A574 34   06              PSHS D
    623  2     A576 84   F0              ANDA #$F0
    624  2     A578 8A   0D              ORA #$0d
    625  2     A57A C6   DC              LDB #$dc
    626  5+1   A57C ED   C8 28           STD 40,U
    627  5+1   A57F EC   C8 50           LDD 80,U
    628  5+2   A582 34   06              PSHS D
    629  2     A584 84   F0              ANDA #$F0
    630  2     A586 8A   0D              ORA #$0d
    631  2     A588 C6   DC              LDB #$dc
    632  5+1   A58A ED   C8 50           STD 80,U
    633  5+1   A58D EC   C8 77           LDD 119,U
    634  5+2   A590 34   06              PSHS D
    635  2     A592 84   F0              ANDA #$F0
    636  2     A594 8A   0C              ORA #$0c
    637  2     A596 C6   CD              LDB #$cd
    638  5+1   A598 ED   C8 77           STD 119,U
    639  4+1   A59B A6   C8 2A           LDA 42,U
    640  4+1   A59E E6   C8 52           LDB 82,U
    641  5+1   A5A1 AE   C8 79           LDX 121,U
    642  5+4   A5A4 34   16              PSHS X,B,A
    643  2     A5A6 86   CC              LDA #$cc
    644  4+1   A5A8 A7   C8 2A           STA 42,U
    645  4+1   A5AB A7   C8 52           STA 82,U
    646  3     A5AE CC   DD00            LDD #$dd00
    647  5+1   A5B1 ED   C8 79           STD 121,U
    648  5+3   A5B4 37   12              PULU A,X
    649  5+5   A5B6 34   52              PSHS U,X,A
    650  2     A5B8 86   DD              LDA #$dd
    651  3     A5BA 8E   CCC0            LDX #$ccc0
    652  5+3   A5BD 36   12              PSHU A,X
    653  4+4   A5BF 33   C9 00C7         LEAU 199,U
    654
    655  5+1   A5C3 AE   C8 DA           LDX -38,U
    656  5+2   A5C6 34   10              PSHS X
    657  5+1   A5C8 ED   C8 DA           STD -38,U
    658  5+1   A5CB EC   C8 D8           LDD -40,U
    659  5+2   A5CE 34   06              PSHS D
    660  2     A5D0 84   F0              ANDA #$F0
    661  2     A5D2 8A   0C              ORA #$0c
    662  2     A5D4 C6   CD              LDB #$cd
    663  5+1   A5D6 ED   C8 D8           STD -40,U
    664  5+4   A5D9 37   30              PULU X,Y
    665  5+6   A5DB 34   70              PSHS U,Y,X
    666  3     A5DD CC   66DD            LDD #$66dd
    667  3     A5E0 8E   DD66            LDX #$dd66
    668  5+4   A5E3 36   16              PSHU D,X
    669  4+1   A5E5 33   C8 28           LEAU 40,U
    670
    671  5+4   A5E8 37   30              PULU X,Y
    672  5+6   A5EA 34   70              PSHS U,Y,X
    673  3     A5EC 8E   DD66            LDX #$dd66
    674  5+4   A5EF 36   16              PSHU D,X
    675  4+1   A5F1 33   C8 28           LEAU 40,U
    676
    677  5+4   A5F4 37   30              PULU X,Y
    678  5+6   A5F6 34   70              PSHS U,Y,X
    679  3     A5F8 CC   7760            LDD #$7760
    680  3     A5FB 8E   DD66            LDX #$dd66
    681  5+4   A5FE 36   16              PSHU D,X
    682  4+1   A600 33   C8 28           LEAU 40,U
    683
    684  5+4   A603 37   30              PULU X,Y
    685  5+6   A605 34   70              PSHS U,Y,X
    686  3     A607 8E   DD66            LDX #$dd66
    687  5+4   A60A 36   16              PSHU D,X
    688  4+1   A60C 33   C8 28           LEAU 40,U
    689
    690  5+4   A60F 37   30              PULU X,Y
    691  5+6   A611 34   70              PSHS U,Y,X
    692  3     A613 CC   4000            LDD #$4000
    693  3     A616 8E   0D66            LDX #$0d66
    694  5+4   A619 36   16              PSHU D,X
    695  4+1   A61B 33   C8 28           LEAU 40,U
    696
    697  5+4   A61E 37   30              PULU X,Y
    698  5+6   A620 34   70              PSHS U,Y,X
    699  3     A622 8E   0D66            LDX #$0d66
    700  5+4   A625 36   16              PSHU D,X
    701  4+1   A627 33   C8 28           LEAU 40,U
    702
    703  5+4   A62A 37   30              PULU X,Y
    704  5+6   A62C 34   70              PSHS U,Y,X
    705  2     A62E 86   50              LDA #$50
    706  3     A630 8E   1477            LDX #$1477
    707  5+4   A633 36   16              PSHU D,X
    708  4+1   A635 33   C8 28           LEAU 40,U
    709
    710  5+4   A638 37   30              PULU X,Y
    711  5+6   A63A 34   70              PSHS U,Y,X
    712  3     A63C 8E   1477            LDX #$1477
    713  5+4   A63F 36   16              PSHU D,X
    714  4+1   A641 33   C8 28           LEAU 40,U
    715
    716  5+4   A644 37   30              PULU X,Y
    717  5+6   A646 34   70              PSHS U,Y,X
    718  2     A648 86   51              LDA #$51
    719  3     A64A 8E   1222            LDX #$1222
    720  5+4   A64D 36   16              PSHU D,X
    721  4+1   A64F 33   C8 28           LEAU 40,U
    722
    723  5+4   A652 37   30              PULU X,Y
    724  5+6   A654 34   70              PSHS U,Y,X
    725  3     A656 8E   1222            LDX #$1222
    726  5+4   A659 36   16              PSHU D,X
    727  4+1   A65B 33   C8 28           LEAU 40,U
    728
    729  5+4   A65E 37   30              PULU X,Y
    730  5+6   A660 34   70              PSHS U,Y,X
    731  3     A662 CC   D111            LDD #$d111
    732  3     A665 8E   1222            LDX #$1222
    733  5+4   A668 36   16              PSHU D,X
    734  4+1   A66A 33   C8 28           LEAU 40,U
    735
    736  5+1   A66D AE   C8 28           LDX 40,U
    737  6+1   A670 10AE C8 50           LDY 80,U
    738  5+4   A674 34   30              PSHS Y,X
    739  2     A676 86   DD              LDA #$dd
    740  5+1   A678 ED   C8 28           STD 40,U
    741  5+1   A67B ED   C8 50           STD 80,U
    742  5+1   A67E EC   C8 2A           LDD 42,U
    743  5+2   A681 34   06              PSHS D
    744  2     A683 84   0F              ANDA #$0F
    745  2     A685 8A   70              ORA #$70
    746  2     A687 C6   11              LDB #$11
    747  5+1   A689 ED   C8 2A           STD 42,U
    748  5+1   A68C EC   C8 52           LDD 82,U
    749  5+2   A68F 34   06              PSHS D
    750  2     A691 84   0F              ANDA #$0F
    751  2     A693 8A   70              ORA #$70
    752  2     A695 C6   11              LDB #$11
    753  5+1   A697 ED   C8 52           STD 82,U
    754  5+1   A69A EC   C8 7A           LDD 122,U
    755  5+2   A69D 34   06              PSHS D
    756  2     A69F 84   0F              ANDA #$0F
    757  2     A6A1 8A   60              ORA #$60
    758  2     A6A3 C6   21              LDB #$21
    759  5+1   A6A5 ED   C8 7A           STD 122,U
    760  5+1   A6A8 AE   C8 78           LDX 120,U
    761  5+2   A6AB 34   10              PSHS X
    762  3     A6AD CC   DC77            LDD #$dc77
    763  5+1   A6B0 ED   C8 78           STD 120,U
    764  5+4   A6B3 37   16              PULU D,X
    765  5+6   A6B5 34   56              PSHS U,X,D
    766  3     A6B7 CC   D111            LDD #$d111
    767  3     A6BA 8E   1222            LDX #$1222
    768  5+4   A6BD 36   16              PSHU D,X
    769  4+4   A6BF 33   C9 0119         LEAU 281,U
    770
    771  4+1   A6C3 A6   C8 50           LDA 80,U
    772  4+1   A6C6 E6   C8 78           LDB 120,U
    773  5+1   A6C9 AE   C8 D7           LDX -41,U
    774  5+4   A6CC 34   16              PSHS X,B,A
    775  5+1   A6CE EC   C8 89           LDD -119,U
    776  5+2   A6D1 34   06              PSHS D
    777  2     A6D3 84   0F              ANDA #$0F
    778  2     A6D5 8A   60              ORA #$60
    779  2     A6D7 C6   21              LDB #$21
    780  5+1   A6D9 ED   C8 89           STD -119,U
    781  5+1   A6DC EC   5F              LDD -1,U
    782  5+2   A6DE 34   06              PSHS D
    783  2     A6E0 84   F0              ANDA #$F0
    784  2     A6E2 8A   03              ORA #$03
    785  2     A6E4 C6   C7              LDB #$c7
    786  5+1   A6E6 ED   5F              STD -1,U
    787  5+1   A6E8 EC   C8 27           LDD 39,U
    788  5+2   A6EB 34   06              PSHS D
    789  2     A6ED 84   F0              ANDA #$F0
    790  2     A6EF 8A   03              ORA #$03
    791  2     A6F1 C6   C7              LDB #$c7
    792  5+1   A6F3 ED   C8 27           STD 39,U
    793  5+1   A6F6 AE   C8 AF           LDX -81,U
    794  2     A6F9 86   CC              LDA #$cc
    795  4+1   A6FB A7   C8 50           STA 80,U
    796  4+1   A6FE A7   C8 78           STA 120,U
    797  6+1   A701 10AE C8 87           LDY -121,U
    798  5+4   A705 34   30              PSHS Y,X
    799  2     A707 86   3C              LDA #$3c
    800  5+1   A709 ED   C8 AF           STD -81,U
    801  5+1   A70C ED   C8 D7           STD -41,U
    802  4+1   A70F A6   C8 B1           LDA -79,U
    803  5+1   A712 34   02              PSHS A
    804  2     A714 84   0F              ANDA #$0F
    805  2     A716 8A   70              ORA #$70
    806  4+1   A718 A7   C8 B1           STA -79,U
    807  4+1   A71B A6   C8 D9           LDA -39,U
    808  5+3   A71E 34   42              PSHS U,A
    809  2     A720 84   0F              ANDA #$0F
    810  2     A722 8A   70              ORA #$70
    811  4+1   A724 A7   C8 D9           STA -39,U
    812  3     A727 CC   DC77            LDD #$dc77
    813  5+1   A72A ED   C8 87           STD -121,U
    814  4+4   A72D 33   C9 0118         LEAU 280,U
    815
    816  4+1   A731 A6   C8 77           LDA 119,U
    817  4+1   A734 E6   C8 88           LDB -120,U
    818  5+2   A737 34   06              PSHS B,A
    819  2     A739 C4   0F              ANDB #$0F
    820  2     A73B CA   C0              ORB #$c0
    821  4+1   A73D E7   C8 88           STB -120,U
    822  4+1   A740 A6   C8 B0           LDA -80,U
    823  5+1   A743 34   02              PSHS A
    824  2     A745 84   0F              ANDA #$0F
    825  2     A747 8A   C0              ORA #$c0
    826  4+1   A749 A7   C8 B0           STA -80,U
    827  4+1   A74C A6   C8 D8           LDA -40,U
    828  5+1   A74F 34   02              PSHS A
    829  2     A751 84   0F              ANDA #$0F
    830  2     A753 8A   C0              ORA #$c0
    831  4+1   A755 A7   C8 D8           STA -40,U
    832  4+0   A758 A6   C4              LDA ,U
    833  5+1   A75A 34   02              PSHS A
    834  2     A75C 84   0F              ANDA #$0F
    835  2     A75E 8A   C0              ORA #$c0
    836  4+0   A760 A7   C4              STA ,U
    837  4+1   A762 A6   C8 27           LDA 39,U
    838  5+1   A765 34   02              PSHS A
    839  2     A767 84   F0              ANDA #$F0
    840  2     A769 8A   0C              ORA #$0c
    841  4+1   A76B A7   C8 27           STA 39,U
    842  4+1   A76E A6   C8 4F           LDA 79,U
    843  5+3   A771 34   42              PSHS U,A
    844  2     A773 84   F0              ANDA #$F0
    845  2     A775 8A   0C              ORA #$0c
    846  4+1   A777 A7   C8 4F           STA 79,U
    847  2     A77A 86   00              LDA #$00
    848  4+1   A77C A7   C8 77           STA 119,U
    849  4+4   A77F 33   C9 00B5         LEAU 181,U
    850
    851  4+1   A783 A6   C8 EA           LDA -22,U
    852  5+1   A786 AE   C8 12           LDX 18,U
    853  5+3   A789 34   12              PSHS X,A
    854  2     A78B 86   00              LDA #$00
    855  4+1   A78D A7   C8 EA           STA -22,U
    856  3     A790 CC   1101            LDD #$1101
    857  5+1   A793 ED   C8 12           STD 18,U
    858  4+1   A796 A6   C8 15           LDA 21,U
    859  5+3   A799 34   42              PSHS U,A
    860  2     A79B 84   F0              ANDA #$F0
    861  2     A79D 8A   04              ORA #$04
    862  4+1   A79F A7   C8 15           STA 21,U
    863  4+4   A7A2 33   C9 00B2         LEAU 178,U
    864
    865  5+1   A7A6 EC   C8 B0           LDD -80,U
    866  5+2   A7A9 34   06              PSHS D
    867  2     A7AB 86   11              LDA #$11
    868  2     A7AD C4   0F              ANDB #$0F
    869  2     A7AF CA   10              ORB #$10
    870  5+1   A7B1 ED   C8 B0           STD -80,U
    871  5+1   A7B4 EC   C8 D8           LDD -40,U
    872  5+2   A7B7 34   06              PSHS D
    873  2     A7B9 86   11              LDA #$11
    874  2     A7BB C4   0F              ANDB #$0F
    875  2     A7BD CA   10              ORB #$10
    876  5+1   A7BF ED   C8 D8           STD -40,U
    877  4+1   A7C2 A6   C8 8B           LDA -117,U
    878  5+1   A7C5 34   02              PSHS A
    879  2     A7C7 84   F0              ANDA #$F0
    880  2     A7C9 8A   04              ORA #$04
    881  4+1   A7CB A7   C8 8B           STA -117,U
    882  4+1   A7CE A6   C8 B3           LDA -77,U
    883  4+1   A7D1 E6   C8 DB           LDB -37,U
    884  5+1   A7D4 AE   C8 88           LDX -120,U
    885  5+4   A7D7 34   16              PSHS X,B,A
    886  3     A7D9 CC   1101            LDD #$1101
    887  5+1   A7DC ED   C8 88           STD -120,U
    888  2     A7DF 86   44              LDA #$44
    889  4+1   A7E1 A7   C8 B3           STA -77,U
    890  4+1   A7E4 A7   C8 DB           STA -37,U
    891  5+4   A7E7 37   30              PULU X,Y
    892  5+6   A7E9 34   70              PSHS U,Y,X
    893  3     A7EB CC   5515            LDD #$5515
    894  3     A7EE 8E   5544            LDX #$5544
    895  5+4   A7F1 36   16              PSHU D,X
    896  4+1   A7F3 33   C8 28           LEAU 40,U
    897
    898  5+4   A7F6 37   30              PULU X,Y
    899  5+6   A7F8 34   70              PSHS U,Y,X
    900  3     A7FA 8E   5544            LDX #$5544
    901  5+4   A7FD 36   16              PSHU D,X
    902  4+1   A7FF 33   C8 28           LEAU 40,U
    903
    904  5+4   A802 37   30              PULU X,Y
    905  5+6   A804 34   70              PSHS U,Y,X
    906  2     A806 C6   55              LDB #$55
    907  3     A808 8E   5555            LDX #$5555
    908  5+4   A80B 36   16              PSHU D,X
    909  4+1   A80D 33   C8 28           LEAU 40,U
    910
    911  5+4   A810 37   30              PULU X,Y
    912  5+6   A812 34   70              PSHS U,Y,X
    913  3     A814 8E   5555            LDX #$5555
    914  5+4   A817 36   16              PSHU D,X
    915  4+1   A819 33   C8 28           LEAU 40,U
    916
    917  5+4   A81C 37   30              PULU X,Y
    918  5+6   A81E 34   70              PSHS U,Y,X
    919  2     A820 C6   51              LDB #$51
    920  3     A822 8E   5433            LDX #$5433
    921  5+4   A825 36   16              PSHU D,X
    922  4+1   A827 33   C8 28           LEAU 40,U
    923
    924  5+4   A82A 37   30              PULU X,Y
    925  5+6   A82C 34   70              PSHS U,Y,X
    926  3     A82E 8E   5433            LDX #$5433
    927  5+4   A831 36   16              PSHU D,X
    928  4+1   A833 33   C8 28           LEAU 40,U
    929
    930  5+3   A836 37   12              PULU A,X
    931  5+5   A838 34   52              PSHS U,X,A
    932  2     A83A 86   33              LDA #$33
    933  3     A83C 8E   3333            LDX #$3333
    934  5+3   A83F 36   12              PSHU A,X
    935  4+1   A841 33   C8 28           LEAU 40,U
    936
    937  5+3   A844 37   12              PULU A,X
    938  5+5   A846 34   52              PSHS U,X,A
    939  2     A848 86   33              LDA #$33
    940  3     A84A 8E   3333            LDX #$3333
    941  5+3   A84D 36   12              PSHU A,X
    942  4+0   A84F 33   E4              LEAU ,S
    943        A851               SSAV_Img_SegaSonic_42
    944  4     A851 10CE 0000            LDS #$0000
    945  5     A855 39                   RTS
    946
----------------
4850 cycle(s)
2134 byte(s)
----------------
    948

000000 Total Errors

000003 Total Symbols
     0x          Label A000 BCKDRAW_Img_SegaSonic_42
     1x          Label A3FD DYN_POS
     1x          Label A851 SSAV_Img_SegaSonic_42

