/*--------------------------------------------------------------*
 * Compilé avec C6809 v0.83                                     *
 *--------------------------------------------------------------*
 * Fichier source      : ./Sonic2/GeneratedCode/SEGA/Img_SegaSonic_41_XB0_Erase.ASM
 * Fichier destination : ./Sonic2/GeneratedCode/SEGA/Img_SegaSonic_41_XB0_Erase.BIN
 * Contenu :
 *     Main     0:IMGE.ASM     2443
 *--------------------------------------------------------------*/

Macro Pass
Pass1
Pass2
      2        A000                      ORG $A000
      3                  FF              SETDP $FF
      4        A000               ERASE_Img_SegaSonic_41
      5  6+5   A000 10EF 8D 01B7         STS ERASE_SSAV_Img_SegaSonic_41+1,>>
      6
      7  4+0   A005 32   C4              LEAS ,U
      8        A007               ERASE_CODE_Img_SegaSonic_41_1
      9  5+4   A007 35   46              PULS A,B,U
     10  4+1   A009 A7   C8 3C           STA 60,U
     11  4+1   A00C E7   C8 64           STB 100,U
     12
     13  5+2   A00F 35   06              PULS A,B
     14  4+1   A011 A7   C8 EC           STA -20,U
     15  4+1   A014 E7   C8 14           STB 20,U
     16
     17  5+2   A017 35   06              PULS A,B
     18  4+1   A019 A7   C8 9C           STA -100,U
     19  4+1   A01C E7   C8 C4           STB -60,U
     20
     21  5+4   A01F 35   46              PULS D,U
     22  5+1   A021 ED   C8 78           STD 120,U
     23
     24  5+2   A024 35   06              PULS D
     25  5+1   A026 ED   C8 50           STD 80,U
     26
     27  5+5   A029 35   32              PULS A,X,Y
     28  4+1   A02B A7   C8 88           STA -120,U
     29  5+1   A02E AF   C8 28           STX 40,U
     30  6+0   A031 10AF C4              STY ,U
     31
     32  5+4   A034 35   16              PULS D,X
     33  5+1   A036 ED   C8 D8           STD -40,U
     34  5+1   A039 AF   C8 B0           STX -80,U
     35
     36  5+3   A03C 35   42              PULS A,U
     37  4+1   A03E A7   C8 50           STA 80,U
     38
     39  5+2   A041 35   06              PULS A,B
     40  4+1   A043 A7   C8 28           STA 40,U
     41  4+0   A046 E7   C4              STB ,U
     42
     43  5+2   A048 35   06              PULS A,B
     44  4+1   A04A A7   C8 D8           STA -40,U
     45  4+1   A04D E7   C8 B0           STB -80,U
     46
     47  5+2   A050 35   06              PULS A,B
     48  4+1   A052 A7   C8 78           STA 120,U
     49  4+1   A055 E7   C8 88           STB -120,U
     50
     51  5+3   A058 35   42              PULS A,U
     52  4+1   A05A A7   C8 50           STA 80,U
     53
     54  5+2   A05D 35   06              PULS A,B
     55  4+1   A05F A7   C8 28           STA 40,U
     56  4+0   A062 E7   C4              STB ,U
     57
     58  5+2   A064 35   06              PULS A,B
     59  4+1   A066 A7   C8 B0           STA -80,U
     60  4+1   A069 E7   C8 D8           STB -40,U
     61
     62  5+6   A06C 35   56              PULS D,X,U
     63  5+1   A06E ED   C8 D7           STD -41,U
     64  5+1   A071 AF   5F              STX -1,U
     65
     66  5+5   A073 35   32              PULS A,X,Y
     67  4+1   A075 A7   C8 78           STA 120,U
     68  5+1   A078 AF   C8 87           STX -121,U
     69  6+1   A07B 10AF C8 AF           STY -81,U
     70
     71  5+4   A07F 35   16              PULS D,X
     72  5+1   A081 ED   C8 4F           STD 79,U
     73  5+1   A084 AF   C8 27           STX 39,U
     74
     75  5+6   A087 35   56              PULS D,X,U
     76  5+1   A089 ED   C8 D8           STD -40,U
     77  5+0   A08C AF   C4              STX ,U
     78
     79  5+6   A08E 35   36              PULS D,X,Y
     80  5+1   A090 ED   C8 50           STD 80,U
     81  5+1   A093 AF   C8 78           STX 120,U
     82  6+1   A096 10AF C8 28           STY 40,U
     83
     84  5+4   A09A 35   16              PULS D,X
     85  5+1   A09C ED   C8 88           STD -120,U
     86  5+1   A09F AF   C8 B0           STX -80,U
     87
     88  5+6   A0A2 35   56              PULS D,X,U
     89  5+1   A0A4 ED   C8 50           STD 80,U
     90  5+1   A0A7 AF   C8 78           STX 120,U
     91
     92  5+6   A0AA 35   36              PULS D,X,Y
     93  5+1   A0AC ED   C8 D8           STD -40,U
     94  5+0   A0AF AF   C4              STX ,U
     95  6+1   A0B1 10AF C8 28           STY 40,U
     96
     97  5+4   A0B5 35   16              PULS D,X
     98  5+1   A0B7 ED   C8 88           STD -120,U
     99  5+1   A0BA AF   C8 B0           STX -80,U
    100
    101  5+6   A0BD 35   56              PULS D,X,U
    102  5+1   A0BF ED   C8 50           STD 80,U
    103  5+1   A0C2 AF   C8 78           STX 120,U
    104
    105  5+6   A0C5 35   36              PULS D,X,Y
    106  5+1   A0C7 ED   C8 D8           STD -40,U
    107  5+0   A0CA AF   C4              STX ,U
    108  6+1   A0CC 10AF C8 28           STY 40,U
    109
    110  5+4   A0D0 35   16              PULS D,X
    111  5+1   A0D2 ED   C8 88           STD -120,U
    112  5+1   A0D5 AF   C8 B0           STX -80,U
    113
    114  5+4   A0D8 35   46              PULS D,U
    115  5+1   A0DA ED   C8 77           STD 119,U
    116
    117  5+4   A0DD 35   16              PULS D,X
    118  5+1   A0DF ED   5F              STD -1,U
    119  5+1   A0E1 AF   C8 D7           STX -41,U
    120
    121  5+6   A0E4 35   36              PULS A,B,X,Y
    122  4+1   A0E6 A7   C8 88           STA -120,U
    123  4+1   A0E9 E7   C8 B0           STB -80,U
    124  5+1   A0EC AF   C8 27           STX 39,U
    125  6+1   A0EF 10AF C8 4F           STY 79,U
    126
    127  5+3   A0F3 35   42              PULS A,U
    128  4+1   A0F5 A7   C8 78           STA 120,U
    129
    130  5+2   A0F8 35   06              PULS A,B
    131  4+1   A0FA A7   C8 28           STA 40,U
    132  4+1   A0FD E7   C8 50           STB 80,U
    133
    134  5+2   A100 35   06              PULS A,B
    135  4+1   A102 A7   C8 D8           STA -40,U
    136  4+0   A105 E7   C4              STB ,U
    137
    138  5+2   A107 35   06              PULS A,B
    139  4+1   A109 A7   C8 88           STA -120,U
    140  4+1   A10C E7   C8 B0           STB -80,U
    141
    142  5+3   A10F 35   42              PULS A,U
    143  4+1   A111 A7   C8 50           STA 80,U
    144
    145  5+2   A114 35   06              PULS A,B
    146  4+1   A116 A7   C8 28           STA 40,U
    147  4+0   A119 E7   C4              STB ,U
    148
    149  5+2   A11B 35   06              PULS A,B
    150  4+1   A11D A7   C8 D8           STA -40,U
    151  4+1   A120 E7   C8 B0           STB -80,U
    152
    153  5+2   A123 35   06              PULS A,B
    154  4+1   A125 A7   C8 78           STA 120,U
    155  4+1   A128 E7   C8 88           STB -120,U
    156
    157  5+3   A12B 35   42              PULS A,U
    158  4+0   A12D A7   C4              STA ,U
    159
    160  5+3   A12F 35   42              PULS A,U
    161  4+1   A131 A7   C8 78           STA 120,U
    162
    163  5+2   A134 35   06              PULS A,B
    164  4+1   A136 A7   C8 D8           STA -40,U
    165  4+0   A139 E7   C4              STB ,U
    166
    167  5+2   A13B 35   06              PULS A,B
    168  4+1   A13D A7   C8 28           STA 40,U
    169  4+1   A140 E7   C8 50           STB 80,U
    170
    171  5+2   A143 35   06              PULS A,B
    172  4+1   A145 A7   C8 88           STA -120,U
    173  4+1   A148 E7   C8 B0           STB -80,U
    174
    175  5+6   A14B 35   56              PULS D,X,U
    176  5+0   A14D ED   C4              STD ,U
    177  5+1   A14F AF   C8 88           STX -120,U
    178
    179  5+6   A152 35   36              PULS D,X,Y
    180  5+1   A154 ED   C8 78           STD 120,U
    181  5+1   A157 AF   C8 50           STX 80,U
    182  6+1   A15A 10AF C8 28           STY 40,U
    183
    184  5+4   A15E 35   16              PULS D,X
    185  5+1   A160 ED   C8 B0           STD -80,U
    186  5+1   A163 AF   C8 D8           STX -40,U
    187
    188  5+6   A166 35   56              PULS D,X,U
    189  5+1   A168 ED   C8 28           STD 40,U
    190  5+0   A16B AF   C4              STX ,U
    191
    192  5+6   A16D 35   36              PULS D,X,Y
    193  5+1   A16F ED   C8 D8           STD -40,U
    194  5+1   A172 AF   C8 50           STX 80,U
    195  6+1   A175 10AF C8 78           STY 120,U
    196
    197  5+4   A179 35   16              PULS D,X
    198  5+1   A17B ED   C8 B0           STD -80,U
    199  5+1   A17E AF   C8 88           STX -120,U
    200
    201  5+6   A181 35   56              PULS D,X,U
    202  5+1   A183 ED   C8 50           STD 80,U
    203  5+1   A186 AF   C8 78           STX 120,U
    204
    205  5+6   A189 35   36              PULS D,X,Y
    206  5+1   A18B ED   C8 28           STD 40,U
    207  5+0   A18E AF   C4              STX ,U
    208  6+1   A190 10AF C8 D8           STY -40,U
    209
    210  5+4   A194 35   16              PULS D,X
    211  5+1   A196 ED   C8 B0           STD -80,U
    212  5+1   A199 AF   C8 88           STX -120,U
    213
    214  5+3   A19C 35   42              PULS A,U
    215  4+1   A19E A7   C8 B0           STA -80,U
    216
    217  5+5   A1A1 35   32              PULS A,X,Y
    218  4+1   A1A3 A7   C8 88           STA -120,U
    219  5+1   A1A6 AF   C8 78           STX 120,U
    220  6+1   A1A9 10AF C8 50           STY 80,U
    221
    222  5+6   A1AD 35   36              PULS D,X,Y
    223  5+1   A1AF ED   C8 28           STD 40,U
    224  5+0   A1B2 AF   C4              STX ,U
    225  6+1   A1B4 10AF C8 D8           STY -40,U
    226
    227  4+0   A1B8 33   E4              LEAU ,S
    228        A1BA               ERASE_SSAV_Img_SegaSonic_41
    229  4     A1BA 10CE 0000            LDS #$0000
    230  5     A1BE 39                   RTS
    231
----------------
1117 cycle(s)
447 byte(s)
----------------
    233
    234                  00D0     DataSize equ $00D0

000000 Total Errors

000004 Total Symbols
     0x          Equ   00D0 DataSize
     0x          Label A007 ERASE_CODE_Img_SegaSonic_41_1
     0x          Label A000 ERASE_Img_SegaSonic_41
     1x          Label A1BA ERASE_SSAV_Img_SegaSonic_41

