/*--------------------------------------------------------------*
 * Compilé avec C6809 v0.83                                     *
 *--------------------------------------------------------------*
 * Fichier source      : ./Sonic2/GeneratedCode/SEGA/Img_SegaTrails_2_XD0.ASM
 * Fichier destination : ./Sonic2/GeneratedCode/SEGA/Img_SegaTrails_2_XD0.BIN
 * Contenu :
 *     Main     0:IMGD.ASM     2701
 *--------------------------------------------------------------*/

Macro Pass
Pass1
Pass2
      2        A000                      ORG $A000
      3                  FF              SETDP $FF
      4        A000               DRAW_Img_SegaTrails_2
      5  5+5   A000 ED   8D 00EC         STD DYN_POS+1,PCR
      6  5+0   A004 EE   A4              LDU ,Y
      7  4+4   A006 33   C9 0550         LEAU 1360,U
      8
      9  2     A00A 86   88              LDA #$88
     10  3     A00C 8E   99AA            LDX #$99aa
     11  5+3   A00F 36   12              PSHU A,X
     12  4+1   A011 33   C8 B3           LEAU -77,U
     13
     14  3     A014 CC   8899            LDD #$8899
     15  3     A017 8E   AABB            LDX #$aabb
     16  5+4   A01A 36   16              PSHU D,X
     17  4+1   A01C 33   C8 B4           LEAU -76,U
     18
     19  5+4   A01F 36   16              PSHU D,X
     20  4+1   A021 33   C8 B4           LEAU -76,U
     21
     22  5+4   A024 36   16              PSHU D,X
     23  4+1   A026 33   C8 B4           LEAU -76,U
     24
     25  3     A029 CC   899A            LDD #$899a
     26  3     A02C 8E   ABBB            LDX #$abbb
     27  5+4   A02F 36   16              PSHU D,X
     28  4+1   A031 33   C8 B4           LEAU -76,U
     29
     30  5+4   A034 36   16              PSHU D,X
     31  4+1   A036 33   C8 B4           LEAU -76,U
     32
     33  3     A039 CC   99AA            LDD #$99aa
     34  3     A03C 8E   BBBB            LDX #$bbbb
     35  5+4   A03F 36   16              PSHU D,X
     36  4+1   A041 33   C8 B4           LEAU -76,U
     37
     38  5+4   A044 36   16              PSHU D,X
     39  4+1   A046 33   C8 B4           LEAU -76,U
     40
     41  5+4   A049 36   16              PSHU D,X
     42  4+1   A04B 33   C8 B4           LEAU -76,U
     43
     44  5+4   A04E 36   16              PSHU D,X
     45  4+1   A050 33   C8 B4           LEAU -76,U
     46
     47  5+4   A053 36   16              PSHU D,X
     48  4+1   A055 33   C8 B4           LEAU -76,U
     49
     50  5+4   A058 36   16              PSHU D,X
     51  4+1   A05A 33   C8 B4           LEAU -76,U
     52
     53  5+4   A05D 36   16              PSHU D,X
     54  4+1   A05F 33   C8 B4           LEAU -76,U
     55
     56  5+4   A062 36   16              PSHU D,X
     57  4+1   A064 33   C8 B4           LEAU -76,U
     58
     59  5+4   A067 36   16              PSHU D,X
     60  4+1   A069 33   C8 B4           LEAU -76,U
     61
     62  5+4   A06C 36   16              PSHU D,X
     63  4+1   A06E 33   C8 B4           LEAU -76,U
     64
     65  3     A071 CC   899A            LDD #$899a
     66  3     A074 8E   ABBB            LDX #$abbb
     67  5+4   A077 36   16              PSHU D,X
     68  4+1   A079 33   C8 B4           LEAU -76,U
     69
     70  3     A07C CC   99AA            LDD #$99aa
     71  3     A07F 8E   BBBB            LDX #$bbbb
     72  5+4   A082 36   16              PSHU D,X
     73  4+1   A084 33   C8 B4           LEAU -76,U
     74
     75  5+4   A087 36   16              PSHU D,X
     76  4+1   A089 33   C8 B4           LEAU -76,U
     77
     78  5+4   A08C 36   16              PSHU D,X
     79  4+1   A08E 33   C8 B4           LEAU -76,U
     80
     81  3     A091 CC   AABB            LDD #$aabb
     82  5+4   A094 36   16              PSHU D,X
     83  4+1   A096 33   C8 B4           LEAU -76,U
     84
     85  5+4   A099 36   16              PSHU D,X
     86  4+1   A09B 33   C8 B4           LEAU -76,U
     87
     88  5+4   A09E 36   16              PSHU D,X
     89  4+1   A0A0 33   C8 B4           LEAU -76,U
     90
     91  5+4   A0A3 36   16              PSHU D,X
     92  4+1   A0A5 33   C8 B4           LEAU -76,U
     93
     94  5+4   A0A8 36   16              PSHU D,X
     95  4+1   A0AA 33   C8 B4           LEAU -76,U
     96
     97  5+4   A0AD 36   16              PSHU D,X
     98  4+1   A0AF 33   C8 B4           LEAU -76,U
     99
    100  5+4   A0B2 36   16              PSHU D,X
    101  4+1   A0B4 33   C8 B4           LEAU -76,U
    102
    103  5+4   A0B7 36   16              PSHU D,X
    104  4+1   A0B9 33   C8 B4           LEAU -76,U
    105
    106  3     A0BC CC   9AAB            LDD #$9aab
    107  5+4   A0BF 36   16              PSHU D,X
    108  4+1   A0C1 33   C8 B4           LEAU -76,U
    109
    110  5+4   A0C4 36   16              PSHU D,X
    111  4+1   A0C6 33   C8 B4           LEAU -76,U
    112
    113  5+4   A0C9 36   16              PSHU D,X
    114  4+1   A0CB 33   C8 B4           LEAU -76,U
    115
    116  5+4   A0CE 36   16              PSHU D,X
    117  4+1   A0D0 33   C8 B4           LEAU -76,U
    118
    119  3     A0D3 CC   99AA            LDD #$99aa
    120  5+4   A0D6 36   16              PSHU D,X
    121  4+1   A0D8 33   C8 B4           LEAU -76,U
    122
    123  5+4   A0DB 36   16              PSHU D,X
    124  4+1   A0DD 33   C8 B4           LEAU -76,U
    125
    126  4+1   A0E0 A6   5C              LDA -4,U
    127  2     A0E2 84   F0              ANDA #$F0
    128  2     A0E4 8A   08              ORA #$08
    129  4+1   A0E6 A7   5C              STA -4,U
    130  2     A0E8 86   89              LDA #$89
    131  3     A0EA 8E   9AAB            LDX #$9aab
    132  5+3   A0ED 36   12              PSHU A,X
    133        A0EF               DYN_POS
    134
    135  3     A0EF CE   0000            LDU #$0000
    136  4+4   A0F2 33   C9 0550         LEAU 1360,U
    137
    138  4+1   A0F6 A6   5C              LDA -4,U
    139  2     A0F8 84   F0              ANDA #$F0
    140  2     A0FA 8A   08              ORA #$08
    141  4+1   A0FC A7   5C              STA -4,U
    142  2     A0FE 86   89              LDA #$89
    143  3     A100 8E   9AAB            LDX #$9aab
    144  5+3   A103 36   12              PSHU A,X
    145  4+1   A105 33   C8 B3           LEAU -77,U
    146
    147  3     A108 CC   8899            LDD #$8899
    148  3     A10B 8E   AABB            LDX #$aabb
    149  5+4   A10E 36   16              PSHU D,X
    150  4+1   A110 33   C8 B4           LEAU -76,U
    151
    152  3     A113 CC   899A            LDD #$899a
    153  3     A116 8E   ABBB            LDX #$abbb
    154  5+4   A119 36   16              PSHU D,X
    155  4+1   A11B 33   C8 B4           LEAU -76,U
    156
    157  3     A11E CC   99AA            LDD #$99aa
    158  3     A121 8E   BBBB            LDX #$bbbb
    159  5+4   A124 36   16              PSHU D,X
    160  4+1   A126 33   C8 B4           LEAU -76,U
    161
    162  5+4   A129 36   16              PSHU D,X
    163  4+1   A12B 33   C8 B4           LEAU -76,U
    164
    165  5+4   A12E 36   16              PSHU D,X
    166  4+1   A130 33   C8 B4           LEAU -76,U
    167
    168  5+4   A133 36   16              PSHU D,X
    169  4+1   A135 33   C8 B4           LEAU -76,U
    170
    171  5+4   A138 36   16              PSHU D,X
    172  4+1   A13A 33   C8 B4           LEAU -76,U
    173
    174  3     A13D CC   9AAB            LDD #$9aab
    175  5+4   A140 36   16              PSHU D,X
    176  4+1   A142 33   C8 B4           LEAU -76,U
    177
    178  5+4   A145 36   16              PSHU D,X
    179  4+1   A147 33   C8 B4           LEAU -76,U
    180
    181  3     A14A CC   AABB            LDD #$aabb
    182  5+4   A14D 36   16              PSHU D,X
    183  4+1   A14F 33   C8 B4           LEAU -76,U
    184
    185  5+4   A152 36   16              PSHU D,X
    186  4+1   A154 33   C8 B4           LEAU -76,U
    187
    188  5+4   A157 36   16              PSHU D,X
    189  4+1   A159 33   C8 B4           LEAU -76,U
    190
    191  5+4   A15C 36   16              PSHU D,X
    192  4+1   A15E 33   C8 B4           LEAU -76,U
    193
    194  3     A161 CC   9AAB            LDD #$9aab
    195  5+4   A164 36   16              PSHU D,X
    196  4+1   A166 33   C8 B4           LEAU -76,U
    197
    198  3     A169 CC   99AA            LDD #$99aa
    199  5+4   A16C 36   16              PSHU D,X
    200  4+1   A16E 33   C8 B4           LEAU -76,U
    201
    202  5+4   A171 36   16              PSHU D,X
    203  4+1   A173 33   C8 B4           LEAU -76,U
    204
    205  3     A176 CC   9AAB            LDD #$9aab
    206  5+4   A179 36   16              PSHU D,X
    207  4+1   A17B 33   C8 B4           LEAU -76,U
    208
    209  3     A17E CC   AABB            LDD #$aabb
    210  5+4   A181 36   16              PSHU D,X
    211  4+1   A183 33   C8 B4           LEAU -76,U
    212
    213  5+4   A186 36   16              PSHU D,X
    214  4+1   A188 33   C8 B4           LEAU -76,U
    215
    216  5+4   A18B 36   16              PSHU D,X
    217  4+1   A18D 33   C8 B4           LEAU -76,U
    218
    219  5+4   A190 36   16              PSHU D,X
    220  4+1   A192 33   C8 B4           LEAU -76,U
    221
    222  5+4   A195 36   16              PSHU D,X
    223  4+1   A197 33   C8 B4           LEAU -76,U
    224
    225  5+4   A19A 36   16              PSHU D,X
    226  4+1   A19C 33   C8 B4           LEAU -76,U
    227
    228  5+4   A19F 36   16              PSHU D,X
    229  4+1   A1A1 33   C8 B4           LEAU -76,U
    230
    231  5+4   A1A4 36   16              PSHU D,X
    232  4+1   A1A6 33   C8 B4           LEAU -76,U
    233
    234  5+4   A1A9 36   16              PSHU D,X
    235  4+1   A1AB 33   C8 B4           LEAU -76,U
    236
    237  5+4   A1AE 36   16              PSHU D,X
    238  4+1   A1B0 33   C8 B4           LEAU -76,U
    239
    240  5+4   A1B3 36   16              PSHU D,X
    241  4+1   A1B5 33   C8 B4           LEAU -76,U
    242
    243  5+4   A1B8 36   16              PSHU D,X
    244  4+1   A1BA 33   C8 B4           LEAU -76,U
    245
    246  5+4   A1BD 36   16              PSHU D,X
    247  4+1   A1BF 33   C8 B4           LEAU -76,U
    248
    249  5+4   A1C2 36   16              PSHU D,X
    250  4+1   A1C4 33   C8 B4           LEAU -76,U
    251
    252  5+4   A1C7 36   16              PSHU D,X
    253  4+1   A1C9 33   C8 B4           LEAU -76,U
    254
    255  5+4   A1CC 36   16              PSHU D,X
    256  4+1   A1CE 33   C8 B4           LEAU -76,U
    257
    258  3     A1D1 CC   8899            LDD #$8899
    259  3     A1D4 8E   AABB            LDX #$aabb
    260  5+4   A1D7 36   16              PSHU D,X
    261  5     A1D9 39                   RTS
    262
----------------
1130 cycle(s)
474 byte(s)
----------------
    264

000000 Total Errors

000002 Total Symbols
     0x          Label A000 DRAW_Img_SegaTrails_2
     1x          Label A0EF DYN_POS

