/*--------------------------------------------------------------*
 * Compilé avec C6809 v0.83                                     *
 *--------------------------------------------------------------*
 * Fichier source      : ./Sonic2/GeneratedCode/SEGA/Img_SegaSonic_31_XB0_Erase.ASM
 * Fichier destination : ./Sonic2/GeneratedCode/SEGA/Img_SegaSonic_31_XB0_Erase.BIN
 * Contenu :
 *     Main     0:IMGE.ASM     2668
 *--------------------------------------------------------------*/

Macro Pass
Pass1
Pass2
      2        A000                      ORG $A000
      3                  FF              SETDP $FF
      4        A000               ERASE_Img_SegaSonic_31
      5  6+5   A000 10EF 8D 01E5         STS ERASE_SSAV_Img_SegaSonic_31+1,>>
      6
      7  4+0   A005 32   C4              LEAS ,U
      8        A007               ERASE_CODE_Img_SegaSonic_31_1
      9  5+3   A007 35   42              PULS A,U
     10  4+0   A009 A7   C4              STA ,U
     11
     12  5+3   A00B 35   42              PULS A,U
     13  4+1   A00D A7   C8 78           STA 120,U
     14
     15  5+2   A010 35   06              PULS A,B
     16  4+1   A012 A7   C8 28           STA 40,U
     17  4+1   A015 E7   C8 50           STB 80,U
     18
     19  5+2   A018 35   06              PULS A,B
     20  4+1   A01A A7   C8 D8           STA -40,U
     21  4+0   A01D E7   C4              STB ,U
     22
     23  5+2   A01F 35   06              PULS A,B
     24  4+1   A021 A7   C8 88           STA -120,U
     25  4+1   A024 E7   C8 B0           STB -80,U
     26
     27  5+4   A027 35   46              PULS A,B,U
     28  4+1   A029 A7   C8 50           STA 80,U
     29  4+1   A02C E7   C8 78           STB 120,U
     30
     31  5+6   A02F 35   36              PULS A,B,X,Y
     32  4+0   A031 A7   C4              STA ,U
     33  4+1   A033 E7   C8 28           STB 40,U
     34  5+1   A036 AF   C8 D7           STX -41,U
     35  6+1   A039 10AF C8 AF           STY -81,U
     36
     37  5+2   A03D 35   06              PULS D
     38  5+1   A03F ED   C8 87           STD -121,U
     39
     40  5+4   A042 35   46              PULS D,U
     41  5+1   A044 ED   C8 78           STD 120,U
     42
     43  5+6   A047 35   36              PULS D,X,Y
     44  5+1   A049 ED   C8 50           STD 80,U
     45  5+1   A04C AF   C8 28           STX 40,U
     46  6+0   A04F 10AF C4              STY ,U
     47
     48  5+6   A052 35   36              PULS D,X,Y
     49  5+1   A054 ED   C8 D8           STD -40,U
     50  5+1   A057 AF   C8 B0           STX -80,U
     51  6+1   A05A 10AF C8 88           STY -120,U
     52
     53  5+3   A05E 35   42              PULS A,U
     54  4+1   A060 A7   C8 D8           STA -40,U
     55
     56  5+4   A063 35   16              PULS D,X
     57  5+1   A065 ED   C8 27           STD 39,U
     58  5+1   A068 AF   5F              STX -1,U
     59
     60  5+6   A06A 35   36              PULS A,B,X,Y
     61  4+1   A06C A7   C8 88           STA -120,U
     62  4+1   A06F E7   C8 B0           STB -80,U
     63  5+1   A072 AF   C8 77           STX 119,U
     64  6+1   A075 10AF C8 4F           STY 79,U
     65
     66  5+6   A079 35   56              PULS D,X,U
     67  5+1   A07B ED   C8 D7           STD -41,U
     68  5+1   A07E AF   5F              STX -1,U
     69
     70  5+5   A080 35   32              PULS A,X,Y
     71  4+1   A082 A7   C8 78           STA 120,U
     72  5+1   A085 AF   C8 87           STX -121,U
     73  6+1   A088 10AF C8 AF           STY -81,U
     74
     75  5+4   A08C 35   16              PULS D,X
     76  5+1   A08E ED   C8 4F           STD 79,U
     77  5+1   A091 AF   C8 27           STX 39,U
     78
     79  5+6   A094 35   56              PULS D,X,U
     80  5+1   A096 ED   C8 28           STD 40,U
     81  5+1   A099 AF   C8 78           STX 120,U
     82
     83  5+6   A09C 35   36              PULS D,X,Y
     84  5+1   A09E ED   C8 B0           STD -80,U
     85  5+1   A0A1 AF   C8 D8           STX -40,U
     86  6+0   A0A4 10AF C4              STY ,U
     87
     88  5+4   A0A7 35   16              PULS D,X
     89  5+1   A0A9 ED   C8 88           STD -120,U
     90  5+1   A0AC AF   C8 50           STX 80,U
     91
     92  5+6   A0AF 35   56              PULS D,X,U
     93  5+1   A0B1 ED   C8 50           STD 80,U
     94  5+1   A0B4 AF   C8 78           STX 120,U
     95
     96  5+6   A0B7 35   36              PULS D,X,Y
     97  5+1   A0B9 ED   C8 D8           STD -40,U
     98  5+0   A0BC AF   C4              STX ,U
     99  6+1   A0BE 10AF C8 28           STY 40,U
    100
    101  5+4   A0C2 35   16              PULS D,X
    102  5+1   A0C4 ED   C8 88           STD -120,U
    103  5+1   A0C7 AF   C8 B0           STX -80,U
    104
    105  5+6   A0CA 35   56              PULS D,X,U
    106  5+1   A0CC ED   C8 50           STD 80,U
    107  5+1   A0CF AF   C8 78           STX 120,U
    108
    109  5+6   A0D2 35   36              PULS D,X,Y
    110  5+1   A0D4 ED   C8 D8           STD -40,U
    111  5+0   A0D7 AF   C4              STX ,U
    112  6+1   A0D9 10AF C8 28           STY 40,U
    113
    114  5+4   A0DD 35   16              PULS D,X
    115  5+1   A0DF ED   C8 88           STD -120,U
    116  5+1   A0E2 AF   C8 B0           STX -80,U
    117
    118  5+4   A0E5 35   46              PULS D,U
    119  5+1   A0E7 ED   C8 78           STD 120,U
    120
    121  5+6   A0EA 35   36              PULS D,X,Y
    122  5+1   A0EC ED   C8 28           STD 40,U
    123  5+1   A0EF AF   C8 50           STX 80,U
    124  6+0   A0F2 10AF C4              STY ,U
    125
    126  5+6   A0F5 35   36              PULS D,X,Y
    127  5+1   A0F7 ED   C8 D8           STD -40,U
    128  5+1   A0FA AF   C8 B0           STX -80,U
    129  6+1   A0FD 10AF C8 88           STY -120,U
    130
    131  5+3   A101 35   42              PULS A,U
    132  4+1   A103 A7   C8 14           STA 20,U
    133
    134  5+1   A106 35   02              PULS A
    135  4+1   A108 A7   C8 EC           STA -20,U
    136
    137  5+3   A10B 35   42              PULS A,U
    138  4+1   A10D A7   C8 78           STA 120,U
    139
    140  5+2   A110 35   06              PULS A,B
    141  4+1   A112 A7   C8 28           STA 40,U
    142  4+1   A115 E7   C8 50           STB 80,U
    143
    144  5+2   A118 35   06              PULS A,B
    145  4+1   A11A A7   C8 D8           STA -40,U
    146  4+0   A11D E7   C4              STB ,U
    147
    148  5+2   A11F 35   06              PULS A,B
    149  4+1   A121 A7   C8 88           STA -120,U
    150  4+1   A124 E7   C8 B0           STB -80,U
    151
    152  5+3   A127 35   42              PULS A,U
    153  4+1   A129 A7   C8 78           STA 120,U
    154
    155  5+2   A12C 35   06              PULS A,B
    156  4+1   A12E A7   C8 28           STA 40,U
    157  4+1   A131 E7   C8 50           STB 80,U
    158
    159  5+2   A134 35   06              PULS A,B
    160  4+1   A136 A7   C8 D8           STA -40,U
    161  4+0   A139 E7   C4              STB ,U
    162
    163  5+2   A13B 35   06              PULS A,B
    164  4+1   A13D A7   C8 88           STA -120,U
    165  4+1   A140 E7   C8 B0           STB -80,U
    166
    167  5+3   A143 35   42              PULS A,U
    168  4+1   A145 A7   C8 78           STA 120,U
    169
    170  5+2   A148 35   06              PULS A,B
    171  4+1   A14A A7   C8 28           STA 40,U
    172  4+1   A14D E7   C8 50           STB 80,U
    173
    174  5+2   A150 35   06              PULS A,B
    175  4+1   A152 A7   C8 D8           STA -40,U
    176  4+0   A155 E7   C4              STB ,U
    177
    178  5+2   A157 35   06              PULS A,B
    179  4+1   A159 A7   C8 88           STA -120,U
    180  4+1   A15C E7   C8 B0           STB -80,U
    181
    182  5+3   A15F 35   42              PULS A,U
    183  4+1   A161 A7   C8 50           STA 80,U
    184
    185  5+2   A164 35   06              PULS A,B
    186  4+1   A166 A7   C8 78           STA 120,U
    187  4+1   A169 E7   C8 28           STB 40,U
    188
    189  5+2   A16C 35   06              PULS A,B
    190  4+1   A16E A7   C8 D8           STA -40,U
    191  4+0   A171 E7   C4              STB ,U
    192
    193  5+2   A173 35   06              PULS A,B
    194  4+1   A175 A7   C8 88           STA -120,U
    195  4+1   A178 E7   C8 B0           STB -80,U
    196
    197  5+8   A17B 35   76              PULS D,X,Y,U
    198  5+1   A17D ED   5F              STD -1,U
    199  5+1   A17F AF   C8 AF           STX -81,U
    200  6+1   A182 10AF C8 D7           STY -41,U
    201
    202  5+6   A186 35   36              PULS A,B,X,Y
    203  4+1   A188 A7   C8 50           STA 80,U
    204  4+1   A18B E7   C8 78           STB 120,U
    205  5+1   A18E AF   C8 27           STX 39,U
    206  6+1   A191 10AF C8 87           STY -121,U
    207
    208  5+6   A195 35   56              PULS D,X,U
    209  5+1   A197 ED   C8 78           STD 120,U
    210  5+1   A19A AF   C8 B0           STX -80,U
    211
    212  5+6   A19D 35   36              PULS D,X,Y
    213  5+1   A19F ED   C8 50           STD 80,U
    214  5+0   A1A2 AF   C4              STX ,U
    215  6+1   A1A4 10AF C8 D8           STY -40,U
    216
    217  5+4   A1A8 35   16              PULS D,X
    218  5+1   A1AA ED   C8 28           STD 40,U
    219  5+1   A1AD AF   C8 88           STX -120,U
    220
    221  5+6   A1B0 35   56              PULS D,X,U
    222  5+1   A1B2 ED   C8 50           STD 80,U
    223  5+1   A1B5 AF   C8 78           STX 120,U
    224
    225  5+6   A1B8 35   36              PULS D,X,Y
    226  5+0   A1BA ED   C4              STD ,U
    227  5+1   A1BC AF   C8 28           STX 40,U
    228  6+1   A1BF 10AF C8 D8           STY -40,U
    229
    230  5+4   A1C3 35   16              PULS D,X
    231  5+1   A1C5 ED   C8 B0           STD -80,U
    232  5+1   A1C8 AF   C8 88           STX -120,U
    233
    234  5+4   A1CB 35   46              PULS A,B,U
    235  4+1   A1CD A7   C8 88           STA -120,U
    236  4+1   A1D0 E7   C8 B0           STB -80,U
    237
    238  5+6   A1D3 35   36              PULS D,X,Y
    239  5+1   A1D5 ED   C8 77           STD 119,U
    240  5+1   A1D8 AF   C8 4F           STX 79,U
    241  6+1   A1DB 10AF C8 27           STY 39,U
    242
    243  5+4   A1DF 35   16              PULS D,X
    244  5+1   A1E1 ED   5F              STD -1,U
    245  5+1   A1E3 AF   C8 D7           STX -41,U
    246
    247  4+0   A1E6 33   E4              LEAU ,S
    248        A1E8               ERASE_SSAV_Img_SegaSonic_31
    249  4     A1E8 10CE 0000            LDS #$0000
    250  5     A1EC 39                   RTS
    251
----------------
1233 cycle(s)
493 byte(s)
----------------
    253
    254                  00E8     DataSize equ $00E8

000000 Total Errors

000004 Total Symbols
     0x          Equ   00E8 DataSize
     0x          Label A007 ERASE_CODE_Img_SegaSonic_31_1
     0x          Label A000 ERASE_Img_SegaSonic_31
     1x          Label A1E8 ERASE_SSAV_Img_SegaSonic_31

