/*--------------------------------------------------------------*
 * Compilé avec C6809 v0.83                                     *
 *--------------------------------------------------------------*
 * Fichier source      : ./Sonic2/GeneratedCode/SEGA/Img_SegaLogo_1_ND0.ASM
 * Fichier destination : ./Sonic2/GeneratedCode/SEGA/Img_SegaLogo_1_ND0.BIN
 * Contenu :
 *     Main     0:IMGD.ASM     18511
 *--------------------------------------------------------------*/

Macro Pass
Pass1
Pass2
      2        A000                      ORG $A000
      3                  FF              SETDP $FF
      4        A000               DRAW_Img_SegaLogo_1
      5  5+5   A000 ED   8D 06EE         STD DYN_POS+1,PCR
      6  5+0   A004 EE   A4              LDU ,Y
      7  4+4   A006 33   C9 0495         LEAU 1173,U
      8
      9  3     A00A CC   BBBB            LDD #$bbbb
     10  3     A00D 8E   BBBB            LDX #$bbbb
     11  4     A010 108E BBBB            LDY #$bbbb
     12  5+6   A014 36   36              PSHU D,X,Y
     13  5+6   A016 36   36              PSHU D,X,Y
     14  4+1   A018 33   5F              LEAU -1,U
     15
     16  5+4   A01A 36   16              PSHU D,X
     17  4+1   A01C 33   5D              LEAU -3,U
     18
     19  3     A01E 8E   BBBA            LDX #$bbba
     20  5+3   A021 36   12              PSHU A,X
     21  4+1   A023 33   C8 C7           LEAU -57,U
     22
     23  3     A026 8E   BBBB            LDX #$bbbb
     24  5+6   A029 36   36              PSHU D,X,Y
     25  5+6   A02B 36   36              PSHU D,X,Y
     26  4+1   A02D 33   5F              LEAU -1,U
     27
     28  5+1   A02F EC   58              LDD -8,U
     29  2     A031 86   BB              LDA #$bb
     30  2     A033 C4   0F              ANDB #$0F
     31  2     A035 CA   A0              ORB #$a0
     32  5+1   A037 ED   58              STD -8,U
     33  5+1   A039 AF   56              STX -10,U
     34  5+5   A03B 36   32              PSHU A,X,Y
     35  4+1   A03D 33   C8 C2           LEAU -62,U
     36
     37  3     A040 CC   BBBB            LDD #$bbbb
     38  4     A043 108E BBBA            LDY #$bbba
     39  5+6   A047 36   36              PSHU D,X,Y
     40  5+1   A049 EC   58              LDD -8,U
     41  2     A04B 86   BB              LDA #$bb
     42  2     A04D C4   F0              ANDB #$F0
     43  2     A04F CA   0B              ORB #$0b
     44  5+1   A051 ED   58              STD -8,U
     45  3     A053 CC   BBBB            LDD #$bbbb
     46  4     A056 108E BBBB            LDY #$bbbb
     47  5+6   A05A 36   36              PSHU D,X,Y
     48  4+1   A05C 33   5E              LEAU -2,U
     49
     50  5+4   A05E 36   16              PSHU D,X
     51  4+1   A060 33   5F              LEAU -1,U
     52
     53  5+1   A062 EC   C8 C1           LDD -63,U
     54  2     A065 86   BB              LDA #$bb
     55  2     A067 C4   0F              ANDB #$0F
     56  2     A069 CA   B0              ORB #$b0
     57  5+1   A06B ED   C8 C1           STD -63,U
     58  5+4   A06E 36   30              PSHU X,Y
     59  4+1   A070 33   C8 C5           LEAU -59,U
     60
     61  3     A073 CC   BBBB            LDD #$bbbb
     62  5+6   A076 36   36              PSHU D,X,Y
     63  5+1   A078 EC   5A              LDD -6,U
     64  2     A07A 86   BB              LDA #$bb
     65  2     A07C C4   F0              ANDB #$F0
     66  2     A07E CA   0B              ORB #$0b
     67  5+1   A080 ED   5A              STD -6,U
     68  5+4   A082 36   30              PSHU X,Y
     69  4+1   A084 33   5E              LEAU -2,U
     70
     71  5+4   A086 36   30              PSHU X,Y
     72  4+1   A088 33   5F              LEAU -1,U
     73
     74  5+1   A08A EC   C8 C1           LDD -63,U
     75  2     A08D 86   BB              LDA #$bb
     76  2     A08F C4   0F              ANDB #$0F
     77  2     A091 CA   B0              ORB #$b0
     78  5+1   A093 ED   C8 C1           STD -63,U
     79  5+1   A096 AF   C8 BC           STX -68,U
     80  5+1   A099 AF   C8 B6           STX -74,U
     81  3     A09C CC   BBB9            LDD #$bbb9
     82  5+1   A09F ED   C8 B1           STD -79,U
     83  5+1   A0A2 AF   C8 AE           STX -82,U
     84  5+1   A0A5 EC   C8 BA           LDD -70,U
     85  2     A0A8 84   F0              ANDA #$F0
     86  2     A0AA C4   0F              ANDB #$0F
     87  4     A0AC C3   0BB0            ADDD #$0bb0
     88  5+1   A0AF ED   C8 BA           STD -70,U
     89  5+4   A0B2 36   30              PSHU X,Y
     90  4+4   A0B4 33   C9 FF75         LEAU -139,U
     91
     92  5+1   A0B8 EC   59              LDD -7,U
     93  2     A0BA 84   F0              ANDA #$F0
     94  2     A0BC C4   0F              ANDB #$0F
     95  4     A0BE C3   0BB0            ADDD #$0bb0
     96  5+1   A0C1 ED   59              STD -7,U
     97  5+0   A0C3 EC   C4              LDD ,U
     98  2     A0C5 86   BB              LDA #$bb
     99  2     A0C7 C4   0F              ANDB #$0F
    100  2     A0C9 CA   A0              ORB #$a0
    101  5+0   A0CB ED   C4              STD ,U
    102  5+1   A0CD EC   5B              LDD -5,U
    103  2     A0CF 86   BB              LDA #$bb
    104  2     A0D1 C4   F0              ANDB #$F0
    105  2     A0D3 CA   0B              ORB #$0b
    106  5+1   A0D5 ED   5B              STD -5,U
    107  5+1   A0D7 EC   55              LDD -11,U
    108  2     A0D9 86   BB              LDA #$bb
    109  2     A0DB C4   0F              ANDB #$0F
    110  2     A0DD CA   B0              ORB #$b0
    111  5+1   A0DF ED   55              STD -11,U
    112  5+1   A0E1 AF   57              STX -9,U
    113  5+3   A0E3 36   12              PSHU A,X
    114  4+1   A0E5 33   58              LEAU -8,U
    115
    116  5+1   A0E7 EC   5B              LDD -5,U
    117  2     A0E9 86   BB              LDA #$bb
    118  2     A0EB C4   F0              ANDB #$F0
    119  2     A0ED CA   0B              ORB #$0b
    120  5+1   A0EF ED   5B              STD -5,U
    121  5+1   A0F1 EC   59              LDD -7,U
    122  2     A0F3 86   BB              LDA #$bb
    123  2     A0F5 C4   0F              ANDB #$0F
    124  2     A0F7 CA   A0              ORB #$a0
    125  5+1   A0F9 ED   59              STD -7,U
    126  5+1   A0FB EC   57              LDD -9,U
    127  2     A0FD 86   BB              LDA #$bb
    128  2     A0FF C4   0F              ANDB #$0F
    129  2     A101 CA   B0              ORB #$b0
    130  5+1   A103 ED   57              STD -9,U
    131  5+1   A105 EC   C8 B6           LDD -74,U
    132  2     A108 86   BB              LDA #$bb
    133  2     A10A C4   F0              ANDB #$F0
    134  2     A10C CA   0B              ORB #$0b
    135  5+1   A10E ED   C8 B6           STD -74,U
    136  4+1   A111 A7   56              STA -10,U
    137  5+1   A113 AF   C8 B8           STX -72,U
    138  5+1   A116 EC   C8 B4           LDD -76,U
    139  2     A119 84   F0              ANDA #$F0
    140  2     A11B C4   0F              ANDB #$0F
    141  4     A11D C3   0BB0            ADDD #$0bb0
    142  5+1   A120 ED   C8 B4           STD -76,U
    143  5+1   A123 EC   C8 BA           LDD -70,U
    144  2     A126 84   0F              ANDA #$0F
    145  2     A128 8A   B0              ORA #$b0
    146  2     A12A C6   BB              LDB #$bb
    147  5+1   A12C ED   C8 BA           STD -70,U
    148  5+3   A12F 36   14              PSHU B,X
    149  4+1   A131 33   C8 B7           LEAU -73,U
    150
    151  3     A134 CC   BBBB            LDD #$bbbb
    152  3     A137 8E   BB9B            LDX #$bb9b
    153  5+6   A13A 36   36              PSHU D,X,Y
    154  5+1   A13C EC   5B              LDD -5,U
    155  2     A13E 86   BB              LDA #$bb
    156  2     A140 C4   0F              ANDB #$0F
    157  2     A142 CA   B0              ORB #$b0
    158  5+1   A144 ED   5B              STD -5,U
    159  5+3   A146 36   22              PSHU A,Y
    160  4+1   A148 33   5E              LEAU -2,U
    161
    162  5+1   A14A EC   C8 C1           LDD -63,U
    163  2     A14D 84   0F              ANDA #$0F
    164  2     A14F 8A   B0              ORA #$b0
    165  2     A151 C6   BB              LDB #$bb
    166  5+1   A153 ED   C8 C1           STD -63,U
    167  5+3   A156 36   24              PSHU B,Y
    168  4+1   A158 33   C8 C4           LEAU -60,U
    169
    170  5+1   A15B EC   5A              LDD -6,U
    171  2     A15D 84   F0              ANDA #$F0
    172  2     A15F C4   0F              ANDB #$0F
    173  4     A161 C3   0BB0            ADDD #$0bb0
    174  5+1   A164 ED   5A              STD -6,U
    175  6+1   A166 10AF 58              STY -8,U
    176  5+1   A169 EC   56              LDD -10,U
    177  2     A16B 86   BB              LDA #$bb
    178  2     A16D C4   F0              ANDB #$F0
    179  2     A16F CA   0B              ORB #$0b
    180  5+1   A171 ED   56              STD -10,U
    181  3     A173 CC   BBBB            LDD #$bbbb
    182  5+4   A176 36   26              PSHU D,Y
    183  4+1   A178 33   5A              LEAU -6,U
    184
    185  5+1   A17A EC   59              LDD -7,U
    186  2     A17C 84   F0              ANDA #$F0
    187  2     A17E C4   0F              ANDB #$0F
    188  4     A180 C3   0BB0            ADDD #$0bb0
    189  5+1   A183 ED   59              STD -7,U
    190  2     A185 86   BB              LDA #$bb
    191  3     A187 8E   BBBB            LDX #$bbbb
    192  5+5   A18A 36   32              PSHU A,X,Y
    193  4+1   A18C 33   5E              LEAU -2,U
    194
    195  5+3   A18E 36   12              PSHU A,X
    196  4+1   A190 33   C8 C6           LEAU -58,U
    197
    198  5+1   A193 EC   5A              LDD -6,U
    199  2     A195 86   BB              LDA #$bb
    200  2     A197 C4   0F              ANDB #$0F
    201  2     A199 CA   B0              ORB #$b0
    202  5+1   A19B ED   5A              STD -6,U
    203  5+1   A19D EC   54              LDD -12,U
    204  2     A19F 86   BB              LDA #$bb
    205  2     A1A1 C4   F0              ANDB #$F0
    206  2     A1A3 CA   0B              ORB #$0b
    207  5+1   A1A5 ED   54              STD -12,U
    208  5+1   A1A7 EC   58              LDD -8,U
    209  2     A1A9 84   F0              ANDA #$F0
    210  2     A1AB C4   0F              ANDB #$0F
    211  4     A1AD C3   0BB0            ADDD #$0bb0
    212  5+1   A1B0 ED   58              STD -8,U
    213  5+1   A1B2 AF   56              STX -10,U
    214  4     A1B4 108E B9BB            LDY #$b9bb
    215  5+4   A1B8 36   30              PSHU X,Y
    216  4+1   A1BA 33   58              LEAU -8,U
    217
    218  5+1   A1BC EC   59              LDD -7,U
    219  2     A1BE 84   F0              ANDA #$F0
    220  2     A1C0 C4   0F              ANDB #$0F
    221  4     A1C2 C3   0BB0            ADDD #$0bb0
    222  5+1   A1C5 ED   59              STD -7,U
    223  2     A1C7 86   BB              LDA #$bb
    224  4     A1C9 108E BBBB            LDY #$bbbb
    225  5+5   A1CD 36   32              PSHU A,X,Y
    226  4+1   A1CF 33   5E              LEAU -2,U
    227
    228  5+1   A1D1 EC   C8 C1           LDD -63,U
    229  2     A1D4 84   F0              ANDA #$F0
    230  2     A1D6 8A   0B              ORA #$0b
    231  2     A1D8 C6   BB              LDB #$bb
    232  5+1   A1DA ED   C8 C1           STD -63,U
    233  5+1   A1DD EC   C8 B9           LDD -71,U
    234  2     A1E0 84   0F              ANDA #$0F
    235  2     A1E2 8A   B0              ORA #$b0
    236  2     A1E4 C6   BB              LDB #$bb
    237  5+1   A1E6 ED   C8 B9           STD -71,U
    238  5+1   A1E9 AF   C8 BF           STX -65,U
    239  5+1   A1EC AF   C8 B2           STX -78,U
    240  5+1   A1EF EC   C8 BB           LDD -69,U
    241  2     A1F2 84   F0              ANDA #$F0
    242  2     A1F4 C4   0F              ANDB #$0F
    243  4     A1F6 C3   0BB0            ADDD #$0bb0
    244  5+1   A1F9 ED   C8 BB           STD -69,U
    245  5+1   A1FC EC   C8 B0           LDD -80,U
    246  2     A1FF 84   F0              ANDA #$F0
    247  2     A201 C4   0F              ANDB #$0F
    248  4     A203 C3   0BB0            ADDD #$0bb0
    249  5+1   A206 ED   C8 B0           STD -80,U
    250  5+1   A209 EC   C8 BD           LDD -67,U
    251  2     A20C 86   BB              LDA #$bb
    252  2     A20E C4   0F              ANDB #$0F
    253  2     A210 CA   B0              ORB #$b0
    254  5+1   A212 ED   C8 BD           STD -67,U
    255  5+1   A215 EC   C8 B7           LDD -73,U
    256  2     A218 86   BB              LDA #$bb
    257  2     A21A C4   F0              ANDB #$F0
    258  2     A21C CA   0B              ORB #$0b
    259  5+1   A21E ED   C8 B7           STD -73,U
    260  4+1   A221 A7   C8 AF           STA -81,U
    261  5+3   A224 36   12              PSHU A,X
    262  4+4   A226 33   C9 FF74         LEAU -140,U
    263
    264  5+0   A22A EC   C4              LDD ,U
    265  2     A22C 84   F0              ANDA #$F0
    266  2     A22E 8A   0B              ORA #$0b
    267  2     A230 C6   BB              LDB #$bb
    268  5+0   A232 ED   C4              STD ,U
    269  5+1   A234 EC   58              LDD -8,U
    270  2     A236 84   0F              ANDA #$0F
    271  2     A238 8A   B0              ORA #$b0
    272  2     A23A C6   BB              LDB #$bb
    273  5+1   A23C ED   58              STD -8,U
    274  5+1   A23E EC   5A              LDD -6,U
    275  2     A240 84   F0              ANDA #$F0
    276  2     A242 C4   0F              ANDB #$0F
    277  4     A244 C3   0BB0            ADDD #$0bb0
    278  5+1   A247 ED   5A              STD -6,U
    279  5+1   A249 EC   56              LDD -10,U
    280  2     A24B 86   BB              LDA #$bb
    281  2     A24D C4   F0              ANDB #$F0
    282  2     A24F CA   0B              ORB #$0b
    283  5+1   A251 ED   56              STD -10,U
    284  5+1   A253 EC   54              LDD -12,U
    285  2     A255 86   BB              LDA #$bb
    286  2     A257 C4   0F              ANDB #$0F
    287  2     A259 CA   B0              ORB #$b0
    288  5+1   A25B ED   54              STD -12,U
    289  5+4   A25D 36   30              PSHU X,Y
    290  4+1   A25F 33   58              LEAU -8,U
    291
    292  5+1   A261 EC   5B              LDD -5,U
    293  2     A263 84   F0              ANDA #$F0
    294  2     A265 C4   0F              ANDB #$0F
    295  4     A267 C3   0BB0            ADDD #$0bb0
    296  5+1   A26A ED   5B              STD -5,U
    297  3     A26C CC   ABBB            LDD #$abbb
    298  5+1   A26F ED   59              STD -7,U
    299  5+3   A271 36   14              PSHU B,X
    300  4+1   A273 33   C8 C1           LEAU -63,U
    301
    302  5+1   A276 EC   58              LDD -8,U
    303  2     A278 84   F0              ANDA #$F0
    304  2     A27A C4   0F              ANDB #$0F
    305  4     A27C C3   0BB0            ADDD #$0bb0
    306  5+1   A27F ED   58              STD -8,U
    307  5+1   A281 EC   56              LDD -10,U
    308  2     A283 84   0F              ANDA #$0F
    309  2     A285 8A   B0              ORA #$b0
    310  2     A287 C6   BB              LDB #$bb
    311  5+1   A289 ED   56              STD -10,U
    312  5+1   A28B EC   54              LDD -12,U
    313  2     A28D 86   BB              LDA #$bb
    314  2     A28F C4   F0              ANDB #$F0
    315  2     A291 CA   0B              ORB #$0b
    316  5+1   A293 ED   54              STD -12,U
    317  5+1   A295 EC   52              LDD -14,U
    318  2     A297 86   BB              LDA #$bb
    319  2     A299 C4   0F              ANDB #$0F
    320  2     A29B CA   B0              ORB #$b0
    321  5+1   A29D ED   52              STD -14,U
    322  3     A29F CC   BBBB            LDD #$bbbb
    323  4     A2A2 108E 9BBB            LDY #$9bbb
    324  5+6   A2A6 36   36              PSHU D,X,Y
    325  4+1   A2A8 33   58              LEAU -8,U
    326
    327  5+1   A2AA EC   5B              LDD -5,U
    328  2     A2AC 84   F0              ANDA #$F0
    329  2     A2AE C4   0F              ANDB #$0F
    330  4     A2B0 C3   0BB0            ADDD #$0bb0
    331  5+1   A2B3 ED   5B              STD -5,U
    332  5+1   A2B5 AF   59              STX -7,U
    333  4+1   A2B7 A6   58              LDA -8,U
    334  2     A2B9 84   F0              ANDA #$F0
    335  2     A2BB 8A   0A              ORA #$0a
    336  4+1   A2BD A7   58              STA -8,U
    337  2     A2BF 86   BB              LDA #$bb
    338  5+3   A2C1 36   12              PSHU A,X
    339  4+1   A2C3 33   C8 C1           LEAU -63,U
    340
    341  5+1   A2C6 EC   58              LDD -8,U
    342  2     A2C8 84   F0              ANDA #$F0
    343  2     A2CA C4   0F              ANDB #$0F
    344  4     A2CC C3   0BB0            ADDD #$0bb0
    345  5+1   A2CF ED   58              STD -8,U
    346  5+1   A2D1 EC   56              LDD -10,U
    347  2     A2D3 84   0F              ANDA #$0F
    348  2     A2D5 8A   B0              ORA #$b0
    349  2     A2D7 C6   BB              LDB #$bb
    350  5+1   A2D9 ED   56              STD -10,U
    351  5+1   A2DB EC   54              LDD -12,U
    352  2     A2DD 86   BB              LDA #$bb
    353  2     A2DF C4   F0              ANDB #$F0
    354  2     A2E1 CA   0B              ORB #$0b
    355  5+1   A2E3 ED   54              STD -12,U
    356  5+1   A2E5 EC   52              LDD -14,U
    357  2     A2E7 86   BB              LDA #$bb
    358  2     A2E9 C4   0F              ANDB #$0F
    359  2     A2EB CA   B0              ORB #$b0
    360  5+1   A2ED ED   52              STD -14,U
    361  3     A2EF CC   BBBB            LDD #$bbbb
    362  4     A2F2 108E BBBB            LDY #$bbbb
    363  5+6   A2F6 36   36              PSHU D,X,Y
    364  4+1   A2F8 33   58              LEAU -8,U
    365
    366  5+1   A2FA EC   5B              LDD -5,U
    367  2     A2FC 86   BB              LDA #$bb
    368  2     A2FE C4   0F              ANDB #$0F
    369  2     A300 CA   B0              ORB #$b0
    370  5+1   A302 ED   5B              STD -5,U
    371  5+3   A304 36   12              PSHU A,X
    372  4+1   A306 33   5E              LEAU -2,U
    373
    374  5+3   A308 36   12              PSHU A,X
    375  4+1   A30A 33   C8 C6           LEAU -58,U
    376
    377  5+1   A30D EC   58              LDD -8,U
    378  2     A30F 84   F0              ANDA #$F0
    379  2     A311 C4   0F              ANDB #$0F
    380  4     A313 C3   0BB0            ADDD #$0bb0
    381  5+1   A316 ED   58              STD -8,U
    382  5+1   A318 EC   56              LDD -10,U
    383  2     A31A 84   0F              ANDA #$0F
    384  2     A31C 8A   B0              ORA #$b0
    385  2     A31E C6   BB              LDB #$bb
    386  5+1   A320 ED   56              STD -10,U
    387  5+1   A322 EC   54              LDD -12,U
    388  2     A324 86   BB              LDA #$bb
    389  2     A326 C4   F0              ANDB #$F0
    390  2     A328 CA   0B              ORB #$0b
    391  5+1   A32A ED   54              STD -12,U
    392  5+1   A32C EC   52              LDD -14,U
    393  2     A32E 86   BB              LDA #$bb
    394  2     A330 C4   0F              ANDB #$0F
    395  2     A332 CA   B0              ORB #$b0
    396  5+1   A334 ED   52              STD -14,U
    397  3     A336 CC   9BBB            LDD #$9bbb
    398  5+6   A339 36   36              PSHU D,X,Y
    399  4+1   A33B 33   58              LEAU -8,U
    400
    401  5+1   A33D EC   5B              LDD -5,U
    402  2     A33F 86   BB              LDA #$bb
    403  2     A341 C4   0F              ANDB #$0F
    404  2     A343 CA   B0              ORB #$b0
    405  5+1   A345 ED   5B              STD -5,U
    406  5+3   A347 36   12              PSHU A,X
    407  4+1   A349 33   5E              LEAU -2,U
    408
    409  5+3   A34B 36   12              PSHU A,X
    410  4+1   A34D 33   C8 C6           LEAU -58,U
    411
    412  5+1   A350 EC   59              LDD -7,U
    413  2     A352 84   0F              ANDA #$0F
    414  2     A354 C4   F0              ANDB #$F0
    415  4     A356 C3   B00B            ADDD #$b00b
    416  5+1   A359 ED   59              STD -7,U
    417  5+1   A35B EC   55              LDD -11,U
    418  2     A35D 84   F0              ANDA #$F0
    419  2     A35F C4   0F              ANDB #$0F
    420  4     A361 C3   0BB0            ADDD #$0bb0
    421  5+1   A364 ED   55              STD -11,U
    422  4+1   A366 A6   58              LDA -8,U
    423  2     A368 84   F0              ANDA #$F0
    424  2     A36A 8A   0B              ORA #$0b
    425  4+1   A36C A7   58              STA -8,U
    426  5+1   A36E EC   C8 EC           LDD -20,U
    427  2     A371 84   F0              ANDA #$F0
    428  2     A373 8A   0A              ORA #$0a
    429  2     A375 C6   BB              LDB #$bb
    430  5+1   A377 ED   C8 EC           STD -20,U
    431  4+1   A37A E7   54              STB -12,U
    432  4+1   A37C E7   C8 EF           STB -17,U
    433  5+1   A37F AF   C8 EA           STX -22,U
    434  5+1   A382 EC   C8 AE           LDD -82,U
    435  2     A385 86   BB              LDA #$bb
    436  2     A387 C4   0F              ANDB #$0F
    437  2     A389 CA   B0              ORB #$b0
    438  5+1   A38B ED   C8 AE           STD -82,U
    439  4     A38E 108E BBBA            LDY #$bbba
    440  5+5   A392 36   32              PSHU A,X,Y
    441  4+1   A394 33   C8 B3           LEAU -77,U
    442
    443  5+1   A397 EC   5B              LDD -5,U
    444  2     A399 84   0F              ANDA #$0F
    445  2     A39B C4   F0              ANDB #$F0
    446  4     A39D C3   B00B            ADDD #$b00b
    447  5+1   A3A0 ED   5B              STD -5,U
    448  5+1   A3A2 EC   57              LDD -9,U
    449  2     A3A4 84   F0              ANDA #$F0
    450  2     A3A6 C4   0F              ANDB #$0F
    451  4     A3A8 C3   0BB0            ADDD #$0bb0
    452  5+1   A3AB ED   57              STD -9,U
    453  5+1   A3AD AF   59              STX -7,U
    454  5+1   A3AF EC   55              LDD -11,U
    455  2     A3B1 84   0F              ANDA #$0F
    456  2     A3B3 8A   B0              ORA #$b0
    457  2     A3B5 C6   BB              LDB #$bb
    458  5+1   A3B7 ED   55              STD -11,U
    459  5+3   A3B9 36   14              PSHU B,X
    460  4+1   A3BB 33   58              LEAU -8,U
    461
    462  5+1   A3BD AF   59              STX -7,U
    463  5+1   A3BF EC   57              LDD -9,U
    464  2     A3C1 86   BB              LDA #$bb
    465  2     A3C3 C4   F0              ANDB #$F0
    466  2     A3C5 CA   0B              ORB #$0b
    467  5+1   A3C7 ED   57              STD -9,U
    468  5+1   A3C9 EC   C8 BB           LDD -69,U
    469  2     A3CC 86   BB              LDA #$bb
    470  2     A3CE C4   0F              ANDB #$0F
    471  2     A3D0 CA   B0              ORB #$b0
    472  5+1   A3D2 ED   C8 BB           STD -69,U
    473  4+1   A3D5 A6   56              LDA -10,U
    474  2     A3D7 84   F0              ANDA #$F0
    475  2     A3D9 8A   0A              ORA #$0a
    476  4+1   A3DB A7   56              STA -10,U
    477  3     A3DD CC   BBBB            LDD #$bbbb
    478  5+4   A3E0 36   16              PSHU D,X
    479  4+1   A3E2 33   C8 BF           LEAU -65,U
    480
    481  5+1   A3E5 EC   5B              LDD -5,U
    482  2     A3E7 84   0F              ANDA #$0F
    483  2     A3E9 C4   F0              ANDB #$F0
    484  4     A3EB C3   B009            ADDD #$b009
    485  5+1   A3EE ED   5B              STD -5,U
    486  5+1   A3F0 EC   57              LDD -9,U
    487  2     A3F2 84   F0              ANDA #$F0
    488  2     A3F4 C4   0F              ANDB #$0F
    489  4     A3F6 C3   0BB0            ADDD #$0bb0
    490  5+1   A3F9 ED   57              STD -9,U
    491  5+1   A3FB AF   59              STX -7,U
    492  5+1   A3FD EC   55              LDD -11,U
    493  2     A3FF 84   0F              ANDA #$0F
    494  2     A401 8A   B0              ORA #$b0
    495  2     A403 C6   BB              LDB #$bb
    496  5+1   A405 ED   55              STD -11,U
    497  5+3   A407 36   14              PSHU B,X
    498  4+1   A409 33   58              LEAU -8,U
    499
    500  3     A40B CC   BBBB            LDD #$bbbb
    501  5+4   A40E 36   16              PSHU D,X
    502  4+1   A410 33   5F              LEAU -1,U
    503
    504  4+1   A412 A6   5B              LDA -5,U
    505  2     A414 84   F0              ANDA #$F0
    506  2     A416 8A   0B              ORA #$0b
    507  4+1   A418 A7   5B              STA -5,U
    508  5+1   A41A EC   C8 C0           LDD -64,U
    509  2     A41D 86   BB              LDA #$bb
    510  2     A41F C4   0F              ANDB #$0F
    511  2     A421 CA   A0              ORB #$a0
    512  5+1   A423 ED   C8 C0           STD -64,U
    513  5+1   A426 EC   C8 BA           LDD -70,U
    514  2     A429 86   BB              LDA #$bb
    515  2     A42B C4   0F              ANDB #$0F
    516  2     A42D CA   B0              ORB #$b0
    517  5+1   A42F ED   C8 BA           STD -70,U
    518  5+1   A432 EC   C8 B6           LDD -74,U
    519  2     A435 86   BB              LDA #$bb
    520  2     A437 C4   F0              ANDB #$F0
    521  2     A439 CA   0B              ORB #$0b
    522  5+1   A43B ED   C8 B6           STD -74,U
    523  5+1   A43E EC   C8 B4           LDD -76,U
    524  2     A441 86   BB              LDA #$bb
    525  2     A443 C4   0F              ANDB #$0F
    526  2     A445 CA   B0              ORB #$b0
    527  5+1   A447 ED   C8 B4           STD -76,U
    528  5+1   A44A EC   C8 BE           LDD -66,U
    529  2     A44D 84   F0              ANDA #$F0
    530  2     A44F 8A   0B              ORA #$0b
    531  2     A451 C6   BB              LDB #$bb
    532  5+1   A453 ED   C8 BE           STD -66,U
    533  5+1   A456 EC   C8 B8           LDD -72,U
    534  2     A459 84   0F              ANDA #$0F
    535  2     A45B 8A   B0              ORA #$b0
    536  2     A45D C6   BB              LDB #$bb
    537  5+1   A45F ED   C8 B8           STD -72,U
    538  4+1   A462 E7   C8 BD           STB -67,U
    539  3     A465 CC   BBBB            LDD #$bbbb
    540  5+4   A468 36   16              PSHU D,X
    541  4+1   A46A 33   C8 B8           LEAU -72,U
    542
    543  5+3   A46D 36   12              PSHU A,X
    544  4+1   A46F 33   5F              LEAU -1,U
    545
    546  5+1   A471 EC   5B              LDD -5,U
    547  2     A473 84   F0              ANDA #$F0
    548  2     A475 C4   0F              ANDB #$0F
    549  4     A477 C3   0BB0            ADDD #$0bb0
    550  5+1   A47A ED   5B              STD -5,U
    551  5+1   A47C EC   C8 BF           LDD -65,U
    552  2     A47F 84   0F              ANDA #$0F
    553  2     A481 8A   B0              ORA #$b0
    554  2     A483 C6   BB              LDB #$bb
    555  5+1   A485 ED   C8 BF           STD -65,U
    556  5+1   A488 EC   C8 B8           LDD -72,U
    557  2     A48B 84   0F              ANDA #$0F
    558  2     A48D 8A   B0              ORA #$b0
    559  2     A48F C6   BB              LDB #$bb
    560  5+1   A491 ED   C8 B8           STD -72,U
    561  5+1   A494 EC   C8 BD           LDD -67,U
    562  2     A497 86   BB              LDA #$bb
    563  2     A499 C4   F0              ANDB #$F0
    564  2     A49B CA   0B              ORB #$0b
    565  5+1   A49D ED   C8 BD           STD -67,U
    566  5+1   A4A0 EC   C8 BA           LDD -70,U
    567  2     A4A3 86   BB              LDA #$bb
    568  2     A4A5 C4   0F              ANDB #$0F
    569  2     A4A7 CA   B0              ORB #$b0
    570  5+1   A4A9 ED   C8 BA           STD -70,U
    571  5+1   A4AC EC   C8 B6           LDD -74,U
    572  2     A4AF 86   BB              LDA #$bb
    573  2     A4B1 C4   F0              ANDB #$F0
    574  2     A4B3 CA   0B              ORB #$0b
    575  5+1   A4B5 ED   C8 B6           STD -74,U
    576  5+1   A4B8 EC   C8 B4           LDD -76,U
    577  2     A4BB 86   BB              LDA #$bb
    578  2     A4BD C4   0F              ANDB #$0F
    579  2     A4BF CA   B0              ORB #$b0
    580  5+1   A4C1 ED   C8 B4           STD -76,U
    581  5+3   A4C4 36   12              PSHU A,X
    582  4+1   A4C6 33   C8 B7           LEAU -73,U
    583
    584  5+1   A4C9 AF   59              STX -7,U
    585  5+1   A4CB AF   C8 B9           STX -71,U
    586  5+1   A4CE AF   C8 AD           STX -83,U
    587  5+1   A4D1 EC   57              LDD -9,U
    588  2     A4D3 84   F0              ANDA #$F0
    589  2     A4D5 C4   0F              ANDB #$0F
    590  4     A4D7 C3   0BB0            ADDD #$0bb0
    591  5+1   A4DA ED   57              STD -9,U
    592  5+1   A4DC EC   C8 B3           LDD -77,U
    593  2     A4DF 84   F0              ANDA #$F0
    594  2     A4E1 C4   0F              ANDB #$0F
    595  4     A4E3 C3   0BB0            ADDD #$0bb0
    596  5+1   A4E6 ED   C8 B3           STD -77,U
    597  5+1   A4E9 EC   C8 BB           LDD -69,U
    598  2     A4EC 84   0F              ANDA #$0F
    599  2     A4EE 8A   B0              ORA #$b0
    600  2     A4F0 C6   BB              LDB #$bb
    601  5+1   A4F2 ED   C8 BB           STD -69,U
    602  5+1   A4F5 EC   C8 A8           LDD -88,U
    603  2     A4F8 84   0F              ANDA #$0F
    604  2     A4FA 8A   B0              ORA #$b0
    605  2     A4FC C6   BB              LDB #$bb
    606  5+1   A4FE ED   C8 A8           STD -88,U
    607  4+1   A501 E7   C8 B2           STB -78,U
    608  4+1   A504 A6   C8 A7           LDA -89,U
    609  2     A507 84   F0              ANDA #$F0
    610  2     A509 8A   0B              ORA #$0b
    611  4+1   A50B A7   C8 A7           STA -89,U
    612  5+3   A50E 36   14              PSHU B,X
    613  4+4   A510 33   C9 FF65         LEAU -155,U
    614
    615  3     A514 CC   B9BB            LDD #$b9bb
    616  5+1   A517 ED   49              STD 9,U
    617  5+1   A519 EC   47              LDD 7,U
    618  2     A51B 86   BB              LDA #$bb
    619  2     A51D C4   0F              ANDB #$0F
    620  2     A51F CA   B0              ORB #$b0
    621  5+1   A521 ED   47              STD 7,U
    622  5+1   A523 EC   44              LDD 4,U
    623  2     A525 86   BB              LDA #$bb
    624  2     A527 C4   0F              ANDB #$0F
    625  2     A529 CA   B0              ORB #$b0
    626  5+1   A52B ED   44              STD 4,U
    627  5+0   A52D EC   C4              LDD ,U
    628  2     A52F 86   BB              LDA #$bb
    629  2     A531 C4   F0              ANDB #$F0
    630  2     A533 CA   0B              ORB #$0b
    631  5+0   A535 ED   C4              STD ,U
    632  5+1   A537 AF   42              STX 2,U
    633  4     A539 108E BBBB            LDY #$bbbb
    634  5+5   A53D 36   32              PSHU A,X,Y
    635  4+1   A53F 33   5F              LEAU -1,U
    636
    637  5+1   A541 EC   5B              LDD -5,U
    638  2     A543 84   F0              ANDA #$F0
    639  2     A545 C4   0F              ANDB #$0F
    640  4     A547 C3   0BB0            ADDD #$0bb0
    641  5+1   A54A ED   5B              STD -5,U
    642  5+1   A54C EC   C8 BF           LDD -65,U
    643  2     A54F 84   F0              ANDA #$F0
    644  2     A551 8A   0B              ORA #$0b
    645  2     A553 C6   BB              LDB #$bb
    646  5+1   A555 ED   C8 BF           STD -65,U
    647  5+1   A558 EC   C8 BD           LDD -67,U
    648  2     A55B 86   BB              LDA #$bb
    649  2     A55D C4   0F              ANDB #$0F
    650  2     A55F CA   B0              ORB #$b0
    651  5+1   A561 ED   C8 BD           STD -67,U
    652  5+1   A564 EC   C8 BA           LDD -70,U
    653  2     A567 86   BB              LDA #$bb
    654  2     A569 C4   0F              ANDB #$0F
    655  2     A56B CA   B0              ORB #$b0
    656  5+1   A56D ED   C8 BA           STD -70,U
    657  5+1   A570 EC   C8 B6           LDD -74,U
    658  2     A573 86   BB              LDA #$bb
    659  2     A575 C4   F0              ANDB #$F0
    660  2     A577 CA   0B              ORB #$0b
    661  5+1   A579 ED   C8 B6           STD -74,U
    662  5+1   A57C AF   C8 B8           STX -72,U
    663  5+3   A57F 36   12              PSHU A,X
    664  4+1   A581 33   C8 B9           LEAU -71,U
    665
    666  5+5   A584 36   32              PSHU A,X,Y
    667  4+1   A586 33   5F              LEAU -1,U
    668
    669  5+1   A588 EC   5B              LDD -5,U
    670  2     A58A 84   F0              ANDA #$F0
    671  2     A58C C4   0F              ANDB #$0F
    672  4     A58E C3   0BB0            ADDD #$0bb0
    673  5+1   A591 ED   5B              STD -5,U
    674  5+1   A593 EC   C8 BF           LDD -65,U
    675  2     A596 84   F0              ANDA #$F0
    676  2     A598 8A   0B              ORA #$0b
    677  2     A59A C6   BB              LDB #$bb
    678  5+1   A59C ED   C8 BF           STD -65,U
    679  5+1   A59F AF   C8 BD           STX -67,U
    680  5+1   A5A2 EC   C8 BA           LDD -70,U
    681  2     A5A5 86   BB              LDA #$bb
    682  2     A5A7 C4   0F              ANDB #$0F
    683  2     A5A9 CA   B0              ORB #$b0
    684  5+1   A5AB ED   C8 BA           STD -70,U
    685  5+1   A5AE EC   C8 B6           LDD -74,U
    686  2     A5B1 86   BB              LDA #$bb
    687  2     A5B3 C4   F0              ANDB #$F0
    688  2     A5B5 CA   0B              ORB #$0b
    689  5+1   A5B7 ED   C8 B6           STD -74,U
    690  5+1   A5BA AF   C8 B8           STX -72,U
    691  5+3   A5BD 36   12              PSHU A,X
    692  4+1   A5BF 33   C8 B9           LEAU -71,U
    693
    694  5+5   A5C2 36   32              PSHU A,X,Y
    695  4+1   A5C4 33   5F              LEAU -1,U
    696
    697  4+1   A5C6 A6   5B              LDA -5,U
    698  2     A5C8 84   F0              ANDA #$F0
    699  2     A5CA 8A   0B              ORA #$0b
    700  4+1   A5CC A7   5B              STA -5,U
    701  5+4   A5CE 36   30              PSHU X,Y
    702  4+1   A5D0 33   C8 C5           LEAU -59,U
    703
    704  5+1   A5D3 EC   59              LDD -7,U
    705  2     A5D5 86   BB              LDA #$bb
    706  2     A5D7 C4   0F              ANDB #$0F
    707  2     A5D9 CA   B0              ORB #$b0
    708  5+1   A5DB ED   59              STD -7,U
    709  5+1   A5DD EC   55              LDD -11,U
    710  2     A5DF 86   BB              LDA #$bb
    711  2     A5E1 C4   0F              ANDB #$0F
    712  2     A5E3 CA   B0              ORB #$b0
    713  5+1   A5E5 ED   55              STD -11,U
    714  5+1   A5E7 AF   57              STX -9,U
    715  5+4   A5E9 36   30              PSHU X,Y
    716  4+1   A5EB 33   59              LEAU -7,U
    717
    718  5+1   A5ED EC   5B              LDD -5,U
    719  2     A5EF 86   BB              LDA #$bb
    720  2     A5F1 C4   F0              ANDB #$F0
    721  2     A5F3 CA   0B              ORB #$0b
    722  5+1   A5F5 ED   5B              STD -5,U
    723  5+3   A5F7 36   12              PSHU A,X
    724  4+1   A5F9 33   5D              LEAU -3,U
    725
    726  4+1   A5FB A6   5B              LDA -5,U
    727  2     A5FD 84   F0              ANDA #$F0
    728  2     A5FF 8A   0B              ORA #$0b
    729  4+1   A601 A7   5B              STA -5,U
    730  5+4   A603 36   30              PSHU X,Y
    731  4+1   A605 33   C8 C6           LEAU -58,U
    732
    733  3     A608 CC   BBB9            LDD #$bbb9
    734  5+1   A60B ED   54              STD -12,U
    735  5+1   A60D EC   C8 EF           LDD -17,U
    736  2     A610 86   BB              LDA #$bb
    737  2     A612 C4   0F              ANDB #$0F
    738  2     A614 CA   90              ORB #$90
    739  5+1   A616 ED   C8 EF           STD -17,U
    740  5+1   A619 EC   C8 EA           LDD -22,U
    741  2     A61C 86   BB              LDA #$bb
    742  2     A61E C4   0F              ANDB #$0F
    743  2     A620 CA   A0              ORB #$a0
    744  5+1   A622 ED   C8 EA           STD -22,U
    745  5+5   A625 36   32              PSHU A,X,Y
    746  4+1   A627 33   C8 B4           LEAU -76,U
    747
    748  4+1   A62A A6   5C              LDA -4,U
    749  2     A62C 84   F0              ANDA #$F0
    750  2     A62E 8A   0B              ORA #$0b
    751  4+1   A630 A7   5C              STA -4,U
    752  5+1   A632 EC   59              LDD -7,U
    753  2     A634 86   BB              LDA #$bb
    754  2     A636 C4   0F              ANDB #$0F
    755  2     A638 CA   B0              ORB #$b0
    756  5+1   A63A ED   59              STD -7,U
    757  5+3   A63C 36   12              PSHU A,X
    758  4+1   A63E 33   5C              LEAU -4,U
    759
    760  3     A640 CC   BBBB            LDD #$bbbb
    761  3     A643 8E   ABBB            LDX #$abbb
    762  5+6   A646 36   36              PSHU D,X,Y
    763  5+3   A648 36   22              PSHU A,Y
    764  4+1   A64A 33   5F              LEAU -1,U
    765
    766  5+1   A64C ED   C8 BE           STD -66,U
    767  5+1   A64F EC   C8 C0           LDD -64,U
    768  2     A652 84   0F              ANDA #$0F
    769  2     A654 C4   F0              ANDB #$F0
    770  4     A656 C3   B00B            ADDD #$b00b
    771  5+1   A659 ED   C8 C0           STD -64,U
    772  4+1   A65C A6   C8 BD           LDA -67,U
    773  2     A65F 84   F0              ANDA #$F0
    774  2     A661 8A   09              ORA #$09
    775  4+1   A663 A7   C8 BD           STA -67,U
    776  5+1   A666 EC   C8 BA           LDD -70,U
    777  2     A669 86   BB              LDA #$bb
    778  2     A66B C4   0F              ANDB #$0F
    779  2     A66D CA   B0              ORB #$b0
    780  5+1   A66F ED   C8 BA           STD -70,U
    781  3     A672 CC   BBBB            LDD #$bbbb
    782  5+4   A675 36   26              PSHU D,Y
    783  4+1   A677 33   C8 BE           LEAU -66,U
    784
    785  5+1   A67A EC   5B              LDD -5,U
    786  2     A67C 86   BB              LDA #$bb
    787  2     A67E C4   F0              ANDB #$F0
    788  2     A680 CA   0B              ORB #$0b
    789  5+1   A682 ED   5B              STD -5,U
    790  5+3   A684 36   22              PSHU A,Y
    791  4+1   A686 33   5E              LEAU -2,U
    792
    793  3     A688 CC   BBBB            LDD #$bbbb
    794  5+4   A68B 36   26              PSHU D,Y
    795  4+1   A68D 33   5F              LEAU -1,U
    796
    797  5+1   A68F ED   C8 BE           STD -66,U
    798  5+1   A692 EC   C8 BA           LDD -70,U
    799  2     A695 86   BB              LDA #$bb
    800  2     A697 C4   0F              ANDB #$0F
    801  2     A699 CA   B0              ORB #$b0
    802  5+1   A69B ED   C8 BA           STD -70,U
    803  3     A69E CC   BBBB            LDD #$bbbb
    804  5+4   A6A1 36   26              PSHU D,Y
    805  4+1   A6A3 33   C8 BE           LEAU -66,U
    806
    807  5+1   A6A6 EC   5B              LDD -5,U
    808  2     A6A8 86   BB              LDA #$bb
    809  2     A6AA C4   F0              ANDB #$F0
    810  2     A6AC CA   0A              ORB #$0a
    811  5+1   A6AE ED   5B              STD -5,U
    812  5+3   A6B0 36   22              PSHU A,Y
    813  4+1   A6B2 33   5E              LEAU -2,U
    814
    815  3     A6B4 CC   BBBB            LDD #$bbbb
    816  5+4   A6B7 36   26              PSHU D,Y
    817  4+1   A6B9 33   5F              LEAU -1,U
    818
    819  5+1   A6BB ED   C8 BE           STD -66,U
    820  4+1   A6BE A6   C8 C1           LDA -63,U
    821  2     A6C1 84   0F              ANDA #$0F
    822  2     A6C3 8A   B0              ORA #$b0
    823  4+1   A6C5 A7   C8 C1           STA -63,U
    824  5+1   A6C8 EC   C8 BA           LDD -70,U
    825  2     A6CB 86   BB              LDA #$bb
    826  2     A6CD C4   0F              ANDB #$0F
    827  2     A6CF CA   B0              ORB #$b0
    828  5+1   A6D1 ED   C8 BA           STD -70,U
    829  3     A6D4 CC   BBBB            LDD #$bbbb
    830  5+4   A6D7 36   26              PSHU D,Y
    831  4+1   A6D9 33   C8 BE           LEAU -66,U
    832
    833  5+3   A6DC 36   22              PSHU A,Y
    834  4+1   A6DE 33   5F              LEAU -1,U
    835
    836  4+1   A6E0 A6   5B              LDA -5,U
    837  2     A6E2 84   F0              ANDA #$F0
    838  2     A6E4 8A   0B              ORA #$0b
    839  4+1   A6E6 A7   5B              STA -5,U
    840  3     A6E8 CC   BBBB            LDD #$bbbb
    841  5+4   A6EB 36   26              PSHU D,Y
    842  4+1   A6ED 33   5E              LEAU -2,U
    843
    844  5+3   A6EF 36   22              PSHU A,Y
    845        A6F1               DYN_POS
    846
    847  3     A6F1 CE   0000            LDU #$0000
    848  4+4   A6F4 33   C9 0494         LEAU 1172,U
    849
    850  5+1   A6F8 EC   59              LDD -7,U
    851  2     A6FA 86   BB              LDA #$bb
    852  2     A6FC C4   F0              ANDB #$F0
    853  2     A6FE CA   0B              ORB #$0b
    854  5+1   A700 ED   59              STD -7,U
    855  3     A702 CC   BBBB            LDD #$bbbb
    856  3     A705 8E   BBBB            LDX #$bbbb
    857  5+4   A708 36   16              PSHU D,X
    858  4+1   A70A 33   5D              LEAU -3,U
    859
    860  5+1   A70C EC   59              LDD -7,U
    861  2     A70E 86   BB              LDA #$bb
    862  2     A710 C4   0F              ANDB #$0F
    863  2     A712 CA   B0              ORB #$b0
    864  5+1   A714 ED   59              STD -7,U
    865  3     A716 CC   BBBB            LDD #$bbbb
    866  5+4   A719 36   16              PSHU D,X
    867  4+1   A71B 33   5D              LEAU -3,U
    868
    869  5+3   A71D 36   12              PSHU A,X
    870  4+1   A71F 33   5D              LEAU -3,U
    871
    872  5+3   A721 36   12              PSHU A,X
    873  4+1   A723 33   C8 C7           LEAU -57,U
    874
    875  5+1   A726 EC   5A              LDD -6,U
    876  2     A728 86   BB              LDA #$bb
    877  2     A72A C4   0F              ANDB #$0F
    878  2     A72C CA   B0              ORB #$b0
    879  5+1   A72E ED   5A              STD -6,U
    880  3     A730 CC   BBBB            LDD #$bbbb
    881  5+4   A733 36   16              PSHU D,X
    882  4+1   A735 33   5E              LEAU -2,U
    883
    884  5+1   A737 EC   58              LDD -8,U
    885  2     A739 86   BB              LDA #$bb
    886  2     A73B C4   0F              ANDB #$0F
    887  2     A73D CA   B0              ORB #$b0
    888  5+1   A73F ED   58              STD -8,U
    889  3     A741 CC   BBBB            LDD #$bbbb
    890  4     A744 108E BBBB            LDY #$bbbb
    891  5+6   A748 36   36              PSHU D,X,Y
    892  4+1   A74A 33   5E              LEAU -2,U
    893
    894  5+3   A74C 36   12              PSHU A,X
    895  4+1   A74E 33   5E              LEAU -2,U
    896
    897  5+4   A750 36   16              PSHU D,X
    898  4+1   A752 33   C8 C7           LEAU -57,U
    899
    900  5+1   A755 EC   5A              LDD -6,U
    901  2     A757 84   0F              ANDA #$0F
    902  2     A759 C4   0F              ANDB #$0F
    903  4     A75B C3   B0B0            ADDD #$b0b0
    904  5+1   A75E ED   5A              STD -6,U
    905  5+4   A760 36   30              PSHU X,Y
    906  4+1   A762 33   5E              LEAU -2,U
    907
    908  5+1   A764 EC   58              LDD -8,U
    909  2     A766 86   BB              LDA #$bb
    910  2     A768 C4   0F              ANDB #$0F
    911  2     A76A CA   B0              ORB #$b0
    912  5+1   A76C ED   58              STD -8,U
    913  3     A76E CC   BBBB            LDD #$bbbb
    914  5+6   A771 36   36              PSHU D,X,Y
    915  4+1   A773 33   5E              LEAU -2,U
    916
    917  4+1   A775 A6   5C              LDA -4,U
    918  2     A777 84   F0              ANDA #$F0
    919  2     A779 8A   0B              ORA #$0b
    920  4+1   A77B A7   5C              STA -4,U
    921  5+3   A77D 36   14              PSHU B,X
    922  4+1   A77F 33   5E              LEAU -2,U
    923
    924  5+4   A781 36   30              PSHU X,Y
    925  4+1   A783 33   C8 C7           LEAU -57,U
    926
    927  5+1   A786 EC   5A              LDD -6,U
    928  2     A788 84   0F              ANDA #$0F
    929  2     A78A C4   0F              ANDB #$0F
    930  4     A78C C3   B0B0            ADDD #$b0b0
    931  5+1   A78F ED   5A              STD -6,U
    932  5+4   A791 36   30              PSHU X,Y
    933  4+1   A793 33   5E              LEAU -2,U
    934
    935  5+1   A795 EC   58              LDD -8,U
    936  2     A797 86   BB              LDA #$bb
    937  2     A799 C4   0F              ANDB #$0F
    938  2     A79B CA   B0              ORB #$b0
    939  5+1   A79D ED   58              STD -8,U
    940  3     A79F CC   BBBB            LDD #$bbbb
    941  5+6   A7A2 36   36              PSHU D,X,Y
    942  4+1   A7A4 33   5E              LEAU -2,U
    943
    944  5+1   A7A6 EC   5B              LDD -5,U
    945  2     A7A8 84   0F              ANDA #$0F
    946  2     A7AA C4   F0              ANDB #$F0
    947  4     A7AC C3   B00B            ADDD #$b00b
    948  5+1   A7AF ED   5B              STD -5,U
    949  2     A7B1 86   BB              LDA #$bb
    950  5+3   A7B3 36   12              PSHU A,X
    951  4+1   A7B5 33   5E              LEAU -2,U
    952
    953  5+1   A7B7 EC   C8 C1           LDD -63,U
    954  2     A7BA 84   F0              ANDA #$F0
    955  2     A7BC 8A   0B              ORA #$0b
    956  2     A7BE C6   BB              LDB #$bb
    957  5+1   A7C0 ED   C8 C1           STD -63,U
    958  5+4   A7C3 36   30              PSHU X,Y
    959  4+1   A7C5 33   C8 C3           LEAU -61,U
    960
    961  5+1   A7C8 EC   58              LDD -8,U
    962  2     A7CA 86   BB              LDA #$bb
    963  2     A7CC C4   0F              ANDB #$0F
    964  2     A7CE CA   90              ORB #$90
    965  5+1   A7D0 ED   58              STD -8,U
    966  5+4   A7D2 36   30              PSHU X,Y
    967  4+1   A7D4 33   58              LEAU -8,U
    968
    969  5+4   A7D6 36   30              PSHU X,Y
    970  4+1   A7D8 33   C8 C4           LEAU -60,U
    971
    972  3     A7DB CC   BBBB            LDD #$bbbb
    973  4     A7DE 108E 9BBB            LDY #$9bbb
    974  5+6   A7E2 36   36              PSHU D,X,Y
    975  5+1   A7E4 EC   58              LDD -8,U
    976  2     A7E6 86   BB              LDA #$bb
    977  2     A7E8 C4   0F              ANDB #$0F
    978  2     A7EA CA   B0              ORB #$b0
    979  5+1   A7EC ED   58              STD -8,U
    980  3     A7EE CC   BBBB            LDD #$bbbb
    981  4     A7F1 108E BBBB            LDY #$bbbb
    982  5+6   A7F5 36   36              PSHU D,X,Y
    983  4+1   A7F7 33   5E              LEAU -2,U
    984
    985  5+1   A7F9 EC   59              LDD -7,U
    986  2     A7FB 86   BB              LDA #$bb
    987  2     A7FD C4   F0              ANDB #$F0
    988  2     A7FF CA   0B              ORB #$0b
    989  5+1   A801 ED   59              STD -7,U
    990  5+1   A803 AF   57              STX -9,U
    991  5+5   A805 36   32              PSHU A,X,Y
    992  4+1   A807 33   C8 C3           LEAU -61,U
    993
    994  3     A80A CC   BBBB            LDD #$bbbb
    995  5+6   A80D 36   36              PSHU D,X,Y
    996  5+1   A80F EC   58              LDD -8,U
    997  2     A811 86   BB              LDA #$bb
    998  2     A813 C4   0F              ANDB #$0F
    999  2     A815 CA   B0              ORB #$b0
   1000  5+1   A817 ED   58              STD -8,U
   1001  3     A819 CC   BBBB            LDD #$bbbb
   1002  4     A81C 108E BBAB            LDY #$bbab
   1003  5+6   A820 36   36              PSHU D,X,Y
   1004  4+1   A822 33   5E              LEAU -2,U
   1005
   1006  5+1   A824 EC   59              LDD -7,U
   1007  2     A826 86   BB              LDA #$bb
   1008  2     A828 C4   0F              ANDB #$0F
   1009  2     A82A CA   B0              ORB #$b0
   1010  5+1   A82C ED   59              STD -7,U
   1011  5+1   A82E AF   57              STX -9,U
   1012  3     A830 8E   BBB9            LDX #$bbb9
   1013  4     A833 108E BBBB            LDY #$bbbb
   1014  5+5   A837 36   32              PSHU A,X,Y
   1015  4+1   A839 33   C8 C3           LEAU -61,U
   1016
   1017  5+1   A83C EC   58              LDD -8,U
   1018  2     A83E 86   BB              LDA #$bb
   1019  2     A840 C4   F0              ANDB #$F0
   1020  2     A842 CA   0B              ORB #$0b
   1021  5+1   A844 ED   58              STD -8,U
   1022  3     A846 CC   BBBB            LDD #$bbbb
   1023  3     A849 8E   BBBB            LDX #$bbbb
   1024  5+6   A84C 36   36              PSHU D,X,Y
   1025  4+1   A84E 33   5E              LEAU -2,U
   1026
   1027  5+1   A850 EC   5A              LDD -6,U
   1028  2     A852 86   BB              LDA #$bb
   1029  2     A854 C4   0F              ANDB #$0F
   1030  2     A856 CA   B0              ORB #$b0
   1031  5+1   A858 ED   5A              STD -6,U
   1032  5+1   A85A EC   56              LDD -10,U
   1033  2     A85C 86   BB              LDA #$bb
   1034  2     A85E C4   0F              ANDB #$0F
   1035  2     A860 CA   B0              ORB #$b0
   1036  5+1   A862 ED   56              STD -10,U
   1037  5+1   A864 AF   58              STX -8,U
   1038  5+4   A866 36   30              PSHU X,Y
   1039  4+1   A868 33   5A              LEAU -6,U
   1040
   1041  5+5   A86A 36   32              PSHU A,X,Y
   1042  4+1   A86C 33   C8 C7           LEAU -57,U
   1043
   1044  5+1   A86F EC   58              LDD -8,U
   1045  2     A871 86   BB              LDA #$bb
   1046  2     A873 C4   F0              ANDB #$F0
   1047  2     A875 CA   0B              ORB #$0b
   1048  5+1   A877 ED   58              STD -8,U
   1049  3     A879 CC   BBBB            LDD #$bbbb
   1050  4     A87C 108E BBBA            LDY #$bbba
   1051  5+6   A880 36   36              PSHU D,X,Y
   1052  4+1   A882 33   5E              LEAU -2,U
   1053
   1054  5+1   A884 EC   5A              LDD -6,U
   1055  2     A886 86   BB              LDA #$bb
   1056  2     A888 C4   0F              ANDB #$0F
   1057  2     A88A CA   B0              ORB #$b0
   1058  5+1   A88C ED   5A              STD -6,U
   1059  5+1   A88E EC   56              LDD -10,U
   1060  2     A890 86   BB              LDA #$bb
   1061  2     A892 C4   0F              ANDB #$0F
   1062  2     A894 CA   B0              ORB #$b0
   1063  5+1   A896 ED   56              STD -10,U
   1064  5+1   A898 AF   58              STX -8,U
   1065  3     A89A CC   BBBB            LDD #$bbbb
   1066  5+4   A89D 36   16              PSHU D,X
   1067  4+1   A89F 33   5A              LEAU -6,U
   1068
   1069  4+1   A8A1 A7   C8 BF           STA -65,U
   1070  4+1   A8A4 A7   C8 B9           STA -71,U
   1071  5+1   A8A7 ED   C8 BC           STD -68,U
   1072  5+1   A8AA ED   C8 B6           STD -74,U
   1073  5+1   A8AD EC   C8 B1           LDD -79,U
   1074  2     A8B0 84   0F              ANDA #$0F
   1075  2     A8B2 C4   0F              ANDB #$0F
   1076  4     A8B4 C3   B0B0            ADDD #$b0b0
   1077  5+1   A8B7 ED   C8 B1           STD -79,U
   1078  5+1   A8BA EC   C8 C0           LDD -64,U
   1079  2     A8BD 86   BB              LDA #$bb
   1080  2     A8BF C4   0F              ANDB #$0F
   1081  2     A8C1 CA   B0              ORB #$b0
   1082  5+1   A8C3 ED   C8 C0           STD -64,U
   1083  5+1   A8C6 EC   C8 BA           LDD -70,U
   1084  2     A8C9 86   BB              LDA #$bb
   1085  2     A8CB C4   F0              ANDB #$F0
   1086  2     A8CD CA   0B              ORB #$0b
   1087  5+1   A8CF ED   C8 BA           STD -70,U
   1088  4     A8D2 108E BBBB            LDY #$bbbb
   1089  5+5   A8D6 36   32              PSHU A,X,Y
   1090  4+1   A8D8 33   C8 B6           LEAU -74,U
   1091
   1092  5+1   A8DB EC   C8 BF           LDD -65,U
   1093  2     A8DE 86   BB              LDA #$bb
   1094  2     A8E0 C4   0F              ANDB #$0F
   1095  2     A8E2 CA   B0              ORB #$b0
   1096  5+1   A8E4 ED   C8 BF           STD -65,U
   1097  5+1   A8E7 EC   C8 B9           LDD -71,U
   1098  2     A8EA 86   BB              LDA #$bb
   1099  2     A8EC C4   F0              ANDB #$F0
   1100  2     A8EE CA   09              ORB #$09
   1101  5+1   A8F0 ED   C8 B9           STD -71,U
   1102  5+1   A8F3 EC   C8 BD           LDD -67,U
   1103  2     A8F6 84   0F              ANDA #$0F
   1104  2     A8F8 8A   90              ORA #$90
   1105  2     A8FA C6   BB              LDB #$bb
   1106  5+1   A8FC ED   C8 BD           STD -67,U
   1107  5+1   A8FF AF   C8 BB           STX -69,U
   1108  5+3   A902 36   14              PSHU B,X
   1109  4+1   A904 33   C8 BC           LEAU -68,U
   1110
   1111  5+4   A907 36   30              PSHU X,Y
   1112  4+1   A909 33   5F              LEAU -1,U
   1113
   1114  5+1   A90B EC   5B              LDD -5,U
   1115  2     A90D 86   BB              LDA #$bb
   1116  2     A90F C4   0F              ANDB #$0F
   1117  2     A911 CA   B0              ORB #$b0
   1118  5+1   A913 ED   5B              STD -5,U
   1119  5+3   A915 36   12              PSHU A,X
   1120  4+1   A917 33   5E              LEAU -2,U
   1121
   1122  5+1   A919 EC   C8 C0           LDD -64,U
   1123  2     A91C 86   BB              LDA #$bb
   1124  2     A91E C4   0F              ANDB #$0F
   1125  2     A920 CA   A0              ORB #$a0
   1126  5+1   A922 ED   C8 C0           STD -64,U
   1127  5+1   A925 EC   C8 BC           LDD -68,U
   1128  2     A928 86   BB              LDA #$bb
   1129  2     A92A C4   F0              ANDB #$F0
   1130  2     A92C CA   0B              ORB #$0b
   1131  5+1   A92E ED   C8 BC           STD -68,U
   1132  5+1   A931 EC   C8 BE           LDD -66,U
   1133  2     A934 84   0F              ANDA #$0F
   1134  2     A936 8A   B0              ORA #$b0
   1135  2     A938 C6   BB              LDB #$bb
   1136  5+1   A93A ED   C8 BE           STD -66,U
   1137  5+3   A93D 36   14              PSHU B,X
   1138  4+1   A93F 33   C8 BE           LEAU -66,U
   1139
   1140  5+5   A942 36   34              PSHU B,X,Y
   1141  4+1   A944 33   5F              LEAU -1,U
   1142
   1143  5+1   A946 EC   5B              LDD -5,U
   1144  2     A948 86   BB              LDA #$bb
   1145  2     A94A C4   0F              ANDB #$0F
   1146  2     A94C CA   B0              ORB #$b0
   1147  5+1   A94E ED   5B              STD -5,U
   1148  5+3   A950 36   12              PSHU A,X
   1149  4+1   A952 33   5E              LEAU -2,U
   1150
   1151  5+1   A954 EC   C8 BF           LDD -65,U
   1152  2     A957 84   0F              ANDA #$0F
   1153  2     A959 8A   B0              ORA #$b0
   1154  2     A95B C6   BB              LDB #$bb
   1155  5+1   A95D ED   C8 BF           STD -65,U
   1156  5+1   A960 EC   C8 BD           LDD -67,U
   1157  2     A963 84   F0              ANDA #$F0
   1158  2     A965 8A   0B              ORA #$0b
   1159  2     A967 C6   BB              LDB #$bb
   1160  5+1   A969 ED   C8 BD           STD -67,U
   1161  4+1   A96C E7   C8 BC           STB -68,U
   1162  5+4   A96F 36   30              PSHU X,Y
   1163  4+1   A971 33   C8 BF           LEAU -65,U
   1164
   1165  5+5   A974 36   34              PSHU B,X,Y
   1166  4+1   A976 33   5F              LEAU -1,U
   1167
   1168  5+1   A978 EC   5B              LDD -5,U
   1169  2     A97A 86   BB              LDA #$bb
   1170  2     A97C C4   0F              ANDB #$0F
   1171  2     A97E CA   B0              ORB #$b0
   1172  5+1   A980 ED   5B              STD -5,U
   1173  5+1   A982 EC   59              LDD -7,U
   1174  2     A984 84   0F              ANDA #$0F
   1175  2     A986 8A   B0              ORA #$b0
   1176  2     A988 C6   BB              LDB #$bb
   1177  5+1   A98A ED   59              STD -7,U
   1178  5+1   A98C EC   C8 BA           LDD -70,U
   1179  2     A98F 84   0F              ANDA #$0F
   1180  2     A991 8A   B0              ORA #$b0
   1181  2     A993 C6   BB              LDB #$bb
   1182  5+1   A995 ED   C8 BA           STD -70,U
   1183  5+1   A998 AF   57              STX -9,U
   1184  5+3   A99A 36   14              PSHU B,X
   1185  4+1   A99C 33   C8 BD           LEAU -67,U
   1186
   1187  5+3   A99F 36   14              PSHU B,X
   1188  4+1   A9A1 33   5F              LEAU -1,U
   1189
   1190  5+5   A9A3 36   34              PSHU B,X,Y
   1191  4+1   A9A5 33   5F              LEAU -1,U
   1192
   1193  5+1   A9A7 EC   5B              LDD -5,U
   1194  2     A9A9 86   BB              LDA #$bb
   1195  2     A9AB C4   0F              ANDB #$0F
   1196  2     A9AD CA   B0              ORB #$b0
   1197  5+1   A9AF ED   5B              STD -5,U
   1198  5+1   A9B1 EC   59              LDD -7,U
   1199  2     A9B3 84   F0              ANDA #$F0
   1200  2     A9B5 8A   0A              ORA #$0a
   1201  2     A9B7 C6   BB              LDB #$bb
   1202  5+1   A9B9 ED   59              STD -7,U
   1203  5+1   A9BB AF   57              STX -9,U
   1204  4+1   A9BD A6   56              LDA -10,U
   1205  2     A9BF 84   F0              ANDA #$F0
   1206  2     A9C1 8A   0B              ORA #$0b
   1207  4+1   A9C3 A7   56              STA -10,U
   1208  5+3   A9C5 36   14              PSHU B,X
   1209  4+1   A9C7 33   C8 BF           LEAU -65,U
   1210
   1211  5+1   A9CA EC   5B              LDD -5,U
   1212  2     A9CC 86   BB              LDA #$bb
   1213  2     A9CE C4   0F              ANDB #$0F
   1214  2     A9D0 CA   B0              ORB #$b0
   1215  5+1   A9D2 ED   5B              STD -5,U
   1216  5+1   A9D4 EC   C8 EF           LDD -17,U
   1217  2     A9D7 86   BB              LDA #$bb
   1218  2     A9D9 C4   0F              ANDB #$0F
   1219  2     A9DB CA   B0              ORB #$b0
   1220  5+1   A9DD ED   C8 EF           STD -17,U
   1221  4+1   A9E0 A7   59              STA -7,U
   1222  4+1   A9E2 A7   C8 AB           STA -85,U
   1223  5+1   A9E5 AF   55              STX -11,U
   1224  5+1   A9E7 AF   C8 ED           STX -19,U
   1225  5+1   A9EA AF   C8 EA           STX -22,U
   1226  5+1   A9ED EC   C8 AE           LDD -82,U
   1227  2     A9F0 84   F0              ANDA #$F0
   1228  2     A9F2 8A   0B              ORA #$0b
   1229  2     A9F4 C6   BB              LDB #$bb
   1230  5+1   A9F6 ED   C8 AE           STD -82,U
   1231  5+1   A9F9 EC   C8 AC           LDD -84,U
   1232  2     A9FC 84   0F              ANDA #$0F
   1233  2     A9FE 8A   B0              ORA #$b0
   1234  2     AA00 C6   BB              LDB #$bb
   1235  5+1   AA02 ED   C8 AC           STD -84,U
   1236  3     AA05 8E   B9BB            LDX #$b9bb
   1237  5+3   AA08 36   14              PSHU B,X
   1238  4+1   AA0A 33   C8 AD           LEAU -83,U
   1239
   1240  3     AA0D 8E   BBBB            LDX #$bbbb
   1241  5+5   AA10 36   34              PSHU B,X,Y
   1242  4+1   AA12 33   5F              LEAU -1,U
   1243
   1244  5+1   AA14 EC   5B              LDD -5,U
   1245  2     AA16 86   BB              LDA #$bb
   1246  2     AA18 C4   0F              ANDB #$0F
   1247  2     AA1A CA   B0              ORB #$b0
   1248  5+1   AA1C ED   5B              STD -5,U
   1249  5+3   AA1E 36   12              PSHU A,X
   1250  4+1   AA20 33   5E              LEAU -2,U
   1251
   1252  5+1   AA22 EC   5B              LDD -5,U
   1253  2     AA24 86   BB              LDA #$bb
   1254  2     AA26 C4   0F              ANDB #$0F
   1255  2     AA28 CA   B0              ORB #$b0
   1256  5+1   AA2A ED   5B              STD -5,U
   1257  5+1   AA2C EC   C8 BF           LDD -65,U
   1258  2     AA2F 84   F0              ANDA #$F0
   1259  2     AA31 8A   0B              ORA #$0b
   1260  2     AA33 C6   BB              LDB #$bb
   1261  5+1   AA35 ED   C8 BF           STD -65,U
   1262  5+3   AA38 36   14              PSHU B,X
   1263  4+1   AA3A 33   C8 C2           LEAU -62,U
   1264
   1265  5+3   AA3D 36   14              PSHU B,X
   1266  4+1   AA3F 33   5F              LEAU -1,U
   1267
   1268  5+5   AA41 36   34              PSHU B,X,Y
   1269  4+1   AA43 33   5F              LEAU -1,U
   1270
   1271  5+1   AA45 EC   5B              LDD -5,U
   1272  2     AA47 86   BB              LDA #$bb
   1273  2     AA49 C4   0F              ANDB #$0F
   1274  2     AA4B CA   B0              ORB #$b0
   1275  5+1   AA4D ED   5B              STD -5,U
   1276  5+1   AA4F EC   59              LDD -7,U
   1277  2     AA51 86   BB              LDA #$bb
   1278  2     AA53 C4   0F              ANDB #$0F
   1279  2     AA55 CA   B0              ORB #$b0
   1280  5+1   AA57 ED   59              STD -7,U
   1281  5+1   AA59 EC   57              LDD -9,U
   1282  2     AA5B 84   F0              ANDA #$F0
   1283  2     AA5D 8A   0B              ORA #$0b
   1284  2     AA5F C6   BB              LDB #$bb
   1285  5+1   AA61 ED   57              STD -9,U
   1286  4+1   AA63 E7   56              STB -10,U
   1287  5+3   AA65 36   14              PSHU B,X
   1288  4+1   AA67 33   C8 BF           LEAU -65,U
   1289
   1290  4     AA6A 108E 9BBB            LDY #$9bbb
   1291  5+5   AA6E 36   34              PSHU B,X,Y
   1292  4+1   AA70 33   5F              LEAU -1,U
   1293
   1294  4     AA72 108E BBBB            LDY #$bbbb
   1295  5+5   AA76 36   34              PSHU B,X,Y
   1296  4+1   AA78 33   5F              LEAU -1,U
   1297
   1298  5+1   AA7A EC   5B              LDD -5,U
   1299  2     AA7C 86   BB              LDA #$bb
   1300  2     AA7E C4   0F              ANDB #$0F
   1301  2     AA80 CA   B0              ORB #$b0
   1302  5+1   AA82 ED   5B              STD -5,U
   1303  5+3   AA84 36   12              PSHU A,X
   1304  4+1   AA86 33   5D              LEAU -3,U
   1305
   1306  5+4   AA88 36   30              PSHU X,Y
   1307  4+1   AA8A 33   C8 C6           LEAU -58,U
   1308
   1309  5+5   AA8D 36   32              PSHU A,X,Y
   1310  4+1   AA8F 33   5F              LEAU -1,U
   1311
   1312  5+5   AA91 36   32              PSHU A,X,Y
   1313  4+1   AA93 33   5F              LEAU -1,U
   1314
   1315  5+1   AA95 EC   5B              LDD -5,U
   1316  2     AA97 86   BB              LDA #$bb
   1317  2     AA99 C4   0F              ANDB #$0F
   1318  2     AA9B CA   B0              ORB #$b0
   1319  5+1   AA9D ED   5B              STD -5,U
   1320  5+3   AA9F 36   12              PSHU A,X
   1321  4+1   AAA1 33   5D              LEAU -3,U
   1322
   1323  4     AAA3 108E BBBA            LDY #$bbba
   1324  5+4   AAA7 36   30              PSHU X,Y
   1325  4+1   AAA9 33   C8 C6           LEAU -58,U
   1326
   1327  5+1   AAAC AF   55              STX -11,U
   1328  5+1   AAAE AF   C8 EA           STX -22,U
   1329  4+1   AAB1 A7   C8 EF           STA -17,U
   1330  5+1   AAB4 EC   50              LDD -16,U
   1331  2     AAB6 84   0F              ANDA #$0F
   1332  2     AAB8 C4   0F              ANDB #$0F
   1333  4     AABA C3   B0B0            ADDD #$b0b0
   1334  5+1   AABD ED   50              STD -16,U
   1335  2     AABF 86   9B              LDA #$9b
   1336  4     AAC1 108E BBBB            LDY #$bbbb
   1337  5+5   AAC5 36   32              PSHU A,X,Y
   1338  4+1   AAC7 33   C8 B5           LEAU -75,U
   1339
   1340  4+1   AACA A6   5B              LDA -5,U
   1341  2     AACC 84   F0              ANDA #$F0
   1342  2     AACE 8A   0B              ORA #$0b
   1343  4+1   AAD0 A7   5B              STA -5,U
   1344  4     AAD2 108E BBBA            LDY #$bbba
   1345  5+4   AAD6 36   30              PSHU X,Y
   1346  4+1   AAD8 33   5E              LEAU -2,U
   1347
   1348  5+1   AADA EC   59              LDD -7,U
   1349  2     AADC 86   BB              LDA #$bb
   1350  2     AADE C4   0F              ANDB #$0F
   1351  2     AAE0 CA   B0              ORB #$b0
   1352  5+1   AAE2 ED   59              STD -7,U
   1353  5+1   AAE4 EC   55              LDD -11,U
   1354  2     AAE6 86   BB              LDA #$bb
   1355  2     AAE8 C4   0F              ANDB #$0F
   1356  2     AAEA CA   B0              ORB #$b0
   1357  5+1   AAEC ED   55              STD -11,U
   1358  5+1   AAEE AF   57              STX -9,U
   1359  4     AAF0 108E BBBB            LDY #$bbbb
   1360  5+5   AAF4 36   32              PSHU A,X,Y
   1361  4+1   AAF6 33   5A              LEAU -6,U
   1362
   1363  5+1   AAF8 AF   C8 BD           STX -67,U
   1364  4+1   AAFB A6   C8 BC           LDA -68,U
   1365  2     AAFE 84   F0              ANDA #$F0
   1366  2     AB00 8A   0B              ORA #$0b
   1367  4+1   AB02 A7   C8 BC           STA -68,U
   1368  5+1   AB05 EC   C8 BF           LDD -65,U
   1369  2     AB08 86   BB              LDA #$bb
   1370  2     AB0A C4   0F              ANDB #$0F
   1371  2     AB0C CA   B0              ORB #$b0
   1372  5+1   AB0E ED   C8 BF           STD -65,U
   1373  5+5   AB11 36   32              PSHU A,X,Y
   1374  4+1   AB13 33   C8 C0           LEAU -64,U
   1375
   1376  5+1   AB16 EC   59              LDD -7,U
   1377  2     AB18 86   BB              LDA #$bb
   1378  2     AB1A C4   0F              ANDB #$0F
   1379  2     AB1C CA   B0              ORB #$b0
   1380  5+1   AB1E ED   59              STD -7,U
   1381  5+1   AB20 EC   55              LDD -11,U
   1382  2     AB22 86   BB              LDA #$bb
   1383  2     AB24 C4   0F              ANDB #$0F
   1384  2     AB26 CA   B0              ORB #$b0
   1385  5+1   AB28 ED   55              STD -11,U
   1386  5+1   AB2A AF   57              STX -9,U
   1387  5+5   AB2C 36   32              PSHU A,X,Y
   1388  4+1   AB2E 33   5A              LEAU -6,U
   1389
   1390  5+1   AB30 AF   C8 BD           STX -67,U
   1391  4+1   AB33 A6   C8 BC           LDA -68,U
   1392  2     AB36 84   F0              ANDA #$F0
   1393  2     AB38 8A   09              ORA #$09
   1394  4+1   AB3A A7   C8 BC           STA -68,U
   1395  5+1   AB3D EC   C8 BF           LDD -65,U
   1396  2     AB40 86   BB              LDA #$bb
   1397  2     AB42 C4   0F              ANDB #$0F
   1398  2     AB44 CA   B0              ORB #$b0
   1399  5+1   AB46 ED   C8 BF           STD -65,U
   1400  5+5   AB49 36   32              PSHU A,X,Y
   1401  4+1   AB4B 33   C8 C0           LEAU -64,U
   1402
   1403  5+1   AB4E EC   59              LDD -7,U
   1404  2     AB50 86   BB              LDA #$bb
   1405  2     AB52 C4   0F              ANDB #$0F
   1406  2     AB54 CA   B0              ORB #$b0
   1407  5+1   AB56 ED   59              STD -7,U
   1408  5+1   AB58 EC   55              LDD -11,U
   1409  2     AB5A 86   BB              LDA #$bb
   1410  2     AB5C C4   0F              ANDB #$0F
   1411  2     AB5E CA   B0              ORB #$b0
   1412  5+1   AB60 ED   55              STD -11,U
   1413  5+1   AB62 AF   57              STX -9,U
   1414  5+5   AB64 36   32              PSHU A,X,Y
   1415  4+1   AB66 33   5A              LEAU -6,U
   1416
   1417  5+1   AB68 EC   5B              LDD -5,U
   1418  2     AB6A 86   BB              LDA #$bb
   1419  2     AB6C C4   F0              ANDB #$F0
   1420  2     AB6E CA   0B              ORB #$0b
   1421  5+1   AB70 ED   5B              STD -5,U
   1422  5+1   AB72 EC   C8 BF           LDD -65,U
   1423  2     AB75 86   BB              LDA #$bb
   1424  2     AB77 C4   0F              ANDB #$0F
   1425  2     AB79 CA   A0              ORB #$a0
   1426  5+1   AB7B ED   C8 BF           STD -65,U
   1427  5+1   AB7E EC   C8 BD           LDD -67,U
   1428  2     AB81 86   BB              LDA #$bb
   1429  2     AB83 C4   0F              ANDB #$0F
   1430  2     AB85 CA   B0              ORB #$b0
   1431  5+1   AB87 ED   C8 BD           STD -67,U
   1432  5+3   AB8A 36   12              PSHU A,X
   1433  4+1   AB8C 33   C8 BE           LEAU -66,U
   1434
   1435  5+1   AB8F EC   59              LDD -7,U
   1436  2     AB91 86   BB              LDA #$bb
   1437  2     AB93 C4   0F              ANDB #$0F
   1438  2     AB95 CA   B0              ORB #$b0
   1439  5+1   AB97 ED   59              STD -7,U
   1440  5+5   AB99 36   32              PSHU A,X,Y
   1441  4+1   AB9B 33   5E              LEAU -2,U
   1442
   1443  5+1   AB9D EC   58              LDD -8,U
   1444  2     AB9F 84   0F              ANDA #$0F
   1445  2     ABA1 8A   A0              ORA #$a0
   1446  2     ABA3 C6   BB              LDB #$bb
   1447  5+1   ABA5 ED   58              STD -8,U
   1448  4+1   ABA7 E7   57              STB -9,U
   1449  4+1   ABA9 A6   C8 BD           LDA -67,U
   1450  2     ABAC 84   0F              ANDA #$0F
   1451  2     ABAE 8A   B0              ORA #$b0
   1452  4+1   ABB0 A7   C8 BD           STA -67,U
   1453  3     ABB3 CC   BBBB            LDD #$bbbb
   1454  5+6   ABB6 36   36              PSHU D,X,Y
   1455  4+1   ABB8 33   C8 C2           LEAU -62,U
   1456
   1457  4+1   ABBB A7   56              STA -10,U
   1458  5+1   ABBD ED   50              STD -16,U
   1459  5+1   ABBF ED   C8 EB           STD -21,U
   1460  5+1   ABC2 EC   C8 B0           LDD -80,U
   1461  2     ABC5 84   F0              ANDA #$F0
   1462  2     ABC7 8A   0B              ORA #$0b
   1463  2     ABC9 C6   BB              LDB #$bb
   1464  5+1   ABCB ED   C8 B0           STD -80,U
   1465  5+3   ABCE 36   14              PSHU B,X
   1466  4+1   ABD0 33   C8 B3           LEAU -77,U
   1467
   1468  5+3   ABD3 36   14              PSHU B,X
   1469  4+1   ABD5 33   5E              LEAU -2,U
   1470
   1471  5+1   ABD7 EC   59              LDD -7,U
   1472  2     ABD9 86   BB              LDA #$bb
   1473  2     ABDB C4   0F              ANDB #$0F
   1474  2     ABDD CA   B0              ORB #$b0
   1475  5+1   ABDF ED   59              STD -7,U
   1476  5+5   ABE1 36   32              PSHU A,X,Y
   1477  4+1   ABE3 33   5E              LEAU -2,U
   1478
   1479  3     ABE5 CC   BBBB            LDD #$bbbb
   1480  3     ABE8 8E   ABBB            LDX #$abbb
   1481  5+6   ABEB 36   36              PSHU D,X,Y
   1482  5+1   ABED ED   C8 BF           STD -65,U
   1483  5+1   ABF0 EC   C8 C1           LDD -63,U
   1484  2     ABF3 86   BB              LDA #$bb
   1485  2     ABF5 C4   F0              ANDB #$F0
   1486  2     ABF7 CA   0B              ORB #$0b
   1487  5+1   ABF9 ED   C8 C1           STD -63,U
   1488  5+3   ABFC 36   22              PSHU A,Y
   1489  4+1   ABFE 33   C8 C0           LEAU -64,U
   1490
   1491  5+1   AC01 EC   59              LDD -7,U
   1492  2     AC03 86   BB              LDA #$bb
   1493  2     AC05 C4   0F              ANDB #$0F
   1494  2     AC07 CA   B0              ORB #$b0
   1495  5+1   AC09 ED   59              STD -7,U
   1496  3     AC0B 8E   BBBB            LDX #$bbbb
   1497  5+5   AC0E 36   32              PSHU A,X,Y
   1498  4+1   AC10 33   5E              LEAU -2,U
   1499
   1500  5+1   AC12 EC   5B              LDD -5,U
   1501  2     AC14 86   BB              LDA #$bb
   1502  2     AC16 C4   F0              ANDB #$F0
   1503  2     AC18 CA   0B              ORB #$0b
   1504  5+1   AC1A ED   5B              STD -5,U
   1505  5+3   AC1C 36   12              PSHU A,X
   1506  4+1   AC1E 33   5E              LEAU -2,U
   1507
   1508  4+1   AC20 A6   5C              LDA -4,U
   1509  2     AC22 84   F0              ANDA #$F0
   1510  2     AC24 8A   0B              ORA #$0b
   1511  4+1   AC26 A7   5C              STA -4,U
   1512  5+1   AC28 EC   C8 C1           LDD -63,U
   1513  2     AC2B 84   F0              ANDA #$F0
   1514  2     AC2D 8A   0B              ORA #$0b
   1515  2     AC2F C6   BB              LDB #$bb
   1516  5+1   AC31 ED   C8 C1           STD -63,U
   1517  5+3   AC34 36   14              PSHU B,X
   1518  4+1   AC36 33   C8 C4           LEAU -60,U
   1519
   1520  5+3   AC39 36   14              PSHU B,X
   1521  4+1   AC3B 33   5E              LEAU -2,U
   1522
   1523  5+1   AC3D EC   59              LDD -7,U
   1524  2     AC3F 86   BB              LDA #$bb
   1525  2     AC41 C4   0F              ANDB #$0F
   1526  2     AC43 CA   B0              ORB #$b0
   1527  5+1   AC45 ED   59              STD -7,U
   1528  5+5   AC47 36   32              PSHU A,X,Y
   1529  4+1   AC49 33   5E              LEAU -2,U
   1530
   1531  5+1   AC4B EC   5B              LDD -5,U
   1532  2     AC4D 86   BB              LDA #$bb
   1533  2     AC4F C4   F0              ANDB #$F0
   1534  2     AC51 CA   0A              ORB #$0a
   1535  5+1   AC53 ED   5B              STD -5,U
   1536  5+3   AC55 36   12              PSHU A,X
   1537  4+1   AC57 33   5E              LEAU -2,U
   1538
   1539  4+1   AC59 A6   C8 C2           LDA -62,U
   1540  2     AC5C 84   F0              ANDA #$F0
   1541  2     AC5E 8A   0B              ORA #$0b
   1542  4+1   AC60 A7   C8 C2           STA -62,U
   1543  5+1   AC63 EC   C8 BF           LDD -65,U
   1544  2     AC66 86   BB              LDA #$bb
   1545  2     AC68 C4   0F              ANDB #$0F
   1546  2     AC6A CA   B0              ORB #$b0
   1547  5+1   AC6C ED   C8 BF           STD -65,U
   1548  5+3   AC6F 36   12              PSHU A,X
   1549  4+1   AC71 33   C8 BF           LEAU -65,U
   1550
   1551  5+1   AC74 EC   5A              LDD -6,U
   1552  2     AC76 84   0F              ANDA #$0F
   1553  2     AC78 C4   F0              ANDB #$F0
   1554  4     AC7A C3   B00B            ADDD #$b00b
   1555  5+1   AC7D ED   5A              STD -6,U
   1556  5+4   AC7F 36   30              PSHU X,Y
   1557  4+1   AC81 33   5E              LEAU -2,U
   1558
   1559  5+4   AC83 36   30              PSHU X,Y
   1560  4+1   AC85 33   5F              LEAU -1,U
   1561
   1562  3     AC87 CC   ABBB            LDD #$abbb
   1563  5+4   AC8A 36   16              PSHU D,X
   1564  5     AC8C 39                   RTS
   1565
----------------
6323 cycle(s)
3213 byte(s)
----------------
   1567

000000 Total Errors

000002 Total Symbols
     0x          Label A000 DRAW_Img_SegaLogo_1
     1x          Label A6F1 DYN_POS

