Lecture du fichier de configuration: ./Sonic2/config.properties
Lecture du fichier de configuration AIZ : ./Sonic2/GameMode/AIZ/AIZ.properties
Lecture du fichier de configuration TITLESCR : ./Sonic2/GameMode/TITLESCR/TITLESCR.properties
Lecture du fichier de configuration MZ : ./Sonic2/GameMode/MZ/MZ.properties
**************** Process ./Sonic2/GeneratedCode/GameModeEngine.asm ****************
**************** Compile .\Sonic2\GeneratedCode\GameModeEngine.asm ****************
Macro Pass
Pass1
Pass2

000000 Total Errors

000097 Total Symbols
./Sonic2/GeneratedCode/GameModeEngine.BIN cycles: 622 BIN size: 434
Traitement du Game Mode (Boot) : TITLESCR
Traitement du Game Mode : AIZ
Traitement du Game Mode : MZ
Traitement du Game Mode : AIZ
Traitement du Game Mode : TITLESCR
Traitement du Game Mode : MZ
Traitement du GameModesArray
**************** Process ./Sonic2/GeneratedCode/GameMode.asm ****************
**************** Compile .\Sonic2\GeneratedCode\GameMode.asm ****************
Macro Pass
Pass1
Pass2

000000 Total Errors

000083 Total Symbols
./Sonic2/GeneratedCode/GameMode.BIN cycles: 180 BIN size: 554
Ecriture Disquette en :256 ($0100)
**************** Process ./Sonic2/GeneratedCode/Boot.asm ****************
**************** Compile .\Sonic2\GeneratedCode\Boot.asm ****************
Macro Pass
Pass1
Pass2

000000 Total Errors

000025 Total Symbols
./Sonic2/GeneratedCode/Boot.BIN cycles: 336 BIN size: 226
Ecriture Disquette en :0 ($0000)
