Lecture du fichier de configuration: ./Sonic2/config.properties
Lecture du fichier de configuration AIZ : ./Sonic2/GameMode/AIZ/AIZ.properties
Lecture du fichier de configuration TITLESCR : ./Sonic2/GameMode/TITLESCR/TITLESCR.properties
Lecture du fichier de configuration MZ : ./Sonic2/GameMode/MZ/MZ.properties
**************** Process ./Sonic2/GeneratedCode/GameModeEngine.asm ****************
**************** Compile .\Sonic2\GeneratedCode\GameModeEngine.asm ****************
Macro Pass
Pass1
Pass2

000000 Total Errors

000097 Total Symbols
./Sonic2/GeneratedCode/GameModeEngine.BIN cycles: 622 BIN size: 434
Traitement du Game Mode (Boot) : TITLESCR
Traitement du Game Mode : AIZ
Traitement du Game Mode : MZ
Traitement du Game Mode : AIZ
Traitement du Game Mode : TITLESCR
Traitement du Game Mode : MZ
Traitement du GameModesArray
**************** Process ./Sonic2/GeneratedCode/GameMode.asm ****************
**************** Compile .\Sonic2\GeneratedCode\GameMode.asm ****************
Macro Pass
Pass1
Pass2
(209)0:GLOBALS.ASM Expression Error
    209 current_game_mode_data equ 41B2
(77) Expression Error
     77         leas  current_game_mode_data,s ; s=dest

000002 Total Errors

000083 Total Symbols
java.lang.Exception: Erreur de compilation GameMode.asm
Ecriture Disquette en :256 ($0100)
**************** Process ./Sonic2/GeneratedCode/Boot.asm ****************
**************** Compile .\Sonic2\GeneratedCode\Boot.asm ****************
Macro Pass
Pass1
Pass2
(206)0:GLOBALS.ASM Expression Error
    206 current_game_mode_data equ 41B2boot_dernier_bloc equ A200
(174) Expression Error
    174         cmpd  #boot_dernier_bloc       * test debut du dernier bloc>>

000002 Total Errors

000024 Total Symbols
java.lang.Exception: Erreur de compilation Boot.asm
Ecriture Disquette en :0 ($0000)
