Lecture du fichier de configuration: ./Sonic2/config.properties
**************** Process ./Sonic2/GeneratedCode/GameMode.ASM ****************
**************** Compile .\Sonic2\GeneratedCode\GameMode.ASM ****************
Macro Pass
Pass1
Pass2
(184)0:EXOMIZER.ASM DP Error
    184         stb     <bitbuf+1               * Init bit buffer
(211)0:EXOMIZER.ASM DP Error
    211         stb     <idx+1                  * B always 0 here
(213)0:EXOMIZER.ASM DP Error
    213 rbl     inc     <idx+1                  * Compute index
(241)0:EXOMIZER.ASM DP Error
    241         std     <offs+2
(271)0:EXOMIZER.ASM DP Error
    271         sta     <bitbuf+1               * Save buffer

000005 Total Errors

000049 Total Symbols
java.lang.Exception: Erreur de compilation GameMode.ASM
Ecriture Disquette en :256 ($0100)
**************** Process ./Sonic2/GeneratedCode/Boot.ASM ****************
**************** Compile .\Sonic2\GeneratedCode\Boot.ASM ****************
Macro Pass
Pass1
Pass2

000000 Total Errors

000024 Total Symbols
./Sonic2/GeneratedCode/Boot.BIN cycles: 336 BIN size: 226
Ecriture Disquette en :0 ($0000)
