Load Game configuration: ./Sonic2/config.properties ...
	Load Game Mode TITLESCR: ./Sonic2/GameMode/TITLESCR/TITLESCR.properties
Compile Game Mode Loader ...
	# Process ./Sonic2/GeneratedCode/GameModeLoader.asm
	Include CONSTANT: ./Sonic2/Engine/Constants.asm
	Include EXOMIZER: ./Sonic2/Engine/Exomizer.asm
	# Compile .\Sonic2\GeneratedCode\GameModeLoader.asm
	Macro Pass
	Pass1
	Pass2
	
	000000 Total Errors
	
	000153 Total Symbols
	@globals: current_game_mode_data value: 41C0
	./Sonic2/GeneratedCode/GameModeLoader.BIN cycles: 651 BIN size: 448
Set Objects Id as Globals ...
		ObjID_TitleScreen: 1
Compile Main Engines (First Pass ...)
Compile Sprites ...
Compile Objects (First Pass) ...
Compute Game Mode Manager size ...
Compute Objects RAM Address ...
Compile Objects ...
Compile Main Engines ...
Write Objects ...
Compile and Write Game Mode Manager ...
Compile boot ...
Erreur lors du build.
java.lang.NullPointerException: null
	at fr.bento8.to8.build.BuildDisk.compileAndWriteBoot(BuildDisk.java:302) ~[bin/:?]
	at fr.bento8.to8.build.BuildDisk.main(BuildDisk.java:169) [bin/:?]
