Initialisation
**************************************************************************
Chargement du fichier de configuration: ./Sonic2/config.properties
Chargement du fichier de configuration GameMode TITLESCR : ./Sonic2/GameMode/TITLESCR/TITLESCR.properties

Compilation du Game Mode Engine et encodage du binaire (GMENGINE)
**************************************************************************
# Process ./Sonic2/GeneratedCode/GameModeEngine.asm
# Compile .\Sonic2\GeneratedCode\GameModeEngine.asm
Macro Pass
Pass1
Pass2

000000 Total Errors

000153 Total Symbols
./Sonic2/GeneratedCode/GameModeEngine.BIN cycles: 651 BIN size: 448

Compilation des données de Game Mode (GMEDATA)
**************************************************************************

Génération des identifiants objets:
ObjID_TitleScreen: 2

Génération des sprites compilés:

Génération du code ASM du sprite: Img_TitleScreen_Sonic_2 image:./Sonic2/Objects/TitleScreen/Title_006.png flip:N
Planche:Img_TitleScreen_Sonic_2 image:0
RAM 0 (val hex 0 à f par pixel, . Transparent):
................................................................................
................................................................................
................................................................................
................................................................................
................................................................................
................................................................................
................................................................................
................................................................................
................................................................................
................................................................................
................................................................................
................................................................................
................................................................................
................................................................................
................................................................................
................................................................................
................................................................................
................................................................................
................................................................................
................................................................................
................................................................................
................................................................................
................................................................................
................................................................................
................................................................................
................................................................................
................................................................................
................................................................................
................................................................................
................................................................................
................................................................................
................................................................................
................................................................................
................................................................................
................................................................................
................................................................................
................................................................................
................................................................................
................................................................................
................................................................................
................................................................................
................................................................................
................................................................................
................................................................................
................................................................................
................................................................................
................................................................................
................................................................................
................................................................................
................................................................................
................................................................................
................................................................................
................................................................................
................................................................................
................................................................................
................................................................................
................................................................................
................................................................................
................................................................................
................................................................................
................................................................................
................................................................................
................................................................................
................................................................................
................................................................................
................................................................................
................................................................................
................................................................................
................................................................................
................................................................................
................................................................................
................................................................................
................................................................................
................................................................................
................................................................................
................................................................................
................................................................................
................................................................................
................................................................................
................................................................................
................................................................................
................................................................................
................................................................................
................................................................................
................................................................................
................................................................................
................................................................................
................................................................................
................................................................................
................................................................................
................................................................................
................................................................................
................................................................................
................................................................................
................................................................................
................................................................................
................................................................................
................................................................................
................................................................................
................................................................................
................................................................................
................................................................................
................................................................................
................................................................................
................................................................................
................................................................................
................................................................................
................................................................................
......................................ccc.......................................
....................................ccfffc......................................
....................................ffffffcc....................................
..................................3cffffffff....................................
.................................ec3ffffffffc...................................
.................................efcfffffffffc..................................
.................................eecffffffffff..................................
.................................ffffffffffffc..................................
................................fffffffffcccc...................................
................................ff6fffffcccc....................................
................................f65ffffccccc....................................
................................f65fffcccccc....................................
...............................ff556cfcccccc....................................
..............................3fff56ffffccc3....................................
..............................ffff56ffffcc3.....................................
..............................ffffffffffcc3.....................................
..............................ffffffffff33......................................
..............................ffffffffff33......................................
..............................ffffffffffc3......................................
..............................fffffffffff3......................................
..............................fffffffffffc......................................
..............................fffffffffffc......................................
.............................fffffffffefff......................................
.............................fffffffffaffcc.....................................
.............................fffffffffaefffc....................................
............................ffffffffffeeffff....................................
............................fffff1ffffeeffcf....................................
............................ffff11ffffefffcf....................................
............................ffff10ffffffffccc...................................
............................ffff0acfffffffccf...................................
............................ffff0acfffffffccfc..................................
............................ffffaa1fffffffccff..................................
............................ffffaa0fffffffcccf..................................
............................ffffaa0cffffffcccf..................................
............................f1ffaaacffffff3ccc..................................
............................f1ffaa11ffffff33cc..................................
............................f0ffaa30ffffff33cc..................................
............................f0ffaa30ffffff33cc..................................
............................f0ffaa30ffffffc311..................................
............................f0f1aa30fffffffc....................................
............................f0f1aa30ffffffff....................................
.............................0f1aa30fffffcff....................................
.............................0f0aa30fffffcff....................................
.............................fc0aa305ffffcff....................................
.............................fcaaa1055fffcffc...................................
..............................1aaaa555ffccfff...................................
..............................0aaaa555ffccfffc..................................
..............................aaaa5555ffccfffc..................................
............................115aaa5555ffcccfff..................................
............................0055aa5555ff8cccff..................................
............................3355555555c86cccff..................................
.............................1655556558658ccff..................................
..............................655565566858ccff..................................
..............................85555558855333cf..................................
...............................65555685568333c..................................
...............................65555885583...3..................................
................................5555885583......................................
................................5555185533......................................
................................6658065533......................................
..................................81a05633......................................
..................................11a058c3......................................
.................................100a068cc......................................
................................10a0aa88cf......................................
................................0aaaaa88ff......................................
................................aaaaaa66ff......................................
................................aaaa0065ff......................................
...............................1aaaa0055ffc.....................................
..............................10aaaa0055ffc.....................................
..............................1aaaaa00.5ffc.....................................
..............................0aaaaa11..........................................
..............................aaaaaa11..........................................
..............................a1aaaa1...........................................
.............................1a1aaaa............................................
.............................0a1aaa0............................................
.............................000aaa0............................................
.............................1000a00............................................
..............................100a00............................................
..............................300000............................................
..............................300a00............................................
..............................100001............................................
..............................10001.............................................
..............................11011.............................................
..............................3101..............................................
...............................111..................
Compilation de l'image (Backup Background/Draw/Erase) ...
