Lecture du fichier de configuration: config.properties
Planche:HIL image:0
RAM 0 (val hex 00 à 10 par pixel, 00 Transparent):
................................................................................
................................................................................
................................................................................
................................................................................
................................................................................
................................................................................
................................................................................
................................................................................
................................................................................
....cc..........................................................................
....cc..........................................................................
...dccc.........................................................................
....ddac........................................................................
....ddaa........................................................................
....ddaa........................................................................
....cdaa........................................................................
....dcca........................................................................
....dcbc........................................................................
...cdcba........................................................................
...ddcbb........................................................................
..dddcbb........................................................................
....dcbb........................................................................
....dcbb........................................................................
....ddab0.......................................................................
....dd2b0.......................................................................
....dd22........................................................................
....d022........................................................................
...cdd33........................................................................
....dd0e........................................................................
.....d32........................................................................
....c222........................................................................
....2322........................................................................
....2d22........................................................................
....3b13........................................................................
....eadd........................................................................
....d9d0........................................................................
.....a.d........................................................................
.....9.d........................................................................
.......d........................................................................
.......d........................................................................
.......d........................................................................
.....a9a........................................................................
.....909........................................................................
.....0aa........................................................................
.....1b0........................................................................
....e1f21.......................................................................
....e1ffe1......................................................................
....e0ee00..
Recherche de motifs, lecture vers l'avant.

Noeud: 0
(index:position:offset:pattern)
(0:362:-120:Pattern_11)
(1:402:-80:Pattern_11)
(2:441:-41:Pattern_0111)
(3:443:-39:Pattern_10)
(4:482:0:Pattern_1111)
(5:522:40:Pattern_1111)
(6:562:80:Pattern_1111)
(7:602:120:Pattern_1111)

Noeud: 8
(index:position:offset:pattern)
(8:642:0:Pattern_1111)

Noeud: 9
(index:position:offset:pattern)
(9:682:-119:Pattern_1111)
(10:721:-80:Pattern_0111)
(11:723:-78:Pattern_11)
(12:761:-40:Pattern_0111)
(13:763:-38:Pattern_11)
(14:801:0:Pattern_111111)
(15:842:41:Pattern_1111)
(16:882:81:Pattern_1111)
(17:922:121:Pattern_1111)
(18:924:123:Pattern_10)

Noeud: 19
(index:position:offset:pattern)
(19:962:-120:Pattern_1111)
(20:964:-118:Pattern_10)
(21:1002:-80:Pattern_1111)
(22:1042:-40:Pattern_1111)
(23:1081:-1:Pattern_0111)
(24:1083:1:Pattern_11)
(25:1122:40:Pattern_1111)
(26:1162:80:Pattern_0111)
(27:1202:120:Pattern_1111)

Noeud: 28
(index:position:offset:pattern)
(28:1242:-120:Pattern_1111)
(29:1282:-80:Pattern_1111)
(30:1322:-40:Pattern_1111)
(31:1362:0:Pattern_1111)
(32:1402:40:Pattern_1111)
(33:1442:80:Pattern_0101)
(34:1482:120:Pattern_0101)

Noeud: 35
(index:position:offset:pattern)
(35:1523:-80:Pattern_01)
(36:1563:-40:Pattern_01)
(37:1603:0:Pattern_01)
(38:1642:39:Pattern_0111)
(39:1682:79:Pattern_0111)

Noeud: 40
(index:position:offset:pattern)
(40:1722:-120:Pattern_0111)
(41:1762:-80:Pattern_0111)
(42:1802:-40:Pattern_1111)
(43:1804:-38:Pattern_10)
(44:1842:0:Pattern_111111)

Noeud: 45
(index:position:offset:pattern)
(45:1882:0:Pattern_111111)

LEAS: (noeud=offset) {0=482, 19=281, 35=241, 40=239, 8=160, 9=159, 28=280, 45=40}

Code ASM:
	LEAS 482,S
	LDA -120,S
	PSHU A
	LDA #$cc
	STA -120,S

	LDA -80,S
	PSHU A
	LDA #$cc
	STA -80,S

	LDD -41,S
	PSHU D
	ANDA #$F0
	ORA #$0d
	LDB #$cc
	STD -41,S

	LDA -39,S
	PSHU A
	ANDA #$0F
	ORA #$c0
	STA -39,S

	LDD 0,S
	PSHU D
	LDD #$ddac
	STD 0,S

	LDD 40,S
	PSHU D
	LDD #$ddaa
	STD 40,S

	LDD 80,S
	PSHU D
	LDD #$ddaa
	STD 80,S

	LDD 120,S
	PSHU D
	LDD #$cdaa
	STD 120,S

	LEAS 160,S
	LDD 0,S
	PSHU D
	LDD #$dcca
	STD 0,S

	LEAS 159,S
	LDD -119,S
	PSHU D
	LDD #$dcbc
	STD -119,S

	LDD -80,S
	PSHU D
	ANDA #$F0
	ORA #$0c
	LDB #$dc
	STD -80,S

	LDA -78,S
	PSHU A
	LDA #$ba
	STA -78,S

	LDD -40,S
	PSHU D
	ANDA #$F0
	ORA #$0d
	LDB #$dc
	STD -40,S

	LDA -38,S
	PSHU A
	LDA #$bb
	STA -38,S

	PULS A,X
	PSHU A,X
	LDA #$dd
	LDX #$dcbb
	PSHS A,X

	LDD 41,S
	PSHU D
	LDD #$dcbb
	STD 41,S

	LDD 81,S
	PSHU D
	LDD #$dcbb
	STD 81,S

	LDD 121,S
	PSHU D
	LDD #$ddab
	STD 121,S

	LDA 123,S
	PSHU A
	ANDA #$0F
	ORA #$00
	STA 123,S

	LEAS 281,S
	LDD -120,S
	PSHU D
	LDD #$dd2b
	STD -120,S

	LDA -118,S
	PSHU A
	ANDA #$0F
	ORA #$00
	STA -118,S

	LDD -80,S
	PSHU D
	LDD #$dd22
	STD -80,S

	LDD -40,S
	PSHU D
	LDD #$d022
	STD -40,S

	LDD -1,S
	PSHU D
	ANDA #$F0
	ORA #$0c
	LDB #$dd
	STD -1,S

	LDA 1,S
	PSHU A
	LDA #$33
	STA 1,S

	LDD 40,S
	PSHU D
	LDD #$dd0e
	STD 40,S

	LDD 80,S
	PSHU D
	ANDA #$F0
	ORA #$0d
	LDB #$32
	STD 80,S

	LDD 120,S
	PSHU D
	LDD #$c222
	STD 120,S

	LEAS 280,S
	LDD -120,S
	PSHU D
	LDD #$2322
	STD -120,S

	LDD -80,S
	PSHU D
	LDD #$2d22
	STD -80,S

	LDD -40,S
	PSHU D
	LDD #$3b13
	STD -40,S

	LDD 0,S
	PSHU D
	LDD #$eadd
	STD 0,S

	LDD 40,S
	PSHU D
	LDD #$d9d0
	STD 40,S

	LDD 80,S
	PSHU D
	ANDA #$F0
	ANDB #$F0
	ADDD #$0a0d
	STD 80,S

	LDD 120,S
	PSHU D
	ANDA #$F0
	ANDB #$F0
	ADDD #$090d
	STD 120,S

	LEAS 241,S
	LDA -80,S
	PSHU A
	ANDA #$F0
	ORA #$0d
	STA -80,S

	LDA -40,S
	PSHU A
	ANDA #$F0
	ORA #$0d
	STA -40,S

	LDA 0,S
	PSHU A
	ANDA #$F0
	ORA #$0d
	STA 0,S

	LDD 39,S
	PSHU D
	ANDA #$F0
	ORA #$0a
	LDB #$9a
	STD 39,S

	LDD 79,S
	PSHU D
	ANDA #$F0
	ORA #$09
	LDB #$09
	STD 79,S

	LEAS 239,S
	LDD -120,S
	PSHU D
	ANDA #$F0
	ORA #$00
	LDB #$aa
	STD -120,S

	LDD -80,S
	PSHU D
	ANDA #$F0
	ORA #$01
	LDB #$b0
	STD -80,S

	LDD -40,S
	PSHU D
	LDD #$e1f2
	STD -40,S

	LDA -38,S
	PSHU A
	ANDA #$0F
	ORA #$10
	STA -38,S

	PULS A,X
	PSHU A,X
	LDA #$e1
	LDX #$ffe1
	PSHS A,X

	LEAS 40,S
	PULS A,X
	PSHU A,X
	LDA #$e0
	LDX #$ee00
	PSHS A,X

RAM 1 (val hex 00 à 10 par pixel, 00 Transparent):
................................................................................
................................................................................
................................................................................
................................................................................
................................................................................
................................................................................
................................................................................
................................................................................
................................................................................
....c...........................................................................
..ccac..........................................................................
..ddda.d........................................................................
..dd3a.d........................................................................
....2dcd........................................................................
....21ad........................................................................
....2aac........................................................................
...caaac........................................................................
..ccaaaa........................................................................
..ddaaaa........................................................................
..ddaacc........................................................................
..ddaa0c........................................................................
...dca00........................................................................
....cc00........................................................................
...cc2ba........................................................................
..cc3220........................................................................
..cd3221........................................................................
..ddd23.........................................................................
..ddd11.........................................................................
....0d..........................................................................
....211.........................................................................
....1d3.........................................................................
....0d2.........................................................................
....ad3.........................................................................
...cbb0.........................................................................
...dbb9a........................................................................
...dba9a........................................................................
...daaa9........................................................................
....ad9.........................................................................
....9d9.........................................................................
....d...........................................................................
....d...........................................................................
....bba.........................................................................
....aaa.........................................................................
....a11.........................................................................
....1a9a........................................................................
....aa0e........................................................................
....aff1........................................................................
....0eee....
Recherche de motifs, lecture vers l'avant.

Noeud: 0
(index:position:offset:pattern)
(0:362:-80:Pattern_10)
(1:401:-41:Pattern_1111)
(2:441:-1:Pattern_1111)
(3:443:1:Pattern_01)
(4:481:39:Pattern_1111)
(5:483:41:Pattern_01)
(6:522:80:Pattern_1111)

Noeud: 7
(index:position:offset:pattern)
(7:562:-119:Pattern_1111)
(8:602:-79:Pattern_1111)
(9:641:-40:Pattern_0111)
(10:643:-38:Pattern_11)
(11:681:0:Pattern_111111)

Noeud: 12
(index:position:offset:pattern)
(12:721:0:Pattern_111111)

Noeud: 13
(index:position:offset:pattern)
(13:761:0:Pattern_111111)

Noeud: 14
(index:position:offset:pattern)
(14:801:0:Pattern_111111)
(15:841:40:Pattern_0111)
(16:843:42:Pattern_11)
(17:882:81:Pattern_1111)
(18:921:120:Pattern_0111)
(19:923:122:Pattern_11)

Noeud: 20
(index:position:offset:pattern)
(20:961:0:Pattern_111111)

Noeud: 21
(index:position:offset:pattern)
(21:1001:0:Pattern_111111)
(22:1041:40:Pattern_1111)
(23:1043:42:Pattern_10)
(24:1081:80:Pattern_1111)
(25:1083:82:Pattern_10)
(26:1122:121:Pattern_11)

Noeud: 27
(index:position:offset:pattern)
(27:1162:-121:Pattern_1110)
(28:1202:-81:Pattern_1110)
(29:1242:-41:Pattern_1110)
(30:1282:-1:Pattern_1110)
(31:1321:38:Pattern_0111)
(32:1323:40:Pattern_10)
(33:1361:78:Pattern_0111)
(34:1363:80:Pattern_11)
(35:1401:118:Pattern_0111)
(36:1403:120:Pattern_11)

Noeud: 37
(index:position:offset:pattern)
(37:1441:-121:Pattern_0111)
(38:1443:-119:Pattern_11)
(39:1482:-80:Pattern_1110)
(40:1522:-40:Pattern_1110)
(41:1562:0:Pattern_10)
(42:1602:40:Pattern_10)
(43:1642:80:Pattern_1110)
(44:1682:120:Pattern_1110)

Noeud: 45
(index:position:offset:pattern)
(45:1722:-80:Pattern_1110)
(46:1762:-40:Pattern_1111)
(47:1802:0:Pattern_1111)
(48:1842:40:Pattern_1111)
(49:1882:80:Pattern_1111)

LEAS: (noeud=offset) {0=442, 20=160, 21=40, 37=279, 7=239, 27=282, 12=40, 13=40, 45=240, 14=40}

Code ASM:
	LEAS 442,S
	LDA -80,S
	PSHU A
	ANDA #$0F
	ORA #$c0
	STA -80,S

	LDD -41,S
	PSHU D
	LDD #$ccac
	STD -41,S

	LDD -1,S
	PSHU D
	LDD #$ddda
	STD -1,S

	LDA 1,S
	PSHU A
	ANDA #$F0
	ORA #$0d
	STA 1,S

	LDD 39,S
	PSHU D
	LDD #$dd3a
	STD 39,S

	LDA 41,S
	PSHU A
	ANDA #$F0
	ORA #$0d
	STA 41,S

	LDD 80,S
	PSHU D
	LDD #$2dcd
	STD 80,S

	LEAS 239,S
	LDD -119,S
	PSHU D
	LDD #$21ad
	STD -119,S

	LDD -79,S
	PSHU D
	LDD #$2aac
	STD -79,S

	LDD -40,S
	PSHU D
	ANDA #$F0
	ORA #$0c
	LDB #$aa
	STD -40,S

	LDA -38,S
	PSHU A
	LDA #$ac
	STA -38,S

	PULS A,X
	PSHU A,X
	LDA #$cc
	LDX #$aaaa
	PSHS A,X

	LEAS 40,S
	PULS A,X
	PSHU A,X
	LDA #$dd
	LDX #$aaaa
	PSHS A,X

	LEAS 40,S
	PULS A,X
	PSHU A,X
	LDA #$dd
	LDX #$aacc
	PSHS A,X

	LEAS 40,S
	PULS A,X
	PSHU A,X
	LDA #$dd
	LDX #$aa0c
	PSHS A,X

	LDD 40,S
	PSHU D
	ANDA #$F0
	ORA #$0d
	LDB #$ca
	STD 40,S

	LDA 42,S
	PSHU A
	LDA #$00
	STA 42,S

	LDD 81,S
	PSHU D
	LDD #$cc00
	STD 81,S

	LDD 120,S
	PSHU D
	ANDA #$F0
	ORA #$0c
	LDB #$c2
	STD 120,S

	LDA 122,S
	PSHU A
	LDA #$ba
	STA 122,S

	LEAS 160,S
	PULS A,X
	PSHU A,X
	LDA #$cc
	LDX #$3220
	PSHS A,X

	LEAS 40,S
	PULS A,X
	PSHU A,X
	LDA #$cd
	LDX #$3221
	PSHS A,X

	LDD 40,S
	PSHU D
	LDD #$ddd2
	STD 40,S

	LDA 42,S
	PSHU A
	ANDA #$0F
	ORA #$30
	STA 42,S

	LDD 80,S
	PSHU D
	LDD #$ddd1
	STD 80,S

	LDA 82,S
	PSHU A
	ANDA #$0F
	ORA #$10
	STA 82,S

	LDA 121,S
	PSHU A
	LDA #$0d
	STA 121,S

	LEAS 282,S
	LDD -121,S
	PSHU D
	LDA #$21
	ANDB #$0F
	ORB #$10
	STD -121,S

	LDD -81,S
	PSHU D
	LDA #$1d
	ANDB #$0F
	ORB #$30
	STD -81,S

	LDD -41,S
	PSHU D
	LDA #$0d
	ANDB #$0F
	ORB #$20
	STD -41,S

	LDD -1,S
	PSHU D
	LDA #$ad
	ANDB #$0F
	ORB #$30
	STD -1,S

	LDD 38,S
	PSHU D
	ANDA #$F0
	ORA #$0c
	LDB #$bb
	STD 38,S

	LDA 40,S
	PSHU A
	ANDA #$0F
	ORA #$00
	STA 40,S

	LDD 78,S
	PSHU D
	ANDA #$F0
	ORA #$0d
	LDB #$bb
	STD 78,S

	LDA 80,S
	PSHU A
	LDA #$9a
	STA 80,S

	LDD 118,S
	PSHU D
	ANDA #$F0
	ORA #$0d
	LDB #$ba
	STD 118,S

	LDA 120,S
	PSHU A
	LDA #$9a
	STA 120,S

	LEAS 279,S
	LDD -121,S
	PSHU D
	ANDA #$F0
	ORA #$0d
	LDB #$aa
	STD -121,S

	LDA -119,S
	PSHU A
	LDA #$a9
	STA -119,S

	LDD -80,S
	PSHU D
	LDA #$ad
	ANDB #$0F
	ORB #$90
	STD -80,S

	LDD -40,S
	PSHU D
	LDA #$9d
	ANDB #$0F
	ORB #$90
	STD -40,S

	LDA 0,S
	PSHU A
	ANDA #$0F
	ORA #$d0
	STA 0,S

	LDA 40,S
	PSHU A
	ANDA #$0F
	ORA #$d0
	STA 40,S

	LDD 80,S
	PSHU D
	LDA #$bb
	ANDB #$0F
	ORB #$a0
	STD 80,S

	LDD 120,S
	PSHU D
	LDA #$aa
	ANDB #$0F
	ORB #$a0
	STD 120,S

	LEAS 240,S
	LDD -80,S
	PSHU D
	LDA #$a1
	ANDB #$0F
	ORB #$10
	STD -80,S

	LDD -40,S
	PSHU D
	LDD #$1a9a
	STD -40,S

	LDD 0,S
	PSHU D
	LDD #$aa0e
	STD 0,S

	LDD 40,S
	PSHU D
	LDD #$aff1
	STD 40,S

	LDD 80,S
	PSHU D
	LDD #$0eee
	STD 80,S

