Lecture du fichier de configuration: ./Sonic2/config.properties
**************** Process ./Sonic2/GeneratedCode/GameMode.ASM ****************
**************** Compile .\Sonic2\GeneratedCode\GameMode.ASM ****************
Macro Pass
Pass1
Pass2
(139) Binary Not Linear
    139         fdb   $0000

000001 Total Errors

000025 Total Symbols
java.lang.Exception: Erreur de compilation GameMode.ASM
Ecriture Disquette en :256 ($0100)
**************** Process ./Sonic2/GeneratedCode/Boot.ASM ****************
**************** Compile .\Sonic2\GeneratedCode\Boot.ASM ****************
Macro Pass
Pass1
Pass2

000000 Total Errors

000024 Total Symbols
./Sonic2/GeneratedCode/Boot.BIN cycles: 336 BIN size: 226
Ecriture Disquette en :0 ($0000)
