Lecture du fichier de configuration: config.properties
./tmp/BOOT.lst c6809.exe cycles: 104
**************** Génération du code ASM de l'image HWR:3 ****************
Planche:HWR image:3
RAM 0 (val hex 0 à f par pixel, . Transparent):
................................................................................
................................................................................
................................................................................
................................................................................
................................................................................
................................................................................
................................................................................
................................................................................
................................................................................
................................................................................
....cccc........................................................................
....dcaa........................................................................
....dddad.......................................................................
.....d3ad.......................................................................
................................................................................
................................................................................
................................................................................
................................................................................
................................................................................
................................................................................
................................................................................
................................................................................
................................................................................
................................................................................
................................................................................
................................................................................
................................................................................
................................................................................
................................................................................
................................................................................
................................................................................
................................................................................
................................................................................
................................................................................
................................................................................
................................................................................
................................................................................
................................................................................
................................................................................
................................................................................
................................................................................
................................................................................
................................................................................
................................................................................
................................................................................
................................................................................
................................................................................
............
Recherche de motifs, lecture vers l'avant.

Noeud: 0
(index:position:offset:pattern)
(0:402:-61:Pattern_1111)
(1:442:-21:Pattern_1111)
(2:482:19:Pattern_1111)
(3:484:21:Pattern_10)
(4:522:59:Pattern_0111)
(5:524:61:Pattern_10)

LEAS: (noeud=offset) {0=463}

Noeud: 0 nb. patterns: 9 nb. groupes: 8
patterns: 
.
(0,null)
.
(null,0)
.
(1,null)
.
(null,1)
.
(2,null)
.
(null,2)
.
(3,3)
(5,5)
.
(4,4)
groupes: [0, 1, 2, 3, 4, 5, 6, 7]
