Lecture du fichier de configuration: ./Sonic2/config.properties
**************** Process ./Sonic2/GeneratedCode/GameMode.ASM ****************
**************** Compile .\Sonic2\GeneratedCode\GameMode.ASM ****************
Macro Pass
Pass1
Pass2
(85) Expression Error
     85         sta   dk_lecteur
(91) Expression Error
     91         dk_lecteur           equ   $6049

000002 Total Errors

000084 Total Symbols
java.lang.Exception: Erreur de compilation GameMode.ASM
Ecriture Disquette en :256 ($0100)
**************** Process ./Sonic2/GeneratedCode/Boot.ASM ****************
**************** Compile .\Sonic2\GeneratedCode\Boot.ASM ****************
Macro Pass
Pass1
Pass2

000000 Total Errors

000024 Total Symbols
./Sonic2/GeneratedCode/Boot.BIN cycles: 336 BIN size: 226
Ecriture Disquette en :0 ($0000)
