Initialisation
**************************************************************************

Chargement du fichier de configuration: ./Sonic2/config.properties
Chargement du fichier de configuration GameMode TITLESCR : ./Sonic2/GameMode/TITLESCR/TITLESCR.properties

Compilation des includes binaires
**************************************************************************

Compilation de GMENGINE --------------------------------------------------

# Process ./Sonic2/GeneratedCode/GameModeEngine.asm
# Compile .\Sonic2\GeneratedCode\GameModeEngine.asm
(9) Illegal Char
      9 * la dernière ligne contient 7 octets a la valeur $FF
java.lang.Exception: current_game_mode_data not found in Symbols.
--------------------------------------------------------------------------


Compilation du code de Game Mode Engine et des Game Modes
**************************************************************************

Traitement du Game Mode (Boot) : TITLESCR
Traitement du Game Mode : TITLESCR
Traitement du GameModesArray
# Process ./Sonic2/GeneratedCode/GameMode.asm
# Compile .\Sonic2\GeneratedCode\GameMode.asm
Macro Pass
Pass1
Pass2
(77) Expression Error
     77         leas  current_game_mode_data,s ; s=dest

000001 Total Errors

000128 Total Symbols
java.lang.Exception: Erreur de compilation GameMode.asm
Ecriture Disquette en :256 ($0100)

Compilation du code de boot
**************************************************************************

# Process ./Sonic2/GeneratedCode/Boot.asm
# Compile .\Sonic2\GeneratedCode\Boot.asm
Macro Pass
Pass1
Pass2

000000 Total Errors

000024 Total Symbols
./Sonic2/GeneratedCode/Boot.BIN cycles: 336 BIN size: 226
Ecriture Disquette en :0 ($0000)

Compilation du code de Main Engine
**************************************************************************

# Process ./Sonic2/GeneratedCode/MainEngine.asm
# Compile .\Sonic2\GeneratedCode\MainEngine.asm
Macro Pass
Pass1
Pass2

000000 Total Errors

000418 Total Symbols
./Sonic2/GeneratedCode/MainEngine.BIN cycles: 5134 BIN size: 9225
**************** EXOMIZE ./Sonic2/GeneratedCode/MainEngine.BIN ****************
MainEngine.BIN ($0000): 9215 -> 1657 (17%) (avg #1 : 9215 -> 1657 (17%))
Exomize : 1657 bytes
Ecriture Disquette en :788 ($0314)

Génération des images de disquettes
**************************************************************************


Fin du traitement.
