Lecture du fichier de configuration: config.properties
**************** COMPILE ./input/ENGINE/MAIN.ASS ****************
Macro Pass
Pass1
Pass2

000000 Total Errors

000005 Total Symbols
./input/GENERATED/MAIN.BIN cycles: 11 BIN size: 15
**************** EXOMIZE ./input/GENERATED/MAIN.BIN ****************
MAIN.BIN ($0000): 5 -> 34 (680%) (avg #1 : 5 -> 34 (680%))
Ecriture Disquette en :256 ($0100)
**************** COMPILE ./input/GENERATED/EXOMIZER.ASM ****************
Macro Pass
Pass1
Pass2

000000 Total Errors

000024 Total Symbols
./input/GENERATED/EXOMIZER.BIN cycles: 439 BIN size: 196
**************** COMPILE ./input/ENGINE/SWAP_CART_PAGE_0_2.ASM ****************
Macro Pass
Pass1
Pass2

000000 Total Errors

000004 Total Symbols
./input/GENERATED/SWAP_CART_PAGE_0_2.BIN cycles: 55 BIN size: 31
Ecriture Disquette en :512 ($0200)
Ecriture Disquette en :703 ($02BF)
**************** COMPILE ./input/GENERATED/BOOT.ASM ****************
Macro Pass
Pass1
Pass2

000000 Total Errors

000029 Total Symbols
./input/GENERATED/BOOT.BIN cycles: 419 BIN size: 256
Ecriture Disquette en :0 ($0000)
