Lecture du fichier de configuration: ./Sonic2/config.properties
**************** Process ./Sonic2/GeneratedCode/GameMode.ASM ****************
**************** Compile .\Sonic2\GeneratedCode\GameMode.ASM ****************
Macro Pass
Pass1
Pass2
(35) Expression Error
     35         dk_lecteur           equ   $6049
(36) Expression Error
     36         dk_piste             equ   $604A
(37) Expression Error
     37         dk_secteur           equ   $604C
(38) Expression Error
     38         dk_destination       equ   $604F
(39) Expression Error
     39         dk_destination_fin   equ   DK_Dernier_Bloc+2
(90) Expression Error
     90         sta   dk_lecteur
(91) Expression Error
     91         stx   dk_piste
(92) Expression Error
     92         stb   dk_secteur
(93) Expression Error
     93         sty   dk_destination
(94) Expression Error
     94         stu   dk_destination_fin

000010 Total Errors

000025 Total Symbols
java.lang.Exception: Erreur de compilation GameMode.ASM
Ecriture Disquette en :256 ($0100)
**************** Process ./Sonic2/GeneratedCode/Boot.ASM ****************
**************** Compile .\Sonic2\GeneratedCode\Boot.ASM ****************
Macro Pass
Pass1
Pass2

000000 Total Errors

000024 Total Symbols
./Sonic2/GeneratedCode/Boot.BIN cycles: 336 BIN size: 226
Ecriture Disquette en :0 ($0000)
