Lecture du fichier de configuration: ./Sonic2/config.properties
**************** Process ./Sonic2/GeneratedCode/GameMode.ASM ****************
**************** Compile .\Sonic2\GeneratedCode\GameMode.ASM ****************
Macro Pass
Pass1
Pass2
(180)0:EXOMIZER.ASM Binary Not Linear
    180 exo2    pshs    u,y,x,dp,d,cc           * Save context
(185)0:EXOMIZER.ASM DP Error
    185         stb     <bitbuf+1               * Init bit buffer
(212)0:EXOMIZER.ASM DP Error
    212         stb     <idx+1                  * B always 0 here
(214)0:EXOMIZER.ASM DP Error
    214 rbl     inc     <idx+1                  * Compute index
(242)0:EXOMIZER.ASM DP Error
    242         std     <offs+2
(272)0:EXOMIZER.ASM DP Error
    272         sta     <bitbuf+1               * Save buffer
(140) Binary Not Linear
    140         fdb   $0000

000007 Total Errors

000050 Total Symbols
java.lang.Exception: Erreur de compilation GameMode.ASM
Ecriture Disquette en :256 ($0100)
**************** Process ./Sonic2/GeneratedCode/Boot.ASM ****************
**************** Compile .\Sonic2\GeneratedCode\Boot.ASM ****************
Macro Pass
Pass1
Pass2

000000 Total Errors

000024 Total Symbols
./Sonic2/GeneratedCode/Boot.BIN cycles: 336 BIN size: 226
Ecriture Disquette en :0 ($0000)
