/*--------------------------------------------------------------*
 * Compilé avec C6809 v0.83                                     *
 *--------------------------------------------------------------*
 * Fichier source      : .\Sonic2\GeneratedCode\Boot.asm
 * Fichier destination : .\Sonic2\GeneratedCode\TMP.BIN
 * Contenu :
 *     Main     0:BOOT.ASM     3558
 *     Include  0:GLOBALS.ASM  4688
 *--------------------------------------------------------------*/

Macro Pass
Pass1
Pass2
    213                                   INCLUD GLOBALS
    214                           * Generated Code
    215
    216                  414F     GameModeLoader equ $414F
    217                  41C7     current_game_mode_data equ $41C7
    218                  0001     ObjID_SEGA equ 1
    219                  0002     ObjID_PaletteHandler equ 2
    220                  0003     ObjID_TitleScreen equ 3
    221                  6730     Object_RAM equ $6730
    222                  7289     screen_border_color equ $7289
    223                  72A6     Vint_runcount equ $72A6
    224                  0001     c1_button_up_mask equ $0001
    225                  0002     c1_button_down_mask equ $0002
    226                  0004     c1_button_left_mask equ $0004
    227                  0008     c1_button_right_mask equ $0008
    228                  0010     c2_button_up_mask equ $0010
    229                  0020     c2_button_down_mask equ $0020
    230                  0040     c2_button_left_mask equ $0040
    231                  0080     c2_button_right_mask equ $0080
    232                  0040     c1_button_A_mask equ $0040
    233                  0080     c2_button_A_mask equ $0080
    234                  72AA     Joypads_Held equ $72AA
    235                  72AA     Dpad_Held equ $72AA
    236                  72AB     Fire_Held equ $72AB
    237                  72AC     Joypads_Press equ $72AC
    238                  72AC     Dpad_Press equ $72AC
    239                  72AD     Fire_Press equ $72AD
    240                  7317     MarkObjGone equ $7317
    241                  7319     DisplaySprite_x equ $7319
    242                  731F     DisplaySprite equ $731F
    243                  7398     AnimateSprite equ $7398
    244                  745D     DeleteObject_x equ $745D
    245                  7463     DeleteObject equ $7463
    246                  7525     ClearObj equ $7525
    247                  7D60     PlayPCM equ $7D60
    248                  7DB2     PSGInit equ $7DB2
    249                  7DC4     PSGPlayNoRepeat equ $7DC4
    250                  7DF2     PSGStop equ $7DF2
    251                  7E1B     PSGResume equ $7E1B
    252                  7E66     PSGCancelLoop equ $7E66
    253                  7E6A     PSGGetStatus equ $7E6A
    254                  7E6E     PSGSetMusicVolumeAttenuation equ $7E6E
    255                  7ECD     PSGSilenceChannels equ $7ECD
    256                  7EE2     PSGRestoreVolumes equ $7EE2
    257                  7F56     PSGSFXPlayLoop equ $7F56
    258                  7FA2     PSGSFXStop equ $7FA2
    259                  8018     PSGSFXCancelLoop equ $8018
    260                  801C     PSGSFXGetStatus equ $801C
    261                  8021     PSGFrame equ $8021
    262                  80DA     _sendVolume2PSG equ $80DA
    263                  812D     PSGSFXFrame equ $812D
    264                  818A     _SFXsetLoopPoint equ $818A
    265                  81D6     Img_star_4 equ $81D6
    266                  81E9     Img_star_3 equ $81E9
    267                  81FC     Img_sonicHand equ $81FC
    268                  8212     Img_star_2 equ $8212
    269                  822C     Img_star_1 equ $822C
    270                  8246     Img_emblemBack08 equ $8246
    271                  8255     Img_emblemBack07 equ $8255
    272                  8264     Img_emblemBack09 equ $8264
    273                  8273     Img_emblemBack04 equ $8273
    274                  8282     Img_emblemBack03 equ $8282
    275                  8291     Img_emblemBack06 equ $8291
    276                  82A0     Img_emblemBack05 equ $82A0
    277                  82AF     Img_tails_5 equ $82AF
    278                  82C5     Img_tails_4 equ $82C5
    279                  82D8     Img_tails_3 equ $82D8
    280                  82EB     Img_tails_2 equ $82EB
    281                  82FE     Img_tails_1 equ $82FE
    282                  8311     Img_tailsHand equ $8311
    283                  8327     Img_sonic_1 equ $8327
    284                  833A     Img_sonic_2 equ $833A
    285                  834D     Img_emblemBack02 equ $834D
    286                  835C     Img_emblemBack01 equ $835C
    287                  836B     Img_sonic_5 equ $836B
    288                  8381     Img_sonic_3 equ $8381
    289                  8394     Img_sonic_4 equ $8394
    290                  83A7     Img_emblemFront07 equ $83A7
    291                  83B6     Img_emblemFront08 equ $83B6
    292                  83C5     Img_emblemFront05 equ $83C5
    293                  83D4     Img_emblemFront06 equ $83D4
    294                  83E3     Img_emblemFront03 equ $83E3
    295                  83F2     Img_emblemFront04 equ $83F2
    296                  8401     Img_emblemFront01 equ $8401
    297                  8410     Img_emblemFront02 equ $8410
    298                  8420     Ani_smallStar equ $8420
    299                  8426     Ani_largeStar equ $8426
    300                  8432     Ani_tails equ $8432
    301                  843E     Ani_sonic equ $843E
    302                  6730     Object_RAM equ $6730
    303                  7289     screen_border_color equ $7289
    304                  72A6     Vint_runcount equ $72A6
    305                  0001     c1_button_up_mask equ $0001
    306                  0002     c1_button_down_mask equ $0002
    307                  0004     c1_button_left_mask equ $0004
    308                  0008     c1_button_right_mask equ $0008
    309                  0010     c2_button_up_mask equ $0010
    310                  0020     c2_button_down_mask equ $0020
    311                  0040     c2_button_left_mask equ $0040
    312                  0080     c2_button_right_mask equ $0080
    313                  0040     c1_button_A_mask equ $0040
    314                  0080     c2_button_A_mask equ $0080
    315                  72AA     Joypads_Held equ $72AA
    316                  72AA     Dpad_Held equ $72AA
    317                  72AB     Fire_Held equ $72AB
    318                  72AC     Joypads_Press equ $72AC
    319                  72AC     Dpad_Press equ $72AC
    320                  72AD     Fire_Press equ $72AD
    321                  7317     MarkObjGone equ $7317
    322                  7319     DisplaySprite_x equ $7319
    323                  731F     DisplaySprite equ $731F
    324                  7398     AnimateSprite equ $7398
    325                  745D     DeleteObject_x equ $745D
    326                  7463     DeleteObject equ $7463
    327                  7525     ClearObj equ $7525
    328                  7D60     PlayPCM equ $7D60
    329                  7DB2     PSGInit equ $7DB2
    330                  7DC4     PSGPlayNoRepeat equ $7DC4
    331                  7DF2     PSGStop equ $7DF2
    332                  7E1B     PSGResume equ $7E1B
    333                  7E66     PSGCancelLoop equ $7E66
    334                  7E6A     PSGGetStatus equ $7E6A
    335                  7E6E     PSGSetMusicVolumeAttenuation equ $7E6E
    336                  7ECD     PSGSilenceChannels equ $7ECD
    337                  7EE2     PSGRestoreVolumes equ $7EE2
    338                  7F56     PSGSFXPlayLoop equ $7F56
    339                  7FA2     PSGSFXStop equ $7FA2
    340                  8018     PSGSFXCancelLoop equ $8018
    341                  801C     PSGSFXGetStatus equ $801C
    342                  8021     PSGFrame equ $8021
    343                  80DA     _sendVolume2PSG equ $80DA
    344                  812D     PSGSFXFrame equ $812D
    345                  818A     _SFXsetLoopPoint equ $818A
    346                  81D6     Img_star_4 equ $81D6
    347                  81E9     Img_star_3 equ $81E9
    348                  81FC     Img_sonicHand equ $81FC
    349                  8212     Img_star_2 equ $8212
    350                  822C     Img_star_1 equ $822C
    351                  8246     Img_emblemBack08 equ $8246
    352                  8255     Img_emblemBack07 equ $8255
    353                  8264     Img_emblemBack09 equ $8264
    354                  8273     Img_emblemBack04 equ $8273
    355                  8282     Img_emblemBack03 equ $8282
    356                  8291     Img_emblemBack06 equ $8291
    357                  82A0     Img_emblemBack05 equ $82A0
    358                  82AF     Img_tails_5 equ $82AF
    359                  82C5     Img_tails_4 equ $82C5
    360                  82D8     Img_tails_3 equ $82D8
    361                  82EB     Img_tails_2 equ $82EB
    362                  82FE     Img_tails_1 equ $82FE
    363                  8311     Img_tailsHand equ $8311
    364                  8327     Img_sonic_1 equ $8327
    365                  833A     Img_sonic_2 equ $833A
    366                  834D     Img_emblemBack02 equ $834D
    367                  835C     Img_emblemBack01 equ $835C
    368                  836B     Img_sonic_5 equ $836B
    369                  8381     Img_sonic_3 equ $8381
    370                  8394     Img_sonic_4 equ $8394
    371                  83A7     Img_emblemFront07 equ $83A7
    372                  83B6     Img_emblemFront08 equ $83B6
    373                  83C5     Img_emblemFront05 equ $83C5
    374                  83D4     Img_emblemFront06 equ $83D4
    375                  83E3     Img_emblemFront03 equ $83E3
    376                  83F2     Img_emblemFront04 equ $83F2
    377                  8401     Img_emblemFront01 equ $8401
    378                  8410     Img_emblemFront02 equ $8410
    379                  8420     Ani_smallStar equ $8420
    380                  8426     Ani_largeStar equ $8426
    381                  8432     Ani_tails equ $8432
    382                  843E     Ani_sonic equ $843E
    383                  8747     Pcm_SEGA equ $8747
    384                  8752     Psg_TitleScreen equ $8752
    385                  87C9     Pal_TitleScreen equ $87C9
    386                  87EA     Ptr_palette equ $87EA
    387                  87EC     Black_palette equ $87EC
    388                  880C     White_palette equ $880C
    389                  A20B     gmboot equ $A20B
    390                  A300     boot_dernier_bloc equ $A300
     15        6200                       org   $6200
     16
     17                           *****************************************>>
     18                           * Animation de la palette: fondu vers une>>
     19                           *****************************************>>
     20                           * Ecriture en $E7DB de l'adresse ou sera >>
     21                           *
     22                           * les adresses vont de deux en deux car i>>
     23                           * couleur: 0, adresse: 00
     24                           * couleur: 1, adresse: 02
     25                           * couleur: 2, adresse: 04
     26                           * ...
     27                           *
     28                           * Deux ecritures en $E7DA (auto-increment>>
     29                           *                          positionnee en>>
     30                           *
     31                           *                             V V V V    >>
     32                           * Premiere adresse        fondamentale V >>
     33                           *
     34                           * Deuxieme adresse            X X X M    >>
     35                           * auto-incrementee        bit de marquage>>
     36                           *                       (incrustation vid>>
     37                           *
     38                           * Attention: les instructions suivantes e>>
     39                           * ASL, ASR, CLR, COM, DEL, INC, LSL, LSR,>>
     40                           * un seul appel sur $E7DA va lire $E7DA p>>
     41                           * Sur $E7DA il faut donc utiliser l'instr>>
     42                           *****************************************>>
     43
     44        6200               PalInit
     45  3     6200 8E   62E7             ldx   #pal_len                 * >>
     46  4     6203 108E 62DB             ldy   #pal_from                * >>
     47        6207               PalRun
     48  4+0   6207 A6   A4               lda   ,y                         >>
     49  5     6209 B4   62EE             anda  pal_mask                 * >>
     50  2     620C C6   00               ldb   #$00                     * >>
     51  5     620E F4   62EE             andb  pal_mask                 * >>
     52  5     6211 F7   6278             stb   pal_buffer               * >>
     53  2     6214 C6   11               ldb   #$11                     * >>
     54  5     6216 F4   62EE             andb  pal_mask                 * >>
     55  5     6219 F7   6279             stb   pal_buffer+1             * >>
     56  5     621C B1   6278             cmpa  pal_buffer               * >>
     57  3     621F 27   10               beq   PalVRSuivante            * >>
     58  3     6221 22   07               bhi   PalVRDec                 * >>
     59  4+0   6223 A6   A4               lda   ,y                       * >>
     60  5     6225 BB   6279             adda  pal_buffer+1             * >>
     61  3     6228 20   05               bra   PalVRSave                * >>
     62        622A               PalVRDec
     63  4+0   622A A6   A4               lda   ,y                       * >>
     64  5     622C B0   6279             suba  pal_buffer+1             * >>
     65        622F               PalVRSave
     66  4+0   622F A7   A4               sta   ,y                       * >>
     67        6231               PalVRSuivante
     68  7     6231 73   62EE             com   pal_mask                 * >>
     69  3     6234 2B   D1               bmi   PalRun                   * >>
     70                            
     71        6236               SetPalBleu
     72  4+1   6236 E6   21               ldb   1,y                        >>
     73  2     6238 C1   00               cmpb  #$00                     * >>
     74  3     623A 27   08               beq   SetPalNext               * >>
     75  3     623C 22   03               bhi   SetPalBleudec            * >>
     76  2     623E 5C                    incb                           * >>
     77  3     623F 20   01               bra   SetPalSaveBleu           * >>
     78        6241               SetPalBleudec
     79  2     6241 5A                    decb                           * >>
     80        6242               SetPalSaveBleu
     81  4+1   6242 E7   21               stb   1,y                      * >>
     82                            
     83        6244               SetPalNext
     84  5     6244 B6   627E             lda   pal_idx                  * >>
     85                                   *sta   $E7DB                    *>>
     86  5     6247 B7   9000             sta   $9000                     *>>
     87  2     624A 8B   02               adda  #$02                     * >>
     88  5     624C B7   627E             sta   pal_idx                  * >>
     89  4+0   624F A6   A4               lda   ,y                       * >>
     90                                   *sta   $E7DA                    *>>
     91                                   *stb   $E7DA                    *>>
     92  5     6251 B7   9000             sta   $9000                     *>>
     93  5     6254 F7   9000             stb   $9000                     *>>
     94  5     6257 B6   627E             lda   pal_idx                  * >>
     95  4+0   625A A1   84               cmpa  ,x                       * >>
     96  3     625C 26   E6               bne   SetPalNext               * >>
     97  4+1   625E 31   22               leay  2,y                      * >>
     98  4+1   6260 30   01               leax  1,x                      * >>
     99  4     6262 8C   62ED             cmpx  #end_pal_len             * >>
    100  3     6265 26   A0               bne   PalRun                   * >>
    101                            
    102        6267               Vsync_1
    103  7     6267 7D   E7E7             tst   $E7E7                    * >>
    104  3     626A 2A   FB               bpl   Vsync_1                  * >>
    105        626C               Vsync_2
    106  7     626C 7D   E7E7             tst   $E7E7                    * >>
    107  3     626F 2B   FB               bmi   Vsync_2                  * >>
    108                            
    109  7     6271 7A   62ED             dec   pal_cycles               * >>
    110  3     6274 26   8A               bne   PalInit                  * >>
    111  3     6276 20   08               bra   InitVideo                * >>
    112                            
    113        6278               pal_buffer
    114        6278 42                    fcb   $42                      * >>
    115        6279 41                    fcb   $41                      * >>
    116        627A 53                    fcb   $53                      * >>
    117        627B 49                    fcb   $49                      * >>
    118        627C 43                    fcb   $43                      * >>
    119        627D 32                    fcb   $32                      * >>
    120                            
    121        627E               pal_idx
    122        627E 00                    fcb   $00                      * >>
    123        627F 00                    fcb   $00                      * >>
    124                            
    125                           *---------------------------------------->>
    126                           * A partir de ce point le code doit comme>>
    127                           *---------------------------------------->>
    128
    129                           *****************************************>>
    130                           * Initialisation du mode video
    131                           *****************************************>>
    132        6280               InitVideo
    133  2     6280 1A   50               orcc  #$50                     * >>
    134  4     6282 10CE 9FFF             lds   #$9FFF                   * >>
    135  2     6286 86   7B               lda   #$7B                     * >>
    136  5     6288 B7   E7DC             sta   $E7DC
    137                            
    138                           *****************************************>>
    139                           * Initialisation de la commutation de pag>>
    140                           *****************************************>>
    141  5     628B F6   6081             ldb   $6081                    * >>
    142  2     628E CA   10               orb   #$10                     * >>
    143  5     6290 F7   6081             stb   $6081                    * >>
    144  5     6293 F7   E7E7             stb   $E7E7                    * >>
    145  2     6296 86   04               lda   #$04
    146  5     6298 B7   E7E5             sta   $E7E5                    * >>
    147                            
    148                           *****************************************>>
    149                           * Lecture des donnees depuis la disquette>>
    150                           *****************************************>>
    151        629B               DKLecture
    152                  60               setdp $60
    153  2     629B 86   60               lda   #$60
    154  6     629D 1F   8B               tfr   a,dp                     * >>
    155                            
    156  3     629F CC   0000             ldd   #$0000
    157  4     62A2 97   49               sta   <$6049                   * >>
    158  5     62A4 DD   4A               std   <$604A                   * >>
    159  2     62A6 86   02               lda   #$02
    160  4     62A8 97   4C               sta   <$604C                   * >>
    161  4     62AA 97   48               sta   <$6048                   * >>
    162  2     62AC 86   A0               lda   #$A0                     * >>
    163  5     62AE DD   4F               std   <$604F
    164        62B0               DKCO
    165  8     62B0 BD   E82A             jsr   $E82A                    * >>
    166  6     62B3 0C   4C               inc   <$604C                   * >>
    167  4     62B5 96   4C               lda   <$604C                   * >>
    168  2     62B7 81   10               cmpa  #$10                     * >>
    169  3     62B9 23   10               bls   DKContinue               * >>
    170  2     62BB 86   01               lda   #$01                     * >>
    171  4     62BD 97   4C               sta   <$604C                   * >>
    172  6     62BF 0C   4B               inc   <$604B                   * >>
    173  4     62C1 96   4B               lda   <$604B
    174  2     62C3 81   4F               cmpa  #$4F                     * >>
    175  3     62C5 23   04               bls   DKContinue               * >>
    176  6     62C7 0F   4B               clr   <$604B                   * >>
    177  6     62C9 0C   49               inc   <$6049                   * >>
    178        62CB               DKContinue
    179  6     62CB 0C   4F               inc   <$604F                   * >>
    180  5     62CD DC   4F               ldd   <$604F                   * >>
    181        62CF               dk_dernier_bloc
    182  5     62CF 1083 A300             cmpd  #boot_dernier_bloc       * >>
    183  3     62D3 23   DB               bls   DKCO                     * >>
    184  3     62D5 CE   A20B             ldu   #gmboot
    185  4     62D8 7E   A000             jmp   $A000
    186
    187                           * donnees pour le fondu de palette
    188                           *****************************************>>
    189
    190        62DB               pal_from
    191        62DB 0000                  fdb   $0000                    * >>
    192        62DD F00F                  fdb   $F00F                    * >>
    193        62DF FF0F                  fdb   $FF0F                    * >>
    194        62E1 7707                  fdb   $7707                    * >>
    195        62E3 AA03                  fdb   $AA03                    * >>
    196        62E5 330A                  fdb   $330A                    * >>
    197                            
    198        62E7               pal_len
    199        62E7 0C                    fcb   $0C                      * >>
    200        62E8 0E                    fcb   $0E                      * >>
    201        62E9 10                    fcb   $10                      * >>
    202        62EA 16                    fcb   $16                      * >>
    203        62EB 18                    fcb   $18                      * >>
    204        62EC 20                    fcb   $20                      * >>
    205        62ED               end_pal_len
    206                            
    207        62ED               pal_cycles
    208        62ED 0F                    fcb   $0F                      * >>
    209                            
    210        62EE               pal_mask
    211        62EE 0F                    fcb   $0F                      * >>
    212

000000 Total Errors

000117 Total Symbols
     0x          Equ   7398 AnimateSprite
     0x          Equ   8426 Ani_largeStar
     0x          Equ   8420 Ani_smallStar
     0x          Equ   843E Ani_sonic
     0x          Equ   8432 Ani_tails
     0x          Equ   87EC Black_palette
     1x          Equ   A300 boot_dernier_bloc
     0x          Equ   0040 c1_button_A_mask
     0x          Equ   0002 c1_button_down_mask
     0x          Equ   0004 c1_button_left_mask
     0x          Equ   0008 c1_button_right_mask
     0x          Equ   0001 c1_button_up_mask
     0x          Equ   0080 c2_button_A_mask
     0x          Equ   0020 c2_button_down_mask
     0x          Equ   0040 c2_button_left_mask
     0x          Equ   0080 c2_button_right_mask
     0x          Equ   0010 c2_button_up_mask
     0x          Equ   7525 ClearObj
     0x          Equ   41C7 current_game_mode_data
     0x          Equ   7463 DeleteObject
     0x          Equ   745D DeleteObject_x
     0x          Equ   731F DisplaySprite
     0x          Equ   7319 DisplaySprite_x
     1x          Label 62B0 DKCO
     2x          Label 62CB DKContinue
     0x          Label 629B DKLecture
     0x          Label 62CF dk_dernier_bloc
     0x          Equ   72AA Dpad_Held
     0x          Equ   72AC Dpad_Press
     1x          Label 62ED end_pal_len
     0x          Equ   72AB Fire_Held
     0x          Equ   72AD Fire_Press
     0x          Equ   414F GameModeLoader
     1x          Equ   A20B gmboot
     0x          Equ   835C Img_emblemBack01
     0x          Equ   834D Img_emblemBack02
     0x          Equ   8282 Img_emblemBack03
     0x          Equ   8273 Img_emblemBack04
     0x          Equ   82A0 Img_emblemBack05
     0x          Equ   8291 Img_emblemBack06
     0x          Equ   8255 Img_emblemBack07
     0x          Equ   8246 Img_emblemBack08
     0x          Equ   8264 Img_emblemBack09
     0x          Equ   8401 Img_emblemFront01
     0x          Equ   8410 Img_emblemFront02
     0x          Equ   83E3 Img_emblemFront03
     0x          Equ   83F2 Img_emblemFront04
     0x          Equ   83C5 Img_emblemFront05
     0x          Equ   83D4 Img_emblemFront06
     0x          Equ   83A7 Img_emblemFront07
     0x          Equ   83B6 Img_emblemFront08
     0x          Equ   81FC Img_sonicHand
     0x          Equ   8327 Img_sonic_1
     0x          Equ   833A Img_sonic_2
     0x          Equ   8381 Img_sonic_3
     0x          Equ   8394 Img_sonic_4
     0x          Equ   836B Img_sonic_5
     0x          Equ   822C Img_star_1
     0x          Equ   8212 Img_star_2
     0x          Equ   81E9 Img_star_3
     0x          Equ   81D6 Img_star_4
     0x          Equ   8311 Img_tailsHand
     0x          Equ   82FE Img_tails_1
     0x          Equ   82EB Img_tails_2
     0x          Equ   82D8 Img_tails_3
     0x          Equ   82C5 Img_tails_4
     0x          Equ   82AF Img_tails_5
     1x          Label 6280 InitVideo
     0x          Equ   72AA Joypads_Held
     0x          Equ   72AC Joypads_Press
     0x          Equ   7317 MarkObjGone
     0x          Equ   6730 Object_RAM
     0x          Equ   0002 ObjID_PaletteHandler
     0x          Equ   0001 ObjID_SEGA
     0x          Equ   0003 ObjID_TitleScreen
     1x          Label 6200 PalInit
     2x          Label 6207 PalRun
     1x          Label 622A PalVRDec
     1x          Label 622F PalVRSave
     1x          Label 6231 PalVRSuivante
     5x          Label 6278 pal_buffer
     1x          Label 62ED pal_cycles
     1x          Label 62DB pal_from
     3x          Label 627E pal_idx
     1x          Label 62E7 pal_len
     4x          Label 62EE pal_mask
     0x          Equ   87C9 Pal_TitleScreen
     0x          Equ   8747 Pcm_SEGA
     0x          Equ   7D60 PlayPCM
     0x          Equ   7E66 PSGCancelLoop
     0x          Equ   8021 PSGFrame
     0x          Equ   7E6A PSGGetStatus
     0x          Equ   7DB2 PSGInit
     0x          Equ   7DC4 PSGPlayNoRepeat
     0x          Equ   7EE2 PSGRestoreVolumes
     0x          Equ   7E1B PSGResume
     0x          Equ   7E6E PSGSetMusicVolumeAttenuation
     0x          Equ   8018 PSGSFXCancelLoop
     0x          Equ   812D PSGSFXFrame
     0x          Equ   801C PSGSFXGetStatus
     0x          Equ   7F56 PSGSFXPlayLoop
     0x          Equ   7FA2 PSGSFXStop
     0x          Equ   7ECD PSGSilenceChannels
     0x          Equ   7DF2 PSGStop
     0x          Equ   8752 Psg_TitleScreen
     0x          Equ   87EA Ptr_palette
     0x          Equ   7289 screen_border_color
     0x          Label 6236 SetPalBleu
     1x          Label 6241 SetPalBleudec
     2x          Label 6244 SetPalNext
     1x          Label 6242 SetPalSaveBleu
     0x          Equ   72A6 Vint_runcount
     1x          Label 6267 Vsync_1
     1x          Label 626C Vsync_2
     0x          Equ   880C White_palette
     0x          Equ   80DA _sendVolume2PSG
     0x          Equ   818A _SFXsetLoopPoint

