/*--------------------------------------------------------------*
 * Compilé avec C6809 v0.83                                     *
 *--------------------------------------------------------------*
 * Fichier source      : ./Sonic2/GeneratedCode/Img_Sonic_054_Erase.ASM
 * Fichier destination : ./Sonic2/GeneratedCode/Img_Sonic_054_Erase.BIN
 * Contenu :
 *     Main     0:IMGE.ASM     2493
 *--------------------------------------------------------------*/

Macro Pass
Pass1
Pass2
      2        A000                      ORG $A000
      3                  FF              SETDP $FF
      4        A000               ERASE_Img_Sonic_054
      5  6+5   A000 10EF 8D 01BD         STS ERASE_SSAV_Img_Sonic_054+2,PCR>>
      6
      7        A005               ERASE_CODE_Img_Sonic_054_1
      8  5+4   A005 37   46              PULU A,B,S
      9  4+1   A007 A7   E8 14           STA 20,S
     10  4+1   A00A E7   E8 3C           STB 60,S
     11
     12  5+2   A00D 37   06              PULU D
     13  5+1   A00F ED   E8 EB           STD -21,S
     14
     15  5+1   A012 37   02              PULU A
     16  4+1   A014 A7   E8 C3           STA -61,S
     17
     18  5+3   A017 37   42              PULU A,S
     19  4+1   A019 A7   63              STA 3,S
     20
     21  5+2   A01B 37   06              PULU A,B
     22  4+1   A01D A7   E8 DB           STA -37,S
     23  4+1   A020 E7   E8 B3           STB -77,S
     24
     25  5+4   A023 37   16              PULU A,B,X
     26  4+1   A025 A7   E8 79           STA 121,S
     27  4+1   A028 E7   E8 8B           STB -117,S
     28  5+1   A02B AF   E8 D8           STX -40,S
     29
     30  5+4   A02E 37   16              PULU A,B,X
     31  4+1   A030 A7   E8 B1           STA -79,S
     32  4+1   A033 E7   E8 51           STB 81,S
     33  5+1   A036 AF   E8 89           STX -119,S
     34
     35  5+6   A039 37   36              PULU A,B,X,Y
     36  4+1   A03B A7   E8 29           STA 41,S
     37  4+1   A03E E7   61              STB 1,S
     38  5+1   A040 AF   E8 AF           STX -81,S
     39  6+1   A043 10AF E8 87           STY -121,S
     40
     41  5+6   A047 37   56              PULU D,X,S
     42  5+4   A049 34   16              PSHS D,X
     43
     44  5+2   A04B 37   06              PULU A,B
     45  4+1   A04D A7   E8 7C           STA 124,S
     46  4+1   A050 E7   E8 54           STB 84,S
     47
     48  5+2   A053 37   06              PULU A,B
     49  4+1   A055 A7   E8 2C           STA 44,S
     50  4+1   A058 E7   E8 2A           STB 42,S
     51
     52  5+5   A05B 37   32              PULU A,X,Y
     53  4+1   A05D A7   64              STA 4,S
     54  5+1   A05F AF   E8 78           STX 120,S
     55  6+1   A062 10AF E8 50           STY 80,S
     56
     57  5+6   A066 37   36              PULU D,X,Y
     58  5+1   A068 ED   E8 28           STD 40,S
     59  5+1   A06B AF   E8 7A           STX 122,S
     60  6+1   A06E 10AF E8 52           STY 82,S
     61
     62  5+6   A072 37   56              PULU D,X,S
     63  5+4   A074 34   16              PSHS D,X
     64
     65  5+1   A076 37   02              PULU A
     66  4+1   A078 A7   64              STA 4,S
     67
     68  5+6   A07A 37   56              PULU D,X,S
     69  5+4   A07C 34   16              PSHS D,X
     70
     71  5+1   A07E 37   02              PULU A
     72  4+1   A080 A7   64              STA 4,S
     73
     74  5+5   A082 37   52              PULU A,X,S
     75  5+3   A084 34   12              PSHS A,X
     76
     77  5+2   A086 37   06              PULU D
     78  5+1   A088 ED   63              STD 3,S
     79
     80  5+5   A08A 37   52              PULU A,X,S
     81  5+3   A08C 34   12              PSHS A,X
     82
     83  5+1   A08E 37   02              PULU A
     84  4+1   A090 A7   64              STA 4,S
     85
     86  5+5   A092 37   52              PULU A,X,S
     87  5+3   A094 34   12              PSHS A,X
     88
     89  5+1   A096 37   02              PULU A
     90  4+1   A098 A7   64              STA 4,S
     91
     92  5+5   A09A 37   52              PULU A,X,S
     93  5+3   A09C 34   12              PSHS A,X
     94
     95  5+1   A09E 37   02              PULU A
     96  4+1   A0A0 A7   64              STA 4,S
     97
     98  5+5   A0A2 37   52              PULU A,X,S
     99  5+3   A0A4 34   12              PSHS A,X
    100
    101  5+1   A0A6 37   02              PULU A
    102  4+1   A0A8 A7   64              STA 4,S
    103
    104  5+5   A0AA 37   52              PULU A,X,S
    105  5+3   A0AC 34   12              PSHS A,X
    106
    107  5+1   A0AE 37   02              PULU A
    108  4+1   A0B0 A7   64              STA 4,S
    109
    110  5+5   A0B2 37   52              PULU A,X,S
    111  5+3   A0B4 34   12              PSHS A,X
    112
    113  5+6   A0B6 37   36              PULU D,X,Y
    114  5+1   A0B8 ED   E8 D8           STD -40,S
    115  5+1   A0BB AF   E8 DA           STX -38,S
    116  6+1   A0BE 10AF E8 8A           STY -118,S
    117
    118  5+6   A0C2 37   36              PULU D,X,Y
    119  5+1   A0C4 ED   E8 B2           STD -78,S
    120  5+1   A0C7 AF   E8 B0           STX -80,S
    121  6+1   A0CA 10AF E8 88           STY -120,S
    122
    123  5+4   A0CE 37   46              PULU D,S
    124  5+1   A0D0 ED   E8 3C           STD 60,S
    125
    126  5+4   A0D3 37   16              PULU D,X
    127  5+1   A0D5 ED   E8 3A           STD 58,S
    128  5+1   A0D8 AF   E8 12           STX 18,S
    129
    130  5+4   A0DB 37   16              PULU A,B,X
    131  4+1   A0DD A7   E8 C3           STA -61,S
    132  4+1   A0E0 E7   E8 15           STB 21,S
    133  5+1   A0E3 AF   E8 EA           STX -22,S
    134
    135  5+3   A0E6 37   42              PULU A,S
    136  4+1   A0E8 A7   E8 3C           STA 60,S
    137
    138  5+2   A0EB 37   06              PULU D
    139  5+1   A0ED ED   E8 14           STD 20,S
    140
    141  5+2   A0F0 37   06              PULU A,B
    142  4+1   A0F2 A7   E8 C4           STA -60,S
    143  4+1   A0F5 E7   E8 EC           STB -20,S
    144
    145  5+5   A0F8 37   52              PULU A,X,S
    146  4+1   A0FA A7   E8 B2           STA -78,S
    147  5+1   A0FD AF   E8 89           STX -119,S
    148
    149  5+2   A100 37   06              PULU A,B
    150  4+1   A102 A7   E8 79           STA 121,S
    151  4+1   A105 E7   E8 51           STB 81,S
    152
    153  5+6   A108 37   36              PULU A,B,X,Y
    154  4+1   A10A A7   62              STA 2,S
    155  4+1   A10C E7   E8 DA           STB -38,S
    156  5+1   A10F AF   E8 28           STX 40,S
    157  6+0   A112 10AF E4              STY ,S
    158
    159  5+6   A115 37   36              PULU D,X,Y
    160  5+1   A117 ED   E8 D8           STD -40,S
    161  5+1   A11A AF   E8 B0           STX -80,S
    162  6+1   A11D 10AF E8 87           STY -121,S
    163
    164  5+6   A121 37   56              PULU D,X,S
    165  5+4   A123 34   16              PSHS D,X
    166
    167  5+6   A125 37   36              PULU D,X,Y
    168  5+1   A127 ED   E8 7A           STD 122,S
    169  5+1   A12A AF   E8 2A           STX 42,S
    170  6+1   A12D 10AF E8 52           STY 82,S
    171
    172  5+6   A131 37   36              PULU D,X,Y
    173  5+1   A133 ED   E8 78           STD 120,S
    174  5+1   A136 AF   E8 50           STX 80,S
    175  6+1   A139 10AF E8 28           STY 40,S
    176
    177  5+5   A13D 37   52              PULU A,X,S
    178  5+3   A13F 34   12              PSHS A,X
    179
    180  5+2   A141 37   06              PULU D
    181  5+1   A143 ED   E8 B0           STD -80,S
    182
    183  5+2   A146 37   06              PULU A,B
    184  4+1   A148 A7   E8 DA           STA -38,S
    185  4+1   A14B E7   E8 B2           STB -78,S
    186
    187  5+6   A14E 37   36              PULU A,B,X,Y
    188  4+1   A150 A7   E8 8A           STA -118,S
    189  4+1   A153 E7   E8 88           STB -120,S
    190  5+1   A156 AF   E8 D8           STX -40,S
    191  6+1   A159 10AF 7E              STY -2,S
    192
    193  5+6   A15C 37   36              PULU D,X,Y
    194  5+1   A15E ED   E8 D6           STD -42,S
    195  5+1   A161 AF   E8 AE           STX -82,S
    196  6+1   A164 10AF E8 86           STY -122,S
    197
    198  5+3   A168 37   42              PULU A,S
    199  4+1   A16A A7   E8 51           STA 81,S
    200
    201  5+6   A16D 37   36              PULU D,X,Y
    202  5+1   A16F ED   E8 28           STD 40,S
    203  5+0   A172 AF   E4              STX ,S
    204  6+1   A174 10AF E8 D8           STY -40,S
    205
    206  5+6   A178 37   36              PULU D,X,Y
    207  5+1   A17A ED   E8 4D           STD 77,S
    208  5+1   A17D AF   7E              STX -2,S
    209  6+1   A17F 10AF E8 AE           STY -82,S
    210
    211  5+6   A183 37   36              PULU A,B,X,Y
    212  4+1   A185 A7   E8 B1           STA -79,S
    213  4+1   A188 E7   E8 4F           STB 79,S
    214  5+1   A18B AF   E8 D6           STX -42,S
    215  6+1   A18E 10AF E8 26           STY 38,S
    216
    217  5+3   A192 37   42              PULU A,S
    218  4+1   A194 A7   E8 29           STA 41,S
    219
    220  5+6   A197 37   36              PULU A,B,X,Y
    221  4+1   A199 A7   61              STA 1,S
    222  4+1   A19B E7   E8 D8           STB -40,S
    223  5+1   A19E AF   E8 86           STX -122,S
    224  6+1   A1A1 10AF E8 AE           STY -82,S
    225
    226  5+6   A1A5 37   36              PULU D,X,Y
    227  5+1   A1A7 ED   E8 26           STD 38,S
    228  5+1   A1AA AF   7E              STX -2,S
    229  6+1   A1AC 10AF E8 D6           STY -42,S
    230
    231  5+6   A1B0 37   36              PULU A,B,X,Y
    232  4+1   A1B2 A7   E8 51           STA 81,S
    233  4+1   A1B5 E7   E8 79           STB 121,S
    234  5+1   A1B8 AF   E8 4E           STX 78,S
    235  6+1   A1BB 10AF E8 76           STY 118,S
    236
    237        A1BF               ERASE_SSAV_Img_Sonic_054
    238  4     A1BF 10CE 0000            LDS #$0000
    239  5     A1C3 39                   RTS
    240

000000 Total Errors

000003 Total Symbols
     0x          Label A005 ERASE_CODE_Img_Sonic_054_1
     0x          Label A000 ERASE_Img_Sonic_054
     1x          Label A1BF ERASE_SSAV_Img_Sonic_054

