/*--------------------------------------------------------------*
 * Compilé avec C6809 v0.83                                     *
 *--------------------------------------------------------------*
 * Fichier source      : ./Sonic2/GeneratedCode/Img_Sonic_043_BckDraw.ASM
 * Fichier destination : ./Sonic2/GeneratedCode/Img_Sonic_043_BckDraw.BIN
 * Contenu :
 *     Main     0:IMGD.ASM     5983
 *--------------------------------------------------------------*/

Macro Pass
Pass1
Pass2
      2        A000                      ORG $A000
      3                  FF              SETDP $FF
      4        A000               BCKDRAW_Img_Sonic_043
      5  6+5   A000 10EF 8D 0483         STS SSAV_Img_Sonic_043+2,PCR
      6
      7  5+5   A005 ED   8D 0234         STD DYN_POS+2,PCR
      8  6+0   A009 10EE A4              LDS ,Y
      9  4+4   A00C 32   E9 03C5         LEAS 965,S
     10
     11  4+1   A010 A6   E8 78           LDA 120,S
     12  4+1   A013 E6   E8 D8           LDB -40,S
     13  5+2   A016 36   06              PSHU B,A
     14  4+1   A018 A6   E8 50           LDA 80,S
     15  4+0   A01B E6   E4              LDB ,S
     16  5+1   A01D AE   E8 27           LDX 39,S
     17  5+4   A020 36   16              PSHU X,B,A
     18  5+1   A022 EC   E8 4E           LDD 78,S
     19  5+2   A025 36   06              PSHU D
     20  2     A027 84   F0              ANDA #$F0
     21  2     A029 8A   03              ORA #$03
     22  2     A02B C6   E4              LDB #$e4
     23  5+1   A02D ED   E8 4E           STD 78,S
     24  5+1   A030 EC   E8 76           LDD 118,S
     25  5+2   A033 36   06              PSHU D
     26  2     A035 84   F0              ANDA #$F0
     27  2     A037 8A   02              ORA #$02
     28  2     A039 C6   42              LDB #$42
     29  5+1   A03B ED   E8 76           STD 118,S
     30  4+1   A03E A6   E8 88           LDA -120,S
     31  5+1   A041 36   02              PSHU A
     32  2     A043 84   0F              ANDA #$0F
     33  2     A045 8A   40              ORA #$40
     34  4+1   A047 A7   E8 88           STA -120,S
     35  4+1   A04A A6   E8 B0           LDA -80,S
     36  5+3   A04D 36   42              PSHU S,A
     37  2     A04F 84   0F              ANDA #$0F
     38  2     A051 8A   50              ORA #$50
     39  4+1   A053 A7   E8 B0           STA -80,S
     40  2     A056 86   01              LDA #$01
     41  4+0   A058 A7   E4              STA ,S
     42  3     A05A CC   3112            LDD #$3112
     43  5+1   A05D ED   E8 27           STD 39,S
     44  2     A060 86   55              LDA #$55
     45  4+1   A062 A7   E8 50           STA 80,S
     46  2     A065 86   54              LDA #$54
     47  4+1   A067 A7   E8 D8           STA -40,S
     48  2     A06A 86   65              LDA #$65
     49  4+1   A06C A7   E8 78           STA 120,S
     50  4+4   A06F 32   E9 009F         LEAS 159,S
     51
     52  5+1   A073 EC   7F              LDD -1,S
     53  5+2   A075 36   06              PSHU D
     54  2     A077 86   32              LDA #$32
     55  2     A079 C4   F0              ANDB #$F0
     56  2     A07B CA   03              ORB #$03
     57  5+1   A07D ED   7F              STD -1,S
     58  4+1   A07F A6   61              LDA 1,S
     59  5+3   A081 36   42              PSHU S,A
     60  2     A083 86   06              LDA #$06
     61  4+1   A085 A7   61              STA 1,S
     62  4+4   A087 32   E9 009E         LEAS 158,S
     63
     64  5+1   A08B AE   E8 28           LDX 40,S
     65  6+1   A08E 10AE E8 88           LDY -120,S
     66  5+4   A092 36   30              PSHU Y,X
     67  5+1   A094 EC   E8 50           LDD 80,S
     68  5+1   A097 AE   E8 78           LDX 120,S
     69  5+4   A09A 36   16              PSHU X,D
     70  4+1   A09C A6   E8 DA           LDA -38,S
     71  4+1   A09F E6   E8 2A           LDB 42,S
     72  5+2   A0A2 36   06              PSHU B,A
     73  2     A0A4 C4   0F              ANDB #$0F
     74  2     A0A6 CA   E0              ORB #$e0
     75  4+1   A0A8 E7   E8 2A           STB 42,S
     76  4+1   A0AB A6   E8 52           LDA 82,S
     77  5+1   A0AE 36   02              PSHU A
     78  2     A0B0 84   0F              ANDA #$0F
     79  2     A0B2 8A   E0              ORA #$e0
     80  4+1   A0B4 A7   E8 52           STA 82,S
     81  4+1   A0B7 A6   E8 7A           LDA 122,S
     82  5+1   A0BA 36   02              PSHU A
     83  2     A0BC 84   0F              ANDA #$0F
     84  2     A0BE 8A   40              ORA #$40
     85  4+1   A0C0 A7   E8 7A           STA 122,S
     86  5+1   A0C3 EC   E8 B2           LDD -78,S
     87  5+2   A0C6 36   06              PSHU D
     88  2     A0C8 84   F0              ANDA #$F0
     89  2     A0CA C4   0F              ANDB #$0F
     90  4     A0CC C3   0B40            ADDD #$0b40
     91  5+1   A0CF ED   E8 B2           STD -78,S
     92  3     A0D2 CC   4068            LDD #$4068
     93  5+1   A0D5 ED   E8 28           STD 40,S
     94  2     A0D8 86   BE              LDA #$be
     95  4+1   A0DA A7   E8 DA           STA -38,S
     96  3     A0DD CC   4832            LDD #$4832
     97  5+1   A0E0 ED   E8 88           STD -120,S
     98  5+1   A0E3 EC   E8 B0           LDD -80,S
     99  5+2   A0E6 36   06              PSHU D
    100  2     A0E8 86   47              LDA #$47
    101  2     A0EA C4   F0              ANDB #$F0
    102  2     A0EC CA   06              ORB #$06
    103  5+1   A0EE ED   E8 B0           STD -80,S
    104  5+1   A0F1 EC   E8 D8           LDD -40,S
    105  5+2   A0F4 36   06              PSHU D
    106  2     A0F6 86   77              LDA #$77
    107  2     A0F8 C4   F0              ANDB #$F0
    108  2     A0FA CA   08              ORB #$08
    109  5+1   A0FC ED   E8 D8           STD -40,S
    110  3     A0FF CC   0063            LDD #$0063
    111  5+1   A102 ED   E8 50           STD 80,S
    112  2     A105 C6   80              LDB #$80
    113  5+1   A107 ED   E8 78           STD 120,S
    114  5+1   A10A EC   E8 8A           LDD -118,S
    115  5+2   A10D 36   06              PSHU D
    116  2     A10F 84   F0              ANDA #$F0
    117  2     A111 8A   04              ORA #$04
    118  2     A113 C6   14              LDB #$14
    119  5+1   A115 ED   E8 8A           STD -118,S
    120  5+3   A118 35   12              PULS A,X
    121  5+5   A11A 36   52              PSHU S,X,A
    122  2     A11C 86   40              LDA #$40
    123  3     A11E 8E   46B4            LDX #$46b4
    124  5+3   A121 34   12              PSHS A,X
    125  4+4   A123 32   E9 0117         LEAS 279,S
    126
    127  4+1   A127 A6   E8 2A           LDA 42,S
    128  5+1   A12A AE   E8 B2           LDX -78,S
    129  5+3   A12D 36   12              PSHU X,A
    130  5+1   A12F EC   E8 88           LDD -120,S
    131  5+2   A132 36   06              PSHU D
    132  2     A134 84   F0              ANDA #$F0
    133  2     A136 8A   0B              ORA #$0b
    134  2     A138 C6   00              LDB #$00
    135  5+1   A13A ED   E8 88           STD -120,S
    136  5+1   A13D EC   E8 B0           LDD -80,S
    137  5+2   A140 36   06              PSHU D
    138  2     A142 84   F0              ANDA #$F0
    139  2     A144 8A   0D              ORA #$0d
    140  2     A146 C6   0D              LDB #$0d
    141  5+1   A148 ED   E8 B0           STD -80,S
    142  5+1   A14B EC   E8 D8           LDD -40,S
    143  5+2   A14E 36   06              PSHU D
    144  2     A150 84   F0              ANDA #$F0
    145  2     A152 8A   0B              ORA #$0b
    146  2     A154 C6   0D              LDB #$0d
    147  5+1   A156 ED   E8 D8           STD -40,S
    148  5+1   A159 EC   E8 28           LDD 40,S
    149  5+2   A15C 36   06              PSHU D
    150  2     A15E 84   F0              ANDA #$F0
    151  2     A160 8A   0C              ORA #$0c
    152  2     A162 C6   DD              LDB #$dd
    153  5+1   A164 ED   E8 28           STD 40,S
    154  5+1   A167 EC   E8 50           LDD 80,S
    155  5+2   A16A 36   06              PSHU D
    156  2     A16C 84   F0              ANDA #$F0
    157  2     A16E 8A   0C              ORA #$0c
    158  2     A170 C6   DD              LDB #$dd
    159  5+1   A172 ED   E8 50           STD 80,S
    160  5+1   A175 EC   E8 78           LDD 120,S
    161  5+2   A178 36   06              PSHU D
    162  2     A17A 84   F0              ANDA #$F0
    163  2     A17C 8A   0C              ORA #$0c
    164  2     A17E C6   CD              LDB #$cd
    165  5+1   A180 ED   E8 78           STD 120,S
    166  3     A183 CC   E0BE            LDD #$e0be
    167  5+1   A186 ED   E8 B2           STD -78,S
    168  5+1   A189 AE   E8 8A           LDX -118,S
    169  6+1   A18C 10AE E8 DA           LDY -38,S
    170  5+4   A190 36   30              PSHU Y,X
    171  5+1   A192 EC   E8 52           LDD 82,S
    172  5+2   A195 36   06              PSHU D
    173  2     A197 86   EB              LDA #$eb
    174  2     A199 C4   0F              ANDB #$0F
    175  2     A19B CA   E0              ORB #$e0
    176  5+1   A19D ED   E8 52           STD 82,S
    177  5+1   A1A0 EC   E8 7A           LDD 122,S
    178  5+2   A1A3 36   06              PSHU D
    179  2     A1A5 86   EE              LDA #$ee
    180  2     A1A7 C4   0F              ANDB #$0F
    181  2     A1A9 CA   E0              ORB #$e0
    182  5+1   A1AB ED   E8 7A           STD 122,S
    183  3     A1AE CC   B04E            LDD #$b04e
    184  5+1   A1B1 ED   E8 8A           STD -118,S
    185  3     A1B4 CC   EEBB            LDD #$eebb
    186  5+1   A1B7 ED   E8 DA           STD -38,S
    187  4+1   A1BA A7   E8 2A           STA 42,S
    188  5+3   A1BD 35   12              PULS A,X
    189  5+5   A1BF 36   52              PSHU S,X,A
    190  2     A1C1 86   EC              LDA #$ec
    191  3     A1C3 8E   DDBE            LDX #$ddbe
    192  5+3   A1C6 34   12              PSHS A,X
    193  4+4   A1C8 32   E9 0119         LEAS 281,S
    194
    195  5+1   A1CC EC   E8 88           LDD -120,S
    196  5+2   A1CF 36   06              PSHU D
    197  2     A1D1 86   7B              LDA #$7b
    198  2     A1D3 C4   0F              ANDB #$0F
    199  2     A1D5 CA   E0              ORB #$e0
    200  5+1   A1D7 ED   E8 88           STD -120,S
    201  5+1   A1DA EC   E8 78           LDD 120,S
    202  5+2   A1DD 36   06              PSHU D
    203  2     A1DF 86   BE              LDA #$be
    204  2     A1E1 C4   F0              ANDB #$F0
    205  2     A1E3 CA   0B              ORB #$0b
    206  5+1   A1E5 ED   E8 78           STD 120,S
    207  4+1   A1E8 A6   E8 8A           LDA -118,S
    208  5+0   A1EB AE   E4              LDX ,S
    209  6+1   A1ED 10AE E8 B0           LDY -80,S
    210  5+5   A1F1 36   32              PSHU Y,X,A
    211  5+1   A1F3 EC   E8 D8           LDD -40,S
    212  5+1   A1F6 AE   E8 28           LDX 40,S
    213  6+1   A1F9 10AE E8 50           LDY 80,S
    214  5+8   A1FD 36   76              PSHU S,Y,X,D
    215  3     A1FF CC   88EE            LDD #$88ee
    216  5+1   A202 ED   E8 B0           STD -80,S
    217  2     A205 86   EE              LDA #$ee
    218  5+1   A207 ED   E8 D8           STD -40,S
    219  3     A20A CC   BEBE            LDD #$bebe
    220  5+1   A20D ED   E8 28           STD 40,S
    221  4+1   A210 A7   E8 8A           STA -118,S
    222  2     A213 C6   BB              LDB #$bb
    223  5+1   A215 ED   E8 50           STD 80,S
    224  3     A218 CC   EBCE            LDD #$ebce
    225  5+0   A21B ED   E4              STD ,S
    226  4+4   A21D 32   E9 00C8         LEAS 200,S
    227
    228  4+1   A221 A6   E8 D8           LDA -40,S
    229  4+0   A224 E6   E4              LDB ,S
    230  5+2   A226 36   06              PSHU B,A
    231  2     A228 86   BB              LDA #$bb
    232  4+1   A22A A7   E8 D8           STA -40,S
    233  4+0   A22D A7   E4              STA ,S
    234  4+1   A22F A6   E8 28           LDA 40,S
    235  5+3   A232 36   42              PSHU S,A
    236  2     A234 84   F0              ANDA #$F0
    237  2     A236 8A   0B              ORA #$0b
    238  4+1   A238 A7   E8 28           STA 40,S
    239        A23B               DYN_POS
    240
    241  4     A23B 10CE 0000            LDS #$0000
    242  4+4   A23F 32   E9 0325         LEAS 805,S
    243
    244  4+1   A243 A6   E8 D8           LDA -40,S
    245  4+1   A246 E6   E8 88           LDB -120,S
    246  5+2   A249 36   06              PSHU B,A
    247  2     A24B C4   0F              ANDB #$0F
    248  2     A24D CA   40              ORB #$40
    249  4+1   A24F E7   E8 88           STB -120,S
    250  4+1   A252 A6   E8 B0           LDA -80,S
    251  5+1   A255 36   02              PSHU A
    252  2     A257 84   0F              ANDA #$0F
    253  2     A259 8A   90              ORA #$90
    254  4+1   A25B A7   E8 B0           STA -80,S
    255  2     A25E 86   54              LDA #$54
    256  4+1   A260 A7   E8 D8           STA -40,S
    257  4+0   A263 A6   E4              LDA ,S
    258  4+1   A265 E6   E8 28           LDB 40,S
    259  5+2   A268 36   06              PSHU B,A
    260  4+1   A26A A6   E8 50           LDA 80,S
    261  4+1   A26D E6   E8 78           LDB 120,S
    262  5+4   A270 36   46              PSHU S,B,A
    263  2     A272 86   65              LDA #$65
    264  4+0   A274 A7   E4              STA ,S
    265  4+1   A276 A7   E8 28           STA 40,S
    266  4+1   A279 A7   E8 50           STA 80,S
    267  2     A27C 86   69              LDA #$69
    268  4+1   A27E A7   E8 78           STA 120,S
    269  4+4   A281 32   E9 0117         LEAS 279,S
    270
    271  4+1   A285 A6   E8 79           LDA 121,S
    272  4+1   A288 E6   E8 89           LDB -119,S
    273  5+1   A28B AE   E8 50           LDX 80,S
    274  6+1   A28E 10AE E8 28           LDY 40,S
    275  5+6   A292 36   36              PSHU Y,X,B,A
    276  5+1   A294 EC   E8 D8           LDD -40,S
    277  5+2   A297 36   06              PSHU D
    278  2     A299 84   0F              ANDA #$0F
    279  2     A29B 8A   30              ORA #$30
    280  2     A29D C6   41              LDB #$41
    281  5+1   A29F ED   E8 D8           STD -40,S
    282  5+1   A2A2 EC   E8 77           LDD 119,S
    283  5+2   A2A5 36   06              PSHU D
    284  2     A2A7 84   0F              ANDA #$0F
    285  2     A2A9 8A   80              ORA #$80
    286  2     A2AB C6   84              LDB #$84
    287  5+1   A2AD ED   E8 77           STD 119,S
    288  2     A2B0 86   69              LDA #$69
    289  4+1   A2B2 A7   E8 89           STA -119,S
    290  2     A2B5 86   BE              LDA #$be
    291  4+1   A2B7 A7   E8 79           STA 121,S
    292  4+1   A2BA A6   E8 DA           LDA -38,S
    293  5+1   A2BD 36   02              PSHU A
    294  2     A2BF 84   0F              ANDA #$0F
    295  2     A2C1 8A   50              ORA #$50
    296  4+1   A2C3 A7   E8 DA           STA -38,S
    297  4+1   A2C6 A6   E8 2A           LDA 42,S
    298  5+1   A2C9 36   02              PSHU A
    299  2     A2CB 84   0F              ANDA #$0F
    300  2     A2CD 8A   60              ORA #$60
    301  4+1   A2CF A7   E8 2A           STA 42,S
    302  4+1   A2D2 A6   E8 52           LDA 82,S
    303  5+1   A2D5 36   02              PSHU A
    304  2     A2D7 84   0F              ANDA #$0F
    305  2     A2D9 8A   40              ORA #$40
    306  4+1   A2DB A7   E8 52           STA 82,S
    307  3     A2DE CC   3E41            LDD #$3e41
    308  5+1   A2E1 ED   E8 28           STD 40,S
    309  5+1   A2E4 EC   E8 B1           LDD -79,S
    310  5+2   A2E7 36   06              PSHU D
    311  2     A2E9 86   61              LDA #$61
    312  2     A2EB C4   0F              ANDB #$0F
    313  2     A2ED CA   40              ORB #$40
    314  5+1   A2EF ED   E8 B1           STD -79,S
    315  3     A2F2 CC   6ED3            LDD #$6ed3
    316  5+1   A2F5 ED   E8 50           STD 80,S
    317  5+3   A2F8 35   12              PULS A,X
    318  5+5   A2FA 36   52              PSHU S,X,A
    319  2     A2FC 86   2E              LDA #$2e
    320  3     A2FE 8E   4064            LDX #$4064
    321  5+3   A301 34   12              PSHS A,X
    322  4+4   A303 32   E9 00EE         LEAS 238,S
    323
    324  5+1   A307 EC   E8 B0           LDD -80,S
    325  5+2   A30A 36   06              PSHU D
    326  2     A30C 84   F0              ANDA #$F0
    327  2     A30E 8A   04              ORA #$04
    328  2     A310 C6   78              LDB #$78
    329  5+1   A312 ED   E8 B0           STD -80,S
    330  5+1   A315 EC   E8 D8           LDD -40,S
    331  5+2   A318 36   06              PSHU D
    332  2     A31A 84   F0              ANDA #$F0
    333  2     A31C 8A   01              ORA #$01
    334  2     A31E C6   78              LDB #$78
    335  5+1   A320 ED   E8 D8           STD -40,S
    336  4+1   A323 A6   E8 DA           LDA -38,S
    337  5+1   A326 36   02              PSHU A
    338  5+1   A328 EC   E8 B2           LDD -78,S
    339  5+2   A32B 36   06              PSHU D
    340  2     A32D 86   78              LDA #$78
    341  2     A32F C4   0F              ANDB #$0F
    342  2     A331 CA   E0              ORB #$e0
    343  5+1   A333 ED   E8 B2           STD -78,S
    344  2     A336 86   77              LDA #$77
    345  4+1   A338 A7   E8 DA           STA -38,S
    346  5+3   A33B 35   12              PULS A,X
    347  5+5   A33D 36   52              PSHU S,X,A
    348  2     A33F 86   44              LDA #$44
    349  3     A341 8E   7738            LDX #$7738
    350  5+3   A344 34   12              PSHS A,X
    351  4+1   A346 32   E8 28           LEAS 40,S
    352
    353  5+3   A349 35   12              PULS A,X
    354  5+5   A34B 36   52              PSHU S,X,A
    355  2     A34D 86   C4              LDA #$c4
    356  3     A34F 8E   0733            LDX #$0733
    357  5+3   A352 34   12              PSHS A,X
    358  4+1   A354 32   E8 28           LEAS 40,S
    359
    360  5+3   A357 35   12              PULS A,X
    361  5+5   A359 36   52              PSHU S,X,A
    362  2     A35B 86   D4              LDA #$d4
    363  3     A35D 8E   0722            LDX #$0722
    364  5+3   A360 34   12              PSHS A,X
    365  4+1   A362 32   E8 28           LEAS 40,S
    366
    367  5+3   A365 35   12              PULS A,X
    368  5+5   A367 36   52              PSHU S,X,A
    369  2     A369 86   D1              LDA #$d1
    370  3     A36B 8E   B701            LDX #$b701
    371  5+3   A36E 34   12              PSHS A,X
    372  4+1   A370 32   E8 28           LEAS 40,S
    373
    374  4+1   A373 A6   63              LDA 3,S
    375  5+1   A375 36   02              PSHU A
    376  2     A377 84   0F              ANDA #$0F
    377  2     A379 8A   E0              ORA #$e0
    378  4+1   A37B A7   63              STA 3,S
    379  5+3   A37D 35   12              PULS A,X
    380  5+5   A37F 36   52              PSHU S,X,A
    381  2     A381 86   D1              LDA #$d1
    382  3     A383 8E   BC02            LDX #$bc02
    383  5+3   A386 34   12              PSHS A,X
    384  4+1   A388 32   E8 28           LEAS 40,S
    385
    386  5+3   A38B 35   12              PULS A,X
    387  5+5   A38D 36   52              PSHU S,X,A
    388  2     A38F 86   D1              LDA #$d1
    389  3     A391 8E   CC01            LDX #$cc01
    390  5+3   A394 34   12              PSHS A,X
    391  4+1   A396 32   E8 28           LEAS 40,S
    392
    393  5+3   A399 35   12              PULS A,X
    394  5+5   A39B 36   52              PSHU S,X,A
    395  2     A39D 86   DC              LDA #$dc
    396  3     A39F 8E   CCEE            LDX #$ccee
    397  5+3   A3A2 34   12              PSHS A,X
    398  4+1   A3A4 32   E8 28           LEAS 40,S
    399
    400  5+3   A3A7 35   12              PULS A,X
    401  5+5   A3A9 36   52              PSHU S,X,A
    402  2     A3AB 86   DD              LDA #$dd
    403  3     A3AD 8E   DCEE            LDX #$dcee
    404  5+3   A3B0 34   12              PSHS A,X
    405  4+1   A3B2 32   E8 28           LEAS 40,S
    406
    407  5+3   A3B5 35   12              PULS A,X
    408  5+5   A3B7 36   52              PSHU S,X,A
    409  2     A3B9 86   DD              LDA #$dd
    410  3     A3BB 8E   DCBE            LDX #$dcbe
    411  5+3   A3BE 34   12              PSHS A,X
    412  4+1   A3C0 32   E8 28           LEAS 40,S
    413
    414  5+1   A3C3 AE   E8 28           LDX 40,S
    415  6+1   A3C6 10AE E8 50           LDY 80,S
    416  5+4   A3CA 36   30              PSHU Y,X
    417  4+1   A3CC A6   E8 2A           LDA 42,S
    418  5+1   A3CF 36   02              PSHU A
    419  2     A3D1 84   F0              ANDA #$F0
    420  2     A3D3 8A   0B              ORA #$0b
    421  4+1   A3D5 A7   E8 2A           STA 42,S
    422  3     A3D8 CC   D7CB            LDD #$d7cb
    423  5+1   A3DB ED   E8 28           STD 40,S
    424  2     A3DE C6   BE              LDB #$be
    425  5+1   A3E0 ED   E8 50           STD 80,S
    426  5+1   A3E3 AE   E8 78           LDX 120,S
    427  5+2   A3E6 36   10              PSHU X
    428  2     A3E8 86   C8              LDA #$c8
    429  5+1   A3EA ED   E8 78           STD 120,S
    430  5+3   A3ED 35   12              PULS A,X
    431  5+5   A3EF 36   52              PSHU S,X,A
    432  2     A3F1 86   D7              LDA #$d7
    433  3     A3F3 8E   DBBB            LDX #$dbbb
    434  5+3   A3F6 34   12              PSHS A,X
    435  4+4   A3F8 32   E9 0119         LEAS 281,S
    436
    437  5+1   A3FC EC   7F              LDD -1,S
    438  5+2   A3FE 36   06              PSHU D
    439  2     A400 84   F0              ANDA #$F0
    440  2     A402 C4   0F              ANDB #$0F
    441  4     A404 C3   0CE0            ADDD #$0ce0
    442  5+1   A407 ED   7F              STD -1,S
    443  4+1   A409 A6   E8 B1           LDA -79,S
    444  5+1   A40C 36   02              PSHU A
    445  2     A40E 84   0F              ANDA #$0F
    446  2     A410 8A   E0              ORA #$e0
    447  4+1   A412 A7   E8 B1           STA -79,S
    448  4+1   A415 A6   E8 D7           LDA -41,S
    449  5+1   A418 36   02              PSHU A
    450  2     A41A 84   F0              ANDA #$F0
    451  2     A41C 8A   0C              ORA #$0c
    452  4+1   A41E A7   E8 D7           STA -41,S
    453  4+1   A421 A6   E8 D9           LDA -39,S
    454  5+1   A424 36   02              PSHU A
    455  2     A426 84   0F              ANDA #$0F
    456  2     A428 8A   E0              ORA #$e0
    457  4+1   A42A A7   E8 D9           STA -39,S
    458  4+1   A42D A6   E8 28           LDA 40,S
    459  5+1   A430 36   02              PSHU A
    460  2     A432 84   0F              ANDA #$0F
    461  2     A434 8A   E0              ORA #$e0
    462  4+1   A436 A7   E8 28           STA 40,S
    463  4+1   A439 A6   E8 50           LDA 80,S
    464  5+1   A43C 36   02              PSHU A
    465  2     A43E 84   0F              ANDA #$0F
    466  2     A440 8A   E0              ORA #$e0
    467  4+1   A442 A7   E8 50           STA 80,S
    468  4+1   A445 A6   E8 78           LDA 120,S
    469  5+1   A448 36   02              PSHU A
    470  2     A44A 84   0F              ANDA #$0F
    471  2     A44C 8A   E0              ORA #$e0
    472  4+1   A44E A7   E8 78           STA 120,S
    473  4+1   A451 A6   61              LDA 1,S
    474  5+1   A453 AE   E8 87           LDX -121,S
    475  6+1   A456 10AE E8 AF           LDY -81,S
    476  5+7   A45A 36   72              PSHU S,Y,X,A
    477  3     A45C CC   CEBB            LDD #$cebb
    478  5+1   A45F ED   E8 87           STD -121,S
    479  2     A462 86   CC              LDA #$cc
    480  5+1   A464 ED   E8 AF           STD -81,S
    481  4+1   A467 E7   61              STB 1,S
    482  4+4   A469 32   E9 00B4         LEAS 180,S
    483
    484  4+1   A46D A6   E8 EC           LDA -20,S
    485  5+1   A470 36   02              PSHU A
    486  2     A472 84   0F              ANDA #$0F
    487  2     A474 8A   B0              ORA #$b0
    488  4+1   A476 A7   E8 EC           STA -20,S
    489  4+1   A479 A6   E8 14           LDA 20,S
    490  5+3   A47C 36   42              PSHU S,A
    491  2     A47E 84   F0              ANDA #$F0
    492  2     A480 8A   0E              ORA #$0e
    493  4+1   A482 A7   E8 14           STA 20,S
    494        A485               SSAV_Img_Sonic_043
    495  4     A485 10CE 0000            LDS #$0000
    496  5     A489 39                   RTS
    497

000000 Total Errors

000003 Total Symbols
     0x          Label A000 BCKDRAW_Img_Sonic_043
     1x          Label A23B DYN_POS
     1x          Label A485 SSAV_Img_Sonic_043

