/*--------------------------------------------------------------*
 * Compilé avec C6809 v0.83                                     *
 *--------------------------------------------------------------*
 * Fichier source      : ./Sonic2/GeneratedCode/Img_Sonic_200_BckDraw.ASM
 * Fichier destination : ./Sonic2/GeneratedCode/Img_Sonic_200_BckDraw.BIN
 * Contenu :
 *     Main     0:IMGD.ASM     6488
 *--------------------------------------------------------------*/

Macro Pass
Pass1
Pass2
      2        A000                      ORG $A000
      3                  FF              SETDP $FF
      4        A000               BCKDRAW_Img_Sonic_200
      5  6+5   A000 10EF 8D 04EB         STS SSAV_Img_Sonic_200+2,PCR
      6
      7  5+5   A005 ED   8D 029F         STD DYN_POS+2,PCR
      8  6+0   A009 10EE A4              LDS ,Y
      9  4+4   A00C 32   E9 0324         LEAS 804,S
     10
     11  5+1   A010 EC   E8 D7           LDD -41,S
     12  5+2   A013 36   06              PSHU D
     13  2     A015 86   EB              LDA #$eb
     14  2     A017 C4   0F              ANDB #$0F
     15  2     A019 CA   B0              ORB #$b0
     16  5+1   A01B ED   E8 D7           STD -41,S
     17  4+1   A01E A6   E8 AF           LDA -81,S
     18  5+1   A021 36   02              PSHU A
     19  2     A023 84   F0              ANDA #$F0
     20  2     A025 8A   0B              ORA #$0b
     21  4+1   A027 A7   E8 AF           STA -81,S
     22  4+1   A02A A6   E8 51           LDA 81,S
     23  5+1   A02D 36   02              PSHU A
     24  2     A02F 84   0F              ANDA #$0F
     25  2     A031 8A   E0              ORA #$e0
     26  4+1   A033 A7   E8 51           STA 81,S
     27  5+1   A036 AE   7F              LDX -1,S
     28  6+1   A038 10AE E8 27           LDY 39,S
     29  5+4   A03C 36   30              PSHU Y,X
     30  5+1   A03E EC   E8 4F           LDD 79,S
     31  5+4   A041 36   46              PSHU S,D
     32  3     A043 CC   BCBB            LDD #$bcbb
     33  5+1   A046 ED   7F              STD -1,S
     34  2     A048 86   B7              LDA #$b7
     35  5+1   A04A ED   E8 27           STD 39,S
     36  2     A04D 86   BE              LDA #$be
     37  5+1   A04F ED   E8 4F           STD 79,S
     38  4+4   A052 32   E9 00EE         LEAS 238,S
     39
     40  5+1   A056 AE   E8 79           LDX 121,S
     41  6+1   A059 10AE E8 D9           LDY -39,S
     42  5+4   A05D 36   30              PSHU Y,X
     43  5+1   A05F EC   E8 51           LDD 81,S
     44  5+1   A062 AE   E8 89           LDX -119,S
     45  6+1   A065 10AE E8 29           LDY 41,S
     46  5+6   A069 36   36              PSHU Y,X,D
     47  4+1   A06B A6   E8 8B           LDA -117,S
     48  5+1   A06E 36   02              PSHU A
     49  2     A070 84   0F              ANDA #$0F
     50  2     A072 8A   E0              ORA #$e0
     51  4+1   A074 A7   E8 8B           STA -117,S
     52  4+1   A077 A6   E8 B3           LDA -77,S
     53  5+1   A07A 36   02              PSHU A
     54  2     A07C 84   0F              ANDA #$0F
     55  2     A07E 8A   B0              ORA #$b0
     56  4+1   A080 A7   E8 B3           STA -77,S
     57  4+1   A083 A6   E8 DB           LDA -37,S
     58  5+1   A086 36   02              PSHU A
     59  2     A088 84   0F              ANDA #$0F
     60  2     A08A 8A   10              ORA #$10
     61  4+1   A08C A7   E8 DB           STA -37,S
     62  4+1   A08F A6   63              LDA 3,S
     63  5+1   A091 36   02              PSHU A
     64  2     A093 84   0F              ANDA #$0F
     65  2     A095 8A   10              ORA #$10
     66  4+1   A097 A7   63              STA 3,S
     67  4+1   A099 A6   E8 2B           LDA 43,S
     68  5+1   A09C 36   02              PSHU A
     69  2     A09E 84   0F              ANDA #$0F
     70  2     A0A0 8A   10              ORA #$10
     71  4+1   A0A2 A7   E8 2B           STA 43,S
     72  4+1   A0A5 A6   E8 53           LDA 83,S
     73  5+1   A0A8 36   02              PSHU A
     74  2     A0AA 84   0F              ANDA #$0F
     75  2     A0AC 8A   00              ORA #$00
     76  4+1   A0AE A7   E8 53           STA 83,S
     77  4+1   A0B1 A6   E8 7B           LDA 123,S
     78  5+1   A0B4 36   02              PSHU A
     79  2     A0B6 84   0F              ANDA #$0F
     80  2     A0B8 8A   00              ORA #$00
     81  4+1   A0BA A7   E8 7B           STA 123,S
     82  3     A0BD CC   BEBB            LDD #$bebb
     83  5+1   A0C0 ED   E8 89           STD -119,S
     84  2     A0C3 C6   00              LDB #$00
     85  5+1   A0C5 ED   E8 D9           STD -39,S
     86  2     A0C8 86   EB              LDA #$eb
     87  5+1   A0CA ED   E8 29           STD 41,S
     88  5+1   A0CD ED   E8 51           STD 81,S
     89  5+1   A0D0 ED   E8 79           STD 121,S
     90  5+1   A0D3 EC   E8 B1           LDD -79,S
     91  5+2   A0D6 36   06              PSHU D
     92  2     A0D8 84   F0              ANDA #$F0
     93  2     A0DA 8A   0E              ORA #$0e
     94  2     A0DC C6   11              LDB #$11
     95  5+1   A0DE ED   E8 B1           STD -79,S
     96  5+1   A0E1 EC   E8 27           LDD 39,S
     97  5+2   A0E4 36   06              PSHU D
     98  2     A0E6 84   F0              ANDA #$F0
     99  2     A0E8 8A   00              ORA #$00
    100  2     A0EA C6   17              LDB #$17
    101  5+1   A0EC ED   E8 27           STD 39,S
    102  5+1   A0EF EC   E8 4F           LDD 79,S
    103  5+2   A0F2 36   06              PSHU D
    104  2     A0F4 84   F0              ANDA #$F0
    105  2     A0F6 8A   02              ORA #$02
    106  2     A0F8 C6   18              LDB #$18
    107  5+1   A0FA ED   E8 4F           STD 79,S
    108  5+1   A0FD EC   E8 77           LDD 119,S
    109  5+2   A100 36   06              PSHU D
    110  2     A102 84   F0              ANDA #$F0
    111  2     A104 8A   00              ORA #$00
    112  2     A106 C6   23              LDB #$23
    113  5+1   A108 ED   E8 77           STD 119,S
    114  5+3   A10B 35   12              PULS A,X
    115  5+5   A10D 36   52              PSHU S,X,A
    116  2     A10F 86   2E              LDA #$2e
    117  3     A111 8E   EE00            LDX #$ee00
    118  5+3   A114 34   12              PSHS A,X
    119  4+4   A116 32   E9 00A1         LEAS 161,S
    120
    121  5+1   A11A EC   7F              LDD -1,S
    122  5+2   A11C 36   06              PSHU D
    123  2     A11E 84   0F              ANDA #$0F
    124  2     A120 8A   30              ORA #$30
    125  2     A122 C6   EE              LDB #$ee
    126  5+1   A124 ED   7F              STD -1,S
    127  5+1   A126 EC   61              LDD 1,S
    128  5+4   A128 36   46              PSHU S,D
    129  2     A12A 86   00              LDA #$00
    130  2     A12C C4   0F              ANDB #$0F
    131  2     A12E CA   00              ORB #$00
    132  5+1   A130 ED   61              STD 1,S
    133  4+4   A132 32   E9 009F         LEAS 159,S
    134
    135  5+1   A136 EC   E8 8A           LDD -118,S
    136  5+2   A139 36   06              PSHU D
    137  2     A13B 86   00              LDA #$00
    138  2     A13D C4   0F              ANDB #$0F
    139  2     A13F CA   00              ORB #$00
    140  5+1   A141 ED   E8 8A           STD -118,S
    141  5+1   A144 EC   E8 B2           LDD -78,S
    142  5+2   A147 36   06              PSHU D
    143  2     A149 86   00              LDA #$00
    144  2     A14B C4   0F              ANDB #$0F
    145  2     A14D CA   00              ORB #$00
    146  5+1   A14F ED   E8 B2           STD -78,S
    147  5+1   A152 EC   E8 DA           LDD -38,S
    148  5+2   A155 36   06              PSHU D
    149  2     A157 86   00              LDA #$00
    150  2     A159 C4   0F              ANDB #$0F
    151  2     A15B CA   40              ORB #$40
    152  5+1   A15D ED   E8 DA           STD -38,S
    153  4+1   A160 A6   E8 52           LDA 82,S
    154  5+1   A163 AE   E8 29           LDX 41,S
    155  6+1   A166 10AE E8 79           LDY 121,S
    156  5+5   A16A 36   32              PSHU Y,X,A
    157  5+1   A16C EC   E8 88           LDD -120,S
    158  5+2   A16F 36   06              PSHU D
    159  2     A171 84   0F              ANDA #$0F
    160  2     A173 8A   30              ORA #$30
    161  2     A175 C6   EE              LDB #$ee
    162  5+1   A177 ED   E8 88           STD -120,S
    163  5+1   A17A EC   E8 B0           LDD -80,S
    164  5+2   A17D 36   06              PSHU D
    165  2     A17F 84   F0              ANDA #$F0
    166  2     A181 8A   0E              ORA #$0e
    167  2     A183 C6   6E              LDB #$6e
    168  5+1   A185 ED   E8 B0           STD -80,S
    169  5+1   A188 EC   E8 D8           LDD -40,S
    170  5+2   A18B 36   06              PSHU D
    171  2     A18D 84   F0              ANDA #$F0
    172  2     A18F 8A   0E              ORA #$0e
    173  2     A191 C6   EE              LDB #$ee
    174  5+1   A193 ED   E8 D8           STD -40,S
    175  5+1   A196 EC   E8 50           LDD 80,S
    176  5+2   A199 36   06              PSHU D
    177  2     A19B 84   F0              ANDA #$F0
    178  2     A19D 8A   0E              ORA #$0e
    179  2     A19F C6   77              LDB #$77
    180  5+1   A1A1 ED   E8 50           STD 80,S
    181  3     A1A4 CC   7767            LDD #$7767
    182  5+1   A1A7 ED   E8 29           STD 41,S
    183  2     A1AA 86   01              LDA #$01
    184  4+1   A1AC A7   E8 52           STA 82,S
    185  3     A1AF CC   8888            LDD #$8888
    186  5+1   A1B2 ED   E8 79           STD 121,S
    187  5+3   A1B5 35   12              PULS A,X
    188  5+5   A1B7 36   52              PSHU S,X,A
    189  2     A1B9 86   EE              LDA #$ee
    190  3     A1BB 8E   8777            LDX #$8777
    191  5+3   A1BE 34   12              PSHS A,X
    192  4+4   A1C0 32   E9 011A         LEAS 282,S
    193
    194  4+1   A1C4 A6   E8 76           LDA 118,S
    195  4+1   A1C7 E6   E8 26           LDB 38,S
    196  5+2   A1CA 36   06              PSHU B,A
    197  4+1   A1CC A6   E8 4E           LDA 78,S
    198  4+0   A1CF E6   E4              LDB ,S
    199  5+2   A1D1 36   06              PSHU B,A
    200  4+1   A1D3 A6   7E              LDA -2,S
    201  5+1   A1D5 36   02              PSHU A
    202  2     A1D7 86   4B              LDA #$4b
    203  4+1   A1D9 A7   E8 26           STA 38,S
    204  4+1   A1DC A7   E8 4E           STA 78,S
    205  5+1   A1DF EC   E8 AE           LDD -82,S
    206  5+2   A1E2 36   06              PSHU D
    207  2     A1E4 84   F0              ANDA #$F0
    208  2     A1E6 C4   0F              ANDB #$0F
    209  4     A1E8 C3   0EE0            ADDD #$0ee0
    210  5+1   A1EB ED   E8 AE           STD -82,S
    211  4+1   A1EE A6   E8 28           LDA 40,S
    212  4+1   A1F1 E6   E8 87           LDB -121,S
    213  5+2   A1F4 36   06              PSHU B,A
    214  2     A1F6 C4   0F              ANDB #$0F
    215  2     A1F8 CA   40              ORB #$40
    216  4+1   A1FA E7   E8 87           STB -121,S
    217  4+1   A1FD A6   E8 D6           LDA -42,S
    218  5+1   A200 36   02              PSHU A
    219  2     A202 84   F0              ANDA #$F0
    220  2     A204 8A   0E              ORA #$0e
    221  4+1   A206 A7   E8 D6           STA -42,S
    222  4+1   A209 A6   E8 D8           LDA -40,S
    223  5+1   A20C 36   02              PSHU A
    224  2     A20E 84   0F              ANDA #$0F
    225  2     A210 8A   60              ORA #$60
    226  4+1   A212 A7   E8 D8           STA -40,S
    227  4+1   A215 A6   E8 50           LDA 80,S
    228  5+1   A218 36   02              PSHU A
    229  2     A21A 84   F0              ANDA #$F0
    230  2     A21C 8A   01              ORA #$01
    231  4+1   A21E A7   E8 50           STA 80,S
    232  4+1   A221 A6   E8 78           LDA 120,S
    233  5+3   A224 36   42              PSHU S,A
    234  2     A226 84   F0              ANDA #$F0
    235  2     A228 8A   03              ORA #$03
    236  4+1   A22A A7   E8 78           STA 120,S
    237  2     A22D 86   30              LDA #$30
    238  4+1   A22F A7   E8 28           STA 40,S
    239  2     A232 86   14              LDA #$14
    240  4+1   A234 A7   E8 76           STA 118,S
    241  2     A237 86   1B              LDA #$1b
    242  4+1   A239 A7   7E              STA -2,S
    243  2     A23B 86   23              LDA #$23
    244  4+0   A23D A7   E4              STA ,S
    245  4+4   A23F 32   E9 0116         LEAS 278,S
    246
    247  4+1   A243 A6   E8 B0           LDA -80,S
    248  4+1   A246 E6   E8 50           LDB 80,S
    249  5+2   A249 36   06              PSHU B,A
    250  4+0   A24B A6   E4              LDA ,S
    251  4+1   A24D E6   E8 88           LDB -120,S
    252  5+2   A250 36   06              PSHU B,A
    253  2     A252 86   00              LDA #$00
    254  4+1   A254 A7   E8 88           STA -120,S
    255  4+1   A257 A7   E8 B0           STA -80,S
    256  5+1   A25A EC   E8 78           LDD 120,S
    257  5+2   A25D 36   06              PSHU D
    258  2     A25F 86   55              LDA #$55
    259  2     A261 C4   0F              ANDB #$0F
    260  2     A263 CA   50              ORB #$50
    261  5+1   A265 ED   E8 78           STD 120,S
    262  4+0   A268 A7   E4              STA ,S
    263  2     A26A 86   15              LDA #$15
    264  4+1   A26C A7   E8 50           STA 80,S
    265  4+1   A26F A6   E8 28           LDA 40,S
    266  4+1   A272 E6   E8 D8           LDB -40,S
    267  5+4   A275 36   46              PSHU S,B,A
    268  2     A277 86   10              LDA #$10
    269  4+1   A279 A7   E8 28           STA 40,S
    270  2     A27C 86   50              LDA #$50
    271  4+1   A27E A7   E8 D8           STA -40,S
    272  4+4   A281 32   E9 00C8         LEAS 200,S
    273
    274  5+1   A285 EC   E8 D8           LDD -40,S
    275  5+2   A288 36   06              PSHU D
    276  2     A28A 86   55              LDA #$55
    277  2     A28C C4   0F              ANDB #$0F
    278  2     A28E CA   50              ORB #$50
    279  5+1   A290 ED   E8 D8           STD -40,S
    280  5+0   A293 AE   E4              LDX ,S
    281  3     A295 CC   5565            LDD #$5565
    282  5+0   A298 ED   E4              STD ,S
    283  6+1   A29A 10AE E8 28           LDY 40,S
    284  5+6   A29E 36   70              PSHU S,Y,X
    285  3     A2A0 CC   4444            LDD #$4444
    286  5+1   A2A3 ED   E8 28           STD 40,S
    287        A2A6               DYN_POS
    288
    289  4     A2A6 10CE 0000            LDS #$0000
    290  4+4   A2AA 32   E9 0324         LEAS 804,S
    291
    292  4+1   A2AE A6   E8 B0           LDA -80,S
    293  4+1   A2B1 E6   E8 D8           LDB -40,S
    294  5+1   A2B4 AE   E8 27           LDX 39,S
    295  6+1   A2B7 10AE E8 50           LDY 80,S
    296  5+6   A2BB 36   36              PSHU Y,X,B,A
    297  5+1   A2BD EC   7F              LDD -1,S
    298  5+2   A2BF 36   06              PSHU D
    299  2     A2C1 84   F0              ANDA #$F0
    300  2     A2C3 8A   0E              ORA #$0e
    301  2     A2C5 C6   BB              LDB #$bb
    302  5+1   A2C7 ED   7F              STD -1,S
    303  4+1   A2C9 E7   E8 B0           STB -80,S
    304  4+1   A2CC E7   E8 D8           STB -40,S
    305  3     A2CF CC   BBCB            LDD #$bbcb
    306  5+1   A2D2 ED   E8 27           STD 39,S
    307  4+1   A2D5 A6   E8 29           LDA 41,S
    308  5+3   A2D8 36   42              PSHU S,A
    309  2     A2DA 84   0F              ANDA #$0F
    310  2     A2DC 8A   B0              ORA #$b0
    311  4+1   A2DE A7   E8 29           STA 41,S
    312  3     A2E1 CC   7EBB            LDD #$7ebb
    313  5+1   A2E4 ED   E8 50           STD 80,S
    314  4+4   A2E7 32   E9 00EE         LEAS 238,S
    315
    316  4+1   A2EB A6   E8 DB           LDA -37,S
    317  5+1   A2EE AE   E8 8A           LDX -118,S
    318  6+1   A2F1 10AE E8 B2           LDY -78,S
    319  5+5   A2F5 36   32              PSHU Y,X,A
    320  5+1   A2F7 EC   E8 D9           LDD -39,S
    321  5+2   A2FA 36   06              PSHU D
    322  2     A2FC 84   F0              ANDA #$F0
    323  2     A2FE 8A   0E              ORA #$0e
    324  2     A300 C6   DB              LDB #$db
    325  5+1   A302 ED   E8 D9           STD -39,S
    326  3     A305 CC   7CBB            LDD #$7cbb
    327  5+1   A308 ED   E8 8A           STD -118,S
    328  5+1   A30B ED   E8 B2           STD -78,S
    329  2     A30E 86   BD              LDA #$bd
    330  4+1   A310 A7   E8 DB           STA -37,S
    331  5+4   A313 35   30              PULS X,Y
    332  5+6   A315 36   70              PSHU S,Y,X
    333  2     A317 86   22              LDA #$22
    334  3     A319 8E   0BDD            LDX #$0bdd
    335  5+4   A31C 34   16              PSHS D,X
    336  4+1   A31E 32   E8 28           LEAS 40,S
    337
    338  5+4   A321 35   30              PULS X,Y
    339  5+6   A323 36   70              PSHU S,Y,X
    340  3     A325 CC   00BB            LDD #$00bb
    341  3     A328 8E   D11B            LDX #$d11b
    342  5+4   A32B 34   16              PSHS D,X
    343  4+1   A32D 32   E8 28           LEAS 40,S
    344
    345  5+4   A330 35   30              PULS X,Y
    346  5+6   A332 36   70              PSHU S,Y,X
    347  3     A334 CC   207B            LDD #$207b
    348  3     A337 8E   B11B            LDX #$b11b
    349  5+4   A33A 34   16              PSHS D,X
    350  4+1   A33C 32   E8 28           LEAS 40,S
    351
    352  5+4   A33F 35   30              PULS X,Y
    353  5+6   A341 36   70              PSHU S,Y,X
    354  3     A343 CC   0188            LDD #$0188
    355  3     A346 8E   B00B            LDX #$b00b
    356  5+4   A349 34   16              PSHS D,X
    357  4+1   A34B 32   E8 28           LEAS 40,S
    358
    359  5+4   A34E 35   30              PULS X,Y
    360  5+6   A350 36   70              PSHU S,Y,X
    361  3     A352 CC   13E7            LDD #$13e7
    362  3     A355 8E   B04B            LDX #$b04b
    363  5+4   A358 34   16              PSHS D,X
    364  4+1   A35A 32   E8 28           LEAS 40,S
    365
    366  5+1   A35D EC   E8 28           LDD 40,S
    367  5+2   A360 36   06              PSHU D
    368  2     A362 84   F0              ANDA #$F0
    369  2     A364 8A   02              ORA #$02
    370  2     A366 C6   E6              LDB #$e6
    371  5+1   A368 ED   E8 28           STD 40,S
    372  5+1   A36B AE   E8 2A           LDX 42,S
    373  5+2   A36E 36   10              PSHU X
    374  3     A370 CC   BB40            LDD #$bb40
    375  5+1   A373 ED   E8 2A           STD 42,S
    376  5+4   A376 35   16              PULS D,X
    377  5+6   A378 36   56              PSHU S,X,D
    378  3     A37A CC   31E7            LDD #$31e7
    379  3     A37D 8E   E04B            LDX #$e04b
    380  5+4   A380 34   16              PSHS D,X
    381  4+1   A382 32   E8 51           LEAS 81,S
    382
    383  5+3   A385 35   12              PULS A,X
    384  5+5   A387 36   52              PSHU S,X,A
    385  2     A389 86   EE              LDA #$ee
    386  3     A38B 8E   B744            LDX #$b744
    387  5+3   A38E 34   12              PSHS A,X
    388  4+1   A390 32   E8 28           LEAS 40,S
    389
    390  5+3   A393 35   12              PULS A,X
    391  5+5   A395 36   52              PSHU S,X,A
    392  2     A397 86   EE              LDA #$ee
    393  3     A399 8E   8777            LDX #$8777
    394  5+3   A39C 34   12              PSHS A,X
    395  4+1   A39E 32   E8 28           LEAS 40,S
    396
    397  5+1   A3A1 AE   E8 28           LDX 40,S
    398  3     A3A4 CC   E8E0            LDD #$e8e0
    399  5+1   A3A7 ED   E8 28           STD 40,S
    400  6+1   A3AA 10AE E8 50           LDY 80,S
    401  5+4   A3AE 36   30              PSHU Y,X
    402  4+1   A3B0 A6   E8 2A           LDA 42,S
    403  5+1   A3B3 36   02              PSHU A
    404  2     A3B5 84   0F              ANDA #$0F
    405  2     A3B7 8A   60              ORA #$60
    406  4+1   A3B9 A7   E8 2A           STA 42,S
    407  3     A3BC CC   EE88            LDD #$ee88
    408  5+1   A3BF ED   E8 50           STD 80,S
    409  5+1   A3C2 EC   E8 78           LDD 120,S
    410  5+2   A3C5 36   06              PSHU D
    411  2     A3C7 84   0F              ANDA #$0F
    412  2     A3C9 C4   F0              ANDB #$F0
    413  4     A3CB C3   E006            ADDD #$e006
    414  5+1   A3CE ED   E8 78           STD 120,S
    415  5+3   A3D1 35   12              PULS A,X
    416  5+5   A3D3 36   52              PSHU S,X,A
    417  2     A3D5 86   E8              LDA #$e8
    418  3     A3D7 8E   8678            LDX #$8678
    419  5+3   A3DA 34   12              PSHS A,X
    420  4+4   A3DC 32   E9 0118         LEAS 280,S
    421
    422  5+1   A3E0 EC   E8 4F           LDD 79,S
    423  5+2   A3E3 36   06              PSHU D
    424  2     A3E5 84   F0              ANDA #$F0
    425  2     A3E7 8A   06              ORA #$06
    426  2     A3E9 C6   42              LDB #$42
    427  5+1   A3EB ED   E8 4F           STD 79,S
    428  5+1   A3EE EC   E8 77           LDD 119,S
    429  5+2   A3F1 36   06              PSHU D
    430  2     A3F3 84   F0              ANDA #$F0
    431  2     A3F5 8A   06              ORA #$06
    432  2     A3F7 C6   22              LDB #$22
    433  5+1   A3F9 ED   E8 77           STD 119,S
    434  4+1   A3FC A6   62              LDA 2,S
    435  4+1   A3FE E6   E8 D8           LDB -40,S
    436  5+2   A401 36   06              PSHU B,A
    437  5+1   A403 EC   E8 27           LDD 39,S
    438  5+2   A406 36   06              PSHU D
    439  2     A408 84   F0              ANDA #$F0
    440  2     A40A C4   0F              ANDB #$0F
    441  4     A40C C3   0440            ADDD #$0440
    442  5+1   A40F ED   E8 27           STD 39,S
    443  2     A412 86   4E              LDA #$4e
    444  4+1   A414 A7   E8 D8           STA -40,S
    445  4+1   A417 A6   E8 B2           LDA -78,S
    446  5+1   A41A 36   02              PSHU A
    447  2     A41C 86   33              LDA #$33
    448  4+1   A41E A7   62              STA 2,S
    449  5+1   A420 EC   E8 88           LDD -120,S
    450  5+2   A423 36   06              PSHU D
    451  2     A425 86   B4              LDA #$b4
    452  2     A427 C4   F0              ANDB #$F0
    453  2     A429 CA   07              ORB #$07
    454  5+1   A42B ED   E8 88           STD -120,S
    455  4+1   A42E A6   E8 2A           LDA 42,S
    456  4+1   A431 E6   E8 8A           LDB -118,S
    457  5+2   A434 36   06              PSHU B,A
    458  2     A436 C4   F0              ANDB #$F0
    459  2     A438 CA   03              ORB #$03
    460  4+1   A43A E7   E8 8A           STB -118,S
    461  4+1   A43D A6   E8 B0           LDA -80,S
    462  5+1   A440 36   02              PSHU A
    463  2     A442 84   F0              ANDA #$F0
    464  2     A444 8A   0E              ORA #$0e
    465  4+1   A446 A7   E8 B0           STA -80,S
    466  4+1   A449 A6   E8 DA           LDA -38,S
    467  5+1   A44C 36   02              PSHU A
    468  2     A44E 84   0F              ANDA #$0F
    469  2     A450 8A   10              ORA #$10
    470  4+1   A452 A7   E8 DA           STA -38,S
    471  4+0   A455 A6   E4              LDA ,S
    472  5+1   A457 36   02              PSHU A
    473  2     A459 84   0F              ANDA #$0F
    474  2     A45B 8A   B0              ORA #$b0
    475  4+0   A45D A7   E4              STA ,S
    476  4+1   A45F A6   E8 52           LDA 82,S
    477  5+3   A462 36   42              PSHU S,A
    478  2     A464 84   0F              ANDA #$0F
    479  2     A466 8A   10              ORA #$10
    480  4+1   A468 A7   E8 52           STA 82,S
    481  2     A46B 86   13              LDA #$13
    482  4+1   A46D A7   E8 B2           STA -78,S
    483  4+1   A470 A7   E8 2A           STA 42,S
    484  4+4   A473 32   E9 0117         LEAS 279,S
    485
    486  5+1   A477 EC   E8 88           LDD -120,S
    487  5+2   A47A 36   06              PSHU D
    488  2     A47C 84   F0              ANDA #$F0
    489  2     A47E 8A   06              ORA #$06
    490  2     A480 C6   21              LDB #$21
    491  5+1   A482 ED   E8 88           STD -120,S
    492  5+1   A485 EC   E8 B0           LDD -80,S
    493  5+2   A488 36   06              PSHU D
    494  2     A48A 84   F0              ANDA #$F0
    495  2     A48C 8A   06              ORA #$06
    496  2     A48E C6   42              LDB #$42
    497  5+1   A490 ED   E8 B0           STD -80,S
    498  5+1   A493 EC   E8 D8           LDD -40,S
    499  5+2   A496 36   06              PSHU D
    500  2     A498 84   F0              ANDA #$F0
    501  2     A49A 8A   05              ORA #$05
    502  2     A49C C6   44              LDB #$44
    503  5+1   A49E ED   E8 D8           STD -40,S
    504  5+0   A4A1 EC   E4              LDD ,S
    505  5+2   A4A3 36   06              PSHU D
    506  2     A4A5 84   F0              ANDA #$F0
    507  2     A4A7 8A   05              ORA #$05
    508  2     A4A9 C6   41              LDB #$41
    509  5+0   A4AB ED   E4              STD ,S
    510  5+1   A4AD EC   E8 28           LDD 40,S
    511  5+2   A4B0 36   06              PSHU D
    512  2     A4B2 84   F0              ANDA #$F0
    513  2     A4B4 8A   05              ORA #$05
    514  2     A4B6 C6   46              LDB #$46
    515  5+1   A4B8 ED   E8 28           STD 40,S
    516  5+1   A4BB EC   E8 50           LDD 80,S
    517  5+2   A4BE 36   06              PSHU D
    518  2     A4C0 84   F0              ANDA #$F0
    519  2     A4C2 8A   04              ORA #$04
    520  2     A4C4 C6   66              LDB #$66
    521  5+1   A4C6 ED   E8 50           STD 80,S
    522  5+1   A4C9 EC   E8 78           LDD 120,S
    523  5+4   A4CC 36   46              PSHU S,D
    524  2     A4CE 84   F0              ANDA #$F0
    525  2     A4D0 8A   04              ORA #$04
    526  2     A4D2 C6   56              LDB #$56
    527  5+1   A4D4 ED   E8 78           STD 120,S
    528  4+4   A4D7 32   E9 00B5         LEAS 181,S
    529
    530  4+1   A4DB A6   E8 EC           LDA -20,S
    531  4+1   A4DE E6   E8 14           LDB 20,S
    532  5+4   A4E1 36   46              PSHU S,B,A
    533  2     A4E3 86   54              LDA #$54
    534  4+1   A4E5 A7   E8 EC           STA -20,S
    535  2     A4E8 86   44              LDA #$44
    536  4+1   A4EA A7   E8 14           STA 20,S
    537        A4ED               SSAV_Img_Sonic_200
    538  4     A4ED 10CE 0000            LDS #$0000
    539  5     A4F1 39                   RTS
    540

000000 Total Errors

000003 Total Symbols
     0x          Label A000 BCKDRAW_Img_Sonic_200
     1x          Label A2A6 DYN_POS
     1x          Label A4ED SSAV_Img_Sonic_200

