/*--------------------------------------------------------------*
 * Compilé avec C6809 v0.83                                     *
 *--------------------------------------------------------------*
 * Fichier source      : ./Sonic2/GeneratedCode/Img_Sonic_060_Erase.ASM
 * Fichier destination : ./Sonic2/GeneratedCode/Img_Sonic_060_Erase.BIN
 * Contenu :
 *     Main     0:IMGE.ASM     2202
 *--------------------------------------------------------------*/

Macro Pass
Pass1
Pass2
      2        A000                      ORG $A000
      3                  FF              SETDP $FF
      4        A000               ERASE_Img_Sonic_060
      5  6+5   A000 10EF 8D 0173         STS ERASE_SSAV_Img_Sonic_060+2,PCR>>
      6
      7        A005               ERASE_CODE_Img_Sonic_060_1
      8  5+6   A005 37   56              PULU D,X,S
      9  5+1   A007 ED   E8 87           STD -121,S
     10  5+1   A00A AF   E8 AF           STX -81,S
     11
     12  5+2   A00D 37   06              PULU A,B
     13  4+1   A00F A7   E8 78           STA 120,S
     14  4+1   A012 E7   E8 27           STB 39,S
     15
     16  5+4   A015 37   16              PULU A,B,X
     17  4+1   A017 A7   7F              STA -1,S
     18  4+1   A019 E7   E8 D9           STB -39,S
     19  5+1   A01C AF   E8 D7           STX -41,S
     20
     21  5+6   A01F 37   56              PULU D,X,S
     22  5+4   A021 34   16              PSHS D,X
     23
     24  5+2   A023 37   06              PULU D
     25  5+1   A025 ED   E8 78           STD 120,S
     26
     27  5+5   A028 37   32              PULU A,X,Y
     28  4+1   A02A A7   E8 2B           STA 43,S
     29  5+1   A02D AF   E8 28           STX 40,S
     30  6+1   A030 10AF E8 50           STY 80,S
     31
     32  5+6   A034 37   56              PULU D,X,S
     33  5+4   A036 34   16              PSHS D,X
     34
     35  5+6   A038 37   56              PULU D,X,S
     36  5+4   A03A 34   16              PSHS D,X
     37
     38  5+1   A03C 37   02              PULU A
     39  4+1   A03E A7   64              STA 4,S
     40
     41  5+5   A040 37   52              PULU A,X,S
     42  5+3   A042 34   12              PSHS A,X
     43
     44  5+2   A044 37   06              PULU D
     45  5+1   A046 ED   E8 27           STD 39,S
     46
     47  5+4   A049 37   16              PULU A,B,X
     48  4+1   A04B A7   E8 2C           STA 44,S
     49  4+1   A04E E7   64              STB 4,S
     50  5+1   A050 AF   E8 29           STX 41,S
     51
     52  5+5   A053 37   52              PULU A,X,S
     53  5+3   A055 34   12              PSHS A,X
     54
     55  5+1   A057 37   02              PULU A
     56  4+1   A059 A7   64              STA 4,S
     57
     58  5+5   A05B 37   52              PULU A,X,S
     59  5+3   A05D 34   12              PSHS A,X
     60
     61  5+5   A05F 37   52              PULU A,X,S
     62  5+3   A061 34   12              PSHS A,X
     63
     64  5+5   A063 37   52              PULU A,X,S
     65  5+3   A065 34   12              PSHS A,X
     66
     67  5+5   A067 37   52              PULU A,X,S
     68  5+3   A069 34   12              PSHS A,X
     69
     70  5+5   A06B 37   52              PULU A,X,S
     71  5+3   A06D 34   12              PSHS A,X
     72
     73  5+6   A06F 37   36              PULU D,X,Y
     74  5+1   A071 ED   E8 DA           STD -38,S
     75  5+1   A074 AF   E8 B3           STX -77,S
     76  6+1   A077 10AF E8 D8           STY -40,S
     77
     78  5+2   A07B 37   06              PULU D
     79  5+1   A07D ED   E8 B0           STD -80,S
     80
     81  5+4   A080 37   16              PULU A,B,X
     82  4+1   A082 A7   63              STA 3,S
     83  4+1   A084 E7   E8 89           STB -119,S
     84  5+1   A087 AF   E8 8B           STX -117,S
     85
     86  5+3   A08A 37   42              PULU A,S
     87  4+1   A08C A7   E8 3C           STA 60,S
     88
     89  5+2   A08F 37   06              PULU A,B
     90  4+1   A091 A7   E8 14           STA 20,S
     91  4+1   A094 E7   E8 C4           STB -60,S
     92
     93  5+1   A097 37   02              PULU A
     94  4+1   A099 A7   E8 EC           STA -20,S
     95
     96  5+4   A09C 37   46              PULU A,B,S
     97  4+1   A09E A7   E8 28           STA 40,S
     98  4+1   A0A1 E7   E8 78           STB 120,S
     99
    100  5+4   A0A4 37   16              PULU D,X
    101  5+1   A0A6 ED   7F              STD -1,S
    102  5+1   A0A8 AF   E8 D7           STX -41,S
    103
    104  5+2   A0AB 37   06              PULU A,B
    105  4+1   A0AD A7   E8 87           STA -121,S
    106  4+1   A0B0 E7   E8 AF           STB -81,S
    107
    108  5+2   A0B3 37   06              PULU A,B
    109  4+1   A0B5 A7   E8 50           STA 80,S
    110  4+1   A0B8 E7   E8 26           STB 38,S
    111
    112  5+8   A0BB 37   76              PULU A,B,X,Y,S
    113  4+1   A0BD A7   E8 28           STA 40,S
    114  4+1   A0C0 E7   E8 50           STB 80,S
    115  5+1   A0C3 AF   E8 88           STX -120,S
    116  6+1   A0C6 10AF E8 B0           STY -80,S
    117
    118  5+4   A0CA 37   16              PULU A,B,X
    119  4+0   A0CC A7   E4              STA ,S
    120  4+1   A0CE E7   E8 78           STB 120,S
    121  5+1   A0D1 AF   E8 D8           STX -40,S
    122
    123  5+5   A0D4 37   52              PULU A,X,S
    124  5+3   A0D6 34   12              PSHS A,X
    125
    126  5+6   A0D8 37   36              PULU A,B,X,Y
    127  4+1   A0DA A7   E8 50           STA 80,S
    128  4+1   A0DD E7   E8 78           STB 120,S
    129  5+1   A0E0 AF   E8 28           STX 40,S
    130  6+1   A0E3 10AF E8 76           STY 118,S
    131
    132  5+4   A0E7 37   16              PULU D,X
    133  5+1   A0E9 ED   E8 4E           STD 78,S
    134  5+1   A0EC AF   E8 26           STX 38,S
    135
    136  5+5   A0EF 37   52              PULU A,X,S
    137  5+3   A0F1 34   12              PSHS A,X
    138
    139  5+2   A0F3 37   06              PULU D
    140  5+1   A0F5 ED   E8 26           STD 38,S
    141
    142  5+5   A0F8 37   52              PULU A,X,S
    143  5+3   A0FA 34   12              PSHS A,X
    144
    145  5+2   A0FC 37   06              PULU D
    146  5+1   A0FE ED   E8 26           STD 38,S
    147
    148  5+7   A101 37   72              PULU A,X,Y,S
    149  5+5   A103 34   32              PSHS A,X,Y
    150
    151  5+2   A105 37   06              PULU D
    152  5+1   A107 ED   E8 28           STD 40,S
    153
    154  5+6   A10A 37   56              PULU D,X,S
    155  5+4   A10C 34   16              PSHS D,X
    156
    157  5+1   A10E 37   02              PULU A
    158  4+1   A110 A7   64              STA 4,S
    159
    160  5+6   A112 37   56              PULU D,X,S
    161  5+4   A114 34   16              PSHS D,X
    162
    163  5+5   A116 37   52              PULU A,X,S
    164  5+3   A118 34   12              PSHS A,X
    165
    166  5+6   A11A 37   36              PULU D,X,Y
    167  5+1   A11C ED   E8 79           STD 121,S
    168  5+1   A11F AF   E8 29           STX 41,S
    169  6+1   A122 10AF E8 51           STY 81,S
    170
    171  5+6   A126 37   36              PULU D,X,Y
    172  5+1   A128 ED   E8 77           STD 119,S
    173  5+1   A12B AF   E8 4F           STX 79,S
    174  6+1   A12E 10AF E8 27           STY 39,S
    175
    176  5+5   A132 37   52              PULU A,X,S
    177  5+3   A134 34   12              PSHS A,X
    178
    179  5+6   A136 37   56              PULU D,X,S
    180  5+4   A138 34   16              PSHS D,X
    181
    182  5+4   A13A 37   16              PULU A,B,X
    183  4+1   A13C A7   E8 89           STA -119,S
    184  4+1   A13F E7   E8 B1           STB -79,S
    185  5+1   A142 AF   E8 DA           STX -38,S
    186
    187  5+4   A145 37   16              PULU A,B,X
    188  4+1   A147 A7   E8 8B           STA -117,S
    189  4+1   A14A E7   E8 B3           STB -77,S
    190  5+1   A14D AF   E8 D8           STX -40,S
    191
    192  5+4   A150 37   46              PULU A,B,S
    193  4+1   A152 A7   E8 EC           STA -20,S
    194  4+1   A155 E7   E8 14           STB 20,S
    195
    196  5+3   A158 37   42              PULU A,S
    197  4+1   A15A A7   E8 79           STA 121,S
    198
    199  5+2   A15D 37   06              PULU A,B
    200  4+1   A15F A7   E8 51           STA 81,S
    201  4+1   A162 E7   E8 D8           STB -40,S
    202
    203  5+5   A165 37   32              PULU A,X,Y
    204  4+1   A167 A7   E8 28           STA 40,S
    205  5+1   A16A AF   7F              STX -1,S
    206  6+1   A16C 10AF E8 AF           STY -81,S
    207
    208  5+2   A170 37   06              PULU D
    209  5+1   A172 ED   E8 87           STD -121,S
    210
    211        A175               ERASE_SSAV_Img_Sonic_060
    212  4     A175 10CE 0000            LDS #$0000
    213  5     A179 39                   RTS
    214

000000 Total Errors

000003 Total Symbols
     0x          Label A005 ERASE_CODE_Img_Sonic_060_1
     0x          Label A000 ERASE_Img_Sonic_060
     1x          Label A175 ERASE_SSAV_Img_Sonic_060

