/*--------------------------------------------------------------*
 * Compilé avec C6809 v0.83                                     *
 *--------------------------------------------------------------*
 * Fichier source      : ./Sonic2/GeneratedCode/Img_Sonic_015_Erase.ASM
 * Fichier destination : ./Sonic2/GeneratedCode/Img_Sonic_015_Erase.BIN
 * Contenu :
 *     Main     0:IMGE.ASM     2136
 *--------------------------------------------------------------*/

Macro Pass
Pass1
Pass2
      2        A000                      ORG $A000
      3                  FF              SETDP $FF
      4        A000               ERASE_Img_Sonic_015
      5  6+5   A000 10EF 8D 0184         STS ERASE_SSAV_Img_Sonic_015+2,PCR>>
      6
      7        A005               ERASE_CODE_Img_Sonic_015_1
      8  5+4   A005 37   46              PULU D,S
      9  5+1   A007 ED   E8 64           STD 100,S
     10
     11  5+4   A00A 37   16              PULU D,X
     12  5+1   A00C ED   E8 EC           STD -20,S
     13  5+1   A00F AF   E8 C4           STX -60,S
     14
     15  5+5   A012 37   32              PULU A,X,Y
     16  4+1   A014 A7   E8 9C           STA -100,S
     17  5+1   A017 AF   E8 14           STX 20,S
     18  6+1   A01A 10AF E8 3C           STY 60,S
     19
     20  5+4   A01E 37   46              PULU A,B,S
     21  4+1   A020 A7   E8 50           STA 80,S
     22  4+1   A023 E7   E8 78           STB 120,S
     23
     24  5+6   A026 37   36              PULU D,X,Y
     25  5+0   A028 ED   E4              STD ,S
     26  5+1   A02A AF   E8 D8           STX -40,S
     27  6+1   A02D 10AF E8 B0           STY -80,S
     28
     29  5+4   A031 37   16              PULU D,X
     30  5+1   A033 ED   E8 28           STD 40,S
     31  5+1   A036 AF   E8 88           STX -120,S
     32
     33  5+4   A039 37   46              PULU D,S
     34  5+1   A03B ED   E8 88           STD -120,S
     35
     36  5+6   A03E 37   36              PULU D,X,Y
     37  5+1   A040 ED   E8 B0           STD -80,S
     38  5+1   A043 AF   E8 78           STX 120,S
     39  6+0   A046 10AF E4              STY ,S
     40
     41  5+6   A049 37   36              PULU D,X,Y
     42  5+1   A04B ED   E8 50           STD 80,S
     43  5+1   A04E AF   E8 28           STX 40,S
     44  6+1   A051 10AF E8 D8           STY -40,S
     45
     46  5+5   A055 37   52              PULU A,X,S
     47  5+3   A057 34   12              PSHS A,X
     48
     49  5+2   A059 37   06              PULU D
     50  5+1   A05B ED   E8 78           STD 120,S
     51
     52  5+5   A05E 37   32              PULU A,X,Y
     53  4+1   A060 A7   E8 2A           STA 42,S
     54  5+1   A063 AF   E8 28           STX 40,S
     55  6+1   A066 10AF E8 50           STY 80,S
     56
     57  5+5   A06A 37   52              PULU A,X,S
     58  5+3   A06C 34   12              PSHS A,X
     59
     60  5+6   A06E 37   36              PULU A,B,X,Y
     61  4+1   A070 A7   E8 DA           STA -38,S
     62  4+1   A073 E7   E8 B2           STB -78,S
     63  5+1   A076 AF   E8 B0           STX -80,S
     64  6+1   A079 10AF E8 89           STY -119,S
     65
     66  5+4   A07D 37   16              PULU D,X
     67  5+1   A07F ED   E8 D8           STD -40,S
     68  5+1   A082 AF   E8 87           STX -121,S
     69
     70  5+4   A085 37   46              PULU D,S
     71  5+1   A087 ED   E8 3C           STD 60,S
     72
     73  5+4   A08A 37   16              PULU D,X
     74  5+1   A08C ED   E8 3A           STD 58,S
     75  5+1   A08F AF   E8 13           STX 19,S
     76
     77  5+2   A092 37   06              PULU A,B
     78  4+1   A094 A7   E8 15           STA 21,S
     79  4+1   A097 E7   E8 ED           STB -19,S
     80
     81  5+5   A09A 37   32              PULU A,X,Y
     82  4+1   A09C A7   E8 C5           STA -59,S
     83  5+1   A09F AF   E8 C3           STX -61,S
     84  6+1   A0A2 10AF E8 EB           STY -21,S
     85
     86  5+4   A0A6 37   46              PULU D,S
     87  5+1   A0A8 ED   E8 77           STD 119,S
     88
     89  5+6   A0AB 37   36              PULU D,X,Y
     90  5+1   A0AD ED   E8 4F           STD 79,S
     91  5+1   A0B0 AF   E8 27           STX 39,S
     92  6+1   A0B3 10AF E8 D7           STY -41,S
     93
     94  5+2   A0B7 37   06              PULU D
     95  5+1   A0B9 ED   7F              STD -1,S
     96
     97  5+4   A0BB 37   16              PULU A,B,X
     98  4+1   A0BD A7   E8 79           STA 121,S
     99  4+1   A0C0 E7   E8 87           STB -121,S
    100  5+1   A0C3 AF   E8 AF           STX -81,S
    101
    102  5+3   A0C6 37   42              PULU A,S
    103  4+1   A0C8 A7   E8 3D           STA 61,S
    104
    105  5+5   A0CB 37   32              PULU A,X,Y
    106  4+1   A0CD A7   E8 15           STA 21,S
    107  5+1   A0D0 AF   E8 3B           STX 59,S
    108  6+1   A0D3 10AF E8 13           STY 19,S
    109
    110  5+4   A0D7 37   16              PULU D,X
    111  5+1   A0D9 ED   E8 EB           STD -21,S
    112  5+1   A0DC AF   E8 C3           STX -61,S
    113
    114  5+4   A0DF 37   46              PULU A,B,S
    115  4+1   A0E1 A7   E8 D8           STA -40,S
    116  4+1   A0E4 E7   E8 88           STB -120,S
    117
    118  5+2   A0E7 37   06              PULU D
    119  5+1   A0E9 ED   E8 77           STD 119,S
    120
    121  5+2   A0EC 37   06              PULU A,B
    122  4+0   A0EE A7   E4              STA ,S
    123  4+1   A0F0 E7   E8 B0           STB -80,S
    124
    125  5+2   A0F3 37   06              PULU A,B
    126  4+1   A0F5 A7   E8 28           STA 40,S
    127  4+1   A0F8 E7   E8 50           STB 80,S
    128
    129  5+4   A0FB 37   46              PULU A,B,S
    130  4+1   A0FD A7   E8 50           STA 80,S
    131  4+1   A100 E7   E8 78           STB 120,S
    132
    133  5+2   A103 37   06              PULU A,B
    134  4+1   A105 A7   E8 D9           STA -39,S
    135  4+1   A108 E7   E8 28           STB 40,S
    136
    137  5+5   A10B 37   32              PULU A,X,Y
    138  4+1   A10D A7   E8 B1           STA -79,S
    139  5+0   A110 AF   E4              STX ,S
    140  6+1   A112 10AF E8 D7           STY -41,S
    141
    142  5+4   A116 37   16              PULU D,X
    143  5+1   A118 ED   E8 AF           STD -81,S
    144  5+1   A11B AF   E8 87           STX -121,S
    145
    146  5+5   A11E 37   52              PULU A,X,S
    147  5+3   A120 34   12              PSHS A,X
    148
    149  5+2   A122 37   06              PULU A,B
    150  4+1   A124 A7   E8 DA           STA -38,S
    151  4+1   A127 E7   E8 51           STB 81,S
    152
    153  5+6   A12A 37   36              PULU A,B,X,Y
    154  4+1   A12C A7   E8 B2           STA -78,S
    155  4+1   A12F E7   E8 2A           STB 42,S
    156  5+1   A132 AF   E8 D8           STX -40,S
    157  6+1   A135 10AF E8 B0           STY -80,S
    158
    159  5+3   A139 37   12              PULU A,X
    160  4+1   A13B A7   E8 79           STA 121,S
    161  5+1   A13E AF   E8 28           STX 40,S
    162
    163  5+5   A141 37   52              PULU A,X,S
    164  5+3   A143 34   12              PSHS A,X
    165
    166  5+6   A145 37   36              PULU D,X,Y
    167  5+1   A147 ED   E8 79           STD 121,S
    168  5+1   A14A AF   E8 29           STX 41,S
    169  6+1   A14D 10AF E8 51           STY 81,S
    170
    171  5+5   A151 37   52              PULU A,X,S
    172  5+3   A153 34   12              PSHS A,X
    173
    174  5+5   A155 37   52              PULU A,X,S
    175  5+3   A157 34   12              PSHS A,X
    176
    177  5+5   A159 37   52              PULU A,X,S
    178  5+3   A15B 34   12              PSHS A,X
    179
    180  5+2   A15D 37   06              PULU D
    181  5+1   A15F ED   E8 D8           STD -40,S
    182
    183  5+5   A162 37   32              PULU A,X,Y
    184  4+1   A164 A7   E8 DA           STA -38,S
    185  5+1   A167 AF   E8 89           STX -119,S
    186  6+1   A16A 10AF E8 B1           STY -79,S
    187
    188  5+4   A16E 37   46              PULU D,S
    189  5+1   A170 ED   E8 27           STD 39,S
    190
    191  5+2   A173 37   06              PULU D
    192  5+1   A175 ED   E8 D7           STD -41,S
    193
    194  5+6   A178 37   36              PULU A,B,X,Y
    195  4+1   A17A A7   E8 B0           STA -80,S
    196  4+1   A17D E7   E8 29           STB 41,S
    197  5+1   A180 AF   7F              STX -1,S
    198  6+1   A182 10AF E8 50           STY 80,S
    199
    200        A186               ERASE_SSAV_Img_Sonic_015
    201  4     A186 10CE 0000            LDS #$0000
    202  5     A18A 39                   RTS
    203

000000 Total Errors

000003 Total Symbols
     0x          Label A005 ERASE_CODE_Img_Sonic_015_1
     0x          Label A000 ERASE_Img_Sonic_015
     1x          Label A186 ERASE_SSAV_Img_Sonic_015

