/*--------------------------------------------------------------*
 * Compilé avec C6809 v0.83                                     *
 *--------------------------------------------------------------*
 * Fichier source      : ./Sonic2/GeneratedCode/Img_Sonic_087_Erase.ASM
 * Fichier destination : ./Sonic2/GeneratedCode/Img_Sonic_087_Erase.BIN
 * Contenu :
 *     Main     0:IMGE.ASM     1677
 *--------------------------------------------------------------*/

Macro Pass
Pass1
Pass2
      2        A000                      ORG $A000
      3                  FF              SETDP $FF
      4        A000               ERASE_Img_Sonic_087
      5  6+5   A000 10EF 8D 011C         STS ERASE_SSAV_Img_Sonic_087+2,PCR>>
      6
      7        A005               ERASE_CODE_Img_Sonic_087_1
      8  5+3   A005 37   42              PULU A,S
      9  4+1   A007 A7   E8 7A           STA 122,S
     10
     11  5+2   A00A 37   06              PULU A,B
     12  4+1   A00C A7   E8 78           STA 120,S
     13  4+1   A00F E7   E8 52           STB 82,S
     14
     15  5+2   A012 37   06              PULU A,B
     16  4+1   A014 A7   E8 2A           STA 42,S
     17  4+1   A017 E7   62              STB 2,S
     18
     19  5+2   A019 37   06              PULU A,B
     20  4+1   A01B A7   E8 DA           STA -38,S
     21  4+1   A01E E7   E8 B2           STB -78,S
     22
     23  5+3   A021 37   12              PULU A,X
     24  4+1   A023 A7   E8 8A           STA -118,S
     25  5+1   A026 AF   E8 86           STX -122,S
     26
     27  5+6   A029 37   36              PULU A,B,X,Y
     28  4+1   A02B A7   E8 28           STA 40,S
     29  4+1   A02E E7   E8 50           STB 80,S
     30  5+1   A031 AF   E8 AF           STX -81,S
     31  6+1   A034 10AF 7F              STY -1,S
     32
     33  5+4   A037 37   16              PULU D,X
     34  5+1   A039 ED   E8 D7           STD -41,S
     35  5+1   A03C AF   E8 88           STX -120,S
     36
     37  5+5   A03F 37   52              PULU A,X,S
     38  5+3   A041 34   12              PSHS A,X
     39
     40  5+6   A043 37   36              PULU D,X,Y
     41  5+1   A045 ED   E8 53           STD 83,S
     42  5+1   A048 AF   E8 51           STX 81,S
     43  6+1   A04B 10AF E8 7A           STY 122,S
     44
     45  5+2   A04F 37   06              PULU D
     46  5+1   A051 ED   E8 2A           STD 42,S
     47
     48  5+2   A054 37   06              PULU A,B
     49  4+1   A056 A7   E8 7C           STA 124,S
     50  4+1   A059 E7   E8 2C           STB 44,S
     51
     52  5+5   A05C 37   32              PULU A,X,Y
     53  4+1   A05E A7   64              STA 4,S
     54  5+1   A060 AF   E8 78           STX 120,S
     55  6+1   A063 10AF E8 28           STY 40,S
     56
     57  5+5   A067 37   52              PULU A,X,S
     58  5+3   A069 34   12              PSHS A,X
     59
     60  5+5   A06B 37   52              PULU A,X,S
     61  5+3   A06D 34   12              PSHS A,X
     62
     63  5+1   A06F 37   02              PULU A
     64  4+1   A071 A7   63              STA 3,S
     65
     66  5+5   A073 37   52              PULU A,X,S
     67  5+3   A075 34   12              PSHS A,X
     68
     69  5+5   A077 37   52              PULU A,X,S
     70  5+3   A079 34   12              PSHS A,X
     71
     72  5+5   A07B 37   52              PULU A,X,S
     73  5+3   A07D 34   12              PSHS A,X
     74
     75  5+6   A07F 37   36              PULU D,X,Y
     76  5+1   A081 ED   E8 D9           STD -39,S
     77  5+1   A084 AF   E8 89           STX -119,S
     78  6+1   A087 10AF E8 B1           STY -79,S
     79
     80  5+3   A08B 37   42              PULU A,S
     81  4+1   A08D A7   E8 28           STA 40,S
     82
     83  5+2   A090 37   06              PULU D
     84  5+1   A092 ED   E8 26           STD 38,S
     85
     86  5+2   A095 37   06              PULU A,B
     87  4+1   A097 A7   E8 D7           STA -41,S
     88  4+1   A09A E7   7F              STB -1,S
     89
     90  5+4   A09C 37   46              PULU A,B,S
     91  4+1   A09E A7   E8 14           STA 20,S
     92  4+1   A0A1 E7   E8 3C           STB 60,S
     93
     94  5+2   A0A4 37   06              PULU A,B
     95  4+1   A0A6 A7   E8 C4           STA -60,S
     96  4+1   A0A9 E7   E8 EC           STB -20,S
     97
     98  5+6   A0AC 37   56              PULU D,X,S
     99  5+4   A0AE 34   16              PSHS D,X
    100
    101  5+5   A0B0 37   32              PULU A,X,Y
    102  4+1   A0B2 A7   E8 7B           STA 123,S
    103  5+1   A0B5 AF   E8 79           STX 121,S
    104  6+1   A0B8 10AF E8 52           STY 82,S
    105
    106  5+6   A0BC 37   36              PULU D,X,Y
    107  5+1   A0BE ED   E8 2A           STD 42,S
    108  5+1   A0C1 AF   E8 50           STX 80,S
    109  6+1   A0C4 10AF E8 28           STY 40,S
    110
    111  5+6   A0C8 37   56              PULU D,X,S
    112  5+4   A0CA 34   16              PSHS D,X
    113
    114  5+6   A0CC 37   56              PULU D,X,S
    115  5+4   A0CE 34   16              PSHS D,X
    116
    117  5+6   A0D0 37   56              PULU D,X,S
    118  5+4   A0D2 34   16              PSHS D,X
    119
    120  5+6   A0D4 37   56              PULU D,X,S
    121  5+4   A0D6 34   16              PSHS D,X
    122
    123  5+5   A0D8 37   52              PULU A,X,S
    124  5+3   A0DA 34   12              PSHS A,X
    125
    126  5+6   A0DC 37   56              PULU D,X,S
    127  5+4   A0DE 34   16              PSHS D,X
    128
    129  5+6   A0E0 37   36              PULU D,X,Y
    130  5+1   A0E2 ED   E8 88           STD -120,S
    131  5+1   A0E5 AF   E8 50           STX 80,S
    132  6+1   A0E8 10AF E8 28           STY 40,S
    133
    134  5+6   A0EC 37   36              PULU A,B,X,Y
    135  4+1   A0EE A7   E8 8A           STA -118,S
    136  4+1   A0F1 E7   E8 2C           STB 44,S
    137  5+1   A0F4 AF   E8 D8           STX -40,S
    138  6+1   A0F7 10AF E8 B2           STY -78,S
    139
    140  5+6   A0FB 37   36              PULU D,X,Y
    141  5+1   A0FD ED   E8 B0           STD -80,S
    142  5+1   A100 AF   E8 2A           STX 42,S
    143  6+1   A103 10AF E8 DA           STY -38,S
    144
    145  5+4   A107 37   46              PULU D,S
    146  5+1   A109 ED   E8 4F           STD 79,S
    147
    148  5+4   A10C 37   16              PULU D,X
    149  5+0   A10E ED   E4              STD ,S
    150  5+1   A110 AF   E8 27           STX 39,S
    151
    152  5+4   A113 37   16              PULU A,B,X
    153  4+1   A115 A7   E8 29           STA 41,S
    154  4+1   A118 E7   E8 B0           STB -80,S
    155  5+1   A11B AF   E8 D8           STX -40,S
    156
    157        A11E               ERASE_SSAV_Img_Sonic_087
    158  4     A11E 10CE 0000            LDS #$0000
    159  5     A122 39                   RTS
    160

000000 Total Errors

000003 Total Symbols
     0x          Label A005 ERASE_CODE_Img_Sonic_087_1
     0x          Label A000 ERASE_Img_Sonic_087
     1x          Label A11E ERASE_SSAV_Img_Sonic_087

