/*--------------------------------------------------------------*
 * Compilé avec C6809 v0.83                                     *
 *--------------------------------------------------------------*
 * Fichier source      : ./Sonic2/GeneratedCode/Img_Sonic_060_BckDraw.ASM
 * Fichier destination : ./Sonic2/GeneratedCode/Img_Sonic_060_BckDraw.BIN
 * Contenu :
 *     Main     0:IMGD.ASM     5889
 *--------------------------------------------------------------*/

Macro Pass
Pass1
Pass2
      2        A000                      ORG $A000
      3                  FF              SETDP $FF
      4        A000               BCKDRAW_Img_Sonic_060
      5  6+5   A000 10EF 8D 0462         STS SSAV_Img_Sonic_060+2,PCR
      6
      7  5+5   A005 ED   8D 0236         STD DYN_POS+2,PCR
      8  6+0   A009 10EE A4              LDS ,Y
      9  4+4   A00C 32   E9 02FC         LEAS 764,S
     10
     11  5+1   A010 EC   E8 87           LDD -121,S
     12  5+2   A013 36   06              PSHU D
     13  2     A015 84   F0              ANDA #$F0
     14  2     A017 8A   06              ORA #$06
     15  2     A019 C6   64              LDB #$64
     16  5+1   A01B ED   E8 87           STD -121,S
     17  5+1   A01E EC   E8 AF           LDD -81,S
     18  5+2   A021 36   06              PSHU D
     19  2     A023 84   0F              ANDA #$0F
     20  2     A025 8A   60              ORA #$60
     21  2     A027 C6   65              LDB #$65
     22  5+1   A029 ED   E8 AF           STD -81,S
     23  5+1   A02C EC   7F              LDD -1,S
     24  5+2   A02E 36   06              PSHU D
     25  2     A030 84   F0              ANDA #$F0
     26  2     A032 8A   06              ORA #$06
     27  2     A034 C6   66              LDB #$66
     28  5+1   A036 ED   7F              STD -1,S
     29  4+1   A038 A6   E8 D8           LDA -40,S
     30  4+1   A03B E6   E8 28           LDB 40,S
     31  5+2   A03E 36   06              PSHU B,A
     32  2     A040 C4   F0              ANDB #$F0
     33  2     A042 CA   06              ORB #$06
     34  4+1   A044 E7   E8 28           STB 40,S
     35  4+1   A047 A6   E8 51           LDA 81,S
     36  5+1   A04A 36   02              PSHU A
     37  2     A04C 84   0F              ANDA #$0F
     38  2     A04E 8A   40              ORA #$40
     39  4+1   A050 A7   E8 51           STA 81,S
     40  4+1   A053 A6   E8 79           LDA 121,S
     41  5+3   A056 36   42              PSHU S,A
     42  2     A058 84   0F              ANDA #$0F
     43  2     A05A 8A   50              ORA #$50
     44  4+1   A05C A7   E8 79           STA 121,S
     45  2     A05F 86   65              LDA #$65
     46  4+1   A061 A7   E8 D8           STA -40,S
     47  4+4   A064 32   E9 00B5         LEAS 181,S
     48
     49  4+1   A068 A6   E8 EC           LDA -20,S
     50  4+1   A06B E6   E8 14           LDB 20,S
     51  5+4   A06E 36   46              PSHU S,B,A
     52  2     A070 86   54              LDA #$54
     53  4+1   A072 A7   E8 EC           STA -20,S
     54  2     A075 86   55              LDA #$55
     55  4+1   A077 A7   E8 14           STA 20,S
     56  4+4   A07A 32   E9 00B1         LEAS 177,S
     57
     58  4+1   A07E A6   E8 8B           LDA -117,S
     59  4+1   A081 E6   E8 B3           LDB -77,S
     60  5+1   A084 AE   E8 D8           LDX -40,S
     61  5+4   A087 36   16              PSHU X,B,A
     62  3     A089 CC   4832            LDD #$4832
     63  5+1   A08C ED   E8 D8           STD -40,S
     64  5+1   A08F EC   E8 DA           LDD -38,S
     65  5+2   A092 36   06              PSHU D
     66  2     A094 84   0F              ANDA #$0F
     67  2     A096 8A   B0              ORA #$b0
     68  2     A098 C6   15              LDB #$15
     69  5+1   A09A ED   E8 DA           STD -38,S
     70  4+1   A09D E7   E8 B3           STB -77,S
     71  4+1   A0A0 A6   E8 89           LDA -119,S
     72  4+1   A0A3 E6   E8 B1           LDB -79,S
     73  5+2   A0A6 36   06              PSHU B,A
     74  2     A0A8 86   23              LDA #$23
     75  4+1   A0AA A7   E8 89           STA -119,S
     76  2     A0AD 86   55              LDA #$55
     77  4+1   A0AF A7   E8 8B           STA -117,S
     78  2     A0B2 86   33              LDA #$33
     79  4+1   A0B4 A7   E8 B1           STA -79,S
     80  5+4   A0B7 35   30              PULS X,Y
     81  5+6   A0B9 36   70              PSHU S,Y,X
     82  3     A0BB CC   4733            LDD #$4733
     83  3     A0BE 8E   8B24            LDX #$8b24
     84  5+4   A0C1 34   16              PSHS D,X
     85  4+1   A0C3 32   E8 28           LEAS 40,S
     86
     87  5+3   A0C6 35   12              PULS A,X
     88  5+5   A0C8 36   52              PSHU S,X,A
     89  2     A0CA 86   00              LDA #$00
     90  3     A0CC 8E   338B            LDX #$338b
     91  5+3   A0CF 34   12              PSHS A,X
     92  4+1   A0D1 32   E8 28           LEAS 40,S
     93
     94  5+1   A0D4 EC   E8 27           LDD 39,S
     95  5+2   A0D7 36   06              PSHU D
     96  2     A0D9 84   F0              ANDA #$F0
     97  2     A0DB 8A   0B              ORA #$0b
     98  2     A0DD C6   40              LDB #$40
     99  5+1   A0DF ED   E8 27           STD 39,S
    100  5+1   A0E2 EC   E8 4F           LDD 79,S
    101  5+2   A0E5 36   06              PSHU D
    102  2     A0E7 84   F0              ANDA #$F0
    103  2     A0E9 8A   0C              ORA #$0c
    104  2     A0EB C6   00              LDB #$00
    105  5+1   A0ED ED   E8 4F           STD 79,S
    106  5+1   A0F0 EC   E8 77           LDD 119,S
    107  5+2   A0F3 36   06              PSHU D
    108  2     A0F5 84   F0              ANDA #$F0
    109  2     A0F7 8A   0C              ORA #$0c
    110  2     A0F9 C6   00              LDB #$00
    111  5+1   A0FB ED   E8 77           STD 119,S
    112  5+1   A0FE AE   E8 29           LDX 41,S
    113  6+1   A101 10AE E8 51           LDY 81,S
    114  5+4   A105 36   30              PSHU Y,X
    115  5+1   A107 EC   E8 79           LDD 121,S
    116  5+2   A10A 36   06              PSHU D
    117  3     A10C CC   61EB            LDD #$61eb
    118  5+1   A10F ED   E8 29           STD 41,S
    119  2     A112 86   E2              LDA #$e2
    120  5+1   A114 ED   E8 51           STD 81,S
    121  2     A117 86   E3              LDA #$e3
    122  5+1   A119 ED   E8 79           STD 121,S
    123  5+3   A11C 35   12              PULS A,X
    124  5+5   A11E 36   52              PSHU S,X,A
    125  2     A120 86   40              LDA #$40
    126  3     A122 8E   61BB            LDX #$61bb
    127  5+3   A125 34   12              PSHS A,X
    128  4+4   A127 32   E9 009F         LEAS 159,S
    129
    130  5+4   A12B 35   30              PULS X,Y
    131  5+6   A12D 36   70              PSHU S,Y,X
    132  3     A12F CC   EC00            LDD #$ec00
    133  3     A132 8E   E01E            LDX #$e01e
    134  5+4   A135 34   16              PSHS D,X
    135  4+1   A137 32   E8 28           LEAS 40,S
    136
    137  4+1   A13A A6   64              LDA 4,S
    138  5+1   A13C 36   02              PSHU A
    139  2     A13E 84   F0              ANDA #$F0
    140  2     A140 8A   05              ORA #$05
    141  4+1   A142 A7   64              STA 4,S
    142  5+4   A144 35   30              PULS X,Y
    143  5+6   A146 36   70              PSHU S,Y,X
    144  3     A148 CC   EC0D            LDD #$ec0d
    145  3     A14B 8E   EE1E            LDX #$ee1e
    146  5+4   A14E 34   16              PSHS D,X
    147  4+1   A150 32   E8 28           LEAS 40,S
    148
    149  5+1   A153 EC   E8 28           LDD 40,S
    150  5+2   A156 36   06              PSHU D
    151  2     A158 84   F0              ANDA #$F0
    152  2     A15A 8A   0C              ORA #$0c
    153  2     A15C C6   DC              LDB #$dc
    154  5+1   A15E ED   E8 28           STD 40,S
    155  5+5   A161 35   32              PULS A,X,Y
    156  5+7   A163 36   72              PSHU S,Y,X,A
    157  2     A165 86   EC              LDA #$ec
    158  3     A167 8E   0DEE            LDX #$0dee
    159  4     A16A 108E 5555            LDY #$5555
    160  5+5   A16E 34   32              PSHS A,X,Y
    161  4+1   A170 32   E8 2A           LEAS 42,S
    162
    163  5+1   A173 EC   E8 26           LDD 38,S
    164  5+2   A176 36   06              PSHU D
    165  2     A178 84   F0              ANDA #$F0
    166  2     A17A 8A   0C              ORA #$0c
    167  2     A17C C6   DD              LDB #$dd
    168  5+1   A17E ED   E8 26           STD 38,S
    169  5+3   A181 35   12              PULS A,X
    170  5+5   A183 36   52              PSHU S,X,A
    171  2     A185 86   EE              LDA #$ee
    172  3     A187 8E   5555            LDX #$5555
    173  5+3   A18A 34   12              PSHS A,X
    174  4+1   A18C 32   E8 28           LEAS 40,S
    175
    176  5+1   A18F EC   E8 26           LDD 38,S
    177  5+2   A192 36   06              PSHU D
    178  2     A194 84   F0              ANDA #$F0
    179  2     A196 8A   0C              ORA #$0c
    180  2     A198 C6   CD              LDB #$cd
    181  5+1   A19A ED   E8 26           STD 38,S
    182  5+3   A19D 35   12              PULS A,X
    183  5+5   A19F 36   52              PSHU S,X,A
    184  2     A1A1 86   EE              LDA #$ee
    185  3     A1A3 8E   5555            LDX #$5555
    186  5+3   A1A6 34   12              PSHS A,X
    187  4+1   A1A8 32   E8 28           LEAS 40,S
    188
    189  5+1   A1AB EC   E8 26           LDD 38,S
    190  5+2   A1AE 36   06              PSHU D
    191  2     A1B0 84   F0              ANDA #$F0
    192  2     A1B2 8A   0B              ORA #$0b
    193  2     A1B4 C6   8D              LDB #$8d
    194  5+1   A1B6 ED   E8 26           STD 38,S
    195  5+1   A1B9 EC   E8 4E           LDD 78,S
    196  5+2   A1BC 36   06              PSHU D
    197  2     A1BE 84   F0              ANDA #$F0
    198  2     A1C0 8A   0B              ORA #$0b
    199  2     A1C2 C6   8B              LDB #$8b
    200  5+1   A1C4 ED   E8 4E           STD 78,S
    201  5+1   A1C7 EC   E8 76           LDD 118,S
    202  5+2   A1CA 36   06              PSHU D
    203  2     A1CC 84   F0              ANDA #$F0
    204  2     A1CE 8A   0B              ORA #$0b
    205  2     A1D0 C6   8B              LDB #$8b
    206  5+1   A1D2 ED   E8 76           STD 118,S
    207  5+1   A1D5 EC   E8 28           LDD 40,S
    208  5+2   A1D8 36   06              PSHU D
    209  2     A1DA 84   0F              ANDA #$0F
    210  2     A1DC C4   0F              ANDB #$0F
    211  4     A1DE C3   E080            ADDD #$e080
    212  5+1   A1E1 ED   E8 28           STD 40,S
    213  4+1   A1E4 A6   E8 50           LDA 80,S
    214  4+1   A1E7 E6   E8 78           LDB 120,S
    215  5+2   A1EA 36   06              PSHU B,A
    216  2     A1EC 86   EE              LDA #$ee
    217  4+1   A1EE A7   E8 50           STA 80,S
    218  4+1   A1F1 A7   E8 78           STA 120,S
    219  5+3   A1F4 35   12              PULS A,X
    220  5+5   A1F6 36   52              PSHU S,X,A
    221  2     A1F8 86   EB              LDA #$eb
    222  3     A1FA 8E   5555            LDX #$5555
    223  5+3   A1FD 34   12              PSHS A,X
    224  4+4   A1FF 32   E9 0117         LEAS 279,S
    225
    226  5+1   A203 AE   E8 D8           LDX -40,S
    227  5+2   A206 36   10              PSHU X
    228  4+0   A208 A6   E4              LDA ,S
    229  4+1   A20A E6   E8 78           LDB 120,S
    230  5+2   A20D 36   06              PSHU B,A
    231  2     A20F C4   F0              ANDB #$F0
    232  2     A211 CA   0B              ORB #$0b
    233  4+1   A213 E7   E8 78           STB 120,S
    234  4+1   A216 A6   E8 28           LDA 40,S
    235  4+1   A219 E6   E8 50           LDB 80,S
    236  5+1   A21C AE   E8 88           LDX -120,S
    237  6+1   A21F 10AE E8 B0           LDY -80,S
    238  5+8   A223 36   76              PSHU S,Y,X,B,A
    239  3     A225 CC   BEBB            LDD #$bebb
    240  5+1   A228 ED   E8 D8           STD -40,S
    241  4+0   A22B A7   E4              STA ,S
    242  4+1   A22D A7   E8 28           STA 40,S
    243  4+1   A230 A7   E8 50           STA 80,S
    244  2     A233 C6   BE              LDB #$be
    245  5+1   A235 ED   E8 B0           STD -80,S
    246  2     A238 86   EB              LDA #$eb
    247  5+1   A23A ED   E8 88           STD -120,S
    248        A23D               DYN_POS
    249
    250  4     A23D 10CE 0000            LDS #$0000
    251  4+4   A241 32   E9 02D5         LEAS 725,S
    252
    253  4+1   A245 A6   E8 50           LDA 80,S
    254  4+1   A248 E6   E8 26           LDB 38,S
    255  5+2   A24B 36   06              PSHU B,A
    256  2     A24D C4   F0              ANDB #$F0
    257  2     A24F CA   06              ORB #$06
    258  4+1   A251 E7   E8 26           STB 38,S
    259  4+1   A254 A6   E8 87           LDA -121,S
    260  4+1   A257 E6   E8 AF           LDB -81,S
    261  5+2   A25A 36   06              PSHU B,A
    262  5+1   A25C EC   E8 D7           LDD -41,S
    263  5+2   A25F 36   06              PSHU D
    264  2     A261 86   66              LDA #$66
    265  2     A263 C4   0F              ANDB #$0F
    266  2     A265 CA   40              ORB #$40
    267  5+1   A267 ED   E8 D7           STD -41,S
    268  5+1   A26A EC   7F              LDD -1,S
    269  5+2   A26C 36   06              PSHU D
    270  2     A26E 86   66              LDA #$66
    271  2     A270 C4   0F              ANDB #$0F
    272  2     A272 CA   60              ORB #$60
    273  5+1   A274 ED   7F              STD -1,S
    274  4+1   A276 A7   E8 87           STA -121,S
    275  4+1   A279 A7   E8 AF           STA -81,S
    276  4+1   A27C A6   E8 28           LDA 40,S
    277  4+1   A27F E6   E8 78           LDB 120,S
    278  5+4   A282 36   46              PSHU S,B,A
    279  2     A284 86   55              LDA #$55
    280  4+1   A286 A7   E8 50           STA 80,S
    281  2     A289 86   54              LDA #$54
    282  4+1   A28B A7   E8 28           STA 40,S
    283  2     A28E 86   51              LDA #$51
    284  4+1   A290 A7   E8 78           STA 120,S
    285  4+4   A293 32   E9 00DC         LEAS 220,S
    286
    287  4+1   A297 A6   E8 C4           LDA -60,S
    288  4+1   A29A E6   E8 EC           LDB -20,S
    289  5+2   A29D 36   06              PSHU B,A
    290  2     A29F C4   F0              ANDB #$F0
    291  2     A2A1 CA   05              ORB #$05
    292  4+1   A2A3 E7   E8 EC           STB -20,S
    293  4+1   A2A6 A6   E8 14           LDA 20,S
    294  5+1   A2A9 36   02              PSHU A
    295  2     A2AB 84   F0              ANDA #$F0
    296  2     A2AD 8A   02              ORA #$02
    297  4+1   A2AF A7   E8 14           STA 20,S
    298  4+1   A2B2 A6   E8 3C           LDA 60,S
    299  5+3   A2B5 36   42              PSHU S,A
    300  2     A2B7 84   F0              ANDA #$F0
    301  2     A2B9 8A   00              ORA #$00
    302  4+1   A2BB A7   E8 3C           STA 60,S
    303  2     A2BE 86   01              LDA #$01
    304  4+1   A2C0 A7   E8 C4           STA -60,S
    305  4+4   A2C3 32   E9 00D9         LEAS 217,S
    306
    307  5+1   A2C7 EC   E8 8B           LDD -117,S
    308  5+2   A2CA 36   06              PSHU D
    309  2     A2CC 84   F0              ANDA #$F0
    310  2     A2CE C4   0F              ANDB #$0F
    311  4     A2D0 C3   0040            ADDD #$0040
    312  5+1   A2D3 ED   E8 8B           STD -117,S
    313  4+1   A2D6 A6   E8 89           LDA -119,S
    314  5+1   A2D9 36   02              PSHU A
    315  2     A2DB 84   F0              ANDA #$F0
    316  2     A2DD 8A   03              ORA #$03
    317  4+1   A2DF A7   E8 89           STA -119,S
    318  4+1   A2E2 A6   63              LDA 3,S
    319  5+1   A2E4 36   02              PSHU A
    320  2     A2E6 84   F0              ANDA #$F0
    321  2     A2E8 8A   0B              ORA #$0b
    322  4+1   A2EA A7   63              STA 3,S
    323  5+1   A2EC EC   E8 B0           LDD -80,S
    324  5+2   A2EF 36   06              PSHU D
    325  2     A2F1 84   F0              ANDA #$F0
    326  2     A2F3 8A   02              ORA #$02
    327  2     A2F5 C6   63              LDB #$63
    328  5+1   A2F7 ED   E8 B0           STD -80,S
    329  5+1   A2FA EC   E8 D8           LDD -40,S
    330  5+2   A2FD 36   06              PSHU D
    331  2     A2FF 84   F0              ANDA #$F0
    332  2     A301 8A   04              ORA #$04
    333  2     A303 C6   73              LDB #$73
    334  5+1   A305 ED   E8 D8           STD -40,S
    335  5+1   A308 EC   E8 B3           LDD -77,S
    336  5+2   A30B 36   06              PSHU D
    337  2     A30D 86   B0              LDA #$b0
    338  2     A30F C4   0F              ANDB #$0F
    339  2     A311 CA   40              ORB #$40
    340  5+1   A313 ED   E8 B3           STD -77,S
    341  5+1   A316 AE   E8 DA           LDX -38,S
    342  5+2   A319 36   10              PSHU X
    343  3     A31B CC   77B0            LDD #$77b0
    344  5+1   A31E ED   E8 DA           STD -38,S
    345  5+3   A321 35   12              PULS A,X
    346  5+5   A323 36   52              PSHU S,X,A
    347  2     A325 86   4D              LDA #$4d
    348  3     A327 8E   7888            LDX #$7888
    349  5+3   A32A 34   12              PSHS A,X
    350  4+1   A32C 32   E8 28           LEAS 40,S
    351
    352  5+3   A32F 35   12              PULS A,X
    353  5+5   A331 36   52              PSHU S,X,A
    354  2     A333 86   CD              LDA #$cd
    355  3     A335 8E   7718            LDX #$7718
    356  5+3   A338 34   12              PSHS A,X
    357  4+1   A33A 32   E8 28           LEAS 40,S
    358
    359  5+3   A33D 35   12              PULS A,X
    360  5+5   A33F 36   52              PSHU S,X,A
    361  2     A341 86   C4              LDA #$c4
    362  3     A343 8E   0701            LDX #$0701
    363  5+3   A346 34   12              PSHS A,X
    364  4+1   A348 32   E8 28           LEAS 40,S
    365
    366  5+3   A34B 35   12              PULS A,X
    367  5+5   A34D 36   52              PSHU S,X,A
    368  2     A34F 86   C4              LDA #$c4
    369  3     A351 8E   0701            LDX #$0701
    370  5+3   A354 34   12              PSHS A,X
    371  4+1   A356 32   E8 28           LEAS 40,S
    372
    373  5+3   A359 35   12              PULS A,X
    374  5+5   A35B 36   52              PSHU S,X,A
    375  2     A35D 86   D4              LDA #$d4
    376  3     A35F 8E   0701            LDX #$0701
    377  5+3   A362 34   12              PSHS A,X
    378  4+1   A364 32   E8 28           LEAS 40,S
    379
    380  4+1   A367 A6   64              LDA 4,S
    381  5+1   A369 36   02              PSHU A
    382  2     A36B 84   0F              ANDA #$0F
    383  2     A36D 8A   50              ORA #$50
    384  4+1   A36F A7   64              STA 4,S
    385  5+3   A371 35   12              PULS A,X
    386  5+5   A373 36   52              PSHU S,X,A
    387  2     A375 86   D1              LDA #$d1
    388  3     A377 8E   C801            LDX #$c801
    389  5+3   A37A 34   12              PSHS A,X
    390  4+1   A37C 32   E8 28           LEAS 40,S
    391
    392  5+1   A37F AE   E8 29           LDX 41,S
    393  5+2   A382 36   10              PSHU X
    394  4+1   A384 A6   64              LDA 4,S
    395  5+1   A386 36   02              PSHU A
    396  2     A388 84   0F              ANDA #$0F
    397  2     A38A 8A   50              ORA #$50
    398  4+1   A38C A7   64              STA 4,S
    399  4+1   A38E A6   E8 2C           LDA 44,S
    400  5+1   A391 36   02              PSHU A
    401  2     A393 84   0F              ANDA #$0F
    402  2     A395 8A   50              ORA #$50
    403  4+1   A397 A7   E8 2C           STA 44,S
    404  3     A39A CC   CB70            LDD #$cb70
    405  5+1   A39D ED   E8 29           STD 41,S
    406  5+1   A3A0 EC   E8 27           LDD 39,S
    407  5+2   A3A3 36   06              PSHU D
    408  2     A3A5 84   F0              ANDA #$F0
    409  2     A3A7 8A   0E              ORA #$0e
    410  2     A3A9 C6   D1              LDB #$d1
    411  5+1   A3AB ED   E8 27           STD 39,S
    412  5+3   A3AE 35   12              PULS A,X
    413  5+5   A3B0 36   52              PSHU S,X,A
    414  3     A3B2 8E   BE32            LDX #$be32
    415  5+3   A3B5 34   14              PSHS B,X
    416  4+1   A3B7 32   E8 50           LEAS 80,S
    417
    418  4+1   A3BA A6   64              LDA 4,S
    419  5+1   A3BC 36   02              PSHU A
    420  2     A3BE 84   0F              ANDA #$0F
    421  2     A3C0 8A   50              ORA #$50
    422  4+1   A3C2 A7   64              STA 4,S
    423  5+4   A3C4 35   30              PULS X,Y
    424  5+6   A3C6 36   70              PSHU S,Y,X
    425  3     A3C8 CC   DDCB            LDD #$ddcb
    426  3     A3CB 8E   7055            LDX #$7055
    427  5+4   A3CE 34   16              PSHS D,X
    428  4+1   A3D0 32   E8 28           LEAS 40,S
    429
    430  5+4   A3D3 35   30              PULS X,Y
    431  5+6   A3D5 36   70              PSHU S,Y,X
    432  3     A3D7 CC   DDDB            LDD #$dddb
    433  3     A3DA 8E   E855            LDX #$e855
    434  5+4   A3DD 34   16              PSHS D,X
    435  4+1   A3DF 32   E8 28           LEAS 40,S
    436
    437  4+1   A3E2 A6   E8 2B           LDA 43,S
    438  5+1   A3E5 AE   E8 28           LDX 40,S
    439  6+1   A3E8 10AE E8 50           LDY 80,S
    440  5+5   A3EC 36   32              PSHU Y,X,A
    441  3     A3EE CC   C7BE            LDD #$c7be
    442  5+1   A3F1 ED   E8 28           STD 40,S
    443  5+1   A3F4 ED   E8 50           STD 80,S
    444  5+1   A3F7 AE   E8 78           LDX 120,S
    445  5+2   A3FA 36   10              PSHU X
    446  2     A3FC C6   BB              LDB #$bb
    447  5+1   A3FE ED   E8 78           STD 120,S
    448  2     A401 86   55              LDA #$55
    449  4+1   A403 A7   E8 2B           STA 43,S
    450  5+4   A406 35   16              PULS D,X
    451  5+6   A408 36   56              PSHU S,X,D
    452  3     A40A CC   DCDE            LDD #$dcde
    453  3     A40D 8E   B755            LDX #$b755
    454  5+4   A410 34   16              PSHS D,X
    455  4+4   A412 32   E9 0119         LEAS 281,S
    456
    457  5+1   A416 EC   E8 D7           LDD -41,S
    458  5+2   A419 36   06              PSHU D
    459  2     A41B 86   BB              LDA #$bb
    460  2     A41D C4   F0              ANDB #$F0
    461  2     A41F CA   0B              ORB #$0b
    462  5+1   A421 ED   E8 D7           STD -41,S
    463  4+1   A424 A6   E8 D9           LDA -39,S
    464  5+1   A427 36   02              PSHU A
    465  2     A429 84   0F              ANDA #$0F
    466  2     A42B 8A   E0              ORA #$e0
    467  4+1   A42D A7   E8 D9           STA -39,S
    468  4+1   A430 A6   7F              LDA -1,S
    469  5+1   A432 36   02              PSHU A
    470  2     A434 84   F0              ANDA #$F0
    471  2     A436 8A   0B              ORA #$0b
    472  4+1   A438 A7   7F              STA -1,S
    473  4+1   A43A A6   E8 27           LDA 39,S
    474  5+1   A43D 36   02              PSHU A
    475  2     A43F 84   F0              ANDA #$F0
    476  2     A441 8A   0B              ORA #$0b
    477  4+1   A443 A7   E8 27           STA 39,S
    478  4+1   A446 A6   E8 78           LDA 120,S
    479  5+1   A449 36   02              PSHU A
    480  2     A44B 84   0F              ANDA #$0F
    481  2     A44D 8A   E0              ORA #$e0
    482  4+1   A44F A7   E8 78           STA 120,S
    483  5+1   A452 AE   E8 87           LDX -121,S
    484  6+1   A455 10AE E8 AF           LDY -81,S
    485  5+6   A459 36   70              PSHU S,Y,X
    486  3     A45B CC   CEBB            LDD #$cebb
    487  5+1   A45E ED   E8 87           STD -121,S
    488  5+1   A461 ED   E8 AF           STD -81,S
    489        A464               SSAV_Img_Sonic_060
    490  4     A464 10CE 0000            LDS #$0000
    491  5     A468 39                   RTS
    492

000000 Total Errors

000003 Total Symbols
     0x          Label A000 BCKDRAW_Img_Sonic_060
     1x          Label A23D DYN_POS
     1x          Label A464 SSAV_Img_Sonic_060

