/*--------------------------------------------------------------*
 * Compilé avec C6809 v0.83                                     *
 *--------------------------------------------------------------*
 * Fichier source      : ./Sonic2/GeneratedCode/Img_Sonic_065_BckDraw.ASM
 * Fichier destination : ./Sonic2/GeneratedCode/Img_Sonic_065_BckDraw.BIN
 * Contenu :
 *     Main     0:IMGD.ASM     5558
 *--------------------------------------------------------------*/

Macro Pass
Pass1
Pass2
      2        A000                      ORG $A000
      3                  FF              SETDP $FF
      4        A000               BCKDRAW_Img_Sonic_065
      5  6+5   A000 10EF 8D 03F5         STS SSAV_Img_Sonic_065+2,PCR
      6
      7  5+5   A005 ED   8D 0202         STD DYN_POS+2,PCR
      8  6+0   A009 10EE A4              LDS ,Y
      9  4+4   A00C 32   E9 039A         LEAS 922,S
     10
     11  5+1   A010 EC   E8 B1           LDD -79,S
     12  5+2   A013 36   06              PSHU D
     13  2     A015 86   BB              LDA #$bb
     14  2     A017 C4   0F              ANDB #$0F
     15  2     A019 CA   B0              ORB #$b0
     16  5+1   A01B ED   E8 B1           STD -79,S
     17  4+1   A01E A6   E8 89           LDA -119,S
     18  4+1   A021 E6   E8 DA           LDB -38,S
     19  5+2   A024 36   06              PSHU B,A
     20  2     A026 C4   0F              ANDB #$0F
     21  2     A028 CA   B0              ORB #$b0
     22  4+1   A02A E7   E8 DA           STB -38,S
     23  5+1   A02D EC   E8 D8           LDD -40,S
     24  5+2   A030 36   06              PSHU D
     25  2     A032 84   F0              ANDA #$F0
     26  2     A034 8A   0B              ORA #$0b
     27  2     A036 C6   BB              LDB #$bb
     28  5+1   A038 ED   E8 D8           STD -40,S
     29  4+1   A03B E7   E8 89           STB -119,S
     30  5+3   A03E 35   12              PULS A,X
     31  5+5   A040 36   52              PSHU S,X,A
     32  3     A042 8E   BBBB            LDX #$bbbb
     33  5+3   A045 34   14              PSHS B,X
     34  4+1   A047 32   E8 28           LEAS 40,S
     35
     36  5+3   A04A 35   12              PULS A,X
     37  5+5   A04C 36   52              PSHU S,X,A
     38  2     A04E 86   BB              LDA #$bb
     39  3     A050 8E   BBBB            LDX #$bbbb
     40  5+3   A053 34   12              PSHS A,X
     41  4+1   A055 32   E8 28           LEAS 40,S
     42
     43  5+3   A058 35   12              PULS A,X
     44  5+5   A05A 36   52              PSHU S,X,A
     45  2     A05C 86   EB              LDA #$eb
     46  3     A05E 8E   BBBB            LDX #$bbbb
     47  5+3   A061 34   12              PSHS A,X
     48  4+1   A063 32   E8 28           LEAS 40,S
     49
     50  5+3   A066 35   12              PULS A,X
     51  5+5   A068 36   52              PSHU S,X,A
     52  2     A06A 86   BB              LDA #$bb
     53  3     A06C 8E   BBBB            LDX #$bbbb
     54  5+3   A06F 34   12              PSHS A,X
     55  4+1   A071 32   E8 28           LEAS 40,S
     56
     57  5+3   A074 35   12              PULS A,X
     58  5+5   A076 36   52              PSHU S,X,A
     59  2     A078 86   EB              LDA #$eb
     60  3     A07A 8E   BBBB            LDX #$bbbb
     61  5+3   A07D 34   12              PSHS A,X
     62  4+1   A07F 32   E8 28           LEAS 40,S
     63
     64  5+3   A082 35   12              PULS A,X
     65  5+5   A084 36   52              PSHU S,X,A
     66  2     A086 86   BB              LDA #$bb
     67  3     A088 8E   BBDB            LDX #$bbdb
     68  5+3   A08B 34   12              PSHS A,X
     69  4+1   A08D 32   E8 28           LEAS 40,S
     70
     71  5+3   A090 35   12              PULS A,X
     72  5+5   A092 36   52              PSHU S,X,A
     73  2     A094 86   BB              LDA #$bb
     74  3     A096 8E   BB0C            LDX #$bb0c
     75  5+3   A099 34   12              PSHS A,X
     76  4+1   A09B 32   E8 28           LEAS 40,S
     77
     78  5+3   A09E 35   12              PULS A,X
     79  5+5   A0A0 36   52              PSHU S,X,A
     80  2     A0A2 86   EB              LDA #$eb
     81  3     A0A4 8E   BB0D            LDX #$bb0d
     82  5+3   A0A7 34   12              PSHS A,X
     83  4+1   A0A9 32   E8 28           LEAS 40,S
     84
     85  4+1   A0AC A6   63              LDA 3,S
     86  5+1   A0AE 36   02              PSHU A
     87  2     A0B0 84   0F              ANDA #$0F
     88  2     A0B2 8A   B0              ORA #$b0
     89  4+1   A0B4 A7   63              STA 3,S
     90  5+3   A0B6 35   12              PULS A,X
     91  5+5   A0B8 36   52              PSHU S,X,A
     92  2     A0BA 86   BB              LDA #$bb
     93  3     A0BC 8E   BB0D            LDX #$bb0d
     94  5+3   A0BF 34   12              PSHS A,X
     95  4+1   A0C1 32   E8 28           LEAS 40,S
     96
     97  4+1   A0C4 A6   63              LDA 3,S
     98  5+1   A0C6 36   02              PSHU A
     99  2     A0C8 84   0F              ANDA #$0F
    100  2     A0CA 8A   B0              ORA #$b0
    101  4+1   A0CC A7   63              STA 3,S
    102  5+3   A0CE 35   12              PULS A,X
    103  5+5   A0D0 36   52              PSHU S,X,A
    104  2     A0D2 86   EB              LDA #$eb
    105  3     A0D4 8E   BB0C            LDX #$bb0c
    106  5+3   A0D7 34   12              PSHS A,X
    107  4+1   A0D9 32   E8 28           LEAS 40,S
    108
    109  4+1   A0DC A6   63              LDA 3,S
    110  5+1   A0DE 36   02              PSHU A
    111  2     A0E0 84   0F              ANDA #$0F
    112  2     A0E2 8A   B0              ORA #$b0
    113  4+1   A0E4 A7   63              STA 3,S
    114  5+3   A0E6 35   12              PULS A,X
    115  5+5   A0E8 36   52              PSHU S,X,A
    116  2     A0EA 86   BB              LDA #$bb
    117  3     A0EC 8E   BBDB            LDX #$bbdb
    118  5+3   A0EF 34   12              PSHS A,X
    119  4+1   A0F1 32   E8 28           LEAS 40,S
    120
    121  4+1   A0F4 A6   63              LDA 3,S
    122  5+1   A0F6 36   02              PSHU A
    123  2     A0F8 84   0F              ANDA #$0F
    124  2     A0FA 8A   B0              ORA #$b0
    125  4+1   A0FC A7   63              STA 3,S
    126  5+3   A0FE 35   12              PULS A,X
    127  5+5   A100 36   52              PSHU S,X,A
    128  2     A102 86   EB              LDA #$eb
    129  3     A104 8E   BBBB            LDX #$bbbb
    130  5+3   A107 34   12              PSHS A,X
    131  4+1   A109 32   E8 28           LEAS 40,S
    132
    133  4+1   A10C A6   63              LDA 3,S
    134  5+1   A10E 36   02              PSHU A
    135  2     A110 84   0F              ANDA #$0F
    136  2     A112 8A   B0              ORA #$b0
    137  4+1   A114 A7   63              STA 3,S
    138  5+3   A116 35   12              PULS A,X
    139  5+5   A118 36   52              PSHU S,X,A
    140  2     A11A 86   BB              LDA #$bb
    141  3     A11C 8E   BBBB            LDX #$bbbb
    142  5+3   A11F 34   12              PSHS A,X
    143  4+1   A121 32   E8 28           LEAS 40,S
    144
    145  4+1   A124 A6   63              LDA 3,S
    146  5+1   A126 36   02              PSHU A
    147  2     A128 84   0F              ANDA #$0F
    148  2     A12A 8A   B0              ORA #$b0
    149  4+1   A12C A7   63              STA 3,S
    150  5+3   A12E 35   12              PULS A,X
    151  5+5   A130 36   52              PSHU S,X,A
    152  2     A132 86   BB              LDA #$bb
    153  3     A134 8E   BBBB            LDX #$bbbb
    154  5+3   A137 34   12              PSHS A,X
    155  4+1   A139 32   E8 28           LEAS 40,S
    156
    157  4+1   A13C A6   63              LDA 3,S
    158  5+1   A13E 36   02              PSHU A
    159  2     A140 84   0F              ANDA #$0F
    160  2     A142 8A   B0              ORA #$b0
    161  4+1   A144 A7   63              STA 3,S
    162  5+3   A146 35   12              PULS A,X
    163  5+5   A148 36   52              PSHU S,X,A
    164  2     A14A 86   EB              LDA #$eb
    165  3     A14C 8E   BBBB            LDX #$bbbb
    166  5+3   A14F 34   12              PSHS A,X
    167  4+1   A151 32   E8 28           LEAS 40,S
    168
    169  4+1   A154 A6   63              LDA 3,S
    170  5+1   A156 36   02              PSHU A
    171  2     A158 84   0F              ANDA #$0F
    172  2     A15A 8A   B0              ORA #$b0
    173  4+1   A15C A7   63              STA 3,S
    174  5+3   A15E 35   12              PULS A,X
    175  5+5   A160 36   52              PSHU S,X,A
    176  2     A162 86   BE              LDA #$be
    177  3     A164 8E   BBBB            LDX #$bbbb
    178  5+3   A167 34   12              PSHS A,X
    179  4+1   A169 32   E8 28           LEAS 40,S
    180
    181  5+3   A16C 35   12              PULS A,X
    182  5+5   A16E 36   52              PSHU S,X,A
    183  2     A170 86   EB              LDA #$eb
    184  3     A172 8E   BBBB            LDX #$bbbb
    185  5+3   A175 34   12              PSHS A,X
    186  4+1   A177 32   E8 28           LEAS 40,S
    187
    188  5+3   A17A 35   12              PULS A,X
    189  5+5   A17C 36   52              PSHU S,X,A
    190  2     A17E 86   BE              LDA #$be
    191  3     A180 8E   BBBB            LDX #$bbbb
    192  5+3   A183 34   12              PSHS A,X
    193  4+1   A185 32   E8 28           LEAS 40,S
    194
    195  5+3   A188 35   12              PULS A,X
    196  5+5   A18A 36   52              PSHU S,X,A
    197  2     A18C 86   EB              LDA #$eb
    198  3     A18E 8E   BBBB            LDX #$bbbb
    199  5+3   A191 34   12              PSHS A,X
    200  4+1   A193 32   E8 28           LEAS 40,S
    201
    202  5+3   A196 35   12              PULS A,X
    203  5+5   A198 36   52              PSHU S,X,A
    204  2     A19A 86   EE              LDA #$ee
    205  3     A19C 8E   BBBB            LDX #$bbbb
    206  5+3   A19F 34   12              PSHS A,X
    207  4+1   A1A1 32   E8 28           LEAS 40,S
    208
    209  5+3   A1A4 35   12              PULS A,X
    210  5+5   A1A6 36   52              PSHU S,X,A
    211  2     A1A8 86   EE              LDA #$ee
    212  3     A1AA 8E   EBBB            LDX #$ebbb
    213  5+3   A1AD 34   12              PSHS A,X
    214  4+1   A1AF 32   E8 28           LEAS 40,S
    215
    216  5+3   A1B2 35   12              PULS A,X
    217  5+5   A1B4 36   52              PSHU S,X,A
    218  2     A1B6 86   EE              LDA #$ee
    219  3     A1B8 8E   BEBB            LDX #$bebb
    220  5+3   A1BB 34   12              PSHS A,X
    221  4+1   A1BD 32   E8 28           LEAS 40,S
    222
    223  5+3   A1C0 35   12              PULS A,X
    224  5+5   A1C2 36   52              PSHU S,X,A
    225  2     A1C4 86   EE              LDA #$ee
    226  3     A1C6 8E   EBEE            LDX #$ebee
    227  5+3   A1C9 34   12              PSHS A,X
    228  4+1   A1CB 32   E8 28           LEAS 40,S
    229
    230  5+1   A1CE EC   E8 28           LDD 40,S
    231  5+2   A1D1 36   06              PSHU D
    232  2     A1D3 84   F0              ANDA #$F0
    233  2     A1D5 8A   0B              ORA #$0b
    234  2     A1D7 C6   EE              LDB #$ee
    235  5+1   A1D9 ED   E8 28           STD 40,S
    236  5+1   A1DC EC   E8 51           LDD 81,S
    237  5+2   A1DF 36   06              PSHU D
    238  2     A1E1 86   EE              LDA #$ee
    239  2     A1E3 C4   0F              ANDB #$0F
    240  2     A1E5 CA   E0              ORB #$e0
    241  5+1   A1E7 ED   E8 51           STD 81,S
    242  4+1   A1EA A6   E8 79           LDA 121,S
    243  4+1   A1ED E6   E8 2A           LDB 42,S
    244  5+2   A1F0 36   06              PSHU B,A
    245  2     A1F2 C4   0F              ANDB #$0F
    246  2     A1F4 CA   E0              ORB #$e0
    247  4+1   A1F6 E7   E8 2A           STB 42,S
    248  2     A1F9 86   BE              LDA #$be
    249  4+1   A1FB A7   E8 79           STA 121,S
    250  5+3   A1FE 35   12              PULS A,X
    251  5+5   A200 36   52              PSHU S,X,A
    252  2     A202 86   CE              LDA #$ce
    253  3     A204 8E   EEBB            LDX #$eebb
    254  5+3   A207 34   12              PSHS A,X
    255        A209               DYN_POS
    256
    257  4     A209 10CE 0000            LDS #$0000
    258  4+4   A20D 32   E9 0374         LEAS 884,S
    259
    260  5+1   A211 EC   E8 AF           LDD -81,S
    261  5+2   A214 36   06              PSHU D
    262  2     A216 84   F0              ANDA #$F0
    263  2     A218 C4   0F              ANDB #$0F
    264  4     A21A C3   0BB0            ADDD #$0bb0
    265  5+1   A21D ED   E8 AF           STD -81,S
    266  5+1   A220 AE   E8 D7           LDX -41,S
    267  6+1   A223 10AE 7F              LDY -1,S
    268  5+4   A226 36   30              PSHU Y,X
    269  5+1   A228 EC   E8 27           LDD 39,S
    270  5+1   A22B AE   E8 4F           LDX 79,S
    271  5+4   A22E 36   16              PSHU X,D
    272  3     A230 CC   BBBB            LDD #$bbbb
    273  5+1   A233 ED   E8 D7           STD -41,S
    274  5+1   A236 ED   7F              STD -1,S
    275  5+1   A238 ED   E8 27           STD 39,S
    276  5+1   A23B ED   E8 4F           STD 79,S
    277  4+1   A23E A6   E8 51           LDA 81,S
    278  5+3   A241 36   42              PSHU S,A
    279  2     A243 84   0F              ANDA #$0F
    280  2     A245 8A   B0              ORA #$b0
    281  4+1   A247 A7   E8 51           STA 81,S
    282  4+4   A24A 32   E9 00EE         LEAS 238,S
    283
    284  5+1   A24E EC   E8 88           LDD -120,S
    285  5+2   A251 36   06              PSHU D
    286  2     A253 84   F0              ANDA #$F0
    287  2     A255 8A   0E              ORA #$0e
    288  2     A257 C6   BB              LDB #$bb
    289  5+1   A259 ED   E8 88           STD -120,S
    290  5+1   A25C EC   E8 B0           LDD -80,S
    291  5+2   A25F 36   06              PSHU D
    292  2     A261 84   F0              ANDA #$F0
    293  2     A263 8A   0E              ORA #$0e
    294  2     A265 C6   BB              LDB #$bb
    295  5+1   A267 ED   E8 B0           STD -80,S
    296  5+1   A26A EC   E8 D8           LDD -40,S
    297  5+2   A26D 36   06              PSHU D
    298  2     A26F 84   F0              ANDA #$F0
    299  2     A271 8A   0E              ORA #$0e
    300  2     A273 C6   BB              LDB #$bb
    301  5+1   A275 ED   E8 D8           STD -40,S
    302  5+1   A278 AE   E8 DA           LDX -38,S
    303  5+2   A27B 36   10              PSHU X
    304  5+1   A27D EC   E8 8A           LDD -118,S
    305  5+2   A280 36   06              PSHU D
    306  2     A282 86   BB              LDA #$bb
    307  2     A284 C4   0F              ANDB #$0F
    308  2     A286 CA   B0              ORB #$b0
    309  5+1   A288 ED   E8 8A           STD -118,S
    310  5+1   A28B EC   E8 B2           LDD -78,S
    311  5+2   A28E 36   06              PSHU D
    312  2     A290 86   BB              LDA #$bb
    313  2     A292 C4   0F              ANDB #$0F
    314  2     A294 CA   B0              ORB #$b0
    315  5+1   A296 ED   E8 B2           STD -78,S
    316  3     A299 CC   BBBB            LDD #$bbbb
    317  5+1   A29C ED   E8 DA           STD -38,S
    318  5+4   A29F 35   30              PULS X,Y
    319  5+6   A2A1 36   70              PSHU S,Y,X
    320  2     A2A3 86   EB              LDA #$eb
    321  3     A2A5 8E   BCBB            LDX #$bcbb
    322  5+4   A2A8 34   16              PSHS D,X
    323  4+1   A2AA 32   E8 28           LEAS 40,S
    324
    325  5+4   A2AD 35   30              PULS X,Y
    326  5+6   A2AF 36   70              PSHU S,Y,X
    327  3     A2B1 CC   EEBB            LDD #$eebb
    328  3     A2B4 8E   BDBB            LDX #$bdbb
    329  5+4   A2B7 34   16              PSHS D,X
    330  4+1   A2B9 32   E8 28           LEAS 40,S
    331
    332  5+4   A2BC 35   30              PULS X,Y
    333  5+6   A2BE 36   70              PSHU S,Y,X
    334  3     A2C0 CC   EEBB            LDD #$eebb
    335  3     A2C3 8E   B0BB            LDX #$b0bb
    336  5+4   A2C6 34   16              PSHS D,X
    337  4+1   A2C8 32   E8 28           LEAS 40,S
    338
    339  5+4   A2CB 35   30              PULS X,Y
    340  5+6   A2CD 36   70              PSHU S,Y,X
    341  3     A2CF CC   EBBB            LDD #$ebbb
    342  3     A2D2 8E   B0BB            LDX #$b0bb
    343  5+4   A2D5 34   16              PSHS D,X
    344  4+1   A2D7 32   E8 28           LEAS 40,S
    345
    346  5+4   A2DA 35   30              PULS X,Y
    347  5+6   A2DC 36   70              PSHU S,Y,X
    348  3     A2DE CC   EEBB            LDD #$eebb
    349  3     A2E1 8E   BDBB            LDX #$bdbb
    350  5+4   A2E4 34   16              PSHS D,X
    351  4+1   A2E6 32   E8 28           LEAS 40,S
    352
    353  5+4   A2E9 35   30              PULS X,Y
    354  5+6   A2EB 36   70              PSHU S,Y,X
    355  3     A2ED CC   EBBB            LDD #$ebbb
    356  3     A2F0 8E   BCBB            LDX #$bcbb
    357  5+4   A2F3 34   16              PSHS D,X
    358  4+1   A2F5 32   E8 28           LEAS 40,S
    359
    360  5+4   A2F8 35   30              PULS X,Y
    361  5+6   A2FA 36   70              PSHU S,Y,X
    362  3     A2FC CC   EEBB            LDD #$eebb
    363  3     A2FF 8E   BBBB            LDX #$bbbb
    364  5+4   A302 34   16              PSHS D,X
    365  4+1   A304 32   E8 28           LEAS 40,S
    366
    367  5+4   A307 35   30              PULS X,Y
    368  5+6   A309 36   70              PSHU S,Y,X
    369  3     A30B CC   EEBB            LDD #$eebb
    370  3     A30E 8E   BBBB            LDX #$bbbb
    371  5+4   A311 34   16              PSHS D,X
    372  4+1   A313 32   E8 28           LEAS 40,S
    373
    374  5+4   A316 35   30              PULS X,Y
    375  5+6   A318 36   70              PSHU S,Y,X
    376  3     A31A CC   EEBB            LDD #$eebb
    377  3     A31D 8E   BBBB            LDX #$bbbb
    378  5+4   A320 34   16              PSHS D,X
    379  4+1   A322 32   E8 28           LEAS 40,S
    380
    381  5+4   A325 35   30              PULS X,Y
    382  5+6   A327 36   70              PSHU S,Y,X
    383  3     A329 CC   EEBB            LDD #$eebb
    384  3     A32C 8E   BBBB            LDX #$bbbb
    385  5+4   A32F 34   16              PSHS D,X
    386  4+1   A331 32   E8 28           LEAS 40,S
    387
    388  5+4   A334 35   30              PULS X,Y
    389  5+6   A336 36   70              PSHU S,Y,X
    390  3     A338 CC   EEBB            LDD #$eebb
    391  3     A33B 8E   BBBB            LDX #$bbbb
    392  5+4   A33E 34   16              PSHS D,X
    393  4+1   A340 32   E8 28           LEAS 40,S
    394
    395  5+4   A343 35   30              PULS X,Y
    396  5+6   A345 36   70              PSHU S,Y,X
    397  3     A347 CC   BEBB            LDD #$bebb
    398  3     A34A 8E   BBBB            LDX #$bbbb
    399  5+4   A34D 34   16              PSHS D,X
    400  4+1   A34F 32   E8 28           LEAS 40,S
    401
    402  5+4   A352 35   30              PULS X,Y
    403  5+6   A354 36   70              PSHU S,Y,X
    404  3     A356 CC   CEEB            LDD #$ceeb
    405  3     A359 8E   BBBB            LDX #$bbbb
    406  5+4   A35C 34   16              PSHS D,X
    407  4+1   A35E 32   E8 28           LEAS 40,S
    408
    409  5+1   A361 EC   E8 28           LDD 40,S
    410  5+2   A364 36   06              PSHU D
    411  2     A366 84   F0              ANDA #$F0
    412  2     A368 8A   0E              ORA #$0e
    413  2     A36A C6   BB              LDB #$bb
    414  5+1   A36C ED   E8 28           STD 40,S
    415  5+1   A36F EC   E8 50           LDD 80,S
    416  5+2   A372 36   06              PSHU D
    417  2     A374 84   F0              ANDA #$F0
    418  2     A376 8A   0B              ORA #$0b
    419  2     A378 C6   BB              LDB #$bb
    420  5+1   A37A ED   E8 50           STD 80,S
    421  5+1   A37D EC   E8 78           LDD 120,S
    422  5+2   A380 36   06              PSHU D
    423  2     A382 84   F0              ANDA #$F0
    424  2     A384 8A   0C              ORA #$0c
    425  2     A386 C6   BB              LDB #$bb
    426  5+1   A388 ED   E8 78           STD 120,S
    427  5+1   A38B AE   E8 2A           LDX 42,S
    428  6+1   A38E 10AE E8 52           LDY 82,S
    429  5+4   A392 36   30              PSHU Y,X
    430  5+1   A394 EC   E8 7A           LDD 122,S
    431  5+2   A397 36   06              PSHU D
    432  2     A399 86   EE              LDA #$ee
    433  2     A39B C4   0F              ANDB #$0F
    434  2     A39D CA   B0              ORB #$b0
    435  5+1   A39F ED   E8 7A           STD 122,S
    436  3     A3A2 CC   BBBB            LDD #$bbbb
    437  5+1   A3A5 ED   E8 2A           STD 42,S
    438  5+1   A3A8 ED   E8 52           STD 82,S
    439  5+4   A3AB 35   30              PULS X,Y
    440  5+6   A3AD 36   70              PSHU S,Y,X
    441  2     A3AF 86   BE              LDA #$be
    442  3     A3B1 8E   BBBB            LDX #$bbbb
    443  5+4   A3B4 34   16              PSHS D,X
    444  4+4   A3B6 32   E9 00F1         LEAS 241,S
    445
    446  5+1   A3BA AE   E8 B0           LDX -80,S
    447  6+1   A3BD 10AE E8 D8           LDY -40,S
    448  5+4   A3C1 36   30              PSHU Y,X
    449  5+0   A3C3 EC   E4              LDD ,S
    450  5+1   A3C5 AE   E8 28           LDX 40,S
    451  5+4   A3C8 36   16              PSHU X,D
    452  3     A3CA CC   EEBB            LDD #$eebb
    453  5+1   A3CD ED   E8 B0           STD -80,S
    454  2     A3D0 C6   EE              LDB #$ee
    455  5+1   A3D2 ED   E8 D8           STD -40,S
    456  5+0   A3D5 ED   E4              STD ,S
    457  2     A3D7 86   CE              LDA #$ce
    458  5+1   A3D9 ED   E8 28           STD 40,S
    459  5+1   A3DC EC   E8 50           LDD 80,S
    460  5+2   A3DF 36   06              PSHU D
    461  2     A3E1 84   F0              ANDA #$F0
    462  2     A3E3 C4   0F              ANDB #$0F
    463  4     A3E5 C3   0BE0            ADDD #$0be0
    464  5+1   A3E8 ED   E8 50           STD 80,S
    465  4+1   A3EB A6   E8 B2           LDA -78,S
    466  5+3   A3EE 36   42              PSHU S,A
    467  2     A3F0 84   0F              ANDA #$0F
    468  2     A3F2 8A   E0              ORA #$e0
    469  4+1   A3F4 A7   E8 B2           STA -78,S
    470        A3F7               SSAV_Img_Sonic_065
    471  4     A3F7 10CE 0000            LDS #$0000
    472  5     A3FB 39                   RTS
    473

000000 Total Errors

000003 Total Symbols
     0x          Label A000 BCKDRAW_Img_Sonic_065
     1x          Label A209 DYN_POS
     1x          Label A3F7 SSAV_Img_Sonic_065

