/*--------------------------------------------------------------*
 * Compilé avec C6809 v0.83                                     *
 *--------------------------------------------------------------*
 * Fichier source      : ./Sonic2/GeneratedCode/Img_Sonic_075_Erase.ASM
 * Fichier destination : ./Sonic2/GeneratedCode/Img_Sonic_075_Erase.BIN
 * Contenu :
 *     Main     0:IMGE.ASM     2303
 *--------------------------------------------------------------*/

Macro Pass
Pass1
Pass2
      2        A000                      ORG $A000
      3                  FF              SETDP $FF
      4        A000               ERASE_Img_Sonic_075
      5  6+5   A000 10EF 8D 01A4         STS ERASE_SSAV_Img_Sonic_075+2,PCR>>
      6
      7        A005               ERASE_CODE_Img_Sonic_075_1
      8  5+4   A005 37   46              PULU A,B,S
      9  4+1   A007 A7   E8 EC           STA -20,S
     10  4+1   A00A E7   E8 14           STB 20,S
     11
     12  5+3   A00D 37   42              PULU A,S
     13  4+1   A00F A7   E8 50           STA 80,S
     14
     15  5+6   A012 37   36              PULU A,B,X,Y
     16  4+1   A014 A7   E8 78           STA 120,S
     17  4+1   A017 E7   E8 8A           STB -118,S
     18  5+1   A01A AF   E8 AF           STX -81,S
     19  6+1   A01D 10AF E8 27           STY 39,S
     20
     21  5+6   A021 37   36              PULU D,X,Y
     22  5+1   A023 ED   7F              STD -1,S
     23  5+1   A025 AF   E8 D7           STX -41,S
     24  6+1   A028 10AF E8 87           STY -121,S
     25
     26  5+3   A02C 37   42              PULU A,S
     27  4+1   A02E A7   E8 79           STA 121,S
     28
     29  5+2   A031 37   06              PULU A,B
     30  4+1   A033 A7   E8 51           STA 81,S
     31  4+1   A036 E7   E8 4F           STB 79,S
     32
     33  5+2   A039 37   06              PULU A,B
     34  4+1   A03B A7   E8 29           STA 41,S
     35  4+1   A03E E7   61              STB 1,S
     36
     37  5+2   A040 37   06              PULU A,B
     38  4+1   A042 A7   E8 D9           STA -39,S
     39  4+1   A045 E7   E8 B1           STB -79,S
     40
     41  5+5   A048 37   32              PULU A,X,Y
     42  4+1   A04A A7   E8 89           STA -119,S
     43  5+1   A04D AF   7F              STX -1,S
     44  6+1   A04F 10AF E8 AF           STY -81,S
     45
     46  5+4   A053 37   16              PULU D,X
     47  5+1   A055 ED   E8 D7           STD -41,S
     48  5+1   A058 AF   E8 27           STX 39,S
     49
     50  5+3   A05B 37   12              PULU A,X
     51  4+1   A05D A7   E8 77           STA 119,S
     52  5+1   A060 AF   E8 87           STX -121,S
     53
     54  5+3   A063 37   42              PULU A,S
     55  4+1   A065 A7   E8 79           STA 121,S
     56
     57  5+2   A068 37   06              PULU A,B
     58  4+1   A06A A7   E8 51           STA 81,S
     59  4+1   A06D E7   E8 29           STB 41,S
     60
     61  5+6   A070 37   36              PULU A,B,X,Y
     62  4+1   A072 A7   E8 B1           STA -79,S
     63  4+1   A075 E7   E8 89           STB -119,S
     64  5+1   A078 AF   E8 27           STX 39,S
     65  6+1   A07B 10AF 7F              STY -1,S
     66
     67  5+6   A07E 37   36              PULU D,X,Y
     68  5+1   A080 ED   E8 4F           STD 79,S
     69  5+1   A083 AF   E8 87           STX -121,S
     70  6+1   A086 10AF E8 AF           STY -81,S
     71
     72  5+4   A08A 37   16              PULU D,X
     73  5+1   A08C ED   E8 77           STD 119,S
     74  5+1   A08F AF   E8 D7           STX -41,S
     75
     76  5+3   A092 37   42              PULU A,S
     77  4+1   A094 A7   E8 79           STA 121,S
     78
     79  5+2   A097 37   06              PULU A,B
     80  4+1   A099 A7   E8 51           STA 81,S
     81  4+1   A09C E7   E8 29           STB 41,S
     82
     83  5+2   A09F 37   06              PULU A,B
     84  4+1   A0A1 A7   61              STA 1,S
     85  4+1   A0A3 E7   E8 D9           STB -39,S
     86
     87  5+6   A0A6 37   36              PULU A,B,X,Y
     88  4+1   A0A8 A7   E8 B1           STA -79,S
     89  4+1   A0AB E7   E8 89           STB -119,S
     90  5+1   A0AE AF   7F              STX -1,S
     91  6+1   A0B0 10AF E8 87           STY -121,S
     92
     93  5+6   A0B4 37   36              PULU D,X,Y
     94  5+1   A0B6 ED   E8 4F           STD 79,S
     95  5+1   A0B9 AF   E8 AF           STX -81,S
     96  6+1   A0BC 10AF E8 27           STY 39,S
     97
     98  5+4   A0C0 37   16              PULU D,X
     99  5+1   A0C2 ED   E8 D7           STD -41,S
    100  5+1   A0C5 AF   E8 77           STX 119,S
    101
    102  5+4   A0C8 37   46              PULU D,S
    103  5+1   A0CA ED   E8 4F           STD 79,S
    104
    105  5+6   A0CD 37   36              PULU D,X,Y
    106  5+1   A0CF ED   E8 27           STD 39,S
    107  5+1   A0D2 AF   7F              STX -1,S
    108  6+1   A0D4 10AF E8 D7           STY -41,S
    109
    110  5+2   A0D8 37   06              PULU D
    111  5+1   A0DA ED   E8 77           STD 119,S
    112
    113  5+2   A0DD 37   06              PULU A,B
    114  4+1   A0DF A7   E8 79           STA 121,S
    115  4+1   A0E2 E7   E8 51           STB 81,S
    116
    117  5+4   A0E5 37   16              PULU A,B,X
    118  4+1   A0E7 A7   E8 29           STA 41,S
    119  4+1   A0EA E7   E8 87           STB -121,S
    120  5+1   A0ED AF   E8 AF           STX -81,S
    121
    122  5+4   A0F0 37   46              PULU D,S
    123  5+1   A0F2 ED   E8 14           STD 20,S
    124
    125  5+2   A0F5 37   06              PULU D
    126  5+1   A0F7 ED   E8 EC           STD -20,S
    127
    128  5+6   A0FA 37   56              PULU A,B,X,S
    129  4+1   A0FC A7   E8 B0           STA -80,S
    130  4+1   A0FF E7   E8 88           STB -120,S
    131  5+1   A102 AF   E8 50           STX 80,S
    132
    133  5+6   A105 37   36              PULU A,B,X,Y
    134  4+1   A107 A7   E8 D8           STA -40,S
    135  4+0   A10A E7   E4              STB ,S
    136  5+1   A10C AF   E8 78           STX 120,S
    137  6+1   A10F 10AF E8 28           STY 40,S
    138
    139  5+4   A113 37   46              PULU D,S
    140  5+0   A115 ED   E4              STD ,S
    141
    142  5+4   A117 37   16              PULU D,X
    143  5+1   A119 ED   E8 AF           STD -81,S
    144  5+1   A11C AF   E8 87           STX -121,S
    145
    146  5+2   A11F 37   06              PULU A,B
    147  4+1   A121 A7   E8 79           STA 121,S
    148  4+1   A124 E7   E8 29           STB 41,S
    149
    150  5+5   A127 37   32              PULU A,X,Y
    151  4+1   A129 A7   E8 77           STA 119,S
    152  5+1   A12C AF   E8 50           STX 80,S
    153  6+1   A12F 10AF E8 27           STY 39,S
    154
    155  5+4   A133 37   16              PULU A,B,X
    156  4+1   A135 A7   E8 B1           STA -79,S
    157  4+1   A138 E7   E8 89           STB -119,S
    158  5+1   A13B AF   E8 D8           STX -40,S
    159
    160  5+5   A13E 37   52              PULU A,X,S
    161  5+3   A140 34   12              PSHS A,X
    162
    163  5+2   A142 37   06              PULU D
    164  5+1   A144 ED   E8 78           STD 120,S
    165
    166  5+5   A147 37   32              PULU A,X,Y
    167  4+1   A149 A7   E8 7A           STA 122,S
    168  5+1   A14C AF   E8 29           STX 41,S
    169  6+1   A14F 10AF E8 51           STY 81,S
    170
    171  5+5   A153 37   52              PULU A,X,S
    172  5+3   A155 34   12              PSHS A,X
    173
    174  5+5   A157 37   52              PULU A,X,S
    175  5+3   A159 34   12              PSHS A,X
    176
    177  5+6   A15B 37   36              PULU A,B,X,Y
    178  4+1   A15D A7   E8 B2           STA -78,S
    179  4+1   A160 E7   E8 DA           STB -38,S
    180  5+1   A163 AF   E8 D8           STX -40,S
    181  6+1   A166 10AF E8 B0           STY -80,S
    182
    183  5+5   A16A 37   52              PULU A,X,S
    184  5+3   A16C 34   12              PSHS A,X
    185
    186  5+2   A16E 37   06              PULU D
    187  5+1   A170 ED   E8 28           STD 40,S
    188
    189  5+5   A173 37   32              PULU A,X,Y
    190  4+1   A175 A7   E8 2A           STA 42,S
    191  5+1   A178 AF   E8 51           STX 81,S
    192  6+1   A17B 10AF E8 79           STY 121,S
    193
    194  5+6   A17F 37   56              PULU A,B,X,S
    195  5+3   A181 34   14              PSHS B,X
    196  4+1   A183 A7   E8 DA           STA -38,S
    197
    198  5+6   A186 37   36              PULU D,X,Y
    199  5+1   A188 ED   E8 D8           STD -40,S
    200  5+1   A18B AF   E8 89           STX -119,S
    201  6+1   A18E 10AF E8 B1           STY -79,S
    202
    203  5+4   A192 37   46              PULU A,B,S
    204  4+1   A194 A7   E8 D8           STA -40,S
    205  4+0   A197 E7   E4              STB ,S
    206
    207  5+4   A199 37   16              PULU D,X
    208  5+1   A19B ED   E8 50           STD 80,S
    209  5+1   A19E AF   E8 28           STX 40,S
    210
    211  5+1   A1A1 37   02              PULU A
    212  4+1   A1A3 A7   E8 B0           STA -80,S
    213
    214        A1A6               ERASE_SSAV_Img_Sonic_075
    215  4     A1A6 10CE 0000            LDS #$0000
    216  5     A1AA 39                   RTS
    217

000000 Total Errors

000003 Total Symbols
     0x          Label A005 ERASE_CODE_Img_Sonic_075_1
     0x          Label A000 ERASE_Img_Sonic_075
     1x          Label A1A6 ERASE_SSAV_Img_Sonic_075

