/*--------------------------------------------------------------*
 * Compilé avec C6809 v0.83                                     *
 *--------------------------------------------------------------*
 * Fichier source      : ./Sonic2/GeneratedCode/Img_Sonic_025_BckDraw.ASM
 * Fichier destination : ./Sonic2/GeneratedCode/Img_Sonic_025_BckDraw.BIN
 * Contenu :
 *     Main     0:IMGD.ASM     7898
 *--------------------------------------------------------------*/

Macro Pass
Pass1
Pass2
      2        A000                      ORG $A000
      3                  FF              SETDP $FF
      4        A000               BCKDRAW_Img_Sonic_025
      5  6+5   A000 10EF 8D 05FF         STS SSAV_Img_Sonic_025+2,PCR
      6
      7  5+5   A005 ED   8D 02FB         STD DYN_POS+2,PCR
      8  6+0   A009 10EE A4              LDS ,Y
      9  4+4   A00C 32   E9 02BE         LEAS 702,S
     10
     11  5+1   A010 EC   E8 14           LDD 20,S
     12  5+2   A013 36   06              PSHU D
     13  2     A015 86   CC              LDA #$cc
     14  2     A017 C4   0F              ANDB #$0F
     15  2     A019 CA   B0              ORB #$b0
     16  5+1   A01B ED   E8 14           STD 20,S
     17  4+1   A01E A6   E8 EC           LDA -20,S
     18  5+3   A021 36   42              PSHU S,A
     19  2     A023 86   BB              LDA #$bb
     20  4+1   A025 A7   E8 EC           STA -20,S
     21  4+4   A028 32   E9 00B3         LEAS 179,S
     22
     23  5+1   A02C EC   E8 89           LDD -119,S
     24  5+2   A02F 36   06              PSHU D
     25  2     A031 86   CD              LDA #$cd
     26  2     A033 C4   0F              ANDB #$0F
     27  2     A035 CA   C0              ORB #$c0
     28  5+1   A037 ED   E8 89           STD -119,S
     29  4+1   A03A A6   E8 B2           LDA -78,S
     30  5+1   A03D 36   02              PSHU A
     31  5+1   A03F EC   E8 B0           LDD -80,S
     32  5+2   A042 36   06              PSHU D
     33  2     A044 84   F0              ANDA #$F0
     34  2     A046 8A   0B              ORA #$0b
     35  2     A048 C6   DD              LDB #$dd
     36  5+1   A04A ED   E8 B0           STD -80,S
     37  5+1   A04D EC   E8 D8           LDD -40,S
     38  5+2   A050 36   06              PSHU D
     39  2     A052 84   F0              ANDA #$F0
     40  2     A054 8A   0C              ORA #$0c
     41  2     A056 C6   BD              LDB #$bd
     42  5+1   A058 ED   E8 D8           STD -40,S
     43  4+1   A05B A6   E8 DA           LDA -38,S
     44  4+1   A05E E6   64              LDB 4,S
     45  5+2   A060 36   06              PSHU B,A
     46  2     A062 C4   F0              ANDB #$F0
     47  2     A064 CA   04              ORB #$04
     48  4+1   A066 E7   64              STB 4,S
     49  2     A068 86   C4              LDA #$c4
     50  4+1   A06A A7   E8 B2           STA -78,S
     51  4+1   A06D A7   E8 DA           STA -38,S
     52  5+4   A070 35   30              PULS X,Y
     53  5+6   A072 36   70              PSHU S,Y,X
     54  3     A074 CC   BBCD            LDD #$bbcd
     55  3     A077 8E   4022            LDX #$4022
     56  5+4   A07A 34   16              PSHS D,X
     57  4+1   A07C 32   E8 28           LEAS 40,S
     58
     59  5+5   A07F 35   32              PULS A,X,Y
     60  5+7   A081 36   72              PSHU S,Y,X,A
     61  2     A083 86   BB              LDA #$bb
     62  3     A085 8E   CD40            LDX #$cd40
     63  4     A088 108E 1354            LDY #$1354
     64  5+5   A08C 34   32              PSHS A,X,Y
     65  4+1   A08E 32   E8 28           LEAS 40,S
     66
     67  5+5   A091 35   32              PULS A,X,Y
     68  5+7   A093 36   72              PSHU S,Y,X,A
     69  2     A095 86   BB              LDA #$bb
     70  3     A097 8E   CD40            LDX #$cd40
     71  4     A09A 108E 1154            LDY #$1154
     72  5+5   A09E 34   32              PSHS A,X,Y
     73  4+1   A0A0 32   E8 28           LEAS 40,S
     74
     75  5+5   A0A3 35   32              PULS A,X,Y
     76  5+7   A0A5 36   72              PSHU S,Y,X,A
     77  2     A0A7 86   BE              LDA #$be
     78  3     A0A9 8E   DD07            LDX #$dd07
     79  4     A0AC 108E 1154            LDY #$1154
     80  5+5   A0B0 34   32              PSHS A,X,Y
     81  4+1   A0B2 32   E8 28           LEAS 40,S
     82
     83  5+1   A0B5 EC   E8 28           LDD 40,S
     84  5+2   A0B8 36   06              PSHU D
     85  2     A0BA 84   0F              ANDA #$0F
     86  2     A0BC 8A   E0              ORA #$e0
     87  2     A0BE C6   2D              LDB #$2d
     88  5+1   A0C0 ED   E8 28           STD 40,S
     89  5+5   A0C3 35   32              PULS A,X,Y
     90  5+7   A0C5 36   72              PSHU S,Y,X,A
     91  2     A0C7 86   EE              LDA #$ee
     92  3     A0C9 8E   DC07            LDX #$dc07
     93  4     A0CC 108E 2254            LDY #$2254
     94  5+5   A0D0 34   32              PSHS A,X,Y
     95  4+1   A0D2 32   E8 2A           LEAS 42,S
     96
     97  5+3   A0D5 35   12              PULS A,X
     98  5+5   A0D7 36   52              PSHU S,X,A
     99  2     A0D9 86   07              LDA #$07
    100  3     A0DB 8E   3344            LDX #$3344
    101  5+3   A0DE 34   12              PSHS A,X
    102  4+1   A0E0 32   E8 27           LEAS 39,S
    103
    104  4+1   A0E3 A6   E8 7B           LDA 123,S
    105  4+1   A0E6 E6   E8 51           LDB 81,S
    106  5+2   A0E9 36   06              PSHU B,A
    107  5+1   A0EB EC   E8 27           LDD 39,S
    108  5+2   A0EE 36   06              PSHU D
    109  2     A0F0 84   F0              ANDA #$F0
    110  2     A0F2 8A   0E              ORA #$0e
    111  2     A0F4 C6   BB              LDB #$bb
    112  5+1   A0F6 ED   E8 27           STD 39,S
    113  5+1   A0F9 EC   E8 4F           LDD 79,S
    114  5+2   A0FC 36   06              PSHU D
    115  2     A0FE 84   F0              ANDA #$F0
    116  2     A100 8A   0E              ORA #$0e
    117  2     A102 C6   EE              LDB #$ee
    118  5+1   A104 ED   E8 4F           STD 79,S
    119  5+1   A107 EC   E8 77           LDD 119,S
    120  5+2   A10A 36   06              PSHU D
    121  2     A10C 84   F0              ANDA #$F0
    122  2     A10E 8A   0E              ORA #$0e
    123  2     A110 C6   EE              LDB #$ee
    124  5+1   A112 ED   E8 77           STD 119,S
    125  5+1   A115 EC   E8 29           LDD 41,S
    126  5+2   A118 36   06              PSHU D
    127  2     A11A 86   77              LDA #$77
    128  2     A11C C4   0F              ANDB #$0F
    129  2     A11E CA   30              ORB #$30
    130  5+1   A120 ED   E8 29           STD 41,S
    131  4+1   A123 A6   E8 53           LDA 83,S
    132  4+1   A126 E6   E8 79           LDB 121,S
    133  5+2   A129 36   06              PSHU B,A
    134  2     A12B 86   64              LDA #$64
    135  4+1   A12D A7   E8 7B           STA 123,S
    136  4+1   A130 A6   E8 2B           LDA 43,S
    137  5+1   A133 36   02              PSHU A
    138  2     A135 86   78              LDA #$78
    139  4+1   A137 A7   E8 51           STA 81,S
    140  2     A13A 86   44              LDA #$44
    141  4+1   A13C A7   E8 2B           STA 43,S
    142  4+1   A13F A7   E8 53           STA 83,S
    143  2     A142 86   84              LDA #$84
    144  4+1   A144 A7   E8 79           STA 121,S
    145  5+4   A147 35   30              PULS X,Y
    146  5+6   A149 36   70              PSHU S,Y,X
    147  3     A14B CC   DC77            LDD #$dc77
    148  3     A14E 8E   2344            LDX #$2344
    149  5+4   A151 34   16              PSHS D,X
    150  4+4   A153 32   E9 00A1         LEAS 161,S
    151
    152  5+1   A157 EC   7E              LDD -2,S
    153  5+2   A159 36   06              PSHU D
    154  2     A15B 84   F0              ANDA #$F0
    155  2     A15D 8A   0E              ORA #$0e
    156  2     A15F C6   EE              LDB #$ee
    157  5+1   A161 ED   7E              STD -2,S
    158  5+1   A163 EC   E8 26           LDD 38,S
    159  5+2   A166 36   06              PSHU D
    160  2     A168 84   F0              ANDA #$F0
    161  2     A16A 8A   0E              ORA #$0e
    162  2     A16C C6   EE              LDB #$ee
    163  5+1   A16E ED   E8 26           STD 38,S
    164  5+3   A171 35   12              PULS A,X
    165  5+5   A173 36   52              PSHU S,X,A
    166  2     A175 86   48              LDA #$48
    167  3     A177 8E   DC64            LDX #$dc64
    168  5+3   A17A 34   12              PSHS A,X
    169  4+1   A17C 32   E8 28           LEAS 40,S
    170
    171  5+1   A17F EC   E8 26           LDD 38,S
    172  5+2   A182 36   06              PSHU D
    173  2     A184 84   F0              ANDA #$F0
    174  2     A186 8A   0E              ORA #$0e
    175  2     A188 C6   BE              LDB #$be
    176  5+1   A18A ED   E8 26           STD 38,S
    177  5+3   A18D 35   12              PULS A,X
    178  5+5   A18F 36   52              PSHU S,X,A
    179  2     A191 86   48              LDA #$48
    180  3     A193 8E   CE64            LDX #$ce64
    181  5+3   A196 34   12              PSHS A,X
    182  4+1   A198 32   E8 28           LEAS 40,S
    183
    184  4+1   A19B A6   E8 2A           LDA 42,S
    185  4+1   A19E E6   E8 52           LDB 82,S
    186  5+1   A1A1 AE   E8 77           LDX 119,S
    187  5+4   A1A4 36   16              PSHU X,B,A
    188  5+1   A1A6 EC   E8 26           LDD 38,S
    189  5+2   A1A9 36   06              PSHU D
    190  2     A1AB 84   F0              ANDA #$F0
    191  2     A1AD 8A   0E              ORA #$0e
    192  2     A1AF C6   B8              LDB #$b8
    193  5+1   A1B1 ED   E8 26           STD 38,S
    194  5+1   A1B4 EC   E8 4E           LDD 78,S
    195  5+2   A1B7 36   06              PSHU D
    196  2     A1B9 84   F0              ANDA #$F0
    197  2     A1BB 8A   0E              ORA #$0e
    198  2     A1BD C6   E7              LDB #$e7
    199  5+1   A1BF ED   E8 4E           STD 78,S
    200  2     A1C2 86   64              LDA #$64
    201  4+1   A1C4 A7   E8 2A           STA 42,S
    202  4+1   A1C7 A7   E8 52           STA 82,S
    203  4+1   A1CA A6   E8 50           LDA 80,S
    204  4+1   A1CD E6   E8 7A           LDB 122,S
    205  5+2   A1D0 36   06              PSHU B,A
    206  2     A1D2 C4   0F              ANDB #$0F
    207  2     A1D4 CA   40              ORB #$40
    208  4+1   A1D6 E7   E8 7A           STB 122,S
    209  2     A1D9 86   C8              LDA #$c8
    210  4+1   A1DB A7   E8 50           STA 80,S
    211  3     A1DE CC   78ED            LDD #$78ed
    212  5+1   A1E1 ED   E8 77           STD 119,S
    213  5+1   A1E4 EC   E8 28           LDD 40,S
    214  5+2   A1E7 36   06              PSHU D
    215  2     A1E9 86   C7              LDA #$c7
    216  2     A1EB C4   F0              ANDB #$F0
    217  2     A1ED CA   02              ORB #$02
    218  5+1   A1EF ED   E8 28           STD 40,S
    219  5+3   A1F2 35   12              PULS A,X
    220  5+5   A1F4 36   52              PSHU S,X,A
    221  2     A1F6 86   C7              LDA #$c7
    222  3     A1F8 8E   E264            LDX #$e264
    223  5+3   A1FB 34   12              PSHS A,X
    224  4+4   A1FD 32   E9 0117         LEAS 279,S
    225
    226  5+1   A201 AE   E8 88           LDX -120,S
    227  5+2   A204 36   10              PSHU X
    228  3     A206 CC   8EEC            LDD #$8eec
    229  5+1   A209 ED   E8 88           STD -120,S
    230  5+1   A20C EC   E8 B0           LDD -80,S
    231  5+2   A20F 36   06              PSHU D
    232  2     A211 84   0F              ANDA #$0F
    233  2     A213 8A   80              ORA #$80
    234  2     A215 C6   4E              LDB #$4e
    235  5+1   A217 ED   E8 B0           STD -80,S
    236  5+1   A21A EC   E8 D8           LDD -40,S
    237  5+2   A21D 36   06              PSHU D
    238  2     A21F 84   0F              ANDA #$0F
    239  2     A221 8A   30              ORA #$30
    240  2     A223 C6   44              LDB #$44
    241  5+1   A225 ED   E8 D8           STD -40,S
    242  5+1   A228 EC   E8 78           LDD 120,S
    243  5+2   A22B 36   06              PSHU D
    244  2     A22D 84   0F              ANDA #$0F
    245  2     A22F 8A   10              ORA #$10
    246  2     A231 C6   4E              LDB #$4e
    247  5+1   A233 ED   E8 78           STD 120,S
    248  5+0   A236 EC   E4              LDD ,S
    249  5+2   A238 36   06              PSHU D
    250  2     A23A 84   0F              ANDA #$0F
    251  2     A23C C4   F0              ANDB #$F0
    252  4     A23E C3   3004            ADDD #$3004
    253  5+0   A241 ED   E4              STD ,S
    254  5+1   A243 EC   E8 28           LDD 40,S
    255  5+2   A246 36   06              PSHU D
    256  2     A248 84   0F              ANDA #$0F
    257  2     A24A C4   F0              ANDB #$F0
    258  4     A24C C3   200E            ADDD #$200e
    259  5+1   A24F ED   E8 28           STD 40,S
    260  5+1   A252 EC   E8 50           LDD 80,S
    261  5+4   A255 36   46              PSHU S,D
    262  2     A257 84   0F              ANDA #$0F
    263  2     A259 C4   F0              ANDB #$F0
    264  4     A25B C3   200E            ADDD #$200e
    265  5+1   A25E ED   E8 50           STD 80,S
    266  4+4   A261 32   E9 0119         LEAS 281,S
    267
    268  5+1   A265 EC   E8 87           LDD -121,S
    269  5+2   A268 36   06              PSHU D
    270  2     A26A 84   0F              ANDA #$0F
    271  2     A26C C4   0F              ANDB #$0F
    272  4     A26E C3   2040            ADDD #$2040
    273  5+1   A271 ED   E8 87           STD -121,S
    274  4+0   A274 A6   E4              LDA ,S
    275  4+1   A276 E6   E8 28           LDB 40,S
    276  5+2   A279 36   06              PSHU B,A
    277  5+1   A27B EC   E8 AF           LDD -81,S
    278  5+2   A27E 36   06              PSHU D
    279  2     A280 84   0F              ANDA #$0F
    280  2     A282 8A   20              ORA #$20
    281  2     A284 C6   41              LDB #$41
    282  5+1   A286 ED   E8 AF           STD -81,S
    283  5+1   A289 EC   E8 D7           LDD -41,S
    284  5+2   A28C 36   06              PSHU D
    285  2     A28E 84   0F              ANDA #$0F
    286  2     A290 8A   30              ORA #$30
    287  2     A292 C6   40              LDB #$40
    288  5+1   A294 ED   E8 D7           STD -41,S
    289  2     A297 86   16              LDA #$16
    290  4+1   A299 A7   E8 28           STA 40,S
    291  4+1   A29C A6   E8 50           LDA 80,S
    292  4+1   A29F E6   E8 78           LDB 120,S
    293  5+4   A2A2 36   46              PSHU S,B,A
    294  2     A2A4 86   10              LDA #$10
    295  4+0   A2A6 A7   E4              STA ,S
    296  4+1   A2A8 A7   E8 78           STA 120,S
    297  2     A2AB 86   55              LDA #$55
    298  4+1   A2AD A7   E8 50           STA 80,S
    299  4+4   A2B0 32   E9 0118         LEAS 280,S
    300
    301  4+1   A2B4 A6   E8 50           LDA 80,S
    302  4+1   A2B7 E6   E8 B0           LDB -80,S
    303  5+2   A2BA 36   06              PSHU B,A
    304  4+1   A2BC A6   E8 28           LDA 40,S
    305  4+0   A2BF E6   E4              LDB ,S
    306  5+2   A2C1 36   06              PSHU B,A
    307  4+1   A2C3 A6   E8 88           LDA -120,S
    308  4+1   A2C6 E6   E8 78           LDB 120,S
    309  5+2   A2C9 36   06              PSHU B,A
    310  2     A2CB 86   66              LDA #$66
    311  4+1   A2CD A7   E8 28           STA 40,S
    312  4+1   A2D0 A7   E8 50           STA 80,S
    313  4+1   A2D3 A7   E8 78           STA 120,S
    314  4+1   A2D6 A6   E8 D8           LDA -40,S
    315  5+3   A2D9 36   42              PSHU S,A
    316  2     A2DB 86   10              LDA #$10
    317  4+1   A2DD A7   E8 88           STA -120,S
    318  2     A2E0 86   56              LDA #$56
    319  4+1   A2E2 A7   E8 B0           STA -80,S
    320  4+1   A2E5 A7   E8 D8           STA -40,S
    321  4+0   A2E8 A7   E4              STA ,S
    322  4+4   A2EA 32   E9 00B4         LEAS 180,S
    323
    324  4+1   A2EE A6   E8 EC           LDA -20,S
    325  4+1   A2F1 E6   E8 14           LDB 20,S
    326  5+4   A2F4 36   46              PSHU S,B,A
    327  2     A2F6 C4   0F              ANDB #$0F
    328  2     A2F8 CA   40              ORB #$40
    329  4+1   A2FA E7   E8 14           STB 20,S
    330  2     A2FD 86   66              LDA #$66
    331  4+1   A2FF A7   E8 EC           STA -20,S
    332        A302               DYN_POS
    333
    334  4     A302 10CE 0000            LDS #$0000
    335  4+4   A306 32   E9 02D3         LEAS 723,S
    336
    337  4+1   A30A A6   E8 D8           LDA -40,S
    338  5+1   A30D AE   E8 27           LDX 39,S
    339  6+1   A310 10AE E8 4F           LDY 79,S
    340  5+5   A314 36   32              PSHU Y,X,A
    341  5+1   A316 EC   7F              LDD -1,S
    342  5+2   A318 36   06              PSHU D
    343  2     A31A 84   F0              ANDA #$F0
    344  2     A31C 8A   0B              ORA #$0b
    345  2     A31E C6   CC              LDB #$cc
    346  5+1   A320 ED   7F              STD -1,S
    347  5+1   A322 AE   E8 77           LDX 119,S
    348  5+2   A325 36   10              PSHU X
    349  3     A327 CC   CCDD            LDD #$ccdd
    350  5+1   A32A ED   E8 4F           STD 79,S
    351  4+1   A32D A6   E8 88           LDA -120,S
    352  5+1   A330 36   02              PSHU A
    353  2     A332 84   0F              ANDA #$0F
    354  2     A334 8A   E0              ORA #$e0
    355  4+1   A336 A7   E8 88           STA -120,S
    356  4+1   A339 A6   E8 B0           LDA -80,S
    357  5+3   A33C 36   42              PSHU S,A
    358  2     A33E 84   0F              ANDA #$0F
    359  2     A340 8A   E0              ORA #$e0
    360  4+1   A342 A7   E8 B0           STA -80,S
    361  3     A345 CC   BCDC            LDD #$bcdc
    362  5+1   A348 ED   E8 27           STD 39,S
    363  3     A34B CC   ECBB            LDD #$ecbb
    364  5+1   A34E ED   E8 77           STD 119,S
    365  4+1   A351 E7   E8 D8           STB -40,S
    366  4+4   A354 32   E9 0105         LEAS 261,S
    367
    368  5+1   A358 AE   E8 9A           LDX -102,S
    369  6+1   A35B 10AE E8 EA           LDY -22,S
    370  5+4   A35F 36   30              PSHU Y,X
    371  5+1   A361 EC   E8 C2           LDD -62,S
    372  5+2   A364 36   06              PSHU D
    373  5+1   A366 EC   E8 13           LDD 19,S
    374  5+2   A369 36   06              PSHU D
    375  2     A36B 86   00              LDA #$00
    376  2     A36D C4   0F              ANDB #$0F
    377  2     A36F CA   70              ORB #$70
    378  5+1   A371 ED   E8 13           STD 19,S
    379  5+1   A374 EC   E8 3B           LDD 59,S
    380  5+2   A377 36   06              PSHU D
    381  2     A379 86   D0              LDA #$d0
    382  2     A37B C4   0F              ANDB #$0F
    383  2     A37D CA   80              ORB #$80
    384  5+1   A37F ED   E8 3B           STD 59,S
    385  5+1   A382 EC   E8 63           LDD 99,S
    386  5+2   A385 36   06              PSHU D
    387  2     A387 86   DD              LDA #$dd
    388  2     A389 C4   0F              ANDB #$0F
    389  2     A38B CA   60              ORB #$60
    390  5+1   A38D ED   E8 63           STD 99,S
    391  5+1   A390 EC   E8 11           LDD 17,S
    392  5+2   A393 36   06              PSHU D
    393  2     A395 84   F0              ANDA #$F0
    394  2     A397 8A   0B              ORA #$0b
    395  2     A399 C6   B8              LDB #$b8
    396  5+1   A39B ED   E8 11           STD 17,S
    397  5+1   A39E EC   E8 39           LDD 57,S
    398  5+2   A3A1 36   06              PSHU D
    399  2     A3A3 84   F0              ANDA #$F0
    400  2     A3A5 8A   0B              ORA #$0b
    401  2     A3A7 C6   BB              LDB #$bb
    402  5+1   A3A9 ED   E8 39           STD 57,S
    403  5+1   A3AC EC   E8 61           LDD 97,S
    404  5+2   A3AF 36   06              PSHU D
    405  2     A3B1 84   F0              ANDA #$F0
    406  2     A3B3 8A   0E              ORA #$0e
    407  2     A3B5 C6   BB              LDB #$bb
    408  5+1   A3B7 ED   E8 61           STD 97,S
    409  3     A3BA CC   E800            LDD #$e800
    410  5+1   A3BD ED   E8 EA           STD -22,S
    411  2     A3C0 86   E7              LDA #$e7
    412  5+1   A3C2 ED   E8 C2           STD -62,S
    413  2     A3C5 C6   14              LDB #$14
    414  5+1   A3C7 ED   E8 9A           STD -102,S
    415  5+1   A3CA EC   E8 C4           LDD -60,S
    416  5+2   A3CD 36   06              PSHU D
    417  2     A3CF 84   0F              ANDA #$0F
    418  2     A3D1 C4   0F              ANDB #$0F
    419  4     A3D3 C3   4030            ADDD #$4030
    420  5+1   A3D6 ED   E8 C4           STD -60,S
    421  5+1   A3D9 EC   E8 EC           LDD -20,S
    422  5+2   A3DC 36   06              PSHU D
    423  2     A3DE 84   0F              ANDA #$0F
    424  2     A3E0 C4   0F              ANDB #$0F
    425  4     A3E2 C3   4030            ADDD #$4030
    426  5+1   A3E5 ED   E8 EC           STD -20,S
    427  4+1   A3E8 A6   E8 9C           LDA -100,S
    428  5+1   A3EB 36   02              PSHU A
    429  2     A3ED 84   0F              ANDA #$0F
    430  2     A3EF 8A   30              ORA #$30
    431  4+1   A3F1 A7   E8 9C           STA -100,S
    432  4+1   A3F4 A6   E8 15           LDA 21,S
    433  5+1   A3F7 36   02              PSHU A
    434  2     A3F9 84   0F              ANDA #$0F
    435  2     A3FB 8A   30              ORA #$30
    436  4+1   A3FD A7   E8 15           STA 21,S
    437  4+1   A400 A6   E8 3D           LDA 61,S
    438  5+1   A403 36   02              PSHU A
    439  2     A405 84   0F              ANDA #$0F
    440  2     A407 8A   30              ORA #$30
    441  4+1   A409 A7   E8 3D           STA 61,S
    442  4+1   A40C A6   E8 65           LDA 101,S
    443  5+3   A40F 36   42              PSHU S,A
    444  2     A411 84   F0              ANDA #$F0
    445  2     A413 8A   06              ORA #$06
    446  4+1   A415 A7   E8 65           STA 101,S
    447  4+4   A418 32   E9 0102         LEAS 258,S
    448
    449  5+1   A41C AE   E8 50           LDX 80,S
    450  6+1   A41F 10AE E8 7A           LDY 122,S
    451  5+4   A423 36   30              PSHU Y,X
    452  5+1   A425 EC   E8 28           LDD 40,S
    453  5+1   A428 AE   E8 B0           LDX -80,S
    454  6+1   A42B 10AE E8 D8           LDY -40,S
    455  5+6   A42F 36   36              PSHU Y,X,D
    456  3     A431 CC   EEEE            LDD #$eeee
    457  5+1   A434 ED   E8 28           STD 40,S
    458  5+1   A437 ED   E8 50           STD 80,S
    459  3     A43A CC   BEE7            LDD #$bee7
    460  5+1   A43D ED   E8 D8           STD -40,S
    461  2     A440 C6   B7              LDB #$b7
    462  5+1   A442 ED   E8 B0           STD -80,S
    463  5+1   A445 EC   E8 DA           LDD -38,S
    464  5+2   A448 36   06              PSHU D
    465  2     A44A 84   F0              ANDA #$F0
    466  2     A44C C4   F0              ANDB #$F0
    467  4     A44E C3   0800            ADDD #$0800
    468  5+1   A451 ED   E8 DA           STD -38,S
    469  5+1   A454 EC   E8 87           LDD -121,S
    470  5+2   A457 36   06              PSHU D
    471  2     A459 84   F0              ANDA #$F0
    472  2     A45B 8A   0E              ORA #$0e
    473  2     A45D C6   BB              LDB #$bb
    474  5+1   A45F ED   E8 87           STD -121,S
    475  5+1   A462 EC   E8 2A           LDD 42,S
    476  5+2   A465 36   06              PSHU D
    477  2     A467 84   0F              ANDA #$0F
    478  2     A469 8A   60              ORA #$60
    479  2     A46B C6   02              LDB #$02
    480  5+1   A46D ED   E8 2A           STD 42,S
    481  5+1   A470 EC   E8 52           LDD 82,S
    482  5+2   A473 36   06              PSHU D
    483  2     A475 84   0F              ANDA #$0F
    484  2     A477 8A   60              ORA #$60
    485  2     A479 C6   05              LDB #$05
    486  5+1   A47B ED   E8 52           STD 82,S
    487  5+1   A47E EC   E8 78           LDD 120,S
    488  5+2   A481 36   06              PSHU D
    489  2     A483 84   0F              ANDA #$0F
    490  2     A485 8A   E0              ORA #$e0
    491  2     A487 C6   8E              LDB #$8e
    492  5+1   A489 ED   E8 78           STD 120,S
    493  5+1   A48C EC   E8 89           LDD -119,S
    494  5+2   A48F 36   06              PSHU D
    495  2     A491 86   B0              LDA #$b0
    496  2     A493 C4   0F              ANDB #$0F
    497  2     A495 CA   60              ORB #$60
    498  5+1   A497 ED   E8 89           STD -119,S
    499  4+1   A49A A6   E8 8B           LDA -117,S
    500  5+1   A49D 36   02              PSHU A
    501  2     A49F 84   F0              ANDA #$F0
    502  2     A4A1 8A   05              ORA #$05
    503  4+1   A4A3 A7   E8 8B           STA -117,S
    504  4+1   A4A6 A6   E8 B3           LDA -77,S
    505  5+1   A4A9 36   02              PSHU A
    506  2     A4AB 84   F0              ANDA #$F0
    507  2     A4AD 8A   05              ORA #$05
    508  4+1   A4AF A7   E8 B3           STA -77,S
    509  4+1   A4B2 A6   63              LDA 3,S
    510  5+1   A4B4 36   02              PSHU A
    511  2     A4B6 84   F0              ANDA #$F0
    512  2     A4B8 8A   00              ORA #$00
    513  4+1   A4BA A7   63              STA 3,S
    514  3     A4BC CC   7D65            LDD #$7d65
    515  5+1   A4BF ED   E8 7A           STD 122,S
    516  5+3   A4C2 35   12              PULS A,X
    517  5+5   A4C4 36   52              PSHU S,X,A
    518  2     A4C6 86   BE              LDA #$be
    519  3     A4C8 8E   E886            LDX #$e886
    520  5+3   A4CB 34   12              PSHS A,X
    521  4+4   A4CD 32   E9 00A1         LEAS 161,S
    522
    523  5+3   A4D1 35   12              PULS A,X
    524  5+5   A4D3 36   52              PSHU S,X,A
    525  2     A4D5 86   76              LDA #$76
    526  3     A4D7 8E   8C65            LDX #$8c65
    527  5+3   A4DA 34   12              PSHS A,X
    528  4+1   A4DC 32   E8 28           LEAS 40,S
    529
    530  5+1   A4DF AE   E8 28           LDX 40,S
    531  5+2   A4E2 36   10              PSHU X
    532  3     A4E4 CC   EEC4            LDD #$eec4
    533  5+1   A4E7 ED   E8 28           STD 40,S
    534  5+1   A4EA EC   E8 50           LDD 80,S
    535  5+2   A4ED 36   06              PSHU D
    536  2     A4EF 86   BE              LDA #$be
    537  2     A4F1 C4   0F              ANDB #$0F
    538  2     A4F3 CA   E0              ORB #$e0
    539  5+1   A4F5 ED   E8 50           STD 80,S
    540  4+1   A4F8 A6   E8 2A           LDA 42,S
    541  5+1   A4FB 36   02              PSHU A
    542  2     A4FD 84   F0              ANDA #$F0
    543  2     A4FF 8A   04              ORA #$04
    544  4+1   A501 A7   E8 2A           STA 42,S
    545  4+1   A504 A6   E8 79           LDA 121,S
    546  5+1   A507 36   02              PSHU A
    547  2     A509 84   0F              ANDA #$0F
    548  2     A50B 8A   40              ORA #$40
    549  4+1   A50D A7   E8 79           STA 121,S
    550  5+1   A510 EC   E8 77           LDD 119,S
    551  5+2   A513 36   06              PSHU D
    552  2     A515 84   F0              ANDA #$F0
    553  2     A517 C4   F0              ANDB #$F0
    554  4     A519 C3   080E            ADDD #$080e
    555  5+1   A51C ED   E8 77           STD 119,S
    556  5+3   A51F 35   12              PULS A,X
    557  5+5   A521 36   52              PSHU S,X,A
    558  2     A523 86   86              LDA #$86
    559  3     A525 8E   DE25            LDX #$de25
    560  5+3   A528 34   12              PSHS A,X
    561  4+4   A52A 32   E9 0117         LEAS 279,S
    562
    563  5+1   A52E EC   E8 88           LDD -120,S
    564  5+2   A531 36   06              PSHU D
    565  2     A533 84   F0              ANDA #$F0
    566  2     A535 C4   F0              ANDB #$F0
    567  4     A537 C3   020E            ADDD #$020e
    568  5+1   A53A ED   E8 88           STD -120,S
    569  4+0   A53D A6   E4              LDA ,S
    570  4+1   A53F E6   E8 28           LDB 40,S
    571  5+2   A542 36   06              PSHU B,A
    572  5+1   A544 EC   E8 B0           LDD -80,S
    573  5+2   A547 36   06              PSHU D
    574  2     A549 86   10              LDA #$10
    575  2     A54B C4   F0              ANDB #$F0
    576  2     A54D CA   0E              ORB #$0e
    577  5+1   A54F ED   E8 B0           STD -80,S
    578  5+1   A552 EC   E8 D8           LDD -40,S
    579  5+2   A555 36   06              PSHU D
    580  2     A557 86   00              LDA #$00
    581  2     A559 C4   F0              ANDB #$F0
    582  2     A55B CA   0E              ORB #$0e
    583  5+1   A55D ED   E8 D8           STD -40,S
    584  4+1   A560 A6   E8 50           LDA 80,S
    585  4+1   A563 E6   E8 78           LDB 120,S
    586  5+4   A566 36   46              PSHU S,B,A
    587  2     A568 86   00              LDA #$00
    588  4+0   A56A A7   E4              STA ,S
    589  4+1   A56C A7   E8 28           STA 40,S
    590  4+1   A56F A7   E8 50           STA 80,S
    591  2     A572 86   11              LDA #$11
    592  4+1   A574 A7   E8 78           STA 120,S
    593  4+4   A577 32   E9 0119         LEAS 281,S
    594
    595  4+1   A57B A6   E8 87           LDA -121,S
    596  5+1   A57E 36   02              PSHU A
    597  2     A580 84   F0              ANDA #$F0
    598  2     A582 8A   03              ORA #$03
    599  4+1   A584 A7   E8 87           STA -121,S
    600  4+1   A587 A6   E8 B0           LDA -80,S
    601  5+1   A58A 36   02              PSHU A
    602  2     A58C 84   F0              ANDA #$F0
    603  2     A58E 8A   04              ORA #$04
    604  4+1   A590 A7   E8 B0           STA -80,S
    605  4+1   A593 A6   E8 D8           LDA -40,S
    606  5+1   A596 36   02              PSHU A
    607  2     A598 84   F0              ANDA #$F0
    608  2     A59A 8A   04              ORA #$04
    609  4+1   A59C A7   E8 D8           STA -40,S
    610  4+0   A59F A6   E4              LDA ,S
    611  5+1   A5A1 36   02              PSHU A
    612  2     A5A3 84   F0              ANDA #$F0
    613  2     A5A5 8A   06              ORA #$06
    614  4+0   A5A7 A7   E4              STA ,S
    615  4+1   A5A9 A6   E8 28           LDA 40,S
    616  5+1   A5AC 36   02              PSHU A
    617  2     A5AE 84   F0              ANDA #$F0
    618  2     A5B0 8A   06              ORA #$06
    619  4+1   A5B2 A7   E8 28           STA 40,S
    620  4+1   A5B5 A6   E8 50           LDA 80,S
    621  5+1   A5B8 36   02              PSHU A
    622  2     A5BA 84   F0              ANDA #$F0
    623  2     A5BC 8A   02              ORA #$02
    624  4+1   A5BE A7   E8 50           STA 80,S
    625  4+1   A5C1 A6   E8 78           LDA 120,S
    626  5+3   A5C4 36   42              PSHU S,A
    627  2     A5C6 84   F0              ANDA #$F0
    628  2     A5C8 8A   02              ORA #$02
    629  4+1   A5CA A7   E8 78           STA 120,S
    630  4+4   A5CD 32   E9 00DC         LEAS 220,S
    631
    632  4+1   A5D1 A6   E8 C4           LDA -60,S
    633  5+1   A5D4 36   02              PSHU A
    634  2     A5D6 84   F0              ANDA #$F0
    635  2     A5D8 8A   06              ORA #$06
    636  4+1   A5DA A7   E8 C4           STA -60,S
    637  4+1   A5DD A6   E8 EC           LDA -20,S
    638  5+1   A5E0 36   02              PSHU A
    639  2     A5E2 84   F0              ANDA #$F0
    640  2     A5E4 8A   06              ORA #$06
    641  4+1   A5E6 A7   E8 EC           STA -20,S
    642  4+1   A5E9 A6   E8 14           LDA 20,S
    643  5+1   A5EC 36   02              PSHU A
    644  2     A5EE 84   F0              ANDA #$F0
    645  2     A5F0 8A   04              ORA #$04
    646  4+1   A5F2 A7   E8 14           STA 20,S
    647  4+1   A5F5 A6   E8 3C           LDA 60,S
    648  5+3   A5F8 36   42              PSHU S,A
    649  2     A5FA 84   F0              ANDA #$F0
    650  2     A5FC 8A   04              ORA #$04
    651  4+1   A5FE A7   E8 3C           STA 60,S
    652        A601               SSAV_Img_Sonic_025
    653  4     A601 10CE 0000            LDS #$0000
    654  5     A605 39                   RTS
    655

000000 Total Errors

000003 Total Symbols
     0x          Label A000 BCKDRAW_Img_Sonic_025
     1x          Label A302 DYN_POS
     1x          Label A601 SSAV_Img_Sonic_025

