/*--------------------------------------------------------------*
 * Compilé avec C6809 v0.83                                     *
 *--------------------------------------------------------------*
 * Fichier source      : ./Sonic2/GeneratedCode/Img_Sonic_034_Erase.ASM
 * Fichier destination : ./Sonic2/GeneratedCode/Img_Sonic_034_Erase.BIN
 * Contenu :
 *     Main     0:IMGE.ASM     2678
 *--------------------------------------------------------------*/

Macro Pass
Pass1
Pass2
      2        A000                      ORG $A000
      3                  FF              SETDP $FF
      4        A000               ERASE_Img_Sonic_034
      5  6+5   A000 10EF 8D 01D8         STS ERASE_SSAV_Img_Sonic_034+2,PCR>>
      6
      7        A005               ERASE_CODE_Img_Sonic_034_1
      8  5+4   A005 37   46              PULU A,B,S
      9  4+1   A007 A7   E8 EC           STA -20,S
     10  4+1   A00A E7   E8 14           STB 20,S
     11
     12  5+4   A00D 37   46              PULU A,B,S
     13  4+1   A00F A7   E8 D8           STA -40,S
     14  4+1   A012 E7   E8 78           STB 120,S
     15
     16  5+2   A015 37   06              PULU A,B
     17  4+0   A017 A7   E4              STA ,S
     18  4+1   A019 E7   E8 28           STB 40,S
     19
     20  5+2   A01C 37   06              PULU A,B
     21  4+1   A01E A7   E8 B0           STA -80,S
     22  4+1   A021 E7   E8 88           STB -120,S
     23
     24  5+1   A024 37   02              PULU A
     25  4+1   A026 A7   E8 50           STA 80,S
     26
     27  5+4   A029 37   46              PULU D,S
     28  5+1   A02B ED   7F              STD -1,S
     29
     30  5+4   A02D 37   16              PULU D,X
     31  5+1   A02F ED   E8 AE           STD -82,S
     32  5+1   A032 AF   E8 86           STX -122,S
     33
     34  5+2   A035 37   06              PULU A,B
     35  4+1   A037 A7   E8 7A           STA 122,S
     36  4+1   A03A E7   E8 29           STB 41,S
     37
     38  5+2   A03D 37   06              PULU A,B
     39  4+1   A03F A7   61              STA 1,S
     40  4+1   A041 E7   E8 D9           STB -39,S
     41
     42  5+6   A044 37   36              PULU A,B,X,Y
     43  4+1   A046 A7   E8 B2           STA -78,S
     44  4+1   A049 E7   E8 8A           STB -118,S
     45  5+1   A04C AF   E8 88           STX -120,S
     46  6+1   A04F 10AF E8 B0           STY -80,S
     47
     48  5+6   A053 37   36              PULU D,X,Y
     49  5+1   A055 ED   E8 77           STD 119,S
     50  5+1   A058 AF   E8 4F           STX 79,S
     51  6+1   A05B 10AF E8 27           STY 39,S
     52
     53  5+3   A05F 37   12              PULU A,X
     54  4+1   A061 A7   E8 51           STA 81,S
     55  5+1   A064 AF   E8 D7           STX -41,S
     56
     57  5+5   A067 37   52              PULU A,X,S
     58  5+3   A069 34   12              PSHS A,X
     59
     60  5+6   A06B 37   36              PULU D,X,Y
     61  5+1   A06D ED   E8 79           STD 121,S
     62  5+1   A070 AF   E8 29           STX 41,S
     63  6+1   A073 10AF E8 51           STY 81,S
     64
     65  5+6   A077 37   36              PULU D,X,Y
     66  5+1   A079 ED   E8 77           STD 119,S
     67  5+1   A07C AF   E8 4F           STX 79,S
     68  6+1   A07F 10AF E8 27           STY 39,S
     69
     70  5+5   A083 37   52              PULU A,X,S
     71  5+3   A085 34   12              PSHS A,X
     72
     73  5+5   A087 37   52              PULU A,X,S
     74  5+3   A089 34   12              PSHS A,X
     75
     76  5+2   A08B 37   06              PULU D
     77  5+1   A08D ED   E8 78           STD 120,S
     78
     79  5+2   A090 37   06              PULU A,B
     80  4+1   A092 A7   E8 7A           STA 122,S
     81  4+1   A095 E7   E8 52           STB 82,S
     82
     83  5+5   A098 37   32              PULU A,X,Y
     84  4+1   A09A A7   E8 2A           STA 42,S
     85  5+1   A09D AF   E8 28           STX 40,S
     86  6+1   A0A0 10AF E8 50           STY 80,S
     87
     88  5+6   A0A4 37   56              PULU D,X,S
     89  5+4   A0A6 34   16              PSHS D,X
     90
     91  5+6   A0A8 37   56              PULU D,X,S
     92  5+4   A0AA 34   16              PSHS D,X
     93
     94  5+1   A0AC 37   02              PULU A
     95  4+1   A0AE A7   64              STA 4,S
     96
     97  5+6   A0B0 37   56              PULU D,X,S
     98  5+4   A0B2 34   16              PSHS D,X
     99
    100  5+6   A0B4 37   36              PULU D,X,Y
    101  5+1   A0B6 ED   E8 DA           STD -38,S
    102  5+1   A0B9 AF   E8 D8           STX -40,S
    103  6+1   A0BC 10AF E8 B2           STY -78,S
    104
    105  5+2   A0C0 37   06              PULU A,B
    106  4+1   A0C2 A7   64              STA 4,S
    107  4+1   A0C4 E7   E8 DC           STB -36,S
    108
    109  5+4   A0C7 37   16              PULU A,B,X
    110  4+1   A0C9 A7   E8 B4           STA -76,S
    111  4+1   A0CC E7   E8 8B           STB -117,S
    112  5+1   A0CF AF   E8 B0           STX -80,S
    113
    114  5+4   A0D2 37   46              PULU A,B,S
    115  4+0   A0D4 A7   E4              STA ,S
    116  4+1   A0D6 E7   E8 28           STB 40,S
    117
    118  5+2   A0D9 37   06              PULU A,B
    119  4+1   A0DB A7   E8 B0           STA -80,S
    120  4+1   A0DE E7   E8 D8           STB -40,S
    121
    122  5+2   A0E1 37   06              PULU A,B
    123  4+1   A0E3 A7   E8 78           STA 120,S
    124  4+1   A0E6 E7   E8 50           STB 80,S
    125
    126  5+1   A0E9 37   02              PULU A
    127  4+1   A0EB A7   E8 88           STA -120,S
    128
    129  5+4   A0EE 37   46              PULU A,B,S
    130  4+1   A0F0 A7   E8 14           STA 20,S
    131  4+1   A0F3 E7   E8 3C           STB 60,S
    132
    133  5+2   A0F6 37   06              PULU A,B
    134  4+1   A0F8 A7   E8 EC           STA -20,S
    135  4+1   A0FB E7   E8 C4           STB -60,S
    136
    137  5+4   A0FE 37   46              PULU A,B,S
    138  4+1   A100 A7   E8 D9           STA -39,S
    139  4+1   A103 E7   E8 D7           STB -41,S
    140
    141  5+6   A106 37   36              PULU D,X,Y
    142  5+1   A108 ED   E8 79           STD 121,S
    143  5+1   A10B AF   E8 51           STX 81,S
    144  6+1   A10E 10AF E8 AE           STY -82,S
    145
    146  5+2   A112 37   06              PULU D
    147  5+1   A114 ED   E8 86           STD -122,S
    148
    149  5+6   A117 37   36              PULU A,B,X,Y
    150  4+1   A119 A7   E8 29           STA 41,S
    151  4+1   A11C E7   61              STB 1,S
    152  5+1   A11E AF   E8 88           STX -120,S
    153  6+1   A121 10AF E8 B0           STY -80,S
    154
    155  5+5   A125 37   52              PULU A,X,S
    156  5+3   A127 34   12              PSHS A,X
    157
    158  5+6   A129 37   36              PULU D,X,Y
    159  5+1   A12B ED   E8 7A           STD 122,S
    160  5+1   A12E AF   E8 78           STX 120,S
    161  6+1   A131 10AF E8 2A           STY 42,S
    162
    163  5+2   A135 37   06              PULU D
    164  5+1   A137 ED   E8 52           STD 82,S
    165
    166  5+5   A13A 37   32              PULU A,X,Y
    167  4+1   A13C A7   63              STA 3,S
    168  5+1   A13E AF   E8 50           STX 80,S
    169  6+1   A141 10AF E8 28           STY 40,S
    170
    171  5+5   A145 37   52              PULU A,X,S
    172  5+3   A147 34   12              PSHS A,X
    173
    174  5+1   A149 37   02              PULU A
    175  4+1   A14B A7   63              STA 3,S
    176
    177  5+6   A14D 37   56              PULU D,X,S
    178  5+4   A14F 34   16              PSHS D,X
    179
    180  5+6   A151 37   56              PULU D,X,S
    181  5+4   A153 34   16              PSHS D,X
    182
    183  5+6   A155 37   56              PULU D,X,S
    184  5+4   A157 34   16              PSHS D,X
    185
    186  5+5   A159 37   52              PULU A,X,S
    187  5+3   A15B 34   12              PSHS A,X
    188
    189  5+1   A15D 37   02              PULU A
    190  4+1   A15F A7   63              STA 3,S
    191
    192  5+5   A161 37   52              PULU A,X,S
    193  5+3   A163 34   12              PSHS A,X
    194
    195  5+1   A165 37   02              PULU A
    196  4+1   A167 A7   63              STA 3,S
    197
    198  5+5   A169 37   52              PULU A,X,S
    199  5+3   A16B 34   12              PSHS A,X
    200
    201  5+1   A16D 37   02              PULU A
    202  4+1   A16F A7   63              STA 3,S
    203
    204  5+5   A171 37   52              PULU A,X,S
    205  5+3   A173 34   12              PSHS A,X
    206
    207  5+1   A175 37   02              PULU A
    208  4+1   A177 A7   63              STA 3,S
    209
    210  5+5   A179 37   52              PULU A,X,S
    211  5+3   A17B 34   12              PSHS A,X
    212
    213  5+6   A17D 37   36              PULU D,X,Y
    214  5+1   A17F ED   E8 8A           STD -118,S
    215  5+1   A182 AF   E8 DA           STX -38,S
    216  6+1   A185 10AF E8 B0           STY -80,S
    217
    218  5+2   A189 37   06              PULU D
    219  5+1   A18B ED   E8 88           STD -120,S
    220
    221  5+6   A18E 37   36              PULU A,B,X,Y
    222  4+1   A190 A7   E8 8C           STA -116,S
    223  4+1   A193 E7   63              STB 3,S
    224  5+1   A195 AF   E8 D8           STX -40,S
    225  6+1   A198 10AF E8 B2           STY -78,S
    226
    227  5+4   A19C 37   46              PULU A,B,S
    228  4+1   A19E A7   E8 EE           STA -18,S
    229  4+1   A1A1 E7   E8 16           STB 22,S
    230
    231  5+6   A1A4 37   36              PULU A,B,X,Y
    232  4+1   A1A6 A7   E8 14           STA 20,S
    233  4+1   A1A9 E7   E8 EC           STB -20,S
    234  5+1   A1AC AF   E8 12           STX 18,S
    235  6+1   A1AF 10AF E8 EA           STY -22,S
    236
    237  5+3   A1B3 37   42              PULU A,S
    238  4+1   A1B5 A7   E8 D8           STA -40,S
    239
    240  5+2   A1B8 37   06              PULU A,B
    241  4+1   A1BA A7   E8 50           STA 80,S
    242  4+1   A1BD E7   E8 28           STB 40,S
    243
    244  5+2   A1C0 37   06              PULU A,B
    245  4+1   A1C2 A7   E8 76           STA 118,S
    246  4+1   A1C5 E7   E8 B0           STB -80,S
    247
    248  5+2   A1C8 37   06              PULU A,B
    249  4+1   A1CA A7   E8 4D           STA 77,S
    250  4+1   A1CD E7   E8 88           STB -120,S
    251
    252  5+4   A1D0 37   16              PULU A,B,X
    253  4+1   A1D2 A7   E8 78           STA 120,S
    254  4+0   A1D5 E7   E4              STB ,S
    255  5+1   A1D7 AF   E8 74           STX 116,S
    256
    257        A1DA               ERASE_SSAV_Img_Sonic_034
    258  4     A1DA 10CE 0000            LDS #$0000
    259  5     A1DE 39                   RTS
    260

000000 Total Errors

000003 Total Symbols
     0x          Label A005 ERASE_CODE_Img_Sonic_034_1
     0x          Label A000 ERASE_Img_Sonic_034
     1x          Label A1DA ERASE_SSAV_Img_Sonic_034

