/*--------------------------------------------------------------*
 * Compilé avec C6809 v0.83                                     *
 *--------------------------------------------------------------*
 * Fichier source      : ./Sonic2/GeneratedCode/Img_TitleScreen_Sonic_1_Erase.ASM
 * Fichier destination : ./Sonic2/GeneratedCode/Img_TitleScreen_Sonic_1_Erase.BIN
 * Contenu :
 *     Main     0:IMGE.ASM     7498
 *--------------------------------------------------------------*/

Macro Pass
Pass1
Pass2
      2        A000                      ORG $A000
      3                  FF              SETDP $FF
      4        A000               ERASE_Img_TitleScreen_Sonic_1
      5  6+5   A000 10EF 8D 0424         STS ERASE_SSAV_Img_TitleScreen_Son>>
      6
      7        A005               ERASE_CODE_Img_TitleScreen_Sonic_1_1
      8  5+6   A005 37   56              PULU D,X,S
      9  5+4   A007 34   16              PSHS D,X
     10
     11  5+6   A009 37   56              PULU D,X,S
     12  5+4   A00B 34   16              PSHS D,X
     13
     14  5+2   A00D 37   06              PULU D
     15  5+1   A00F ED   E8 26           STD 38,S
     16
     17  5+7   A012 37   72              PULU A,X,Y,S
     18  5+5   A014 34   32              PSHS A,X,Y
     19
     20  5+2   A016 37   06              PULU D
     21  5+1   A018 ED   E8 27           STD 39,S
     22
     23  5+7   A01B 37   72              PULU A,X,Y,S
     24  5+5   A01D 34   32              PSHS A,X,Y
     25
     26  5+7   A01F 37   72              PULU A,X,Y,S
     27  5+5   A021 34   32              PSHS A,X,Y
     28
     29  5+7   A023 37   72              PULU A,X,Y,S
     30  5+5   A025 34   32              PSHS A,X,Y
     31
     32  5+7   A027 37   72              PULU A,X,Y,S
     33  5+5   A029 34   32              PSHS A,X,Y
     34
     35  5+7   A02B 37   72              PULU A,X,Y,S
     36  5+5   A02D 34   32              PSHS A,X,Y
     37
     38  5+5   A02F 37   52              PULU A,X,S
     39  5+3   A031 34   12              PSHS A,X
     40
     41  5+6   A033 37   56              PULU D,X,S
     42  5+4   A035 34   16              PSHS D,X
     43
     44  5+2   A037 37   06              PULU D
     45  5+1   A039 ED   E8 26           STD 38,S
     46
     47  5+8   A03C 37   76              PULU D,X,Y,S
     48  5+6   A03E 34   36              PSHS D,X,Y
     49
     50  5+2   A040 37   06              PULU D
     51  5+1   A042 ED   E8 28           STD 40,S
     52
     53  5+7   A045 37   72              PULU A,X,Y,S
     54  5+5   A047 34   32              PSHS A,X,Y
     55
     56  5+8   A049 37   76              PULU D,X,Y,S
     57  5+6   A04B 34   36              PSHS D,X,Y
     58
     59  5+3   A04D 37   12              PULU A,X
     60  4+1   A04F A7   66              STA 6,S
     61  5+1   A051 AF   E8 28           STX 40,S
     62
     63  5+8   A054 37   76              PULU D,X,Y,S
     64  5+6   A056 34   36              PSHS D,X,Y
     65
     66  5+1   A058 37   02              PULU A
     67  4+1   A05A A7   66              STA 6,S
     68
     69  5+8   A05C 37   76              PULU D,X,Y,S
     70  5+6   A05E 34   36              PSHS D,X,Y
     71
     72  5+1   A060 37   02              PULU A
     73  4+1   A062 A7   66              STA 6,S
     74
     75  5+8   A064 37   76              PULU D,X,Y,S
     76  5+6   A066 34   36              PSHS D,X,Y
     77
     78  5+1   A068 37   02              PULU A
     79  4+1   A06A A7   66              STA 6,S
     80
     81  5+8   A06C 37   76              PULU D,X,Y,S
     82  5+6   A06E 34   36              PSHS D,X,Y
     83
     84  5+2   A070 37   06              PULU D
     85  5+1   A072 ED   66              STD 6,S
     86
     87  5+8   A074 37   76              PULU D,X,Y,S
     88  5+6   A076 34   36              PSHS D,X,Y
     89
     90  5+2   A078 37   06              PULU D
     91  5+1   A07A ED   66              STD 6,S
     92
     93  5+8   A07C 37   76              PULU D,X,Y,S
     94  5+6   A07E 34   36              PSHS D,X,Y
     95
     96  5+2   A080 37   06              PULU D
     97  5+1   A082 ED   66              STD 6,S
     98
     99  5+8   A084 37   76              PULU D,X,Y,S
    100  5+6   A086 34   36              PSHS D,X,Y
    101
    102  5+1   A088 37   02              PULU A
    103  4+1   A08A A7   66              STA 6,S
    104
    105  5+7   A08C 37   72              PULU A,X,Y,S
    106  5+5   A08E 34   32              PSHS A,X,Y
    107
    108  5+7   A090 37   72              PULU A,X,Y,S
    109  5+5   A092 34   32              PSHS A,X,Y
    110
    111  5+2   A094 37   06              PULU D
    112  5+1   A096 ED   E8 26           STD 38,S
    113
    114  5+8   A099 37   76              PULU D,X,Y,S
    115  5+6   A09B 34   36              PSHS D,X,Y
    116
    117  5+3   A09D 37   12              PULU A,X
    118  4+1   A09F A7   66              STA 6,S
    119  5+1   A0A1 AF   E8 28           STX 40,S
    120
    121  5+8   A0A4 37   76              PULU D,X,Y,S
    122  5+6   A0A6 34   36              PSHS D,X,Y
    123
    124  5+1   A0A8 37   02              PULU A
    125  4+1   A0AA A7   66              STA 6,S
    126
    127  5+5   A0AC 37   52              PULU A,X,S
    128  5+3   A0AE 34   12              PSHS A,X
    129
    130  5+8   A0B0 37   76              PULU D,X,Y,S
    131  5+6   A0B2 34   36              PSHS D,X,Y
    132
    133  5+5   A0B4 37   52              PULU A,X,S
    134  5+3   A0B6 34   12              PSHS A,X
    135
    136  5+8   A0B8 37   76              PULU D,X,Y,S
    137  5+6   A0BA 34   36              PSHS D,X,Y
    138
    139  5+5   A0BC 37   52              PULU A,X,S
    140  5+3   A0BE 34   12              PSHS A,X
    141
    142  5+8   A0C0 37   76              PULU D,X,Y,S
    143  5+6   A0C2 34   36              PSHS D,X,Y
    144
    145  5+8   A0C4 37   76              PULU D,X,Y,S
    146  5+6   A0C6 34   36              PSHS D,X,Y
    147
    148  5+3   A0C8 37   12              PULU A,X
    149  4+1   A0CA A7   68              STA 8,S
    150  5+1   A0CC AF   66              STX 6,S
    151
    152  5+8   A0CE 37   76              PULU D,X,Y,S
    153  5+6   A0D0 34   36              PSHS D,X,Y
    154
    155  5+3   A0D2 37   12              PULU A,X
    156  4+1   A0D4 A7   68              STA 8,S
    157  5+1   A0D6 AF   66              STX 6,S
    158
    159  5+8   A0D8 37   76              PULU D,X,Y,S
    160  5+6   A0DA 34   36              PSHS D,X,Y
    161
    162  5+3   A0DC 37   12              PULU A,X
    163  4+1   A0DE A7   68              STA 8,S
    164  5+1   A0E0 AF   66              STX 6,S
    165
    166  5+8   A0E2 37   76              PULU D,X,Y,S
    167  5+6   A0E4 34   36              PSHS D,X,Y
    168
    169  5+3   A0E6 37   12              PULU A,X
    170  4+1   A0E8 A7   68              STA 8,S
    171  5+1   A0EA AF   66              STX 6,S
    172
    173  5+8   A0EC 37   76              PULU D,X,Y,S
    174  5+6   A0EE 34   36              PSHS D,X,Y
    175
    176  5+3   A0F0 37   12              PULU A,X
    177  4+1   A0F2 A7   68              STA 8,S
    178  5+1   A0F4 AF   66              STX 6,S
    179
    180  5+8   A0F6 37   76              PULU D,X,Y,S
    181  5+6   A0F8 34   36              PSHS D,X,Y
    182
    183  5+2   A0FA 37   06              PULU D
    184  5+1   A0FC ED   66              STD 6,S
    185
    186  5+8   A0FE 37   76              PULU D,X,Y,S
    187  5+6   A100 34   36              PSHS D,X,Y
    188
    189  5+2   A102 37   06              PULU D
    190  5+1   A104 ED   66              STD 6,S
    191
    192  5+8   A106 37   76              PULU D,X,Y,S
    193  5+6   A108 34   36              PSHS D,X,Y
    194
    195  5+2   A10A 37   06              PULU D
    196  5+1   A10C ED   66              STD 6,S
    197
    198  5+8   A10E 37   76              PULU D,X,Y,S
    199  5+6   A110 34   36              PSHS D,X,Y
    200
    201  5+2   A112 37   06              PULU D
    202  5+1   A114 ED   66              STD 6,S
    203
    204  5+8   A116 37   76              PULU D,X,Y,S
    205  5+6   A118 34   36              PSHS D,X,Y
    206
    207  5+2   A11A 37   06              PULU D
    208  5+1   A11C ED   66              STD 6,S
    209
    210  5+8   A11E 37   76              PULU D,X,Y,S
    211  5+6   A120 34   36              PSHS D,X,Y
    212
    213  5+2   A122 37   06              PULU D
    214  5+1   A124 ED   66              STD 6,S
    215
    216  5+8   A126 37   76              PULU D,X,Y,S
    217  5+6   A128 34   36              PSHS D,X,Y
    218
    219  5+2   A12A 37   06              PULU D
    220  5+1   A12C ED   66              STD 6,S
    221
    222  5+8   A12E 37   76              PULU D,X,Y,S
    223  5+6   A130 34   36              PSHS D,X,Y
    224
    225  5+2   A132 37   06              PULU D
    226  5+1   A134 ED   66              STD 6,S
    227
    228  5+8   A136 37   76              PULU D,X,Y,S
    229  5+6   A138 34   36              PSHS D,X,Y
    230
    231  5+1   A13A 37   02              PULU A
    232  4+1   A13C A7   66              STA 6,S
    233
    234  5+8   A13E 37   76              PULU D,X,Y,S
    235  5+6   A140 34   36              PSHS D,X,Y
    236
    237  5+1   A142 37   02              PULU A
    238  4+1   A144 A7   66              STA 6,S
    239
    240  5+8   A146 37   76              PULU D,X,Y,S
    241  5+6   A148 34   36              PSHS D,X,Y
    242
    243  5+1   A14A 37   02              PULU A
    244  4+1   A14C A7   66              STA 6,S
    245
    246  5+8   A14E 37   76              PULU D,X,Y,S
    247  5+6   A150 34   36              PSHS D,X,Y
    248
    249  5+1   A152 37   02              PULU A
    250  4+1   A154 A7   66              STA 6,S
    251
    252  5+8   A156 37   76              PULU D,X,Y,S
    253  5+6   A158 34   36              PSHS D,X,Y
    254
    255  5+1   A15A 37   02              PULU A
    256  4+1   A15C A7   66              STA 6,S
    257
    258  5+8   A15E 37   76              PULU D,X,Y,S
    259  5+6   A160 34   36              PSHS D,X,Y
    260
    261  5+1   A162 37   02              PULU A
    262  4+1   A164 A7   66              STA 6,S
    263
    264  5+8   A166 37   76              PULU D,X,Y,S
    265  5+6   A168 34   36              PSHS D,X,Y
    266
    267  5+1   A16A 37   02              PULU A
    268  4+1   A16C A7   66              STA 6,S
    269
    270  5+8   A16E 37   76              PULU D,X,Y,S
    271  5+6   A170 34   36              PSHS D,X,Y
    272
    273  5+1   A172 37   02              PULU A
    274  4+1   A174 A7   66              STA 6,S
    275
    276  5+8   A176 37   76              PULU D,X,Y,S
    277  5+6   A178 34   36              PSHS D,X,Y
    278
    279  5+1   A17A 37   02              PULU A
    280  4+1   A17C A7   66              STA 6,S
    281
    282  5+8   A17E 37   76              PULU D,X,Y,S
    283  5+6   A180 34   36              PSHS D,X,Y
    284
    285  5+1   A182 37   02              PULU A
    286  4+1   A184 A7   66              STA 6,S
    287
    288  5+8   A186 37   76              PULU D,X,Y,S
    289  5+6   A188 34   36              PSHS D,X,Y
    290
    291  5+1   A18A 37   02              PULU A
    292  4+1   A18C A7   66              STA 6,S
    293
    294  5+8   A18E 37   76              PULU D,X,Y,S
    295  5+6   A190 34   36              PSHS D,X,Y
    296
    297  5+1   A192 37   02              PULU A
    298  4+1   A194 A7   66              STA 6,S
    299
    300  5+7   A196 37   72              PULU A,X,Y,S
    301  5+5   A198 34   32              PSHS A,X,Y
    302
    303  5+7   A19A 37   72              PULU A,X,Y,S
    304  5+5   A19C 34   32              PSHS A,X,Y
    305
    306  5+2   A19E 37   06              PULU D
    307  5+1   A1A0 ED   E8 26           STD 38,S
    308
    309  5+7   A1A3 37   72              PULU A,X,Y,S
    310  5+5   A1A5 34   32              PSHS A,X,Y
    311
    312  5+2   A1A7 37   06              PULU D
    313  5+1   A1A9 ED   E8 26           STD 38,S
    314
    315  5+7   A1AC 37   72              PULU A,X,Y,S
    316  5+5   A1AE 34   32              PSHS A,X,Y
    317
    318  5+2   A1B0 37   06              PULU D
    319  5+1   A1B2 ED   E8 26           STD 38,S
    320
    321  5+7   A1B5 37   72              PULU A,X,Y,S
    322  5+5   A1B7 34   32              PSHS A,X,Y
    323
    324  5+3   A1B9 37   12              PULU A,X
    325  4+1   A1BB A7   65              STA 5,S
    326  5+1   A1BD AF   E8 26           STX 38,S
    327
    328  5+8   A1C0 37   76              PULU D,X,Y,S
    329  5+6   A1C2 34   36              PSHS D,X,Y
    330
    331  5+4   A1C4 37   16              PULU D,X
    332  5+1   A1C6 ED   E8 28           STD 40,S
    333  5+1   A1C9 AF   66              STX 6,S
    334
    335  5+8   A1CB 37   76              PULU D,X,Y,S
    336  5+6   A1CD 34   36              PSHS D,X,Y
    337
    338  5+2   A1CF 37   06              PULU D
    339  5+1   A1D1 ED   66              STD 6,S
    340
    341  5+8   A1D3 37   76              PULU D,X,Y,S
    342  5+6   A1D5 34   36              PSHS D,X,Y
    343
    344  5+8   A1D7 37   76              PULU D,X,Y,S
    345  5+6   A1D9 34   36              PSHS D,X,Y
    346
    347  5+2   A1DB 37   06              PULU D
    348  5+1   A1DD ED   E8 26           STD 38,S
    349
    350  5+6   A1E0 37   56              PULU D,X,S
    351  5+4   A1E2 34   16              PSHS D,X
    352
    353  5+1   A1E4 37   02              PULU A
    354  4+1   A1E6 A7   E8 24           STA 36,S
    355
    356  5+7   A1E9 37   72              PULU A,X,Y,S
    357  5+5   A1EB 34   32              PSHS A,X,Y
    358
    359  5+3   A1ED 37   12              PULU A,X
    360  4+1   A1EF A7   E8 25           STA 37,S
    361  5+1   A1F2 AF   E8 27           STX 39,S
    362
    363  5+6   A1F5 37   56              PULU D,X,S
    364  5+4   A1F7 34   16              PSHS D,X
    365
    366  5+2   A1F9 37   06              PULU A,B
    367  4+1   A1FB A7   E8 25           STA 37,S
    368  4+1   A1FE E7   64              STB 4,S
    369
    370  5+6   A200 37   56              PULU D,X,S
    371  5+4   A202 34   16              PSHS D,X
    372
    373  5+6   A204 37   36              PULU D,X,Y
    374  5+1   A206 ED   E8 D8           STD -40,S
    375  5+1   A209 AF   E8 B1           STX -79,S
    376  6+1   A20C 10AF E8 DA           STY -38,S
    377
    378  5+7   A210 37   72              PULU A,X,Y,S
    379  5+5   A212 34   32              PSHS A,X,Y
    380
    381  5+1   A214 37   02              PULU A
    382  4+1   A216 A7   65              STA 5,S
    383
    384  5+7   A218 37   72              PULU A,X,Y,S
    385  5+5   A21A 34   32              PSHS A,X,Y
    386
    387  5+1   A21C 37   02              PULU A
    388  4+1   A21E A7   65              STA 5,S
    389
    390  5+7   A220 37   72              PULU A,X,Y,S
    391  5+5   A222 34   32              PSHS A,X,Y
    392
    393  5+1   A224 37   02              PULU A
    394  4+1   A226 A7   65              STA 5,S
    395
    396  5+7   A228 37   72              PULU A,X,Y,S
    397  5+5   A22A 34   32              PSHS A,X,Y
    398
    399  5+5   A22C 37   52              PULU A,X,S
    400  5+3   A22E 34   12              PSHS A,X
    401
    402  5+5   A230 37   52              PULU A,X,S
    403  5+3   A232 34   12              PSHS A,X
    404
    405  5+2   A234 37   06              PULU D
    406  5+1   A236 ED   E8 26           STD 38,S
    407
    408  5+6   A239 37   56              PULU D,X,S
    409  5+4   A23B 34   16              PSHS D,X
    410
    411  5+2   A23D 37   06              PULU D
    412  5+1   A23F ED   E8 27           STD 39,S
    413
    414  5+6   A242 37   56              PULU D,X,S
    415  5+4   A244 34   16              PSHS D,X
    416
    417  5+6   A246 37   56              PULU D,X,S
    418  5+4   A248 34   16              PSHS D,X
    419
    420  5+1   A24A 37   02              PULU A
    421  4+1   A24C A7   64              STA 4,S
    422
    423  5+7   A24E 37   72              PULU A,X,Y,S
    424  5+5   A250 34   32              PSHS A,X,Y
    425
    426  5+1   A252 37   02              PULU A
    427  4+1   A254 A7   65              STA 5,S
    428
    429  5+6   A256 37   56              PULU D,X,S
    430  5+4   A258 34   16              PSHS D,X
    431
    432  5+1   A25A 37   02              PULU A
    433  4+1   A25C A7   64              STA 4,S
    434
    435  5+8   A25E 37   76              PULU D,X,Y,S
    436  5+6   A260 34   36              PSHS D,X,Y
    437
    438  5+3   A262 37   12              PULU A,X
    439  4+1   A264 A7   66              STA 6,S
    440  5+1   A266 AF   E8 28           STX 40,S
    441
    442  5+8   A269 37   76              PULU D,X,Y,S
    443  5+6   A26B 34   36              PSHS D,X,Y
    444
    445  5+1   A26D 37   02              PULU A
    446  4+1   A26F A7   66              STA 6,S
    447
    448  5+7   A271 37   72              PULU A,X,Y,S
    449  5+5   A273 34   32              PSHS A,X,Y
    450
    451  5+1   A275 37   02              PULU A
    452  4+1   A277 A7   65              STA 5,S
    453
    454  5+7   A279 37   72              PULU A,X,Y,S
    455  5+5   A27B 34   32              PSHS A,X,Y
    456
    457  5+3   A27D 37   12              PULU A,X
    458  4+1   A27F A7   65              STA 5,S
    459  5+1   A281 AF   E8 26           STX 38,S
    460
    461  5+8   A284 37   76              PULU D,X,Y,S
    462  5+6   A286 34   36              PSHS D,X,Y
    463
    464  5+3   A288 37   12              PULU A,X
    465  4+1   A28A A7   66              STA 6,S
    466  5+1   A28C AF   E8 28           STX 40,S
    467
    468  5+8   A28F 37   76              PULU D,X,Y,S
    469  5+6   A291 34   36              PSHS D,X,Y
    470
    471  5+2   A293 37   06              PULU D
    472  5+1   A295 ED   66              STD 6,S
    473
    474  5+8   A297 37   76              PULU D,X,Y,S
    475  5+6   A299 34   36              PSHS D,X,Y
    476
    477  5+2   A29B 37   06              PULU D
    478  5+1   A29D ED   66              STD 6,S
    479
    480  5+8   A29F 37   76              PULU D,X,Y,S
    481  5+6   A2A1 34   36              PSHS D,X,Y
    482
    483  5+2   A2A3 37   06              PULU D
    484  5+1   A2A5 ED   66              STD 6,S
    485
    486  5+8   A2A7 37   76              PULU D,X,Y,S
    487  5+6   A2A9 34   36              PSHS D,X,Y
    488
    489  5+2   A2AB 37   06              PULU D
    490  5+1   A2AD ED   66              STD 6,S
    491
    492  5+8   A2AF 37   76              PULU D,X,Y,S
    493  5+6   A2B1 34   36              PSHS D,X,Y
    494
    495  5+1   A2B3 37   02              PULU A
    496  4+1   A2B5 A7   66              STA 6,S
    497
    498  5+8   A2B7 37   76              PULU D,X,Y,S
    499  5+6   A2B9 34   36              PSHS D,X,Y
    500
    501  5+1   A2BB 37   02              PULU A
    502  4+1   A2BD A7   66              STA 6,S
    503
    504  5+8   A2BF 37   76              PULU D,X,Y,S
    505  5+6   A2C1 34   36              PSHS D,X,Y
    506
    507  5+1   A2C3 37   02              PULU A
    508  4+1   A2C5 A7   66              STA 6,S
    509
    510  5+8   A2C7 37   76              PULU D,X,Y,S
    511  5+6   A2C9 34   36              PSHS D,X,Y
    512
    513  5+1   A2CB 37   02              PULU A
    514  4+1   A2CD A7   66              STA 6,S
    515
    516  5+8   A2CF 37   76              PULU D,X,Y,S
    517  5+6   A2D1 34   36              PSHS D,X,Y
    518
    519  5+2   A2D3 37   06              PULU D
    520  5+1   A2D5 ED   66              STD 6,S
    521
    522  5+8   A2D7 37   76              PULU D,X,Y,S
    523  5+6   A2D9 34   36              PSHS D,X,Y
    524
    525  5+1   A2DB 37   02              PULU A
    526  4+1   A2DD A7   66              STA 6,S
    527
    528  5+8   A2DF 37   76              PULU D,X,Y,S
    529  5+6   A2E1 34   36              PSHS D,X,Y
    530
    531  5+3   A2E3 37   12              PULU A,X
    532  4+1   A2E5 A7   66              STA 6,S
    533  5+1   A2E7 AF   E8 26           STX 38,S
    534
    535  5+8   A2EA 37   76              PULU D,X,Y,S
    536  5+6   A2EC 34   36              PSHS D,X,Y
    537
    538  5+3   A2EE 37   12              PULU A,X
    539  4+1   A2F0 A7   66              STA 6,S
    540  5+1   A2F2 AF   E8 26           STX 38,S
    541
    542  5+8   A2F5 37   76              PULU D,X,Y,S
    543  5+6   A2F7 34   36              PSHS D,X,Y
    544
    545  5+3   A2F9 37   12              PULU A,X
    546  4+1   A2FB A7   66              STA 6,S
    547  5+1   A2FD AF   E8 26           STX 38,S
    548
    549  5+8   A300 37   76              PULU D,X,Y,S
    550  5+6   A302 34   36              PSHS D,X,Y
    551
    552  5+3   A304 37   12              PULU A,X
    553  4+1   A306 A7   66              STA 6,S
    554  5+1   A308 AF   E8 26           STX 38,S
    555
    556  5+8   A30B 37   76              PULU D,X,Y,S
    557  5+6   A30D 34   36              PSHS D,X,Y
    558
    559  5+3   A30F 37   12              PULU A,X
    560  4+1   A311 A7   66              STA 6,S
    561  5+1   A313 AF   E8 26           STX 38,S
    562
    563  5+5   A316 37   52              PULU A,X,S
    564  5+3   A318 34   12              PSHS A,X
    565
    566  5+2   A31A 37   06              PULU D
    567  5+1   A31C ED   E8 22           STD 34,S
    568
    569  5+8   A31F 37   76              PULU D,X,Y,S
    570  5+6   A321 34   36              PSHS D,X,Y
    571
    572  5+5   A323 37   52              PULU A,X,S
    573  5+3   A325 34   12              PSHS A,X
    574
    575  5+8   A327 37   76              PULU D,X,Y,S
    576  5+6   A329 34   36              PSHS D,X,Y
    577
    578  5+5   A32B 37   52              PULU A,X,S
    579  5+3   A32D 34   12              PSHS A,X
    580
    581  5+8   A32F 37   76              PULU D,X,Y,S
    582  5+6   A331 34   36              PSHS D,X,Y
    583
    584  5+8   A333 37   76              PULU D,X,Y,S
    585  5+6   A335 34   36              PSHS D,X,Y
    586
    587  5+3   A337 37   12              PULU A,X
    588  4+1   A339 A7   68              STA 8,S
    589  5+1   A33B AF   66              STX 6,S
    590
    591  5+8   A33D 37   76              PULU D,X,Y,S
    592  5+6   A33F 34   36              PSHS D,X,Y
    593
    594  5+3   A341 37   12              PULU A,X
    595  4+1   A343 A7   68              STA 8,S
    596  5+1   A345 AF   66              STX 6,S
    597
    598  5+8   A347 37   76              PULU D,X,Y,S
    599  5+6   A349 34   36              PSHS D,X,Y
    600
    601  5+3   A34B 37   12              PULU A,X
    602  4+1   A34D A7   68              STA 8,S
    603  5+1   A34F AF   66              STX 6,S
    604
    605  5+8   A351 37   76              PULU D,X,Y,S
    606  5+6   A353 34   36              PSHS D,X,Y
    607
    608  5+2   A355 37   06              PULU D
    609  5+1   A357 ED   66              STD 6,S
    610
    611  5+8   A359 37   76              PULU D,X,Y,S
    612  5+6   A35B 34   36              PSHS D,X,Y
    613
    614  5+8   A35D 37   76              PULU D,X,Y,S
    615  5+6   A35F 34   36              PSHS D,X,Y
    616
    617  5+2   A361 37   06              PULU D
    618  5+1   A363 ED   E8 26           STD 38,S
    619
    620  5+8   A366 37   76              PULU D,X,Y,S
    621  5+6   A368 34   36              PSHS D,X,Y
    622
    623  5+2   A36A 37   06              PULU D
    624  5+1   A36C ED   E8 26           STD 38,S
    625
    626  5+7   A36F 37   72              PULU A,X,Y,S
    627  5+5   A371 34   32              PSHS A,X,Y
    628
    629  5+3   A373 37   12              PULU A,X
    630  4+1   A375 A7   65              STA 5,S
    631  5+1   A377 AF   E8 26           STX 38,S
    632
    633  5+7   A37A 37   72              PULU A,X,Y,S
    634  5+5   A37C 34   32              PSHS A,X,Y
    635
    636  5+2   A37E 37   06              PULU D
    637  5+1   A380 ED   E8 26           STD 38,S
    638
    639  5+8   A383 37   76              PULU D,X,Y,S
    640  5+6   A385 34   36              PSHS D,X,Y
    641
    642  5+2   A387 37   06              PULU D
    643  5+1   A389 ED   E8 27           STD 39,S
    644
    645  5+8   A38C 37   76              PULU D,X,Y,S
    646  5+6   A38E 34   36              PSHS D,X,Y
    647
    648  5+8   A390 37   76              PULU D,X,Y,S
    649  5+6   A392 34   36              PSHS D,X,Y
    650
    651  5+8   A394 37   76              PULU D,X,Y,S
    652  5+6   A396 34   36              PSHS D,X,Y
    653
    654  5+8   A398 37   76              PULU D,X,Y,S
    655  5+6   A39A 34   36              PSHS D,X,Y
    656
    657  5+8   A39C 37   76              PULU D,X,Y,S
    658  5+6   A39E 34   36              PSHS D,X,Y
    659
    660  5+8   A3A0 37   76              PULU D,X,Y,S
    661  5+6   A3A2 34   36              PSHS D,X,Y
    662
    663  5+8   A3A4 37   76              PULU D,X,Y,S
    664  5+6   A3A6 34   36              PSHS D,X,Y
    665
    666  5+8   A3A8 37   76              PULU D,X,Y,S
    667  5+6   A3AA 34   36              PSHS D,X,Y
    668
    669  5+1   A3AC 37   02              PULU A
    670  4+1   A3AE A7   66              STA 6,S
    671
    672  5+8   A3B0 37   76              PULU D,X,Y,S
    673  5+6   A3B2 34   36              PSHS D,X,Y
    674
    675  5+1   A3B4 37   02              PULU A
    676  4+1   A3B6 A7   66              STA 6,S
    677
    678  5+8   A3B8 37   76              PULU D,X,Y,S
    679  5+6   A3BA 34   36              PSHS D,X,Y
    680
    681  5+1   A3BC 37   02              PULU A
    682  4+1   A3BE A7   66              STA 6,S
    683
    684  5+8   A3C0 37   76              PULU D,X,Y,S
    685  5+6   A3C2 34   36              PSHS D,X,Y
    686
    687  5+1   A3C4 37   02              PULU A
    688  4+1   A3C6 A7   66              STA 6,S
    689
    690  5+8   A3C8 37   76              PULU D,X,Y,S
    691  5+6   A3CA 34   36              PSHS D,X,Y
    692
    693  5+1   A3CC 37   02              PULU A
    694  4+1   A3CE A7   66              STA 6,S
    695
    696  5+8   A3D0 37   76              PULU D,X,Y,S
    697  5+6   A3D2 34   36              PSHS D,X,Y
    698
    699  5+1   A3D4 37   02              PULU A
    700  4+1   A3D6 A7   66              STA 6,S
    701
    702  5+8   A3D8 37   76              PULU D,X,Y,S
    703  5+6   A3DA 34   36              PSHS D,X,Y
    704
    705  5+1   A3DC 37   02              PULU A
    706  4+1   A3DE A7   66              STA 6,S
    707
    708  5+8   A3E0 37   76              PULU D,X,Y,S
    709  5+6   A3E2 34   36              PSHS D,X,Y
    710
    711  5+2   A3E4 37   06              PULU D
    712  5+1   A3E6 ED   66              STD 6,S
    713
    714  5+7   A3E8 37   72              PULU A,X,Y,S
    715  5+5   A3EA 34   32              PSHS A,X,Y
    716
    717  5+1   A3EC 37   02              PULU A
    718  4+1   A3EE A7   65              STA 5,S
    719
    720  5+8   A3F0 37   76              PULU D,X,Y,S
    721  5+6   A3F2 34   36              PSHS D,X,Y
    722
    723  5+2   A3F4 37   06              PULU D
    724  5+1   A3F6 ED   E8 26           STD 38,S
    725
    726  5+8   A3F9 37   76              PULU D,X,Y,S
    727  5+6   A3FB 34   36              PSHS D,X,Y
    728
    729  5+1   A3FD 37   02              PULU A
    730  4+1   A3FF A7   E8 26           STA 38,S
    731
    732  5+7   A402 37   72              PULU A,X,Y,S
    733  5+5   A404 34   32              PSHS A,X,Y
    734
    735  5+2   A406 37   06              PULU A,B
    736  4+1   A408 A7   E8 26           STA 38,S
    737  4+1   A40B E7   65              STB 5,S
    738
    739  5+5   A40D 37   52              PULU A,X,S
    740  5+3   A40F 34   12              PSHS A,X
    741
    742  5+6   A411 37   56              PULU D,X,S
    743  5+4   A413 34   16              PSHS D,X
    744
    745  5+2   A415 37   06              PULU D
    746  5+1   A417 ED   E8 27           STD 39,S
    747
    748  5+6   A41A 37   56              PULU A,B,X,S
    749  5+3   A41C 34   14              PSHS B,X
    750  4+1   A41E A7   E8 DA           STA -38,S
    751
    752  5+2   A421 37   06              PULU D
    753  5+1   A423 ED   E8 D8           STD -40,S
    754
    755        A426               ERASE_SSAV_Img_TitleScreen_Sonic_1
    756  4     A426 10CE 0000            LDS #$0000
    757  5     A42A 39                   RTS
    758

000000 Total Errors

000003 Total Symbols
     0x          Label A005 ERASE_CODE_Img_TitleScreen_Sonic_1_1
     0x          Label A000 ERASE_Img_TitleScreen_Sonic_1
     1x          Label A426 ERASE_SSAV_Img_TitleScreen_Sonic_1

