/*--------------------------------------------------------------*
 * Compilé avec C6809 v0.83                                     *
 *--------------------------------------------------------------*
 * Fichier source      : ./Sonic2/GeneratedCode/Img_TitleScreen_Tails_5_BckDraw.ASM
 * Fichier destination : ./Sonic2/GeneratedCode/Img_TitleScreen_Tails_5_BckDraw.BIN
 * Contenu :
 *     Main     0:IMGD.ASM     20464
 *--------------------------------------------------------------*/

Macro Pass
Pass1
Pass2
      2        A000                      ORG $A000
      3                  FF              SETDP $FF
      4        A000               BCKDRAW_Img_TitleScreen_Tails_5
      5  6+5   A000 10EF 8D 0EEA         STS SSAV_Img_TitleScreen_Tails_5+2>>
      6
      7  5+5   A005 ED   8D 06E2         STD DYN_POS+2,PCR
      8  6+0   A009 10EE A4              LDS ,Y
      9  4+4   A00C 32   E9 1146         LEAS 4422,S
     10
     11  5+1   A010 EC   7F              LDD -1,S
     12  5+2   A012 36   06              PSHU D
     13  2     A014 84   F0              ANDA #$F0
     14  2     A016 C4   0F              ANDB #$0F
     15  4     A018 C3   0690            ADDD #$0690
     16  5+1   A01B ED   7F              STD -1,S
     17  4+1   A01D A6   E8 B0           LDA -80,S
     18  5+1   A020 36   02              PSHU A
     19  2     A022 84   0F              ANDA #$0F
     20  2     A024 8A   40              ORA #$40
     21  4+1   A026 A7   E8 B0           STA -80,S
     22  4+1   A029 A6   E8 D8           LDA -40,S
     23  5+1   A02C 36   02              PSHU A
     24  2     A02E 84   0F              ANDA #$0F
     25  2     A030 8A   60              ORA #$60
     26  4+1   A032 A7   E8 D8           STA -40,S
     27  5+1   A035 EC   E8 27           LDD 39,S
     28  5+2   A038 36   06              PSHU D
     29  2     A03A 86   69              LDA #$69
     30  2     A03C C4   0F              ANDB #$0F
     31  2     A03E CA   90              ORB #$90
     32  5+1   A040 ED   E8 27           STD 39,S
     33  5+1   A043 EC   E8 4F           LDD 79,S
     34  5+4   A046 36   46              PSHU S,D
     35  2     A048 86   94              LDA #$94
     36  2     A04A C4   0F              ANDB #$0F
     37  2     A04C CA   90              ORB #$90
     38  5+1   A04E ED   E8 4F           STD 79,S
     39  4+4   A051 32   E9 00EE         LEAS 238,S
     40
     41  5+1   A055 EC   E8 89           LDD -119,S
     42  5+2   A058 36   06              PSHU D
     43  2     A05A 86   9D              LDA #$9d
     44  2     A05C C4   0F              ANDB #$0F
     45  2     A05E CA   90              ORB #$90
     46  5+1   A060 ED   E8 89           STD -119,S
     47  4+1   A063 A6   E8 D5           LDA -43,S
     48  5+1   A066 AE   E8 D9           LDX -39,S
     49  5+3   A069 36   12              PSHU X,A
     50  4+1   A06B A6   E8 8B           LDA -117,S
     51  5+1   A06E AE   E8 B1           LDX -79,S
     52  6+1   A071 10AE 7D              LDY -3,S
     53  5+5   A074 36   32              PSHU Y,X,A
     54  3     A076 CC   9944            LDD #$9944
     55  5+1   A079 ED   7D              STD -3,S
     56  2     A07B 86   66              LDA #$66
     57  4+1   A07D A7   E8 8B           STA -117,S
     58  2     A080 86   64              LDA #$64
     59  4+1   A082 A7   E8 D5           STA -43,S
     60  4+1   A085 A6   E8 AD           LDA -83,S
     61  5+1   A088 36   02              PSHU A
     62  2     A08A 84   0F              ANDA #$0F
     63  2     A08C 8A   40              ORA #$40
     64  4+1   A08E A7   E8 AD           STA -83,S
     65  3     A091 CC   4B96            LDD #$4b96
     66  5+1   A094 ED   E8 B1           STD -79,S
     67  3     A097 CC   BB69            LDD #$bb69
     68  5+1   A09A ED   E8 D9           STD -39,S
     69  5+3   A09D 35   12              PULS A,X
     70  5+5   A09F 36   52              PSHU S,X,A
     71  2     A0A1 86   66              LDA #$66
     72  3     A0A3 8E   BB94            LDX #$bb94
     73  5+3   A0A6 34   12              PSHS A,X
     74  4+1   A0A8 32   E8 25           LEAS 37,S
     75
     76  5+6   A0AB 35   36              PULS D,X,Y
     77  5+8   A0AD 36   76              PSHU S,Y,X,D
     78  3     A0AF CC   6966            LDD #$6966
     79  3     A0B2 8E   6699            LDX #$6699
     80  4     A0B5 108E 4B96            LDY #$4b96
     81  5+6   A0B9 34   36              PSHS D,X,Y
     82  4+1   A0BB 32   E8 28           LEAS 40,S
     83
     84  4+1   A0BE A6   66              LDA 6,S
     85  5+1   A0C0 36   02              PSHU A
     86  2     A0C2 86   66              LDA #$66
     87  4+1   A0C4 A7   66              STA 6,S
     88  5+6   A0C6 35   36              PULS D,X,Y
     89  5+8   A0C8 36   76              PSHU S,Y,X,D
     90  3     A0CA CC   DD99            LDD #$dd99
     91  3     A0CD 8E   9999            LDX #$9999
     92  4     A0D0 108E 9499            LDY #$9499
     93  5+6   A0D4 34   36              PSHS D,X,Y
     94  4+1   A0D6 32   E8 28           LEAS 40,S
     95
     96  4+1   A0D9 A6   66              LDA 6,S
     97  5+1   A0DB 36   02              PSHU A
     98  2     A0DD 86   44              LDA #$44
     99  4+1   A0DF A7   66              STA 6,S
    100  5+6   A0E1 35   36              PULS D,X,Y
    101  5+8   A0E3 36   76              PSHU S,Y,X,D
    102  3     A0E5 CC   DB99            LDD #$db99
    103  3     A0E8 8E   9999            LDX #$9999
    104  4     A0EB 108E 9994            LDY #$9994
    105  5+6   A0EF 34   36              PSHS D,X,Y
    106  4+1   A0F1 32   E8 28           LEAS 40,S
    107
    108  5+6   A0F4 35   36              PULS D,X,Y
    109  5+8   A0F6 36   76              PSHU S,Y,X,D
    110  3     A0F8 CC   DBB9            LDD #$dbb9
    111  3     A0FB 8E   9999            LDX #$9999
    112  4     A0FE 108E 9946            LDY #$9946
    113  5+6   A102 34   36              PSHS D,X,Y
    114  4+1   A104 32   E8 28           LEAS 40,S
    115
    116  4+1   A107 A6   67              LDA 7,S
    117  5+1   A109 36   02              PSHU A
    118  2     A10B 84   0F              ANDA #$0F
    119  2     A10D 8A   60              ORA #$60
    120  4+1   A10F A7   67              STA 7,S
    121  5+6   A111 35   36              PULS D,X,Y
    122  5+8   A113 36   76              PSHU S,Y,X,D
    123  3     A115 CC   BABD            LDD #$babd
    124  3     A118 8E   9999            LDX #$9999
    125  4     A11B 108E 9999            LDY #$9999
    126  5+6   A11F 34   36              PSHS D,X,Y
    127  4+1   A121 32   E8 28           LEAS 40,S
    128
    129  4+1   A124 A6   66              LDA 6,S
    130  5+1   A126 36   02              PSHU A
    131  2     A128 84   0F              ANDA #$0F
    132  2     A12A 8A   60              ORA #$60
    133  4+1   A12C A7   66              STA 6,S
    134  5+6   A12E 35   36              PULS D,X,Y
    135  5+8   A130 36   76              PSHU S,Y,X,D
    136  3     A132 CC   BADB            LDD #$badb
    137  3     A135 8E   9999            LDX #$9999
    138  4     A138 108E 9999            LDY #$9999
    139  5+6   A13C 34   36              PSHS D,X,Y
    140  4+1   A13E 32   E8 28           LEAS 40,S
    141
    142  4+1   A141 A6   66              LDA 6,S
    143  5+1   A143 36   02              PSHU A
    144  2     A145 86   96              LDA #$96
    145  4+1   A147 A7   66              STA 6,S
    146  5+6   A149 35   36              PULS D,X,Y
    147  5+8   A14B 36   76              PSHU S,Y,X,D
    148  3     A14D CC   4ABB            LDD #$4abb
    149  3     A150 8E   9999            LDX #$9999
    150  4     A153 108E 9996            LDY #$9996
    151  5+6   A157 34   36              PSHS D,X,Y
    152  4+1   A159 32   E8 28           LEAS 40,S
    153
    154  5+1   A15C EC   65              LDD 5,S
    155  5+2   A15E 36   06              PSHU D
    156  2     A160 84   0F              ANDA #$0F
    157  2     A162 8A   40              ORA #$40
    158  2     A164 C6   49              LDB #$49
    159  5+1   A166 ED   65              STD 5,S
    160  5+5   A168 35   32              PULS A,X,Y
    161  5+7   A16A 36   72              PSHU S,Y,X,A
    162  2     A16C 86   4A              LDA #$4a
    163  3     A16E 8E   B699            LDX #$b699
    164  4     A171 108E 9999            LDY #$9999
    165  5+5   A175 34   32              PSHS A,X,Y
    166  4+1   A177 32   E8 28           LEAS 40,S
    167
    168  4+1   A17A A6   66              LDA 6,S
    169  5+1   A17C 36   02              PSHU A
    170  2     A17E 84   F0              ANDA #$F0
    171  2     A180 8A   04              ORA #$04
    172  4+1   A182 A7   66              STA 6,S
    173  5+5   A184 35   32              PULS A,X,Y
    174  5+7   A186 36   72              PSHU S,Y,X,A
    175  2     A188 86   9A              LDA #$9a
    176  3     A18A 8E   A699            LDX #$a699
    177  4     A18D 108E 9999            LDY #$9999
    178  5+5   A191 34   32              PSHS A,X,Y
    179  4+1   A193 32   E8 28           LEAS 40,S
    180
    181  5+5   A196 35   32              PULS A,X,Y
    182  5+7   A198 36   72              PSHU S,Y,X,A
    183  2     A19A 86   9A              LDA #$9a
    184  3     A19C 8E   A999            LDX #$a999
    185  4     A19F 108E 9999            LDY #$9999
    186  5+5   A1A3 34   32              PSHS A,X,Y
    187  4+1   A1A5 32   E8 28           LEAS 40,S
    188
    189  5+5   A1A8 35   32              PULS A,X,Y
    190  5+7   A1AA 36   72              PSHU S,Y,X,A
    191  2     A1AC 86   9B              LDA #$9b
    192  3     A1AE 8E   B999            LDX #$b999
    193  4     A1B1 108E 9999            LDY #$9999
    194  5+5   A1B5 34   32              PSHS A,X,Y
    195  4+1   A1B7 32   E8 28           LEAS 40,S
    196
    197  5+5   A1BA 35   32              PULS A,X,Y
    198  5+7   A1BC 36   72              PSHU S,Y,X,A
    199  2     A1BE 86   94              LDA #$94
    200  3     A1C0 8E   6999            LDX #$6999
    201  4     A1C3 108E 999A            LDY #$999a
    202  5+5   A1C7 34   32              PSHS A,X,Y
    203  4+1   A1C9 32   E8 28           LEAS 40,S
    204
    205  4+1   A1CC A6   67              LDA 7,S
    206  5+1   A1CE 36   02              PSHU A
    207  2     A1D0 84   0F              ANDA #$0F
    208  2     A1D2 8A   60              ORA #$60
    209  4+1   A1D4 A7   67              STA 7,S
    210  5+5   A1D6 35   32              PULS A,X,Y
    211  5+7   A1D8 36   72              PSHU S,Y,X,A
    212  2     A1DA 86   94              LDA #$94
    213  3     A1DC 8E   6999            LDX #$6999
    214  4     A1DF 108E AB9A            LDY #$ab9a
    215  5+5   A1E3 34   32              PSHS A,X,Y
    216  4+1   A1E5 32   E8 28           LEAS 40,S
    217
    218  5+1   A1E8 EC   E8 28           LDD 40,S
    219  5+2   A1EB 36   06              PSHU D
    220  2     A1ED 84   F0              ANDA #$F0
    221  2     A1EF 8A   09              ORA #$09
    222  2     A1F1 C6   99              LDB #$99
    223  5+1   A1F3 ED   E8 28           STD 40,S
    224  5+5   A1F6 35   32              PULS A,X,Y
    225  5+7   A1F8 36   72              PSHU S,Y,X,A
    226  2     A1FA 86   69              LDA #$69
    227  3     A1FC 8E   9999            LDX #$9999
    228  4     A1FF 108E AB9A            LDY #$ab9a
    229  5+5   A203 34   32              PSHS A,X,Y
    230  4+1   A205 32   E8 2A           LEAS 42,S
    231
    232  5+1   A208 EC   E8 26           LDD 38,S
    233  5+2   A20B 36   06              PSHU D
    234  2     A20D 84   F0              ANDA #$F0
    235  2     A20F 8A   09              ORA #$09
    236  2     A211 C6   99              LDB #$99
    237  5+1   A213 ED   E8 26           STD 38,S
    238  5+3   A216 35   12              PULS A,X
    239  5+5   A218 36   52              PSHU S,X,A
    240  3     A21A 8E   AA9A            LDX #$aa9a
    241  5+3   A21D 34   14              PSHS B,X
    242  4+1   A21F 32   E8 28           LEAS 40,S
    243
    244  5+1   A222 EC   E8 26           LDD 38,S
    245  5+2   A225 36   06              PSHU D
    246  2     A227 84   F0              ANDA #$F0
    247  2     A229 8A   06              ORA #$06
    248  2     A22B C6   99              LDB #$99
    249  5+1   A22D ED   E8 26           STD 38,S
    250  5+3   A230 35   12              PULS A,X
    251  5+5   A232 36   52              PSHU S,X,A
    252  3     A234 8E   AA9D            LDX #$aa9d
    253  5+3   A237 34   14              PSHS B,X
    254  4+1   A239 32   E8 28           LEAS 40,S
    255
    256  5+3   A23C 35   12              PULS A,X
    257  5+5   A23E 36   52              PSHU S,X,A
    258  2     A240 86   99              LDA #$99
    259  3     A242 8E   AA9D            LDX #$aa9d
    260  5+3   A245 34   12              PSHS A,X
    261  4+1   A247 32   E8 27           LEAS 39,S
    262
    263  5+4   A24A 35   30              PULS X,Y
    264  5+6   A24C 36   70              PSHU S,Y,X
    265  3     A24E CC   9999            LDD #$9999
    266  3     A251 8E   AA93            LDX #$aa93
    267  5+4   A254 34   16              PSHS D,X
    268  4+1   A256 32   E8 28           LEAS 40,S
    269
    270  5+4   A259 35   30              PULS X,Y
    271  5+6   A25B 36   70              PSHU S,Y,X
    272  3     A25D CC   9999            LDD #$9999
    273  3     A260 8E   AA93            LDX #$aa93
    274  5+4   A263 34   16              PSHS D,X
    275  4+1   A265 32   E8 28           LEAS 40,S
    276
    277  5+4   A268 35   30              PULS X,Y
    278  5+6   A26A 36   70              PSHU S,Y,X
    279  3     A26C CC   9999            LDD #$9999
    280  3     A26F 8E   AA93            LDX #$aa93
    281  5+4   A272 34   16              PSHS D,X
    282  4+1   A274 32   E8 28           LEAS 40,S
    283
    284  5+1   A277 EC   E8 24           LDD 36,S
    285  5+2   A27A 36   06              PSHU D
    286  2     A27C 84   F0              ANDA #$F0
    287  2     A27E 8A   0B              ORA #$0b
    288  2     A280 C6   BB              LDB #$bb
    289  5+1   A282 ED   E8 24           STD 36,S
    290  5+4   A285 35   30              PULS X,Y
    291  5+6   A287 36   70              PSHU S,Y,X
    292  3     A289 CC   9999            LDD #$9999
    293  3     A28C 8E   AA93            LDX #$aa93
    294  5+4   A28F 34   16              PSHS D,X
    295  4+1   A291 32   E8 28           LEAS 40,S
    296
    297  5+1   A294 AE   E8 24           LDX 36,S
    298  5+2   A297 36   10              PSHU X
    299  3     A299 CC   BBAB            LDD #$bbab
    300  5+1   A29C ED   E8 24           STD 36,S
    301  5+4   A29F 35   16              PULS D,X
    302  5+6   A2A1 36   56              PSHU S,X,D
    303  3     A2A3 CC   9999            LDD #$9999
    304  3     A2A6 8E   AA93            LDX #$aa93
    305  5+4   A2A9 34   16              PSHS D,X
    306  4+1   A2AB 32   E8 28           LEAS 40,S
    307
    308  5+1   A2AE AE   E8 24           LDX 36,S
    309  5+2   A2B1 36   10              PSHU X
    310  4+1   A2B3 A6   64              LDA 4,S
    311  5+1   A2B5 36   02              PSHU A
    312  2     A2B7 84   F0              ANDA #$F0
    313  2     A2B9 8A   03              ORA #$03
    314  4+1   A2BB A7   64              STA 4,S
    315  4+1   A2BD A6   E8 26           LDA 38,S
    316  5+1   A2C0 36   02              PSHU A
    317  2     A2C2 84   0F              ANDA #$0F
    318  2     A2C4 8A   B0              ORA #$b0
    319  4+1   A2C6 A7   E8 26           STA 38,S
    320  3     A2C9 CC   BBAA            LDD #$bbaa
    321  5+1   A2CC ED   E8 24           STD 36,S
    322  5+4   A2CF 35   30              PULS X,Y
    323  5+6   A2D1 36   70              PSHU S,Y,X
    324  3     A2D3 CC   9999            LDD #$9999
    325  3     A2D6 8E   AA93            LDX #$aa93
    326  5+4   A2D9 34   16              PSHS D,X
    327  4+1   A2DB 32   E8 28           LEAS 40,S
    328
    329  5+5   A2DE 35   32              PULS A,X,Y
    330  5+7   A2E0 36   72              PSHU S,Y,X,A
    331  2     A2E2 86   99              LDA #$99
    332  3     A2E4 8E   99AA            LDX #$99aa
    333  4     A2E7 108E 9BD3            LDY #$9bd3
    334  5+5   A2EB 34   32              PSHS A,X,Y
    335  4+1   A2ED 32   E8 24           LEAS 36,S
    336
    337  5+3   A2F0 35   12              PULS A,X
    338  5+5   A2F2 36   52              PSHU S,X,A
    339  2     A2F4 86   DB              LDA #$db
    340  3     A2F6 8E   AABB            LDX #$aabb
    341  5+3   A2F9 34   12              PSHS A,X
    342  4+1   A2FB 32   64              LEAS 4,S
    343
    344  5+1   A2FD AE   E8 25           LDX 37,S
    345  5+2   A300 36   10              PSHU X
    346  3     A302 CC   AAAB            LDD #$aaab
    347  5+1   A305 ED   E8 25           STD 37,S
    348  5+5   A308 35   32              PULS A,X,Y
    349  5+7   A30A 36   72              PSHU S,Y,X,A
    350  2     A30C 86   99              LDA #$99
    351  3     A30E 8E   99AA            LDX #$99aa
    352  4     A311 108E AAB3            LDY #$aab3
    353  5+5   A315 34   32              PSHS A,X,Y
    354  4+1   A317 32   E8 28           LEAS 40,S
    355
    356  5+1   A31A AE   E8 25           LDX 37,S
    357  5+2   A31D 36   10              PSHU X
    358  3     A31F CC   AAAA            LDD #$aaaa
    359  5+1   A322 ED   E8 25           STD 37,S
    360  5+5   A325 35   32              PULS A,X,Y
    361  5+7   A327 36   72              PSHU S,Y,X,A
    362  2     A329 86   6D              LDA #$6d
    363  3     A32B 8E   99AA            LDX #$99aa
    364  4     A32E 108E AABB            LDY #$aabb
    365  5+5   A332 34   32              PSHS A,X,Y
    366  4+1   A334 32   E8 28           LEAS 40,S
    367
    368  5+1   A337 AE   E8 25           LDX 37,S
    369  5+2   A33A 36   10              PSHU X
    370  3     A33C CC   AAAA            LDD #$aaaa
    371  5+1   A33F ED   E8 25           STD 37,S
    372  5+5   A342 35   32              PULS A,X,Y
    373  5+7   A344 36   72              PSHU S,Y,X,A
    374  2     A346 86   B6              LDA #$b6
    375  3     A348 8E   B9AA            LDX #$b9aa
    376  4     A34B 108E AAAB            LDY #$aaab
    377  5+5   A34F 34   32              PSHS A,X,Y
    378  4+1   A351 32   E8 28           LEAS 40,S
    379
    380  5+1   A354 AE   E8 25           LDX 37,S
    381  5+2   A357 36   10              PSHU X
    382  3     A359 CC   BAAA            LDD #$baaa
    383  5+1   A35C ED   E8 25           STD 37,S
    384  5+5   A35F 35   32              PULS A,X,Y
    385  5+7   A361 36   72              PSHU S,Y,X,A
    386  2     A363 86   DA              LDA #$da
    387  3     A365 8E   ABAA            LDX #$abaa
    388  4     A368 108E AAAB            LDY #$aaab
    389  5+5   A36C 34   32              PSHS A,X,Y
    390  4+1   A36E 32   E8 28           LEAS 40,S
    391
    392  5+1   A371 AE   E8 25           LDX 37,S
    393  5+2   A374 36   10              PSHU X
    394  3     A376 CC   BAAA            LDD #$baaa
    395  5+1   A379 ED   E8 25           STD 37,S
    396  5+1   A37C EC   E8 27           LDD 39,S
    397  5+2   A37F 36   06              PSHU D
    398  2     A381 84   0F              ANDA #$0F
    399  2     A383 8A   B0              ORA #$b0
    400  2     A385 C6   6B              LDB #$6b
    401  5+1   A387 ED   E8 27           STD 39,S
    402  5+5   A38A 35   32              PULS A,X,Y
    403  5+7   A38C 36   72              PSHU S,Y,X,A
    404  3     A38E 8E   AAAA            LDX #$aaaa
    405  4     A391 108E AAAB            LDY #$aaab
    406  5+5   A395 34   34              PSHS B,X,Y
    407  4+1   A397 32   E8 29           LEAS 41,S
    408
    409  5+1   A39A AE   E8 24           LDX 36,S
    410  5+2   A39D 36   10              PSHU X
    411  5+1   A39F EC   E8 26           LDD 38,S
    412  5+2   A3A2 36   06              PSHU D
    413  2     A3A4 84   0F              ANDA #$0F
    414  2     A3A6 8A   B0              ORA #$b0
    415  2     A3A8 C6   BA              LDB #$ba
    416  5+1   A3AA ED   E8 26           STD 38,S
    417  3     A3AD CC   BBAA            LDD #$bbaa
    418  5+1   A3B0 ED   E8 24           STD 36,S
    419  5+4   A3B3 35   30              PULS X,Y
    420  5+6   A3B5 36   70              PSHU S,Y,X
    421  2     A3B7 86   AA              LDA #$aa
    422  3     A3B9 8E   AAAB            LDX #$aaab
    423  5+4   A3BC 34   16              PSHS D,X
    424  4+1   A3BE 32   E8 28           LEAS 40,S
    425
    426  5+1   A3C1 AE   E8 24           LDX 36,S
    427  5+2   A3C4 36   10              PSHU X
    428  5+1   A3C6 EC   E8 26           LDD 38,S
    429  5+2   A3C9 36   06              PSHU D
    430  2     A3CB 84   0F              ANDA #$0F
    431  2     A3CD 8A   B0              ORA #$b0
    432  2     A3CF C6   BB              LDB #$bb
    433  5+1   A3D1 ED   E8 26           STD 38,S
    434  3     A3D4 CC   DBAA            LDD #$dbaa
    435  5+1   A3D7 ED   E8 24           STD 36,S
    436  5+4   A3DA 35   30              PULS X,Y
    437  5+6   A3DC 36   70              PSHU S,Y,X
    438  2     A3DE 86   AA              LDA #$aa
    439  3     A3E0 8E   AAAB            LDX #$aaab
    440  5+4   A3E3 34   16              PSHS D,X
    441  4+1   A3E5 32   E8 28           LEAS 40,S
    442
    443  5+4   A3E8 35   30              PULS X,Y
    444  5+6   A3EA 36   70              PSHU S,Y,X
    445  3     A3EC CC   AAA4            LDD #$aaa4
    446  3     A3EF 8E   AABD            LDX #$aabd
    447  5+4   A3F2 34   16              PSHS D,X
    448  4+1   A3F4 32   E8 24           LEAS 36,S
    449
    450  5+1   A3F7 AE   66              LDX 6,S
    451  5+2   A3F9 36   10              PSHU X
    452  3     A3FB CC   AABD            LDD #$aabd
    453  5+1   A3FE ED   66              STD 6,S
    454  5+6   A400 35   36              PULS D,X,Y
    455  5+8   A402 36   76              PSHU S,Y,X,D
    456  3     A404 CC   ABAA            LDD #$abaa
    457  3     A407 8E   BBDA            LDX #$bbda
    458  4     A40A 108E AAAD            LDY #$aaad
    459  5+6   A40E 34   36              PSHS D,X,Y
    460  4+1   A410 32   E8 28           LEAS 40,S
    461
    462  5+1   A413 EC   66              LDD 6,S
    463  5+2   A415 36   06              PSHU D
    464  2     A417 86   AA              LDA #$aa
    465  2     A419 C4   0F              ANDB #$0F
    466  2     A41B CA   D0              ORB #$d0
    467  5+1   A41D ED   66              STD 6,S
    468  5+6   A41F 35   36              PULS D,X,Y
    469  5+8   A421 36   76              PSHU S,Y,X,D
    470  3     A423 CC   BBAA            LDD #$bbaa
    471  3     A426 8E   ABBA            LDX #$abba
    472  4     A429 108E AAAA            LDY #$aaaa
    473  5+6   A42D 34   36              PSHS D,X,Y
    474  4+1   A42F 32   E8 28           LEAS 40,S
    475
    476  4+1   A432 A6   66              LDA 6,S
    477  5+1   A434 36   02              PSHU A
    478  2     A436 86   AA              LDA #$aa
    479  4+1   A438 A7   66              STA 6,S
    480  5+6   A43A 35   36              PULS D,X,Y
    481  5+8   A43C 36   76              PSHU S,Y,X,D
    482  3     A43E CC   DBAA            LDD #$dbaa
    483  3     A441 8E   ABDD            LDX #$abdd
    484  4     A444 108E AAAA            LDY #$aaaa
    485  5+6   A448 34   36              PSHS D,X,Y
    486  4+1   A44A 32   E8 28           LEAS 40,S
    487
    488  5+1   A44D EC   63              LDD 3,S
    489  5+2   A44F 36   06              PSHU D
    490  2     A451 84   F0              ANDA #$F0
    491  2     A453 8A   0B              ORA #$0b
    492  2     A455 C6   AA              LDB #$aa
    493  5+1   A457 ED   63              STD 3,S
    494  5+1   A459 AE   65              LDX 5,S
    495  5+2   A45B 36   10              PSHU X
    496  3     A45D CC   AAAA            LDD #$aaaa
    497  5+1   A460 ED   65              STD 5,S
    498  5+3   A462 35   12              PULS A,X
    499  5+5   A464 36   52              PSHU S,X,A
    500  2     A466 86   DB              LDA #$db
    501  3     A468 8E   AAAB            LDX #$aaab
    502  5+3   A46B 34   12              PSHS A,X
    503  4+1   A46D 32   E8 27           LEAS 39,S
    504
    505  5+1   A470 EC   64              LDD 4,S
    506  5+2   A472 36   06              PSHU D
    507  2     A474 84   F0              ANDA #$F0
    508  2     A476 8A   0A              ORA #$0a
    509  2     A478 C6   AA              LDB #$aa
    510  5+1   A47A ED   64              STD 4,S
    511  5+1   A47C AE   66              LDX 6,S
    512  5+2   A47E 36   10              PSHU X
    513  3     A480 CC   AAAB            LDD #$aaab
    514  5+1   A483 ED   66              STD 6,S
    515  5+4   A485 35   16              PULS D,X
    516  5+6   A487 36   56              PSHU S,X,D
    517  3     A489 CC   DDDB            LDD #$dddb
    518  3     A48C 8E   AAAB            LDX #$aaab
    519  5+4   A48F 34   16              PSHS D,X
    520  4+1   A491 32   E8 28           LEAS 40,S
    521
    522  5+1   A494 AE   66              LDX 6,S
    523  5+2   A496 36   10              PSHU X
    524  3     A498 CC   AABD            LDD #$aabd
    525  5+1   A49B ED   66              STD 6,S
    526  5+6   A49D 35   36              PULS D,X,Y
    527  5+8   A49F 36   76              PSHU S,Y,X,D
    528  3     A4A1 CC   BBDB            LDD #$bbdb
    529  3     A4A4 8E   AAAB            LDX #$aaab
    530  4     A4A7 108E BABB            LDY #$babb
    531  5+6   A4AB 34   36              PSHS D,X,Y
    532  4+1   A4AD 32   E8 28           LEAS 40,S
    533
    534  5+1   A4B0 EC   66              LDD 6,S
    535  5+2   A4B2 36   06              PSHU D
    536  2     A4B4 86   BA              LDA #$ba
    537  2     A4B6 C4   0F              ANDB #$0F
    538  2     A4B8 CA   D0              ORB #$d0
    539  5+1   A4BA ED   66              STD 6,S
    540  5+6   A4BC 35   36              PULS D,X,Y
    541  5+8   A4BE 36   76              PSHU S,Y,X,D
    542  3     A4C0 CC   BBDB            LDD #$bbdb
    543  3     A4C3 8E   AAAA            LDX #$aaaa
    544  4     A4C6 108E BDBD            LDY #$bdbd
    545  5+6   A4CA 34   36              PSHS D,X,Y
    546  4+1   A4CC 32   E8 28           LEAS 40,S
    547
    548  5+1   A4CF EC   64              LDD 4,S
    549  5+2   A4D1 36   06              PSHU D
    550  2     A4D3 84   0F              ANDA #$0F
    551  2     A4D5 8A   B0              ORA #$b0
    552  2     A4D7 C6   D4              LDB #$d4
    553  5+1   A4D9 ED   64              STD 4,S
    554  5+1   A4DB EC   66              LDD 6,S
    555  5+2   A4DD 36   06              PSHU D
    556  2     A4DF 86   DD              LDA #$dd
    557  2     A4E1 C4   0F              ANDB #$0F
    558  2     A4E3 CA   40              ORB #$40
    559  5+1   A4E5 ED   66              STD 6,S
    560  5+4   A4E7 35   30              PULS X,Y
    561  5+6   A4E9 36   70              PSHU S,Y,X
    562  3     A4EB CC   BBDB            LDD #$bbdb
    563  3     A4EE 8E   AAAA            LDX #$aaaa
    564  5+4   A4F1 34   16              PSHS D,X
    565  4+1   A4F3 32   E8 28           LEAS 40,S
    566
    567  5+1   A4F6 AE   66              LDX 6,S
    568  5+2   A4F8 36   10              PSHU X
    569  3     A4FA CC   3344            LDD #$3344
    570  5+1   A4FD ED   66              STD 6,S
    571  5+6   A4FF 35   36              PULS D,X,Y
    572  5+8   A501 36   76              PSHU S,Y,X,D
    573  3     A503 CC   BBDB            LDD #$bbdb
    574  3     A506 8E   AAAB            LDX #$aaab
    575  4     A509 108E DA99            LDY #$da99
    576  5+6   A50D 34   36              PSHS D,X,Y
    577  4+1   A50F 32   E8 28           LEAS 40,S
    578
    579  5+1   A512 EC   64              LDD 4,S
    580  5+2   A514 36   06              PSHU D
    581  2     A516 84   F0              ANDA #$F0
    582  2     A518 8A   0A              ORA #$0a
    583  2     A51A C6   97              LDB #$97
    584  5+1   A51C ED   64              STD 4,S
    585  5+1   A51E AE   66              LDX 6,S
    586  5+2   A520 36   10              PSHU X
    587  3     A522 CC   D44D            LDD #$d44d
    588  5+1   A525 ED   66              STD 6,S
    589  4+1   A527 A6   68              LDA 8,S
    590  5+1   A529 36   02              PSHU A
    591  2     A52B 84   F0              ANDA #$F0
    592  2     A52D 8A   0B              ORA #$0b
    593  4+1   A52F A7   68              STA 8,S
    594  5+4   A531 35   30              PULS X,Y
    595  5+6   A533 36   70              PSHU S,Y,X
    596  3     A535 CC   BBDB            LDD #$bbdb
    597  3     A538 8E   AAAB            LDX #$aaab
    598  5+4   A53B 34   16              PSHS D,X
    599  4+1   A53D 32   E8 28           LEAS 40,S
    600
    601  5+1   A540 EC   64              LDD 4,S
    602  5+2   A542 36   06              PSHU D
    603  2     A544 84   F0              ANDA #$F0
    604  2     A546 8A   0B              ORA #$0b
    605  2     A548 C6   97              LDB #$97
    606  5+1   A54A ED   64              STD 4,S
    607  5+4   A54C 35   30              PULS X,Y
    608  5+6   A54E 36   70              PSHU S,Y,X
    609  3     A550 CC   DBDB            LDD #$dbdb
    610  3     A553 8E   AAA9            LDX #$aaa9
    611  5+4   A556 34   16              PSHS D,X
    612  4+1   A558 32   66              LEAS 6,S
    613
    614  5+1   A55A EC   E8 21           LDD 33,S
    615  5+2   A55D 36   06              PSHU D
    616  2     A55F 84   F0              ANDA #$F0
    617  2     A561 C4   F0              ANDB #$F0
    618  4     A563 C3   0D0D            ADDD #$0d0d
    619  5+1   A566 ED   E8 21           STD 33,S
    620  5+3   A569 35   12              PULS A,X
    621  5+5   A56B 36   52              PSHU S,X,A
    622  2     A56D 86   BD              LDA #$bd
    623  3     A56F 8E   DBBB            LDX #$dbbb
    624  5+3   A572 34   12              PSHS A,X
    625  4+1   A574 32   E8 23           LEAS 35,S
    626
    627  5+1   A577 EC   63              LDD 3,S
    628  5+2   A579 36   06              PSHU D
    629  2     A57B 84   F0              ANDA #$F0
    630  2     A57D 8A   0D              ORA #$0d
    631  2     A57F C6   97              LDB #$97
    632  5+1   A581 ED   63              STD 3,S
    633  5+3   A583 35   12              PULS A,X
    634  5+5   A585 36   52              PSHU S,X,A
    635  2     A587 86   DD              LDA #$dd
    636  3     A589 8E   ABA9            LDX #$aba9
    637  5+3   A58C 34   12              PSHS A,X
    638  4+1   A58E 32   65              LEAS 5,S
    639
    640  4+1   A590 A6   E8 21           LDA 33,S
    641  5+1   A593 36   02              PSHU A
    642  2     A595 84   F0              ANDA #$F0
    643  2     A597 8A   0D              ORA #$0d
    644  4+1   A599 A7   E8 21           STA 33,S
    645  5+3   A59C 35   12              PULS A,X
    646  5+5   A59E 36   52              PSHU S,X,A
    647  2     A5A0 86   6B              LDA #$6b
    648  3     A5A2 8E   BAAD            LDX #$baad
    649  5+3   A5A5 34   12              PSHS A,X
    650  4+1   A5A7 32   E8 23           LEAS 35,S
    651
    652  5+3   A5AA 35   12              PULS A,X
    653  5+5   A5AC 36   52              PSHU S,X,A
    654  2     A5AE 86   DD              LDA #$dd
    655  3     A5B0 8E   A9A9            LDX #$a9a9
    656  5+3   A5B3 34   12              PSHS A,X
    657  4+1   A5B5 32   64              LEAS 4,S
    658
    659  5+4   A5B7 35   30              PULS X,Y
    660  5+6   A5B9 36   70              PSHU S,Y,X
    661  3     A5BB CC   999B            LDD #$999b
    662  3     A5BE 8E   AAAB            LDX #$aaab
    663  5+4   A5C1 34   16              PSHS D,X
    664  4+1   A5C3 32   E8 24           LEAS 36,S
    665
    666  5+3   A5C6 35   12              PULS A,X
    667  5+5   A5C8 36   52              PSHU S,X,A
    668  2     A5CA 86   DD              LDA #$dd
    669  3     A5CC 8E   A9B9            LDX #$a9b9
    670  5+3   A5CF 34   12              PSHS A,X
    671  4+1   A5D1 32   64              LEAS 4,S
    672
    673  4+1   A5D3 A6   63              LDA 3,S
    674  5+1   A5D5 36   02              PSHU A
    675  2     A5D7 84   0F              ANDA #$0F
    676  2     A5D9 8A   B0              ORA #$b0
    677  4+1   A5DB A7   63              STA 3,S
    678  5+3   A5DD 35   12              PULS A,X
    679  5+5   A5DF 36   52              PSHU S,X,A
    680  2     A5E1 86   99              LDA #$99
    681  3     A5E3 8E   9AAA            LDX #$9aaa
    682  5+3   A5E6 34   12              PSHS A,X
    683  4+1   A5E8 32   E8 24           LEAS 36,S
    684
    685  5+1   A5EB EC   63              LDD 3,S
    686  5+2   A5ED 36   06              PSHU D
    687  2     A5EF 84   0F              ANDA #$0F
    688  2     A5F1 8A   60              ORA #$60
    689  2     A5F3 C6   99              LDB #$99
    690  5+1   A5F5 ED   63              STD 3,S
    691  5+1   A5F7 AE   65              LDX 5,S
    692  5+2   A5F9 36   10              PSHU X
    693  3     A5FB CC   96AA            LDD #$96aa
    694  5+1   A5FE ED   65              STD 5,S
    695  4+1   A600 A6   67              LDA 7,S
    696  5+1   A602 36   02              PSHU A
    697  2     A604 84   0F              ANDA #$0F
    698  2     A606 8A   B0              ORA #$b0
    699  4+1   A608 A7   67              STA 7,S
    700  5+3   A60A 35   12              PULS A,X
    701  5+5   A60C 36   52              PSHU S,X,A
    702  2     A60E 86   DD              LDA #$dd
    703  3     A610 8E   A999            LDX #$a999
    704  5+3   A613 34   12              PSHS A,X
    705  4+1   A615 32   E8 28           LEAS 40,S
    706
    707  5+1   A618 EC   63              LDD 3,S
    708  5+2   A61A 36   06              PSHU D
    709  2     A61C 84   0F              ANDA #$0F
    710  2     A61E 8A   60              ORA #$60
    711  2     A620 C6   49              LDB #$49
    712  5+1   A622 ED   63              STD 3,S
    713  5+3   A624 35   12              PULS A,X
    714  5+5   A626 36   52              PSHU S,X,A
    715  2     A628 86   DD              LDA #$dd
    716  3     A62A 8E   A999            LDX #$a999
    717  5+3   A62D 34   12              PSHS A,X
    718  4+1   A62F 32   65              LEAS 5,S
    719
    720  5+3   A631 35   12              PULS A,X
    721  5+5   A633 36   52              PSHU S,X,A
    722  2     A635 86   99              LDA #$99
    723  3     A637 8E   AADB            LDX #$aadb
    724  5+3   A63A 34   12              PSHS A,X
    725  4+1   A63C 32   E8 23           LEAS 35,S
    726
    727  5+1   A63F EC   63              LDD 3,S
    728  5+2   A641 36   06              PSHU D
    729  2     A643 84   0F              ANDA #$0F
    730  2     A645 8A   90              ORA #$90
    731  2     A647 C6   69              LDB #$69
    732  5+1   A649 ED   63              STD 3,S
    733  5+1   A64B AE   65              LDX 5,S
    734  5+2   A64D 36   10              PSHU X
    735  3     A64F CC   99AA            LDD #$99aa
    736  5+1   A652 ED   65              STD 5,S
    737  4+1   A654 A6   67              LDA 7,S
    738  5+1   A656 36   02              PSHU A
    739  2     A658 84   0F              ANDA #$0F
    740  2     A65A 8A   A0              ORA #$a0
    741  4+1   A65C A7   67              STA 7,S
    742  5+3   A65E 35   12              PULS A,X
    743  5+5   A660 36   52              PSHU S,X,A
    744  2     A662 86   DD              LDA #$dd
    745  3     A664 8E   B999            LDX #$b999
    746  5+3   A667 34   12              PSHS A,X
    747  4+1   A669 32   E8 28           LEAS 40,S
    748
    749  5+1   A66C EC   63              LDD 3,S
    750  5+2   A66E 36   06              PSHU D
    751  2     A670 84   0F              ANDA #$0F
    752  2     A672 8A   90              ORA #$90
    753  2     A674 C6   69              LDB #$69
    754  5+1   A676 ED   63              STD 3,S
    755  5+1   A678 AE   65              LDX 5,S
    756  5+2   A67A 36   10              PSHU X
    757  3     A67C CC   99AA            LDD #$99aa
    758  5+1   A67F ED   65              STD 5,S
    759  4+1   A681 A6   67              LDA 7,S
    760  5+1   A683 36   02              PSHU A
    761  2     A685 84   0F              ANDA #$0F
    762  2     A687 8A   B0              ORA #$b0
    763  4+1   A689 A7   67              STA 7,S
    764  5+3   A68B 35   12              PULS A,X
    765  5+5   A68D 36   52              PSHU S,X,A
    766  2     A68F 86   DD              LDA #$dd
    767  3     A691 8E   BB99            LDX #$bb99
    768  5+3   A694 34   12              PSHS A,X
    769  4+1   A696 32   E8 28           LEAS 40,S
    770
    771  5+1   A699 EC   66              LDD 6,S
    772  5+2   A69B 36   06              PSHU D
    773  2     A69D 86   AA              LDA #$aa
    774  2     A69F C4   0F              ANDB #$0F
    775  2     A6A1 CA   B0              ORB #$b0
    776  5+1   A6A3 ED   66              STD 6,S
    777  5+6   A6A5 35   36              PULS D,X,Y
    778  5+8   A6A7 36   76              PSHU S,Y,X,D
    779  3     A6A9 CC   DD9B            LDD #$dd9b
    780  3     A6AC 8E   9996            LDX #$9996
    781  4     A6AF 108E 9499            LDY #$9499
    782  5+6   A6B3 34   36              PSHS D,X,Y
    783  4+1   A6B5 32   E8 28           LEAS 40,S
    784
    785  5+6   A6B8 35   36              PULS D,X,Y
    786  5+8   A6BA 36   76              PSHU S,Y,X,D
    787  3     A6BC CC   DD9B            LDD #$dd9b
    788  3     A6BF 8E   9999            LDX #$9999
    789  4     A6C2 108E 9699            LDY #$9699
    790  5+6   A6C6 34   36              PSHS D,X,Y
    791  4+1   A6C8 32   E8 28           LEAS 40,S
    792
    793  4+1   A6CB A6   E8 50           LDA 80,S
    794  5+1   A6CE AE   E8 28           LDX 40,S
    795  5+3   A6D1 36   12              PSHU X,A
    796  3     A6D3 CC   3499            LDD #$3499
    797  5+1   A6D6 ED   E8 28           STD 40,S
    798  2     A6D9 86   44              LDA #$44
    799  4+1   A6DB A7   E8 50           STA 80,S
    800  5+3   A6DE 35   12              PULS A,X
    801  5+5   A6E0 36   52              PSHU S,X,A
    802  2     A6E2 86   DD              LDA #$dd
    803  3     A6E4 8E   9999            LDX #$9999
    804  5+3   A6E7 34   12              PSHS A,X
    805        A6E9               DYN_POS
    806
    807  4     A6E9 10CE 0000            LDS #$0000
    808  4+4   A6ED 32   E9 111E         LEAS 4382,S
    809
    810  4+1   A6F1 A6   E8 D8           LDA -40,S
    811  5+1   A6F4 36   02              PSHU A
    812  2     A6F6 84   F0              ANDA #$F0
    813  2     A6F8 8A   06              ORA #$06
    814  4+1   A6FA A7   E8 D8           STA -40,S
    815  4+0   A6FD A6   E4              LDA ,S
    816  4+1   A6FF E6   E8 28           LDB 40,S
    817  5+4   A702 36   46              PSHU S,B,A
    818  2     A704 86   69              LDA #$69
    819  4+0   A706 A7   E4              STA ,S
    820  2     A708 86   94              LDA #$94
    821  4+1   A70A A7   E8 28           STA 40,S
    822  4+4   A70D 32   E9 00C7         LEAS 199,S
    823
    824  4+1   A711 A6   E8 89           LDA -119,S
    825  5+1   A714 AE   E8 28           LDX 40,S
    826  6+1   A717 10AE E8 24           LDY 36,S
    827  5+5   A71B 36   32              PSHU Y,X,A
    828  5+1   A71D EC   E8 4C           LDD 76,S
    829  5+1   A720 AE   E8 DA           LDX -38,S
    830  5+4   A723 36   16              PSHU X,D
    831  3     A725 CC   A944            LDD #$a944
    832  5+1   A728 ED   E8 24           STD 36,S
    833  3     A72B CC   79BD            LDD #$79bd
    834  5+1   A72E ED   E8 28           STD 40,S
    835  2     A731 86   4D              LDA #$4d
    836  4+1   A733 A7   E8 89           STA -119,S
    837  5+1   A736 EC   E8 B0           LDD -80,S
    838  5+2   A739 36   06              PSHU D
    839  2     A73B 84   F0              ANDA #$F0
    840  2     A73D 8A   06              ORA #$06
    841  2     A73F C6   DD              LDB #$dd
    842  5+1   A741 ED   E8 B0           STD -80,S
    843  5+1   A744 EC   E8 D8           LDD -40,S
    844  5+2   A747 36   06              PSHU D
    845  2     A749 84   F0              ANDA #$F0
    846  2     A74B 8A   07              ORA #$07
    847  2     A74D C6   BD              LDB #$bd
    848  5+1   A74F ED   E8 D8           STD -40,S
    849  4+1   A752 A6   7C              LDA -4,S
    850  4+1   A754 E6   E8 2A           LDB 42,S
    851  5+2   A757 36   06              PSHU B,A
    852  2     A759 C4   0F              ANDB #$0F
    853  2     A75B CA   40              ORB #$40
    854  4+1   A75D E7   E8 2A           STB 42,S
    855  3     A760 CC   6666            LDD #$6666
    856  5+1   A763 ED   E8 DA           STD -38,S
    857  2     A766 86   79              LDA #$79
    858  5+1   A768 ED   E8 4C           STD 76,S
    859  2     A76B 86   64              LDA #$64
    860  4+1   A76D A7   7C              STA -4,S
    861  5+3   A76F 35   12              PULS A,X
    862  5+5   A771 36   52              PSHU S,X,A
    863  2     A773 86   69              LDA #$69
    864  3     A775 8E   BB94            LDX #$bb94
    865  5+3   A778 34   12              PSHS A,X
    866  4+1   A77A 32   E8 4F           LEAS 79,S
    867
    868  5+1   A77D AE   E8 25           LDX 37,S
    869  5+2   A780 36   10              PSHU X
    870  3     A782 CC   7499            LDD #$7499
    871  5+1   A785 ED   E8 25           STD 37,S
    872  5+1   A788 EC   E8 27           LDD 39,S
    873  5+2   A78B 36   06              PSHU D
    874  2     A78D 84   0F              ANDA #$0F
    875  2     A78F 8A   40              ORA #$40
    876  2     A791 C6   99              LDB #$99
    877  5+1   A793 ED   E8 27           STD 39,S
    878  5+3   A796 35   12              PULS A,X
    879  5+5   A798 36   52              PSHU S,X,A
    880  2     A79A 86   66              LDA #$66
    881  3     A79C 8E   69B6            LDX #$69b6
    882  5+3   A79F 34   12              PSHS A,X
    883  4+1   A7A1 32   E8 29           LEAS 41,S
    884
    885  5+3   A7A4 35   12              PULS A,X
    886  5+5   A7A6 36   52              PSHU S,X,A
    887  2     A7A8 86   96              LDA #$96
    888  3     A7AA 8E   6966            LDX #$6966
    889  5+3   A7AD 34   12              PSHS A,X
    890  4+1   A7AF 32   E8 24           LEAS 36,S
    891
    892  4+1   A7B2 A6   66              LDA 6,S
    893  5+1   A7B4 36   02              PSHU A
    894  2     A7B6 86   99              LDA #$99
    895  4+1   A7B8 A7   66              STA 6,S
    896  5+6   A7BA 35   36              PULS D,X,Y
    897  5+8   A7BC 36   76              PSHU S,Y,X,D
    898  3     A7BE CC   94D9            LDD #$94d9
    899  3     A7C1 8E   6499            LDX #$6499
    900  4     A7C4 108E 9996            LDY #$9996
    901  5+6   A7C8 34   36              PSHS D,X,Y
    902  4+1   A7CA 32   E8 28           LEAS 40,S
    903
    904  5+1   A7CD EC   66              LDD 6,S
    905  5+2   A7CF 36   06              PSHU D
    906  2     A7D1 86   44              LDA #$44
    907  2     A7D3 C4   0F              ANDB #$0F
    908  2     A7D5 CA   60              ORB #$60
    909  5+1   A7D7 ED   66              STD 6,S
    910  5+6   A7D9 35   36              PULS D,X,Y
    911  5+8   A7DB 36   76              PSHU S,Y,X,D
    912  3     A7DD CC   64DD            LDD #$64dd
    913  3     A7E0 8E   9699            LDX #$9699
    914  4     A7E3 108E 9999            LDY #$9999
    915  5+6   A7E7 34   36              PSHS D,X,Y
    916  4+1   A7E9 32   E8 28           LEAS 40,S
    917
    918  5+1   A7EC EC   66              LDD 6,S
    919  5+2   A7EE 36   06              PSHU D
    920  2     A7F0 84   0F              ANDA #$0F
    921  2     A7F2 C4   F0              ANDB #$F0
    922  4     A7F4 C3   4006            ADDD #$4006
    923  5+1   A7F7 ED   66              STD 6,S
    924  5+6   A7F9 35   36              PULS D,X,Y
    925  5+8   A7FB 36   76              PSHU S,Y,X,D
    926  3     A7FD CC   69BB            LDD #$69bb
    927  3     A800 8E   9999            LDX #$9999
    928  4     A803 108E 9999            LDY #$9999
    929  5+6   A807 34   36              PSHS D,X,Y
    930  4+1   A809 32   E8 28           LEAS 40,S
    931
    932  4+1   A80C A6   66              LDA 6,S
    933  5+1   A80E 36   02              PSHU A
    934  2     A810 86   94              LDA #$94
    935  4+1   A812 A7   66              STA 6,S
    936  5+6   A814 35   36              PULS D,X,Y
    937  5+8   A816 36   76              PSHU S,Y,X,D
    938  3     A818 CC   69BB            LDD #$69bb
    939  3     A81B 8E   9999            LDX #$9999
    940  4     A81E 108E 9994            LDY #$9994
    941  5+6   A822 34   36              PSHS D,X,Y
    942  4+1   A824 32   E8 28           LEAS 40,S
    943
    944  5+1   A827 EC   E8 28           LDD 40,S
    945  5+2   A82A 36   06              PSHU D
    946  2     A82C 84   F0              ANDA #$F0
    947  2     A82E 8A   09              ORA #$09
    948  2     A830 C6   AB              LDB #$ab
    949  5+1   A832 ED   E8 28           STD 40,S
    950  4+1   A835 A6   66              LDA 6,S
    951  5+1   A837 36   02              PSHU A
    952  2     A839 86   96              LDA #$96
    953  4+1   A83B A7   66              STA 6,S
    954  5+6   A83D 35   36              PULS D,X,Y
    955  5+8   A83F 36   76              PSHU S,Y,X,D
    956  3     A841 CC   69AB            LDD #$69ab
    957  3     A844 8E   6999            LDX #$6999
    958  4     A847 108E 9999            LDY #$9999
    959  5+6   A84B 34   36              PSHS D,X,Y
    960  4+1   A84D 32   E8 2A           LEAS 42,S
    961
    962  5+1   A850 EC   E8 26           LDD 38,S
    963  5+2   A853 36   06              PSHU D
    964  2     A855 84   F0              ANDA #$F0
    965  2     A857 8A   09              ORA #$09
    966  2     A859 C6   AB              LDB #$ab
    967  5+1   A85B ED   E8 26           STD 38,S
    968  5+5   A85E 35   32              PULS A,X,Y
    969  5+7   A860 36   72              PSHU S,Y,X,A
    970  2     A862 86   99              LDA #$99
    971  3     A864 8E   9999            LDX #$9999
    972  4     A867 108E 9944            LDY #$9944
    973  5+5   A86B 34   32              PSHS A,X,Y
    974  4+1   A86D 32   E8 28           LEAS 40,S
    975
    976  5+1   A870 EC   E8 26           LDD 38,S
    977  5+2   A873 36   06              PSHU D
    978  2     A875 84   F0              ANDA #$F0
    979  2     A877 8A   09              ORA #$09
    980  2     A879 C6   AB              LDB #$ab
    981  5+1   A87B ED   E8 26           STD 38,S
    982  5+4   A87E 35   30              PULS X,Y
    983  5+6   A880 36   70              PSHU S,Y,X
    984  3     A882 CC   9999            LDD #$9999
    985  3     A885 8E   9999            LDX #$9999
    986  5+4   A888 34   16              PSHS D,X
    987  4+1   A88A 32   E8 28           LEAS 40,S
    988
    989  5+1   A88D EC   E8 26           LDD 38,S
    990  5+2   A890 36   06              PSHU D
    991  2     A892 84   F0              ANDA #$F0
    992  2     A894 8A   06              ORA #$06
    993  2     A896 C6   BB              LDB #$bb
    994  5+1   A898 ED   E8 26           STD 38,S
    995  4+1   A89B A6   65              LDA 5,S
    996  5+1   A89D 36   02              PSHU A
    997  2     A89F 84   0F              ANDA #$0F
    998  2     A8A1 8A   60              ORA #$60
    999  4+1   A8A3 A7   65              STA 5,S
   1000  5+4   A8A5 35   30              PULS X,Y
   1001  5+6   A8A7 36   70              PSHU S,Y,X
   1002  3     A8A9 CC   7799            LDD #$7799
   1003  3     A8AC 8E   9994            LDX #$9994
   1004  5+4   A8AF 34   16              PSHS D,X
   1005  4+1   A8B1 32   E8 28           LEAS 40,S
   1006
   1007  5+1   A8B4 EC   E8 26           LDD 38,S
   1008  5+2   A8B7 36   06              PSHU D
   1009  2     A8B9 84   F0              ANDA #$F0
   1010  2     A8BB 8A   06              ORA #$06
   1011  2     A8BD C6   BA              LDB #$ba
   1012  5+1   A8BF ED   E8 26           STD 38,S
   1013  4+1   A8C2 A6   65              LDA 5,S
   1014  5+1   A8C4 36   02              PSHU A
   1015  2     A8C6 84   0F              ANDA #$0F
   1016  2     A8C8 8A   40              ORA #$40
   1017  4+1   A8CA A7   65              STA 5,S
   1018  5+4   A8CC 35   30              PULS X,Y
   1019  5+6   A8CE 36   70              PSHU S,Y,X
   1020  3     A8D0 CC   A799            LDD #$a799
   1021  3     A8D3 8E   9996            LDX #$9996
   1022  5+4   A8D6 34   16              PSHS D,X
   1023  4+1   A8D8 32   E8 28           LEAS 40,S
   1024
   1025  4+1   A8DB A6   65              LDA 5,S
   1026  5+1   A8DD 36   02              PSHU A
   1027  2     A8DF 84   F0              ANDA #$F0
   1028  2     A8E1 8A   06              ORA #$06
   1029  4+1   A8E3 A7   65              STA 5,S
   1030  5+4   A8E5 35   30              PULS X,Y
   1031  5+6   A8E7 36   70              PSHU S,Y,X
   1032  3     A8E9 CC   A799            LDD #$a799
   1033  3     A8EC 8E   9999            LDX #$9999
   1034  5+4   A8EF 34   16              PSHS D,X
   1035  4+1   A8F1 32   E8 27           LEAS 39,S
   1036
   1037  5+5   A8F4 35   32              PULS A,X,Y
   1038  5+7   A8F6 36   72              PSHU S,Y,X,A
   1039  2     A8F8 86   AB              LDA #$ab
   1040  3     A8FA 8E   7799            LDX #$7799
   1041  4     A8FD 108E 9999            LDY #$9999
   1042  5+5   A901 34   32              PSHS A,X,Y
   1043  4+1   A903 32   E8 28           LEAS 40,S
   1044
   1045  5+5   A906 35   32              PULS A,X,Y
   1046  5+7   A908 36   72              PSHU S,Y,X,A
   1047  2     A90A 86   BB              LDA #$bb
   1048  3     A90C 8E   7999            LDX #$7999
   1049  4     A90F 108E 9999            LDY #$9999
   1050  5+5   A913 34   32              PSHS A,X,Y
   1051  4+1   A915 32   E8 28           LEAS 40,S
   1052
   1053  5+5   A918 35   32              PULS A,X,Y
   1054  5+7   A91A 36   72              PSHU S,Y,X,A
   1055  2     A91C 86   BB              LDA #$bb
   1056  3     A91E 8E   799A            LDX #$799a
   1057  4     A921 108E 9999            LDY #$9999
   1058  5+5   A925 34   32              PSHS A,X,Y
   1059  4+1   A927 32   E8 28           LEAS 40,S
   1060
   1061  5+5   A92A 35   32              PULS A,X,Y
   1062  5+7   A92C 36   72              PSHU S,Y,X,A
   1063  2     A92E 86   4B              LDA #$4b
   1064  3     A930 8E   999A            LDX #$999a
   1065  4     A933 108E 9999            LDY #$9999
   1066  5+5   A937 34   32              PSHS A,X,Y
   1067  4+1   A939 32   E8 28           LEAS 40,S
   1068
   1069  5+5   A93C 35   32              PULS A,X,Y
   1070  5+7   A93E 36   72              PSHU S,Y,X,A
   1071  2     A940 86   46              LDA #$46
   1072  3     A942 8E   999A            LDX #$999a
   1073  4     A945 108E 9999            LDY #$9999
   1074  5+5   A949 34   32              PSHS A,X,Y
   1075  4+1   A94B 32   E8 28           LEAS 40,S
   1076
   1077  5+5   A94E 35   32              PULS A,X,Y
   1078  5+7   A950 36   72              PSHU S,Y,X,A
   1079  2     A952 86   96              LDA #$96
   1080  3     A954 8E   999A            LDX #$999a
   1081  4     A957 108E 7999            LDY #$7999
   1082  5+5   A95B 34   32              PSHS A,X,Y
   1083  4+1   A95D 32   E8 28           LEAS 40,S
   1084
   1085  5+5   A960 35   32              PULS A,X,Y
   1086  5+7   A962 36   72              PSHU S,Y,X,A
   1087  2     A964 86   99              LDA #$99
   1088  3     A966 8E   996A            LDX #$996a
   1089  4     A969 108E 7999            LDY #$7999
   1090  5+5   A96D 34   32              PSHS A,X,Y
   1091  4+1   A96F 32   E8 28           LEAS 40,S
   1092
   1093  5+5   A972 35   32              PULS A,X,Y
   1094  5+7   A974 36   72              PSHU S,Y,X,A
   1095  2     A976 86   99              LDA #$99
   1096  3     A978 8E   99DA            LDX #$99da
   1097  4     A97B 108E 7996            LDY #$7996
   1098  5+5   A97F 34   32              PSHS A,X,Y
   1099  4+1   A981 32   E8 28           LEAS 40,S
   1100
   1101  5+5   A984 35   32              PULS A,X,Y
   1102  5+7   A986 36   72              PSHU S,Y,X,A
   1103  2     A988 86   69              LDA #$69
   1104  3     A98A 8E   99DB            LDX #$99db
   1105  4     A98D 108E 7996            LDY #$7996
   1106  5+5   A991 34   32              PSHS A,X,Y
   1107  4+1   A993 32   E8 28           LEAS 40,S
   1108
   1109  4+1   A996 A6   E8 25           LDA 37,S
   1110  5+1   A999 36   02              PSHU A
   1111  2     A99B 86   BB              LDA #$bb
   1112  4+1   A99D A7   E8 25           STA 37,S
   1113  5+5   A9A0 35   32              PULS A,X,Y
   1114  5+7   A9A2 36   72              PSHU S,Y,X,A
   1115  2     A9A4 86   69              LDA #$69
   1116  3     A9A6 8E   99BB            LDX #$99bb
   1117  4     A9A9 108E 7996            LDY #$7996
   1118  5+5   A9AD 34   32              PSHS A,X,Y
   1119  4+1   A9AF 32   E8 28           LEAS 40,S
   1120
   1121  5+1   A9B2 AE   E8 25           LDX 37,S
   1122  5+2   A9B5 36   10              PSHU X
   1123  3     A9B7 CC   BBBB            LDD #$bbbb
   1124  5+1   A9BA ED   E8 25           STD 37,S
   1125  5+1   A9BD EC   E8 28           LDD 40,S
   1126  5+2   A9C0 36   06              PSHU D
   1127  2     A9C2 84   F0              ANDA #$F0
   1128  2     A9C4 8A   09              ORA #$09
   1129  2     A9C6 C6   99              LDB #$99
   1130  5+1   A9C8 ED   E8 28           STD 40,S
   1131  5+5   A9CB 35   32              PULS A,X,Y
   1132  5+7   A9CD 36   72              PSHU S,Y,X,A
   1133  2     A9CF 86   69              LDA #$69
   1134  3     A9D1 8E   99DD            LDX #$99dd
   1135  4     A9D4 108E 7996            LDY #$7996
   1136  5+5   A9D8 34   32              PSHS A,X,Y
   1137  4+1   A9DA 32   E8 2A           LEAS 42,S
   1138
   1139  5+1   A9DD EC   E8 22           LDD 34,S
   1140  5+2   A9E0 36   06              PSHU D
   1141  2     A9E2 84   F0              ANDA #$F0
   1142  2     A9E4 8A   0B              ORA #$0b
   1143  2     A9E6 C6   BA              LDB #$ba
   1144  5+1   A9E8 ED   E8 22           STD 34,S
   1145  5+1   A9EB EC   E8 26           LDD 38,S
   1146  5+2   A9EE 36   06              PSHU D
   1147  2     A9F0 84   F0              ANDA #$F0
   1148  2     A9F2 8A   09              ORA #$09
   1149  2     A9F4 C6   99              LDB #$99
   1150  5+1   A9F6 ED   E8 26           STD 38,S
   1151  4+1   A9F9 A6   E8 24           LDA 36,S
   1152  5+1   A9FC 36   02              PSHU A
   1153  2     A9FE 86   AB              LDA #$ab
   1154  4+1   AA00 A7   E8 24           STA 36,S
   1155  5+4   AA03 35   30              PULS X,Y
   1156  5+6   AA05 36   70              PSHU S,Y,X
   1157  3     AA07 CC   3379            LDD #$3379
   1158  3     AA0A 8E   66DB            LDX #$66db
   1159  5+4   AA0D 34   16              PSHS D,X
   1160  4+1   AA0F 32   E8 28           LEAS 40,S
   1161
   1162  5+1   AA12 EC   E8 22           LDD 34,S
   1163  5+2   AA15 36   06              PSHU D
   1164  2     AA17 84   F0              ANDA #$F0
   1165  2     AA19 8A   0D              ORA #$0d
   1166  2     AA1B C6   BA              LDB #$ba
   1167  5+1   AA1D ED   E8 22           STD 34,S
   1168  5+1   AA20 EC   E8 26           LDD 38,S
   1169  5+2   AA23 36   06              PSHU D
   1170  2     AA25 84   F0              ANDA #$F0
   1171  2     AA27 8A   06              ORA #$06
   1172  2     AA29 C6   99              LDB #$99
   1173  5+1   AA2B ED   E8 26           STD 38,S
   1174  4+1   AA2E A6   E8 24           LDA 36,S
   1175  5+1   AA31 36   02              PSHU A
   1176  2     AA33 86   AA              LDA #$aa
   1177  4+1   AA35 A7   E8 24           STA 36,S
   1178  5+4   AA38 35   30              PULS X,Y
   1179  5+6   AA3A 36   70              PSHU S,Y,X
   1180  3     AA3C CC   3379            LDD #$3379
   1181  3     AA3F 8E   BBA3            LDX #$bba3
   1182  5+4   AA42 34   16              PSHS D,X
   1183  4+1   AA44 32   E8 28           LEAS 40,S
   1184
   1185  5+1   AA47 EC   E8 22           LDD 34,S
   1186  5+2   AA4A 36   06              PSHU D
   1187  2     AA4C 84   0F              ANDA #$0F
   1188  2     AA4E 8A   B0              ORA #$b0
   1189  2     AA50 C6   DA              LDB #$da
   1190  5+1   AA52 ED   E8 22           STD 34,S
   1191  5+1   AA55 EC   E8 26           LDD 38,S
   1192  5+2   AA58 36   06              PSHU D
   1193  2     AA5A 84   F0              ANDA #$F0
   1194  2     AA5C 8A   06              ORA #$06
   1195  2     AA5E C6   B9              LDB #$b9
   1196  5+1   AA60 ED   E8 26           STD 38,S
   1197  4+1   AA63 A6   63              LDA 3,S
   1198  5+1   AA65 36   02              PSHU A
   1199  2     AA67 84   0F              ANDA #$0F
   1200  2     AA69 8A   30              ORA #$30
   1201  4+1   AA6B A7   63              STA 3,S
   1202  5+1   AA6D EC   E8 24           LDD 36,S
   1203  5+2   AA70 36   06              PSHU D
   1204  2     AA72 86   AA              LDA #$aa
   1205  2     AA74 C4   0F              ANDB #$0F
   1206  2     AA76 CA   B0              ORB #$b0
   1207  5+1   AA78 ED   E8 24           STD 36,S
   1208  5+3   AA7B 35   12              PULS A,X
   1209  5+5   AA7D 36   52              PSHU S,X,A
   1210  2     AA7F 86   33              LDA #$33
   1211  3     AA81 8E   79AA            LDX #$79aa
   1212  5+3   AA84 34   12              PSHS A,X
   1213  4+1   AA86 32   E8 28           LEAS 40,S
   1214
   1215  5+1   AA89 EC   E8 23           LDD 35,S
   1216  5+2   AA8C 36   06              PSHU D
   1217  2     AA8E 84   F0              ANDA #$F0
   1218  2     AA90 8A   0B              ORA #$0b
   1219  2     AA92 C6   AA              LDB #$aa
   1220  5+1   AA94 ED   E8 23           STD 35,S
   1221  4+1   AA97 A6   63              LDA 3,S
   1222  5+1   AA99 36   02              PSHU A
   1223  2     AA9B 84   0F              ANDA #$0F
   1224  2     AA9D 8A   D0              ORA #$d0
   1225  4+1   AA9F A7   63              STA 3,S
   1226  5+1   AAA1 EC   E8 25           LDD 37,S
   1227  5+2   AAA4 36   06              PSHU D
   1228  2     AAA6 84   0F              ANDA #$0F
   1229  2     AAA8 C4   F0              ANDB #$F0
   1230  4     AAAA C3   B00B            ADDD #$b00b
   1231  5+1   AAAD ED   E8 25           STD 37,S
   1232  5+3   AAB0 35   12              PULS A,X
   1233  5+5   AAB2 36   52              PSHU S,X,A
   1234  2     AAB4 86   3D              LDA #$3d
   1235  3     AAB6 8E   7AAA            LDX #$7aaa
   1236  5+3   AAB9 34   12              PSHS A,X
   1237  4+1   AABB 32   E8 27           LEAS 39,S
   1238
   1239  5+1   AABE EC   E8 24           LDD 36,S
   1240  5+2   AAC1 36   06              PSHU D
   1241  2     AAC3 84   F0              ANDA #$F0
   1242  2     AAC5 8A   0D              ORA #$0d
   1243  2     AAC7 C6   AA              LDB #$aa
   1244  5+1   AAC9 ED   E8 24           STD 36,S
   1245  4+1   AACC A6   E8 26           LDA 38,S
   1246  4+1   AACF E6   64              LDB 4,S
   1247  5+2   AAD1 36   06              PSHU B,A
   1248  2     AAD3 C4   0F              ANDB #$0F
   1249  2     AAD5 CA   B0              ORB #$b0
   1250  4+1   AAD7 E7   64              STB 4,S
   1251  2     AAD9 86   AB              LDA #$ab
   1252  4+1   AADB A7   E8 26           STA 38,S
   1253  5+4   AADE 35   30              PULS X,Y
   1254  5+6   AAE0 36   70              PSHU S,Y,X
   1255  3     AAE2 CC   DBDA            LDD #$dbda
   1256  3     AAE5 8E   AAAA            LDX #$aaaa
   1257  5+4   AAE8 34   16              PSHS D,X
   1258  4+1   AAEA 32   E8 28           LEAS 40,S
   1259
   1260  5+1   AAED AE   E8 25           LDX 37,S
   1261  5+2   AAF0 36   10              PSHU X
   1262  4+1   AAF2 A6   64              LDA 4,S
   1263  5+1   AAF4 36   02              PSHU A
   1264  2     AAF6 84   0F              ANDA #$0F
   1265  2     AAF8 8A   B0              ORA #$b0
   1266  4+1   AAFA A7   64              STA 4,S
   1267  3     AAFC CC   AAAB            LDD #$aaab
   1268  5+1   AAFF ED   E8 25           STD 37,S
   1269  5+4   AB02 35   30              PULS X,Y
   1270  5+6   AB04 36   70              PSHU S,Y,X
   1271  3     AB06 CC   BAAA            LDD #$baaa
   1272  3     AB09 8E   AAAA            LDX #$aaaa
   1273  5+4   AB0C 34   16              PSHS D,X
   1274  4+1   AB0E 32   E8 28           LEAS 40,S
   1275
   1276  5+1   AB11 EC   E8 24           LDD 36,S
   1277  5+2   AB14 36   06              PSHU D
   1278  2     AB16 84   0F              ANDA #$0F
   1279  2     AB18 8A   B0              ORA #$b0
   1280  2     AB1A C6   AA              LDB #$aa
   1281  5+1   AB1C ED   E8 24           STD 36,S
   1282  4+1   AB1F A6   E8 26           LDA 38,S
   1283  4+1   AB22 E6   64              LDB 4,S
   1284  5+2   AB24 36   06              PSHU B,A
   1285  2     AB26 C4   0F              ANDB #$0F
   1286  2     AB28 CA   B0              ORB #$b0
   1287  4+1   AB2A E7   64              STB 4,S
   1288  2     AB2C 86   AB              LDA #$ab
   1289  4+1   AB2E A7   E8 26           STA 38,S
   1290  5+4   AB31 35   30              PULS X,Y
   1291  5+6   AB33 36   70              PSHU S,Y,X
   1292  2     AB35 86   AA              LDA #$aa
   1293  3     AB37 8E   AAAA            LDX #$aaaa
   1294  5+4   AB3A 34   16              PSHS D,X
   1295  4+1   AB3C 32   E8 28           LEAS 40,S
   1296
   1297  5+1   AB3F EC   E8 24           LDD 36,S
   1298  5+2   AB42 36   06              PSHU D
   1299  2     AB44 84   F0              ANDA #$F0
   1300  2     AB46 8A   0B              ORA #$0b
   1301  2     AB48 C6   AA              LDB #$aa
   1302  5+1   AB4A ED   E8 24           STD 36,S
   1303  4+1   AB4D A6   64              LDA 4,S
   1304  5+1   AB4F 36   02              PSHU A
   1305  2     AB51 84   0F              ANDA #$0F
   1306  2     AB53 8A   D0              ORA #$d0
   1307  4+1   AB55 A7   64              STA 4,S
   1308  5+1   AB57 EC   E8 26           LDD 38,S
   1309  5+2   AB5A 36   06              PSHU D
   1310  2     AB5C 86   AA              LDA #$aa
   1311  2     AB5E C4   F0              ANDB #$F0
   1312  2     AB60 CA   0B              ORB #$0b
   1313  5+1   AB62 ED   E8 26           STD 38,S
   1314  5+4   AB65 35   30              PULS X,Y
   1315  5+6   AB67 36   70              PSHU S,Y,X
   1316  3     AB69 CC   AAAA            LDD #$aaaa
   1317  3     AB6C 8E   AAAA            LDX #$aaaa
   1318  5+4   AB6F 34   16              PSHS D,X
   1319  4+1   AB71 32   E8 28           LEAS 40,S
   1320
   1321  5+1   AB74 EC   E8 24           LDD 36,S
   1322  5+2   AB77 36   06              PSHU D
   1323  2     AB79 84   F0              ANDA #$F0
   1324  2     AB7B 8A   0D              ORA #$0d
   1325  2     AB7D C6   AA              LDB #$aa
   1326  5+1   AB7F ED   E8 24           STD 36,S
   1327  4+1   AB82 A6   64              LDA 4,S
   1328  5+1   AB84 36   02              PSHU A
   1329  2     AB86 84   0F              ANDA #$0F
   1330  2     AB88 8A   D0              ORA #$d0
   1331  4+1   AB8A A7   64              STA 4,S
   1332  5+4   AB8C 35   30              PULS X,Y
   1333  5+6   AB8E 36   70              PSHU S,Y,X
   1334  3     AB90 CC   AAAA            LDD #$aaaa
   1335  3     AB93 8E   93AA            LDX #$93aa
   1336  5+4   AB96 34   16              PSHS D,X
   1337  4+1   AB98 32   E8 26           LEAS 38,S
   1338
   1339  5+1   AB9B AE   E8 27           LDX 39,S
   1340  5+2   AB9E 36   10              PSHU X
   1341  3     ABA0 CC   AAAA            LDD #$aaaa
   1342  5+1   ABA3 ED   E8 27           STD 39,S
   1343  5+6   ABA6 35   36              PULS D,X,Y
   1344  5+8   ABA8 36   76              PSHU S,Y,X,D
   1345  3     ABAA CC   AABB            LDD #$aabb
   1346  3     ABAD 8E   AAAA            LDX #$aaaa
   1347  4     ABB0 108E 63AA            LDY #$63aa
   1348  5+6   ABB4 34   36              PSHS D,X,Y
   1349  4+1   ABB6 32   E8 2A           LEAS 42,S
   1350
   1351  5+1   ABB9 AE   E8 25           LDX 37,S
   1352  5+2   ABBC 36   10              PSHU X
   1353  3     ABBE CC   AAAA            LDD #$aaaa
   1354  5+1   ABC1 ED   E8 25           STD 37,S
   1355  5+4   ABC4 35   16              PULS D,X
   1356  5+6   ABC6 36   56              PSHU S,X,D
   1357  3     ABC8 CC   AAAA            LDD #$aaaa
   1358  3     ABCB 8E   64AA            LDX #$64aa
   1359  5+4   ABCE 34   16              PSHS D,X
   1360  4+1   ABD0 32   E8 28           LEAS 40,S
   1361
   1362  5+1   ABD3 AE   E8 25           LDX 37,S
   1363  5+2   ABD6 36   10              PSHU X
   1364  5+1   ABD8 EC   E8 27           LDD 39,S
   1365  5+2   ABDB 36   06              PSHU D
   1366  2     ABDD 84   F0              ANDA #$F0
   1367  2     ABDF 8A   0D              ORA #$0d
   1368  2     ABE1 C6   AA              LDB #$aa
   1369  5+1   ABE3 ED   E8 27           STD 39,S
   1370  3     ABE6 CC   BAAA            LDD #$baaa
   1371  5+1   ABE9 ED   E8 25           STD 37,S
   1372  5+4   ABEC 35   30              PULS X,Y
   1373  5+6   ABEE 36   70              PSHU S,Y,X
   1374  2     ABF0 86   AA              LDA #$aa
   1375  3     ABF2 8E   66AB            LDX #$66ab
   1376  5+4   ABF5 34   16              PSHS D,X
   1377  4+1   ABF7 32   E8 29           LEAS 41,S
   1378
   1379  5+1   ABFA AE   E8 24           LDX 36,S
   1380  5+2   ABFD 36   10              PSHU X
   1381  3     ABFF CC   BAAA            LDD #$baaa
   1382  5+1   AC02 ED   E8 24           STD 36,S
   1383  5+3   AC05 35   12              PULS A,X
   1384  5+5   AC07 36   52              PSHU S,X,A
   1385  3     AC09 8E   D6AD            LDX #$d6ad
   1386  5+3   AC0C 34   14              PSHS B,X
   1387  4+1   AC0E 32   E8 27           LEAS 39,S
   1388
   1389  5+1   AC11 EC   E8 24           LDD 36,S
   1390  5+2   AC14 36   06              PSHU D
   1391  2     AC16 84   0F              ANDA #$0F
   1392  2     AC18 8A   D0              ORA #$d0
   1393  2     AC1A C6   BA              LDB #$ba
   1394  5+1   AC1C ED   E8 24           STD 36,S
   1395  4+1   AC1F A6   63              LDA 3,S
   1396  5+1   AC21 36   02              PSHU A
   1397  2     AC23 84   0F              ANDA #$0F
   1398  2     AC25 8A   D0              ORA #$d0
   1399  4+1   AC27 A7   63              STA 3,S
   1400  5+1   AC29 EC   E8 26           LDD 38,S
   1401  5+2   AC2C 36   06              PSHU D
   1402  2     AC2E 86   AA              LDA #$aa
   1403  2     AC30 C4   0F              ANDB #$0F
   1404  2     AC32 CA   B0              ORB #$b0
   1405  5+1   AC34 ED   E8 26           STD 38,S
   1406  5+3   AC37 35   12              PULS A,X
   1407  5+5   AC39 36   52              PSHU S,X,A
   1408  2     AC3B 86   AA              LDA #$aa
   1409  3     AC3D 8E   AAAA            LDX #$aaaa
   1410  5+3   AC40 34   12              PSHS A,X
   1411  4+1   AC42 32   E8 28           LEAS 40,S
   1412
   1413  5+1   AC45 EC   E8 23           LDD 35,S
   1414  5+2   AC48 36   06              PSHU D
   1415  2     AC4A 84   F0              ANDA #$F0
   1416  2     AC4C 8A   0D              ORA #$0d
   1417  2     AC4E C6   BD              LDB #$bd
   1418  5+1   AC50 ED   E8 23           STD 35,S
   1419  5+1   AC53 EC   E8 27           LDD 39,S
   1420  5+2   AC56 36   06              PSHU D
   1421  2     AC58 84   0F              ANDA #$0F
   1422  2     AC5A 8A   B0              ORA #$b0
   1423  2     AC5C C6   AA              LDB #$aa
   1424  5+1   AC5E ED   E8 27           STD 39,S
   1425  5+1   AC61 EC   E8 4B           LDD 75,S
   1426  5+2   AC64 36   06              PSHU D
   1427  2     AC66 84   F0              ANDA #$F0
   1428  2     AC68 8A   0B              ORA #$0b
   1429  2     AC6A C6   BB              LDB #$bb
   1430  5+1   AC6C ED   E8 4B           STD 75,S
   1431  5+1   AC6F EC   E8 4F           LDD 79,S
   1432  5+2   AC72 36   06              PSHU D
   1433  2     AC74 84   0F              ANDA #$0F
   1434  2     AC76 8A   B0              ORA #$b0
   1435  2     AC78 C6   AA              LDB #$aa
   1436  5+1   AC7A ED   E8 4F           STD 79,S
   1437  5+1   AC7D AE   E8 25           LDX 37,S
   1438  6+1   AC80 10AE E8 29           LDY 41,S
   1439  5+4   AC84 36   30              PSHU Y,X
   1440  5+1   AC86 EC   E8 4D           LDD 77,S
   1441  5+1   AC89 AE   E8 51           LDX 81,S
   1442  5+4   AC8C 36   16              PSHU X,D
   1443  3     AC8E CC   DBAB            LDD #$dbab
   1444  5+1   AC91 ED   E8 51           STD 81,S
   1445  3     AC94 CC   BAAA            LDD #$baaa
   1446  5+1   AC97 ED   E8 25           STD 37,S
   1447  5+1   AC9A ED   E8 4D           STD 77,S
   1448  2     AC9D 86   BB              LDA #$bb
   1449  5+1   AC9F ED   E8 29           STD 41,S
   1450  5+3   ACA2 35   12              PULS A,X
   1451  5+5   ACA4 36   52              PSHU S,X,A
   1452  3     ACA6 8E   AAAA            LDX #$aaaa
   1453  5+3   ACA9 34   14              PSHS B,X
   1454  4+1   ACAB 32   E8 73           LEAS 115,S
   1455
   1456  5+1   ACAE EC   64              LDD 4,S
   1457  5+2   ACB0 36   06              PSHU D
   1458  2     ACB2 84   0F              ANDA #$0F
   1459  2     ACB4 8A   B0              ORA #$b0
   1460  2     ACB6 C6   AB              LDB #$ab
   1461  5+1   ACB8 ED   64              STD 4,S
   1462  5+1   ACBA AE   66              LDX 6,S
   1463  5+2   ACBC 36   10              PSHU X
   1464  3     ACBE CC   4DDD            LDD #$4ddd
   1465  5+1   ACC1 ED   66              STD 6,S
   1466  5+4   ACC3 35   16              PULS D,X
   1467  5+6   ACC5 36   56              PSHU S,X,D
   1468  3     ACC7 CC   DBBB            LDD #$dbbb
   1469  3     ACCA 8E   BAAA            LDX #$baaa
   1470  5+4   ACCD 34   16              PSHS D,X
   1471  4+1   ACCF 32   E8 28           LEAS 40,S
   1472
   1473  5+1   ACD2 EC   64              LDD 4,S
   1474  5+2   ACD4 36   06              PSHU D
   1475  2     ACD6 84   0F              ANDA #$0F
   1476  2     ACD8 8A   B0              ORA #$b0
   1477  2     ACDA C6   BD              LDB #$bd
   1478  5+1   ACDC ED   64              STD 4,S
   1479  5+1   ACDE AE   66              LDX 6,S
   1480  5+2   ACE0 36   10              PSHU X
   1481  3     ACE2 CC   9344            LDD #$9344
   1482  5+1   ACE5 ED   66              STD 6,S
   1483  4+1   ACE7 A6   68              LDA 8,S
   1484  5+1   ACE9 36   02              PSHU A
   1485  2     ACEB 84   0F              ANDA #$0F
   1486  2     ACED 8A   B0              ORA #$b0
   1487  4+1   ACEF A7   68              STA 8,S
   1488  5+4   ACF1 35   30              PULS X,Y
   1489  5+6   ACF3 36   70              PSHU S,Y,X
   1490  3     ACF5 CC   BBBB            LDD #$bbbb
   1491  3     ACF8 8E   BBAA            LDX #$bbaa
   1492  5+4   ACFB 34   16              PSHS D,X
   1493  4+1   ACFD 32   E8 28           LEAS 40,S
   1494
   1495  5+1   AD00 EC   64              LDD 4,S
   1496  5+2   AD02 36   06              PSHU D
   1497  2     AD04 84   0F              ANDA #$0F
   1498  2     AD06 8A   B0              ORA #$b0
   1499  2     AD08 C6   B4              LDB #$b4
   1500  5+1   AD0A ED   64              STD 4,S
   1501  5+1   AD0C AE   66              LDX 6,S
   1502  5+2   AD0E 36   10              PSHU X
   1503  3     AD10 CC   96DD            LDD #$96dd
   1504  5+1   AD13 ED   66              STD 6,S
   1505  4+1   AD15 A6   68              LDA 8,S
   1506  5+1   AD17 36   02              PSHU A
   1507  2     AD19 84   0F              ANDA #$0F
   1508  2     AD1B 8A   40              ORA #$40
   1509  4+1   AD1D A7   68              STA 8,S
   1510  5+4   AD1F 35   30              PULS X,Y
   1511  5+6   AD21 36   70              PSHU S,Y,X
   1512  3     AD23 CC   DDBB            LDD #$ddbb
   1513  3     AD26 8E   BBAA            LDX #$bbaa
   1514  5+4   AD29 34   16              PSHS D,X
   1515  4+1   AD2B 32   E8 29           LEAS 41,S
   1516
   1517  5+1   AD2E EC   63              LDD 3,S
   1518  5+2   AD30 36   06              PSHU D
   1519  2     AD32 84   0F              ANDA #$0F
   1520  2     AD34 8A   B0              ORA #$b0
   1521  2     AD36 C6   D4              LDB #$d4
   1522  5+1   AD38 ED   63              STD 3,S
   1523  5+3   AD3A 35   12              PULS A,X
   1524  5+5   AD3C 36   52              PSHU S,X,A
   1525  2     AD3E 86   BB              LDA #$bb
   1526  3     AD40 8E   BBAA            LDX #$bbaa
   1527  5+3   AD43 34   12              PSHS A,X
   1528  4+1   AD45 32   65              LEAS 5,S
   1529
   1530  5+3   AD47 35   12              PULS A,X
   1531  5+5   AD49 36   52              PSHU S,X,A
   1532  2     AD4B 86   79              LDA #$79
   1533  3     AD4D 8E   BBBB            LDX #$bbbb
   1534  5+3   AD50 34   12              PSHS A,X
   1535  4+1   AD52 32   E8 23           LEAS 35,S
   1536
   1537  5+1   AD55 AE   66              LDX 6,S
   1538  5+2   AD57 36   10              PSHU X
   1539  5+1   AD59 EC   64              LDD 4,S
   1540  5+2   AD5B 36   06              PSHU D
   1541  2     AD5D 84   F0              ANDA #$F0
   1542  2     AD5F 8A   09              ORA #$09
   1543  2     AD61 C6   99              LDB #$99
   1544  5+1   AD63 ED   64              STD 4,S
   1545  3     AD65 CC   BBAB            LDD #$bbab
   1546  5+1   AD68 ED   66              STD 6,S
   1547  5+4   AD6A 35   30              PULS X,Y
   1548  5+6   AD6C 36   70              PSHU S,Y,X
   1549  2     AD6E C6   BB              LDB #$bb
   1550  3     AD70 8E   AAB6            LDX #$aab6
   1551  5+4   AD73 34   16              PSHS D,X
   1552  4+1   AD75 32   E8 28           LEAS 40,S
   1553
   1554  5+1   AD78 EC   64              LDD 4,S
   1555  5+2   AD7A 36   06              PSHU D
   1556  2     AD7C 84   F0              ANDA #$F0
   1557  2     AD7E 8A   09              ORA #$09
   1558  2     AD80 C6   99              LDB #$99
   1559  5+1   AD82 ED   64              STD 4,S
   1560  5+1   AD84 AE   66              LDX 6,S
   1561  5+2   AD86 36   10              PSHU X
   1562  3     AD88 CC   BBBA            LDD #$bbba
   1563  5+1   AD8B ED   66              STD 6,S
   1564  5+4   AD8D 35   16              PULS D,X
   1565  5+6   AD8F 36   56              PSHU S,X,D
   1566  3     AD91 CC   DBBB            LDD #$dbbb
   1567  3     AD94 8E   AA96            LDX #$aa96
   1568  5+4   AD97 34   16              PSHS D,X
   1569  4+1   AD99 32   E8 28           LEAS 40,S
   1570
   1571  5+1   AD9C EC   64              LDD 4,S
   1572  5+2   AD9E 36   06              PSHU D
   1573  2     ADA0 84   F0              ANDA #$F0
   1574  2     ADA2 8A   09              ORA #$09
   1575  2     ADA4 C6   99              LDB #$99
   1576  5+1   ADA6 ED   64              STD 4,S
   1577  5+1   ADA8 AE   66              LDX 6,S
   1578  5+2   ADAA 36   10              PSHU X
   1579  3     ADAC CC   AAAA            LDD #$aaaa
   1580  5+1   ADAF ED   66              STD 6,S
   1581  5+4   ADB1 35   16              PULS D,X
   1582  5+6   ADB3 36   56              PSHU S,X,D
   1583  3     ADB5 CC   DDBB            LDD #$ddbb
   1584  3     ADB8 8E   BA99            LDX #$ba99
   1585  5+4   ADBB 34   16              PSHS D,X
   1586  4+1   ADBD 32   E8 28           LEAS 40,S
   1587
   1588  5+1   ADC0 EC   64              LDD 4,S
   1589  5+2   ADC2 36   06              PSHU D
   1590  2     ADC4 84   F0              ANDA #$F0
   1591  2     ADC6 8A   09              ORA #$09
   1592  2     ADC8 C6   99              LDB #$99
   1593  5+1   ADCA ED   64              STD 4,S
   1594  5+1   ADCC AE   66              LDX 6,S
   1595  5+2   ADCE 36   10              PSHU X
   1596  3     ADD0 CC   AAAA            LDD #$aaaa
   1597  5+1   ADD3 ED   66              STD 6,S
   1598  5+4   ADD5 35   16              PULS D,X
   1599  5+6   ADD7 36   56              PSHU S,X,D
   1600  3     ADD9 CC   DDBB            LDD #$ddbb
   1601  3     ADDC 8E   BA99            LDX #$ba99
   1602  5+4   ADDF 34   16              PSHS D,X
   1603  4+1   ADE1 32   E8 28           LEAS 40,S
   1604
   1605  5+1   ADE4 AE   E8 2A           LDX 42,S
   1606  6+1   ADE7 10AE E8 7A           LDY 122,S
   1607  5+4   ADEB 36   30              PSHU Y,X
   1608  5+1   ADED EC   E8 52           LDD 82,S
   1609  5+1   ADF0 AE   E8 2E           LDX 46,S
   1610  6+1   ADF3 10AE E8 7E           LDY 126,S
   1611  5+6   ADF7 36   36              PSHU Y,X,D
   1612  5+1   ADF9 EC   E8 56           LDD 86,S
   1613  5+1   ADFC AE   66              LDX 6,S
   1614  5+4   ADFE 36   16              PSHU X,D
   1615  3     AE00 CC   6AAB            LDD #$6aab
   1616  5+1   AE03 ED   E8 2E           STD 46,S
   1617  2     AE06 C6   AA              LDB #$aa
   1618  5+1   AE08 ED   E8 56           STD 86,S
   1619  2     AE0B 86   9B              LDA #$9b
   1620  5+1   AE0D ED   E8 7E           STD 126,S
   1621  2     AE10 86   AA              LDA #$aa
   1622  5+1   AE12 ED   66              STD 6,S
   1623  3     AE14 CC   9999            LDD #$9999
   1624  5+1   AE17 ED   E8 2A           STD 42,S
   1625  5+1   AE1A ED   E8 52           STD 82,S
   1626  5+1   AE1D ED   E8 7A           STD 122,S
   1627  5+1   AE20 EC   64              LDD 4,S
   1628  5+2   AE22 36   06              PSHU D
   1629  2     AE24 84   F0              ANDA #$F0
   1630  2     AE26 8A   09              ORA #$09
   1631  2     AE28 C6   99              LDB #$99
   1632  5+1   AE2A ED   64              STD 4,S
   1633  5+1   AE2C EC   E8 28           LDD 40,S
   1634  5+2   AE2F 36   06              PSHU D
   1635  2     AE31 84   F0              ANDA #$F0
   1636  2     AE33 8A   0D              ORA #$0d
   1637  2     AE35 C6   9B              LDB #$9b
   1638  5+1   AE37 ED   E8 28           STD 40,S
   1639  5+1   AE3A EC   E8 2C           LDD 44,S
   1640  5+2   AE3D 36   06              PSHU D
   1641  2     AE3F 84   F0              ANDA #$F0
   1642  2     AE41 8A   09              ORA #$09
   1643  2     AE43 C6   99              LDB #$99
   1644  5+1   AE45 ED   E8 2C           STD 44,S
   1645  5+1   AE48 EC   E8 50           LDD 80,S
   1646  5+2   AE4B 36   06              PSHU D
   1647  2     AE4D 84   F0              ANDA #$F0
   1648  2     AE4F 8A   0D              ORA #$0d
   1649  2     AE51 C6   9B              LDB #$9b
   1650  5+1   AE53 ED   E8 50           STD 80,S
   1651  5+1   AE56 EC   E8 54           LDD 84,S
   1652  5+2   AE59 36   06              PSHU D
   1653  2     AE5B 84   F0              ANDA #$F0
   1654  2     AE5D 8A   09              ORA #$09
   1655  2     AE5F C6   99              LDB #$99
   1656  5+1   AE61 ED   E8 54           STD 84,S
   1657  5+1   AE64 EC   E8 78           LDD 120,S
   1658  5+2   AE67 36   06              PSHU D
   1659  2     AE69 84   F0              ANDA #$F0
   1660  2     AE6B 8A   0D              ORA #$0d
   1661  2     AE6D C6   69              LDB #$69
   1662  5+1   AE6F ED   E8 78           STD 120,S
   1663  5+1   AE72 EC   E8 7C           LDD 124,S
   1664  5+2   AE75 36   06              PSHU D
   1665  2     AE77 84   F0              ANDA #$F0
   1666  2     AE79 8A   04              ORA #$04
   1667  2     AE7B C6   99              LDB #$99
   1668  5+1   AE7D ED   E8 7C           STD 124,S
   1669  5+4   AE80 35   30              PULS X,Y
   1670  5+6   AE82 36   70              PSHU S,Y,X
   1671  3     AE84 CC   DDBB            LDD #$ddbb
   1672  3     AE87 8E   9B99            LDX #$9b99
   1673  5+4   AE8A 34   16              PSHS D,X
   1674  4+4   AE8C 32   E9 00DD         LEAS 221,S
   1675
   1676  5+1   AE90 EC   E8 C3           LDD -61,S
   1677  5+2   AE93 36   06              PSHU D
   1678  2     AE95 84   F0              ANDA #$F0
   1679  2     AE97 8A   0D              ORA #$0d
   1680  2     AE99 C6   69              LDB #$69
   1681  5+1   AE9B ED   E8 C3           STD -61,S
   1682  5+1   AE9E EC   E8 C7           LDD -57,S
   1683  5+2   AEA1 36   06              PSHU D
   1684  2     AEA3 84   F0              ANDA #$F0
   1685  2     AEA5 8A   04              ORA #$04
   1686  2     AEA7 C6   99              LDB #$99
   1687  5+1   AEA9 ED   E8 C7           STD -57,S
   1688  5+1   AEAC EC   E8 EB           LDD -21,S
   1689  5+2   AEAF 36   06              PSHU D
   1690  2     AEB1 84   F0              ANDA #$F0
   1691  2     AEB3 8A   0D              ORA #$0d
   1692  2     AEB5 C6   69              LDB #$69
   1693  5+1   AEB7 ED   E8 EB           STD -21,S
   1694  5+1   AEBA EC   E8 13           LDD 19,S
   1695  5+2   AEBD 36   06              PSHU D
   1696  2     AEBF 84   F0              ANDA #$F0
   1697  2     AEC1 8A   0D              ORA #$0d
   1698  2     AEC3 C6   69              LDB #$69
   1699  5+1   AEC5 ED   E8 13           STD 19,S
   1700  4+1   AEC8 A6   E8 15           LDA 21,S
   1701  4+1   AECB E6   E8 3C           LDB 60,S
   1702  5+2   AECE 36   06              PSHU B,A
   1703  2     AED0 C4   0F              ANDB #$0F
   1704  2     AED2 CA   60              ORB #$60
   1705  4+1   AED4 E7   E8 3C           STB 60,S
   1706  5+1   AED7 AE   E8 C5           LDX -59,S
   1707  6+1   AEDA 10AE E8 ED           LDY -19,S
   1708  5+6   AEDE 36   70              PSHU S,Y,X
   1709  3     AEE0 CC   9999            LDD #$9999
   1710  5+1   AEE3 ED   E8 C5           STD -59,S
   1711  5+1   AEE6 ED   E8 ED           STD -19,S
   1712  4+1   AEE9 A7   E8 15           STA 21,S
   1713        AEEC               SSAV_Img_TitleScreen_Tails_5
   1714  4     AEEC 10CE 0000            LDS #$0000
   1715  5     AEF0 39                   RTS
   1716

000000 Total Errors

000003 Total Symbols
     0x          Label A000 BCKDRAW_Img_TitleScreen_Tails_5
     1x          Label A6E9 DYN_POS
     1x          Label AEEC SSAV_Img_TitleScreen_Tails_5

