/*--------------------------------------------------------------*
 * Compilé avec C6809 v0.83                                     *
 *--------------------------------------------------------------*
 * Fichier source      : ./Sonic2/GeneratedCode/Img_Sonic_015_BckDraw.ASM
 * Fichier destination : ./Sonic2/GeneratedCode/Img_Sonic_015_BckDraw.BIN
 * Contenu :
 *     Main     0:IMGD.ASM     5883
 *--------------------------------------------------------------*/

Macro Pass
Pass1
Pass2
      2        A000                      ORG $A000
      3                  FF              SETDP $FF
      4        A000               BCKDRAW_Img_Sonic_015
      5  6+5   A000 10EF 8D 0481         STS SSAV_Img_Sonic_015+2,PCR
      6
      7  5+5   A005 ED   8D 0230         STD DYN_POS+2,PCR
      8  6+0   A009 10EE A4              LDS ,Y
      9  4+4   A00C 32   E9 02D3         LEAS 723,S
     10
     11  4+1   A010 A6   E8 B0           LDA -80,S
     12  4+1   A013 E6   E8 29           LDB 41,S
     13  5+1   A016 AE   7F              LDX -1,S
     14  6+1   A018 10AE E8 50           LDY 80,S
     15  5+6   A01C 36   36              PSHU Y,X,B,A
     16  2     A01E 86   CC              LDA #$cc
     17  4+1   A020 A7   E8 B0           STA -80,S
     18  5+1   A023 EC   E8 D7           LDD -41,S
     19  5+2   A026 36   06              PSHU D
     20  2     A028 84   F0              ANDA #$F0
     21  2     A02A 8A   0B              ORA #$0b
     22  2     A02C C6   BC              LDB #$bc
     23  5+1   A02E ED   E8 D7           STD -41,S
     24  5+1   A031 EC   E8 27           LDD 39,S
     25  5+4   A034 36   46              PSHU S,D
     26  2     A036 84   F0              ANDA #$F0
     27  2     A038 8A   0E              ORA #$0e
     28  2     A03A C6   BE              LDB #$be
     29  5+1   A03C ED   E8 27           STD 39,S
     30  2     A03F 86   CE              LDA #$ce
     31  4+1   A041 A7   E8 29           STA 41,S
     32  2     A044 86   EE              LDA #$ee
     33  5+1   A046 ED   7F              STD -1,S
     34  3     A048 CC   E8DC            LDD #$e8dc
     35  5+1   A04B ED   E8 50           STD 80,S
     36  4+4   A04E 32   E9 00EF         LEAS 239,S
     37
     38  4+1   A052 A6   E8 DA           LDA -38,S
     39  5+1   A055 AE   E8 89           LDX -119,S
     40  6+1   A058 10AE E8 B1           LDY -79,S
     41  5+5   A05C 36   32              PSHU Y,X,A
     42  3     A05E CC   E8DD            LDD #$e8dd
     43  5+1   A061 ED   E8 89           STD -119,S
     44  2     A064 86   E7              LDA #$e7
     45  5+1   A066 ED   E8 B1           STD -79,S
     46  5+1   A069 EC   E8 D8           LDD -40,S
     47  5+2   A06C 36   06              PSHU D
     48  2     A06E 84   F0              ANDA #$F0
     49  2     A070 8A   0B              ORA #$0b
     50  2     A072 C6   BC              LDB #$bc
     51  5+1   A074 ED   E8 D8           STD -40,S
     52  2     A077 86   CD              LDA #$cd
     53  4+1   A079 A7   E8 DA           STA -38,S
     54  5+3   A07C 35   12              PULS A,X
     55  5+5   A07E 36   52              PSHU S,X,A
     56  2     A080 86   BB              LDA #$bb
     57  3     A082 8E   CD1D            LDX #$cd1d
     58  5+3   A085 34   12              PSHS A,X
     59  4+1   A087 32   E8 28           LEAS 40,S
     60
     61  5+3   A08A 35   12              PULS A,X
     62  5+5   A08C 36   52              PSHU S,X,A
     63  2     A08E 86   BB              LDA #$bb
     64  3     A090 8E   C10C            LDX #$c10c
     65  5+3   A093 34   12              PSHS A,X
     66  4+1   A095 32   E8 28           LEAS 40,S
     67
     68  5+3   A098 35   12              PULS A,X
     69  5+5   A09A 36   52              PSHU S,X,A
     70  2     A09C 86   EE              LDA #$ee
     71  3     A09E 8E   CD04            LDX #$cd04
     72  5+3   A0A1 34   12              PSHS A,X
     73  4+1   A0A3 32   E8 28           LEAS 40,S
     74
     75  5+1   A0A6 AE   E8 29           LDX 41,S
     76  6+1   A0A9 10AE E8 51           LDY 81,S
     77  5+4   A0AD 36   30              PSHU Y,X
     78  5+1   A0AF EC   E8 79           LDD 121,S
     79  5+2   A0B2 36   06              PSHU D
     80  3     A0B4 CC   CC04            LDD #$cc04
     81  5+1   A0B7 ED   E8 29           STD 41,S
     82  2     A0BA 86   BC              LDA #$bc
     83  5+1   A0BC ED   E8 51           STD 81,S
     84  2     A0BF C6   00              LDB #$00
     85  5+1   A0C1 ED   E8 79           STD 121,S
     86  5+3   A0C4 35   12              PULS A,X
     87  5+5   A0C6 36   52              PSHU S,X,A
     88  2     A0C8 86   EE              LDA #$ee
     89  3     A0CA 8E   CC04            LDX #$cc04
     90  5+3   A0CD 34   12              PSHS A,X
     91  4+4   A0CF 32   E9 00F0         LEAS 240,S
     92
     93  4+1   A0D3 A6   E8 79           LDA 121,S
     94  5+1   A0D6 AE   E8 28           LDX 40,S
     95  5+3   A0D9 36   12              PSHU X,A
     96  5+1   A0DB EC   E8 B0           LDD -80,S
     97  5+2   A0DE 36   06              PSHU D
     98  2     A0E0 84   F0              ANDA #$F0
     99  2     A0E2 8A   0B              ORA #$0b
    100  2     A0E4 C6   EB              LDB #$eb
    101  5+1   A0E6 ED   E8 B0           STD -80,S
    102  5+1   A0E9 EC   E8 D8           LDD -40,S
    103  5+2   A0EC 36   06              PSHU D
    104  2     A0EE 84   F0              ANDA #$F0
    105  2     A0F0 8A   0B              ORA #$0b
    106  2     A0F2 C6   EB              LDB #$eb
    107  5+1   A0F4 ED   E8 D8           STD -40,S
    108  2     A0F7 86   B7              LDA #$b7
    109  4+1   A0F9 A7   E8 79           STA 121,S
    110  4+1   A0FC A6   E8 B2           LDA -78,S
    111  4+1   A0FF E6   E8 2A           LDB 42,S
    112  5+2   A102 36   06              PSHU B,A
    113  2     A104 C4   0F              ANDB #$0F
    114  2     A106 CA   80              ORB #$80
    115  4+1   A108 E7   E8 2A           STB 42,S
    116  3     A10B CC   EEE4            LDD #$eee4
    117  5+1   A10E ED   E8 28           STD 40,S
    118  2     A111 86   07              LDA #$07
    119  4+1   A113 A7   E8 B2           STA -78,S
    120  4+1   A116 A6   E8 DA           LDA -38,S
    121  4+1   A119 E6   E8 51           LDB 81,S
    122  5+2   A11C 36   06              PSHU B,A
    123  2     A11E 86   68              LDA #$68
    124  4+1   A120 A7   E8 51           STA 81,S
    125  2     A123 86   77              LDA #$77
    126  4+1   A125 A7   E8 DA           STA -38,S
    127  5+3   A128 35   12              PULS A,X
    128  5+5   A12A 36   52              PSHU S,X,A
    129  2     A12C 86   EE              LDA #$ee
    130  3     A12E 8E   EE78            LDX #$ee78
    131  5+3   A131 34   12              PSHS A,X
    132  4+4   A133 32   E9 0119         LEAS 281,S
    133
    134  5+1   A137 EC   E8 87           LDD -121,S
    135  5+2   A13A 36   06              PSHU D
    136  2     A13C 84   F0              ANDA #$F0
    137  2     A13E 8A   0B              ORA #$0b
    138  2     A140 C6   87              LDB #$87
    139  5+1   A142 ED   E8 87           STD -121,S
    140  5+1   A145 EC   E8 AF           LDD -81,S
    141  5+2   A148 36   06              PSHU D
    142  2     A14A 84   F0              ANDA #$F0
    143  2     A14C 8A   0E              ORA #$0e
    144  2     A14E C6   17              LDB #$17
    145  5+1   A150 ED   E8 AF           STD -81,S
    146  5+1   A153 EC   E8 D7           LDD -41,S
    147  5+2   A156 36   06              PSHU D
    148  2     A158 84   F0              ANDA #$F0
    149  2     A15A 8A   0E              ORA #$0e
    150  2     A15C C6   18              LDB #$18
    151  5+1   A15E ED   E8 D7           STD -41,S
    152  5+0   A161 EC   E4              LDD ,S
    153  5+2   A163 36   06              PSHU D
    154  2     A165 86   3E              LDA #$3e
    155  2     A167 C4   0F              ANDB #$0F
    156  2     A169 CA   30              ORB #$30
    157  5+0   A16B ED   E4              STD ,S
    158  4+1   A16D A6   E8 28           LDA 40,S
    159  4+1   A170 E6   E8 B1           LDB -79,S
    160  5+2   A173 36   06              PSHU B,A
    161  2     A175 C4   0F              ANDB #$0F
    162  2     A177 CA   30              ORB #$30
    163  4+1   A179 E7   E8 B1           STB -79,S
    164  4+1   A17C A6   E8 D9           LDA -39,S
    165  5+1   A17F 36   02              PSHU A
    166  2     A181 84   0F              ANDA #$0F
    167  2     A183 8A   30              ORA #$30
    168  4+1   A185 A7   E8 D9           STA -39,S
    169  2     A188 86   3B              LDA #$3b
    170  4+1   A18A A7   E8 28           STA 40,S
    171  4+1   A18D A6   E8 50           LDA 80,S
    172  4+1   A190 E6   E8 78           LDB 120,S
    173  5+4   A193 36   46              PSHU S,B,A
    174  2     A195 86   40              LDA #$40
    175  4+1   A197 A7   E8 50           STA 80,S
    176  2     A19A 86   61              LDA #$61
    177  4+1   A19C A7   E8 78           STA 120,S
    178  4+4   A19F 32   E9 0118         LEAS 280,S
    179
    180  4+1   A1A3 A6   E8 28           LDA 40,S
    181  4+1   A1A6 E6   E8 50           LDB 80,S
    182  5+2   A1A9 36   06              PSHU B,A
    183  2     A1AB 86   10              LDA #$10
    184  4+1   A1AD A7   E8 50           STA 80,S
    185  4+0   A1B0 A6   E4              LDA ,S
    186  4+1   A1B2 E6   E8 B0           LDB -80,S
    187  5+2   A1B5 36   06              PSHU B,A
    188  2     A1B7 86   52              LDA #$52
    189  4+1   A1B9 A7   E8 B0           STA -80,S
    190  5+1   A1BC EC   E8 77           LDD 119,S
    191  5+2   A1BF 36   06              PSHU D
    192  2     A1C1 84   F0              ANDA #$F0
    193  2     A1C3 8A   04              ORA #$04
    194  2     A1C5 C6   45              LDB #$45
    195  5+1   A1C7 ED   E8 77           STD 119,S
    196  4+1   A1CA A6   E8 D8           LDA -40,S
    197  4+1   A1CD E6   E8 88           LDB -120,S
    198  5+4   A1D0 36   46              PSHU S,B,A
    199  2     A1D2 86   51              LDA #$51
    200  4+1   A1D4 A7   E8 88           STA -120,S
    201  2     A1D7 86   56              LDA #$56
    202  4+1   A1D9 A7   E8 D8           STA -40,S
    203  4+0   A1DC A7   E4              STA ,S
    204  2     A1DE 86   62              LDA #$62
    205  4+1   A1E0 A7   E8 28           STA 40,S
    206  4+4   A1E3 32   E9 00DC         LEAS 220,S
    207
    208  5+1   A1E7 EC   E8 C3           LDD -61,S
    209  5+2   A1EA 36   06              PSHU D
    210  2     A1EC 84   F0              ANDA #$F0
    211  2     A1EE 8A   04              ORA #$04
    212  2     A1F0 C6   46              LDB #$46
    213  5+1   A1F2 ED   E8 C3           STD -61,S
    214  5+1   A1F5 EC   E8 EB           LDD -21,S
    215  5+2   A1F8 36   06              PSHU D
    216  2     A1FA 84   F0              ANDA #$F0
    217  2     A1FC 8A   06              ORA #$06
    218  2     A1FE C6   64              LDB #$64
    219  5+1   A200 ED   E8 EB           STD -21,S
    220  5+1   A203 EC   E8 13           LDD 19,S
    221  5+2   A206 36   06              PSHU D
    222  2     A208 84   F0              ANDA #$F0
    223  2     A20A 8A   06              ORA #$06
    224  2     A20C C6   64              LDB #$64
    225  5+1   A20E ED   E8 13           STD 19,S
    226  5+1   A211 EC   E8 3B           LDD 59,S
    227  5+2   A214 36   06              PSHU D
    228  2     A216 84   F0              ANDA #$F0
    229  2     A218 8A   04              ORA #$04
    230  2     A21A C6   44              LDB #$44
    231  5+1   A21C ED   E8 3B           STD 59,S
    232  4+1   A21F A6   E8 15           LDA 21,S
    233  5+1   A222 36   02              PSHU A
    234  2     A224 84   0F              ANDA #$0F
    235  2     A226 8A   60              ORA #$60
    236  4+1   A228 A7   E8 15           STA 21,S
    237  4+1   A22B A6   E8 3D           LDA 61,S
    238  5+3   A22E 36   42              PSHU S,A
    239  2     A230 84   0F              ANDA #$0F
    240  2     A232 8A   40              ORA #$40
    241  4+1   A234 A7   E8 3D           STA 61,S
    242        A237               DYN_POS
    243
    244  4     A237 10CE 0000            LDS #$0000
    245  4+4   A23B 32   E9 02FC         LEAS 764,S
    246
    247  5+1   A23F EC   E8 AF           LDD -81,S
    248  5+2   A242 36   06              PSHU D
    249  2     A244 86   BB              LDA #$bb
    250  2     A246 C4   0F              ANDB #$0F
    251  2     A248 CA   C0              ORB #$c0
    252  5+1   A24A ED   E8 AF           STD -81,S
    253  4+1   A24D A6   E8 87           LDA -121,S
    254  5+1   A250 36   02              PSHU A
    255  2     A252 84   F0              ANDA #$F0
    256  2     A254 8A   0B              ORA #$0b
    257  4+1   A256 A7   E8 87           STA -121,S
    258  4+1   A259 A6   E8 79           LDA 121,S
    259  5+1   A25C 36   02              PSHU A
    260  2     A25E 84   0F              ANDA #$0F
    261  2     A260 8A   B0              ORA #$b0
    262  4+1   A262 A7   E8 79           STA 121,S
    263  5+1   A265 AE   E8 D7           LDX -41,S
    264  3     A268 CC   BB8C            LDD #$bb8c
    265  5+1   A26B ED   E8 D7           STD -41,S
    266  6+1   A26E 10AE 7F              LDY -1,S
    267  5+4   A271 36   30              PSHU Y,X
    268  5+1   A273 EC   E8 27           LDD 39,S
    269  5+2   A276 36   06              PSHU D
    270  3     A278 CC   EE7D            LDD #$ee7d
    271  5+1   A27B ED   7F              STD -1,S
    272  5+1   A27D ED   E8 27           STD 39,S
    273  5+1   A280 EC   E8 4F           LDD 79,S
    274  5+2   A283 36   06              PSHU D
    275  2     A285 84   F0              ANDA #$F0
    276  2     A287 8A   0E              ORA #$0e
    277  2     A289 C6   7D              LDB #$7d
    278  5+1   A28B ED   E8 4F           STD 79,S
    279  5+1   A28E EC   E8 77           LDD 119,S
    280  5+4   A291 36   46              PSHU S,D
    281  2     A293 84   F0              ANDA #$F0
    282  2     A295 8A   0B              ORA #$0b
    283  2     A297 C6   CD              LDB #$cd
    284  5+1   A299 ED   E8 77           STD 119,S
    285  4+4   A29C 32   E9 00DC         LEAS 220,S
    286
    287  5+1   A2A0 AE   E8 C3           LDX -61,S
    288  6+1   A2A3 10AE E8 EB           LDY -21,S
    289  5+4   A2A7 36   30              PSHU Y,X
    290  3     A2A9 CC   BEDD            LDD #$bedd
    291  5+1   A2AC ED   E8 C3           STD -61,S
    292  5+1   A2AF ED   E8 EB           STD -21,S
    293  4+1   A2B2 A6   E8 C5           LDA -59,S
    294  5+1   A2B5 36   02              PSHU A
    295  2     A2B7 84   0F              ANDA #$0F
    296  2     A2B9 8A   B0              ORA #$b0
    297  4+1   A2BB A7   E8 C5           STA -59,S
    298  4+1   A2BE A6   E8 ED           LDA -19,S
    299  5+1   A2C1 36   02              PSHU A
    300  2     A2C3 84   0F              ANDA #$0F
    301  2     A2C5 8A   C0              ORA #$c0
    302  4+1   A2C7 A7   E8 ED           STA -19,S
    303  4+1   A2CA A6   E8 15           LDA 21,S
    304  5+1   A2CD 36   02              PSHU A
    305  2     A2CF 84   0F              ANDA #$0F
    306  2     A2D1 8A   C0              ORA #$c0
    307  4+1   A2D3 A7   E8 15           STA 21,S
    308  5+1   A2D6 AE   E8 13           LDX 19,S
    309  5+2   A2D9 36   10              PSHU X
    310  3     A2DB CC   EED1            LDD #$eed1
    311  5+1   A2DE ED   E8 13           STD 19,S
    312  5+1   A2E1 EC   E8 3A           LDD 58,S
    313  5+2   A2E4 36   06              PSHU D
    314  2     A2E6 84   F0              ANDA #$F0
    315  2     A2E8 8A   0B              ORA #$0b
    316  2     A2EA C6   EE              LDB #$ee
    317  5+1   A2EC ED   E8 3A           STD 58,S
    318  5+1   A2EF EC   E8 3C           LDD 60,S
    319  5+4   A2F2 36   46              PSHU S,D
    320  2     A2F4 86   D0              LDA #$d0
    321  2     A2F6 C4   0F              ANDB #$0F
    322  2     A2F8 CA   C0              ORB #$c0
    323  5+1   A2FA ED   E8 3C           STD 60,S
    324  4+4   A2FD 32   E9 00DB         LEAS 219,S
    325
    326  5+1   A301 EC   E8 87           LDD -121,S
    327  5+2   A304 36   06              PSHU D
    328  2     A306 84   F0              ANDA #$F0
    329  2     A308 8A   0E              ORA #$0e
    330  2     A30A C6   EE              LDB #$ee
    331  5+1   A30C ED   E8 87           STD -121,S
    332  5+1   A30F EC   E8 D8           LDD -40,S
    333  5+2   A312 36   06              PSHU D
    334  2     A314 84   F0              ANDA #$F0
    335  2     A316 8A   0E              ORA #$0e
    336  2     A318 C6   BD              LDB #$bd
    337  5+1   A31A ED   E8 D8           STD -40,S
    338  5+1   A31D EC   E8 89           LDD -119,S
    339  5+2   A320 36   06              PSHU D
    340  2     A322 86   D0              LDA #$d0
    341  2     A324 C4   0F              ANDB #$0F
    342  2     A326 CA   C0              ORB #$c0
    343  5+1   A328 ED   E8 89           STD -119,S
    344  5+1   A32B AE   E8 B0           LDX -80,S
    345  5+2   A32E 36   10              PSHU X
    346  3     A330 CC   EED0            LDD #$eed0
    347  5+1   A333 ED   E8 B0           STD -80,S
    348  4+1   A336 A6   E8 B2           LDA -78,S
    349  5+1   A339 36   02              PSHU A
    350  2     A33B 84   0F              ANDA #$0F
    351  2     A33D 8A   10              ORA #$10
    352  4+1   A33F A7   E8 B2           STA -78,S
    353  4+1   A342 A6   E8 DA           LDA -38,S
    354  5+1   A345 36   02              PSHU A
    355  2     A347 84   0F              ANDA #$0F
    356  2     A349 8A   10              ORA #$10
    357  4+1   A34B A7   E8 DA           STA -38,S
    358  5+3   A34E 35   12              PULS A,X
    359  5+5   A350 36   52              PSHU S,X,A
    360  2     A352 86   BE              LDA #$be
    361  3     A354 8E   8032            LDX #$8032
    362  5+3   A357 34   12              PSHS A,X
    363  4+1   A359 32   E8 28           LEAS 40,S
    364
    365  5+1   A35C AE   E8 28           LDX 40,S
    366  6+1   A35F 10AE E8 50           LDY 80,S
    367  5+4   A363 36   30              PSHU Y,X
    368  4+1   A365 A6   E8 2A           LDA 42,S
    369  5+1   A368 36   02              PSHU A
    370  2     A36A 84   0F              ANDA #$0F
    371  2     A36C 8A   60              ORA #$60
    372  4+1   A36E A7   E8 2A           STA 42,S
    373  3     A371 CC   EE77            LDD #$ee77
    374  5+1   A374 ED   E8 28           STD 40,S
    375  2     A377 C6   87              LDB #$87
    376  5+1   A379 ED   E8 50           STD 80,S
    377  5+1   A37C AE   E8 78           LDX 120,S
    378  5+2   A37F 36   10              PSHU X
    379  2     A381 C6   68              LDB #$68
    380  5+1   A383 ED   E8 78           STD 120,S
    381  5+3   A386 35   12              PULS A,X
    382  5+5   A388 36   52              PSHU S,X,A
    383  2     A38A 86   BE              LDA #$be
    384  3     A38C 8E   7743            LDX #$7743
    385  5+3   A38F 34   12              PSHS A,X
    386  4+4   A391 32   E9 0118         LEAS 280,S
    387
    388  5+1   A395 AE   E8 28           LDX 40,S
    389  6+1   A398 10AE E8 D8           LDY -40,S
    390  5+4   A39C 36   30              PSHU Y,X
    391  5+1   A39E EC   E8 78           LDD 120,S
    392  5+0   A3A1 AE   E4              LDX ,S
    393  6+1   A3A3 10AE E8 50           LDY 80,S
    394  5+6   A3A7 36   36              PSHU Y,X,D
    395  5+1   A3A9 EC   E8 B0           LDD -80,S
    396  5+2   A3AC 36   06              PSHU D
    397  2     A3AE 86   B7              LDA #$b7
    398  2     A3B0 C4   0F              ANDB #$0F
    399  2     A3B2 CA   80              ORB #$80
    400  5+1   A3B4 ED   E8 B0           STD -80,S
    401  3     A3B7 CC   1183            LDD #$1183
    402  5+1   A3BA ED   E8 D8           STD -40,S
    403  2     A3BD 86   00              LDA #$00
    404  5+0   A3BF ED   E4              STD ,S
    405  2     A3C1 C6   BD              LDB #$bd
    406  5+1   A3C3 ED   E8 50           STD 80,S
    407  2     A3C6 C6   DD              LDB #$dd
    408  5+1   A3C8 ED   E8 28           STD 40,S
    409  5+1   A3CB EC   E8 88           LDD -120,S
    410  5+4   A3CE 36   46              PSHU S,D
    411  2     A3D0 84   F0              ANDA #$F0
    412  2     A3D2 8A   08              ORA #$08
    413  2     A3D4 C6   66              LDB #$66
    414  5+1   A3D6 ED   E8 88           STD -120,S
    415  3     A3D9 CC   124E            LDD #$124e
    416  5+1   A3DC ED   E8 78           STD 120,S
    417  4+4   A3DF 32   E9 0118         LEAS 280,S
    418
    419  5+1   A3E3 EC   E8 88           LDD -120,S
    420  5+2   A3E6 36   06              PSHU D
    421  2     A3E8 86   31              LDA #$31
    422  2     A3EA C4   0F              ANDB #$0F
    423  2     A3EC CA   D0              ORB #$d0
    424  5+1   A3EE ED   E8 88           STD -120,S
    425  5+1   A3F1 EC   E8 28           LDD 40,S
    426  5+2   A3F4 36   06              PSHU D
    427  2     A3F6 86   44              LDA #$44
    428  2     A3F8 C4   0F              ANDB #$0F
    429  2     A3FA CA   00              ORB #$00
    430  5+1   A3FC ED   E8 28           STD 40,S
    431  5+1   A3FF EC   E8 B0           LDD -80,S
    432  5+2   A402 36   06              PSHU D
    433  2     A404 84   F0              ANDA #$F0
    434  2     A406 C4   0F              ANDB #$0F
    435  4     A408 C3   04E0            ADDD #$04e0
    436  5+1   A40B ED   E8 B0           STD -80,S
    437  5+1   A40E EC   E8 D8           LDD -40,S
    438  5+2   A411 36   06              PSHU D
    439  2     A413 84   F0              ANDA #$F0
    440  2     A415 C4   0F              ANDB #$0F
    441  4     A417 C3   0640            ADDD #$0640
    442  5+1   A41A ED   E8 D8           STD -40,S
    443  5+0   A41D EC   E4              LDD ,S
    444  5+2   A41F 36   06              PSHU D
    445  2     A421 84   F0              ANDA #$F0
    446  2     A423 C4   0F              ANDB #$0F
    447  4     A425 C3   0600            ADDD #$0600
    448  5+0   A428 ED   E4              STD ,S
    449  4+1   A42A A6   E8 50           LDA 80,S
    450  4+1   A42D E6   E8 78           LDB 120,S
    451  5+4   A430 36   46              PSHU S,B,A
    452  2     A432 86   44              LDA #$44
    453  4+1   A434 A7   E8 50           STA 80,S
    454  2     A437 86   11              LDA #$11
    455  4+1   A439 A7   E8 78           STA 120,S
    456  4+4   A43C 32   E9 0104         LEAS 260,S
    457
    458  4+1   A440 A6   E8 9C           LDA -100,S
    459  5+1   A443 AE   E8 14           LDX 20,S
    460  6+1   A446 10AE E8 3C           LDY 60,S
    461  5+5   A44A 36   32              PSHU Y,X,A
    462  2     A44C 86   11              LDA #$11
    463  4+1   A44E A7   E8 9C           STA -100,S
    464  5+1   A451 EC   E8 C4           LDD -60,S
    465  5+2   A454 36   06              PSHU D
    466  2     A456 86   66              LDA #$66
    467  2     A458 C4   0F              ANDB #$0F
    468  2     A45A CA   50              ORB #$50
    469  5+1   A45C ED   E8 C4           STD -60,S
    470  5+1   A45F EC   E8 EC           LDD -20,S
    471  5+2   A462 36   06              PSHU D
    472  2     A464 86   66              LDA #$66
    473  2     A466 C4   0F              ANDB #$0F
    474  2     A468 CA   50              ORB #$50
    475  5+1   A46A ED   E8 EC           STD -20,S
    476  3     A46D CC   6656            LDD #$6656
    477  5+1   A470 ED   E8 14           STD 20,S
    478  2     A473 C6   65              LDB #$65
    479  5+1   A475 ED   E8 3C           STD 60,S
    480  5+1   A478 AE   E8 64           LDX 100,S
    481  5+4   A47B 36   50              PSHU S,X
    482  3     A47D CC   4444            LDD #$4444
    483  5+1   A480 ED   E8 64           STD 100,S
    484        A483               SSAV_Img_Sonic_015
    485  4     A483 10CE 0000            LDS #$0000
    486  5     A487 39                   RTS
    487

000000 Total Errors

000003 Total Symbols
     0x          Label A000 BCKDRAW_Img_Sonic_015
     1x          Label A237 DYN_POS
     1x          Label A483 SSAV_Img_Sonic_015

