/*--------------------------------------------------------------*
 * Compilé avec C6809 v0.83                                     *
 *--------------------------------------------------------------*
 * Fichier source      : ./Sonic2/GeneratedCode/Img_Sonic_057_BckDraw.ASM
 * Fichier destination : ./Sonic2/GeneratedCode/Img_Sonic_057_BckDraw.BIN
 * Contenu :
 *     Main     0:IMGD.ASM     6968
 *--------------------------------------------------------------*/

Macro Pass
Pass1
Pass2
      2        A000                      ORG $A000
      3                  FF              SETDP $FF
      4        A000               BCKDRAW_Img_Sonic_057
      5  6+5   A000 10EF 8D 052C         STS SSAV_Img_Sonic_057+2,PCR
      6
      7  5+5   A005 ED   8D 0291         STD DYN_POS+2,PCR
      8  6+0   A009 10EE A4              LDS ,Y
      9  4+4   A00C 32   E9 02FD         LEAS 765,S
     10
     11  5+1   A010 EC   E8 D6           LDD -42,S
     12  5+2   A013 36   06              PSHU D
     13  2     A015 86   66              LDA #$66
     14  2     A017 C4   0F              ANDB #$0F
     15  2     A019 CA   40              ORB #$40
     16  5+1   A01B ED   E8 D6           STD -42,S
     17  5+1   A01E EC   7E              LDD -2,S
     18  5+2   A020 36   06              PSHU D
     19  2     A022 86   64              LDA #$64
     20  2     A024 C4   0F              ANDB #$0F
     21  2     A026 CA   40              ORB #$40
     22  5+1   A028 ED   7E              STD -2,S
     23  5+1   A02A EC   E8 26           LDD 38,S
     24  5+2   A02D 36   06              PSHU D
     25  2     A02F 86   42              LDA #$42
     26  2     A031 C4   0F              ANDB #$0F
     27  2     A033 CA   40              ORB #$40
     28  5+1   A035 ED   E8 26           STD 38,S
     29  5+1   A038 EC   E8 4E           LDD 78,S
     30  5+2   A03B 36   06              PSHU D
     31  2     A03D 86   62              LDA #$62
     32  2     A03F C4   0F              ANDB #$0F
     33  2     A041 CA   40              ORB #$40
     34  5+1   A043 ED   E8 4E           STD 78,S
     35  4+1   A046 A6   E8 87           LDA -121,S
     36  5+1   A049 36   02              PSHU A
     37  2     A04B 84   0F              ANDA #$0F
     38  2     A04D 8A   40              ORA #$40
     39  4+1   A04F A7   E8 87           STA -121,S
     40  4+1   A052 A6   E8 50           LDA 80,S
     41  5+1   A055 36   02              PSHU A
     42  2     A057 84   0F              ANDA #$0F
     43  2     A059 8A   60              ORA #$60
     44  4+1   A05B A7   E8 50           STA 80,S
     45  4+1   A05E A6   E8 78           LDA 120,S
     46  5+1   A061 36   02              PSHU A
     47  2     A063 84   0F              ANDA #$0F
     48  2     A065 8A   60              ORA #$60
     49  4+1   A067 A7   E8 78           STA 120,S
     50  5+1   A06A EC   E8 AE           LDD -82,S
     51  5+2   A06D 36   06              PSHU D
     52  2     A06F 84   F0              ANDA #$F0
     53  2     A071 C4   0F              ANDB #$0F
     54  4     A073 C3   0640            ADDD #$0640
     55  5+1   A076 ED   E8 AE           STD -82,S
     56  5+1   A079 EC   E8 76           LDD 118,S
     57  5+4   A07C 36   46              PSHU S,D
     58  2     A07E 84   0F              ANDA #$0F
     59  2     A080 C4   0F              ANDB #$0F
     60  4     A082 C3   6040            ADDD #$6040
     61  5+1   A085 ED   E8 76           STD 118,S
     62  4+4   A088 32   E9 00C8         LEAS 200,S
     63
     64  4+1   A08C A6   E8 D8           LDA -40,S
     65  4+0   A08F E6   E4              LDB ,S
     66  5+2   A091 36   06              PSHU B,A
     67  4+1   A093 A6   E8 26           LDA 38,S
     68  4+1   A096 E6   E8 28           LDB 40,S
     69  5+4   A099 36   46              PSHU S,B,A
     70  2     A09B 86   66              LDA #$66
     71  4+1   A09D A7   E8 D8           STA -40,S
     72  4+0   A0A0 A7   E4              STA ,S
     73  4+1   A0A2 A7   E8 28           STA 40,S
     74  2     A0A5 86   23              LDA #$23
     75  4+1   A0A7 A7   E8 26           STA 38,S
     76  4+4   A0AA 32   E9 00C5         LEAS 197,S
     77
     78  5+1   A0AE AE   E8 D8           LDX -40,S
     79  6+1   A0B1 10AE E8 B0           LDY -80,S
     80  5+4   A0B5 36   30              PSHU Y,X
     81  5+1   A0B7 EC   E8 B2           LDD -78,S
     82  5+2   A0BA 36   06              PSHU D
     83  2     A0BC 84   0F              ANDA #$0F
     84  2     A0BE C4   F0              ANDB #$F0
     85  4     A0C0 C3   B006            ADDD #$b006
     86  5+1   A0C3 ED   E8 B2           STD -78,S
     87  5+1   A0C6 EC   E8 DA           LDD -38,S
     88  5+2   A0C9 36   06              PSHU D
     89  2     A0CB 84   0F              ANDA #$0F
     90  2     A0CD C4   F0              ANDB #$F0
     91  4     A0CF C3   8006            ADDD #$8006
     92  5+1   A0D2 ED   E8 DA           STD -38,S
     93  4+1   A0D5 A6   E8 8B           LDA -117,S
     94  4+1   A0D8 E6   63              LDB 3,S
     95  5+2   A0DA 36   06              PSHU B,A
     96  2     A0DC C4   F0              ANDB #$F0
     97  2     A0DE CA   06              ORB #$06
     98  4+1   A0E0 E7   63              STB 3,S
     99  3     A0E2 CC   4832            LDD #$4832
    100  5+1   A0E5 ED   E8 B0           STD -80,S
    101  3     A0E8 CC   4733            LDD #$4733
    102  5+1   A0EB ED   E8 D8           STD -40,S
    103  2     A0EE 86   66              LDA #$66
    104  4+1   A0F0 A7   E8 8B           STA -117,S
    105  4+1   A0F3 A6   E8 89           LDA -119,S
    106  4+1   A0F6 E7   E8 89           STB -119,S
    107  5+3   A0F9 35   14              PULS B,X
    108  5+6   A0FB 36   56              PSHU S,X,B,A
    109  2     A0FD 86   07              LDA #$07
    110  3     A0FF 8E   338B            LDX #$338b
    111  5+3   A102 34   12              PSHS A,X
    112  4+1   A104 32   E8 28           LEAS 40,S
    113
    114  5+1   A107 EC   E8 27           LDD 39,S
    115  5+2   A10A 36   06              PSHU D
    116  2     A10C 84   F0              ANDA #$F0
    117  2     A10E 8A   0B              ORA #$0b
    118  2     A110 C6   40              LDB #$40
    119  5+1   A112 ED   E8 27           STD 39,S
    120  5+1   A115 EC   E8 4F           LDD 79,S
    121  5+2   A118 36   06              PSHU D
    122  2     A11A 84   F0              ANDA #$F0
    123  2     A11C 8A   0B              ORA #$0b
    124  2     A11E C6   00              LDB #$00
    125  5+1   A120 ED   E8 4F           STD 79,S
    126  5+1   A123 EC   E8 77           LDD 119,S
    127  5+2   A126 36   06              PSHU D
    128  2     A128 84   F0              ANDA #$F0
    129  2     A12A 8A   0C              ORA #$0c
    130  2     A12C C6   00              LDB #$00
    131  5+1   A12E ED   E8 77           STD 119,S
    132  5+1   A131 AE   E8 29           LDX 41,S
    133  3     A134 CC   61EB            LDD #$61eb
    134  5+1   A137 ED   E8 29           STD 41,S
    135  6+1   A13A 10AE E8 51           LDY 81,S
    136  5+4   A13E 36   30              PSHU Y,X
    137  2     A140 86   E2              LDA #$e2
    138  5+1   A142 ED   E8 51           STD 81,S
    139  4+1   A145 A6   63              LDA 3,S
    140  5+1   A147 36   02              PSHU A
    141  2     A149 84   F0              ANDA #$F0
    142  2     A14B 8A   06              ORA #$06
    143  4+1   A14D A7   63              STA 3,S
    144  4+1   A14F A6   E8 2B           LDA 43,S
    145  5+1   A152 36   02              PSHU A
    146  2     A154 84   F0              ANDA #$F0
    147  2     A156 8A   02              ORA #$02
    148  4+1   A158 A7   E8 2B           STA 43,S
    149  4+1   A15B A6   E8 53           LDA 83,S
    150  5+1   A15E 36   02              PSHU A
    151  2     A160 84   F0              ANDA #$F0
    152  2     A162 8A   02              ORA #$02
    153  4+1   A164 A7   E8 53           STA 83,S
    154  5+3   A167 35   12              PULS A,X
    155  5+5   A169 36   52              PSHU S,X,A
    156  2     A16B 86   40              LDA #$40
    157  3     A16D 8E   61BB            LDX #$61bb
    158  5+3   A170 34   12              PSHS A,X
    159  4+1   A172 32   E8 79           LEAS 121,S
    160
    161  5+3   A175 35   12              PULS A,X
    162  5+5   A177 36   52              PSHU S,X,A
    163  2     A179 86   E3              LDA #$e3
    164  3     A17B 8E   EB51            LDX #$eb51
    165  5+3   A17E 34   12              PSHS A,X
    166  4+1   A180 32   E8 26           LEAS 38,S
    167
    168  5+5   A183 35   32              PULS A,X,Y
    169  5+7   A185 36   72              PSHU S,Y,X,A
    170  2     A187 86   EC              LDA #$ec
    171  3     A189 8E   00E0            LDX #$00e0
    172  4     A18C 108E 1E55            LDY #$1e55
    173  5+5   A190 34   32              PSHS A,X,Y
    174  4+1   A192 32   E8 28           LEAS 40,S
    175
    176  5+5   A195 35   32              PULS A,X,Y
    177  5+7   A197 36   72              PSHU S,Y,X,A
    178  2     A199 86   EC              LDA #$ec
    179  3     A19B 8E   0DEE            LDX #$0dee
    180  4     A19E 108E 1E15            LDY #$1e15
    181  5+5   A1A2 34   32              PSHS A,X,Y
    182  4+1   A1A4 32   E8 28           LEAS 40,S
    183
    184  5+1   A1A7 EC   E8 28           LDD 40,S
    185  5+2   A1AA 36   06              PSHU D
    186  2     A1AC 84   F0              ANDA #$F0
    187  2     A1AE 8A   0C              ORA #$0c
    188  2     A1B0 C6   DC              LDB #$dc
    189  5+1   A1B2 ED   E8 28           STD 40,S
    190  5+5   A1B5 35   32              PULS A,X,Y
    191  5+7   A1B7 36   72              PSHU S,Y,X,A
    192  2     A1B9 86   EC              LDA #$ec
    193  3     A1BB 8E   0DEE            LDX #$0dee
    194  4     A1BE 108E 6E15            LDY #$6e15
    195  5+5   A1C2 34   32              PSHS A,X,Y
    196  4+1   A1C4 32   E8 2A           LEAS 42,S
    197
    198  5+1   A1C7 EC   E8 26           LDD 38,S
    199  5+2   A1CA 36   06              PSHU D
    200  2     A1CC 84   F0              ANDA #$F0
    201  2     A1CE 8A   0C              ORA #$0c
    202  2     A1D0 C6   DD              LDB #$dd
    203  5+1   A1D2 ED   E8 26           STD 38,S
    204  5+3   A1D5 35   12              PULS A,X
    205  5+5   A1D7 36   52              PSHU S,X,A
    206  2     A1D9 86   EE              LDA #$ee
    207  3     A1DB 8E   8E25            LDX #$8e25
    208  5+3   A1DE 34   12              PSHS A,X
    209  4+1   A1E0 32   E8 28           LEAS 40,S
    210
    211  5+1   A1E3 EC   E8 26           LDD 38,S
    212  5+2   A1E6 36   06              PSHU D
    213  2     A1E8 84   F0              ANDA #$F0
    214  2     A1EA 8A   0B              ORA #$0b
    215  2     A1EC C6   CD              LDB #$cd
    216  5+1   A1EE ED   E8 26           STD 38,S
    217  5+1   A1F1 EC   E8 4E           LDD 78,S
    218  5+2   A1F4 36   06              PSHU D
    219  2     A1F6 84   F0              ANDA #$F0
    220  2     A1F8 8A   0B              ORA #$0b
    221  2     A1FA C6   8D              LDB #$8d
    222  5+1   A1FC ED   E8 4E           STD 78,S
    223  5+1   A1FF EC   E8 76           LDD 118,S
    224  5+2   A202 36   06              PSHU D
    225  2     A204 84   F0              ANDA #$F0
    226  2     A206 8A   0B              ORA #$0b
    227  2     A208 C6   7E              LDB #$7e
    228  5+1   A20A ED   E8 76           STD 118,S
    229  5+1   A20D EC   E8 28           LDD 40,S
    230  5+2   A210 36   06              PSHU D
    231  2     A212 86   EB              LDA #$eb
    232  2     A214 C4   0F              ANDB #$0F
    233  2     A216 CA   70              ORB #$70
    234  5+1   A218 ED   E8 28           STD 40,S
    235  4+1   A21B A6   E8 2A           LDA 42,S
    236  4+1   A21E E6   E8 78           LDB 120,S
    237  5+2   A221 36   06              PSHU B,A
    238  2     A223 C4   0F              ANDB #$0F
    239  2     A225 CA   E0              ORB #$e0
    240  4+1   A227 E7   E8 78           STB 120,S
    241  2     A22A 86   44              LDA #$44
    242  4+1   A22C A7   E8 2A           STA 42,S
    243  5+1   A22F EC   E8 50           LDD 80,S
    244  5+2   A232 36   06              PSHU D
    245  2     A234 84   0F              ANDA #$0F
    246  2     A236 C4   0F              ANDB #$0F
    247  4     A238 C3   E080            ADDD #$e080
    248  5+1   A23B ED   E8 50           STD 80,S
    249  5+3   A23E 35   12              PULS A,X
    250  5+5   A240 36   52              PSHU S,X,A
    251  2     A242 86   EE              LDA #$ee
    252  3     A244 8E   7B15            LDX #$7b15
    253  5+3   A247 34   12              PSHS A,X
    254  4+4   A249 32   E9 0117         LEAS 279,S
    255
    256  4+1   A24D A6   E8 50           LDA 80,S
    257  4+1   A250 E6   E8 78           LDB 120,S
    258  5+1   A253 AE   E8 B0           LDX -80,S
    259  6+0   A256 10AE E4              LDY ,S
    260  5+6   A259 36   36              PSHU Y,X,B,A
    261  5+1   A25B EC   E8 88           LDD -120,S
    262  5+1   A25E AE   E8 D8           LDX -40,S
    263  5+4   A261 36   16              PSHU X,D
    264  2     A263 86   BB              LDA #$bb
    265  4+1   A265 A7   E8 78           STA 120,S
    266  3     A268 CC   EEBE            LDD #$eebe
    267  5+1   A26B ED   E8 D8           STD -40,S
    268  5+0   A26E ED   E4              STD ,S
    269  4+1   A270 E7   E8 50           STB 80,S
    270  3     A273 CC   8BEE            LDD #$8bee
    271  5+1   A276 ED   E8 88           STD -120,S
    272  5+1   A279 ED   E8 B0           STD -80,S
    273  5+1   A27C EC   E8 28           LDD 40,S
    274  5+4   A27F 36   46              PSHU S,D
    275  2     A281 86   BE              LDA #$be
    276  2     A283 C4   F0              ANDB #$F0
    277  2     A285 CA   0B              ORB #$0b
    278  5+1   A287 ED   E8 28           STD 40,S
    279  4+4   A28A 32   E9 00A0         LEAS 160,S
    280
    281  4+0   A28E A6   E4              LDA ,S
    282  5+3   A290 36   42              PSHU S,A
    283  2     A292 84   F0              ANDA #$F0
    284  2     A294 8A   0B              ORA #$0b
    285  4+0   A296 A7   E4              STA ,S
    286        A298               DYN_POS
    287
    288  4     A298 10CE 0000            LDS #$0000
    289  4+4   A29C 32   E9 02D4         LEAS 724,S
    290
    291  4+1   A2A0 A6   E8 88           LDA -120,S
    292  4+1   A2A3 E6   E8 B0           LDB -80,S
    293  5+2   A2A6 36   06              PSHU B,A
    294  2     A2A8 86   66              LDA #$66
    295  4+1   A2AA A7   E8 88           STA -120,S
    296  4+1   A2AD A7   E8 B0           STA -80,S
    297  4+1   A2B0 A6   E8 D8           LDA -40,S
    298  5+1   A2B3 36   02              PSHU A
    299  2     A2B5 86   64              LDA #$64
    300  4+1   A2B7 A7   E8 D8           STA -40,S
    301  4+0   A2BA A6   E4              LDA ,S
    302  4+1   A2BC E6   E8 29           LDB 41,S
    303  5+2   A2BF 36   06              PSHU B,A
    304  2     A2C1 C4   F0              ANDB #$F0
    305  2     A2C3 CA   06              ORB #$06
    306  4+1   A2C5 E7   E8 29           STB 41,S
    307  2     A2C8 86   46              LDA #$46
    308  4+0   A2CA A7   E4              STA ,S
    309  5+1   A2CC EC   E8 27           LDD 39,S
    310  5+2   A2CF 36   06              PSHU D
    311  2     A2D1 84   F0              ANDA #$F0
    312  2     A2D3 8A   06              ORA #$06
    313  2     A2D5 C6   66              LDB #$66
    314  5+1   A2D7 ED   E8 27           STD 39,S
    315  5+1   A2DA EC   E8 4F           LDD 79,S
    316  5+2   A2DD 36   06              PSHU D
    317  2     A2DF 84   F0              ANDA #$F0
    318  2     A2E1 8A   06              ORA #$06
    319  2     A2E3 C6   66              LDB #$66
    320  5+1   A2E5 ED   E8 4F           STD 79,S
    321  5+1   A2E8 EC   E8 77           LDD 119,S
    322  5+4   A2EB 36   46              PSHU S,D
    323  2     A2ED 84   F0              ANDA #$F0
    324  2     A2EF 8A   06              ORA #$06
    325  2     A2F1 C6   61              LDB #$61
    326  5+1   A2F3 ED   E8 77           STD 119,S
    327  4+4   A2F6 32   E9 00DB         LEAS 219,S
    328
    329  5+1   A2FA EC   E8 C4           LDD -60,S
    330  5+2   A2FD 36   06              PSHU D
    331  2     A2FF 84   F0              ANDA #$F0
    332  2     A301 8A   05              ORA #$05
    333  2     A303 C6   12              LDB #$12
    334  5+1   A305 ED   E8 C4           STD -60,S
    335  4+1   A308 A6   E8 C6           LDA -58,S
    336  5+1   A30B 36   02              PSHU A
    337  2     A30D 84   F0              ANDA #$F0
    338  2     A30F 8A   06              ORA #$06
    339  4+1   A311 A7   E8 C6           STA -58,S
    340  5+1   A314 AE   E8 EC           LDX -20,S
    341  3     A317 CC   4514            LDD #$4514
    342  5+1   A31A ED   E8 EC           STD -20,S
    343  6+1   A31D 10AE E8 14           LDY 20,S
    344  5+4   A321 36   30              PSHU Y,X
    345  5+1   A323 EC   E8 3C           LDD 60,S
    346  5+4   A326 36   46              PSHU S,D
    347  3     A328 CC   55E4            LDD #$55e4
    348  5+1   A32B ED   E8 14           STD 20,S
    349  5+1   A32E ED   E8 3C           STD 60,S
    350  4+4   A331 32   E9 00DB         LEAS 219,S
    351
    352  5+1   A335 EC   E8 B0           LDD -80,S
    353  5+2   A338 36   06              PSHU D
    354  2     A33A 84   F0              ANDA #$F0
    355  2     A33C 8A   02              ORA #$02
    356  2     A33E C6   65              LDB #$65
    357  5+1   A340 ED   E8 B0           STD -80,S
    358  5+1   A343 EC   E8 D8           LDD -40,S
    359  5+2   A346 36   06              PSHU D
    360  2     A348 84   F0              ANDA #$F0
    361  2     A34A 8A   04              ORA #$04
    362  2     A34C C6   75              LDB #$75
    363  5+1   A34E ED   E8 D8           STD -40,S
    364  4+1   A351 A6   E8 DA           LDA -38,S
    365  4+1   A354 E6   E8 8C           LDB -116,S
    366  5+2   A357 36   06              PSHU B,A
    367  2     A359 C4   0F              ANDB #$0F
    368  2     A35B CA   60              ORB #$60
    369  4+1   A35D E7   E8 8C           STB -116,S
    370  4+1   A360 A6   E8 B2           LDA -78,S
    371  5+1   A363 36   02              PSHU A
    372  2     A365 84   F0              ANDA #$F0
    373  2     A367 8A   0E              ORA #$0e
    374  4+1   A369 A7   E8 B2           STA -78,S
    375  4+1   A36C A6   E8 B4           LDA -76,S
    376  5+1   A36F 36   02              PSHU A
    377  2     A371 84   0F              ANDA #$0F
    378  2     A373 8A   40              ORA #$40
    379  4+1   A375 A7   E8 B4           STA -76,S
    380  4+1   A378 A6   E8 DC           LDA -36,S
    381  5+1   A37B 36   02              PSHU A
    382  2     A37D 84   0F              ANDA #$0F
    383  2     A37F 8A   50              ORA #$50
    384  4+1   A381 A7   E8 DC           STA -36,S
    385  4+1   A384 A6   64              LDA 4,S
    386  5+1   A386 36   02              PSHU A
    387  2     A388 84   0F              ANDA #$0F
    388  2     A38A 8A   50              ORA #$50
    389  4+1   A38C A7   64              STA 4,S
    390  5+1   A38E AE   E8 89           LDX -119,S
    391  5+2   A391 36   10              PSHU X
    392  3     A393 CC   55EE            LDD #$55ee
    393  5+1   A396 ED   E8 89           STD -119,S
    394  2     A399 86   77              LDA #$77
    395  4+1   A39B A7   E8 DA           STA -38,S
    396  5+3   A39E 35   12              PULS A,X
    397  5+5   A3A0 36   52              PSHU S,X,A
    398  2     A3A2 86   4D              LDA #$4d
    399  3     A3A4 8E   7888            LDX #$7888
    400  5+3   A3A7 34   12              PSHS A,X
    401  4+1   A3A9 32   E8 28           LEAS 40,S
    402
    403  4+1   A3AC A6   64              LDA 4,S
    404  5+1   A3AE 36   02              PSHU A
    405  2     A3B0 84   0F              ANDA #$0F
    406  2     A3B2 8A   50              ORA #$50
    407  4+1   A3B4 A7   64              STA 4,S
    408  5+3   A3B6 35   12              PULS A,X
    409  5+5   A3B8 36   52              PSHU S,X,A
    410  2     A3BA 86   CD              LDA #$cd
    411  3     A3BC 8E   7718            LDX #$7718
    412  5+3   A3BF 34   12              PSHS A,X
    413  4+1   A3C1 32   E8 28           LEAS 40,S
    414
    415  5+1   A3C4 EC   63              LDD 3,S
    416  5+2   A3C6 36   06              PSHU D
    417  2     A3C8 84   0F              ANDA #$0F
    418  2     A3CA C4   0F              ANDB #$0F
    419  4     A3CC C3   D050            ADDD #$d050
    420  5+1   A3CF ED   63              STD 3,S
    421  5+3   A3D1 35   12              PULS A,X
    422  5+5   A3D3 36   52              PSHU S,X,A
    423  2     A3D5 86   C4              LDA #$c4
    424  3     A3D7 8E   7701            LDX #$7701
    425  5+3   A3DA 34   12              PSHS A,X
    426  4+1   A3DC 32   E8 28           LEAS 40,S
    427
    428  5+1   A3DF EC   63              LDD 3,S
    429  5+2   A3E1 36   06              PSHU D
    430  2     A3E3 84   0F              ANDA #$0F
    431  2     A3E5 C4   0F              ANDB #$0F
    432  4     A3E7 C3   B020            ADDD #$b020
    433  5+1   A3EA ED   63              STD 3,S
    434  5+3   A3EC 35   12              PULS A,X
    435  5+5   A3EE 36   52              PSHU S,X,A
    436  2     A3F0 86   C4              LDA #$c4
    437  3     A3F2 8E   0701            LDX #$0701
    438  5+3   A3F5 34   12              PSHS A,X
    439  4+1   A3F7 32   E8 28           LEAS 40,S
    440
    441  4+1   A3FA A6   64              LDA 4,S
    442  5+1   A3FC 36   02              PSHU A
    443  2     A3FE 84   0F              ANDA #$0F
    444  2     A400 8A   10              ORA #$10
    445  4+1   A402 A7   64              STA 4,S
    446  5+4   A404 35   30              PULS X,Y
    447  5+6   A406 36   70              PSHU S,Y,X
    448  3     A408 CC   D407            LDD #$d407
    449  3     A40B 8E   01C4            LDX #$01c4
    450  5+4   A40E 34   16              PSHS D,X
    451  4+1   A410 32   E8 28           LEAS 40,S
    452
    453  4+1   A413 A6   64              LDA 4,S
    454  5+1   A415 36   02              PSHU A
    455  2     A417 84   0F              ANDA #$0F
    456  2     A419 8A   10              ORA #$10
    457  4+1   A41B A7   64              STA 4,S
    458  5+4   A41D 35   30              PULS X,Y
    459  5+6   A41F 36   70              PSHU S,Y,X
    460  3     A421 CC   D1C8            LDD #$d1c8
    461  3     A424 8E   01ED            LDX #$01ed
    462  5+4   A427 34   16              PSHS D,X
    463  4+1   A429 32   E8 28           LEAS 40,S
    464
    465  5+1   A42C EC   63              LDD 3,S
    466  5+2   A42E 36   06              PSHU D
    467  2     A430 84   F0              ANDA #$F0
    468  2     A432 C4   0F              ANDB #$0F
    469  4     A434 C3   0D50            ADDD #$0d50
    470  5+1   A437 ED   63              STD 3,S
    471  5+3   A439 35   12              PULS A,X
    472  5+5   A43B 36   52              PSHU S,X,A
    473  2     A43D 86   D1              LDA #$d1
    474  3     A43F 8E   BE32            LDX #$be32
    475  5+3   A442 34   12              PSHS A,X
    476  4+1   A444 32   E8 28           LEAS 40,S
    477
    478  4+1   A447 A6   64              LDA 4,S
    479  5+1   A449 36   02              PSHU A
    480  2     A44B 84   0F              ANDA #$0F
    481  2     A44D 8A   40              ORA #$40
    482  4+1   A44F A7   64              STA 4,S
    483  5+4   A451 35   30              PULS X,Y
    484  5+6   A453 36   70              PSHU S,Y,X
    485  3     A455 CC   D1BB            LDD #$d1bb
    486  3     A458 8E   702B            LDX #$702b
    487  5+4   A45B 34   16              PSHS D,X
    488  4+1   A45D 32   E8 28           LEAS 40,S
    489
    490  4+1   A460 A6   64              LDA 4,S
    491  5+1   A462 36   02              PSHU A
    492  2     A464 84   0F              ANDA #$0F
    493  2     A466 8A   40              ORA #$40
    494  4+1   A468 A7   64              STA 4,S
    495  5+4   A46A 35   30              PULS X,Y
    496  5+6   A46C 36   70              PSHU S,Y,X
    497  3     A46E CC   DDBB            LDD #$ddbb
    498  3     A471 8E   7003            LDX #$7003
    499  5+4   A474 34   16              PSHS D,X
    500  4+1   A476 32   E8 28           LEAS 40,S
    501
    502  5+4   A479 35   30              PULS X,Y
    503  5+6   A47B 36   70              PSHU S,Y,X
    504  3     A47D CC   DDDB            LDD #$dddb
    505  3     A480 8E   E850            LDX #$e850
    506  5+4   A483 34   16              PSHS D,X
    507  4+1   A485 32   E8 28           LEAS 40,S
    508
    509  5+4   A488 35   30              PULS X,Y
    510  5+6   A48A 36   70              PSHU S,Y,X
    511  3     A48C CC   D7DE            LDD #$d7de
    512  3     A48F 8E   E745            LDX #$e745
    513  5+4   A492 34   16              PSHS D,X
    514  4+1   A494 32   E8 28           LEAS 40,S
    515
    516  5+1   A497 AE   E8 28           LDX 40,S
    517  6+1   A49A 10AE E8 50           LDY 80,S
    518  5+4   A49E 36   30              PSHU Y,X
    519  4+1   A4A0 A6   63              LDA 3,S
    520  5+1   A4A2 36   02              PSHU A
    521  2     A4A4 84   F0              ANDA #$F0
    522  2     A4A6 8A   04              ORA #$04
    523  4+1   A4A8 A7   63              STA 3,S
    524  3     A4AA CC   CBBE            LDD #$cbbe
    525  5+1   A4AD ED   E8 28           STD 40,S
    526  2     A4B0 C6   BB              LDB #$bb
    527  5+1   A4B2 ED   E8 50           STD 80,S
    528  5+1   A4B5 AE   E8 78           LDX 120,S
    529  5+2   A4B8 36   10              PSHU X
    530  2     A4BA 86   BB              LDA #$bb
    531  5+1   A4BC ED   E8 78           STD 120,S
    532  5+3   A4BF 35   12              PULS A,X
    533  5+5   A4C1 36   52              PSHU S,X,A
    534  2     A4C3 86   C7              LDA #$c7
    535  3     A4C5 8E   BEBB            LDX #$bebb
    536  5+3   A4C8 34   12              PSHS A,X
    537  4+4   A4CA 32   E9 0119         LEAS 281,S
    538
    539  5+1   A4CE AE   E8 87           LDX -121,S
    540  5+2   A4D1 36   10              PSHU X
    541  3     A4D3 CC   BBBB            LDD #$bbbb
    542  5+1   A4D6 ED   E8 87           STD -121,S
    543  5+1   A4D9 EC   E8 AF           LDD -81,S
    544  5+2   A4DC 36   06              PSHU D
    545  2     A4DE 84   F0              ANDA #$F0
    546  2     A4E0 C4   F0              ANDB #$F0
    547  4     A4E2 C3   0B0B            ADDD #$0b0b
    548  5+1   A4E5 ED   E8 AF           STD -81,S
    549  4+1   A4E8 A6   E8 D7           LDA -41,S
    550  5+1   A4EB 36   02              PSHU A
    551  2     A4ED 84   F0              ANDA #$F0
    552  2     A4EF 8A   0B              ORA #$0b
    553  4+1   A4F1 A7   E8 D7           STA -41,S
    554  4+1   A4F4 A6   E8 D9           LDA -39,S
    555  5+1   A4F7 36   02              PSHU A
    556  2     A4F9 84   0F              ANDA #$0F
    557  2     A4FB 8A   E0              ORA #$e0
    558  4+1   A4FD A7   E8 D9           STA -39,S
    559  4+0   A500 A6   E4              LDA ,S
    560  5+1   A502 36   02              PSHU A
    561  2     A504 84   0F              ANDA #$0F
    562  2     A506 8A   E0              ORA #$e0
    563  4+0   A508 A7   E4              STA ,S
    564  4+1   A50A A6   E8 28           LDA 40,S
    565  5+1   A50D 36   02              PSHU A
    566  2     A50F 84   0F              ANDA #$0F
    567  2     A511 8A   E0              ORA #$e0
    568  4+1   A513 A7   E8 28           STA 40,S
    569  4+1   A516 A6   E8 50           LDA 80,S
    570  5+1   A519 36   02              PSHU A
    571  2     A51B 84   0F              ANDA #$0F
    572  2     A51D 8A   E0              ORA #$e0
    573  4+1   A51F A7   E8 50           STA 80,S
    574  4+1   A522 A6   E8 78           LDA 120,S
    575  5+3   A525 36   42              PSHU S,A
    576  2     A527 84   0F              ANDA #$0F
    577  2     A529 8A   E0              ORA #$e0
    578  4+1   A52B A7   E8 78           STA 120,S
    579        A52E               SSAV_Img_Sonic_057
    580  4     A52E 10CE 0000            LDS #$0000
    581  5     A532 39                   RTS
    582

000000 Total Errors

000003 Total Symbols
     0x          Label A000 BCKDRAW_Img_Sonic_057
     1x          Label A298 DYN_POS
     1x          Label A52E SSAV_Img_Sonic_057

