/*--------------------------------------------------------------*
 * Compilé avec C6809 v0.83                                     *
 *--------------------------------------------------------------*
 * Fichier source      : ./Sonic2/GeneratedCode/Img_Sonic_074_Erase.ASM
 * Fichier destination : ./Sonic2/GeneratedCode/Img_Sonic_074_Erase.BIN
 * Contenu :
 *     Main     0:IMGE.ASM     2488
 *--------------------------------------------------------------*/

Macro Pass
Pass1
Pass2
      2        A000                      ORG $A000
      3                  FF              SETDP $FF
      4        A000               ERASE_Img_Sonic_074
      5  6+5   A000 10EF 8D 01C7         STS ERASE_SSAV_Img_Sonic_074+2,PCR>>
      6
      7        A005               ERASE_CODE_Img_Sonic_074_1
      8  5+4   A005 37   46              PULU A,B,S
      9  4+1   A007 A7   7F              STA -1,S
     10  4+1   A009 E7   61              STB 1,S
     11
     12  5+7   A00B 37   72              PULU A,X,Y,S
     13  4+1   A00D A7   E8 51           STA 81,S
     14  5+1   A010 AF   7F              STX -1,S
     15  6+1   A012 10AF E8 D7           STY -41,S
     16
     17  5+4   A016 37   16              PULU D,X
     18  5+1   A018 ED   E8 4F           STD 79,S
     19  5+1   A01B AF   E8 27           STX 39,S
     20
     21  5+6   A01E 37   36              PULU A,B,X,Y
     22  4+1   A020 A7   E8 77           STA 119,S
     23  4+1   A023 E7   E8 79           STB 121,S
     24  5+1   A026 AF   E8 87           STX -121,S
     25  6+1   A029 10AF E8 AF           STY -81,S
     26
     27  5+3   A02D 37   42              PULU A,S
     28  4+1   A02F A7   E8 79           STA 121,S
     29
     30  5+2   A032 37   06              PULU A,B
     31  4+1   A034 A7   E8 76           STA 118,S
     32  4+1   A037 E7   E8 51           STB 81,S
     33
     34  5+2   A03A 37   06              PULU A,B
     35  4+1   A03C A7   E8 29           STA 41,S
     36  4+1   A03F E7   61              STB 1,S
     37
     38  5+2   A041 37   06              PULU A,B
     39  4+1   A043 A7   E8 D9           STA -39,S
     40  4+1   A046 E7   E8 B1           STB -79,S
     41
     42  5+5   A049 37   32              PULU A,X,Y
     43  4+1   A04B A7   E8 89           STA -119,S
     44  5+1   A04E AF   7F              STX -1,S
     45  6+1   A050 10AF E8 4F           STY 79,S
     46
     47  5+4   A054 37   16              PULU D,X
     48  5+1   A056 ED   E8 D7           STD -41,S
     49  5+1   A059 AF   E8 87           STX -121,S
     50
     51  5+3   A05C 37   12              PULU A,X
     52  4+1   A05E A7   E8 27           STA 39,S
     53  5+1   A061 AF   E8 AF           STX -81,S
     54
     55  5+3   A064 37   42              PULU A,S
     56  4+1   A066 A7   E8 79           STA 121,S
     57
     58  5+2   A069 37   06              PULU A,B
     59  4+1   A06B A7   E8 51           STA 81,S
     60  4+1   A06E E7   E8 29           STB 41,S
     61
     62  5+2   A071 37   06              PULU A,B
     63  4+1   A073 A7   61              STA 1,S
     64  4+1   A075 E7   E8 B1           STB -79,S
     65
     66  5+5   A078 37   32              PULU A,X,Y
     67  4+1   A07A A7   E8 89           STA -119,S
     68  5+1   A07D AF   E8 4F           STX 79,S
     69  6+1   A080 10AF E8 77           STY 119,S
     70
     71  5+6   A084 37   36              PULU D,X,Y
     72  5+1   A086 ED   E8 D7           STD -41,S
     73  5+1   A089 AF   7F              STX -1,S
     74  6+1   A08B 10AF E8 AF           STY -81,S
     75
     76  5+4   A08F 37   16              PULU D,X
     77  5+1   A091 ED   E8 27           STD 39,S
     78  5+1   A094 AF   E8 87           STX -121,S
     79
     80  5+3   A097 37   42              PULU A,S
     81  4+1   A099 A7   E8 79           STA 121,S
     82
     83  5+2   A09C 37   06              PULU A,B
     84  4+1   A09E A7   E8 51           STA 81,S
     85  4+1   A0A1 E7   E8 29           STB 41,S
     86
     87  5+2   A0A4 37   06              PULU A,B
     88  4+1   A0A6 A7   61              STA 1,S
     89  4+1   A0A8 E7   E8 D9           STB -39,S
     90
     91  5+6   A0AB 37   36              PULU A,B,X,Y
     92  4+1   A0AD A7   E8 B1           STA -79,S
     93  4+1   A0B0 E7   E8 89           STB -119,S
     94  5+1   A0B3 AF   E8 27           STX 39,S
     95  6+1   A0B6 10AF E8 D7           STY -41,S
     96
     97  5+6   A0BA 37   36              PULU D,X,Y
     98  5+1   A0BC ED   7F              STD -1,S
     99  5+1   A0BE AF   E8 77           STX 119,S
    100  6+1   A0C1 10AF E8 AF           STY -81,S
    101
    102  5+4   A0C5 37   16              PULU D,X
    103  5+1   A0C7 ED   E8 87           STD -121,S
    104  5+1   A0CA AF   E8 4F           STX 79,S
    105
    106  5+4   A0CD 37   46              PULU D,S
    107  5+1   A0CF ED   E8 4F           STD 79,S
    108
    109  5+6   A0D2 37   36              PULU D,X,Y
    110  5+1   A0D4 ED   E8 27           STD 39,S
    111  5+1   A0D7 AF   7F              STX -1,S
    112  6+1   A0D9 10AF E8 D7           STY -41,S
    113
    114  5+2   A0DD 37   06              PULU D
    115  5+1   A0DF ED   E8 77           STD 119,S
    116
    117  5+2   A0E2 37   06              PULU A,B
    118  4+1   A0E4 A7   E8 79           STA 121,S
    119  4+1   A0E7 E7   E8 51           STB 81,S
    120
    121  5+4   A0EA 37   16              PULU A,B,X
    122  4+1   A0EC A7   E8 29           STA 41,S
    123  4+1   A0EF E7   E8 87           STB -121,S
    124  5+1   A0F2 AF   E8 AF           STX -81,S
    125
    126  5+4   A0F5 37   46              PULU D,S
    127  5+1   A0F7 ED   61              STD 1,S
    128
    129  5+2   A0F9 37   06              PULU D
    130  5+1   A0FB ED   7F              STD -1,S
    131
    132  5+4   A0FD 37   46              PULU A,B,S
    133  4+1   A0FF A7   E8 B1           STA -79,S
    134  4+1   A102 E7   E8 29           STB 41,S
    135
    136  5+6   A105 37   36              PULU D,X,Y
    137  5+1   A107 ED   E8 4F           STD 79,S
    138  5+1   A10A AF   E8 D7           STX -41,S
    139  6+1   A10D 10AF E8 AF           STY -81,S
    140
    141  5+2   A111 37   06              PULU D
    142  5+1   A113 ED   E8 79           STD 121,S
    143
    144  5+2   A116 37   06              PULU A,B
    145  4+1   A118 A7   E8 27           STA 39,S
    146  4+1   A11B E7   61              STB 1,S
    147
    148  5+2   A11D 37   06              PULU A,B
    149  4+1   A11F A7   E8 89           STA -119,S
    150  4+1   A122 E7   7F              STB -1,S
    151
    152  5+6   A124 37   36              PULU A,B,X,Y
    153  4+1   A126 A7   E8 D9           STA -39,S
    154  4+1   A129 E7   E8 51           STB 81,S
    155  5+1   A12C AF   E8 77           STX 119,S
    156  6+1   A12F 10AF E8 87           STY -121,S
    157
    158  5+3   A133 37   42              PULU A,S
    159  4+1   A135 A7   E8 52           STA 82,S
    160
    161  5+6   A138 37   36              PULU A,B,X,Y
    162  4+1   A13A A7   E8 8A           STA -118,S
    163  4+1   A13D E7   E8 2A           STB 42,S
    164  5+1   A140 AF   E8 28           STX 40,S
    165  6+1   A143 10AF 61              STY 1,S
    166
    167  5+6   A146 37   36              PULU D,X,Y
    168  5+1   A148 ED   E8 D8           STD -40,S
    169  5+1   A14B AF   E8 B0           STX -80,S
    170  6+1   A14E 10AF E8 88           STY -120,S
    171
    172  5+6   A152 37   36              PULU A,B,X,Y
    173  4+1   A154 A7   E8 B2           STA -78,S
    174  4+1   A157 E7   E8 DA           STB -38,S
    175  5+1   A15A AF   E8 78           STX 120,S
    176  6+1   A15D 10AF E8 50           STY 80,S
    177
    178  5+5   A161 37   52              PULU A,X,S
    179  5+3   A163 34   12              PSHS A,X
    180
    181  5+2   A165 37   06              PULU D
    182  5+1   A167 ED   E8 78           STD 120,S
    183
    184  5+5   A16A 37   32              PULU A,X,Y
    185  4+1   A16C A7   E8 7A           STA 122,S
    186  5+1   A16F AF   E8 29           STX 41,S
    187  6+1   A172 10AF E8 51           STY 81,S
    188
    189  5+5   A176 37   52              PULU A,X,S
    190  5+3   A178 34   12              PSHS A,X
    191
    192  5+5   A17A 37   52              PULU A,X,S
    193  5+3   A17C 34   12              PSHS A,X
    194
    195  5+6   A17E 37   36              PULU A,B,X,Y
    196  4+1   A180 A7   E8 B2           STA -78,S
    197  4+1   A183 E7   E8 DA           STB -38,S
    198  5+1   A186 AF   E8 D8           STX -40,S
    199  6+1   A189 10AF E8 B0           STY -80,S
    200
    201  5+5   A18D 37   52              PULU A,X,S
    202  5+3   A18F 34   12              PSHS A,X
    203
    204  5+2   A191 37   06              PULU D
    205  5+1   A193 ED   E8 28           STD 40,S
    206
    207  5+5   A196 37   32              PULU A,X,Y
    208  4+1   A198 A7   E8 2A           STA 42,S
    209  5+1   A19B AF   E8 51           STX 81,S
    210  6+1   A19E 10AF E8 79           STY 121,S
    211
    212  5+6   A1A2 37   56              PULU A,B,X,S
    213  5+3   A1A4 34   14              PSHS B,X
    214  4+1   A1A6 A7   E8 DA           STA -38,S
    215
    216  5+6   A1A9 37   36              PULU D,X,Y
    217  5+1   A1AB ED   E8 D8           STD -40,S
    218  5+1   A1AE AF   E8 89           STX -119,S
    219  6+1   A1B1 10AF E8 B1           STY -79,S
    220
    221  5+4   A1B5 37   46              PULU A,B,S
    222  4+1   A1B7 A7   E8 D8           STA -40,S
    223  4+0   A1BA E7   E4              STB ,S
    224
    225  5+4   A1BC 37   16              PULU D,X
    226  5+1   A1BE ED   E8 50           STD 80,S
    227  5+1   A1C1 AF   E8 28           STX 40,S
    228
    229  5+1   A1C4 37   02              PULU A
    230  4+1   A1C6 A7   E8 B0           STA -80,S
    231
    232        A1C9               ERASE_SSAV_Img_Sonic_074
    233  4     A1C9 10CE 0000            LDS #$0000
    234  5     A1CD 39                   RTS
    235

000000 Total Errors

000003 Total Symbols
     0x          Label A005 ERASE_CODE_Img_Sonic_074_1
     0x          Label A000 ERASE_Img_Sonic_074
     1x          Label A1C9 ERASE_SSAV_Img_Sonic_074

