/*--------------------------------------------------------------*
 * Compilé avec C6809 v0.83                                     *
 *--------------------------------------------------------------*
 * Fichier source      : ./Sonic2/GeneratedCode/Img_Sonic_022_BckDraw.ASM
 * Fichier destination : ./Sonic2/GeneratedCode/Img_Sonic_022_BckDraw.BIN
 * Contenu :
 *     Main     0:IMGD.ASM     7588
 *--------------------------------------------------------------*/

Macro Pass
Pass1
Pass2
      2        A000                      ORG $A000
      3                  FF              SETDP $FF
      4        A000               BCKDRAW_Img_Sonic_022
      5  6+5   A000 10EF 8D 05A9         STS SSAV_Img_Sonic_022+2,PCR
      6
      7  5+5   A005 ED   8D 02D5         STD DYN_POS+2,PCR
      8  6+0   A009 10EE A4              LDS ,Y
      9  4+4   A00C 32   E9 02FA         LEAS 762,S
     10
     11  5+0   A010 EC   E4              LDD ,S
     12  5+2   A012 36   06              PSHU D
     13  2     A014 86   DD              LDA #$dd
     14  2     A016 C4   0F              ANDB #$0F
     15  2     A018 CA   D0              ORB #$d0
     16  5+0   A01A ED   E4              STD ,S
     17  5+1   A01C AE   E8 28           LDX 40,S
     18  5+2   A01F 36   10              PSHU X
     19  4+1   A021 A6   E8 D8           LDA -40,S
     20  5+3   A024 36   42              PSHU S,A
     21  2     A026 84   F0              ANDA #$F0
     22  2     A028 8A   0D              ORA #$0d
     23  4+1   A02A A7   E8 D8           STA -40,S
     24  3     A02D CC   DDDD            LDD #$dddd
     25  5+1   A030 ED   E8 28           STD 40,S
     26  4+4   A033 32   E9 00C7         LEAS 199,S
     27
     28  5+1   A037 EC   E8 B0           LDD -80,S
     29  5+2   A03A 36   06              PSHU D
     30  2     A03C 84   F0              ANDA #$F0
     31  2     A03E 8A   0D              ORA #$0d
     32  2     A040 C6   7D              LDB #$7d
     33  5+1   A042 ED   E8 B0           STD -80,S
     34  5+1   A045 EC   E8 D8           LDD -40,S
     35  5+2   A048 36   06              PSHU D
     36  2     A04A 84   F0              ANDA #$F0
     37  2     A04C 8A   0C              ORA #$0c
     38  2     A04E C6   7D              LDB #$7d
     39  5+1   A050 ED   E8 D8           STD -40,S
     40  4+1   A053 A6   E8 B2           LDA -78,S
     41  4+1   A056 E6   E8 DA           LDB -38,S
     42  5+1   A059 AE   E8 89           LDX -119,S
     43  5+4   A05C 36   16              PSHU X,B,A
     44  3     A05E CC   87CC            LDD #$87cc
     45  5+1   A061 ED   E8 89           STD -119,S
     46  2     A064 86   14              LDA #$14
     47  4+1   A066 A7   E8 B2           STA -78,S
     48  2     A069 86   04              LDA #$04
     49  4+1   A06B A7   E8 DA           STA -38,S
     50  5+3   A06E 35   12              PULS A,X
     51  5+5   A070 36   52              PSHU S,X,A
     52  3     A072 8E   7D00            LDX #$7d00
     53  5+3   A075 34   14              PSHS B,X
     54  4+1   A077 32   E8 28           LEAS 40,S
     55
     56  5+3   A07A 35   12              PULS A,X
     57  5+5   A07C 36   52              PSHU S,X,A
     58  2     A07E 86   BB              LDA #$bb
     59  3     A080 8E   7D00            LDX #$7d00
     60  5+3   A083 34   12              PSHS A,X
     61  4+1   A085 32   E8 28           LEAS 40,S
     62
     63  5+3   A088 35   12              PULS A,X
     64  5+5   A08A 36   52              PSHU S,X,A
     65  2     A08C 86   BE              LDA #$be
     66  3     A08E 8E   BD00            LDX #$bd00
     67  5+3   A091 34   12              PSHS A,X
     68  4+1   A093 32   E8 28           LEAS 40,S
     69
     70  5+3   A096 35   12              PULS A,X
     71  5+5   A098 36   52              PSHU S,X,A
     72  2     A09A 86   BE              LDA #$be
     73  3     A09C 8E   CDD0            LDX #$cdd0
     74  5+3   A09F 34   12              PSHS A,X
     75  4+1   A0A1 32   E8 28           LEAS 40,S
     76
     77  5+1   A0A4 EC   E8 28           LDD 40,S
     78  5+2   A0A7 36   06              PSHU D
     79  2     A0A9 84   0F              ANDA #$0F
     80  2     A0AB 8A   E0              ORA #$e0
     81  2     A0AD C6   BC              LDB #$bc
     82  5+1   A0AF ED   E8 28           STD 40,S
     83  4+1   A0B2 A6   63              LDA 3,S
     84  5+1   A0B4 36   02              PSHU A
     85  2     A0B6 84   0F              ANDA #$0F
     86  2     A0B8 8A   20              ORA #$20
     87  4+1   A0BA A7   63              STA 3,S
     88  5+1   A0BC EC   E8 2A           LDD 42,S
     89  5+2   A0BF 36   06              PSHU D
     90  2     A0C1 86   77              LDA #$77
     91  2     A0C3 C4   0F              ANDB #$0F
     92  2     A0C5 CA   20              ORB #$20
     93  5+1   A0C7 ED   E8 2A           STD 42,S
     94  5+3   A0CA 35   12              PULS A,X
     95  5+5   A0CC 36   52              PSHU S,X,A
     96  2     A0CE 86   EE              LDA #$ee
     97  3     A0D0 8E   CD07            LDX #$cd07
     98  5+3   A0D3 34   12              PSHS A,X
     99  4+1   A0D5 32   E8 51           LEAS 81,S
    100
    101  5+3   A0D8 35   12              PULS A,X
    102  5+5   A0DA 36   52              PSHU S,X,A
    103  2     A0DC 86   BC              LDA #$bc
    104  3     A0DE 8E   7702            LDX #$7702
    105  5+3   A0E1 34   12              PSHS A,X
    106  4+1   A0E3 32   E8 28           LEAS 40,S
    107
    108  4+1   A0E6 A6   64              LDA 4,S
    109  5+1   A0E8 36   02              PSHU A
    110  2     A0EA 84   0F              ANDA #$0F
    111  2     A0EC 8A   40              ORA #$40
    112  4+1   A0EE A7   64              STA 4,S
    113  5+3   A0F0 35   12              PULS A,X
    114  5+5   A0F2 36   52              PSHU S,X,A
    115  2     A0F4 86   BB              LDA #$bb
    116  3     A0F6 8E   7803            LDX #$7803
    117  5+3   A0F9 34   12              PSHS A,X
    118  4+1   A0FB 32   E8 28           LEAS 40,S
    119
    120  5+1   A0FE EC   E8 29           LDD 41,S
    121  5+2   A101 36   06              PSHU D
    122  2     A103 86   46              LDA #$46
    123  2     A105 C4   0F              ANDB #$0F
    124  2     A107 CA   10              ORB #$10
    125  5+1   A109 ED   E8 29           STD 41,S
    126  5+1   A10C EC   E8 51           LDD 81,S
    127  5+2   A10F 36   06              PSHU D
    128  2     A111 86   66              LDA #$66
    129  2     A113 C4   0F              ANDB #$0F
    130  2     A115 CA   30              ORB #$30
    131  5+1   A117 ED   E8 51           STD 81,S
    132  5+1   A11A EC   E8 4F           LDD 79,S
    133  5+2   A11D 36   06              PSHU D
    134  2     A11F 84   F0              ANDA #$F0
    135  2     A121 C4   F0              ANDB #$F0
    136  4     A123 C3   0B0B            ADDD #$0b0b
    137  5+1   A126 ED   E8 4F           STD 79,S
    138  5+1   A129 EC   E8 77           LDD 119,S
    139  5+2   A12C 36   06              PSHU D
    140  2     A12E 84   F0              ANDA #$F0
    141  2     A130 C4   F0              ANDB #$F0
    142  4     A132 C3   0B0B            ADDD #$0b0b
    143  5+1   A135 ED   E8 77           STD 119,S
    144  5+1   A138 EC   E8 7B           LDD 123,S
    145  5+2   A13B 36   06              PSHU D
    146  2     A13D 84   F0              ANDA #$F0
    147  2     A13F C4   0F              ANDB #$0F
    148  4     A141 C3   0540            ADDD #$0540
    149  5+1   A144 ED   E8 7B           STD 123,S
    150  4+1   A147 A6   E8 79           LDA 121,S
    151  4+1   A14A E6   64              LDB 4,S
    152  5+2   A14C 36   06              PSHU B,A
    153  2     A14E C4   0F              ANDB #$0F
    154  2     A150 CA   40              ORB #$40
    155  4+1   A152 E7   64              STB 4,S
    156  4+1   A154 A6   E8 2C           LDA 44,S
    157  5+1   A157 36   02              PSHU A
    158  2     A159 84   0F              ANDA #$0F
    159  2     A15B 8A   40              ORA #$40
    160  4+1   A15D A7   E8 2C           STA 44,S
    161  4+1   A160 A6   E8 54           LDA 84,S
    162  5+1   A163 36   02              PSHU A
    163  2     A165 84   0F              ANDA #$0F
    164  2     A167 8A   40              ORA #$40
    165  4+1   A169 A7   E8 54           STA 84,S
    166  5+1   A16C EC   E8 27           LDD 39,S
    167  5+2   A16F 36   06              PSHU D
    168  2     A171 84   F0              ANDA #$F0
    169  2     A173 8A   0B              ORA #$0b
    170  2     A175 C6   EE              LDB #$ee
    171  5+1   A177 ED   E8 27           STD 39,S
    172  2     A17A 86   87              LDA #$87
    173  4+1   A17C A7   E8 79           STA 121,S
    174  5+3   A17F 35   12              PULS A,X
    175  5+5   A181 36   52              PSHU S,X,A
    176  2     A183 86   EB              LDA #$eb
    177  3     A185 8E   E603            LDX #$e603
    178  5+3   A188 34   12              PSHS A,X
    179  4+4   A18A 32   E9 00C9         LEAS 201,S
    180
    181  5+1   A18E EC   7E              LDD -2,S
    182  5+2   A190 36   06              PSHU D
    183  2     A192 84   F0              ANDA #$F0
    184  2     A194 8A   0B              ORA #$0b
    185  2     A196 C6   BE              LDB #$be
    186  5+1   A198 ED   7E              STD -2,S
    187  5+1   A19A EC   E8 26           LDD 38,S
    188  5+2   A19D 36   06              PSHU D
    189  2     A19F 84   F0              ANDA #$F0
    190  2     A1A1 8A   0E              ORA #$0e
    191  2     A1A3 C6   BE              LDB #$be
    192  5+1   A1A5 ED   E8 26           STD 38,S
    193  4+1   A1A8 A6   E8 D8           LDA -40,S
    194  4+1   A1AB E6   E8 DA           LDB -38,S
    195  5+2   A1AE 36   06              PSHU B,A
    196  2     A1B0 C4   F0              ANDB #$F0
    197  2     A1B2 CA   00              ORB #$00
    198  4+1   A1B4 E7   E8 DA           STB -38,S
    199  5+1   A1B7 EC   E8 D6           LDD -42,S
    200  5+2   A1BA 36   06              PSHU D
    201  2     A1BC 84   F0              ANDA #$F0
    202  2     A1BE C4   F0              ANDB #$F0
    203  4     A1C0 C3   0B0B            ADDD #$0b0b
    204  5+1   A1C3 ED   E8 D6           STD -42,S
    205  2     A1C6 86   66              LDA #$66
    206  4+1   A1C8 A7   E8 D8           STA -40,S
    207  5+3   A1CB 35   12              PULS A,X
    208  5+5   A1CD 36   52              PSHU S,X,A
    209  2     A1CF 86   E8              LDA #$e8
    210  3     A1D1 8E   BB52            LDX #$bb52
    211  5+3   A1D4 34   12              PSHS A,X
    212  4+1   A1D6 32   E8 28           LEAS 40,S
    213
    214  4+1   A1D9 A6   E8 52           LDA 82,S
    215  5+1   A1DC AE   E8 27           LDX 39,S
    216  5+3   A1DF 36   12              PSHU X,A
    217  4+1   A1E1 A6   E8 7A           LDA 122,S
    218  4+1   A1E4 E6   E8 2A           LDB 42,S
    219  5+1   A1E7 AE   E8 4F           LDX 79,S
    220  5+4   A1EA 36   16              PSHU X,B,A
    221  5+1   A1EC EC   E8 77           LDD 119,S
    222  5+2   A1EF 36   06              PSHU D
    223  2     A1F1 84   0F              ANDA #$0F
    224  2     A1F3 8A   B0              ORA #$b0
    225  2     A1F5 C6   44              LDB #$44
    226  5+1   A1F7 ED   E8 77           STD 119,S
    227  2     A1FA 86   66              LDA #$66
    228  4+1   A1FC A7   E8 52           STA 82,S
    229  4+1   A1FF A7   E8 7A           STA 122,S
    230  2     A202 86   BE              LDA #$be
    231  5+1   A204 ED   E8 4F           STD 79,S
    232  2     A207 C6   EE              LDB #$ee
    233  5+1   A209 ED   E8 27           STD 39,S
    234  2     A20C 86   46              LDA #$46
    235  4+1   A20E A7   E8 2A           STA 42,S
    236  5+3   A211 35   12              PULS A,X
    237  5+5   A213 36   52              PSHU S,X,A
    238  2     A215 86   ED              LDA #$ed
    239  3     A217 8E   4466            LDX #$4466
    240  5+3   A21A 34   12              PSHS A,X
    241  4+4   A21C 32   E9 0118         LEAS 280,S
    242
    243  4+1   A220 A6   E8 50           LDA 80,S
    244  4+0   A223 E6   E4              LDB ,S
    245  5+2   A225 36   06              PSHU B,A
    246  4+1   A227 A6   E8 8A           LDA -118,S
    247  4+1   A22A E6   E8 87           LDB -121,S
    248  5+2   A22D 36   06              PSHU B,A
    249  2     A22F C4   0F              ANDB #$0F
    250  2     A231 CA   B0              ORB #$b0
    251  4+1   A233 E7   E8 87           STB -121,S
    252  4+1   A236 A6   E8 B2           LDA -78,S
    253  5+1   A239 36   02              PSHU A
    254  2     A23B 84   F0              ANDA #$F0
    255  2     A23D 8A   04              ORA #$04
    256  4+1   A23F A7   E8 B2           STA -78,S
    257  4+1   A242 A6   E8 DA           LDA -38,S
    258  5+1   A245 36   02              PSHU A
    259  2     A247 84   F0              ANDA #$F0
    260  2     A249 8A   04              ORA #$04
    261  4+1   A24B A7   E8 DA           STA -38,S
    262  2     A24E 86   62              LDA #$62
    263  4+1   A250 A7   E8 50           STA 80,S
    264  2     A253 86   43              LDA #$43
    265  4+0   A255 A7   E4              STA ,S
    266  2     A257 86   46              LDA #$46
    267  4+1   A259 A7   E8 8A           STA -118,S
    268  4+1   A25C A6   E8 28           LDA 40,S
    269  4+1   A25F E6   E8 78           LDB 120,S
    270  5+4   A262 36   46              PSHU S,B,A
    271  2     A264 86   66              LDA #$66
    272  4+1   A266 A7   E8 78           STA 120,S
    273  2     A269 86   42              LDA #$42
    274  4+1   A26B A7   E8 28           STA 40,S
    275  4+4   A26E 32   E9 0118         LEAS 280,S
    276
    277  4+0   A272 A6   E4              LDA ,S
    278  4+1   A274 E6   E8 28           LDB 40,S
    279  5+2   A277 36   06              PSHU B,A
    280  2     A279 86   51              LDA #$51
    281  4+1   A27B A7   E8 28           STA 40,S
    282  4+1   A27E A6   E8 88           LDA -120,S
    283  4+1   A281 E6   E8 D8           LDB -40,S
    284  5+2   A284 36   06              PSHU B,A
    285  4+1   A286 A6   E8 B0           LDA -80,S
    286  5+1   A289 36   02              PSHU A
    287  2     A28B 86   60              LDA #$60
    288  4+0   A28D A7   E4              STA ,S
    289  2     A28F 86   65              LDA #$65
    290  4+1   A291 A7   E8 88           STA -120,S
    291  4+1   A294 A6   E8 50           LDA 80,S
    292  4+1   A297 E6   E8 78           LDB 120,S
    293  5+4   A29A 36   46              PSHU S,B,A
    294  2     A29C 86   59              LDA #$59
    295  4+1   A29E A7   E8 50           STA 80,S
    296  2     A2A1 86   15              LDA #$15
    297  4+1   A2A3 A7   E8 B0           STA -80,S
    298  2     A2A6 86   55              LDA #$55
    299  4+1   A2A8 A7   E8 78           STA 120,S
    300  2     A2AB 86   20              LDA #$20
    301  4+1   A2AD A7   E8 D8           STA -40,S
    302  4+4   A2B0 32   E9 00DC         LEAS 220,S
    303
    304  4+1   A2B4 A6   E8 C4           LDA -60,S
    305  4+1   A2B7 E6   E8 EC           LDB -20,S
    306  5+2   A2BA 36   06              PSHU B,A
    307  2     A2BC 86   55              LDA #$55
    308  4+1   A2BE A7   E8 C4           STA -60,S
    309  4+1   A2C1 A7   E8 EC           STA -20,S
    310  4+1   A2C4 A6   E8 14           LDA 20,S
    311  5+1   A2C7 36   02              PSHU A
    312  2     A2C9 84   0F              ANDA #$0F
    313  2     A2CB 8A   90              ORA #$90
    314  4+1   A2CD A7   E8 14           STA 20,S
    315  4+1   A2D0 A6   E8 3C           LDA 60,S
    316  5+3   A2D3 36   42              PSHU S,A
    317  2     A2D5 84   0F              ANDA #$0F
    318  2     A2D7 8A   50              ORA #$50
    319  4+1   A2D9 A7   E8 3C           STA 60,S
    320        A2DC               DYN_POS
    321
    322  4     A2DC 10CE 0000            LDS #$0000
    323  4+4   A2E0 32   E9 02D3         LEAS 723,S
    324
    325  5+1   A2E4 EC   E8 27           LDD 39,S
    326  5+2   A2E7 36   06              PSHU D
    327  2     A2E9 84   F0              ANDA #$F0
    328  2     A2EB 8A   0D              ORA #$0d
    329  2     A2ED C6   DD              LDB #$dd
    330  5+1   A2EF ED   E8 27           STD 39,S
    331  4+0   A2F2 A6   E4              LDA ,S
    332  4+0   A2F4 E7   E4              STB ,S
    333  4+1   A2F6 E6   E8 D8           LDB -40,S
    334  5+4   A2F9 36   46              PSHU S,B,A
    335  2     A2FB C4   0F              ANDB #$0F
    336  2     A2FD CA   E0              ORB #$e0
    337  4+1   A2FF E7   E8 D8           STB -40,S
    338  4+4   A302 32   E9 00C7         LEAS 199,S
    339
    340  5+1   A306 EC   E8 88           LDD -120,S
    341  5+2   A309 36   06              PSHU D
    342  2     A30B 84   F0              ANDA #$F0
    343  2     A30D 8A   0E              ORA #$0e
    344  2     A30F C6   DD              LDB #$dd
    345  5+1   A311 ED   E8 88           STD -120,S
    346  5+1   A314 AE   E8 B0           LDX -80,S
    347  3     A317 CC   DECC            LDD #$decc
    348  5+1   A31A ED   E8 B0           STD -80,S
    349  6+1   A31D 10AE E8 D8           LDY -40,S
    350  5+4   A321 36   30              PSHU Y,X
    351  3     A323 CC   CEC1            LDD #$cec1
    352  5+1   A326 ED   E8 D8           STD -40,S
    353  5+3   A329 35   12              PULS A,X
    354  5+5   A32B 36   52              PSHU S,X,A
    355  2     A32D 86   CE              LDA #$ce
    356  3     A32F 8E   C044            LDX #$c044
    357  5+3   A332 34   12              PSHS A,X
    358  4+1   A334 32   E8 28           LEAS 40,S
    359
    360  5+3   A337 35   12              PULS A,X
    361  5+5   A339 36   52              PSHU S,X,A
    362  2     A33B 86   BE              LDA #$be
    363  3     A33D 8E   D074            LDX #$d074
    364  5+3   A340 34   12              PSHS A,X
    365  4+1   A342 32   E8 28           LEAS 40,S
    366
    367  5+3   A345 35   12              PULS A,X
    368  5+5   A347 36   52              PSHU S,X,A
    369  2     A349 86   BE              LDA #$be
    370  3     A34B 8E   DD76            LDX #$dd76
    371  5+3   A34E 34   12              PSHS A,X
    372  4+1   A350 32   E8 28           LEAS 40,S
    373
    374  5+1   A353 EC   E8 27           LDD 39,S
    375  5+2   A356 36   06              PSHU D
    376  2     A358 84   F0              ANDA #$F0
    377  2     A35A 8A   0B              ORA #$0b
    378  2     A35C C6   EB              LDB #$eb
    379  5+1   A35E ED   E8 27           STD 39,S
    380  5+1   A361 EC   E8 4F           LDD 79,S
    381  5+2   A364 36   06              PSHU D
    382  2     A366 84   F0              ANDA #$F0
    383  2     A368 8A   0B              ORA #$0b
    384  2     A36A C6   BB              LDB #$bb
    385  5+1   A36C ED   E8 4F           STD 79,S
    386  5+1   A36F EC   E8 77           LDD 119,S
    387  5+2   A372 36   06              PSHU D
    388  2     A374 84   F0              ANDA #$F0
    389  2     A376 8A   0E              ORA #$0e
    390  2     A378 C6   BB              LDB #$bb
    391  5+1   A37A ED   E8 77           STD 119,S
    392  5+1   A37D EC   E8 29           LDD 41,S
    393  5+2   A380 36   06              PSHU D
    394  2     A382 86   DD              LDA #$dd
    395  2     A384 C4   0F              ANDB #$0F
    396  2     A386 CA   70              ORB #$70
    397  5+1   A388 ED   E8 29           STD 41,S
    398  5+1   A38B AE   E8 51           LDX 81,S
    399  3     A38E CC   DD72            LDD #$dd72
    400  5+1   A391 ED   E8 51           STD 81,S
    401  6+1   A394 10AE E8 79           LDY 121,S
    402  5+4   A398 36   30              PSHU Y,X
    403  3     A39A CC   CC80            LDD #$cc80
    404  5+1   A39D ED   E8 79           STD 121,S
    405  5+3   A3A0 35   12              PULS A,X
    406  5+5   A3A2 36   52              PSHU S,X,A
    407  2     A3A4 86   EE              LDA #$ee
    408  3     A3A6 8E   DD78            LDX #$dd78
    409  5+3   A3A9 34   12              PSHS A,X
    410  4+4   A3AB 32   E9 00A0         LEAS 160,S
    411
    412  5+3   A3AF 35   12              PULS A,X
    413  5+5   A3B1 36   52              PSHU S,X,A
    414  2     A3B3 86   BE              LDA #$be
    415  3     A3B5 8E   CC80            LDX #$cc80
    416  5+3   A3B8 34   12              PSHS A,X
    417  4+1   A3BA 32   E8 28           LEAS 40,S
    418
    419  5+3   A3BD 35   12              PULS A,X
    420  5+5   A3BF 36   52              PSHU S,X,A
    421  2     A3C1 86   BE              LDA #$be
    422  3     A3C3 8E   CB10            LDX #$cb10
    423  5+3   A3C6 34   12              PSHS A,X
    424  4+1   A3C8 32   E8 28           LEAS 40,S
    425
    426  4+1   A3CB A6   64              LDA 4,S
    427  5+1   A3CD 36   02              PSHU A
    428  2     A3CF 84   F0              ANDA #$F0
    429  2     A3D1 8A   05              ORA #$05
    430  4+1   A3D3 A7   64              STA 4,S
    431  5+3   A3D5 35   12              PULS A,X
    432  5+5   A3D7 36   52              PSHU S,X,A
    433  2     A3D9 86   BE              LDA #$be
    434  3     A3DB 8E   BB00            LDX #$bb00
    435  5+3   A3DE 34   12              PSHS A,X
    436  4+1   A3E0 32   E8 28           LEAS 40,S
    437
    438  4+1   A3E3 A6   64              LDA 4,S
    439  5+1   A3E5 36   02              PSHU A
    440  2     A3E7 86   54              LDA #$54
    441  4+1   A3E9 A7   64              STA 4,S
    442  5+3   A3EB 35   12              PULS A,X
    443  5+5   A3ED 36   52              PSHU S,X,A
    444  2     A3EF 86   BE              LDA #$be
    445  3     A3F1 8E   BB30            LDX #$bb30
    446  5+3   A3F4 34   12              PSHS A,X
    447  4+1   A3F6 32   E8 28           LEAS 40,S
    448
    449  4+1   A3F9 A6   64              LDA 4,S
    450  4+1   A3FB E6   E8 2A           LDB 42,S
    451  5+2   A3FE 36   06              PSHU B,A
    452  2     A400 86   54              LDA #$54
    453  4+1   A402 A7   64              STA 4,S
    454  2     A404 86   23              LDA #$23
    455  4+1   A406 A7   E8 2A           STA 42,S
    456  4+1   A409 A6   E8 2C           LDA 44,S
    457  4+1   A40C E6   E8 52           LDB 82,S
    458  5+2   A40F 36   06              PSHU B,A
    459  5+1   A411 EC   E8 28           LDD 40,S
    460  5+2   A414 36   06              PSHU D
    461  2     A416 84   0F              ANDA #$0F
    462  2     A418 8A   E0              ORA #$e0
    463  2     A41A C6   EE              LDB #$ee
    464  5+1   A41C ED   E8 28           STD 40,S
    465  5+1   A41F EC   E8 50           LDD 80,S
    466  5+2   A422 36   06              PSHU D
    467  2     A424 84   0F              ANDA #$0F
    468  2     A426 8A   E0              ORA #$e0
    469  2     A428 C6   EE              LDB #$ee
    470  5+1   A42A ED   E8 50           STD 80,S
    471  4+1   A42D A6   E8 54           LDA 84,S
    472  5+1   A430 36   02              PSHU A
    473  2     A432 86   66              LDA #$66
    474  4+1   A434 A7   E8 2C           STA 44,S
    475  4+1   A437 A7   E8 52           STA 82,S
    476  4+1   A43A A7   E8 54           STA 84,S
    477  5+3   A43D 35   12              PULS A,X
    478  5+5   A43F 36   52              PSHU S,X,A
    479  3     A441 8E   EE11            LDX #$ee11
    480  5+3   A444 34   14              PSHS B,X
    481  4+1   A446 32   E8 79           LEAS 121,S
    482
    483  5+4   A449 35   30              PULS X,Y
    484  5+6   A44B 36   70              PSHU S,Y,X
    485  3     A44D CC   EE86            LDD #$ee86
    486  3     A450 8E   E146            LDX #$e146
    487  5+4   A453 34   16              PSHS D,X
    488  4+1   A455 32   E8 28           LEAS 40,S
    489
    490  5+1   A458 EC   E8 28           LDD 40,S
    491  5+2   A45B 36   06              PSHU D
    492  2     A45D 84   F0              ANDA #$F0
    493  2     A45F C4   0F              ANDB #$0F
    494  4     A461 C3   0EB0            ADDD #$0eb0
    495  5+1   A464 ED   E8 28           STD 40,S
    496  5+1   A467 EC   E8 50           LDD 80,S
    497  5+2   A46A 36   06              PSHU D
    498  2     A46C 84   F0              ANDA #$F0
    499  2     A46E C4   0F              ANDB #$0F
    500  4     A470 C3   0EE0            ADDD #$0ee0
    501  5+1   A473 ED   E8 50           STD 80,S
    502  5+1   A476 EC   E8 78           LDD 120,S
    503  5+2   A479 36   06              PSHU D
    504  2     A47B 84   F0              ANDA #$F0
    505  2     A47D C4   0F              ANDB #$0F
    506  4     A47F C3   0EB0            ADDD #$0eb0
    507  5+1   A482 ED   E8 78           STD 120,S
    508  5+1   A485 EC   E8 7A           LDD 122,S
    509  5+2   A488 36   06              PSHU D
    510  2     A48A 84   F0              ANDA #$F0
    511  2     A48C C4   0F              ANDB #$0F
    512  4     A48E C3   0240            ADDD #$0240
    513  5+1   A491 ED   E8 7A           STD 122,S
    514  5+1   A494 AE   E8 2A           LDX 42,S
    515  5+2   A497 36   10              PSHU X
    516  5+1   A499 EC   E8 52           LDD 82,S
    517  5+2   A49C 36   06              PSHU D
    518  2     A49E 84   F0              ANDA #$F0
    519  2     A4A0 8A   02              ORA #$02
    520  2     A4A2 C6   44              LDB #$44
    521  5+1   A4A4 ED   E8 52           STD 82,S
    522  3     A4A7 CC   4264            LDD #$4264
    523  5+1   A4AA ED   E8 2A           STD 42,S
    524  5+4   A4AD 35   30              PULS X,Y
    525  5+6   A4AF 36   70              PSHU S,Y,X
    526  2     A4B1 86   EE              LDA #$ee
    527  3     A4B3 8E   E144            LDX #$e144
    528  5+4   A4B6 34   16              PSHS D,X
    529  4+4   A4B8 32   E9 0118         LEAS 280,S
    530
    531  5+1   A4BC EC   E8 88           LDD -120,S
    532  5+2   A4BF 36   06              PSHU D
    533  2     A4C1 84   F0              ANDA #$F0
    534  2     A4C3 C4   0F              ANDB #$0F
    535  4     A4C5 C3   0EB0            ADDD #$0eb0
    536  5+1   A4C8 ED   E8 88           STD -120,S
    537  5+1   A4CB EC   E8 B0           LDD -80,S
    538  5+2   A4CE 36   06              PSHU D
    539  2     A4D0 84   F0              ANDA #$F0
    540  2     A4D2 C4   0F              ANDB #$0F
    541  4     A4D4 C3   0EB0            ADDD #$0eb0
    542  5+1   A4D7 ED   E8 B0           STD -80,S
    543  5+1   A4DA EC   E8 D8           LDD -40,S
    544  5+2   A4DD 36   06              PSHU D
    545  2     A4DF 84   F0              ANDA #$F0
    546  2     A4E1 C4   0F              ANDB #$0F
    547  4     A4E3 C3   0EE0            ADDD #$0ee0
    548  5+1   A4E6 ED   E8 D8           STD -40,S
    549  5+1   A4E9 EC   E8 78           LDD 120,S
    550  5+2   A4EC 36   06              PSHU D
    551  2     A4EE 84   F0              ANDA #$F0
    552  2     A4F0 C4   0F              ANDB #$0F
    553  4     A4F2 C3   0400            ADDD #$0400
    554  5+1   A4F5 ED   E8 78           STD 120,S
    555  4+1   A4F8 A6   E8 8B           LDA -117,S
    556  5+1   A4FB 36   02              PSHU A
    557  2     A4FD 84   0F              ANDA #$0F
    558  2     A4FF 8A   40              ORA #$40
    559  4+1   A501 A7   E8 8B           STA -117,S
    560  4+1   A504 A6   61              LDA 1,S
    561  5+1   A506 36   02              PSHU A
    562  2     A508 84   0F              ANDA #$0F
    563  2     A50A 8A   D0              ORA #$d0
    564  4+1   A50C A7   61              STA 1,S
    565  4+1   A50E A6   E8 29           LDA 41,S
    566  5+1   A511 36   02              PSHU A
    567  2     A513 84   0F              ANDA #$0F
    568  2     A515 8A   40              ORA #$40
    569  4+1   A517 A7   E8 29           STA 41,S
    570  4+1   A51A A6   E8 51           LDA 81,S
    571  5+3   A51D 36   42              PSHU S,A
    572  2     A51F 84   0F              ANDA #$0F
    573  2     A521 8A   10              ORA #$10
    574  4+1   A523 A7   E8 51           STA 81,S
    575  4+4   A526 32   E9 0118         LEAS 280,S
    576
    577  5+1   A52A EC   E8 88           LDD -120,S
    578  5+2   A52D 36   06              PSHU D
    579  2     A52F 84   F0              ANDA #$F0
    580  2     A531 C4   0F              ANDB #$0F
    581  4     A533 C3   0450            ADDD #$0450
    582  5+1   A536 ED   E8 88           STD -120,S
    583  5+1   A539 EC   E8 B0           LDD -80,S
    584  5+2   A53C 36   06              PSHU D
    585  2     A53E 84   F0              ANDA #$F0
    586  2     A540 C4   0F              ANDB #$0F
    587  4     A542 C3   0250            ADDD #$0250
    588  5+1   A545 ED   E8 B0           STD -80,S
    589  5+1   A548 EC   E8 D8           LDD -40,S
    590  5+2   A54B 36   06              PSHU D
    591  2     A54D 84   F0              ANDA #$F0
    592  2     A54F C4   0F              ANDB #$0F
    593  4     A551 C3   0250            ADDD #$0250
    594  5+1   A554 ED   E8 D8           STD -40,S
    595  4+0   A557 A6   E4              LDA ,S
    596  5+1   A559 36   02              PSHU A
    597  2     A55B 84   F0              ANDA #$F0
    598  2     A55D 8A   06              ORA #$06
    599  4+0   A55F A7   E4              STA ,S
    600  4+1   A561 A6   E8 28           LDA 40,S
    601  5+1   A564 36   02              PSHU A
    602  2     A566 84   F0              ANDA #$F0
    603  2     A568 8A   06              ORA #$06
    604  4+1   A56A A7   E8 28           STA 40,S
    605  4+1   A56D A6   E8 50           LDA 80,S
    606  5+1   A570 36   02              PSHU A
    607  2     A572 84   F0              ANDA #$F0
    608  2     A574 8A   06              ORA #$06
    609  4+1   A576 A7   E8 50           STA 80,S
    610  4+1   A579 A6   E8 78           LDA 120,S
    611  5+3   A57C 36   42              PSHU S,A
    612  2     A57E 84   F0              ANDA #$F0
    613  2     A580 8A   06              ORA #$06
    614  4+1   A582 A7   E8 78           STA 120,S
    615  4+4   A585 32   E9 00C8         LEAS 200,S
    616
    617  4+1   A589 A6   E8 D8           LDA -40,S
    618  5+1   A58C 36   02              PSHU A
    619  2     A58E 84   F0              ANDA #$F0
    620  2     A590 8A   06              ORA #$06
    621  4+1   A592 A7   E8 D8           STA -40,S
    622  4+0   A595 A6   E4              LDA ,S
    623  5+1   A597 36   02              PSHU A
    624  2     A599 84   F0              ANDA #$F0
    625  2     A59B 8A   04              ORA #$04
    626  4+0   A59D A7   E4              STA ,S
    627  4+1   A59F A6   E8 28           LDA 40,S
    628  5+3   A5A2 36   42              PSHU S,A
    629  2     A5A4 84   F0              ANDA #$F0
    630  2     A5A6 8A   04              ORA #$04
    631  4+1   A5A8 A7   E8 28           STA 40,S
    632        A5AB               SSAV_Img_Sonic_022
    633  4     A5AB 10CE 0000            LDS #$0000
    634  5     A5AF 39                   RTS
    635

000000 Total Errors

000003 Total Symbols
     0x          Label A000 BCKDRAW_Img_Sonic_022
     1x          Label A2DC DYN_POS
     1x          Label A5AB SSAV_Img_Sonic_022

