/*--------------------------------------------------------------*
 * Compilé avec C6809 v0.83                                     *
 *--------------------------------------------------------------*
 * Fichier source      : ./Sonic2/GeneratedCode/Img_Sonic_016_BckDraw.ASM
 * Fichier destination : ./Sonic2/GeneratedCode/Img_Sonic_016_BckDraw.BIN
 * Contenu :
 *     Main     0:IMGD.ASM     7409
 *--------------------------------------------------------------*/

Macro Pass
Pass1
Pass2
      2        A000                      ORG $A000
      3                  FF              SETDP $FF
      4        A000               BCKDRAW_Img_Sonic_016
      5  6+5   A000 10EF 8D 05A7         STS SSAV_Img_Sonic_016+2,PCR
      6
      7  5+5   A005 ED   8D 029E         STD DYN_POS+2,PCR
      8  6+0   A009 10EE A4              LDS ,Y
      9  4+4   A00C 32   E9 02BF         LEAS 703,S
     10
     11  4+1   A010 A6   E8 9C           LDA -100,S
     12  5+1   A013 AE   E8 64           LDX 100,S
     13  6+1   A016 10AE E8 EB           LDY -21,S
     14  5+5   A01A 36   32              PSHU Y,X,A
     15  4+1   A01C A6   E8 15           LDA 21,S
     16  5+1   A01F 36   02              PSHU A
     17  2     A021 84   0F              ANDA #$0F
     18  2     A023 8A   B0              ORA #$b0
     19  4+1   A025 A7   E8 15           STA 21,S
     20  5+1   A028 AE   E8 3C           LDX 60,S
     21  5+2   A02B 36   10              PSHU X
     22  3     A02D CC   E7DC            LDD #$e7dc
     23  5+1   A030 ED   E8 64           STD 100,S
     24  2     A033 C6   CB              LDB #$cb
     25  5+1   A035 ED   E8 3C           STD 60,S
     26  2     A038 86   BB              LDA #$bb
     27  4+1   A03A A7   E8 9C           STA -100,S
     28  5+1   A03D EC   E8 C3           LDD -61,S
     29  5+2   A040 36   06              PSHU D
     30  2     A042 84   F0              ANDA #$F0
     31  2     A044 8A   0B              ORA #$0b
     32  2     A046 C6   BC              LDB #$bc
     33  5+1   A048 ED   E8 C3           STD -61,S
     34  5+1   A04B EC   E8 13           LDD 19,S
     35  5+4   A04E 36   46              PSHU S,D
     36  2     A050 84   F0              ANDA #$F0
     37  2     A052 8A   0E              ORA #$0e
     38  2     A054 C6   B7              LDB #$b7
     39  5+1   A056 ED   E8 13           STD 19,S
     40  3     A059 CC   EEBE            LDD #$eebe
     41  5+1   A05C ED   E8 EB           STD -21,S
     42  4+4   A05F 32   E9 0103         LEAS 259,S
     43
     44  4+1   A063 A6   E8 DA           LDA -38,S
     45  5+1   A066 AE   E8 89           LDX -119,S
     46  6+1   A069 10AE E8 B1           LDY -79,S
     47  5+5   A06D 36   32              PSHU Y,X,A
     48  3     A06F CC   E8DC            LDD #$e8dc
     49  5+1   A072 ED   E8 89           STD -119,S
     50  2     A075 86   BC              LDA #$bc
     51  5+1   A077 ED   E8 B1           STD -79,S
     52  5+1   A07A EC   E8 D8           LDD -40,S
     53  5+2   A07D 36   06              PSHU D
     54  2     A07F 84   F0              ANDA #$F0
     55  2     A081 8A   0E              ORA #$0e
     56  2     A083 C6   CD              LDB #$cd
     57  5+1   A085 ED   E8 D8           STD -40,S
     58  2     A088 86   BD              LDA #$bd
     59  4+1   A08A A7   E8 DA           STA -38,S
     60  5+3   A08D 35   12              PULS A,X
     61  5+5   A08F 36   52              PSHU S,X,A
     62  2     A091 86   EB              LDA #$eb
     63  3     A093 8E   DD1D            LDX #$dd1d
     64  5+3   A096 34   12              PSHS A,X
     65  4+1   A098 32   E8 28           LEAS 40,S
     66
     67  5+3   A09B 35   12              PULS A,X
     68  5+5   A09D 36   52              PSHU S,X,A
     69  2     A09F 86   EE              LDA #$ee
     70  3     A0A1 8E   CD0B            LDX #$cd0b
     71  5+3   A0A4 34   12              PSHS A,X
     72  4+1   A0A6 32   E8 28           LEAS 40,S
     73
     74  5+1   A0A9 AE   E8 29           LDX 41,S
     75  6+1   A0AC 10AE E8 51           LDY 81,S
     76  5+4   A0B0 36   30              PSHU Y,X
     77  5+1   A0B2 EC   E8 79           LDD 121,S
     78  5+2   A0B5 36   06              PSHU D
     79  3     A0B7 CC   BC04            LDD #$bc04
     80  5+1   A0BA ED   E8 29           STD 41,S
     81  2     A0BD 86   EB              LDA #$eb
     82  5+1   A0BF ED   E8 51           STD 81,S
     83  2     A0C2 C6   00              LDB #$00
     84  5+1   A0C4 ED   E8 79           STD 121,S
     85  5+3   A0C7 35   12              PULS A,X
     86  5+5   A0C9 36   52              PSHU S,X,A
     87  2     A0CB 86   EE              LDA #$ee
     88  3     A0CD 8E   BC04            LDX #$bc04
     89  5+3   A0D0 34   12              PSHS A,X
     90  4+4   A0D2 32   E9 00F0         LEAS 240,S
     91
     92  4+1   A0D6 A6   E8 B2           LDA -78,S
     93  4+1   A0D9 E6   E8 DA           LDB -38,S
     94  5+1   A0DC AE   E8 28           LDX 40,S
     95  6+1   A0DF 10AE E8 50           LDY 80,S
     96  5+6   A0E3 36   36              PSHU Y,X,B,A
     97  2     A0E5 86   07              LDA #$07
     98  4+1   A0E7 A7   E8 B2           STA -78,S
     99  5+1   A0EA EC   E8 B0           LDD -80,S
    100  5+2   A0ED 36   06              PSHU D
    101  2     A0EF 84   F0              ANDA #$F0
    102  2     A0F1 8A   0E              ORA #$0e
    103  2     A0F3 C6   E8              LDB #$e8
    104  5+1   A0F5 ED   E8 B0           STD -80,S
    105  5+1   A0F8 EC   E8 D8           LDD -40,S
    106  5+2   A0FB 36   06              PSHU D
    107  2     A0FD 84   F0              ANDA #$F0
    108  2     A0FF 8A   0B              ORA #$0b
    109  2     A101 C6   E8              LDB #$e8
    110  5+1   A103 ED   E8 D8           STD -40,S
    111  4+1   A106 A6   E8 2A           LDA 42,S
    112  5+1   A109 36   02              PSHU A
    113  2     A10B 84   0F              ANDA #$0F
    114  2     A10D 8A   80              ORA #$80
    115  4+1   A10F A7   E8 2A           STA 42,S
    116  4+1   A112 A6   E8 52           LDA 82,S
    117  5+1   A115 36   02              PSHU A
    118  2     A117 84   F0              ANDA #$F0
    119  2     A119 8A   03              ORA #$03
    120  4+1   A11B A7   E8 52           STA 82,S
    121  4+1   A11E A6   E8 7A           LDA 122,S
    122  5+1   A121 36   02              PSHU A
    123  2     A123 84   F0              ANDA #$F0
    124  2     A125 8A   02              ORA #$02
    125  4+1   A127 A7   E8 7A           STA 122,S
    126  5+1   A12A AE   E8 78           LDX 120,S
    127  5+2   A12D 36   10              PSHU X
    128  3     A12F CC   067E            LDD #$067e
    129  5+1   A132 ED   E8 28           STD 40,S
    130  2     A135 86   77              LDA #$77
    131  4+1   A137 A7   E8 DA           STA -38,S
    132  3     A13A CC   0166            LDD #$0166
    133  5+1   A13D ED   E8 78           STD 120,S
    134  3     A140 CC   1284            LDD #$1284
    135  5+1   A143 ED   E8 50           STD 80,S
    136  5+3   A146 35   12              PULS A,X
    137  5+5   A148 36   52              PSHU S,X,A
    138  2     A14A 86   16              LDA #$16
    139  3     A14C 8E   EE78            LDX #$ee78
    140  5+3   A14F 34   12              PSHS A,X
    141  4+4   A151 32   E9 00A0         LEAS 160,S
    142
    143  5+3   A155 35   12              PULS A,X
    144  5+5   A157 36   52              PSHU S,X,A
    145  2     A159 86   03              LDA #$03
    146  3     A15B 8E   C082            LDX #$c082
    147  5+3   A15E 34   12              PSHS A,X
    148  4+1   A160 32   E8 28           LEAS 40,S
    149
    150  5+1   A163 AE   E8 28           LDX 40,S
    151  5+2   A166 36   10              PSHU X
    152  3     A168 CC   2BC8            LDD #$2bc8
    153  5+1   A16B ED   E8 28           STD 40,S
    154  5+1   A16E EC   E8 50           LDD 80,S
    155  5+2   A171 36   06              PSHU D
    156  2     A173 84   F0              ANDA #$F0
    157  2     A175 8A   0E              ORA #$0e
    158  2     A177 C6   EC              LDB #$ec
    159  5+1   A179 ED   E8 50           STD 80,S
    160  4+1   A17C A6   E8 2A           LDA 42,S
    161  5+1   A17F 36   02              PSHU A
    162  2     A181 84   0F              ANDA #$0F
    163  2     A183 8A   E0              ORA #$e0
    164  4+1   A185 A7   E8 2A           STA 42,S
    165  4+1   A188 A6   E8 52           LDA 82,S
    166  5+1   A18B 36   02              PSHU A
    167  2     A18D 84   0F              ANDA #$0F
    168  2     A18F 8A   D0              ORA #$d0
    169  4+1   A191 A7   E8 52           STA 82,S
    170  5+1   A194 EC   E8 79           LDD 121,S
    171  5+2   A197 36   06              PSHU D
    172  2     A199 86   4E              LDA #$4e
    173  2     A19B C4   0F              ANDB #$0F
    174  2     A19D CA   E0              ORB #$e0
    175  5+1   A19F ED   E8 79           STD 121,S
    176  5+3   A1A2 35   12              PULS A,X
    177  5+5   A1A4 36   52              PSHU S,X,A
    178  2     A1A6 86   13              LDA #$13
    179  3     A1A8 8E   C7D3            LDX #$c7d3
    180  5+3   A1AB 34   12              PSHS A,X
    181  4+4   A1AD 32   E9 011A         LEAS 282,S
    182
    183  5+1   A1B1 EC   E8 87           LDD -121,S
    184  5+2   A1B4 36   06              PSHU D
    185  2     A1B6 84   F0              ANDA #$F0
    186  2     A1B8 C4   0F              ANDB #$0F
    187  4     A1BA C3   04E0            ADDD #$04e0
    188  5+1   A1BD ED   E8 87           STD -121,S
    189  4+1   A1C0 A6   E8 50           LDA 80,S
    190  4+1   A1C3 E6   E8 76           LDB 118,S
    191  5+2   A1C6 36   06              PSHU B,A
    192  5+1   A1C8 EC   E8 D6           LDD -42,S
    193  5+2   A1CB 36   06              PSHU D
    194  2     A1CD 86   34              LDA #$34
    195  2     A1CF C4   F0              ANDB #$F0
    196  2     A1D1 CA   04              ORB #$04
    197  5+1   A1D3 ED   E8 D6           STD -42,S
    198  5+1   A1D6 EC   7E              LDD -2,S
    199  5+2   A1D8 36   06              PSHU D
    200  2     A1DA 86   2E              LDA #$2e
    201  2     A1DC C4   F0              ANDB #$F0
    202  2     A1DE CA   06              ORB #$06
    203  5+1   A1E0 ED   7E              STD -2,S
    204  5+1   A1E2 EC   E8 26           LDD 38,S
    205  5+2   A1E5 36   06              PSHU D
    206  2     A1E7 86   2B              LDA #$2b
    207  2     A1E9 C4   F0              ANDB #$F0
    208  2     A1EB CA   06              ORB #$06
    209  5+1   A1ED ED   E8 26           STD 38,S
    210  5+1   A1F0 EC   E8 4E           LDD 78,S
    211  5+2   A1F3 36   06              PSHU D
    212  2     A1F5 86   21              LDA #$21
    213  2     A1F7 C4   F0              ANDB #$F0
    214  2     A1F9 CA   04              ORB #$04
    215  5+1   A1FB ED   E8 4E           STD 78,S
    216  4+1   A1FE A6   E8 78           LDA 120,S
    217  4+1   A201 E6   E8 B0           LDB -80,S
    218  5+2   A204 36   06              PSHU B,A
    219  2     A206 C4   0F              ANDB #$0F
    220  2     A208 CA   10              ORB #$10
    221  4+1   A20A E7   E8 B0           STB -80,S
    222  4+1   A20D A6   E8 D8           LDA -40,S
    223  5+1   A210 36   02              PSHU A
    224  2     A212 84   0F              ANDA #$0F
    225  2     A214 8A   10              ORA #$10
    226  4+1   A216 A7   E8 D8           STA -40,S
    227  4+0   A219 A6   E4              LDA ,S
    228  5+1   A21B 36   02              PSHU A
    229  2     A21D 84   0F              ANDA #$0F
    230  2     A21F 8A   60              ORA #$60
    231  4+0   A221 A7   E4              STA ,S
    232  2     A223 86   19              LDA #$19
    233  4+1   A225 A7   E8 78           STA 120,S
    234  4+1   A228 A6   E8 28           LDA 40,S
    235  5+3   A22B 36   42              PSHU S,A
    236  2     A22D 86   50              LDA #$50
    237  4+1   A22F A7   E8 50           STA 80,S
    238  2     A232 86   90              LDA #$90
    239  4+1   A234 A7   E8 28           STA 40,S
    240  2     A237 86   31              LDA #$31
    241  4+1   A239 A7   E8 76           STA 118,S
    242  4+4   A23C 32   E9 0116         LEAS 278,S
    243
    244  5+1   A240 EC   E8 50           LDD 80,S
    245  5+2   A243 36   06              PSHU D
    246  2     A245 86   46              LDA #$46
    247  2     A247 C4   0F              ANDB #$0F
    248  2     A249 CA   50              ORB #$50
    249  5+1   A24B ED   E8 50           STD 80,S
    250  4+1   A24E A6   E8 8A           LDA -118,S
    251  4+1   A251 E6   E8 B2           LDB -78,S
    252  5+2   A254 36   06              PSHU B,A
    253  4+0   A256 A6   E4              LDA ,S
    254  4+1   A258 E6   E8 B0           LDB -80,S
    255  5+2   A25B 36   06              PSHU B,A
    256  4+1   A25D A6   E8 28           LDA 40,S
    257  4+1   A260 E6   E8 DA           LDB -38,S
    258  5+2   A263 36   06              PSHU B,A
    259  2     A265 C4   F0              ANDB #$F0
    260  2     A267 CA   04              ORB #$04
    261  4+1   A269 E7   E8 DA           STB -38,S
    262  2     A26C 86   26              LDA #$26
    263  4+1   A26E A7   E8 28           STA 40,S
    264  5+1   A271 EC   E8 78           LDD 120,S
    265  5+2   A274 36   06              PSHU D
    266  2     A276 84   F0              ANDA #$F0
    267  2     A278 C4   0F              ANDB #$0F
    268  4     A27A C3   0440            ADDD #$0440
    269  5+1   A27D ED   E8 78           STD 120,S
    270  2     A280 86   21              LDA #$21
    271  4+0   A282 A7   E4              STA ,S
    272  2     A284 86   45              LDA #$45
    273  4+1   A286 A7   E8 B2           STA -78,S
    274  4+1   A289 A6   E8 88           LDA -120,S
    275  4+1   A28C E6   E8 D8           LDB -40,S
    276  5+4   A28F 36   46              PSHU S,B,A
    277  2     A291 86   66              LDA #$66
    278  4+1   A293 A7   E8 B0           STA -80,S
    279  2     A296 86   61              LDA #$61
    280  4+1   A298 A7   E8 D8           STA -40,S
    281  2     A29B 86   15              LDA #$15
    282  4+1   A29D A7   E8 8A           STA -118,S
    283  2     A2A0 86   63              LDA #$63
    284  4+1   A2A2 A7   E8 88           STA -120,S
    285        A2A5               DYN_POS
    286
    287  4     A2A5 10CE 0000            LDS #$0000
    288  4+4   A2A9 32   E9 02D4         LEAS 724,S
    289
    290  5+1   A2AD EC   E8 AF           LDD -81,S
    291  5+2   A2B0 36   06              PSHU D
    292  2     A2B2 86   BB              LDA #$bb
    293  2     A2B4 C4   0F              ANDB #$0F
    294  2     A2B6 CA   B0              ORB #$b0
    295  5+1   A2B8 ED   E8 AF           STD -81,S
    296  4+1   A2BB A6   E8 87           LDA -121,S
    297  5+1   A2BE 36   02              PSHU A
    298  2     A2C0 84   F0              ANDA #$F0
    299  2     A2C2 8A   0B              ORA #$0b
    300  4+1   A2C4 A7   E8 87           STA -121,S
    301  4+1   A2C7 A6   E8 D9           LDA -39,S
    302  5+1   A2CA 36   02              PSHU A
    303  2     A2CC 84   0F              ANDA #$0F
    304  2     A2CE 8A   E0              ORA #$e0
    305  4+1   A2D0 A7   E8 D9           STA -39,S
    306  4+1   A2D3 A6   61              LDA 1,S
    307  5+1   A2D5 36   02              PSHU A
    308  2     A2D7 84   0F              ANDA #$0F
    309  2     A2D9 8A   E0              ORA #$e0
    310  4+1   A2DB A7   61              STA 1,S
    311  4+1   A2DD A6   E8 29           LDA 41,S
    312  5+1   A2E0 36   02              PSHU A
    313  2     A2E2 84   0F              ANDA #$0F
    314  2     A2E4 8A   E0              ORA #$e0
    315  4+1   A2E6 A7   E8 29           STA 41,S
    316  4+1   A2E9 A6   E8 51           LDA 81,S
    317  5+1   A2EC 36   02              PSHU A
    318  2     A2EE 84   0F              ANDA #$0F
    319  2     A2F0 8A   E0              ORA #$e0
    320  4+1   A2F2 A7   E8 51           STA 81,S
    321  4+1   A2F5 A6   E8 79           LDA 121,S
    322  5+1   A2F8 36   02              PSHU A
    323  2     A2FA 84   0F              ANDA #$0F
    324  2     A2FC 8A   B0              ORA #$b0
    325  4+1   A2FE A7   E8 79           STA 121,S
    326  5+1   A301 AE   E8 D7           LDX -41,S
    327  3     A304 CC   BBCB            LDD #$bbcb
    328  5+1   A307 ED   E8 D7           STD -41,S
    329  6+1   A30A 10AE 7F              LDY -1,S
    330  5+4   A30D 36   30              PSHU Y,X
    331  3     A30F CC   EECC            LDD #$eecc
    332  5+1   A312 ED   7F              STD -1,S
    333  5+1   A314 EC   E8 27           LDD 39,S
    334  5+2   A317 36   06              PSHU D
    335  2     A319 84   F0              ANDA #$F0
    336  2     A31B 8A   0E              ORA #$0e
    337  2     A31D C6   ED              LDB #$ed
    338  5+1   A31F ED   E8 27           STD 39,S
    339  5+1   A322 EC   E8 4F           LDD 79,S
    340  5+2   A325 36   06              PSHU D
    341  2     A327 84   F0              ANDA #$F0
    342  2     A329 8A   0E              ORA #$0e
    343  2     A32B C6   7D              LDB #$7d
    344  5+1   A32D ED   E8 4F           STD 79,S
    345  5+1   A330 EC   E8 77           LDD 119,S
    346  5+4   A333 36   46              PSHU S,D
    347  2     A335 84   F0              ANDA #$F0
    348  2     A337 8A   0B              ORA #$0b
    349  2     A339 C6   CD              LDB #$cd
    350  5+1   A33B ED   E8 77           STD 119,S
    351  4+4   A33E 32   E9 0118         LEAS 280,S
    352
    353  5+1   A342 AE   7F              LDX -1,S
    354  6+1   A344 10AE E8 4F           LDY 79,S
    355  5+4   A348 36   30              PSHU Y,X
    356  5+1   A34A EC   E8 87           LDD -121,S
    357  5+1   A34D AE   E8 AF           LDX -81,S
    358  6+1   A350 10AE E8 D7           LDY -41,S
    359  5+6   A354 36   36              PSHU Y,X,D
    360  3     A356 CC   BEDD            LDD #$bedd
    361  5+1   A359 ED   E8 87           STD -121,S
    362  2     A35C C6   D1              LDB #$d1
    363  5+1   A35E ED   E8 AF           STD -81,S
    364  3     A361 CC   EED0            LDD #$eed0
    365  5+1   A364 ED   E8 D7           STD -41,S
    366  5+1   A367 ED   7F              STD -1,S
    367  5+1   A369 ED   E8 4F           STD 79,S
    368  5+1   A36C EC   E8 28           LDD 40,S
    369  5+2   A36F 36   06              PSHU D
    370  2     A371 86   D0              LDA #$d0
    371  2     A373 C4   0F              ANDB #$0F
    372  2     A375 CA   C0              ORB #$c0
    373  5+1   A377 ED   E8 28           STD 40,S
    374  5+1   A37A EC   E8 26           LDD 38,S
    375  5+2   A37D 36   06              PSHU D
    376  2     A37F 84   F0              ANDA #$F0
    377  2     A381 8A   0E              ORA #$0e
    378  2     A383 C6   EE              LDB #$ee
    379  5+1   A385 ED   E8 26           STD 38,S
    380  5+1   A388 EC   E8 77           LDD 119,S
    381  5+2   A38B 36   06              PSHU D
    382  2     A38D 84   F0              ANDA #$F0
    383  2     A38F 8A   0E              ORA #$0e
    384  2     A391 C6   C0              LDB #$c0
    385  5+1   A393 ED   E8 77           STD 119,S
    386  4+1   A396 A6   E8 89           LDA -119,S
    387  5+1   A399 36   02              PSHU A
    388  2     A39B 84   0F              ANDA #$0F
    389  2     A39D 8A   B0              ORA #$b0
    390  4+1   A39F A7   E8 89           STA -119,S
    391  4+1   A3A2 A6   E8 B1           LDA -79,S
    392  5+1   A3A5 36   02              PSHU A
    393  2     A3A7 84   0F              ANDA #$0F
    394  2     A3A9 8A   C0              ORA #$c0
    395  4+1   A3AB A7   E8 B1           STA -79,S
    396  4+1   A3AE A6   E8 D9           LDA -39,S
    397  5+1   A3B1 36   02              PSHU A
    398  2     A3B3 84   0F              ANDA #$0F
    399  2     A3B5 8A   C0              ORA #$c0
    400  4+1   A3B7 A7   E8 D9           STA -39,S
    401  4+1   A3BA A6   61              LDA 1,S
    402  5+1   A3BC 36   02              PSHU A
    403  2     A3BE 84   0F              ANDA #$0F
    404  2     A3C0 8A   C0              ORA #$c0
    405  4+1   A3C2 A7   61              STA 1,S
    406  4+1   A3C4 A6   E8 51           LDA 81,S
    407  5+1   A3C7 36   02              PSHU A
    408  2     A3C9 84   0F              ANDA #$0F
    409  2     A3CB 8A   40              ORA #$40
    410  4+1   A3CD A7   E8 51           STA 81,S
    411  4+1   A3D0 A6   E8 79           LDA 121,S
    412  5+3   A3D3 36   42              PSHU S,A
    413  2     A3D5 84   0F              ANDA #$0F
    414  2     A3D7 8A   40              ORA #$40
    415  4+1   A3D9 A7   E8 79           STA 121,S
    416  4+4   A3DC 32   E9 00A0         LEAS 160,S
    417
    418  5+1   A3E0 AE   7F              LDX -1,S
    419  5+2   A3E2 36   10              PSHU X
    420  3     A3E4 CC   BE0D            LDD #$be0d
    421  5+1   A3E7 ED   7F              STD -1,S
    422  4+1   A3E9 A6   61              LDA 1,S
    423  5+3   A3EB 36   42              PSHU S,A
    424  2     A3ED 84   0F              ANDA #$0F
    425  2     A3EF 8A   20              ORA #$20
    426  4+1   A3F1 A7   61              STA 1,S
    427  4+4   A3F3 32   E9 009E         LEAS 158,S
    428
    429  5+1   A3F7 AE   E8 89           LDX -119,S
    430  3     A3FA CC   BE70            LDD #$be70
    431  5+1   A3FD ED   E8 89           STD -119,S
    432  6+1   A400 10AE E8 B1           LDY -79,S
    433  5+4   A404 36   30              PSHU Y,X
    434  5+1   A406 EC   E8 DA           LDD -38,S
    435  5+1   A409 AE   E8 50           LDX 80,S
    436  5+4   A40C 36   16              PSHU X,D
    437  3     A40E CC   7711            LDD #$7711
    438  5+1   A411 ED   E8 DA           STD -38,S
    439  3     A414 CC   EE77            LDD #$ee77
    440  5+1   A417 ED   E8 B1           STD -79,S
    441  3     A41A CC   00BE            LDD #$00be
    442  5+1   A41D ED   E8 50           STD 80,S
    443  5+1   A420 EC   E8 D8           LDD -40,S
    444  5+2   A423 36   06              PSHU D
    445  2     A425 84   F0              ANDA #$F0
    446  2     A427 8A   00              ORA #$00
    447  2     A429 C6   7E              LDB #$7e
    448  5+1   A42B ED   E8 D8           STD -40,S
    449  5+1   A42E EC   E8 2A           LDD 42,S
    450  5+2   A431 36   06              PSHU D
    451  2     A433 84   0F              ANDA #$0F
    452  2     A435 8A   40              ORA #$40
    453  2     A437 C6   11              LDB #$11
    454  5+1   A439 ED   E8 2A           STD 42,S
    455  5+1   A43C EC   E8 52           LDD 82,S
    456  5+2   A43F 36   06              PSHU D
    457  2     A441 84   0F              ANDA #$0F
    458  2     A443 8A   80              ORA #$80
    459  2     A445 C6   21              LDB #$21
    460  5+1   A447 ED   E8 52           STD 82,S
    461  4+1   A44A A6   E8 8B           LDA -117,S
    462  5+1   A44D 36   02              PSHU A
    463  2     A44F 84   0F              ANDA #$0F
    464  2     A451 8A   40              ORA #$40
    465  4+1   A453 A7   E8 8B           STA -117,S
    466  5+1   A456 EC   E8 28           LDD 40,S
    467  5+2   A459 36   06              PSHU D
    468  2     A45B 86   00              LDA #$00
    469  2     A45D C4   F0              ANDB #$F0
    470  2     A45F CA   06              ORB #$06
    471  5+1   A461 ED   E8 28           STD 40,S
    472  5+4   A464 35   30              PULS X,Y
    473  5+6   A466 36   70              PSHU S,Y,X
    474  3     A468 CC   1087            LDD #$1087
    475  3     A46B 8E   8811            LDX #$8811
    476  5+4   A46E 34   16              PSHS D,X
    477  4+1   A470 32   E8 78           LEAS 120,S
    478
    479  5+4   A473 35   30              PULS X,Y
    480  5+6   A475 36   70              PSHU S,Y,X
    481  3     A477 CC   10EE            LDD #$10ee
    482  3     A47A 8E   7622            LDX #$7622
    483  5+4   A47D 34   16              PSHS D,X
    484  4+1   A47F 32   E8 28           LEAS 40,S
    485
    486  5+1   A482 EC   E8 28           LDD 40,S
    487  5+2   A485 36   06              PSHU D
    488  2     A487 84   F0              ANDA #$F0
    489  2     A489 8A   03              ORA #$03
    490  2     A48B C6   E4              LDB #$e4
    491  5+1   A48D ED   E8 28           STD 40,S
    492  5+1   A490 EC   E8 51           LDD 81,S
    493  5+2   A493 36   06              PSHU D
    494  2     A495 84   F0              ANDA #$F0
    495  2     A497 8A   04              ORA #$04
    496  2     A499 C6   DE              LDB #$de
    497  5+1   A49B ED   E8 51           STD 81,S
    498  5+1   A49E EC   E8 79           LDD 121,S
    499  5+2   A4A1 36   06              PSHU D
    500  2     A4A3 84   F0              ANDA #$F0
    501  2     A4A5 8A   0E              ORA #$0e
    502  2     A4A7 C6   44              LDB #$44
    503  5+1   A4A9 ED   E8 79           STD 121,S
    504  4+1   A4AC A6   E8 2A           LDA 42,S
    505  5+1   A4AF 36   02              PSHU A
    506  2     A4B1 86   CD              LDA #$cd
    507  4+1   A4B3 A7   E8 2A           STA 42,S
    508  5+4   A4B6 35   30              PULS X,Y
    509  5+6   A4B8 36   70              PSHU S,Y,X
    510  3     A4BA CC   21E4            LDD #$21e4
    511  3     A4BD 8E   7633            LDX #$7633
    512  5+4   A4C0 34   16              PSHS D,X
    513  4+4   A4C2 32   E9 011A         LEAS 282,S
    514
    515  4+1   A4C6 A6   E8 76           LDA 118,S
    516  4+1   A4C9 E6   E8 4E           LDB 78,S
    517  5+1   A4CC AE   E8 87           LDX -121,S
    518  5+4   A4CF 36   16              PSHU X,B,A
    519  3     A4D1 CC   4E14            LDD #$4e14
    520  5+1   A4D4 ED   E8 87           STD -121,S
    521  2     A4D7 86   66              LDA #$66
    522  4+1   A4D9 A7   E8 76           STA 118,S
    523  5+1   A4DC EC   E8 50           LDD 80,S
    524  5+2   A4DF 36   06              PSHU D
    525  2     A4E1 86   65              LDA #$65
    526  2     A4E3 C4   0F              ANDB #$0F
    527  2     A4E5 CA   50              ORB #$50
    528  5+1   A4E7 ED   E8 50           STD 80,S
    529  5+1   A4EA EC   E8 78           LDD 120,S
    530  5+2   A4ED 36   06              PSHU D
    531  2     A4EF 86   45              LDA #$45
    532  2     A4F1 C4   0F              ANDB #$0F
    533  2     A4F3 CA   90              ORB #$90
    534  5+1   A4F5 ED   E8 78           STD 120,S
    535  4+1   A4F8 A6   E8 28           LDA 40,S
    536  4+0   A4FB E6   E4              LDB ,S
    537  5+2   A4FD 36   06              PSHU B,A
    538  5+1   A4FF EC   E8 AF           LDD -81,S
    539  5+2   A502 36   06              PSHU D
    540  2     A504 84   0F              ANDA #$0F
    541  2     A506 8A   E0              ORA #$e0
    542  2     A508 C6   61              LDB #$61
    543  5+1   A50A ED   E8 AF           STD -81,S
    544  5+1   A50D EC   E8 D7           LDD -41,S
    545  5+2   A510 36   06              PSHU D
    546  2     A512 84   0F              ANDA #$0F
    547  2     A514 8A   B0              ORA #$b0
    548  2     A516 C6   61              LDB #$61
    549  5+1   A518 ED   E8 D7           STD -41,S
    550  4+1   A51B A6   7E              LDA -2,S
    551  5+1   A51D 36   02              PSHU A
    552  2     A51F 84   F0              ANDA #$F0
    553  2     A521 8A   04              ORA #$04
    554  4+1   A523 A7   7E              STA -2,S
    555  4+1   A525 A6   E8 26           LDA 38,S
    556  5+3   A528 36   42              PSHU S,A
    557  2     A52A 84   F0              ANDA #$F0
    558  2     A52C 8A   06              ORA #$06
    559  4+1   A52E A7   E8 26           STA 38,S
    560  2     A531 86   56              LDA #$56
    561  4+0   A533 A7   E4              STA ,S
    562  2     A535 86   46              LDA #$46
    563  4+1   A537 A7   E8 4E           STA 78,S
    564  2     A53A 86   55              LDA #$55
    565  4+1   A53C A7   E8 28           STA 40,S
    566  4+4   A53F 32   E9 0117         LEAS 279,S
    567
    568  4+1   A543 A6   E8 50           LDA 80,S
    569  4+1   A546 E6   E8 AF           LDB -81,S
    570  5+2   A549 36   06              PSHU B,A
    571  4+1   A54B A6   E8 B2           LDA -78,S
    572  4+1   A54E E6   E8 28           LDB 40,S
    573  5+2   A551 36   06              PSHU B,A
    574  4+1   A553 A6   E8 D7           LDA -41,S
    575  5+1   A556 36   02              PSHU A
    576  2     A558 84   F0              ANDA #$F0
    577  2     A55A 8A   06              ORA #$06
    578  4+1   A55C A7   E8 D7           STA -41,S
    579  4+1   A55F A6   E8 DA           LDA -38,S
    580  4+1   A562 E6   E8 87           LDB -121,S
    581  5+2   A565 36   06              PSHU B,A
    582  5+1   A567 EC   E8 89           LDD -119,S
    583  5+2   A56A 36   06              PSHU D
    584  2     A56C 84   F0              ANDA #$F0
    585  2     A56E 8A   04              ORA #$04
    586  2     A570 C6   55              LDB #$55
    587  5+1   A572 ED   E8 89           STD -119,S
    588  5+1   A575 EC   7F              LDD -1,S
    589  5+2   A577 36   06              PSHU D
    590  2     A579 84   F0              ANDA #$F0
    591  2     A57B 8A   04              ORA #$04
    592  2     A57D C6   55              LDB #$55
    593  5+1   A57F ED   7F              STD -1,S
    594  4+1   A581 E7   E8 DA           STB -38,S
    595  2     A584 86   46              LDA #$46
    596  4+1   A586 A7   E8 AF           STA -81,S
    597  2     A589 86   59              LDA #$59
    598  4+1   A58B A7   E8 B2           STA -78,S
    599  2     A58E 86   66              LDA #$66
    600  4+1   A590 A7   E8 87           STA -121,S
    601  4+1   A593 A7   E8 50           STA 80,S
    602  4+1   A596 A6   E8 78           LDA 120,S
    603  4+1   A599 E6   62              LDB 2,S
    604  5+4   A59B 36   46              PSHU S,B,A
    605  2     A59D 86   65              LDA #$65
    606  4+1   A59F A7   E8 28           STA 40,S
    607  2     A5A2 86   44              LDA #$44
    608  4+1   A5A4 A7   62              STA 2,S
    609  4+1   A5A6 A7   E8 78           STA 120,S
    610        A5A9               SSAV_Img_Sonic_016
    611  4     A5A9 10CE 0000            LDS #$0000
    612  5     A5AD 39                   RTS
    613

000000 Total Errors

000003 Total Symbols
     0x          Label A000 BCKDRAW_Img_Sonic_016
     1x          Label A2A5 DYN_POS
     1x          Label A5A9 SSAV_Img_Sonic_016

