/*--------------------------------------------------------------*
 * Compilé avec C6809 v0.83                                     *
 *--------------------------------------------------------------*
 * Fichier source      : ./Sonic2/GeneratedCode/Img_Sonic_100_BckDraw.ASM
 * Fichier destination : ./Sonic2/GeneratedCode/Img_Sonic_100_BckDraw.BIN
 * Contenu :
 *     Main     0:IMGD.ASM     5836
 *--------------------------------------------------------------*/

Macro Pass
Pass1
Pass2
      2        A000                      ORG $A000
      3                  FF              SETDP $FF
      4        A000               BCKDRAW_Img_Sonic_100
      5  6+5   A000 10EF 8D 0474         STS SSAV_Img_Sonic_100+2,PCR
      6
      7  5+5   A005 ED   8D 0277         STD DYN_POS+2,PCR
      8  6+0   A009 10EE A4              LDS ,Y
      9  4+4   A00C 32   E9 039C         LEAS 924,S
     10
     11  5+1   A010 EC   E8 D7           LDD -41,S
     12  5+2   A013 36   06              PSHU D
     13  2     A015 84   F0              ANDA #$F0
     14  2     A017 C4   0F              ANDB #$0F
     15  4     A019 C3   0060            ADDD #$0060
     16  5+1   A01C ED   E8 D7           STD -41,S
     17  5+1   A01F EC   7F              LDD -1,S
     18  5+2   A021 36   06              PSHU D
     19  2     A023 84   F0              ANDA #$F0
     20  2     A025 C4   0F              ANDB #$0F
     21  4     A027 C3   0160            ADDD #$0160
     22  5+1   A02A ED   7F              STD -1,S
     23  4+1   A02C A6   E8 27           LDA 39,S
     24  4+1   A02F E6   E8 88           LDB -120,S
     25  5+2   A032 36   06              PSHU B,A
     26  2     A034 C4   0F              ANDB #$0F
     27  2     A036 CA   50              ORB #$50
     28  4+1   A038 E7   E8 88           STB -120,S
     29  4+1   A03B A6   E8 B0           LDA -80,S
     30  5+1   A03E 36   02              PSHU A
     31  2     A040 84   0F              ANDA #$0F
     32  2     A042 8A   50              ORA #$50
     33  4+1   A044 A7   E8 B0           STA -80,S
     34  2     A047 86   65              LDA #$65
     35  4+1   A049 A7   E8 27           STA 39,S
     36  4+1   A04C A6   E8 4F           LDA 79,S
     37  4+1   A04F E6   E8 77           LDB 119,S
     38  5+4   A052 36   46              PSHU S,B,A
     39  2     A054 86   61              LDA #$61
     40  4+1   A056 A7   E8 4F           STA 79,S
     41  2     A059 86   62              LDA #$62
     42  4+1   A05B A7   E8 77           STA 119,S
     43  4+4   A05E 32   E9 00EF         LEAS 239,S
     44
     45  5+1   A062 EC   E8 50           LDD 80,S
     46  5+2   A065 36   06              PSHU D
     47  2     A067 86   E8              LDA #$e8
     48  2     A069 C4   F0              ANDB #$F0
     49  2     A06B CA   02              ORB #$02
     50  5+1   A06D ED   E8 50           STD 80,S
     51  4+1   A070 A6   E8 28           LDA 40,S
     52  4+1   A073 E6   E8 B0           LDB -80,S
     53  5+2   A076 36   06              PSHU B,A
     54  2     A078 C4   F0              ANDB #$F0
     55  2     A07A CA   04              ORB #$04
     56  4+1   A07C E7   E8 B0           STB -80,S
     57  4+1   A07F A6   E8 D8           LDA -40,S
     58  5+1   A082 36   02              PSHU A
     59  2     A084 84   F0              ANDA #$F0
     60  2     A086 8A   0C              ORA #$0c
     61  4+1   A088 A7   E8 D8           STA -40,S
     62  4+0   A08B A6   E4              LDA ,S
     63  5+3   A08D 36   42              PSHU S,A
     64  2     A08F 84   0F              ANDA #$0F
     65  2     A091 8A   C0              ORA #$c0
     66  4+0   A093 A7   E4              STA ,S
     67  2     A095 86   CE              LDA #$ce
     68  4+1   A097 A7   E8 28           STA 40,S
     69  4+4   A09A 32   E9 00EF         LEAS 239,S
     70
     71  5+1   A09E AE   E8 28           LDX 40,S
     72  6+1   A0A1 10AE E8 50           LDY 80,S
     73  5+4   A0A5 36   30              PSHU Y,X
     74  5+1   A0A7 EC   E8 87           LDD -121,S
     75  5+2   A0AA 36   06              PSHU D
     76  2     A0AC 84   F0              ANDA #$F0
     77  2     A0AE C4   F0              ANDB #$F0
     78  4     A0B0 C3   010D            ADDD #$010d
     79  5+1   A0B3 ED   E8 87           STD -121,S
     80  5+1   A0B6 EC   E8 AF           LDD -81,S
     81  5+2   A0B9 36   06              PSHU D
     82  2     A0BB 84   F0              ANDA #$F0
     83  2     A0BD C4   F0              ANDB #$F0
     84  4     A0BF C3   000E            ADDD #$000e
     85  5+1   A0C2 ED   E8 AF           STD -81,S
     86  5+1   A0C5 AE   E8 D9           LDX -39,S
     87  5+2   A0C8 36   10              PSHU X
     88  3     A0CA CC   7771            LDD #$7771
     89  5+1   A0CD ED   E8 D9           STD -39,S
     90  3     A0D0 CC   CC77            LDD #$cc77
     91  5+1   A0D3 ED   E8 28           STD 40,S
     92  2     A0D6 86   ED              LDA #$ed
     93  5+1   A0D8 ED   E8 50           STD 80,S
     94  4+1   A0DB A6   E8 7A           LDA 122,S
     95  5+1   A0DE 36   02              PSHU A
     96  2     A0E0 84   0F              ANDA #$0F
     97  2     A0E2 8A   60              ORA #$60
     98  4+1   A0E4 A7   E8 7A           STA 122,S
     99  5+1   A0E7 EC   E8 89           LDD -119,S
    100  5+2   A0EA 36   06              PSHU D
    101  2     A0EC 86   70              LDA #$70
    102  2     A0EE C4   F0              ANDB #$F0
    103  2     A0F0 CA   03              ORB #$03
    104  5+1   A0F2 ED   E8 89           STD -119,S
    105  5+1   A0F5 EC   E8 B1           LDD -79,S
    106  5+2   A0F8 36   06              PSHU D
    107  2     A0FA 86   77              LDA #$77
    108  2     A0FC C4   F0              ANDB #$F0
    109  2     A0FE CA   00              ORB #$00
    110  5+1   A100 ED   E8 B1           STD -79,S
    111  5+1   A103 EC   E8 D7           LDD -41,S
    112  5+2   A106 36   06              PSHU D
    113  2     A108 84   F0              ANDA #$F0
    114  2     A10A 8A   00              ORA #$00
    115  2     A10C C6   78              LDB #$78
    116  5+1   A10E ED   E8 D7           STD -41,S
    117  5+1   A111 EC   E8 78           LDD 120,S
    118  5+2   A114 36   06              PSHU D
    119  2     A116 84   F0              ANDA #$F0
    120  2     A118 8A   0E              ORA #$0e
    121  2     A11A C6   11              LDB #$11
    122  5+1   A11C ED   E8 78           STD 120,S
    123  5+3   A11F 35   12              PULS A,X
    124  5+5   A121 36   52              PSHU S,X,A
    125  2     A123 86   87              LDA #$87
    126  3     A125 8E   8883            LDX #$8883
    127  5+3   A128 34   12              PSHS A,X
    128  4+4   A12A 32   E9 0119         LEAS 281,S
    129
    130  5+1   A12E AE   7F              LDX -1,S
    131  6+1   A130 10AE E8 4F           LDY 79,S
    132  5+4   A134 36   30              PSHU Y,X
    133  5+1   A136 EC   E8 87           LDD -121,S
    134  5+2   A139 36   06              PSHU D
    135  2     A13B 84   F0              ANDA #$F0
    136  2     A13D 8A   0E              ORA #$0e
    137  2     A13F C6   00              LDB #$00
    138  5+1   A141 ED   E8 87           STD -121,S
    139  5+1   A144 AE   E8 AF           LDX -81,S
    140  6+1   A147 10AE E8 D7           LDY -41,S
    141  5+4   A14B 36   30              PSHU Y,X
    142  5+1   A14D EC   E8 77           LDD 119,S
    143  5+1   A150 AE   E8 27           LDX 39,S
    144  5+4   A153 36   16              PSHU X,D
    145  3     A155 CC   CE04            LDD #$ce04
    146  5+1   A158 ED   7F              STD -1,S
    147  2     A15A 86   BE              LDA #$be
    148  5+1   A15C ED   E8 AF           STD -81,S
    149  5+1   A15F ED   E8 D7           STD -41,S
    150  4+1   A162 A6   E8 89           LDA -119,S
    151  5+1   A165 36   02              PSHU A
    152  2     A167 84   0F              ANDA #$0F
    153  2     A169 8A   E0              ORA #$e0
    154  4+1   A16B A7   E8 89           STA -119,S
    155  4+1   A16E A6   E8 B1           LDA -79,S
    156  5+1   A171 36   02              PSHU A
    157  2     A173 84   0F              ANDA #$0F
    158  2     A175 8A   20              ORA #$20
    159  4+1   A177 A7   E8 B1           STA -79,S
    160  4+1   A17A A6   E8 D9           LDA -39,S
    161  5+1   A17D 36   02              PSHU A
    162  2     A17F 84   0F              ANDA #$0F
    163  2     A181 8A   20              ORA #$20
    164  4+1   A183 A7   E8 D9           STA -39,S
    165  4+1   A186 A6   61              LDA 1,S
    166  5+1   A188 36   02              PSHU A
    167  2     A18A 84   0F              ANDA #$0F
    168  2     A18C 8A   20              ORA #$20
    169  4+1   A18E A7   61              STA 1,S
    170  4+1   A190 A6   E8 29           LDA 41,S
    171  5+1   A193 36   02              PSHU A
    172  2     A195 84   0F              ANDA #$0F
    173  2     A197 8A   20              ORA #$20
    174  4+1   A199 A7   E8 29           STA 41,S
    175  4+1   A19C A6   E8 51           LDA 81,S
    176  5+1   A19F 36   02              PSHU A
    177  2     A1A1 84   0F              ANDA #$0F
    178  2     A1A3 8A   E0              ORA #$e0
    179  4+1   A1A5 A7   E8 51           STA 81,S
    180  4+1   A1A8 A6   E8 79           LDA 121,S
    181  5+3   A1AB 36   42              PSHU S,A
    182  2     A1AD 84   0F              ANDA #$0F
    183  2     A1AF 8A   E0              ORA #$e0
    184  4+1   A1B1 A7   E8 79           STA 121,S
    185  3     A1B4 CC   EEDB            LDD #$eedb
    186  5+1   A1B7 ED   E8 77           STD 119,S
    187  2     A1BA C6   0B              LDB #$0b
    188  5+1   A1BC ED   E8 4F           STD 79,S
    189  3     A1BF CC   DE0D            LDD #$de0d
    190  5+1   A1C2 ED   E8 27           STD 39,S
    191  4+4   A1C5 32   E9 0117         LEAS 279,S
    192
    193  5+1   A1C9 AE   E8 78           LDX 120,S
    194  6+0   A1CC 10AE E4              LDY ,S
    195  5+4   A1CF 36   30              PSHU Y,X
    196  5+1   A1D1 EC   E8 50           LDD 80,S
    197  5+1   A1D4 AE   E8 28           LDX 40,S
    198  5+4   A1D7 36   16              PSHU X,D
    199  3     A1D9 CC   BDCB            LDD #$bdcb
    200  5+1   A1DC ED   E8 50           STD 80,S
    201  3     A1DF CC   EBDE            LDD #$ebde
    202  5+1   A1E2 ED   E8 78           STD 120,S
    203  4+1   A1E5 A6   E8 8A           LDA -118,S
    204  5+1   A1E8 36   02              PSHU A
    205  2     A1EA 84   0F              ANDA #$0F
    206  2     A1EC 8A   E0              ORA #$e0
    207  4+1   A1EE A7   E8 8A           STA -118,S
    208  4+1   A1F1 A6   E8 B2           LDA -78,S
    209  5+1   A1F4 36   02              PSHU A
    210  2     A1F6 84   0F              ANDA #$0F
    211  2     A1F8 8A   60              ORA #$60
    212  4+1   A1FA A7   E8 B2           STA -78,S
    213  4+1   A1FD A6   E8 DA           LDA -38,S
    214  5+1   A200 36   02              PSHU A
    215  2     A202 84   0F              ANDA #$0F
    216  2     A204 8A   60              ORA #$60
    217  4+1   A206 A7   E8 DA           STA -38,S
    218  4+1   A209 A6   62              LDA 2,S
    219  5+1   A20B 36   02              PSHU A
    220  2     A20D 84   0F              ANDA #$0F
    221  2     A20F 8A   80              ORA #$80
    222  4+1   A211 A7   62              STA 2,S
    223  4+1   A213 A6   E8 2A           LDA 42,S
    224  5+1   A216 36   02              PSHU A
    225  2     A218 84   0F              ANDA #$0F
    226  2     A21A 8A   80              ORA #$80
    227  4+1   A21C A7   E8 2A           STA 42,S
    228  4+1   A21F A6   E8 52           LDA 82,S
    229  5+1   A222 36   02              PSHU A
    230  2     A224 84   0F              ANDA #$0F
    231  2     A226 8A   E0              ORA #$e0
    232  4+1   A228 A7   E8 52           STA 82,S
    233  5+1   A22B EC   E8 88           LDD -120,S
    234  5+2   A22E 36   06              PSHU D
    235  2     A230 84   F0              ANDA #$F0
    236  2     A232 8A   0E              ORA #$0e
    237  2     A234 C6   BB              LDB #$bb
    238  5+1   A236 ED   E8 88           STD -120,S
    239  5+1   A239 EC   E8 B0           LDD -80,S
    240  5+2   A23C 36   06              PSHU D
    241  2     A23E 84   F0              ANDA #$F0
    242  2     A240 8A   0B              ORA #$0b
    243  2     A242 C6   BB              LDB #$bb
    244  5+1   A244 ED   E8 B0           STD -80,S
    245  5+1   A247 EC   E8 D8           LDD -40,S
    246  5+4   A24A 36   46              PSHU S,D
    247  2     A24C 84   F0              ANDA #$F0
    248  2     A24E 8A   0B              ORA #$0b
    249  2     A250 C6   EB              LDB #$eb
    250  5+1   A252 ED   E8 D8           STD -40,S
    251  3     A255 CC   E8BD            LDD #$e8bd
    252  5+0   A258 ED   E4              STD ,S
    253  2     A25A 86   B7              LDA #$b7
    254  5+1   A25C ED   E8 28           STD 40,S
    255  4+4   A25F 32   E9 00B5         LEAS 181,S
    256
    257  5+1   A263 EC   E8 EB           LDD -21,S
    258  5+2   A266 36   06              PSHU D
    259  2     A268 84   F0              ANDA #$F0
    260  2     A26A C4   0F              ANDB #$0F
    261  4     A26C C3   0EE0            ADDD #$0ee0
    262  5+1   A26F ED   E8 EB           STD -21,S
    263  4+1   A272 A6   E8 14           LDA 20,S
    264  5+3   A275 36   42              PSHU S,A
    265  2     A277 84   0F              ANDA #$0F
    266  2     A279 8A   E0              ORA #$e0
    267  4+1   A27B A7   E8 14           STA 20,S
    268        A27E               DYN_POS
    269
    270  4     A27E 10CE 0000            LDS #$0000
    271  4+4   A282 32   E9 039C         LEAS 924,S
    272
    273  4+1   A286 A6   E8 28           LDA 40,S
    274  4+1   A289 E6   E8 50           LDB 80,S
    275  5+2   A28C 36   06              PSHU B,A
    276  2     A28E 86   26              LDA #$26
    277  4+1   A290 A7   E8 28           STA 40,S
    278  4+1   A293 A6   E8 D8           LDA -40,S
    279  4+1   A296 E6   E8 B0           LDB -80,S
    280  5+2   A299 36   06              PSHU B,A
    281  2     A29B 86   65              LDA #$65
    282  4+1   A29D A7   E8 B0           STA -80,S
    283  4+0   A2A0 A6   E4              LDA ,S
    284  4+1   A2A2 E6   E8 88           LDB -120,S
    285  5+2   A2A5 36   06              PSHU B,A
    286  2     A2A7 C4   F0              ANDB #$F0
    287  2     A2A9 CA   06              ORB #$06
    288  4+1   A2AB E7   E8 88           STB -120,S
    289  4+1   A2AE A6   E8 78           LDA 120,S
    290  5+3   A2B1 36   42              PSHU S,A
    291  2     A2B3 84   0F              ANDA #$0F
    292  2     A2B5 8A   20              ORA #$20
    293  4+1   A2B7 A7   E8 78           STA 120,S
    294  2     A2BA 86   63              LDA #$63
    295  4+1   A2BC A7   E8 50           STA 80,S
    296  2     A2BF 86   55              LDA #$55
    297  4+1   A2C1 A7   E8 D8           STA -40,S
    298  4+0   A2C4 A7   E4              STA ,S
    299  4+4   A2C6 32   E9 00F0         LEAS 240,S
    300
    301  5+1   A2CA EC   E8 4E           LDD 78,S
    302  5+2   A2CD 36   06              PSHU D
    303  2     A2CF 86   03              LDA #$03
    304  2     A2D1 C4   F0              ANDB #$F0
    305  2     A2D3 CA   0C              ORB #$0c
    306  5+1   A2D5 ED   E8 4E           STD 78,S
    307  4+1   A2D8 A6   E8 B0           LDA -80,S
    308  5+1   A2DB 36   02              PSHU A
    309  2     A2DD 84   0F              ANDA #$0F
    310  2     A2DF 8A   20              ORA #$20
    311  4+1   A2E1 A7   E8 B0           STA -80,S
    312  4+1   A2E4 A6   E8 D7           LDA -41,S
    313  5+1   A2E7 36   02              PSHU A
    314  2     A2E9 84   0F              ANDA #$0F
    315  2     A2EB 8A   60              ORA #$60
    316  4+1   A2ED A7   E8 D7           STA -41,S
    317  4+1   A2F0 A6   E8 29           LDA 41,S
    318  5+1   A2F3 36   02              PSHU A
    319  2     A2F5 84   0F              ANDA #$0F
    320  2     A2F7 8A   20              ORA #$20
    321  4+1   A2F9 A7   E8 29           STA 41,S
    322  5+1   A2FC EC   E8 50           LDD 80,S
    323  5+2   A2FF 36   06              PSHU D
    324  2     A301 84   0F              ANDA #$0F
    325  2     A303 C4   0F              ANDB #$0F
    326  4     A305 C3   6000            ADDD #$6000
    327  5+1   A308 ED   E8 50           STD 80,S
    328  4+1   A30B A6   7F              LDA -1,S
    329  4+1   A30D E6   E8 27           LDB 39,S
    330  5+4   A310 36   46              PSHU S,B,A
    331  2     A312 86   66              LDA #$66
    332  4+1   A314 A7   7F              STA -1,S
    333  4+1   A316 A7   E8 27           STA 39,S
    334  4+4   A319 32   E9 00EE         LEAS 238,S
    335
    336  5+1   A31D AE   E8 88           LDX -120,S
    337  3     A320 CC   01CC            LDD #$01cc
    338  5+1   A323 ED   E8 88           STD -120,S
    339  6+1   A326 10AE E8 D8           LDY -40,S
    340  5+4   A32A 36   30              PSHU Y,X
    341  2     A32C C6   78              LDB #$78
    342  5+1   A32E ED   E8 D8           STD -40,S
    343  5+1   A331 EC   E8 8A           LDD -118,S
    344  5+2   A334 36   06              PSHU D
    345  2     A336 84   0F              ANDA #$0F
    346  2     A338 8A   80              ORA #$80
    347  2     A33A C6   02              LDB #$02
    348  5+1   A33C ED   E8 8A           STD -118,S
    349  5+1   A33F EC   E8 B2           LDD -78,S
    350  5+2   A342 36   06              PSHU D
    351  2     A344 84   0F              ANDA #$0F
    352  2     A346 8A   80              ORA #$80
    353  2     A348 C6   13              LDB #$13
    354  5+1   A34A ED   E8 B2           STD -78,S
    355  5+1   A34D EC   E8 DA           LDD -38,S
    356  5+2   A350 36   06              PSHU D
    357  2     A352 84   0F              ANDA #$0F
    358  2     A354 8A   70              ORA #$70
    359  2     A356 C6   23              LDB #$23
    360  5+1   A358 ED   E8 DA           STD -38,S
    361  4+1   A35B A6   63              LDA 3,S
    362  5+1   A35D 36   02              PSHU A
    363  2     A35F 84   0F              ANDA #$0F
    364  2     A361 8A   30              ORA #$30
    365  4+1   A363 A7   63              STA 3,S
    366  5+1   A365 AE   E8 B0           LDX -80,S
    367  5+2   A368 36   10              PSHU X
    368  3     A36A CC   00E8            LDD #$00e8
    369  5+1   A36D ED   E8 B0           STD -80,S
    370  5+3   A370 35   12              PULS A,X
    371  5+5   A372 36   52              PSHU S,X,A
    372  2     A374 86   02              LDA #$02
    373  3     A376 8E   8667            LDX #$8667
    374  5+3   A379 34   12              PSHS A,X
    375  4+1   A37B 32   E8 28           LEAS 40,S
    376
    377  5+1   A37E AE   E8 29           LDX 41,S
    378  3     A381 CC   8778            LDD #$8778
    379  5+1   A384 ED   E8 29           STD 41,S
    380  6+1   A387 10AE E8 51           LDY 81,S
    381  5+4   A38B 36   30              PSHU Y,X
    382  2     A38D C6   73              LDB #$73
    383  5+1   A38F ED   E8 51           STD 81,S
    384  5+1   A392 EC   E8 79           LDD 121,S
    385  5+2   A395 36   06              PSHU D
    386  3     A397 CC   D114            LDD #$d114
    387  5+1   A39A ED   E8 79           STD 121,S
    388  5+3   A39D 35   12              PULS A,X
    389  5+5   A39F 36   52              PSHU S,X,A
    390  2     A3A1 86   23              LDA #$23
    391  3     A3A3 8E   E886            LDX #$e886
    392  5+3   A3A6 34   12              PSHS A,X
    393  4+4   A3A8 32   E9 0119         LEAS 281,S
    394
    395  4+1   A3AC A6   E8 B1           LDA -79,S
    396  5+1   A3AF AE   E8 78           LDX 120,S
    397  6+1   A3B2 10AE E8 88           LDY -120,S
    398  5+5   A3B6 36   32              PSHU Y,X,A
    399  4+1   A3B8 A6   61              LDA 1,S
    400  4+1   A3BA E6   E8 D9           LDB -39,S
    401  5+1   A3BD AE   E8 28           LDX 40,S
    402  6+1   A3C0 10AE E8 50           LDY 80,S
    403  5+6   A3C4 36   36              PSHU Y,X,B,A
    404  3     A3C6 CC   BDBB            LDD #$bdbb
    405  5+1   A3C9 ED   E8 50           STD 80,S
    406  2     A3CC 86   B4              LDA #$b4
    407  4+1   A3CE A7   E8 B1           STA -79,S
    408  4+1   A3D1 A7   61              STA 1,S
    409  2     A3D3 86   EB              LDA #$eb
    410  5+1   A3D5 ED   E8 78           STD 120,S
    411  3     A3D8 CC   C033            LDD #$c033
    412  5+1   A3DB ED   E8 88           STD -120,S
    413  2     A3DE 86   D4              LDA #$d4
    414  4+1   A3E0 A7   E8 D9           STA -39,S
    415  5+1   A3E3 EC   E8 AF           LDD -81,S
    416  5+2   A3E6 36   06              PSHU D
    417  2     A3E8 84   F0              ANDA #$F0
    418  2     A3EA 8A   0B              ORA #$0b
    419  2     A3EC C6   C0              LDB #$c0
    420  5+1   A3EE ED   E8 AF           STD -81,S
    421  5+1   A3F1 EC   E8 D7           LDD -41,S
    422  5+2   A3F4 36   06              PSHU D
    423  2     A3F6 84   F0              ANDA #$F0
    424  2     A3F8 8A   0C              ORA #$0c
    425  2     A3FA C6   C0              LDB #$c0
    426  5+1   A3FC ED   E8 D7           STD -41,S
    427  5+1   A3FF EC   7F              LDD -1,S
    428  5+4   A401 36   46              PSHU S,D
    429  2     A403 84   F0              ANDA #$F0
    430  2     A405 8A   0E              ORA #$0e
    431  2     A407 C6   C0              LDB #$c0
    432  5+1   A409 ED   7F              STD -1,S
    433  3     A40B CC   B1B2            LDD #$b1b2
    434  5+1   A40E ED   E8 28           STD 40,S
    435  4+4   A411 32   E9 0118         LEAS 280,S
    436
    437  4+1   A415 A6   E8 D9           LDA -39,S
    438  4+1   A418 E6   E8 50           LDB 80,S
    439  5+1   A41B AE   E8 88           LDX -120,S
    440  5+4   A41E 36   16              PSHU X,B,A
    441  2     A420 86   E4              LDA #$e4
    442  4+1   A422 A7   E8 D9           STA -39,S
    443  3     A425 CC   EEEE            LDD #$eeee
    444  5+1   A428 ED   E8 88           STD -120,S
    445  4+1   A42B A6   E8 78           LDA 120,S
    446  5+1   A42E AE   E8 B0           LDX -80,S
    447  5+3   A431 36   12              PSHU X,A
    448  2     A433 86   BD              LDA #$bd
    449  4+1   A435 A7   E8 78           STA 120,S
    450  2     A438 86   BC              LDA #$bc
    451  4+1   A43A A7   E8 50           STA 80,S
    452  2     A43D 86   8E              LDA #$8e
    453  5+1   A43F ED   E8 B0           STD -80,S
    454  5+1   A442 EC   E8 D7           LDD -41,S
    455  5+2   A445 36   06              PSHU D
    456  2     A447 84   F0              ANDA #$F0
    457  2     A449 8A   0E              ORA #$0e
    458  2     A44B C6   7E              LDB #$7e
    459  5+1   A44D ED   E8 D7           STD -41,S
    460  5+1   A450 EC   7F              LDD -1,S
    461  5+2   A452 36   06              PSHU D
    462  2     A454 84   F0              ANDA #$F0
    463  2     A456 8A   0E              ORA #$0e
    464  2     A458 C6   DE              LDB #$de
    465  5+1   A45A ED   7F              STD -1,S
    466  5+1   A45C EC   E8 27           LDD 39,S
    467  5+4   A45F 36   46              PSHU S,D
    468  2     A461 84   F0              ANDA #$F0
    469  2     A463 8A   0E              ORA #$0e
    470  2     A465 C6   BB              LDB #$bb
    471  5+1   A467 ED   E8 27           STD 39,S
    472  4+4   A46A 32   E9 00A0         LEAS 160,S
    473
    474  4+0   A46E A6   E4              LDA ,S
    475  5+3   A470 36   42              PSHU S,A
    476  2     A472 86   EE              LDA #$ee
    477  4+0   A474 A7   E4              STA ,S
    478        A476               SSAV_Img_Sonic_100
    479  4     A476 10CE 0000            LDS #$0000
    480  5     A47A 39                   RTS
    481

000000 Total Errors

000003 Total Symbols
     0x          Label A000 BCKDRAW_Img_Sonic_100
     1x          Label A27E DYN_POS
     1x          Label A476 SSAV_Img_Sonic_100

