/*--------------------------------------------------------------*
 * Compilé avec C6809 v0.83                                     *
 *--------------------------------------------------------------*
 * Fichier source      : ./Sonic2/GeneratedCode/Img_Sonic_047_Erase.ASM
 * Fichier destination : ./Sonic2/GeneratedCode/Img_Sonic_047_Erase.BIN
 * Contenu :
 *     Main     0:IMGE.ASM     2438
 *--------------------------------------------------------------*/

Macro Pass
Pass1
Pass2
      2        A000                      ORG $A000
      3                  FF              SETDP $FF
      4        A000               ERASE_Img_Sonic_047
      5  6+5   A000 10EF 8D 01B7         STS ERASE_SSAV_Img_Sonic_047+2,PCR>>
      6
      7        A005               ERASE_CODE_Img_Sonic_047_1
      8  5+6   A005 37   56              PULU A,B,X,S
      9  4+1   A007 A7   E8 EC           STA -20,S
     10  4+1   A00A E7   E8 14           STB 20,S
     11  5+1   A00D AF   E8 3C           STX 60,S
     12
     13  5+3   A010 37   12              PULU A,X
     14  4+1   A012 A7   E8 C5           STA -59,S
     15  5+1   A015 AF   E8 C3           STX -61,S
     16
     17  5+3   A018 37   42              PULU A,S
     18  4+1   A01A A7   7F              STA -1,S
     19
     20  5+6   A01C 37   36              PULU D,X,Y
     21  5+1   A01E ED   E8 79           STD 121,S
     22  5+1   A021 AF   E8 51           STX 81,S
     23  6+1   A024 10AF E8 29           STY 41,S
     24
     25  5+2   A028 37   06              PULU D
     26  5+1   A02A ED   61              STD 1,S
     27
     28  5+4   A02C 37   16              PULU A,B,X
     29  4+1   A02E A7   E8 27           STA 39,S
     30  4+1   A031 E7   E8 77           STB 119,S
     31  5+1   A034 AF   E8 AF           STX -81,S
     32
     33  5+6   A037 37   36              PULU A,B,X,Y
     34  4+1   A039 A7   E8 D7           STA -41,S
     35  4+1   A03C E7   E8 4F           STB 79,S
     36  5+1   A03F AF   E8 D9           STX -39,S
     37  6+1   A042 10AF E8 B1           STY -79,S
     38
     39  5+4   A046 37   16              PULU D,X
     40  5+1   A048 ED   E8 89           STD -119,S
     41  5+1   A04B AF   E8 87           STX -121,S
     42
     43  5+5   A04E 37   52              PULU A,X,S
     44  5+3   A050 34   12              PSHS A,X
     45
     46  5+6   A052 37   36              PULU D,X,Y
     47  5+1   A054 ED   E8 77           STD 119,S
     48  5+1   A057 AF   E8 51           STX 81,S
     49  6+1   A05A 10AF E8 4F           STY 79,S
     50
     51  5+4   A05E 37   16              PULU A,B,X
     52  4+1   A060 A7   E8 2A           STA 42,S
     53  4+1   A063 E7   E8 7A           STB 122,S
     54  5+1   A066 AF   E8 28           STX 40,S
     55
     56  5+5   A069 37   52              PULU A,X,S
     57  5+3   A06B 34   12              PSHS A,X
     58
     59  5+6   A06D 37   36              PULU A,B,X,Y
     60  4+1   A06F A7   E8 52           STA 82,S
     61  4+1   A072 E7   E8 2A           STB 42,S
     62  5+1   A075 AF   E8 28           STX 40,S
     63  6+1   A078 10AF E8 50           STY 80,S
     64
     65  5+5   A07C 37   52              PULU A,X,S
     66  5+3   A07E 34   12              PSHS A,X
     67
     68  5+5   A080 37   52              PULU A,X,S
     69  5+3   A082 34   12              PSHS A,X
     70
     71  5+5   A084 37   52              PULU A,X,S
     72  5+3   A086 34   12              PSHS A,X
     73
     74  5+5   A088 37   52              PULU A,X,S
     75  5+3   A08A 34   12              PSHS A,X
     76
     77  5+6   A08C 37   56              PULU A,B,X,S
     78  5+3   A08E 34   14              PSHS B,X
     79  4+1   A090 A7   E8 2A           STA 42,S
     80
     81  5+6   A093 37   36              PULU D,X,Y
     82  5+1   A095 ED   E8 51           STD 81,S
     83  5+1   A098 AF   E8 79           STX 121,S
     84  6+1   A09B 10AF E8 28           STY 40,S
     85
     86  5+5   A09F 37   52              PULU A,X,S
     87  5+3   A0A1 34   12              PSHS A,X
     88
     89  5+6   A0A3 37   56              PULU A,B,X,S
     90  5+3   A0A5 34   14              PSHS B,X
     91  4+1   A0A7 A7   E8 DA           STA -38,S
     92
     93  5+6   A0AA 37   36              PULU D,X,Y
     94  5+1   A0AC ED   E8 D8           STD -40,S
     95  5+1   A0AF AF   E8 89           STX -119,S
     96  6+1   A0B2 10AF E8 B1           STY -79,S
     97
     98  5+3   A0B6 37   42              PULU A,S
     99  4+1   A0B8 A7   E8 15           STA 21,S
    100
    101  5+6   A0BB 37   36              PULU D,X,Y
    102  5+1   A0BD ED   E8 EB           STD -21,S
    103  5+1   A0C0 AF   E8 3C           STX 60,S
    104  6+1   A0C3 10AF E8 13           STY 19,S
    105
    106  5+2   A0C7 37   06              PULU D
    107  5+1   A0C9 ED   E8 C3           STD -61,S
    108
    109  5+4   A0CC 37   46              PULU A,B,S
    110  4+1   A0CE A7   E8 C5           STA -59,S
    111  4+1   A0D1 E7   E8 15           STB 21,S
    112
    113  5+2   A0D4 37   06              PULU D
    114  5+1   A0D6 ED   E8 13           STD 19,S
    115
    116  5+2   A0D9 37   06              PULU A,B
    117  4+1   A0DB A7   E8 C3           STA -61,S
    118  4+1   A0DE E7   E8 ED           STB -19,S
    119
    120  5+2   A0E1 37   06              PULU A,B
    121  4+1   A0E3 A7   E8 3C           STA 60,S
    122  4+1   A0E6 E7   E8 EB           STB -21,S
    123
    124  5+3   A0E9 37   42              PULU A,S
    125  4+1   A0EB A7   E8 D7           STA -41,S
    126
    127  5+2   A0EE 37   06              PULU A,B
    128  4+1   A0F0 A7   E8 27           STA 39,S
    129  4+1   A0F3 E7   E8 D9           STB -39,S
    130
    131  5+2   A0F6 37   06              PULU A,B
    132  4+1   A0F8 A7   E8 B1           STA -79,S
    133  4+1   A0FB E7   E8 77           STB 119,S
    134
    135  5+2   A0FE 37   06              PULU A,B
    136  4+1   A100 A7   E8 29           STA 41,S
    137  4+1   A103 E7   E8 79           STB 121,S
    138
    139  5+2   A106 37   06              PULU A,B
    140  4+1   A108 A7   E8 4F           STA 79,S
    141  4+1   A10B E7   61              STB 1,S
    142
    143  5+2   A10D 37   06              PULU A,B
    144  4+1   A10F A7   7F              STA -1,S
    145  4+1   A111 E7   E8 AF           STB -81,S
    146
    147  5+3   A114 37   12              PULU A,X
    148  4+1   A116 A7   E8 51           STA 81,S
    149  5+1   A119 AF   E8 87           STX -121,S
    150
    151  5+5   A11C 37   52              PULU A,X,S
    152  5+3   A11E 34   12              PSHS A,X
    153
    154  5+2   A120 37   06              PULU D
    155  5+1   A122 ED   E8 78           STD 120,S
    156
    157  5+5   A125 37   32              PULU A,X,Y
    158  4+1   A127 A7   E8 2A           STA 42,S
    159  5+1   A12A AF   E8 50           STX 80,S
    160  6+1   A12D 10AF E8 28           STY 40,S
    161
    162  5+5   A131 37   52              PULU A,X,S
    163  5+3   A133 34   12              PSHS A,X
    164
    165  5+5   A135 37   52              PULU A,X,S
    166  5+3   A137 34   12              PSHS A,X
    167
    168  5+2   A139 37   06              PULU D
    169  5+1   A13B ED   E8 DA           STD -38,S
    170
    171  5+2   A13E 37   06              PULU A,B
    172  4+1   A140 A7   E8 B3           STA -77,S
    173  4+1   A143 E7   E8 52           STB 82,S
    174
    175  5+5   A146 37   32              PULU A,X,Y
    176  4+1   A148 A7   E8 8B           STA -117,S
    177  5+1   A14B AF   E8 78           STX 120,S
    178  6+1   A14E 10AF E8 50           STY 80,S
    179
    180  5+6   A152 37   36              PULU D,X,Y
    181  5+1   A154 ED   E8 28           STD 40,S
    182  5+1   A157 AF   E8 D8           STX -40,S
    183  6+1   A15A 10AF E8 89           STY -119,S
    184
    185  5+4   A15E 37   16              PULU A,B,X
    186  4+1   A160 A7   E8 7A           STA 122,S
    187  4+1   A163 E7   E8 2A           STB 42,S
    188  5+1   A166 AF   E8 B1           STX -79,S
    189
    190  5+6   A169 37   56              PULU D,X,S
    191  5+1   A16B ED   7F              STD -1,S
    192  5+1   A16D AF   E8 AF           STX -81,S
    193
    194  5+6   A170 37   36              PULU D,X,Y
    195  5+1   A172 ED   E8 4F           STD 79,S
    196  5+1   A175 AF   E8 27           STX 39,S
    197  6+1   A178 10AF E8 D8           STY -40,S
    198
    199  5+2   A17C 37   06              PULU A,B
    200  4+1   A17E A7   E8 51           STA 81,S
    201  4+1   A181 E7   E8 29           STB 41,S
    202
    203  5+4   A184 37   16              PULU A,B,X
    204  4+1   A186 A7   61              STA 1,S
    205  4+1   A188 E7   E8 B1           STB -79,S
    206  5+1   A18B AF   E8 D6           STX -42,S
    207
    208  5+3   A18E 37   42              PULU A,S
    209  4+1   A190 A7   E8 79           STA 121,S
    210
    211  5+2   A193 37   06              PULU A,B
    212  4+1   A195 A7   E8 51           STA 81,S
    213  4+1   A198 E7   E8 29           STB 41,S
    214
    215  5+5   A19B 37   32              PULU A,X,Y
    216  4+1   A19D A7   61              STA 1,S
    217  5+1   A19F AF   E8 AF           STX -81,S
    218  6+1   A1A2 10AF E8 77           STY 119,S
    219
    220  5+6   A1A6 37   36              PULU D,X,Y
    221  5+1   A1A8 ED   E8 D7           STD -41,S
    222  5+1   A1AB AF   7F              STX -1,S
    223  6+1   A1AD 10AF E8 87           STY -121,S
    224
    225  5+4   A1B1 37   16              PULU D,X
    226  5+1   A1B3 ED   E8 4F           STD 79,S
    227  5+1   A1B6 AF   E8 27           STX 39,S
    228
    229        A1B9               ERASE_SSAV_Img_Sonic_047
    230  4     A1B9 10CE 0000            LDS #$0000
    231  5     A1BD 39                   RTS
    232

000000 Total Errors

000003 Total Symbols
     0x          Label A005 ERASE_CODE_Img_Sonic_047_1
     0x          Label A000 ERASE_Img_Sonic_047
     1x          Label A1B9 ERASE_SSAV_Img_Sonic_047

