/*--------------------------------------------------------------*
 * Compilé avec C6809 v0.83                                     *
 *--------------------------------------------------------------*
 * Fichier source      : ./Sonic2/GeneratedCode/Img_Sonic_204_BckDraw.ASM
 * Fichier destination : ./Sonic2/GeneratedCode/Img_Sonic_204_BckDraw.BIN
 * Contenu :
 *     Main     0:IMGD.ASM     6458
 *--------------------------------------------------------------*/

Macro Pass
Pass1
Pass2
      2        A000                      ORG $A000
      3                  FF              SETDP $FF
      4        A000               BCKDRAW_Img_Sonic_204
      5  6+5   A000 10EF 8D 04E0         STS SSAV_Img_Sonic_204+2,PCR
      6
      7  5+5   A005 ED   8D 0286         STD DYN_POS+2,PCR
      8  6+0   A009 10EE A4              LDS ,Y
      9  4+4   A00C 32   E9 0323         LEAS 803,S
     10
     11  5+1   A010 EC   E8 AF           LDD -81,S
     12  5+2   A013 36   06              PSHU D
     13  2     A015 84   F0              ANDA #$F0
     14  2     A017 C4   0F              ANDB #$0F
     15  4     A019 C3   0BB0            ADDD #$0bb0
     16  5+1   A01C ED   E8 AF           STD -81,S
     17  4+1   A01F A6   E8 D8           LDA -40,S
     18  4+0   A022 E6   E4              LDB ,S
     19  5+2   A024 36   06              PSHU B,A
     20  2     A026 86   BB              LDA #$bb
     21  4+1   A028 A7   E8 D8           STA -40,S
     22  2     A02B 86   BD              LDA #$bd
     23  4+0   A02D A7   E4              STA ,S
     24  5+1   A02F EC   E8 28           LDD 40,S
     25  5+2   A032 36   06              PSHU D
     26  2     A034 86   B8              LDA #$b8
     27  2     A036 C4   0F              ANDB #$0F
     28  2     A038 CA   B0              ORB #$b0
     29  5+1   A03A ED   E8 28           STD 40,S
     30  5+1   A03D EC   E8 50           LDD 80,S
     31  5+4   A040 36   46              PSHU S,D
     32  2     A042 86   B7              LDA #$b7
     33  2     A044 C4   0F              ANDB #$0F
     34  2     A046 CA   B0              ORB #$b0
     35  5+1   A048 ED   E8 50           STD 80,S
     36  4+4   A04B 32   E9 00EF         LEAS 239,S
     37
     38  5+1   A04F EC   E8 27           LDD 39,S
     39  5+2   A052 36   06              PSHU D
     40  2     A054 84   F0              ANDA #$F0
     41  2     A056 8A   01              ORA #$01
     42  2     A058 C6   1B              LDB #$1b
     43  5+1   A05A ED   E8 27           STD 39,S
     44  5+1   A05D EC   E8 4F           LDD 79,S
     45  5+2   A060 36   06              PSHU D
     46  2     A062 84   F0              ANDA #$F0
     47  2     A064 8A   02              ORA #$02
     48  2     A066 C6   2B              LDB #$2b
     49  5+1   A068 ED   E8 4F           STD 79,S
     50  5+1   A06B AE   E8 D9           LDX -39,S
     51  6+1   A06E 10AE E8 B1           LDY -79,S
     52  5+4   A072 36   30              PSHU Y,X
     53  5+1   A074 EC   E8 29           LDD 41,S
     54  5+1   A077 AE   E8 89           LDX -119,S
     55  6+1   A07A 10AE E8 51           LDY 81,S
     56  5+6   A07E 36   36              PSHU Y,X,D
     57  3     A080 CC   CDDB            LDD #$cddb
     58  5+1   A083 ED   E8 D9           STD -39,S
     59  5+1   A086 EC   E8 D7           LDD -41,S
     60  5+2   A089 36   06              PSHU D
     61  2     A08B 84   F0              ANDA #$F0
     62  2     A08D C4   F0              ANDB #$F0
     63  4     A08F C3   020B            ADDD #$020b
     64  5+1   A092 ED   E8 D7           STD -41,S
     65  3     A095 CC   DB1B            LDD #$db1b
     66  5+1   A098 ED   E8 51           STD 81,S
     67  3     A09B CC   BEBB            LDD #$bebb
     68  5+1   A09E ED   E8 B1           STD -79,S
     69  2     A0A1 86   B7              LDA #$b7
     70  5+1   A0A3 ED   E8 89           STD -119,S
     71  2     A0A6 86   DC              LDA #$dc
     72  5+1   A0A8 ED   E8 29           STD 41,S
     73  5+3   A0AB 35   12              PULS A,X
     74  5+5   A0AD 36   52              PSHU S,X,A
     75  2     A0AF 86   0B              LDA #$0b
     76  3     A0B1 8E   DDDB            LDX #$dddb
     77  5+3   A0B4 34   12              PSHS A,X
     78  4+1   A0B6 32   E8 77           LEAS 119,S
     79
     80  5+1   A0B9 EC   E8 28           LDD 40,S
     81  5+2   A0BC 36   06              PSHU D
     82  2     A0BE 84   F0              ANDA #$F0
     83  2     A0C0 C4   F0              ANDB #$F0
     84  4     A0C2 C3   020E            ADDD #$020e
     85  5+1   A0C5 ED   E8 28           STD 40,S
     86  5+1   A0C8 AE   E8 2A           LDX 42,S
     87  3     A0CB CC   BB1C            LDD #$bb1c
     88  5+1   A0CE ED   E8 2A           STD 42,S
     89  6+1   A0D1 10AE E8 52           LDY 82,S
     90  5+4   A0D5 36   30              PSHU Y,X
     91  3     A0D7 CC   8C1D            LDD #$8c1d
     92  5+1   A0DA ED   E8 52           STD 82,S
     93  5+4   A0DD 35   16              PULS D,X
     94  5+6   A0DF 36   56              PSHU S,X,D
     95  3     A0E1 CC   20EE            LDD #$20ee
     96  3     A0E4 8E   BB1B            LDX #$bb1b
     97  5+4   A0E7 34   16              PSHS D,X
     98  4+1   A0E9 32   E8 79           LEAS 121,S
     99
    100  5+3   A0EC 35   12              PULS A,X
    101  5+5   A0EE 36   52              PSHU S,X,A
    102  2     A0F0 86   8B              LDA #$8b
    103  3     A0F2 8E   77DD            LDX #$77dd
    104  5+3   A0F5 34   12              PSHS A,X
    105  4+1   A0F7 32   E8 28           LEAS 40,S
    106
    107  5+3   A0FA 35   12              PULS A,X
    108  5+5   A0FC 36   52              PSHU S,X,A
    109  2     A0FE 86   78              LDA #$78
    110  3     A100 8E   77B1            LDX #$77b1
    111  5+3   A103 34   12              PSHS A,X
    112  4+1   A105 32   E8 28           LEAS 40,S
    113
    114  5+1   A108 EC   E8 27           LDD 39,S
    115  5+2   A10B 36   06              PSHU D
    116  2     A10D 84   F0              ANDA #$F0
    117  2     A10F 8A   0B              ORA #$0b
    118  2     A111 C6   EB              LDB #$eb
    119  5+1   A113 ED   E8 27           STD 39,S
    120  5+1   A116 AE   E8 29           LDX 41,S
    121  3     A119 CC   8727            LDD #$8727
    122  5+1   A11C ED   E8 29           STD 41,S
    123  6+1   A11F 10AE E8 50           LDY 80,S
    124  5+4   A123 36   30              PSHU Y,X
    125  3     A125 CC   B868            LDD #$b868
    126  5+1   A128 ED   E8 50           STD 80,S
    127  5+1   A12B EC   E8 78           LDD 120,S
    128  5+2   A12E 36   06              PSHU D
    129  2     A130 86   B8              LDA #$b8
    130  2     A132 C4   0F              ANDB #$0F
    131  2     A134 CA   60              ORB #$60
    132  5+1   A136 ED   E8 78           STD 120,S
    133  4+1   A139 A6   E8 52           LDA 82,S
    134  5+1   A13C 36   02              PSHU A
    135  2     A13E 84   0F              ANDA #$0F
    136  2     A140 8A   30              ORA #$30
    137  4+1   A142 A7   E8 52           STA 82,S
    138  4+1   A145 A6   E8 7A           LDA 122,S
    139  5+1   A148 36   02              PSHU A
    140  2     A14A 84   0F              ANDA #$0F
    141  2     A14C 8A   40              ORA #$40
    142  4+1   A14E A7   E8 7A           STA 122,S
    143  5+3   A151 35   12              PULS A,X
    144  5+5   A153 36   52              PSHU S,X,A
    145  2     A155 86   E7              LDA #$e7
    146  3     A157 8E   7711            LDX #$7711
    147  5+3   A15A 34   12              PSHS A,X
    148  4+4   A15C 32   E9 00C9         LEAS 201,S
    149
    150  5+1   A160 EC   E8 26           LDD 38,S
    151  5+2   A163 36   06              PSHU D
    152  2     A165 84   F0              ANDA #$F0
    153  2     A167 8A   0B              ORA #$0b
    154  2     A169 C6   4B              LDB #$4b
    155  5+1   A16B ED   E8 26           STD 38,S
    156  4+1   A16E A6   E8 28           LDA 40,S
    157  4+1   A171 E6   61              LDB 1,S
    158  5+2   A173 36   06              PSHU B,A
    159  2     A175 C4   0F              ANDB #$0F
    160  2     A177 CA   30              ORB #$30
    161  4+1   A179 E7   61              STB 1,S
    162  5+1   A17B EC   E8 D7           LDD -41,S
    163  5+2   A17E 36   06              PSHU D
    164  2     A180 86   E8              LDA #$e8
    165  2     A182 C4   0F              ANDB #$0F
    166  2     A184 CA   B0              ORB #$b0
    167  5+1   A186 ED   E8 D7           STD -41,S
    168  5+1   A189 EC   7F              LDD -1,S
    169  5+4   A18B 36   46              PSHU S,D
    170  2     A18D 86   B8              LDA #$b8
    171  2     A18F C4   0F              ANDB #$0F
    172  2     A191 CA   80              ORB #$80
    173  5+1   A193 ED   7F              STD -1,S
    174  2     A195 86   61              LDA #$61
    175  4+1   A197 A7   E8 28           STA 40,S
    176  4+4   A19A 32   E9 00C7         LEAS 199,S
    177
    178  5+1   A19E EC   E8 88           LDD -120,S
    179  5+2   A1A1 36   06              PSHU D
    180  2     A1A3 84   F0              ANDA #$F0
    181  2     A1A5 C4   F0              ANDB #$F0
    182  4     A1A7 C3   0403            ADDD #$0403
    183  5+1   A1AA ED   E8 88           STD -120,S
    184  5+1   A1AD EC   E8 4F           LDD 79,S
    185  5+2   A1B0 36   06              PSHU D
    186  2     A1B2 84   F0              ANDA #$F0
    187  2     A1B4 C4   0F              ANDB #$0F
    188  4     A1B6 C3   06E0            ADDD #$06e0
    189  5+1   A1B9 ED   E8 4F           STD 79,S
    190  5+1   A1BC EC   E8 77           LDD 119,S
    191  5+2   A1BF 36   06              PSHU D
    192  2     A1C1 84   F0              ANDA #$F0
    193  2     A1C3 C4   0F              ANDB #$0F
    194  4     A1C5 C3   0440            ADDD #$0440
    195  5+1   A1C8 ED   E8 77           STD 119,S
    196  5+1   A1CB EC   E8 51           LDD 81,S
    197  5+2   A1CE 36   06              PSHU D
    198  2     A1D0 86   15              LDA #$15
    199  2     A1D2 C4   0F              ANDB #$0F
    200  2     A1D4 CA   40              ORB #$40
    201  5+1   A1D6 ED   E8 51           STD 81,S
    202  4+1   A1D9 A6   E8 79           LDA 121,S
    203  4+1   A1DC E6   E8 B0           LDB -80,S
    204  5+2   A1DF 36   06              PSHU B,A
    205  2     A1E1 C4   F0              ANDB #$F0
    206  2     A1E3 CA   04              ORB #$04
    207  4+1   A1E5 E7   E8 B0           STB -80,S
    208  4+1   A1E8 A6   E8 D8           LDA -40,S
    209  5+1   A1EB 36   02              PSHU A
    210  2     A1ED 84   F0              ANDA #$F0
    211  2     A1EF 8A   0E              ORA #$0e
    212  4+1   A1F1 A7   E8 D8           STA -40,S
    213  4+1   A1F4 A6   E8 2A           LDA 42,S
    214  5+1   A1F7 36   02              PSHU A
    215  2     A1F9 84   0F              ANDA #$0F
    216  2     A1FB 8A   60              ORA #$60
    217  4+1   A1FD A7   E8 2A           STA 42,S
    218  5+1   A200 EC   E8 28           LDD 40,S
    219  5+2   A203 36   06              PSHU D
    220  2     A205 84   0F              ANDA #$0F
    221  2     A207 8A   E0              ORA #$e0
    222  2     A209 C6   55              LDB #$55
    223  5+1   A20B ED   E8 28           STD 40,S
    224  2     A20E 86   54              LDA #$54
    225  4+1   A210 A7   E8 79           STA 121,S
    226  4+1   A213 A6   E8 DA           LDA -38,S
    227  4+1   A216 E7   E8 DA           STB -38,S
    228  5+3   A219 35   14              PULS B,X
    229  5+6   A21B 36   56              PSHU S,X,B,A
    230  2     A21D 86   EE              LDA #$ee
    231  3     A21F 8E   0044            LDX #$0044
    232  5+3   A222 34   12              PSHS A,X
    233  4+4   A224 32   E9 0118         LEAS 280,S
    234
    235  4+1   A228 A6   E8 D9           LDA -39,S
    236  4+1   A22B E6   E8 B1           LDB -79,S
    237  5+2   A22E 36   06              PSHU B,A
    238  2     A230 86   66              LDA #$66
    239  4+1   A232 A7   E8 B1           STA -79,S
    240  4+1   A235 A6   E8 78           LDA 120,S
    241  4+0   A238 E6   E4              LDB ,S
    242  5+2   A23A 36   06              PSHU B,A
    243  5+1   A23C EC   E8 87           LDD -121,S
    244  5+2   A23F 36   06              PSHU D
    245  2     A241 84   F0              ANDA #$F0
    246  2     A243 C4   0F              ANDB #$0F
    247  4     A245 C3   0400            ADDD #$0400
    248  5+1   A248 ED   E8 87           STD -121,S
    249  5+1   A24B EC   E8 AF           LDD -81,S
    250  5+2   A24E 36   06              PSHU D
    251  2     A250 84   F0              ANDA #$F0
    252  2     A252 C4   0F              ANDB #$0F
    253  4     A254 C3   0460            ADDD #$0460
    254  5+1   A257 ED   E8 AF           STD -81,S
    255  5+1   A25A EC   E8 D7           LDD -41,S
    256  5+2   A25D 36   06              PSHU D
    257  2     A25F 84   F0              ANDA #$F0
    258  2     A261 C4   0F              ANDB #$0F
    259  4     A263 C3   0400            ADDD #$0400
    260  5+1   A266 ED   E8 D7           STD -41,S
    261  4+1   A269 A6   E8 50           LDA 80,S
    262  4+1   A26C E6   E8 89           LDB -119,S
    263  5+2   A26F 36   06              PSHU B,A
    264  2     A271 86   44              LDA #$44
    265  4+1   A273 A7   E8 D9           STA -39,S
    266  4+1   A276 A7   E8 78           STA 120,S
    267  4+1   A279 A6   E8 28           LDA 40,S
    268  5+3   A27C 36   42              PSHU S,A
    269  2     A27E 86   46              LDA #$46
    270  4+1   A280 A7   E8 89           STA -119,S
    271  2     A283 86   65              LDA #$65
    272  4+0   A285 A7   E4              STA ,S
    273  4+1   A287 A7   E8 28           STA 40,S
    274  4+1   A28A A7   E8 50           STA 80,S
    275        A28D               DYN_POS
    276
    277  4     A28D 10CE 0000            LDS #$0000
    278  4+4   A291 32   E9 0338         LEAS 824,S
    279
    280  5+1   A295 EC   E8 C3           LDD -61,S
    281  5+2   A298 36   06              PSHU D
    282  2     A29A 86   BB              LDA #$bb
    283  2     A29C C4   0F              ANDB #$0F
    284  2     A29E CA   B0              ORB #$b0
    285  5+1   A2A0 ED   E8 C3           STD -61,S
    286  4+1   A2A3 A6   E8 9B           LDA -101,S
    287  5+1   A2A6 36   02              PSHU A
    288  5+1   A2A8 EC   E8 EB           LDD -21,S
    289  5+2   A2AB 36   06              PSHU D
    290  2     A2AD 84   F0              ANDA #$F0
    291  2     A2AF 8A   0B              ORA #$0b
    292  2     A2B1 C6   BB              LDB #$bb
    293  5+1   A2B3 ED   E8 EB           STD -21,S
    294  5+1   A2B6 EC   E8 13           LDD 19,S
    295  5+2   A2B9 36   06              PSHU D
    296  2     A2BB 84   F0              ANDA #$F0
    297  2     A2BD 8A   0B              ORA #$0b
    298  2     A2BF C6   BB              LDB #$bb
    299  5+1   A2C1 ED   E8 13           STD 19,S
    300  4+1   A2C4 E7   E8 9B           STB -101,S
    301  4+1   A2C7 A6   E8 3C           LDA 60,S
    302  4+1   A2CA E6   E8 64           LDB 100,S
    303  5+4   A2CD 36   46              PSHU S,B,A
    304  2     A2CF 86   DB              LDA #$db
    305  4+1   A2D1 A7   E8 3C           STA 60,S
    306  2     A2D4 86   EB              LDA #$eb
    307  4+1   A2D6 A7   E8 64           STA 100,S
    308  4+4   A2D9 32   E9 0102         LEAS 258,S
    309
    310  5+1   A2DD AE   E8 89           LDX -119,S
    311  6+1   A2E0 10AE E8 B1           LDY -79,S
    312  5+4   A2E4 36   30              PSHU Y,X
    313  5+1   A2E6 EC   E8 D8           LDD -40,S
    314  5+2   A2E9 36   06              PSHU D
    315  2     A2EB 84   0F              ANDA #$0F
    316  2     A2ED 8A   00              ORA #$00
    317  2     A2EF C6   EC              LDB #$ec
    318  5+1   A2F1 ED   E8 D8           STD -40,S
    319  3     A2F4 CC   BBBB            LDD #$bbbb
    320  5+1   A2F7 ED   E8 89           STD -119,S
    321  2     A2FA 86   EB              LDA #$eb
    322  5+1   A2FC ED   E8 B1           STD -79,S
    323  4+1   A2FF A6   E8 DA           LDA -38,S
    324  4+1   A302 E7   E8 DA           STB -38,S
    325  5+4   A305 35   30              PULS X,Y
    326  5+7   A307 36   72              PSHU S,Y,X,A
    327  3     A309 CC   12EC            LDD #$12ec
    328  3     A30C 8E   B1EE            LDX #$b1ee
    329  5+4   A30F 34   16              PSHS D,X
    330  4+1   A311 32   E8 28           LEAS 40,S
    331
    332  5+4   A314 35   30              PULS X,Y
    333  5+6   A316 36   70              PSHU S,Y,X
    334  3     A318 CC   20BC            LDD #$20bc
    335  3     A31B 8E   B0EE            LDX #$b0ee
    336  5+4   A31E 34   16              PSHS D,X
    337  4+1   A320 32   E8 28           LEAS 40,S
    338
    339  4+1   A323 A6   63              LDA 3,S
    340  5+1   A325 36   02              PSHU A
    341  2     A327 84   0F              ANDA #$0F
    342  2     A329 8A   E0              ORA #$e0
    343  4+1   A32B A7   63              STA 3,S
    344  5+3   A32D 35   12              PULS A,X
    345  5+5   A32F 36   52              PSHU S,X,A
    346  2     A331 86   11              LDA #$11
    347  3     A333 8E   BB00            LDX #$bb00
    348  5+3   A336 34   12              PSHS A,X
    349  4+1   A338 32   E8 28           LEAS 40,S
    350
    351  4+1   A33B A6   63              LDA 3,S
    352  5+1   A33D 36   02              PSHU A
    353  2     A33F 84   0F              ANDA #$0F
    354  2     A341 8A   B0              ORA #$b0
    355  4+1   A343 A7   63              STA 3,S
    356  5+3   A345 35   12              PULS A,X
    357  5+5   A347 36   52              PSHU S,X,A
    358  2     A349 86   12              LDA #$12
    359  3     A34B 8E   BB00            LDX #$bb00
    360  5+3   A34E 34   12              PSHS A,X
    361  4+1   A350 32   E8 28           LEAS 40,S
    362
    363  5+1   A353 AE   E8 29           LDX 41,S
    364  5+2   A356 36   10              PSHU X
    365  4+1   A358 A6   63              LDA 3,S
    366  5+1   A35A 36   02              PSHU A
    367  2     A35C 84   0F              ANDA #$0F
    368  2     A35E 8A   B0              ORA #$b0
    369  4+1   A360 A7   63              STA 3,S
    370  4+1   A362 A6   E8 2B           LDA 43,S
    371  5+1   A365 36   02              PSHU A
    372  2     A367 84   0F              ANDA #$0F
    373  2     A369 8A   B0              ORA #$b0
    374  4+1   A36B A7   E8 2B           STA 43,S
    375  5+1   A36E EC   E8 50           LDD 80,S
    376  5+2   A371 36   06              PSHU D
    377  2     A373 84   F0              ANDA #$F0
    378  2     A375 8A   0B              ORA #$0b
    379  2     A377 C6   B6              LDB #$b6
    380  5+1   A379 ED   E8 50           STD 80,S
    381  3     A37C CC   B804            LDD #$b804
    382  5+1   A37F ED   E8 29           STD 41,S
    383  4+1   A382 A6   E8 52           LDA 82,S
    384  4+1   A385 E7   E8 52           STB 82,S
    385  5+3   A388 35   14              PULS B,X
    386  5+6   A38A 36   56              PSHU S,X,B,A
    387  2     A38C 86   23              LDA #$23
    388  3     A38E 8E   BB00            LDX #$bb00
    389  5+3   A391 34   12              PSHS A,X
    390  4+1   A393 32   E8 78           LEAS 120,S
    391
    392  5+3   A396 35   12              PULS A,X
    393  5+5   A398 36   52              PSHU S,X,A
    394  2     A39A 86   BE              LDA #$be
    395  3     A39C 8E   B674            LDX #$b674
    396  5+3   A39F 34   12              PSHS A,X
    397  4+1   A3A1 32   E8 28           LEAS 40,S
    398
    399  4+1   A3A4 A6   E8 79           LDA 121,S
    400  5+1   A3A7 AE   E8 29           LDX 41,S
    401  6+1   A3AA 10AE E8 51           LDY 81,S
    402  5+5   A3AE 36   32              PSHU Y,X,A
    403  3     A3B0 CC   7778            LDD #$7778
    404  5+1   A3B3 ED   E8 29           STD 41,S
    405  4+1   A3B6 A7   E8 79           STA 121,S
    406  3     A3B9 CC   0788            LDD #$0788
    407  5+1   A3BC ED   E8 51           STD 81,S
    408  5+3   A3BF 35   12              PULS A,X
    409  5+5   A3C1 36   52              PSHU S,X,A
    410  2     A3C3 86   BE              LDA #$be
    411  3     A3C5 8E   8872            LDX #$8872
    412  5+3   A3C8 34   12              PSHS A,X
    413  4+4   A3CA 32   E9 0119         LEAS 281,S
    414
    415  5+0   A3CE EC   E4              LDD ,S
    416  5+2   A3D0 36   06              PSHU D
    417  2     A3D2 84   0F              ANDA #$0F
    418  2     A3D4 C4   0F              ANDB #$0F
    419  4     A3D6 C3   B030            ADDD #$b030
    420  5+0   A3D9 ED   E4              STD ,S
    421  5+1   A3DB EC   E8 28           LDD 40,S
    422  5+2   A3DE 36   06              PSHU D
    423  2     A3E0 84   F0              ANDA #$F0
    424  2     A3E2 C4   F0              ANDB #$F0
    425  4     A3E4 C3   0D05            ADDD #$0d05
    426  5+1   A3E7 ED   E8 28           STD 40,S
    427  5+1   A3EA EC   E8 AF           LDD -81,S
    428  5+2   A3ED 36   06              PSHU D
    429  2     A3EF 86   BE              LDA #$be
    430  2     A3F1 C4   0F              ANDB #$0F
    431  2     A3F3 CA   80              ORB #$80
    432  5+1   A3F5 ED   E8 AF           STD -81,S
    433  5+1   A3F8 EC   E8 77           LDD 119,S
    434  5+2   A3FB 36   06              PSHU D
    435  2     A3FD 86   14              LDA #$14
    436  2     A3FF C4   F0              ANDB #$F0
    437  2     A401 CA   01              ORB #$01
    438  5+1   A403 ED   E8 77           STD 119,S
    439  4+1   A406 A6   E8 B1           LDA -79,S
    440  5+1   A409 AE   E8 87           LDX -121,S
    441  5+3   A40C 36   12              PSHU X,A
    442  5+1   A40E EC   E8 D8           LDD -40,S
    443  5+2   A411 36   06              PSHU D
    444  2     A413 84   0F              ANDA #$0F
    445  2     A415 8A   D0              ORA #$d0
    446  2     A417 C6   11              LDB #$11
    447  5+1   A419 ED   E8 D8           STD -40,S
    448  5+1   A41C EC   E8 50           LDD 80,S
    449  5+2   A41F 36   06              PSHU D
    450  2     A421 84   F0              ANDA #$F0
    451  2     A423 8A   01              ORA #$01
    452  2     A425 C6   55              LDB #$55
    453  5+1   A427 ED   E8 50           STD 80,S
    454  2     A42A 86   13              LDA #$13
    455  4+1   A42C A7   E8 B1           STA -79,S
    456  4+1   A42F A6   E8 79           LDA 121,S
    457  4+1   A432 E6   E8 89           LDB -119,S
    458  5+4   A435 36   46              PSHU S,B,A
    459  2     A437 C4   F0              ANDB #$F0
    460  2     A439 CA   01              ORB #$01
    461  4+1   A43B E7   E8 89           STB -119,S
    462  2     A43E 86   54              LDA #$54
    463  4+1   A440 A7   E8 79           STA 121,S
    464  3     A443 CC   BE7B            LDD #$be7b
    465  5+1   A446 ED   E8 87           STD -121,S
    466  4+4   A449 32   E9 0117         LEAS 279,S
    467
    468  4+1   A44D A6   E8 50           LDA 80,S
    469  4+1   A450 E6   E8 28           LDB 40,S
    470  5+2   A453 36   06              PSHU B,A
    471  2     A455 86   61              LDA #$61
    472  4+1   A457 A7   E8 28           STA 40,S
    473  4+1   A45A A7   E8 50           STA 80,S
    474  4+1   A45D A6   E8 8A           LDA -118,S
    475  4+1   A460 E6   E8 DA           LDB -38,S
    476  5+2   A463 36   06              PSHU B,A
    477  5+1   A465 EC   E8 88           LDD -120,S
    478  5+2   A468 36   06              PSHU D
    479  2     A46A 86   14              LDA #$14
    480  2     A46C C4   F0              ANDB #$F0
    481  2     A46E CA   06              ORB #$06
    482  5+1   A470 ED   E8 88           STD -120,S
    483  5+1   A473 EC   E8 B0           LDD -80,S
    484  5+2   A476 36   06              PSHU D
    485  2     A478 86   61              LDA #$61
    486  2     A47A C4   F0              ANDB #$F0
    487  2     A47C CA   06              ORB #$06
    488  5+1   A47E ED   E8 B0           STD -80,S
    489  5+1   A481 EC   E8 D8           LDD -40,S
    490  5+2   A484 36   06              PSHU D
    491  2     A486 86   61              LDA #$61
    492  2     A488 C4   F0              ANDB #$F0
    493  2     A48A CA   05              ORB #$05
    494  5+1   A48C ED   E8 D8           STD -40,S
    495  5+0   A48F EC   E4              LDD ,S
    496  5+2   A491 36   06              PSHU D
    497  2     A493 86   66              LDA #$66
    498  2     A495 C4   F0              ANDB #$F0
    499  2     A497 CA   04              ORB #$04
    500  5+0   A499 ED   E4              STD ,S
    501  5+1   A49B EC   E8 78           LDD 120,S
    502  5+2   A49E 36   06              PSHU D
    503  2     A4A0 86   46              LDA #$46
    504  2     A4A2 C4   0F              ANDB #$0F
    505  2     A4A4 CA   50              ORB #$50
    506  5+1   A4A6 ED   E8 78           STD 120,S
    507  4+1   A4A9 A6   E8 B2           LDA -78,S
    508  4+1   A4AC E6   62              LDB 2,S
    509  5+4   A4AE 36   46              PSHU S,B,A
    510  2     A4B0 C4   0F              ANDB #$0F
    511  2     A4B2 CA   40              ORB #$40
    512  4+1   A4B4 E7   62              STB 2,S
    513  2     A4B6 86   64              LDA #$64
    514  4+1   A4B8 A7   E8 DA           STA -38,S
    515  2     A4BB 86   66              LDA #$66
    516  4+1   A4BD A7   E8 8A           STA -118,S
    517  4+1   A4C0 A7   E8 B2           STA -78,S
    518  4+4   A4C3 32   E9 00B5         LEAS 181,S
    519
    520  5+1   A4C7 EC   E8 EB           LDD -21,S
    521  5+2   A4CA 36   06              PSHU D
    522  2     A4CC 84   F0              ANDA #$F0
    523  2     A4CE C4   0F              ANDB #$0F
    524  4     A4D0 C3   0450            ADDD #$0450
    525  5+1   A4D3 ED   E8 EB           STD -21,S
    526  4+1   A4D6 A6   E8 14           LDA 20,S
    527  5+3   A4D9 36   42              PSHU S,A
    528  2     A4DB 84   0F              ANDA #$0F
    529  2     A4DD 8A   40              ORA #$40
    530  4+1   A4DF A7   E8 14           STA 20,S
    531        A4E2               SSAV_Img_Sonic_204
    532  4     A4E2 10CE 0000            LDS #$0000
    533  5     A4E6 39                   RTS
    534

000000 Total Errors

000003 Total Symbols
     0x          Label A000 BCKDRAW_Img_Sonic_204
     1x          Label A28D DYN_POS
     1x          Label A4E2 SSAV_Img_Sonic_204

