/*--------------------------------------------------------------*
 * Compilé avec C6809 v0.83                                     *
 *--------------------------------------------------------------*
 * Fichier source      : ./Sonic2/GeneratedCode/Img_Sonic_028_Erase.ASM
 * Fichier destination : ./Sonic2/GeneratedCode/Img_Sonic_028_Erase.BIN
 * Contenu :
 *     Main     0:IMGE.ASM     2291
 *--------------------------------------------------------------*/

Macro Pass
Pass1
Pass2
      2        A000                      ORG $A000
      3                  FF              SETDP $FF
      4        A000               ERASE_Img_Sonic_028
      5  6+5   A000 10EF 8D 0193         STS ERASE_SSAV_Img_Sonic_028+2,PCR>>
      6
      7        A005               ERASE_CODE_Img_Sonic_028_1
      8  5+4   A005 37   46              PULU A,B,S
      9  4+0   A007 A7   E4              STA ,S
     10  4+1   A009 E7   E8 28           STB 40,S
     11
     12  5+2   A00C 37   06              PULU D
     13  5+1   A00E ED   E8 D8           STD -40,S
     14
     15  5+4   A011 37   46              PULU D,S
     16  5+1   A013 ED   E8 78           STD 120,S
     17
     18  5+4   A016 37   16              PULU D,X
     19  5+1   A018 ED   E8 28           STD 40,S
     20  5+1   A01B AF   E8 50           STX 80,S
     21
     22  5+2   A01E 37   06              PULU A,B
     23  4+1   A020 A7   E8 D8           STA -40,S
     24  4+1   A023 E7   E8 B0           STB -80,S
     25
     26  5+3   A026 37   12              PULU A,X
     27  4+1   A028 A7   E8 88           STA -120,S
     28  5+0   A02B AF   E4              STX ,S
     29
     30  5+3   A02D 37   42              PULU A,S
     31  4+1   A02F A7   E8 52           STA 82,S
     32
     33  5+6   A032 37   36              PULU D,X,Y
     34  5+1   A034 ED   E8 28           STD 40,S
     35  5+0   A037 AF   E4              STX ,S
     36  6+1   A039 10AF E8 D8           STY -40,S
     37
     38  5+2   A03D 37   06              PULU D
     39  5+1   A03F ED   E8 B0           STD -80,S
     40
     41  5+6   A042 37   36              PULU A,B,X,Y
     42  4+1   A044 A7   E8 B2           STA -78,S
     43  4+1   A047 E7   E8 8A           STB -118,S
     44  5+1   A04A AF   E8 78           STX 120,S
     45  6+1   A04D 10AF E8 50           STY 80,S
     46
     47  5+6   A051 37   36              PULU A,B,X,Y
     48  4+1   A053 A7   62              STA 2,S
     49  4+1   A055 E7   E8 2A           STB 42,S
     50  5+1   A058 AF   E8 88           STX -120,S
     51  6+1   A05B 10AF E8 DA           STY -38,S
     52
     53  5+5   A05F 37   52              PULU A,X,S
     54  5+3   A061 34   12              PSHS A,X
     55
     56  5+4   A063 37   16              PULU D,X
     57  5+1   A065 ED   E8 50           STD 80,S
     58  5+1   A068 AF   E8 28           STX 40,S
     59
     60  5+4   A06B 37   16              PULU A,B,X
     61  4+1   A06D A7   E8 2A           STA 42,S
     62  4+1   A070 E7   E8 52           STB 82,S
     63  5+1   A073 AF   E8 79           STX 121,S
     64
     65  5+5   A076 37   52              PULU A,X,S
     66  5+3   A078 34   12              PSHS A,X
     67
     68  5+5   A07A 37   52              PULU A,X,S
     69  5+3   A07C 34   12              PSHS A,X
     70
     71  5+5   A07E 37   52              PULU A,X,S
     72  5+3   A080 34   12              PSHS A,X
     73
     74  5+5   A082 37   52              PULU A,X,S
     75  5+3   A084 34   12              PSHS A,X
     76
     77  5+5   A086 37   52              PULU A,X,S
     78  5+3   A088 34   12              PSHS A,X
     79
     80  5+6   A08A 37   36              PULU D,X,Y
     81  5+1   A08C ED   E8 79           STD 121,S
     82  5+1   A08F AF   E8 51           STX 81,S
     83  6+1   A092 10AF E8 29           STY 41,S
     84
     85  5+6   A096 37   36              PULU D,X,Y
     86  5+1   A098 ED   E8 77           STD 119,S
     87  5+1   A09B AF   E8 4F           STX 79,S
     88  6+1   A09E 10AF E8 27           STY 39,S
     89
     90  5+5   A0A2 37   52              PULU A,X,S
     91  5+3   A0A4 34   12              PSHS A,X
     92
     93  5+5   A0A6 37   52              PULU A,X,S
     94  5+3   A0A8 34   12              PSHS A,X
     95
     96  5+5   A0AA 37   52              PULU A,X,S
     97  5+3   A0AC 34   12              PSHS A,X
     98
     99  5+6   A0AE 37   36              PULU D,X,Y
    100  5+1   A0B0 ED   E8 B0           STD -80,S
    101  5+1   A0B3 AF   E8 D8           STX -40,S
    102  6+1   A0B6 10AF E8 88           STY -120,S
    103
    104  5+4   A0BA 37   46              PULU A,B,S
    105  4+0   A0BC A7   E4              STA ,S
    106  4+1   A0BE E7   E8 D8           STB -40,S
    107
    108  5+2   A0C1 37   06              PULU D
    109  5+1   A0C3 ED   E8 27           STD 39,S
    110
    111  5+4   A0C6 37   46              PULU D,S
    112  5+1   A0C8 ED   E8 3C           STD 60,S
    113
    114  5+6   A0CB 37   36              PULU D,X,Y
    115  5+1   A0CD ED   E8 14           STD 20,S
    116  5+1   A0D0 AF   E8 C4           STX -60,S
    117  6+1   A0D3 10AF E8 EC           STY -20,S
    118
    119  5+6   A0D7 37   56              PULU D,X,S
    120  5+1   A0D9 ED   E8 50           STD 80,S
    121  5+1   A0DC AF   E8 78           STX 120,S
    122
    123  5+2   A0DF 37   06              PULU A,B
    124  4+0   A0E1 A7   E4              STA ,S
    125  4+1   A0E3 E7   E8 D8           STB -40,S
    126
    127  5+4   A0E6 37   16              PULU A,B,X
    128  4+1   A0E8 A7   E8 B0           STA -80,S
    129  4+1   A0EB E7   E8 88           STB -120,S
    130  5+1   A0EE AF   E8 28           STX 40,S
    131
    132  5+6   A0F1 37   56              PULU D,X,S
    133  5+4   A0F3 34   16              PSHS D,X
    134
    135  5+6   A0F5 37   36              PULU D,X,Y
    136  5+1   A0F7 ED   E8 52           STD 82,S
    137  5+1   A0FA AF   E8 50           STX 80,S
    138  6+1   A0FD 10AF E8 2A           STY 42,S
    139
    140  5+4   A101 37   16              PULU D,X
    141  5+1   A103 ED   E8 79           STD 121,S
    142  5+1   A106 AF   E8 28           STX 40,S
    143
    144  5+5   A109 37   52              PULU A,X,S
    145  5+3   A10B 34   12              PSHS A,X
    146
    147  5+6   A10D 37   36              PULU D,X,Y
    148  5+1   A10F ED   E8 D7           STD -41,S
    149  5+1   A112 AF   E8 AF           STX -81,S
    150  6+1   A115 10AF E8 B1           STY -79,S
    151
    152  5+2   A119 37   06              PULU D
    153  5+1   A11B ED   E8 D9           STD -39,S
    154
    155  5+5   A11E 37   32              PULU A,X,Y
    156  4+1   A120 A7   63              STA 3,S
    157  5+1   A122 AF   E8 89           STX -119,S
    158  6+1   A125 10AF E8 87           STY -121,S
    159
    160  5+4   A129 37   46              PULU D,S
    161  5+1   A12B ED   E8 EA           STD -22,S
    162
    163  5+4   A12E 37   16              PULU D,X
    164  5+1   A130 ED   E8 C3           STD -61,S
    165  5+1   A133 AF   E8 3C           STX 60,S
    166
    167  5+5   A136 37   32              PULU A,X,Y
    168  4+1   A138 A7   E8 C5           STA -59,S
    169  5+1   A13B AF   E8 3A           STX 58,S
    170  6+1   A13E 10AF E8 12           STY 18,S
    171
    172  5+4   A142 37   16              PULU D,X
    173  5+1   A144 ED   E8 EC           STD -20,S
    174  5+1   A147 AF   E8 14           STX 20,S
    175
    176  5+6   A14A 37   56              PULU A,B,X,S
    177  5+3   A14C 34   14              PSHS B,X
    178  4+1   A14E A7   E8 2A           STA 42,S
    179
    180  5+2   A151 37   06              PULU D
    181  5+1   A153 ED   E8 28           STD 40,S
    182
    183  5+6   A156 37   36              PULU A,B,X,Y
    184  4+1   A158 A7   E8 7B           STA 123,S
    185  4+1   A15B E7   E8 53           STB 83,S
    186  5+1   A15E AF   E8 51           STX 81,S
    187  6+1   A161 10AF E8 79           STY 121,S
    188
    189  5+5   A165 37   52              PULU A,X,S
    190  5+3   A167 34   12              PSHS A,X
    191
    192  5+5   A169 37   52              PULU A,X,S
    193  5+3   A16B 34   12              PSHS A,X
    194
    195  5+5   A16D 37   52              PULU A,X,S
    196  5+3   A16F 34   12              PSHS A,X
    197
    198  5+5   A171 37   52              PULU A,X,S
    199  5+3   A173 34   12              PSHS A,X
    200
    201  5+6   A175 37   36              PULU A,B,X,Y
    202  4+1   A177 A7   E8 B2           STA -78,S
    203  4+1   A17A E7   E8 DA           STB -38,S
    204  5+1   A17D AF   E8 89           STX -119,S
    205  6+1   A180 10AF E8 D8           STY -40,S
    206
    207  5+2   A184 37   06              PULU D
    208  5+1   A186 ED   E8 B0           STD -80,S
    209
    210  5+3   A189 37   42              PULU A,S
    211  4+1   A18B A7   E8 D8           STA -40,S
    212
    213  5+4   A18E 37   16              PULU D,X
    214  5+1   A190 ED   E8 28           STD 40,S
    215  5+0   A193 AF   E4              STX ,S
    216
    217        A195               ERASE_SSAV_Img_Sonic_028
    218  4     A195 10CE 0000            LDS #$0000
    219  5     A199 39                   RTS
    220

000000 Total Errors

000003 Total Symbols
     0x          Label A005 ERASE_CODE_Img_Sonic_028_1
     0x          Label A000 ERASE_Img_Sonic_028
     1x          Label A195 ERASE_SSAV_Img_Sonic_028

