/*--------------------------------------------------------------*
 * Compilé avec C6809 v0.83                                     *
 *--------------------------------------------------------------*
 * Fichier source      : ./Sonic2/GeneratedCode/Img_TitleScreen_SonicHand_BckDraw.ASM
 * Fichier destination : ./Sonic2/GeneratedCode/Img_TitleScreen_SonicHand_BckDraw.BIN
 * Contenu :
 *     Main     0:IMGD.ASM     7109
 *--------------------------------------------------------------*/

Macro Pass
Pass1
Pass2
      2        A000                      ORG $A000
      3                  FF              SETDP $FF
      4        A000               BCKDRAW_Img_TitleScreen_SonicHand
      5  6+5   A000 10EF 8D 054B         STS SSAV_Img_TitleScreen_SonicHand>>
      6
      7  5+5   A005 ED   8D 02DD         STD DYN_POS+2,PCR
      8  6+0   A009 10EE A4              LDS ,Y
      9  4+4   A00C 32   E9 0F0F         LEAS 3855,S
     10
     11  4+0   A010 A6   E4              LDA ,S
     12  5+3   A012 36   42              PSHU S,A
     13  2     A014 84   0F              ANDA #$0F
     14  2     A016 8A   10              ORA #$10
     15  4+0   A018 A7   E4              STA ,S
     16  4+4   A01A 32   E9 009F         LEAS 159,S
     17
     18  4+1   A01E A6   E8 89           LDA -119,S
     19  5+1   A021 AE   E8 D8           LDX -40,S
     20  5+3   A024 36   12              PSHU X,A
     21  2     A026 86   01              LDA #$01
     22  4+1   A028 A7   E8 89           STA -119,S
     23  4+1   A02B A6   E8 8B           LDA -117,S
     24  5+1   A02E 36   02              PSHU A
     25  2     A030 84   0F              ANDA #$0F
     26  2     A032 8A   10              ORA #$10
     27  4+1   A034 A7   E8 8B           STA -117,S
     28  4+1   A037 A6   E8 B3           LDA -77,S
     29  5+1   A03A 36   02              PSHU A
     30  2     A03C 84   0F              ANDA #$0F
     31  2     A03E 8A   00              ORA #$00
     32  4+1   A040 A7   E8 B3           STA -77,S
     33  4+1   A043 A6   63              LDA 3,S
     34  5+1   A045 36   02              PSHU A
     35  2     A047 84   0F              ANDA #$0F
     36  2     A049 8A   00              ORA #$00
     37  4+1   A04B A7   63              STA 3,S
     38  5+1   A04D EC   E8 DA           LDD -38,S
     39  5+2   A050 36   06              PSHU D
     40  2     A052 84   F0              ANDA #$F0
     41  2     A054 C4   0F              ANDB #$0F
     42  4     A056 C3   0100            ADDD #$0100
     43  5+1   A059 ED   E8 DA           STD -38,S
     44  3     A05C CC   00A0            LDD #$00a0
     45  5+1   A05F ED   E8 D8           STD -40,S
     46  4+1   A062 A6   E8 B1           LDA -79,S
     47  4+1   A065 E7   E8 B1           STB -79,S
     48  5+3   A068 35   14              PULS B,X
     49  5+6   A06A 36   56              PSHU S,X,B,A
     50  2     A06C 86   00              LDA #$00
     51  3     A06E 8E   AA1A            LDX #$aa1a
     52  5+3   A071 34   12              PSHS A,X
     53  4+1   A073 32   E8 28           LEAS 40,S
     54
     55  4+1   A076 A6   63              LDA 3,S
     56  5+1   A078 36   02              PSHU A
     57  2     A07A 84   0F              ANDA #$0F
     58  2     A07C 8A   10              ORA #$10
     59  4+1   A07E A7   63              STA 3,S
     60  5+3   A080 35   12              PULS A,X
     61  5+5   A082 36   52              PSHU S,X,A
     62  2     A084 86   A0              LDA #$a0
     63  3     A086 8E   AA1A            LDX #$aa1a
     64  5+3   A089 34   12              PSHS A,X
     65  4+1   A08B 32   E8 28           LEAS 40,S
     66
     67  5+3   A08E 35   12              PULS A,X
     68  5+5   A090 36   52              PSHU S,X,A
     69  2     A092 86   AA              LDA #$aa
     70  3     A094 8E   AAA0            LDX #$aaa0
     71  5+3   A097 34   12              PSHS A,X
     72  4+1   A099 32   E8 28           LEAS 40,S
     73
     74  5+3   A09C 35   12              PULS A,X
     75  5+5   A09E 36   52              PSHU S,X,A
     76  2     A0A0 86   AA              LDA #$aa
     77  3     A0A2 8E   AA10            LDX #$aa10
     78  5+3   A0A5 34   12              PSHS A,X
     79  4+1   A0A7 32   E8 28           LEAS 40,S
     80
     81  5+3   A0AA 35   12              PULS A,X
     82  5+5   A0AC 36   52              PSHU S,X,A
     83  2     A0AE 86   AA              LDA #$aa
     84  3     A0B0 8E   AA10            LDX #$aa10
     85  5+3   A0B3 34   12              PSHS A,X
     86  4+1   A0B5 32   E8 28           LEAS 40,S
     87
     88  5+3   A0B8 35   12              PULS A,X
     89  5+5   A0BA 36   52              PSHU S,X,A
     90  2     A0BC 86   AA              LDA #$aa
     91  3     A0BE 8E   AA10            LDX #$aa10
     92  5+3   A0C1 34   12              PSHS A,X
     93  4+1   A0C3 32   E8 28           LEAS 40,S
     94
     95  5+3   A0C6 35   12              PULS A,X
     96  5+5   A0C8 36   52              PSHU S,X,A
     97  2     A0CA 86   AA              LDA #$aa
     98  3     A0CC 8E   AA00            LDX #$aa00
     99  5+3   A0CF 34   12              PSHS A,X
    100  4+1   A0D1 32   E8 28           LEAS 40,S
    101
    102  5+3   A0D4 35   12              PULS A,X
    103  5+5   A0D6 36   52              PSHU S,X,A
    104  2     A0D8 86   AA              LDA #$aa
    105  3     A0DA 8E   AA00            LDX #$aa00
    106  5+3   A0DD 34   12              PSHS A,X
    107  4+1   A0DF 32   E8 28           LEAS 40,S
    108
    109  5+3   A0E2 35   12              PULS A,X
    110  5+5   A0E4 36   52              PSHU S,X,A
    111  2     A0E6 86   AA              LDA #$aa
    112  3     A0E8 8E   AA00            LDX #$aa00
    113  5+3   A0EB 34   12              PSHS A,X
    114  4+1   A0ED 32   E8 28           LEAS 40,S
    115
    116  5+3   A0F0 35   12              PULS A,X
    117  5+5   A0F2 36   52              PSHU S,X,A
    118  2     A0F4 86   AA              LDA #$aa
    119  3     A0F6 8E   AA01            LDX #$aa01
    120  5+3   A0F9 34   12              PSHS A,X
    121  4+1   A0FB 32   E8 28           LEAS 40,S
    122
    123  5+1   A0FE AE   E8 28           LDX 40,S
    124  6+1   A101 10AE E8 50           LDY 80,S
    125  5+4   A105 36   30              PSHU Y,X
    126  4+1   A107 A6   E8 2A           LDA 42,S
    127  5+1   A10A 36   02              PSHU A
    128  2     A10C 84   0F              ANDA #$0F
    129  2     A10E 8A   00              ORA #$00
    130  4+1   A110 A7   E8 2A           STA 42,S
    131  4+1   A113 A6   E8 52           LDA 82,S
    132  5+1   A116 36   02              PSHU A
    133  2     A118 84   0F              ANDA #$0F
    134  2     A11A 8A   00              ORA #$00
    135  4+1   A11C A7   E8 52           STA 82,S
    136  4+1   A11F A6   E8 7A           LDA 122,S
    137  5+1   A122 36   02              PSHU A
    138  2     A124 84   0F              ANDA #$0F
    139  2     A126 8A   00              ORA #$00
    140  4+1   A128 A7   E8 7A           STA 122,S
    141  5+1   A12B AE   E8 78           LDX 120,S
    142  5+2   A12E 36   10              PSHU X
    143  3     A130 CC   AAAA            LDD #$aaaa
    144  5+1   A133 ED   E8 28           STD 40,S
    145  5+1   A136 ED   E8 50           STD 80,S
    146  5+1   A139 ED   E8 78           STD 120,S
    147  5+3   A13C 35   12              PULS A,X
    148  5+5   A13E 36   52              PSHU S,X,A
    149  3     A140 8E   AA01            LDX #$aa01
    150  5+3   A143 34   14              PSHS B,X
    151  4+4   A145 32   E9 00A1         LEAS 161,S
    152
    153  5+1   A149 AE   7F              LDX -1,S
    154  5+2   A14B 36   10              PSHU X
    155  3     A14D CC   AAA0            LDD #$aaa0
    156  5+1   A150 ED   7F              STD -1,S
    157  4+1   A152 A6   61              LDA 1,S
    158  5+3   A154 36   42              PSHU S,A
    159  2     A156 84   0F              ANDA #$0F
    160  2     A158 8A   00              ORA #$00
    161  4+1   A15A A7   61              STA 1,S
    162  4+4   A15C 32   E9 009F         LEAS 159,S
    163
    164  4+1   A160 A6   E8 2A           LDA 42,S
    165  4+1   A163 E6   E8 7A           LDB 122,S
    166  5+1   A166 AE   E8 D8           LDX -40,S
    167  6+1   A169 10AE E8 88           LDY -120,S
    168  5+6   A16D 36   36              PSHU Y,X,B,A
    169  5+1   A16F EC   E8 B0           LDD -80,S
    170  5+2   A172 36   06              PSHU D
    171  5+1   A174 EC   E8 28           LDD 40,S
    172  5+2   A177 36   06              PSHU D
    173  2     A179 84   F0              ANDA #$F0
    174  2     A17B 8A   00              ORA #$00
    175  2     A17D C6   00              LDB #$00
    176  5+1   A17F ED   E8 28           STD 40,S
    177  5+1   A182 EC   E8 50           LDD 80,S
    178  5+2   A185 36   06              PSHU D
    179  2     A187 84   F0              ANDA #$F0
    180  2     A189 8A   01              ORA #$01
    181  2     A18B C6   00              LDB #$00
    182  5+1   A18D ED   E8 50           STD 80,S
    183  5+1   A190 EC   E8 78           LDD 120,S
    184  5+2   A193 36   06              PSHU D
    185  2     A195 84   F0              ANDA #$F0
    186  2     A197 8A   00              ORA #$00
    187  2     A199 C6   00              LDB #$00
    188  5+1   A19B ED   E8 78           STD 120,S
    189  3     A19E CC   0A00            LDD #$0a00
    190  5+1   A1A1 ED   E8 B0           STD -80,S
    191  2     A1A4 86   00              LDA #$00
    192  5+1   A1A6 ED   E8 D8           STD -40,S
    193  3     A1A9 CC   AAA0            LDD #$aaa0
    194  5+1   A1AC ED   E8 88           STD -120,S
    195  4+1   A1AF A6   E8 52           LDA 82,S
    196  4+1   A1B2 E6   E8 8A           LDB -118,S
    197  5+2   A1B5 36   06              PSHU B,A
    198  2     A1B7 C4   0F              ANDB #$0F
    199  2     A1B9 CA   10              ORB #$10
    200  4+1   A1BB E7   E8 8A           STB -118,S
    201  4+1   A1BE A6   E8 B2           LDA -78,S
    202  5+1   A1C1 36   02              PSHU A
    203  2     A1C3 84   0F              ANDA #$0F
    204  2     A1C5 8A   10              ORA #$10
    205  4+1   A1C7 A7   E8 B2           STA -78,S
    206  4+1   A1CA A6   E8 DA           LDA -38,S
    207  5+1   A1CD 36   02              PSHU A
    208  2     A1CF 84   0F              ANDA #$0F
    209  2     A1D1 8A   10              ORA #$10
    210  4+1   A1D3 A7   E8 DA           STA -38,S
    211  2     A1D6 86   01              LDA #$01
    212  4+1   A1D8 A7   E8 2A           STA 42,S
    213  4+1   A1DB A7   E8 52           STA 82,S
    214  4+1   A1DE A7   E8 7A           STA 122,S
    215  5+3   A1E1 35   12              PULS A,X
    216  5+5   A1E3 36   52              PSHU S,X,A
    217  3     A1E5 8E   0001            LDX #$0001
    218  5+3   A1E8 34   14              PSHS B,X
    219  4+4   A1EA 32   E9 0119         LEAS 281,S
    220
    221  5+1   A1EE EC   E8 87           LDD -121,S
    222  5+2   A1F1 36   06              PSHU D
    223  2     A1F3 84   F0              ANDA #$F0
    224  2     A1F5 8A   00              ORA #$00
    225  2     A1F7 C6   AA              LDB #$aa
    226  5+1   A1F9 ED   E8 87           STD -121,S
    227  5+1   A1FC EC   E8 AF           LDD -81,S
    228  5+2   A1FF 36   06              PSHU D
    229  2     A201 84   F0              ANDA #$F0
    230  2     A203 8A   00              ORA #$00
    231  2     A205 C6   AA              LDB #$aa
    232  5+1   A207 ED   E8 AF           STD -81,S
    233  5+1   A20A EC   E8 D7           LDD -41,S
    234  5+2   A20D 36   06              PSHU D
    235  2     A20F 84   F0              ANDA #$F0
    236  2     A211 8A   01              ORA #$01
    237  2     A213 C6   AA              LDB #$aa
    238  5+1   A215 ED   E8 D7           STD -41,S
    239  5+1   A218 EC   7F              LDD -1,S
    240  5+2   A21A 36   06              PSHU D
    241  2     A21C 84   F0              ANDA #$F0
    242  2     A21E 8A   01              ORA #$01
    243  2     A220 C6   00              LDB #$00
    244  5+1   A222 ED   7F              STD -1,S
    245  4+1   A224 A6   E8 28           LDA 40,S
    246  4+1   A227 E6   E8 89           LDB -119,S
    247  5+2   A22A 36   06              PSHU B,A
    248  2     A22C C4   0F              ANDB #$0F
    249  2     A22E CA   00              ORB #$00
    250  4+1   A230 E7   E8 89           STB -119,S
    251  4+1   A233 A6   E8 B1           LDA -79,S
    252  5+1   A236 36   02              PSHU A
    253  2     A238 84   0F              ANDA #$0F
    254  2     A23A 8A   10              ORA #$10
    255  4+1   A23C A7   E8 B1           STA -79,S
    256  4+1   A23F E7   E8 28           STB 40,S
    257  4+1   A242 A6   E8 50           LDA 80,S
    258  4+1   A245 E6   E8 78           LDB 120,S
    259  5+4   A248 36   46              PSHU S,B,A
    260  2     A24A 86   11              LDA #$11
    261  4+1   A24C A7   E8 50           STA 80,S
    262  2     A24F 86   88              LDA #$88
    263  4+1   A251 A7   E8 78           STA 120,S
    264  4+4   A254 32   E9 0118         LEAS 280,S
    265
    266  5+1   A258 EC   E8 88           LDD -120,S
    267  5+2   A25B 36   06              PSHU D
    268  2     A25D 86   66              LDA #$66
    269  2     A25F C4   0F              ANDB #$0F
    270  2     A261 CA   60              ORB #$60
    271  5+1   A263 ED   E8 88           STD -120,S
    272  5+1   A266 EC   E8 B0           LDD -80,S
    273  5+2   A269 36   06              PSHU D
    274  2     A26B 86   66              LDA #$66
    275  2     A26D C4   0F              ANDB #$0F
    276  2     A26F CA   60              ORB #$60
    277  5+1   A271 ED   E8 B0           STD -80,S
    278  5+1   A274 EC   E8 D8           LDD -40,S
    279  5+2   A277 36   06              PSHU D
    280  2     A279 86   85              LDA #$85
    281  2     A27B C4   0F              ANDB #$0F
    282  2     A27D CA   60              ORB #$60
    283  5+1   A27F ED   E8 D8           STD -40,S
    284  5+0   A282 EC   E4              LDD ,S
    285  5+2   A284 36   06              PSHU D
    286  2     A286 86   85              LDA #$85
    287  2     A288 C4   0F              ANDB #$0F
    288  2     A28A CA   60              ORB #$60
    289  5+0   A28C ED   E4              STD ,S
    290  5+1   A28E EC   E8 28           LDD 40,S
    291  5+2   A291 36   06              PSHU D
    292  2     A293 86   85              LDA #$85
    293  2     A295 C4   0F              ANDB #$0F
    294  2     A297 CA   50              ORB #$50
    295  5+1   A299 ED   E8 28           STD 40,S
    296  5+1   A29C EC   E8 50           LDD 80,S
    297  5+2   A29F 36   06              PSHU D
    298  2     A2A1 86   65              LDA #$65
    299  2     A2A3 C4   0F              ANDB #$0F
    300  2     A2A5 CA   50              ORB #$50
    301  5+1   A2A7 ED   E8 50           STD 80,S
    302  5+1   A2AA EC   E8 78           LDD 120,S
    303  5+4   A2AD 36   46              PSHU S,D
    304  2     A2AF 86   66              LDA #$66
    305  2     A2B1 C4   0F              ANDB #$0F
    306  2     A2B3 CA   50              ORB #$50
    307  5+1   A2B5 ED   E8 78           STD 120,S
    308  4+4   A2B8 32   E9 00C8         LEAS 200,S
    309
    310  5+1   A2BC EC   E8 D8           LDD -40,S
    311  5+2   A2BF 36   06              PSHU D
    312  2     A2C1 84   F0              ANDA #$F0
    313  2     A2C3 C4   0F              ANDB #$0F
    314  4     A2C5 C3   0650            ADDD #$0650
    315  5+1   A2C8 ED   E8 D8           STD -40,S
    316  5+0   A2CB EC   E4              LDD ,S
    317  5+2   A2CD 36   06              PSHU D
    318  2     A2CF 84   F0              ANDA #$F0
    319  2     A2D1 C4   0F              ANDB #$0F
    320  4     A2D3 C3   0860            ADDD #$0860
    321  5+0   A2D6 ED   E4              STD ,S
    322  4+1   A2D8 A6   E8 28           LDA 40,S
    323  5+3   A2DB 36   42              PSHU S,A
    324  2     A2DD 84   F0              ANDA #$F0
    325  2     A2DF 8A   08              ORA #$08
    326  4+1   A2E1 A7   E8 28           STA 40,S
    327        A2E4               DYN_POS
    328
    329  4     A2E4 10CE 0000            LDS #$0000
    330  4+4   A2E8 32   E9 0F0F         LEAS 3855,S
    331
    332  4+0   A2EC A6   E4              LDA ,S
    333  5+3   A2EE 36   42              PSHU S,A
    334  2     A2F0 84   F0              ANDA #$F0
    335  2     A2F2 8A   00              ORA #$00
    336  4+0   A2F4 A7   E4              STA ,S
    337  4+4   A2F6 32   E9 00A0         LEAS 160,S
    338
    339  4+1   A2FA A6   E8 88           LDA -120,S
    340  5+1   A2FD 36   02              PSHU A
    341  2     A2FF 84   F0              ANDA #$F0
    342  2     A301 8A   00              ORA #$00
    343  4+1   A303 A7   E8 88           STA -120,S
    344  4+1   A306 A6   E8 8A           LDA -118,S
    345  5+1   A309 36   02              PSHU A
    346  2     A30B 84   F0              ANDA #$F0
    347  2     A30D 8A   01              ORA #$01
    348  4+1   A30F A7   E8 8A           STA -118,S
    349  5+1   A312 EC   E8 B0           LDD -80,S
    350  5+2   A315 36   06              PSHU D
    351  2     A317 86   00              LDA #$00
    352  2     A319 C4   0F              ANDB #$0F
    353  2     A31B CA   10              ORB #$10
    354  5+1   A31D ED   E8 B0           STD -80,S
    355  5+1   A320 EC   E8 D8           LDD -40,S
    356  5+2   A323 36   06              PSHU D
    357  2     A325 86   0A              LDA #$0a
    358  2     A327 C4   0F              ANDB #$0F
    359  2     A329 CA   00              ORB #$00
    360  5+1   A32B ED   E8 D8           STD -40,S
    361  4+1   A32E A6   E8 B2           LDA -78,S
    362  4+1   A331 E6   E8 DA           LDB -38,S
    363  5+2   A334 36   06              PSHU B,A
    364  2     A336 86   1A              LDA #$1a
    365  4+1   A338 A7   E8 B2           STA -78,S
    366  2     A33B 86   A0              LDA #$a0
    367  4+1   A33D A7   E8 DA           STA -38,S
    368  5+3   A340 35   12              PULS A,X
    369  5+5   A342 36   52              PSHU S,X,A
    370  2     A344 86   0A              LDA #$0a
    371  3     A346 8E   0100            LDX #$0100
    372  5+3   A349 34   12              PSHS A,X
    373  4+1   A34B 32   E8 28           LEAS 40,S
    374
    375  5+3   A34E 35   12              PULS A,X
    376  5+5   A350 36   52              PSHU S,X,A
    377  2     A352 86   0A              LDA #$0a
    378  3     A354 8E   0100            LDX #$0100
    379  5+3   A357 34   12              PSHS A,X
    380  4+1   A359 32   E8 28           LEAS 40,S
    381
    382  5+1   A35C EC   E8 27           LDD 39,S
    383  5+2   A35F 36   06              PSHU D
    384  2     A361 84   F0              ANDA #$F0
    385  2     A363 8A   00              ORA #$00
    386  2     A365 C6   AA              LDB #$aa
    387  5+1   A367 ED   E8 27           STD 39,S
    388  5+1   A36A EC   E8 4F           LDD 79,S
    389  5+2   A36D 36   06              PSHU D
    390  2     A36F 84   F0              ANDA #$F0
    391  2     A371 8A   00              ORA #$00
    392  2     A373 C6   AA              LDB #$aa
    393  5+1   A375 ED   E8 4F           STD 79,S
    394  5+1   A378 EC   E8 77           LDD 119,S
    395  5+2   A37B 36   06              PSHU D
    396  2     A37D 84   F0              ANDA #$F0
    397  2     A37F 8A   0A              ORA #$0a
    398  2     A381 C6   AA              LDB #$aa
    399  5+1   A383 ED   E8 77           STD 119,S
    400  5+1   A386 AE   E8 29           LDX 41,S
    401  5+2   A389 36   10              PSHU X
    402  3     A38B CC   0001            LDD #$0001
    403  5+1   A38E ED   E8 29           STD 41,S
    404  5+1   A391 EC   E8 51           LDD 81,S
    405  5+2   A394 36   06              PSHU D
    406  2     A396 86   00              LDA #$00
    407  2     A398 C4   0F              ANDB #$0F
    408  2     A39A CA   00              ORB #$00
    409  5+1   A39C ED   E8 51           STD 81,S
    410  5+1   A39F EC   E8 79           LDD 121,S
    411  5+2   A3A2 36   06              PSHU D
    412  2     A3A4 86   A0              LDA #$a0
    413  2     A3A6 C4   0F              ANDB #$0F
    414  2     A3A8 CA   10              ORB #$10
    415  5+1   A3AA ED   E8 79           STD 121,S
    416  5+3   A3AD 35   12              PULS A,X
    417  5+5   A3AF 36   52              PSHU S,X,A
    418  2     A3B1 86   0A              LDA #$0a
    419  3     A3B3 8E   0000            LDX #$0000
    420  5+3   A3B6 34   12              PSHS A,X
    421  4+4   A3B8 32   E9 00C7         LEAS 199,S
    422
    423  5+1   A3BC EC   E8 D8           LDD -40,S
    424  5+2   A3BF 36   06              PSHU D
    425  2     A3C1 84   F0              ANDA #$F0
    426  2     A3C3 8A   0A              ORA #$0a
    427  2     A3C5 C6   AA              LDB #$aa
    428  5+1   A3C7 ED   E8 D8           STD -40,S
    429  4+1   A3CA A6   E8 DA           LDA -38,S
    430  5+1   A3CD 36   02              PSHU A
    431  2     A3CF 86   A0              LDA #$a0
    432  4+1   A3D1 A7   E8 DA           STA -38,S
    433  5+3   A3D4 35   12              PULS A,X
    434  5+5   A3D6 36   52              PSHU S,X,A
    435  2     A3D8 86   0A              LDA #$0a
    436  3     A3DA 8E   AAA0            LDX #$aaa0
    437  5+3   A3DD 34   12              PSHS A,X
    438  4+1   A3DF 32   E8 28           LEAS 40,S
    439
    440  5+3   A3E2 35   12              PULS A,X
    441  5+5   A3E4 36   52              PSHU S,X,A
    442  2     A3E6 86   0A              LDA #$0a
    443  3     A3E8 8E   AAA0            LDX #$aaa0
    444  5+3   A3EB 34   12              PSHS A,X
    445  4+1   A3ED 32   E8 28           LEAS 40,S
    446
    447  5+3   A3F0 35   12              PULS A,X
    448  5+5   A3F2 36   52              PSHU S,X,A
    449  2     A3F4 86   0A              LDA #$0a
    450  3     A3F6 8E   AAA0            LDX #$aaa0
    451  5+3   A3F9 34   12              PSHS A,X
    452  4+1   A3FB 32   E8 28           LEAS 40,S
    453
    454  5+3   A3FE 35   12              PULS A,X
    455  5+5   A400 36   52              PSHU S,X,A
    456  2     A402 86   0A              LDA #$0a
    457  3     A404 8E   AAA0            LDX #$aaa0
    458  5+3   A407 34   12              PSHS A,X
    459  4+1   A409 32   E8 28           LEAS 40,S
    460
    461  5+3   A40C 35   12              PULS A,X
    462  5+5   A40E 36   52              PSHU S,X,A
    463  2     A410 86   0A              LDA #$0a
    464  3     A412 8E   AA00            LDX #$aa00
    465  5+3   A415 34   12              PSHS A,X
    466  4+1   A417 32   E8 28           LEAS 40,S
    467
    468  5+1   A41A EC   E8 28           LDD 40,S
    469  5+2   A41D 36   06              PSHU D
    470  2     A41F 84   F0              ANDA #$F0
    471  2     A421 8A   0A              ORA #$0a
    472  2     A423 C6   AA              LDB #$aa
    473  5+1   A425 ED   E8 28           STD 40,S
    474  5+1   A428 EC   E8 50           LDD 80,S
    475  5+2   A42B 36   06              PSHU D
    476  2     A42D 84   F0              ANDA #$F0
    477  2     A42F 8A   01              ORA #$01
    478  2     A431 C6   AA              LDB #$aa
    479  5+1   A433 ED   E8 50           STD 80,S
    480  5+1   A436 EC   E8 78           LDD 120,S
    481  5+2   A439 36   06              PSHU D
    482  2     A43B 84   F0              ANDA #$F0
    483  2     A43D 8A   01              ORA #$01
    484  2     A43F C6   AA              LDB #$aa
    485  5+1   A441 ED   E8 78           STD 120,S
    486  4+1   A444 A6   E8 2A           LDA 42,S
    487  4+1   A447 E6   E8 52           LDB 82,S
    488  5+2   A44A 36   06              PSHU B,A
    489  4+1   A44C A6   E8 7A           LDA 122,S
    490  5+1   A44F 36   02              PSHU A
    491  2     A451 86   00              LDA #$00
    492  4+1   A453 A7   E8 2A           STA 42,S
    493  4+1   A456 A7   E8 52           STA 82,S
    494  4+1   A459 A7   E8 7A           STA 122,S
    495  5+3   A45C 35   12              PULS A,X
    496  5+5   A45E 36   52              PSHU S,X,A
    497  2     A460 86   0A              LDA #$0a
    498  3     A462 8E   AA00            LDX #$aa00
    499  5+3   A465 34   12              PSHS A,X
    500  4+4   A467 32   E9 0119         LEAS 281,S
    501
    502  5+1   A46B EC   E8 87           LDD -121,S
    503  5+2   A46E 36   06              PSHU D
    504  2     A470 84   F0              ANDA #$F0
    505  2     A472 8A   00              ORA #$00
    506  2     A474 C6   AA              LDB #$aa
    507  5+1   A476 ED   E8 87           STD -121,S
    508  5+1   A479 AE   E8 50           LDX 80,S
    509  6+1   A47C 10AE E8 B0           LDY -80,S
    510  5+4   A480 36   30              PSHU Y,X
    511  3     A482 CC   1010            LDD #$1010
    512  5+1   A485 ED   E8 50           STD 80,S
    513  5+1   A488 EC   E8 78           LDD 120,S
    514  5+1   A48B AE   E8 28           LDX 40,S
    515  5+4   A48E 36   16              PSHU X,D
    516  4+1   A490 A6   E8 89           LDA -119,S
    517  5+1   A493 AE   E8 D8           LDX -40,S
    518  6+0   A496 10AE E4              LDY ,S
    519  5+7   A499 36   72              PSHU S,Y,X,A
    520  3     A49B CC   AAA0            LDD #$aaa0
    521  5+1   A49E ED   E8 78           STD 120,S
    522  3     A4A1 CC   0001            LDD #$0001
    523  5+0   A4A4 ED   E4              STD ,S
    524  4+1   A4A6 A7   E8 89           STA -119,S
    525  2     A4A9 C6   00              LDB #$00
    526  5+1   A4AB ED   E8 D8           STD -40,S
    527  5+1   A4AE ED   E8 28           STD 40,S
    528  2     A4B1 86   A0              LDA #$a0
    529  5+1   A4B3 ED   E8 B0           STD -80,S
    530  4+4   A4B6 32   E9 0119         LEAS 281,S
    531
    532  5+1   A4BA EC   E8 27           LDD 39,S
    533  5+2   A4BD 36   06              PSHU D
    534  2     A4BF 84   F0              ANDA #$F0
    535  2     A4C1 8A   01              ORA #$01
    536  2     A4C3 C6   88              LDB #$88
    537  5+1   A4C5 ED   E8 27           STD 39,S
    538  5+1   A4C8 EC   E8 4F           LDD 79,S
    539  5+2   A4CB 36   06              PSHU D
    540  2     A4CD 84   F0              ANDA #$F0
    541  2     A4CF 8A   08              ORA #$08
    542  2     A4D1 C6   65              LDB #$65
    543  5+1   A4D3 ED   E8 4F           STD 79,S
    544  4+1   A4D6 A6   E8 78           LDA 120,S
    545  5+1   A4D9 AE   7F              LDX -1,S
    546  6+1   A4DB 10AE E8 87           LDY -121,S
    547  5+5   A4DF 36   32              PSHU Y,X,A
    548  4+1   A4E1 E7   E8 78           STB 120,S
    549  5+1   A4E4 EC   E8 D7           LDD -41,S
    550  5+1   A4E7 AE   E8 AF           LDX -81,S
    551  5+6   A4EA 36   56              PSHU S,X,D
    552  3     A4EC CC   0008            LDD #$0008
    553  5+1   A4EF ED   7F              STD -1,S
    554  2     A4F1 C6   01              LDB #$01
    555  5+1   A4F3 ED   E8 D7           STD -41,S
    556  3     A4F6 CC   0A00            LDD #$0a00
    557  5+1   A4F9 ED   E8 AF           STD -81,S
    558  2     A4FC C6   A0              LDB #$a0
    559  5+1   A4FE ED   E8 87           STD -121,S
    560  4+4   A501 32   E9 0118         LEAS 280,S
    561
    562  4+1   A505 A6   E8 88           LDA -120,S
    563  4+1   A508 E6   E8 B0           LDB -80,S
    564  5+2   A50B 36   06              PSHU B,A
    565  4+1   A50D A6   E8 D8           LDA -40,S
    566  4+0   A510 E6   E4              LDB ,S
    567  5+2   A512 36   06              PSHU B,A
    568  4+1   A514 A6   E8 28           LDA 40,S
    569  4+1   A517 E6   E8 50           LDB 80,S
    570  5+2   A51A 36   06              PSHU B,A
    571  4+1   A51C A6   E8 78           LDA 120,S
    572  5+3   A51F 36   42              PSHU S,A
    573  2     A521 86   55              LDA #$55
    574  4+1   A523 A7   E8 88           STA -120,S
    575  4+1   A526 A7   E8 B0           STA -80,S
    576  4+1   A529 A7   E8 D8           STA -40,S
    577  4+0   A52C A7   E4              STA ,S
    578  4+1   A52E A7   E8 28           STA 40,S
    579  4+1   A531 A7   E8 50           STA 80,S
    580  4+1   A534 A7   E8 78           STA 120,S
    581  4+4   A537 32   E9 00B4         LEAS 180,S
    582
    583  4+1   A53B A6   E8 EC           LDA -20,S
    584  4+1   A53E E6   E8 14           LDB 20,S
    585  5+4   A541 36   46              PSHU S,B,A
    586  2     A543 86   55              LDA #$55
    587  4+1   A545 A7   E8 EC           STA -20,S
    588  2     A548 86   66              LDA #$66
    589  4+1   A54A A7   E8 14           STA 20,S
    590        A54D               SSAV_Img_TitleScreen_SonicHand
    591  4     A54D 10CE 0000            LDS #$0000
    592  5     A551 39                   RTS
    593

000000 Total Errors

000003 Total Symbols
     0x          Label A000 BCKDRAW_Img_TitleScreen_SonicHand
     1x          Label A2E4 DYN_POS
     1x          Label A54D SSAV_Img_TitleScreen_SonicHand

