/*--------------------------------------------------------------*
 * Compilé avec C6809 v0.83                                     *
 *--------------------------------------------------------------*
 * Fichier source      : ./Sonic2/GeneratedCode/Img_Sonic_058_BckDraw.ASM
 * Fichier destination : ./Sonic2/GeneratedCode/Img_Sonic_058_BckDraw.BIN
 * Contenu :
 *     Main     0:IMGD.ASM     5979
 *--------------------------------------------------------------*/

Macro Pass
Pass1
Pass2
      2        A000                      ORG $A000
      3                  FF              SETDP $FF
      4        A000               BCKDRAW_Img_Sonic_058
      5  6+5   A000 10EF 8D 0471         STS SSAV_Img_Sonic_058+2,PCR
      6
      7  5+5   A005 ED   8D 0239         STD DYN_POS+2,PCR
      8  6+0   A009 10EE A4              LDS ,Y
      9  4+4   A00C 32   E9 02E8         LEAS 744,S
     10
     11  5+1   A010 EC   E8 9B           LDD -101,S
     12  5+2   A013 36   06              PSHU D
     13  2     A015 84   F0              ANDA #$F0
     14  2     A017 8A   06              ORA #$06
     15  2     A019 C6   66              LDB #$66
     16  5+1   A01B ED   E8 9B           STD -101,S
     17  5+1   A01E EC   E8 EB           LDD -21,S
     18  5+2   A021 36   06              PSHU D
     19  2     A023 84   0F              ANDA #$0F
     20  2     A025 8A   60              ORA #$60
     21  2     A027 C6   66              LDB #$66
     22  5+1   A029 ED   E8 EB           STD -21,S
     23  5+1   A02C EC   E8 13           LDD 19,S
     24  5+2   A02F 36   06              PSHU D
     25  2     A031 84   F0              ANDA #$F0
     26  2     A033 8A   06              ORA #$06
     27  2     A035 C6   66              LDB #$66
     28  5+1   A037 ED   E8 13           STD 19,S
     29  5+1   A03A AE   E8 C3           LDX -61,S
     30  5+2   A03D 36   10              PSHU X
     31  3     A03F CC   6664            LDD #$6664
     32  5+1   A042 ED   E8 C3           STD -61,S
     33  4+1   A045 A6   E8 3C           LDA 60,S
     34  5+1   A048 36   02              PSHU A
     35  2     A04A 84   F0              ANDA #$F0
     36  2     A04C 8A   06              ORA #$06
     37  4+1   A04E A7   E8 3C           STA 60,S
     38  4+1   A051 A6   E8 65           LDA 101,S
     39  5+3   A054 36   42              PSHU S,A
     40  2     A056 84   0F              ANDA #$0F
     41  2     A058 8A   40              ORA #$40
     42  4+1   A05A A7   E8 65           STA 101,S
     43  4+4   A05D 32   E9 0103         LEAS 259,S
     44
     45  4+1   A061 A6   E8 B2           LDA -78,S
     46  5+1   A064 AE   E8 D9           LDX -39,S
     47  5+3   A067 36   12              PSHU X,A
     48  4+1   A069 A6   E8 8A           LDA -118,S
     49  5+1   A06C 36   02              PSHU A
     50  2     A06E 84   0F              ANDA #$0F
     51  2     A070 8A   20              ORA #$20
     52  4+1   A072 A7   E8 8A           STA -118,S
     53  2     A075 86   64              LDA #$64
     54  4+1   A077 A7   E8 B2           STA -78,S
     55  3     A07A CC   EE66            LDD #$ee66
     56  5+1   A07D ED   E8 D9           STD -39,S
     57  5+3   A080 35   12              PULS A,X
     58  5+5   A082 36   52              PSHU S,X,A
     59  2     A084 86   23              LDA #$23
     60  3     A086 8E   EE66            LDX #$ee66
     61  5+3   A089 34   12              PSHS A,X
     62  4+1   A08B 32   E8 28           LEAS 40,S
     63
     64  5+1   A08E AE   E8 27           LDX 39,S
     65  3     A091 CC   4832            LDD #$4832
     66  5+1   A094 ED   E8 27           STD 39,S
     67  6+1   A097 10AE E8 4F           LDY 79,S
     68  5+4   A09B 36   30              PSHU Y,X
     69  5+1   A09D EC   E8 29           LDD 41,S
     70  5+2   A0A0 36   06              PSHU D
     71  2     A0A2 84   0F              ANDA #$0F
     72  2     A0A4 8A   B0              ORA #$b0
     73  2     A0A6 C6   66              LDB #$66
     74  5+1   A0A8 ED   E8 29           STD 41,S
     75  5+1   A0AB EC   E8 51           LDD 81,S
     76  5+2   A0AE 36   06              PSHU D
     77  2     A0B0 84   0F              ANDA #$0F
     78  2     A0B2 8A   80              ORA #$80
     79  2     A0B4 C6   64              LDB #$64
     80  5+1   A0B6 ED   E8 51           STD 81,S
     81  3     A0B9 CC   4733            LDD #$4733
     82  5+1   A0BC ED   E8 4F           STD 79,S
     83  5+3   A0BF 35   12              PULS A,X
     84  5+5   A0C1 36   52              PSHU S,X,A
     85  3     A0C3 8E   EE66            LDX #$ee66
     86  5+3   A0C6 34   14              PSHS B,X
     87  4+1   A0C8 32   E8 77           LEAS 119,S
     88
     89  5+3   A0CB 35   12              PULS A,X
     90  5+5   A0CD 36   52              PSHU S,X,A
     91  2     A0CF 86   00              LDA #$00
     92  3     A0D1 8E   338B            LDX #$338b
     93  5+3   A0D4 34   12              PSHS A,X
     94  4+1   A0D6 32   E8 28           LEAS 40,S
     95
     96  5+1   A0D9 EC   E8 27           LDD 39,S
     97  5+2   A0DC 36   06              PSHU D
     98  2     A0DE 84   F0              ANDA #$F0
     99  2     A0E0 8A   0B              ORA #$0b
    100  2     A0E2 C6   40              LDB #$40
    101  5+1   A0E4 ED   E8 27           STD 39,S
    102  5+1   A0E7 EC   E8 4F           LDD 79,S
    103  5+2   A0EA 36   06              PSHU D
    104  2     A0EC 84   F0              ANDA #$F0
    105  2     A0EE 8A   0C              ORA #$0c
    106  2     A0F0 C6   00              LDB #$00
    107  5+1   A0F2 ED   E8 4F           STD 79,S
    108  5+1   A0F5 EC   E8 77           LDD 119,S
    109  5+2   A0F8 36   06              PSHU D
    110  2     A0FA 84   F0              ANDA #$F0
    111  2     A0FC 8A   0C              ORA #$0c
    112  2     A0FE C6   00              LDB #$00
    113  5+1   A100 ED   E8 77           STD 119,S
    114  5+1   A103 AE   E8 29           LDX 41,S
    115  6+1   A106 10AE E8 51           LDY 81,S
    116  5+4   A10A 36   30              PSHU Y,X
    117  5+1   A10C EC   E8 79           LDD 121,S
    118  5+2   A10F 36   06              PSHU D
    119  3     A111 CC   55EB            LDD #$55eb
    120  5+1   A114 ED   E8 29           STD 41,S
    121  5+1   A117 ED   E8 51           STD 81,S
    122  2     A11A C6   4B              LDB #$4b
    123  5+1   A11C ED   E8 79           STD 121,S
    124  5+3   A11F 35   12              PULS A,X
    125  5+5   A121 36   52              PSHU S,X,A
    126  2     A123 86   40              LDA #$40
    127  3     A125 8E   44BB            LDX #$44bb
    128  5+3   A128 34   12              PSHS A,X
    129  4+4   A12A 32   E9 009F         LEAS 159,S
    130
    131  5+4   A12E 35   30              PULS X,Y
    132  5+6   A130 36   70              PSHU S,Y,X
    133  3     A132 CC   EC00            LDD #$ec00
    134  3     A135 8E   E554            LDX #$e554
    135  5+4   A138 34   16              PSHS D,X
    136  4+1   A13A 32   E8 28           LEAS 40,S
    137
    138  4+1   A13D A6   64              LDA 4,S
    139  5+1   A13F 36   02              PSHU A
    140  2     A141 84   F0              ANDA #$F0
    141  2     A143 8A   06              ORA #$06
    142  4+1   A145 A7   64              STA 4,S
    143  5+4   A147 35   30              PULS X,Y
    144  5+6   A149 36   70              PSHU S,Y,X
    145  3     A14B CC   EC0D            LDD #$ec0d
    146  3     A14E 8E   E555            LDX #$e555
    147  5+4   A151 34   16              PSHS D,X
    148  4+1   A153 32   E8 28           LEAS 40,S
    149
    150  5+1   A156 EC   E8 28           LDD 40,S
    151  5+2   A159 36   06              PSHU D
    152  2     A15B 84   F0              ANDA #$F0
    153  2     A15D 8A   0C              ORA #$0c
    154  2     A15F C6   DC              LDB #$dc
    155  5+1   A161 ED   E8 28           STD 40,S
    156  5+5   A164 35   32              PULS A,X,Y
    157  5+7   A166 36   72              PSHU S,Y,X,A
    158  2     A168 86   EC              LDA #$ec
    159  3     A16A 8E   0DEE            LDX #$0dee
    160  4     A16D 108E 5566            LDY #$5566
    161  5+5   A171 34   32              PSHS A,X,Y
    162  4+1   A173 32   E8 2A           LEAS 42,S
    163
    164  5+1   A176 EC   E8 26           LDD 38,S
    165  5+2   A179 36   06              PSHU D
    166  2     A17B 84   F0              ANDA #$F0
    167  2     A17D 8A   0C              ORA #$0c
    168  2     A17F C6   DD              LDB #$dd
    169  5+1   A181 ED   E8 26           STD 38,S
    170  5+3   A184 35   12              PULS A,X
    171  5+5   A186 36   52              PSHU S,X,A
    172  2     A188 86   EE              LDA #$ee
    173  3     A18A 8E   5566            LDX #$5566
    174  5+3   A18D 34   12              PSHS A,X
    175  4+1   A18F 32   E8 28           LEAS 40,S
    176
    177  5+1   A192 EC   E8 26           LDD 38,S
    178  5+2   A195 36   06              PSHU D
    179  2     A197 84   F0              ANDA #$F0
    180  2     A199 8A   0C              ORA #$0c
    181  2     A19B C6   CD              LDB #$cd
    182  5+1   A19D ED   E8 26           STD 38,S
    183  5+3   A1A0 35   12              PULS A,X
    184  5+5   A1A2 36   52              PSHU S,X,A
    185  2     A1A4 86   EE              LDA #$ee
    186  3     A1A6 8E   5566            LDX #$5566
    187  5+3   A1A9 34   12              PSHS A,X
    188  4+1   A1AB 32   E8 28           LEAS 40,S
    189
    190  5+1   A1AE EC   E8 26           LDD 38,S
    191  5+2   A1B1 36   06              PSHU D
    192  2     A1B3 84   F0              ANDA #$F0
    193  2     A1B5 8A   0B              ORA #$0b
    194  2     A1B7 C6   8D              LDB #$8d
    195  5+1   A1B9 ED   E8 26           STD 38,S
    196  5+1   A1BC EC   E8 4E           LDD 78,S
    197  5+2   A1BF 36   06              PSHU D
    198  2     A1C1 84   F0              ANDA #$F0
    199  2     A1C3 8A   0B              ORA #$0b
    200  2     A1C5 C6   8B              LDB #$8b
    201  5+1   A1C7 ED   E8 4E           STD 78,S
    202  5+1   A1CA EC   E8 76           LDD 118,S
    203  5+2   A1CD 36   06              PSHU D
    204  2     A1CF 84   F0              ANDA #$F0
    205  2     A1D1 8A   0B              ORA #$0b
    206  2     A1D3 C6   8B              LDB #$8b
    207  5+1   A1D5 ED   E8 76           STD 118,S
    208  5+1   A1D8 EC   E8 28           LDD 40,S
    209  5+2   A1DB 36   06              PSHU D
    210  2     A1DD 84   0F              ANDA #$0F
    211  2     A1DF C4   0F              ANDB #$0F
    212  4     A1E1 C3   E080            ADDD #$e080
    213  5+1   A1E4 ED   E8 28           STD 40,S
    214  4+1   A1E7 A6   E8 50           LDA 80,S
    215  4+1   A1EA E6   E8 78           LDB 120,S
    216  5+2   A1ED 36   06              PSHU B,A
    217  2     A1EF 86   EE              LDA #$ee
    218  4+1   A1F1 A7   E8 50           STA 80,S
    219  4+1   A1F4 A7   E8 78           STA 120,S
    220  5+3   A1F7 35   12              PULS A,X
    221  5+5   A1F9 36   52              PSHU S,X,A
    222  2     A1FB 86   EB              LDA #$eb
    223  3     A1FD 8E   6666            LDX #$6666
    224  5+3   A200 34   12              PSHS A,X
    225  4+4   A202 32   E9 0117         LEAS 279,S
    226
    227  4+1   A206 A6   E8 50           LDA 80,S
    228  4+0   A209 E6   E4              LDB ,S
    229  5+1   A20B AE   E8 88           LDX -120,S
    230  6+1   A20E 10AE E8 D8           LDY -40,S
    231  5+6   A212 36   36              PSHU Y,X,B,A
    232  4+1   A214 A6   E8 28           LDA 40,S
    233  5+1   A217 AE   E8 B0           LDX -80,S
    234  5+3   A21A 36   12              PSHU X,A
    235  4+1   A21C A6   E8 78           LDA 120,S
    236  5+3   A21F 36   42              PSHU S,A
    237  2     A221 84   F0              ANDA #$F0
    238  2     A223 8A   0B              ORA #$0b
    239  4+1   A225 A7   E8 78           STA 120,S
    240  3     A228 CC   BEBB            LDD #$bebb
    241  5+1   A22B ED   E8 D8           STD -40,S
    242  4+0   A22E A7   E4              STA ,S
    243  4+1   A230 A7   E8 28           STA 40,S
    244  4+1   A233 A7   E8 50           STA 80,S
    245  2     A236 C6   BE              LDB #$be
    246  5+1   A238 ED   E8 B0           STD -80,S
    247  2     A23B 86   EB              LDA #$eb
    248  5+1   A23D ED   E8 88           STD -120,S
    249        A240               DYN_POS
    250
    251  4     A240 10CE 0000            LDS #$0000
    252  4+4   A244 32   E9 02D5         LEAS 725,S
    253
    254  4+1   A248 A6   E8 78           LDA 120,S
    255  4+1   A24B E6   E8 AF           LDB -81,S
    256  5+2   A24E 36   06              PSHU B,A
    257  4+1   A250 A6   E8 50           LDA 80,S
    258  4+1   A253 E6   E8 87           LDB -121,S
    259  5+2   A256 36   06              PSHU B,A
    260  4+1   A258 A6   E8 28           LDA 40,S
    261  4+1   A25B E6   E8 D7           LDB -41,S
    262  5+2   A25E 36   06              PSHU B,A
    263  5+1   A260 EC   7F              LDD -1,S
    264  5+2   A262 36   06              PSHU D
    265  2     A264 86   66              LDA #$66
    266  2     A266 C4   0F              ANDB #$0F
    267  2     A268 CA   40              ORB #$40
    268  5+1   A26A ED   7F              STD -1,S
    269  4+1   A26C A7   E8 87           STA -121,S
    270  4+1   A26F A7   E8 AF           STA -81,S
    271  4+1   A272 A7   E8 D7           STA -41,S
    272  4+1   A275 A7   E8 50           STA 80,S
    273  4+1   A278 A6   E8 26           LDA 38,S
    274  5+3   A27B 36   42              PSHU S,A
    275  2     A27D 84   F0              ANDA #$F0
    276  2     A27F 8A   06              ORA #$06
    277  4+1   A281 A7   E8 26           STA 38,S
    278  2     A284 86   56              LDA #$56
    279  4+1   A286 A7   E8 78           STA 120,S
    280  2     A289 86   64              LDA #$64
    281  4+1   A28B A7   E8 28           STA 40,S
    282  4+4   A28E 32   E9 00DC         LEAS 220,S
    283
    284  5+1   A292 EC   E8 3C           LDD 60,S
    285  5+2   A295 36   06              PSHU D
    286  2     A297 86   E6              LDA #$e6
    287  2     A299 C4   0F              ANDB #$0F
    288  2     A29B CA   40              ORB #$40
    289  5+1   A29D ED   E8 3C           STD 60,S
    290  4+1   A2A0 A6   E8 14           LDA 20,S
    291  4+1   A2A3 E6   E8 C4           LDB -60,S
    292  5+2   A2A6 36   06              PSHU B,A
    293  2     A2A8 C4   F0              ANDB #$F0
    294  2     A2AA CA   02              ORB #$02
    295  4+1   A2AC E7   E8 C4           STB -60,S
    296  4+1   A2AF A6   E8 EC           LDA -20,S
    297  5+3   A2B2 36   42              PSHU S,A
    298  2     A2B4 84   F0              ANDA #$F0
    299  2     A2B6 8A   06              ORA #$06
    300  4+1   A2B8 A7   E8 EC           STA -20,S
    301  2     A2BB 86   16              LDA #$16
    302  4+1   A2BD A7   E8 14           STA 20,S
    303  4+4   A2C0 32   E9 00D9         LEAS 217,S
    304
    305  5+1   A2C4 EC   E8 8B           LDD -117,S
    306  5+2   A2C7 36   06              PSHU D
    307  2     A2C9 86   11              LDA #$11
    308  2     A2CB C4   0F              ANDB #$0F
    309  2     A2CD CA   40              ORB #$40
    310  5+1   A2CF ED   E8 8B           STD -117,S
    311  5+1   A2D2 EC   E8 DA           LDD -38,S
    312  5+2   A2D5 36   06              PSHU D
    313  2     A2D7 86   77              LDA #$77
    314  2     A2D9 C4   F0              ANDB #$F0
    315  2     A2DB CA   02              ORB #$02
    316  5+1   A2DD ED   E8 DA           STD -38,S
    317  4+1   A2E0 A6   E8 89           LDA -119,S
    318  5+1   A2E3 36   02              PSHU A
    319  2     A2E5 84   F0              ANDA #$F0
    320  2     A2E7 8A   03              ORA #$03
    321  4+1   A2E9 A7   E8 89           STA -119,S
    322  4+1   A2EC A6   E8 B4           LDA -76,S
    323  5+1   A2EF 36   02              PSHU A
    324  2     A2F1 84   0F              ANDA #$0F
    325  2     A2F3 8A   40              ORA #$40
    326  4+1   A2F5 A7   E8 B4           STA -76,S
    327  4+1   A2F8 A6   63              LDA 3,S
    328  5+1   A2FA 36   02              PSHU A
    329  2     A2FC 84   F0              ANDA #$F0
    330  2     A2FE 8A   02              ORA #$02
    331  4+1   A300 A7   63              STA 3,S
    332  5+1   A302 EC   E8 B0           LDD -80,S
    333  5+2   A305 36   06              PSHU D
    334  2     A307 84   F0              ANDA #$F0
    335  2     A309 8A   02              ORA #$02
    336  2     A30B C6   63              LDB #$63
    337  5+1   A30D ED   E8 B0           STD -80,S
    338  5+1   A310 EC   E8 B2           LDD -78,S
    339  5+2   A313 36   06              PSHU D
    340  2     A315 84   F0              ANDA #$F0
    341  2     A317 8A   08              ORA #$08
    342  2     A319 C6   12              LDB #$12
    343  5+1   A31B ED   E8 B2           STD -78,S
    344  5+1   A31E EC   E8 D8           LDD -40,S
    345  5+2   A321 36   06              PSHU D
    346  2     A323 84   F0              ANDA #$F0
    347  2     A325 8A   04              ORA #$04
    348  2     A327 C6   73              LDB #$73
    349  5+1   A329 ED   E8 D8           STD -40,S
    350  5+3   A32C 35   12              PULS A,X
    351  5+5   A32E 36   52              PSHU S,X,A
    352  2     A330 86   4D              LDA #$4d
    353  3     A332 8E   7888            LDX #$7888
    354  5+3   A335 34   12              PSHS A,X
    355  4+1   A337 32   E8 28           LEAS 40,S
    356
    357  5+3   A33A 35   12              PULS A,X
    358  5+5   A33C 36   52              PSHU S,X,A
    359  2     A33E 86   CD              LDA #$cd
    360  3     A340 8E   7788            LDX #$7788
    361  5+3   A343 34   12              PSHS A,X
    362  4+1   A345 32   E8 28           LEAS 40,S
    363
    364  5+3   A348 35   12              PULS A,X
    365  5+5   A34A 36   52              PSHU S,X,A
    366  2     A34C 86   C4              LDA #$c4
    367  3     A34E 8E   0541            LDX #$0541
    368  5+3   A351 34   12              PSHS A,X
    369  4+1   A353 32   E8 28           LEAS 40,S
    370
    371  5+3   A356 35   12              PULS A,X
    372  5+5   A358 36   52              PSHU S,X,A
    373  2     A35A 86   C4              LDA #$c4
    374  3     A35C 8E   0754            LDX #$0754
    375  5+3   A35F 34   12              PSHS A,X
    376  4+1   A361 32   E8 28           LEAS 40,S
    377
    378  5+3   A364 35   12              PULS A,X
    379  5+5   A366 36   52              PSHU S,X,A
    380  2     A368 86   D4              LDA #$d4
    381  3     A36A 8E   0755            LDX #$0755
    382  5+3   A36D 34   12              PSHS A,X
    383  4+1   A36F 32   E8 28           LEAS 40,S
    384
    385  4+1   A372 A6   64              LDA 4,S
    386  5+1   A374 36   02              PSHU A
    387  2     A376 84   0F              ANDA #$0F
    388  2     A378 8A   60              ORA #$60
    389  4+1   A37A A7   64              STA 4,S
    390  5+3   A37C 35   12              PULS A,X
    391  5+5   A37E 36   52              PSHU S,X,A
    392  2     A380 86   D1              LDA #$d1
    393  3     A382 8E   C855            LDX #$c855
    394  5+3   A385 34   12              PSHS A,X
    395  4+1   A387 32   E8 28           LEAS 40,S
    396
    397  5+1   A38A EC   63              LDD 3,S
    398  5+2   A38C 36   06              PSHU D
    399  2     A38E 84   0F              ANDA #$0F
    400  2     A390 C4   0F              ANDB #$0F
    401  4     A392 C3   4060            ADDD #$4060
    402  5+1   A395 ED   63              STD 3,S
    403  5+1   A397 EC   E8 27           LDD 39,S
    404  5+2   A39A 36   06              PSHU D
    405  2     A39C 84   F0              ANDA #$F0
    406  2     A39E 8A   0E              ORA #$0e
    407  2     A3A0 C6   D1              LDB #$d1
    408  5+1   A3A2 ED   E8 27           STD 39,S
    409  5+3   A3A5 35   12              PULS A,X
    410  5+5   A3A7 36   52              PSHU S,X,A
    411  3     A3A9 8E   BE55            LDX #$be55
    412  5+3   A3AC 34   14              PSHS B,X
    413  4+1   A3AE 32   E8 29           LEAS 41,S
    414
    415  4+1   A3B1 A6   63              LDA 3,S
    416  5+1   A3B3 36   02              PSHU A
    417  2     A3B5 84   0F              ANDA #$0F
    418  2     A3B7 8A   60              ORA #$60
    419  4+1   A3B9 A7   63              STA 3,S
    420  5+3   A3BB 35   12              PULS A,X
    421  5+5   A3BD 36   52              PSHU S,X,A
    422  2     A3BF 86   CB              LDA #$cb
    423  3     A3C1 8E   5546            LDX #$5546
    424  5+3   A3C4 34   12              PSHS A,X
    425  4+1   A3C6 32   E8 27           LEAS 39,S
    426
    427  4+1   A3C9 A6   64              LDA 4,S
    428  5+1   A3CB 36   02              PSHU A
    429  2     A3CD 84   0F              ANDA #$0F
    430  2     A3CF 8A   60              ORA #$60
    431  4+1   A3D1 A7   64              STA 4,S
    432  5+4   A3D3 35   30              PULS X,Y
    433  5+6   A3D5 36   70              PSHU S,Y,X
    434  3     A3D7 CC   DDCB            LDD #$ddcb
    435  3     A3DA 8E   7566            LDX #$7566
    436  5+4   A3DD 34   16              PSHS D,X
    437  4+1   A3DF 32   E8 28           LEAS 40,S
    438
    439  5+4   A3E2 35   30              PULS X,Y
    440  5+6   A3E4 36   70              PSHU S,Y,X
    441  3     A3E6 CC   DDDB            LDD #$dddb
    442  3     A3E9 8E   E666            LDX #$e666
    443  5+4   A3EC 34   16              PSHS D,X
    444  4+1   A3EE 32   E8 28           LEAS 40,S
    445
    446  4+1   A3F1 A6   E8 2B           LDA 43,S
    447  5+1   A3F4 AE   E8 28           LDX 40,S
    448  6+1   A3F7 10AE E8 50           LDY 80,S
    449  5+5   A3FB 36   32              PSHU Y,X,A
    450  3     A3FD CC   C7BE            LDD #$c7be
    451  5+1   A400 ED   E8 28           STD 40,S
    452  5+1   A403 ED   E8 50           STD 80,S
    453  5+1   A406 AE   E8 78           LDX 120,S
    454  5+2   A409 36   10              PSHU X
    455  2     A40B C6   BB              LDB #$bb
    456  5+1   A40D ED   E8 78           STD 120,S
    457  2     A410 86   66              LDA #$66
    458  4+1   A412 A7   E8 2B           STA 43,S
    459  5+4   A415 35   16              PULS D,X
    460  5+6   A417 36   56              PSHU S,X,D
    461  3     A419 CC   DCDE            LDD #$dcde
    462  3     A41C 8E   B766            LDX #$b766
    463  5+4   A41F 34   16              PSHS D,X
    464  4+4   A421 32   E9 0119         LEAS 281,S
    465
    466  5+1   A425 EC   E8 D7           LDD -41,S
    467  5+2   A428 36   06              PSHU D
    468  2     A42A 86   BB              LDA #$bb
    469  2     A42C C4   F0              ANDB #$F0
    470  2     A42E CA   0B              ORB #$0b
    471  5+1   A430 ED   E8 D7           STD -41,S
    472  4+1   A433 A6   E8 D9           LDA -39,S
    473  5+1   A436 36   02              PSHU A
    474  2     A438 84   0F              ANDA #$0F
    475  2     A43A 8A   E0              ORA #$e0
    476  4+1   A43C A7   E8 D9           STA -39,S
    477  4+1   A43F A6   7F              LDA -1,S
    478  5+1   A441 36   02              PSHU A
    479  2     A443 84   F0              ANDA #$F0
    480  2     A445 8A   0B              ORA #$0b
    481  4+1   A447 A7   7F              STA -1,S
    482  4+1   A449 A6   E8 27           LDA 39,S
    483  5+1   A44C 36   02              PSHU A
    484  2     A44E 84   F0              ANDA #$F0
    485  2     A450 8A   0B              ORA #$0b
    486  4+1   A452 A7   E8 27           STA 39,S
    487  4+1   A455 A6   E8 78           LDA 120,S
    488  5+1   A458 36   02              PSHU A
    489  2     A45A 84   0F              ANDA #$0F
    490  2     A45C 8A   E0              ORA #$e0
    491  4+1   A45E A7   E8 78           STA 120,S
    492  5+1   A461 AE   E8 87           LDX -121,S
    493  6+1   A464 10AE E8 AF           LDY -81,S
    494  5+6   A468 36   70              PSHU S,Y,X
    495  3     A46A CC   CEBB            LDD #$cebb
    496  5+1   A46D ED   E8 87           STD -121,S
    497  5+1   A470 ED   E8 AF           STD -81,S
    498        A473               SSAV_Img_Sonic_058
    499  4     A473 10CE 0000            LDS #$0000
    500  5     A477 39                   RTS
    501

000000 Total Errors

000003 Total Symbols
     0x          Label A000 BCKDRAW_Img_Sonic_058
     1x          Label A240 DYN_POS
     1x          Label A473 SSAV_Img_Sonic_058

