/*--------------------------------------------------------------*
 * Compilé avec C6809 v0.83                                     *
 *--------------------------------------------------------------*
 * Fichier source      : ./Sonic2/GeneratedCode/Img_Sonic_029_Erase.ASM
 * Fichier destination : ./Sonic2/GeneratedCode/Img_Sonic_029_Erase.BIN
 * Contenu :
 *     Main     0:IMGE.ASM     2622
 *--------------------------------------------------------------*/

Macro Pass
Pass1
Pass2
      2        A000                      ORG $A000
      3                  FF              SETDP $FF
      4        A000               ERASE_Img_Sonic_029
      5  6+5   A000 10EF 8D 01DB         STS ERASE_SSAV_Img_Sonic_029+2,PCR>>
      6
      7        A005               ERASE_CODE_Img_Sonic_029_1
      8  5+3   A005 37   42              PULU A,S
      9  4+0   A007 A7   E4              STA ,S
     10
     11  5+3   A009 37   42              PULU A,S
     12  4+1   A00B A7   E8 AE           STA -82,S
     13
     14  5+4   A00E 37   16              PULU A,B,X
     15  4+1   A010 A7   E8 29           STA 41,S
     16  4+1   A013 E7   E8 79           STB 121,S
     17  5+1   A016 AF   E8 88           STX -120,S
     18
     19  5+4   A019 37   16              PULU A,B,X
     20  4+1   A01B A7   E8 B1           STA -79,S
     21  4+1   A01E E7   E8 51           STB 81,S
     22  5+1   A021 AF   E8 86           STX -122,S
     23
     24  5+2   A024 37   06              PULU A,B
     25  4+1   A026 A7   61              STA 1,S
     26  4+1   A028 E7   E8 D9           STB -39,S
     27
     28  5+3   A02B 37   42              PULU A,S
     29  4+1   A02D A7   E8 7A           STA 122,S
     30
     31  5+6   A030 37   36              PULU D,X,Y
     32  5+1   A032 ED   E8 78           STD 120,S
     33  5+1   A035 AF   E8 76           STX 118,S
     34  6+1   A038 10AF E8 50           STY 80,S
     35
     36  5+6   A03C 37   36              PULU D,X,Y
     37  5+1   A03E ED   E8 4E           STD 78,S
     38  5+1   A041 AF   E8 26           STX 38,S
     39  6+1   A044 10AF E8 28           STY 40,S
     40
     41  5+6   A048 37   36              PULU D,X,Y
     42  5+0   A04A ED   E4              STD ,S
     43  5+1   A04C AF   E8 D8           STX -40,S
     44  6+1   A04F 10AF E8 B0           STY -80,S
     45
     46  5+6   A053 37   36              PULU D,X,Y
     47  5+1   A055 ED   E8 88           STD -120,S
     48  5+1   A058 AF   7E              STX -2,S
     49  6+1   A05A 10AF E8 D6           STY -42,S
     50
     51  5+4   A05E 37   16              PULU D,X
     52  5+1   A060 ED   E8 AE           STD -82,S
     53  5+1   A063 AF   E8 86           STX -122,S
     54
     55  5+4   A066 37   46              PULU D,S
     56  5+1   A068 ED   E8 77           STD 119,S
     57
     58  5+6   A06B 37   36              PULU D,X,Y
     59  5+1   A06D ED   E8 4F           STD 79,S
     60  5+1   A070 AF   E8 27           STX 39,S
     61  6+1   A073 10AF 7F              STY -1,S
     62
     63  5+6   A076 37   36              PULU D,X,Y
     64  5+1   A078 ED   E8 D7           STD -41,S
     65  5+1   A07B AF   E8 AF           STX -81,S
     66  6+1   A07E 10AF E8 87           STY -121,S
     67
     68  5+6   A082 37   36              PULU D,X,Y
     69  5+1   A084 ED   E8 89           STD -119,S
     70  5+1   A087 AF   E8 B1           STX -79,S
     71  6+1   A08A 10AF 61              STY 1,S
     72
     73  5+6   A08D 37   36              PULU D,X,Y
     74  5+1   A08F ED   E8 51           STD 81,S
     75  5+1   A092 AF   E8 D9           STX -39,S
     76  6+1   A095 10AF E8 29           STY 41,S
     77
     78  5+2   A099 37   06              PULU D
     79  5+1   A09B ED   E8 79           STD 121,S
     80
     81  5+5   A09E 37   52              PULU A,X,S
     82  5+3   A0A0 34   12              PSHS A,X
     83
     84  5+2   A0A2 37   06              PULU D
     85  5+1   A0A4 ED   E8 78           STD 120,S
     86
     87  5+2   A0A7 37   06              PULU A,B
     88  4+1   A0A9 A7   E8 7A           STA 122,S
     89  4+1   A0AC E7   E8 52           STB 82,S
     90
     91  5+5   A0AF 37   32              PULU A,X,Y
     92  4+1   A0B1 A7   E8 2A           STA 42,S
     93  5+1   A0B4 AF   E8 28           STX 40,S
     94  6+1   A0B7 10AF E8 50           STY 80,S
     95
     96  5+6   A0BB 37   56              PULU D,X,S
     97  5+4   A0BD 34   16              PSHS D,X
     98
     99  5+5   A0BF 37   32              PULU A,X,Y
    100  4+1   A0C1 A7   E8 8B           STA -117,S
    101  5+1   A0C4 AF   E8 B0           STX -80,S
    102  6+1   A0C7 10AF E8 D8           STY -40,S
    103
    104  5+6   A0CB 37   36              PULU D,X,Y
    105  5+1   A0CD ED   E8 DA           STD -38,S
    106  5+1   A0D0 AF   E8 B2           STX -78,S
    107  6+1   A0D3 10AF E8 88           STY -120,S
    108
    109  5+4   A0D7 37   46              PULU A,B,S
    110  4+1   A0D9 A7   7F              STA -1,S
    111  4+1   A0DB E7   61              STB 1,S
    112
    113  5+3   A0DD 37   42              PULU A,S
    114  4+1   A0DF A7   E8 78           STA 120,S
    115
    116  5+2   A0E2 37   06              PULU A,B
    117  4+1   A0E4 A7   E8 50           STA 80,S
    118  4+1   A0E7 E7   E8 4E           STB 78,S
    119
    120  5+2   A0EA 37   06              PULU A,B
    121  4+1   A0EC A7   7F              STA -1,S
    122  4+1   A0EE E7   E8 D7           STB -41,S
    123
    124  5+2   A0F1 37   06              PULU A,B
    125  4+1   A0F3 A7   E8 AF           STA -81,S
    126  4+1   A0F6 E7   E8 76           STB 118,S
    127
    128  5+3   A0F9 37   12              PULU A,X
    129  4+1   A0FB A7   E8 87           STA -121,S
    130  5+1   A0FE AF   E8 26           STX 38,S
    131
    132  5+4   A101 37   46              PULU A,B,S
    133  4+1   A103 A7   E8 3C           STA 60,S
    134  4+1   A106 E7   E8 64           STB 100,S
    135
    136  5+2   A109 37   06              PULU A,B
    137  4+1   A10B A7   E8 14           STA 20,S
    138  4+1   A10E E7   E8 C4           STB -60,S
    139
    140  5+3   A111 37   12              PULU A,X
    141  4+1   A113 A7   E8 EC           STA -20,S
    142  5+1   A116 AF   E8 9B           STX -101,S
    143
    144  5+3   A119 37   42              PULU A,S
    145  4+1   A11B A7   E8 77           STA 119,S
    146
    147  5+3   A11E 37   12              PULU A,X
    148  4+1   A120 A7   E8 4F           STA 79,S
    149  5+1   A123 AF   E8 51           STX 81,S
    150
    151  5+5   A126 37   32              PULU A,X,Y
    152  4+1   A128 A7   61              STA 1,S
    153  5+1   A12A AF   E8 B0           STX -80,S
    154  6+1   A12D 10AF E8 79           STY 121,S
    155
    156  5+4   A131 37   16              PULU D,X
    157  5+1   A133 ED   E8 AE           STD -82,S
    158  5+1   A136 AF   E8 86           STX -122,S
    159
    160  5+6   A139 37   36              PULU A,B,X,Y
    161  4+1   A13B A7   E8 D9           STA -39,S
    162  4+1   A13E E7   E8 29           STB 41,S
    163  5+1   A141 AF   E8 88           STX -120,S
    164  6+1   A144 10AF E8 27           STY 39,S
    165
    166  5+4   A148 37   16              PULU D,X
    167  5+1   A14A ED   7F              STD -1,S
    168  5+1   A14C AF   E8 D7           STX -41,S
    169
    170  5+5   A14F 37   52              PULU A,X,S
    171  5+3   A151 34   12              PSHS A,X
    172
    173  5+6   A153 37   36              PULU D,X,Y
    174  5+1   A155 ED   E8 28           STD 40,S
    175  5+1   A158 AF   E8 7A           STX 122,S
    176  6+1   A15B 10AF E8 78           STY 120,S
    177
    178  5+2   A15F 37   06              PULU D
    179  5+1   A161 ED   E8 50           STD 80,S
    180
    181  5+5   A164 37   32              PULU A,X,Y
    182  4+1   A166 A7   63              STA 3,S
    183  5+1   A168 AF   E8 52           STX 82,S
    184  6+1   A16B 10AF E8 2A           STY 42,S
    185
    186  5+5   A16F 37   52              PULU A,X,S
    187  5+3   A171 34   12              PSHS A,X
    188
    189  5+5   A173 37   52              PULU A,X,S
    190  5+3   A175 34   12              PSHS A,X
    191
    192  5+5   A177 37   52              PULU A,X,S
    193  5+3   A179 34   12              PSHS A,X
    194
    195  5+5   A17B 37   52              PULU A,X,S
    196  5+3   A17D 34   12              PSHS A,X
    197
    198  5+5   A17F 37   52              PULU A,X,S
    199  5+3   A181 34   12              PSHS A,X
    200
    201  5+5   A183 37   52              PULU A,X,S
    202  5+3   A185 34   12              PSHS A,X
    203
    204  5+5   A187 37   52              PULU A,X,S
    205  5+3   A189 34   12              PSHS A,X
    206
    207  5+3   A18B 37   12              PULU A,X
    208  4+1   A18D A7   E8 DA           STA -38,S
    209  5+1   A190 AF   E8 D8           STX -40,S
    210
    211  5+6   A193 37   56              PULU D,X,S
    212  5+4   A195 34   16              PSHS D,X
    213
    214  5+6   A197 37   36              PULU A,B,X,Y
    215  4+1   A199 A7   E8 7A           STA 122,S
    216  4+1   A19C E7   E8 52           STB 82,S
    217  5+1   A19F AF   E8 50           STX 80,S
    218  6+1   A1A2 10AF E8 78           STY 120,S
    219
    220  5+4   A1A6 37   16              PULU D,X
    221  5+1   A1A8 ED   E8 2A           STD 42,S
    222  5+1   A1AB AF   E8 28           STX 40,S
    223
    224  5+5   A1AE 37   52              PULU A,X,S
    225  5+3   A1B0 34   12              PSHS A,X
    226
    227  5+5   A1B2 37   32              PULU A,X,Y
    228  4+1   A1B4 A7   E8 DA           STA -38,S
    229  5+1   A1B7 AF   E8 29           STX 41,S
    230  6+1   A1BA 10AF E8 27           STY 39,S
    231
    232  5+6   A1BE 37   36              PULU D,X,Y
    233  5+1   A1C0 ED   E8 D8           STD -40,S
    234  5+1   A1C3 AF   E8 89           STX -119,S
    235  6+1   A1C6 10AF E8 B1           STY -79,S
    236
    237  5+7   A1CA 37   72              PULU A,X,Y,S
    238  4+0   A1CC A7   E4              STA ,S
    239  5+1   A1CE AF   E8 27           STX 39,S
    240  6+1   A1D1 10AF E8 4F           STY 79,S
    241
    242  5+2   A1D5 37   06              PULU A,B
    243  4+1   A1D7 A7   E8 D8           STA -40,S
    244  4+1   A1DA E7   E8 B0           STB -80,S
    245
    246        A1DD               ERASE_SSAV_Img_Sonic_029
    247  4     A1DD 10CE 0000            LDS #$0000
    248  5     A1E1 39                   RTS
    249

000000 Total Errors

000003 Total Symbols
     0x          Label A005 ERASE_CODE_Img_Sonic_029_1
     0x          Label A000 ERASE_Img_Sonic_029
     1x          Label A1DD ERASE_SSAV_Img_Sonic_029

