/*--------------------------------------------------------------*
 * Compilé avec C6809 v0.83                                     *
 *--------------------------------------------------------------*
 * Fichier source      : ./Sonic2/GeneratedCode/Img_Sonic_106_BckDraw.ASM
 * Fichier destination : ./Sonic2/GeneratedCode/Img_Sonic_106_BckDraw.BIN
 * Contenu :
 *     Main     0:IMGD.ASM     6026
 *--------------------------------------------------------------*/

Macro Pass
Pass1
Pass2
      2        A000                      ORG $A000
      3                  FF              SETDP $FF
      4        A000               BCKDRAW_Img_Sonic_106
      5  6+5   A000 10EF 8D 049B         STS SSAV_Img_Sonic_106+2,PCR
      6
      7  5+5   A005 ED   8D 0243         STD DYN_POS+2,PCR
      8  6+0   A009 10EE A4              LDS ,Y
      9  4+4   A00C 32   E9 034A         LEAS 842,S
     10
     11  5+1   A010 EC   E8 B0           LDD -80,S
     12  5+2   A013 36   06              PSHU D
     13  2     A015 86   EC              LDA #$ec
     14  2     A017 C4   0F              ANDB #$0F
     15  2     A019 CA   B0              ORB #$b0
     16  5+1   A01B ED   E8 B0           STD -80,S
     17  4+1   A01E A6   61              LDA 1,S
     18  4+1   A020 E6   E8 88           LDB -120,S
     19  5+2   A023 36   06              PSHU B,A
     20  2     A025 C4   F0              ANDB #$F0
     21  2     A027 CA   0B              ORB #$0b
     22  4+1   A029 E7   E8 88           STB -120,S
     23  5+1   A02C EC   E8 D8           LDD -40,S
     24  5+2   A02F 36   06              PSHU D
     25  2     A031 84   F0              ANDA #$F0
     26  2     A033 8A   0E              ORA #$0e
     27  2     A035 C6   CB              LDB #$cb
     28  5+1   A037 ED   E8 D8           STD -40,S
     29  5+1   A03A EC   E8 78           LDD 120,S
     30  5+2   A03D 36   06              PSHU D
     31  2     A03F 84   F0              ANDA #$F0
     32  2     A041 8A   0B              ORA #$0b
     33  2     A043 C6   DC              LDB #$dc
     34  5+1   A045 ED   E8 78           STD 120,S
     35  2     A048 86   CE              LDA #$ce
     36  4+1   A04A A7   61              STA 1,S
     37  4+1   A04C A6   E8 29           LDA 41,S
     38  4+1   A04F E6   E8 51           LDB 81,S
     39  5+4   A052 36   46              PSHU S,B,A
     40  2     A054 86   EB              LDA #$eb
     41  4+1   A056 A7   E8 29           STA 41,S
     42  4+1   A059 A7   E8 51           STA 81,S
     43  4+4   A05C 32   E9 0119         LEAS 281,S
     44
     45  5+1   A060 EC   E8 4F           LDD 79,S
     46  5+2   A063 36   06              PSHU D
     47  2     A065 84   F0              ANDA #$F0
     48  2     A067 8A   0B              ORA #$0b
     49  2     A069 C6   ED              LDB #$ed
     50  5+1   A06B ED   E8 4F           STD 79,S
     51  5+1   A06E EC   E8 77           LDD 119,S
     52  5+2   A071 36   06              PSHU D
     53  2     A073 84   F0              ANDA #$F0
     54  2     A075 8A   0B              ORA #$0b
     55  2     A077 C6   EC              LDB #$ec
     56  5+1   A079 ED   E8 77           STD 119,S
     57  5+1   A07C AE   E8 87           LDX -121,S
     58  6+1   A07F 10AE E8 AF           LDY -81,S
     59  5+4   A083 36   30              PSHU Y,X
     60  5+1   A085 EC   E8 D7           LDD -41,S
     61  5+1   A088 AE   E8 27           LDX 39,S
     62  6+1   A08B 10AE 7F              LDY -1,S
     63  5+6   A08E 36   36              PSHU Y,X,D
     64  3     A090 CC   EEDD            LDD #$eedd
     65  5+1   A093 ED   7F              STD -1,S
     66  5+1   A095 ED   E8 27           STD 39,S
     67  2     A098 86   DE              LDA #$de
     68  5+1   A09A ED   E8 D7           STD -41,S
     69  2     A09D 86   BD              LDA #$bd
     70  5+1   A09F ED   E8 AF           STD -81,S
     71  4+1   A0A2 A6   E8 89           LDA -119,S
     72  5+1   A0A5 36   02              PSHU A
     73  2     A0A7 84   0F              ANDA #$0F
     74  2     A0A9 8A   E0              ORA #$e0
     75  4+1   A0AB A7   E8 89           STA -119,S
     76  4+1   A0AE A6   E8 B1           LDA -79,S
     77  5+1   A0B1 36   02              PSHU A
     78  2     A0B3 84   0F              ANDA #$0F
     79  2     A0B5 8A   E0              ORA #$e0
     80  4+1   A0B7 A7   E8 B1           STA -79,S
     81  4+1   A0BA A6   E8 D9           LDA -39,S
     82  5+1   A0BD 36   02              PSHU A
     83  2     A0BF 84   0F              ANDA #$0F
     84  2     A0C1 8A   E0              ORA #$e0
     85  4+1   A0C3 A7   E8 D9           STA -39,S
     86  4+1   A0C6 A6   61              LDA 1,S
     87  5+1   A0C8 36   02              PSHU A
     88  2     A0CA 84   0F              ANDA #$0F
     89  2     A0CC 8A   E0              ORA #$e0
     90  4+1   A0CE A7   61              STA 1,S
     91  4+1   A0D0 A6   E8 29           LDA 41,S
     92  5+1   A0D3 36   02              PSHU A
     93  2     A0D5 84   0F              ANDA #$0F
     94  2     A0D7 8A   E0              ORA #$e0
     95  4+1   A0D9 A7   E8 29           STA 41,S
     96  4+1   A0DC A6   E8 51           LDA 81,S
     97  5+1   A0DF 36   02              PSHU A
     98  2     A0E1 84   0F              ANDA #$0F
     99  2     A0E3 8A   E0              ORA #$e0
    100  4+1   A0E5 A7   E8 51           STA 81,S
    101  4+1   A0E8 A6   E8 79           LDA 121,S
    102  5+3   A0EB 36   42              PSHU S,A
    103  2     A0ED 84   0F              ANDA #$0F
    104  2     A0EF 8A   E0              ORA #$e0
    105  4+1   A0F1 A7   E8 79           STA 121,S
    106  3     A0F4 CC   BBDC            LDD #$bbdc
    107  5+1   A0F7 ED   E8 87           STD -121,S
    108  4+4   A0FA 32   E9 00B4         LEAS 180,S
    109
    110  5+1   A0FE AE   E8 EB           LDX -21,S
    111  3     A101 CC   BDDB            LDD #$bddb
    112  5+1   A104 ED   E8 EB           STD -21,S
    113  6+1   A107 10AE E8 13           LDY 19,S
    114  5+4   A10B 36   30              PSHU Y,X
    115  2     A10D 86   CD              LDA #$cd
    116  5+1   A10F ED   E8 13           STD 19,S
    117  4+1   A112 A6   E8 ED           LDA -19,S
    118  5+1   A115 36   02              PSHU A
    119  2     A117 84   0F              ANDA #$0F
    120  2     A119 8A   E0              ORA #$e0
    121  4+1   A11B A7   E8 ED           STA -19,S
    122  4+1   A11E A6   E8 15           LDA 21,S
    123  5+3   A121 36   42              PSHU S,A
    124  2     A123 84   0F              ANDA #$0F
    125  2     A125 8A   80              ORA #$80
    126  4+1   A127 A7   E8 15           STA 21,S
    127  4+4   A12A 32   E9 00B3         LEAS 179,S
    128
    129  5+1   A12E AE   E8 88           LDX -120,S
    130  3     A131 CC   DEBE            LDD #$debe
    131  5+1   A134 ED   E8 88           STD -120,S
    132  6+1   A137 10AE E8 B0           LDY -80,S
    133  5+4   A13B 36   30              PSHU Y,X
    134  4+1   A13D A6   E8 8A           LDA -118,S
    135  5+1   A140 36   02              PSHU A
    136  2     A142 84   0F              ANDA #$0F
    137  2     A144 8A   40              ORA #$40
    138  4+1   A146 A7   E8 8A           STA -118,S
    139  4+1   A149 A6   E8 B2           LDA -78,S
    140  5+1   A14C 36   02              PSHU A
    141  2     A14E 84   F0              ANDA #$F0
    142  2     A150 8A   02              ORA #$02
    143  4+1   A152 A7   E8 B2           STA -78,S
    144  3     A155 CC   EEBB            LDD #$eebb
    145  5+1   A158 ED   E8 B0           STD -80,S
    146  5+1   A15B AE   E8 D9           LDX -39,S
    147  5+2   A15E 36   10              PSHU X
    148  3     A160 CC   EB20            LDD #$eb20
    149  5+1   A163 ED   E8 D9           STD -39,S
    150  5+3   A166 35   12              PULS A,X
    151  5+5   A168 36   52              PSHU S,X,A
    152  2     A16A 86   3B              LDA #$3b
    153  3     A16C 8E   DC20            LDX #$dc20
    154  5+3   A16F 34   12              PSHS A,X
    155  4+1   A171 32   E8 28           LEAS 40,S
    156
    157  5+3   A174 35   12              PULS A,X
    158  5+5   A176 36   52              PSHU S,X,A
    159  2     A178 86   2B              LDA #$2b
    160  3     A17A 8E   DB01            LDX #$db01
    161  5+3   A17D 34   12              PSHS A,X
    162  4+1   A17F 32   E8 28           LEAS 40,S
    163
    164  5+1   A182 AE   E8 28           LDX 40,S
    165  3     A185 CC   BEEE            LDD #$beee
    166  5+1   A188 ED   E8 28           STD 40,S
    167  6+1   A18B 10AE E8 78           LDY 120,S
    168  5+4   A18F 36   30              PSHU Y,X
    169  5+1   A191 EC   E8 50           LDD 80,S
    170  5+2   A194 36   06              PSHU D
    171  2     A196 84   0F              ANDA #$0F
    172  2     A198 8A   E0              ORA #$e0
    173  2     A19A C6   8E              LDB #$8e
    174  5+1   A19C ED   E8 50           STD 80,S
    175  3     A19F CC   E44E            LDD #$e44e
    176  5+1   A1A2 ED   E8 78           STD 120,S
    177  5+3   A1A5 35   12              PULS A,X
    178  5+5   A1A7 36   52              PSHU S,X,A
    179  2     A1A9 86   2D              LDA #$2d
    180  3     A1AB 8E   DB13            LDX #$db13
    181  5+3   A1AE 34   12              PSHS A,X
    182  4+4   A1B0 32   E9 0119         LEAS 281,S
    183
    184  4+1   A1B4 A6   E8 29           LDA 41,S
    185  4+1   A1B7 E6   E8 4F           LDB 79,S
    186  5+2   A1BA 36   06              PSHU B,A
    187  4+1   A1BC A6   E8 D7           LDA -41,S
    188  4+1   A1BF E6   7F              LDB -1,S
    189  5+2   A1C1 36   06              PSHU B,A
    190  4+1   A1C3 A6   E8 AF           LDA -81,S
    191  4+1   A1C6 E6   E8 87           LDB -121,S
    192  5+2   A1C9 36   06              PSHU B,A
    193  4+1   A1CB A6   61              LDA 1,S
    194  4+1   A1CD E6   E8 B1           LDB -79,S
    195  5+2   A1D0 36   06              PSHU B,A
    196  4+1   A1D2 A6   E8 27           LDA 39,S
    197  4+1   A1D5 E6   E8 D9           LDB -39,S
    198  5+2   A1D8 36   06              PSHU B,A
    199  4+1   A1DA A6   E8 51           LDA 81,S
    200  4+1   A1DD E6   E8 79           LDB 121,S
    201  5+2   A1E0 36   06              PSHU B,A
    202  2     A1E2 86   45              LDA #$45
    203  4+1   A1E4 A7   E8 4F           STA 79,S
    204  2     A1E7 86   05              LDA #$05
    205  4+1   A1E9 A7   E8 B1           STA -79,S
    206  4+1   A1EC A7   E8 D9           STA -39,S
    207  4+1   A1EF A7   E8 29           STA 41,S
    208  4+1   A1F2 A6   E8 77           LDA 119,S
    209  5+3   A1F5 36   42              PSHU S,A
    210  2     A1F7 84   0F              ANDA #$0F
    211  2     A1F9 8A   40              ORA #$40
    212  4+1   A1FB A7   E8 77           STA 119,S
    213  2     A1FE 86   64              LDA #$64
    214  4+1   A200 A7   E8 87           STA -121,S
    215  4+1   A203 A7   E8 AF           STA -81,S
    216  4+1   A206 A7   E8 D7           STA -41,S
    217  2     A209 86   06              LDA #$06
    218  4+1   A20B A7   61              STA 1,S
    219  2     A20D 86   65              LDA #$65
    220  4+1   A20F A7   7F              STA -1,S
    221  4+1   A211 A7   E8 27           STA 39,S
    222  4+1   A214 A7   E8 51           STA 81,S
    223  4+1   A217 A7   E8 79           STA 121,S
    224  4+4   A21A 32   E9 00B4         LEAS 180,S
    225
    226  4+1   A21E A6   E8 ED           LDA -19,S
    227  4+1   A221 E6   E8 EB           LDB -21,S
    228  5+2   A224 36   06              PSHU B,A
    229  2     A226 C4   0F              ANDB #$0F
    230  2     A228 CA   40              ORB #$40
    231  4+1   A22A E7   E8 EB           STB -21,S
    232  4+1   A22D A6   E8 13           LDA 19,S
    233  5+1   A230 36   02              PSHU A
    234  2     A232 84   0F              ANDA #$0F
    235  2     A234 8A   50              ORA #$50
    236  4+1   A236 A7   E8 13           STA 19,S
    237  4+1   A239 A6   E8 15           LDA 21,S
    238  5+3   A23C 36   42              PSHU S,A
    239  2     A23E 84   0F              ANDA #$0F
    240  2     A240 8A   60              ORA #$60
    241  4+1   A242 A7   E8 15           STA 21,S
    242  2     A245 86   66              LDA #$66
    243  4+1   A247 A7   E8 ED           STA -19,S
    244        A24A               DYN_POS
    245
    246  4     A24A 10CE 0000            LDS #$0000
    247  4+4   A24E 32   E9 034B         LEAS 843,S
    248
    249  4+1   A252 A6   E8 B0           LDA -80,S
    250  5+1   A255 AE   E8 78           LDX 120,S
    251  6+1   A258 10AE E8 28           LDY 40,S
    252  5+5   A25C 36   32              PSHU Y,X,A
    253  2     A25E 86   CB              LDA #$cb
    254  4+1   A260 A7   E8 B0           STA -80,S
    255  4+1   A263 A6   E8 88           LDA -120,S
    256  5+1   A266 36   02              PSHU A
    257  2     A268 84   0F              ANDA #$0F
    258  2     A26A 8A   B0              ORA #$b0
    259  4+1   A26C A7   E8 88           STA -120,S
    260  3     A26F CC   BBCE            LDD #$bbce
    261  5+1   A272 ED   E8 78           STD 120,S
    262  4+1   A275 A6   E8 D8           LDA -40,S
    263  4+0   A278 E6   E4              LDB ,S
    264  5+1   A27A AE   E8 50           LDX 80,S
    265  5+6   A27D 36   56              PSHU S,X,B,A
    266  3     A27F CC   EEBC            LDD #$eebc
    267  5+1   A282 ED   E8 50           STD 80,S
    268  2     A285 C6   EE              LDB #$ee
    269  5+1   A287 ED   E8 28           STD 40,S
    270  2     A28A 86   ED              LDA #$ed
    271  4+0   A28C A7   E4              STA ,S
    272  2     A28E 86   DC              LDA #$dc
    273  4+1   A290 A7   E8 D8           STA -40,S
    274  4+4   A293 32   E9 0117         LEAS 279,S
    275
    276  5+1   A297 EC   E8 B0           LDD -80,S
    277  5+2   A29A 36   06              PSHU D
    278  2     A29C 84   F0              ANDA #$F0
    279  2     A29E 8A   0B              ORA #$0b
    280  2     A2A0 C6   E4              LDB #$e4
    281  5+1   A2A2 ED   E8 B0           STD -80,S
    282  5+1   A2A5 EC   E8 D8           LDD -40,S
    283  5+2   A2A8 36   06              PSHU D
    284  2     A2AA 84   F0              ANDA #$F0
    285  2     A2AC 8A   0B              ORA #$0b
    286  2     A2AE C6   E4              LDB #$e4
    287  5+1   A2B0 ED   E8 D8           STD -40,S
    288  4+1   A2B3 A6   E8 B2           LDA -78,S
    289  4+1   A2B6 E6   E8 DA           LDB -38,S
    290  5+1   A2B9 AE   E8 89           LDX -119,S
    291  5+4   A2BC 36   16              PSHU X,B,A
    292  3     A2BE CC   EBCE            LDD #$ebce
    293  5+1   A2C1 ED   E8 89           STD -119,S
    294  2     A2C4 86   DB              LDA #$db
    295  4+1   A2C6 A7   E8 B2           STA -78,S
    296  4+1   A2C9 A7   E8 DA           STA -38,S
    297  5+3   A2CC 35   12              PULS A,X
    298  5+5   A2CE 36   52              PSHU S,X,A
    299  2     A2D0 86   BD              LDA #$bd
    300  3     A2D2 8E   E4DC            LDX #$e4dc
    301  5+3   A2D5 34   12              PSHS A,X
    302  4+1   A2D7 32   E8 28           LEAS 40,S
    303
    304  5+1   A2DA AE   E8 29           LDX 41,S
    305  3     A2DD CC   E4DB            LDD #$e4db
    306  5+1   A2E0 ED   E8 29           STD 41,S
    307  6+1   A2E3 10AE E8 79           LDY 121,S
    308  5+4   A2E7 36   30              PSHU Y,X
    309  2     A2E9 C6   BE              LDB #$be
    310  5+1   A2EB ED   E8 79           STD 121,S
    311  5+1   A2EE EC   E8 51           LDD 81,S
    312  5+2   A2F1 36   06              PSHU D
    313  3     A2F3 CC   EBBB            LDD #$ebbb
    314  5+1   A2F6 ED   E8 51           STD 81,S
    315  5+3   A2F9 35   12              PULS A,X
    316  5+5   A2FB 36   52              PSHU S,X,A
    317  2     A2FD 86   EE              LDA #$ee
    318  3     A2FF 8E   E4DB            LDX #$e4db
    319  5+3   A302 34   12              PSHS A,X
    320  4+4   A304 32   E9 011A         LEAS 282,S
    321
    322  5+1   A308 AE   E8 87           LDX -121,S
    323  3     A30B CC   E4E8            LDD #$e4e8
    324  5+1   A30E ED   E8 87           STD -121,S
    325  6+1   A311 10AE E8 AF           LDY -81,S
    326  5+4   A315 36   30              PSHU Y,X
    327  3     A317 CC   44E7            LDD #$44e7
    328  5+1   A31A ED   E8 AF           STD -81,S
    329  5+1   A31D EC   E8 D6           LDD -42,S
    330  5+2   A320 36   06              PSHU D
    331  2     A322 84   F0              ANDA #$F0
    332  2     A324 8A   0B              ORA #$0b
    333  2     A326 C6   44              LDB #$44
    334  5+1   A328 ED   E8 D6           STD -42,S
    335  5+1   A32B EC   7E              LDD -2,S
    336  5+2   A32D 36   06              PSHU D
    337  2     A32F 84   F0              ANDA #$F0
    338  2     A331 8A   0C              ORA #$0c
    339  2     A333 C6   BE              LDB #$be
    340  5+1   A335 ED   7E              STD -2,S
    341  5+1   A337 EC   E8 26           LDD 38,S
    342  5+2   A33A 36   06              PSHU D
    343  2     A33C 84   F0              ANDA #$F0
    344  2     A33E 8A   0E              ORA #$0e
    345  2     A340 C6   DB              LDB #$db
    346  5+1   A342 ED   E8 26           STD 38,S
    347  5+1   A345 EC   E8 4E           LDD 78,S
    348  5+2   A348 36   06              PSHU D
    349  2     A34A 84   F0              ANDA #$F0
    350  2     A34C 8A   03              ORA #$03
    351  2     A34E C6   EB              LDB #$eb
    352  5+1   A350 ED   E8 4E           STD 78,S
    353  5+1   A353 EC   E8 76           LDD 118,S
    354  5+2   A356 36   06              PSHU D
    355  2     A358 84   F0              ANDA #$F0
    356  2     A35A 8A   03              ORA #$03
    357  2     A35C C6   4E              LDB #$4e
    358  5+1   A35E ED   E8 76           STD 118,S
    359  5+1   A361 EC   E8 D8           LDD -40,S
    360  5+2   A364 36   06              PSHU D
    361  2     A366 86   E7              LDA #$e7
    362  2     A368 C4   0F              ANDB #$0F
    363  2     A36A CA   30              ORB #$30
    364  5+1   A36C ED   E8 D8           STD -40,S
    365  5+1   A36F EC   E8 50           LDD 80,S
    366  5+2   A372 36   06              PSHU D
    367  2     A374 86   87              LDA #$87
    368  2     A376 C4   0F              ANDB #$0F
    369  2     A378 CA   20              ORB #$20
    370  5+1   A37A ED   E8 50           STD 80,S
    371  5+1   A37D EC   E8 78           LDD 120,S
    372  5+2   A380 36   06              PSHU D
    373  2     A382 86   86              LDA #$86
    374  2     A384 C4   0F              ANDB #$0F
    375  2     A386 CA   30              ORB #$30
    376  5+1   A388 ED   E8 78           STD 120,S
    377  5+0   A38B EC   E4              LDD ,S
    378  5+2   A38D 36   06              PSHU D
    379  2     A38F 84   0F              ANDA #$0F
    380  2     A391 C4   0F              ANDB #$0F
    381  4     A393 C3   8010            ADDD #$8010
    382  5+0   A396 ED   E4              STD ,S
    383  5+1   A398 EC   E8 28           LDD 40,S
    384  5+4   A39B 36   46              PSHU S,D
    385  2     A39D 84   0F              ANDA #$0F
    386  2     A39F C4   0F              ANDB #$0F
    387  4     A3A1 C3   6010            ADDD #$6010
    388  5+1   A3A4 ED   E8 28           STD 40,S
    389  4+4   A3A7 32   E9 009F         LEAS 159,S
    390
    391  5+1   A3AB EC   7F              LDD -1,S
    392  5+2   A3AD 36   06              PSHU D
    393  2     A3AF 84   F0              ANDA #$F0
    394  2     A3B1 8A   02              ORA #$02
    395  2     A3B3 C6   4E              LDB #$4e
    396  5+1   A3B5 ED   7F              STD -1,S
    397  4+1   A3B7 A6   61              LDA 1,S
    398  5+3   A3B9 36   42              PSHU S,A
    399  2     A3BB 84   0F              ANDA #$0F
    400  2     A3BD 8A   B0              ORA #$b0
    401  4+1   A3BF A7   61              STA 1,S
    402  4+4   A3C1 32   E9 00A0         LEAS 160,S
    403
    404  5+1   A3C5 EC   E8 B0           LDD -80,S
    405  5+2   A3C8 36   06              PSHU D
    406  2     A3CA 86   B4              LDA #$b4
    407  2     A3CC C4   0F              ANDB #$0F
    408  2     A3CE CA   D0              ORB #$d0
    409  5+1   A3D0 ED   E8 B0           STD -80,S
    410  5+1   A3D3 EC   E8 D8           LDD -40,S
    411  5+2   A3D6 36   06              PSHU D
    412  2     A3D8 86   E4              LDA #$e4
    413  2     A3DA C4   0F              ANDB #$0F
    414  2     A3DC CA   B0              ORB #$b0
    415  5+1   A3DE ED   E8 D8           STD -40,S
    416  4+1   A3E1 A6   E8 88           LDA -120,S
    417  5+1   A3E4 36   02              PSHU A
    418  2     A3E6 84   F0              ANDA #$F0
    419  2     A3E8 8A   0E              ORA #$0e
    420  4+1   A3EA A7   E8 88           STA -120,S
    421  4+1   A3ED A6   E8 B2           LDA -78,S
    422  5+1   A3F0 36   02              PSHU A
    423  2     A3F2 84   F0              ANDA #$F0
    424  2     A3F4 8A   05              ORA #$05
    425  4+1   A3F6 A7   E8 B2           STA -78,S
    426  4+1   A3F9 A6   E8 77           LDA 119,S
    427  5+1   A3FC 36   02              PSHU A
    428  2     A3FE 84   F0              ANDA #$F0
    429  2     A400 8A   06              ORA #$06
    430  4+1   A402 A7   E8 77           STA 119,S
    431  5+1   A405 EC   E8 28           LDD 40,S
    432  5+2   A408 36   06              PSHU D
    433  2     A40A 84   0F              ANDA #$0F
    434  2     A40C C4   F0              ANDB #$F0
    435  4     A40E C3   200B            ADDD #$200b
    436  5+1   A411 ED   E8 28           STD 40,S
    437  5+1   A414 EC   E8 79           LDD 121,S
    438  5+2   A417 36   06              PSHU D
    439  2     A419 84   F0              ANDA #$F0
    440  2     A41B C4   0F              ANDB #$0F
    441  4     A41D C3   0250            ADDD #$0250
    442  5+1   A420 ED   E8 79           STD 121,S
    443  4+1   A423 A6   E8 DA           LDA -38,S
    444  4+1   A426 E6   E8 2A           LDB 42,S
    445  5+2   A429 36   06              PSHU B,A
    446  2     A42B 86   55              LDA #$55
    447  4+1   A42D A7   E8 DA           STA -38,S
    448  2     A430 86   05              LDA #$05
    449  4+1   A432 A7   E8 2A           STA 42,S
    450  5+1   A435 EC   E8 51           LDD 81,S
    451  5+2   A438 36   06              PSHU D
    452  2     A43A 84   F0              ANDA #$F0
    453  2     A43C 8A   04              ORA #$04
    454  2     A43E C6   53              LDB #$53
    455  5+1   A440 ED   E8 51           STD 81,S
    456  5+3   A443 35   12              PULS A,X
    457  5+5   A445 36   52              PSHU S,X,A
    458  2     A447 86   24              LDA #$24
    459  3     A449 8E   ED05            LDX #$ed05
    460  5+3   A44C 34   12              PSHS A,X
    461  4+4   A44E 32   E9 00DB         LEAS 219,S
    462
    463  5+1   A452 EC   E8 C6           LDD -58,S
    464  5+2   A455 36   06              PSHU D
    465  2     A457 84   F0              ANDA #$F0
    466  2     A459 C4   0F              ANDB #$0F
    467  4     A45B C3   0330            ADDD #$0330
    468  5+1   A45E ED   E8 C6           STD -58,S
    469  4+1   A461 A6   E8 C4           LDA -60,S
    470  5+1   A464 36   02              PSHU A
    471  2     A466 84   F0              ANDA #$F0
    472  2     A468 8A   06              ORA #$06
    473  4+1   A46A A7   E8 C4           STA -60,S
    474  4+1   A46D A6   E8 EC           LDA -20,S
    475  5+1   A470 36   02              PSHU A
    476  2     A472 84   F0              ANDA #$F0
    477  2     A474 8A   06              ORA #$06
    478  4+1   A476 A7   E8 EC           STA -20,S
    479  4+1   A479 A6   E8 EE           LDA -18,S
    480  5+1   A47C 36   02              PSHU A
    481  2     A47E 84   F0              ANDA #$F0
    482  2     A480 8A   06              ORA #$06
    483  4+1   A482 A7   E8 EE           STA -18,S
    484  4+1   A485 A6   E8 14           LDA 20,S
    485  5+1   A488 36   02              PSHU A
    486  2     A48A 84   F0              ANDA #$F0
    487  2     A48C 8A   06              ORA #$06
    488  4+1   A48E A7   E8 14           STA 20,S
    489  4+1   A491 A6   E8 3C           LDA 60,S
    490  5+3   A494 36   42              PSHU S,A
    491  2     A496 84   F0              ANDA #$F0
    492  2     A498 8A   06              ORA #$06
    493  4+1   A49A A7   E8 3C           STA 60,S
    494        A49D               SSAV_Img_Sonic_106
    495  4     A49D 10CE 0000            LDS #$0000
    496  5     A4A1 39                   RTS
    497

000000 Total Errors

000003 Total Symbols
     0x          Label A000 BCKDRAW_Img_Sonic_106
     1x          Label A24A DYN_POS
     1x          Label A49D SSAV_Img_Sonic_106

