/*--------------------------------------------------------------*
 * Compilé avec C6809 v0.83                                     *
 *--------------------------------------------------------------*
 * Fichier source      : ./Sonic2/GeneratedCode/Img_Sonic_036_Erase.ASM
 * Fichier destination : ./Sonic2/GeneratedCode/Img_Sonic_036_Erase.BIN
 * Contenu :
 *     Main     0:IMGE.ASM     2349
 *--------------------------------------------------------------*/

Macro Pass
Pass1
Pass2
      2        A000                      ORG $A000
      3                  FF              SETDP $FF
      4        A000               ERASE_Img_Sonic_036
      5  6+5   A000 10EF 8D 019A         STS ERASE_SSAV_Img_Sonic_036+2,PCR>>
      6
      7        A005               ERASE_CODE_Img_Sonic_036_1
      8  5+4   A005 37   46              PULU A,B,S
      9  4+1   A007 A7   E8 15           STA 21,S
     10  4+1   A00A E7   E8 3D           STB 61,S
     11
     12  5+4   A00D 37   16              PULU A,B,X
     13  4+1   A00F A7   E8 C5           STA -59,S
     14  4+1   A012 E7   E8 ED           STB -19,S
     15  5+1   A015 AF   E8 C2           STX -62,S
     16
     17  5+4   A018 37   46              PULU D,S
     18  5+1   A01A ED   E8 76           STD 118,S
     19
     20  5+4   A01D 37   16              PULU D,X
     21  5+1   A01F ED   E8 4E           STD 78,S
     22  5+1   A022 AF   E8 26           STX 38,S
     23
     24  5+2   A025 37   06              PULU A,B
     25  4+1   A027 A7   E8 7A           STA 122,S
     26  4+1   A02A E7   E8 52           STB 82,S
     27
     28  5+2   A02D 37   06              PULU A,B
     29  4+1   A02F A7   E8 2A           STA 42,S
     30  4+1   A032 E7   62              STB 2,S
     31
     32  5+2   A034 37   06              PULU A,B
     33  4+1   A036 A7   E8 DA           STA -38,S
     34  4+1   A039 E7   E8 B2           STB -78,S
     35
     36  5+5   A03C 37   32              PULU A,X,Y
     37  4+1   A03E A7   E8 8A           STA -118,S
     38  5+1   A041 AF   E8 D7           STX -41,S
     39  6+1   A044 10AF E8 87           STY -121,S
     40
     41  5+6   A048 37   36              PULU D,X,Y
     42  5+1   A04A ED   E8 AF           STD -81,S
     43  5+1   A04D AF   E8 78           STX 120,S
     44  6+1   A050 10AF E8 50           STY 80,S
     45
     46  5+6   A054 37   36              PULU D,X,Y
     47  5+1   A056 ED   E8 28           STD 40,S
     48  5+0   A059 AF   E4              STX ,S
     49  6+1   A05B 10AF 7E              STY -2,S
     50
     51  5+6   A05E 37   36              PULU D,X,Y
     52  5+1   A060 ED   E8 D5           STD -43,S
     53  5+1   A063 AF   E8 AD           STX -83,S
     54  6+1   A066 10AF E8 85           STY -123,S
     55
     56  5+6   A06A 37   56              PULU D,X,S
     57  5+4   A06C 34   16              PSHS D,X
     58
     59  5+5   A06E 37   32              PULU A,X,Y
     60  4+1   A070 A7   E8 7C           STA 124,S
     61  5+1   A073 AF   E8 51           STX 81,S
     62  6+1   A076 10AF E8 79           STY 121,S
     63
     64  5+6   A07A 37   36              PULU D,X,Y
     65  5+1   A07C ED   E8 53           STD 83,S
     66  5+1   A07F AF   E8 2B           STX 43,S
     67  6+1   A082 10AF E8 29           STY 41,S
     68
     69  5+6   A086 37   36              PULU D,X,Y
     70  5+1   A088 ED   E8 77           STD 119,S
     71  5+1   A08B AF   E8 4F           STX 79,S
     72  6+1   A08E 10AF E8 27           STY 39,S
     73
     74  5+6   A092 37   56              PULU D,X,S
     75  5+4   A094 34   16              PSHS D,X
     76
     77  5+6   A096 37   56              PULU D,X,S
     78  5+4   A098 34   16              PSHS D,X
     79
     80  5+6   A09A 37   56              PULU D,X,S
     81  5+4   A09C 34   16              PSHS D,X
     82
     83  5+6   A09E 37   36              PULU D,X,Y
     84  5+1   A0A0 ED   E8 DA           STD -38,S
     85  5+1   A0A3 AF   E8 B0           STX -80,S
     86  6+1   A0A6 10AF E8 D8           STY -40,S
     87
     88  5+6   A0AA 37   36              PULU D,X,Y
     89  5+1   A0AC ED   E8 B2           STD -78,S
     90  5+1   A0AF AF   E8 8A           STX -118,S
     91  6+1   A0B2 10AF E8 88           STY -120,S
     92
     93  5+4   A0B6 37   46              PULU D,S
     94  5+1   A0B8 ED   E8 63           STD 99,S
     95
     96  5+4   A0BB 37   16              PULU D,X
     97  5+1   A0BD ED   E8 13           STD 19,S
     98  5+1   A0C0 AF   E8 3B           STX 59,S
     99
    100  5+4   A0C3 37   16              PULU A,B,X
    101  4+1   A0C5 A7   E8 C4           STA -60,S
    102  4+1   A0C8 E7   E8 9C           STB -100,S
    103  5+1   A0CB AF   E8 EB           STX -21,S
    104
    105  5+4   A0CE 37   46              PULU A,B,S
    106  4+1   A0D0 A7   E8 C6           STA -58,S
    107  4+1   A0D3 E7   E8 EE           STB -18,S
    108
    109  5+2   A0D6 37   06              PULU A,B
    110  4+1   A0D8 A7   E8 3E           STA 62,S
    111  4+1   A0DB E7   E8 3B           STB 59,S
    112
    113  5+2   A0DE 37   06              PULU A,B
    114  4+1   A0E0 A7   E8 16           STA 22,S
    115  4+1   A0E3 E7   E8 14           STB 20,S
    116
    117  5+6   A0E6 37   36              PULU A,B,X,Y
    118  4+1   A0E8 A7   E8 EC           STA -20,S
    119  4+1   A0EB E7   E8 C4           STB -60,S
    120  5+1   A0EE AF   E8 12           STX 18,S
    121  6+1   A0F1 10AF E8 EA           STY -22,S
    122
    123  5+2   A0F5 37   06              PULU D
    124  5+1   A0F7 ED   E8 C2           STD -62,S
    125
    126  5+5   A0FA 37   52              PULU A,X,S
    127  5+3   A0FC 34   12              PSHS A,X
    128
    129  5+2   A0FE 37   06              PULU A,B
    130  4+1   A100 A7   E8 54           STA 84,S
    131  4+1   A103 E7   E8 7C           STB 124,S
    132
    133  5+2   A106 37   06              PULU A,B
    134  4+1   A108 A7   E8 7A           STA 122,S
    135  4+1   A10B E7   E8 2C           STB 44,S
    136
    137  5+5   A10E 37   32              PULU A,X,Y
    138  4+1   A110 A7   E8 52           STA 82,S
    139  5+1   A113 AF   E8 78           STX 120,S
    140  6+1   A116 10AF E8 50           STY 80,S
    141
    142  5+6   A11A 37   36              PULU D,X,Y
    143  5+1   A11C ED   E8 2A           STD 42,S
    144  5+1   A11F AF   E8 28           STX 40,S
    145  6+1   A122 10AF 63              STY 3,S
    146
    147  5+7   A125 37   72              PULU A,X,Y,S
    148  5+5   A127 34   32              PSHS A,X,Y
    149
    150  5+5   A129 37   52              PULU A,X,S
    151  5+3   A12B 34   12              PSHS A,X
    152
    153  5+2   A12D 37   06              PULU D
    154  5+1   A12F ED   63              STD 3,S
    155
    156  5+5   A131 37   52              PULU A,X,S
    157  5+3   A133 34   12              PSHS A,X
    158
    159  5+2   A135 37   06              PULU D
    160  5+1   A137 ED   63              STD 3,S
    161
    162  5+5   A139 37   52              PULU A,X,S
    163  5+3   A13B 34   12              PSHS A,X
    164
    165  5+2   A13D 37   06              PULU D
    166  5+1   A13F ED   63              STD 3,S
    167
    168  5+5   A141 37   52              PULU A,X,S
    169  5+3   A143 34   12              PSHS A,X
    170
    171  5+1   A145 37   02              PULU A
    172  4+1   A147 A7   63              STA 3,S
    173
    174  5+6   A149 37   56              PULU D,X,S
    175  5+4   A14B 34   16              PSHS D,X
    176
    177  5+6   A14D 37   56              PULU D,X,S
    178  5+4   A14F 34   16              PSHS D,X
    179
    180  5+6   A151 37   56              PULU D,X,S
    181  5+4   A153 34   16              PSHS D,X
    182
    183  5+6   A155 37   56              PULU D,X,S
    184  5+4   A157 34   16              PSHS D,X
    185
    186  5+1   A159 37   02              PULU A
    187  4+1   A15B A7   64              STA 4,S
    188
    189  5+6   A15D 37   56              PULU D,X,S
    190  5+4   A15F 34   16              PSHS D,X
    191
    192  5+1   A161 37   02              PULU A
    193  4+1   A163 A7   64              STA 4,S
    194
    195  5+5   A165 37   52              PULU A,X,S
    196  5+3   A167 34   12              PSHS A,X
    197
    198  5+2   A169 37   06              PULU D
    199  5+1   A16B ED   63              STD 3,S
    200
    201  5+5   A16D 37   52              PULU A,X,S
    202  5+3   A16F 34   12              PSHS A,X
    203
    204  5+6   A171 37   36              PULU D,X,Y
    205  5+1   A173 ED   E8 50           STD 80,S
    206  5+1   A176 AF   E8 28           STX 40,S
    207  6+1   A179 10AF E8 D8           STY -40,S
    208
    209  5+2   A17D 37   06              PULU A,B
    210  4+1   A17F A7   E8 DC           STA -36,S
    211  4+1   A182 E7   E8 2C           STB 44,S
    212
    213  5+2   A185 37   06              PULU A,B
    214  4+1   A187 A7   E8 89           STA -119,S
    215  4+1   A18A E7   E8 B1           STB -79,S
    216
    217  5+3   A18D 37   12              PULU A,X
    218  4+1   A18F A7   E8 54           STA 84,S
    219  5+1   A192 AF   E8 52           STX 82,S
    220
    221  5+2   A195 37   06              PULU A,B
    222  4+1   A197 A7   E8 2A           STA 42,S
    223  4+1   A19A E7   64              STB 4,S
    224
    225        A19C               ERASE_SSAV_Img_Sonic_036
    226  4     A19C 10CE 0000            LDS #$0000
    227  5     A1A0 39                   RTS
    228

000000 Total Errors

000003 Total Symbols
     0x          Label A005 ERASE_CODE_Img_Sonic_036_1
     0x          Label A000 ERASE_Img_Sonic_036
     1x          Label A19C ERASE_SSAV_Img_Sonic_036

