/*--------------------------------------------------------------*
 * Compilé avec C6809 v0.83                                     *
 *--------------------------------------------------------------*
 * Fichier source      : ./Sonic2/GeneratedCode/Img_Sonic_205_BckDraw.ASM
 * Fichier destination : ./Sonic2/GeneratedCode/Img_Sonic_205_BckDraw.BIN
 * Contenu :
 *     Main     0:IMGD.ASM     6194
 *--------------------------------------------------------------*/

Macro Pass
Pass1
Pass2
      2        A000                      ORG $A000
      3                  FF              SETDP $FF
      4        A000               BCKDRAW_Img_Sonic_205
      5  6+5   A000 10EF 8D 04B1         STS SSAV_Img_Sonic_205+2,PCR
      6
      7  5+5   A005 ED   8D 023E         STD DYN_POS+2,PCR
      8  6+0   A009 10EE A4              LDS ,Y
      9  4+4   A00C 32   E9 0323         LEAS 803,S
     10
     11  4+1   A010 A6   E8 B0           LDA -80,S
     12  4+0   A013 E6   E4              LDB ,S
     13  5+1   A015 AE   E8 50           LDX 80,S
     14  5+4   A018 36   16              PSHU X,B,A
     15  5+1   A01A EC   E8 28           LDD 40,S
     16  5+2   A01D 36   06              PSHU D
     17  2     A01F 86   B8              LDA #$b8
     18  2     A021 C4   0F              ANDB #$0F
     19  2     A023 CA   B0              ORB #$b0
     20  5+1   A025 ED   E8 28           STD 40,S
     21  4+0   A028 A7   E4              STA ,S
     22  4+1   A02A A6   E8 D8           LDA -40,S
     23  5+3   A02D 36   42              PSHU S,A
     24  2     A02F 86   BD              LDA #$bd
     25  4+1   A031 A7   E8 D8           STA -40,S
     26  3     A034 CC   B7BB            LDD #$b7bb
     27  5+1   A037 ED   E8 50           STD 80,S
     28  4+1   A03A E7   E8 B0           STB -80,S
     29  4+4   A03D 32   E9 00EF         LEAS 239,S
     30
     31  4+1   A041 A6   E8 DA           LDA -38,S
     32  5+1   A044 AE   E8 89           LDX -119,S
     33  6+1   A047 10AE E8 B1           LDY -79,S
     34  5+5   A04B 36   32              PSHU Y,X,A
     35  5+1   A04D EC   E8 D8           LDD -40,S
     36  5+2   A050 36   06              PSHU D
     37  2     A052 84   F0              ANDA #$F0
     38  2     A054 8A   0B              ORA #$0b
     39  2     A056 C6   CD              LDB #$cd
     40  5+1   A058 ED   E8 D8           STD -40,S
     41  3     A05B CC   B7DB            LDD #$b7db
     42  5+1   A05E ED   E8 B1           STD -79,S
     43  4+1   A061 E7   E8 DA           STB -38,S
     44  2     A064 C6   BB              LDB #$bb
     45  5+1   A066 ED   E8 89           STD -119,S
     46  5+3   A069 35   12              PULS A,X
     47  5+5   A06B 36   52              PSHU S,X,A
     48  3     A06D 8E   C0BB            LDX #$c0bb
     49  5+3   A070 34   14              PSHS B,X
     50  4+1   A072 32   E8 28           LEAS 40,S
     51
     52  4+1   A075 A6   63              LDA 3,S
     53  5+1   A077 36   02              PSHU A
     54  2     A079 84   0F              ANDA #$0F
     55  2     A07B 8A   E0              ORA #$e0
     56  4+1   A07D A7   63              STA 3,S
     57  5+3   A07F 35   12              PULS A,X
     58  5+5   A081 36   52              PSHU S,X,A
     59  2     A083 86   BB              LDA #$bb
     60  3     A085 8E   DD1D            LDX #$dd1d
     61  5+3   A088 34   12              PSHS A,X
     62  4+1   A08A 32   E8 28           LEAS 40,S
     63
     64  4+1   A08D A6   E8 4F           LDA 79,S
     65  4+1   A090 E6   E8 77           LDB 119,S
     66  5+1   A093 AE   E8 29           LDX 41,S
     67  5+4   A096 36   16              PSHU X,B,A
     68  2     A098 86   30              LDA #$30
     69  4+1   A09A A7   E8 4F           STA 79,S
     70  5+1   A09D AE   E8 79           LDX 121,S
     71  2     A0A0 86   33              LDA #$33
     72  4+1   A0A2 A7   E8 77           STA 119,S
     73  6+1   A0A5 10AE E8 51           LDY 81,S
     74  5+4   A0A9 36   30              PSHU Y,X
     75  3     A0AB CC   874B            LDD #$874b
     76  5+1   A0AE ED   E8 79           STD 121,S
     77  5+1   A0B1 EC   E8 27           LDD 39,S
     78  5+2   A0B4 36   06              PSHU D
     79  2     A0B6 86   02              LDA #$02
     80  2     A0B8 C4   F0              ANDB #$F0
     81  2     A0BA CA   0E              ORB #$0e
     82  5+1   A0BC ED   E8 27           STD 39,S
     83  3     A0BF CC   BB0B            LDD #$bb0b
     84  5+1   A0C2 ED   E8 29           STD 41,S
     85  5+1   A0C5 ED   E8 51           STD 81,S
     86  5+3   A0C8 35   12              PULS A,X
     87  5+5   A0CA 36   52              PSHU S,X,A
     88  2     A0CC 86   EE              LDA #$ee
     89  3     A0CE 8E   CC0B            LDX #$cc0b
     90  5+3   A0D1 34   12              PSHS A,X
     91  4+4   A0D3 32   E9 00C7         LEAS 199,S
     92
     93  5+1   A0D7 EC   E8 D8           LDD -40,S
     94  5+2   A0DA 36   06              PSHU D
     95  2     A0DC 84   F0              ANDA #$F0
     96  2     A0DE 8A   02              ORA #$02
     97  2     A0E0 C6   EB              LDB #$eb
     98  5+1   A0E2 ED   E8 D8           STD -40,S
     99  5+1   A0E5 EC   E8 28           LDD 40,S
    100  5+2   A0E8 36   06              PSHU D
    101  2     A0EA 84   F0              ANDA #$F0
    102  2     A0EC 8A   03              ORA #$03
    103  2     A0EE C6   87              LDB #$87
    104  5+1   A0F0 ED   E8 28           STD 40,S
    105  5+1   A0F3 AE   E8 DA           LDX -38,S
    106  3     A0F6 CC   774B            LDD #$774b
    107  5+1   A0F9 ED   E8 DA           STD -38,S
    108  6+1   A0FC 10AE E8 2A           LDY 42,S
    109  5+4   A100 36   30              PSHU Y,X
    110  3     A102 CC   8704            LDD #$8704
    111  5+1   A105 ED   E8 2A           STD 42,S
    112  5+4   A108 35   16              PULS D,X
    113  5+6   A10A 36   56              PSHU S,X,D
    114  3     A10C CC   3078            LDD #$3078
    115  3     A10F 8E   772B            LDX #$772b
    116  5+4   A112 34   16              PSHS D,X
    117  4+1   A114 32   E8 51           LEAS 81,S
    118
    119  5+1   A117 EC   E8 50           LDD 80,S
    120  5+2   A11A 36   06              PSHU D
    121  2     A11C 84   F0              ANDA #$F0
    122  2     A11E C4   0F              ANDB #$0F
    123  4     A120 C3   0B80            ADDD #$0b80
    124  5+1   A123 ED   E8 50           STD 80,S
    125  4+1   A126 A6   E8 52           LDA 82,S
    126  5+1   A129 AE   E8 29           LDX 41,S
    127  5+3   A12C 36   12              PSHU X,A
    128  3     A12E CC   8841            LDD #$8841
    129  5+1   A131 ED   E8 29           STD 41,S
    130  5+1   A134 EC   E8 27           LDD 39,S
    131  5+2   A137 36   06              PSHU D
    132  2     A139 84   F0              ANDA #$F0
    133  2     A13B 8A   0B              ORA #$0b
    134  2     A13D C6   EB              LDB #$eb
    135  5+1   A13F ED   E8 27           STD 39,S
    136  2     A142 86   63              LDA #$63
    137  4+1   A144 A7   E8 52           STA 82,S
    138  5+3   A147 35   12              PULS A,X
    139  5+5   A149 36   52              PSHU S,X,A
    140  3     A14B 8E   6784            LDX #$6784
    141  5+3   A14E 34   14              PSHS B,X
    142  4+1   A150 32   E8 78           LEAS 120,S
    143
    144  5+1   A153 EC   E8 28           LDD 40,S
    145  5+2   A156 36   06              PSHU D
    146  2     A158 86   EB              LDA #$eb
    147  2     A15A C4   0F              ANDB #$0F
    148  2     A15C CA   B0              ORB #$b0
    149  5+1   A15E ED   E8 28           STD 40,S
    150  4+1   A161 A6   E8 50           LDA 80,S
    151  4+1   A164 E6   E8 2A           LDB 42,S
    152  5+2   A167 36   06              PSHU B,A
    153  2     A169 C4   0F              ANDB #$0F
    154  2     A16B CA   30              ORB #$30
    155  4+1   A16D E7   E8 2A           STB 42,S
    156  2     A170 86   E4              LDA #$e4
    157  4+1   A172 A7   E8 50           STA 80,S
    158  5+3   A175 35   12              PULS A,X
    159  5+5   A177 36   52              PSHU S,X,A
    160  2     A179 86   EB              LDA #$eb
    161  3     A17B 8E   7622            LDX #$7622
    162  5+3   A17E 34   12              PSHS A,X
    163  4+4   A180 32   E9 0119         LEAS 281,S
    164
    165  5+1   A184 EC   7F              LDD -1,S
    166  5+2   A186 36   06              PSHU D
    167  2     A188 86   4E              LDA #$4e
    168  2     A18A C4   F0              ANDB #$F0
    169  2     A18C CA   01              ORB #$01
    170  5+1   A18E ED   7F              STD -1,S
    171  5+1   A190 EC   E8 27           LDD 39,S
    172  5+2   A193 36   06              PSHU D
    173  2     A195 86   4E              LDA #$4e
    174  2     A197 C4   F0              ANDB #$F0
    175  2     A199 CA   05              ORB #$05
    176  5+1   A19B ED   E8 27           STD 39,S
    177  5+1   A19E EC   E8 88           LDD -120,S
    178  5+2   A1A1 36   06              PSHU D
    179  2     A1A3 84   0F              ANDA #$0F
    180  2     A1A5 8A   D0              ORA #$d0
    181  2     A1A7 C6   55              LDB #$55
    182  5+1   A1A9 ED   E8 88           STD -120,S
    183  5+1   A1AC EC   E8 D7           LDD -41,S
    184  5+2   A1AF 36   06              PSHU D
    185  2     A1B1 84   F0              ANDA #$F0
    186  2     A1B3 8A   0E              ORA #$0e
    187  2     A1B5 C6   11              LDB #$11
    188  5+1   A1B7 ED   E8 D7           STD -41,S
    189  4+1   A1BA A6   E8 D9           LDA -39,S
    190  4+1   A1BD E6   61              LDB 1,S
    191  5+1   A1BF AE   E8 B0           LDX -80,S
    192  5+4   A1C2 36   16              PSHU X,B,A
    193  2     A1C4 86   64              LDA #$64
    194  4+1   A1C6 A7   61              STA 1,S
    195  2     A1C8 86   46              LDA #$46
    196  4+1   A1CA A7   E8 D9           STA -39,S
    197  5+1   A1CD EC   E8 4F           LDD 79,S
    198  5+2   A1D0 36   06              PSHU D
    199  2     A1D2 84   0F              ANDA #$0F
    200  2     A1D4 C4   F0              ANDB #$F0
    201  4     A1D6 C3   1005            ADDD #$1005
    202  5+1   A1D9 ED   E8 4F           STD 79,S
    203  5+1   A1DC EC   E8 77           LDD 119,S
    204  5+2   A1DF 36   06              PSHU D
    205  2     A1E1 84   0F              ANDA #$0F
    206  2     A1E3 C4   F0              ANDB #$F0
    207  4     A1E5 C3   0004            ADDD #$0004
    208  5+1   A1E8 ED   E8 77           STD 119,S
    209  3     A1EB CC   B054            LDD #$b054
    210  5+1   A1EE ED   E8 B0           STD -80,S
    211  4+1   A1F1 A6   E8 29           LDA 41,S
    212  5+1   A1F4 36   02              PSHU A
    213  2     A1F6 84   0F              ANDA #$0F
    214  2     A1F8 8A   60              ORA #$60
    215  4+1   A1FA A7   E8 29           STA 41,S
    216  4+1   A1FD A6   E8 51           LDA 81,S
    217  5+3   A200 36   42              PSHU S,A
    218  2     A202 84   0F              ANDA #$0F
    219  2     A204 8A   40              ORA #$40
    220  4+1   A206 A7   E8 51           STA 81,S
    221  4+4   A209 32   E9 0103         LEAS 259,S
    222
    223  5+1   A20D EC   E8 9C           LDD -100,S
    224  5+2   A210 36   06              PSHU D
    225  2     A212 86   61              LDA #$61
    226  2     A214 C4   F0              ANDB #$F0
    227  2     A216 CA   04              ORB #$04
    228  5+1   A218 ED   E8 9C           STD -100,S
    229  4+1   A21B A6   E8 C4           LDA -60,S
    230  5+1   A21E 36   02              PSHU A
    231  2     A220 86   10              LDA #$10
    232  4+1   A222 A7   E8 C4           STA -60,S
    233  4+1   A225 A6   E8 EC           LDA -20,S
    234  4+1   A228 E6   E8 14           LDB 20,S
    235  5+2   A22B 36   06              PSHU B,A
    236  4+1   A22D A6   E8 3C           LDA 60,S
    237  4+1   A230 E6   E8 64           LDB 100,S
    238  5+4   A233 36   46              PSHU S,B,A
    239  2     A235 86   65              LDA #$65
    240  4+1   A237 A7   E8 EC           STA -20,S
    241  4+1   A23A A7   E8 14           STA 20,S
    242  4+1   A23D A7   E8 3C           STA 60,S
    243  2     A240 86   44              LDA #$44
    244  4+1   A242 A7   E8 64           STA 100,S
    245        A245               DYN_POS
    246
    247  4     A245 10CE 0000            LDS #$0000
    248  4+4   A249 32   E9 034B         LEAS 843,S
    249
    250  4+1   A24D A6   E8 88           LDA -120,S
    251  4+1   A250 E6   E8 51           LDB 81,S
    252  5+1   A253 AE   E8 78           LDX 120,S
    253  5+4   A256 36   16              PSHU X,B,A
    254  5+1   A258 EC   E8 D8           LDD -40,S
    255  5+2   A25B 36   06              PSHU D
    256  2     A25D 84   F0              ANDA #$F0
    257  2     A25F 8A   0B              ORA #$0b
    258  2     A261 C6   BB              LDB #$bb
    259  5+1   A263 ED   E8 D8           STD -40,S
    260  4+1   A266 E7   E8 88           STB -120,S
    261  2     A269 86   7E              LDA #$7e
    262  4+1   A26B A7   E8 51           STA 81,S
    263  5+1   A26E EC   E8 B0           LDD -80,S
    264  5+2   A271 36   06              PSHU D
    265  2     A273 84   F0              ANDA #$F0
    266  2     A275 C4   0F              ANDB #$0F
    267  4     A277 C3   0BB0            ADDD #$0bb0
    268  5+1   A27A ED   E8 B0           STD -80,S
    269  3     A27D CC   BBEB            LDD #$bbeb
    270  5+1   A280 ED   E8 78           STD 120,S
    271  4+1   A283 A6   E8 29           LDA 41,S
    272  4+1   A286 E6   61              LDB 1,S
    273  5+4   A288 36   46              PSHU S,B,A
    274  2     A28A 86   8B              LDA #$8b
    275  4+1   A28C A7   E8 29           STA 41,S
    276  2     A28F 86   DB              LDA #$db
    277  4+1   A291 A7   61              STA 1,S
    278  4+4   A293 32   E9 0117         LEAS 279,S
    279
    280  5+1   A297 AE   E8 89           LDX -119,S
    281  3     A29A CC   BECB            LDD #$becb
    282  5+1   A29D ED   E8 89           STD -119,S
    283  6+1   A2A0 10AE E8 B1           LDY -79,S
    284  5+4   A2A4 36   30              PSHU Y,X
    285  2     A2A6 86   EB              LDA #$eb
    286  5+1   A2A8 ED   E8 B1           STD -79,S
    287  5+1   A2AB EC   E8 D8           LDD -40,S
    288  5+2   A2AE 36   06              PSHU D
    289  2     A2B0 84   F0              ANDA #$F0
    290  2     A2B2 8A   0B              ORA #$0b
    291  2     A2B4 C6   EB              LDB #$eb
    292  5+1   A2B6 ED   E8 D8           STD -40,S
    293  5+1   A2B9 AE   E8 DA           LDX -38,S
    294  5+2   A2BC 36   10              PSHU X
    295  4+1   A2BE A6   E8 8B           LDA -117,S
    296  5+1   A2C1 36   02              PSHU A
    297  2     A2C3 84   0F              ANDA #$0F
    298  2     A2C5 8A   B0              ORA #$b0
    299  4+1   A2C7 A7   E8 8B           STA -117,S
    300  4+1   A2CA A6   E8 B3           LDA -77,S
    301  5+1   A2CD 36   02              PSHU A
    302  2     A2CF 84   0F              ANDA #$0F
    303  2     A2D1 8A   B0              ORA #$b0
    304  4+1   A2D3 A7   E8 B3           STA -77,S
    305  4+1   A2D6 A6   E8 27           LDA 39,S
    306  5+1   A2D9 36   02              PSHU A
    307  2     A2DB 84   F0              ANDA #$F0
    308  2     A2DD 8A   03              ORA #$03
    309  4+1   A2DF A7   E8 27           STA 39,S
    310  3     A2E2 CC   BBBE            LDD #$bbbe
    311  5+1   A2E5 ED   E8 DA           STD -38,S
    312  5+4   A2E8 35   30              PULS X,Y
    313  5+6   A2EA 36   70              PSHU S,Y,X
    314  2     A2EC C6   EB              LDB #$eb
    315  3     A2EE 8E   B1BE            LDX #$b1be
    316  5+4   A2F1 34   16              PSHS D,X
    317  4+1   A2F3 32   E8 29           LEAS 41,S
    318
    319  5+1   A2F6 AE   E8 29           LDX 41,S
    320  5+2   A2F9 36   10              PSHU X
    321  3     A2FB CC   10CB            LDD #$10cb
    322  5+1   A2FE ED   E8 29           STD 41,S
    323  5+1   A301 EC   E8 27           LDD 39,S
    324  5+2   A304 36   06              PSHU D
    325  2     A306 84   0F              ANDA #$0F
    326  2     A308 8A   20              ORA #$20
    327  2     A30A C6   EB              LDB #$eb
    328  5+1   A30C ED   E8 27           STD 39,S
    329  5+3   A30F 35   12              PULS A,X
    330  5+5   A311 36   52              PSHU S,X,A
    331  3     A313 8E   B0EE            LDX #$b0ee
    332  5+3   A316 34   14              PSHS B,X
    333  4+1   A318 32   E8 4F           LEAS 79,S
    334
    335  4+1   A31B A6   63              LDA 3,S
    336  5+1   A31D 36   02              PSHU A
    337  2     A31F 84   0F              ANDA #$0F
    338  2     A321 8A   D0              ORA #$d0
    339  4+1   A323 A7   63              STA 3,S
    340  5+3   A325 35   12              PULS A,X
    341  5+5   A327 36   52              PSHU S,X,A
    342  2     A329 86   02              LDA #$02
    343  3     A32B 8E   EB00            LDX #$eb00
    344  5+3   A32E 34   12              PSHS A,X
    345  4+1   A330 32   E8 28           LEAS 40,S
    346
    347  4+1   A333 A6   63              LDA 3,S
    348  5+1   A335 36   02              PSHU A
    349  2     A337 84   0F              ANDA #$0F
    350  2     A339 8A   10              ORA #$10
    351  4+1   A33B A7   63              STA 3,S
    352  5+3   A33D 35   12              PULS A,X
    353  5+5   A33F 36   52              PSHU S,X,A
    354  2     A341 86   01              LDA #$01
    355  3     A343 8E   BB00            LDX #$bb00
    356  5+3   A346 34   12              PSHS A,X
    357  4+1   A348 32   E8 28           LEAS 40,S
    358
    359  4+1   A34B A6   63              LDA 3,S
    360  5+1   A34D 36   02              PSHU A
    361  2     A34F 84   0F              ANDA #$0F
    362  2     A351 8A   10              ORA #$10
    363  4+1   A353 A7   63              STA 3,S
    364  5+3   A355 35   12              PULS A,X
    365  5+5   A357 36   52              PSHU S,X,A
    366  2     A359 86   12              LDA #$12
    367  3     A35B 8E   BB74            LDX #$bb74
    368  5+3   A35E 34   12              PSHS A,X
    369  4+1   A360 32   E8 28           LEAS 40,S
    370
    371  4+1   A363 A6   63              LDA 3,S
    372  5+1   A365 36   02              PSHU A
    373  2     A367 84   0F              ANDA #$0F
    374  2     A369 8A   B0              ORA #$b0
    375  4+1   A36B A7   63              STA 3,S
    376  5+3   A36D 35   12              PULS A,X
    377  5+5   A36F 36   52              PSHU S,X,A
    378  2     A371 86   3B              LDA #$3b
    379  3     A373 8E   BB74            LDX #$bb74
    380  5+3   A376 34   12              PSHS A,X
    381  4+1   A378 32   E8 28           LEAS 40,S
    382
    383  5+1   A37B AE   E8 29           LDX 41,S
    384  3     A37E CC   8077            LDD #$8077
    385  5+1   A381 ED   E8 29           STD 41,S
    386  6+1   A384 10AE E8 51           LDY 81,S
    387  5+4   A388 36   30              PSHU Y,X
    388  3     A38A CC   7788            LDD #$7788
    389  5+1   A38D ED   E8 51           STD 81,S
    390  5+1   A390 EC   E8 79           LDD 121,S
    391  5+2   A393 36   06              PSHU D
    392  3     A395 CC   8762            LDD #$8762
    393  5+1   A398 ED   E8 79           STD 121,S
    394  5+3   A39B 35   12              PULS A,X
    395  5+5   A39D 36   52              PSHU S,X,A
    396  2     A39F 86   BE              LDA #$be
    397  3     A3A1 8E   8878            LDX #$8878
    398  5+3   A3A4 34   12              PSHS A,X
    399  4+4   A3A6 32   E9 0119         LEAS 281,S
    400
    401  4+1   A3AA A6   E8 D8           LDA -40,S
    402  4+1   A3AD E6   E8 89           LDB -119,S
    403  5+1   A3B0 AE   E8 AF           LDX -81,S
    404  5+4   A3B3 36   16              PSHU X,B,A
    405  2     A3B5 86   62              LDA #$62
    406  4+1   A3B7 A7   E8 89           STA -119,S
    407  3     A3BA CC   BBB8            LDD #$bbb8
    408  5+1   A3BD ED   E8 AF           STD -81,S
    409  2     A3C0 86   4D              LDA #$4d
    410  4+1   A3C2 A7   E8 D8           STA -40,S
    411  5+1   A3C5 EC   E8 87           LDD -121,S
    412  5+2   A3C8 36   06              PSHU D
    413  2     A3CA 84   F0              ANDA #$F0
    414  2     A3CC 8A   0B              ORA #$0b
    415  2     A3CE C6   87              LDB #$87
    416  5+1   A3D0 ED   E8 87           STD -121,S
    417  5+1   A3D3 EC   E8 28           LDD 40,S
    418  5+2   A3D6 36   06              PSHU D
    419  2     A3D8 84   0F              ANDA #$0F
    420  2     A3DA 8A   E0              ORA #$e0
    421  2     A3DC C6   00              LDB #$00
    422  5+1   A3DE ED   E8 28           STD 40,S
    423  5+1   A3E1 EC   E8 50           LDD 80,S
    424  5+2   A3E4 36   06              PSHU D
    425  2     A3E6 84   0F              ANDA #$0F
    426  2     A3E8 8A   E0              ORA #$e0
    427  2     A3EA C6   55              LDB #$55
    428  5+1   A3EC ED   E8 50           STD 80,S
    429  4+1   A3EF A6   E8 79           LDA 121,S
    430  4+1   A3F2 E6   E8 DA           LDB -38,S
    431  5+2   A3F5 36   06              PSHU B,A
    432  2     A3F7 C4   0F              ANDB #$0F
    433  2     A3F9 CA   50              ORB #$50
    434  4+1   A3FB E7   E8 DA           STB -38,S
    435  4+0   A3FE A6   E4              LDA ,S
    436  5+1   A400 36   02              PSHU A
    437  2     A402 84   0F              ANDA #$0F
    438  2     A404 8A   40              ORA #$40
    439  4+0   A406 A7   E4              STA ,S
    440  4+1   A408 A6   62              LDA 2,S
    441  5+1   A40A 36   02              PSHU A
    442  2     A40C 84   0F              ANDA #$0F
    443  2     A40E 8A   60              ORA #$60
    444  4+1   A410 A7   62              STA 2,S
    445  4+1   A412 A6   E8 2A           LDA 42,S
    446  5+1   A415 36   02              PSHU A
    447  2     A417 84   0F              ANDA #$0F
    448  2     A419 8A   60              ORA #$60
    449  4+1   A41B A7   E8 2A           STA 42,S
    450  4+1   A41E A6   E8 77           LDA 119,S
    451  5+3   A421 36   42              PSHU S,A
    452  2     A423 84   F0              ANDA #$F0
    453  2     A425 8A   01              ORA #$01
    454  4+1   A427 A7   E8 77           STA 119,S
    455  2     A42A 86   54              LDA #$54
    456  4+1   A42C A7   E8 79           STA 121,S
    457  4+4   A42F 32   E9 0117         LEAS 279,S
    458
    459  4+1   A433 A6   E8 28           LDA 40,S
    460  4+1   A436 E6   E8 8A           LDB -118,S
    461  5+2   A439 36   06              PSHU B,A
    462  2     A43B 86   56              LDA #$56
    463  4+1   A43D A7   E8 8A           STA -118,S
    464  4+1   A440 A6   E8 50           LDA 80,S
    465  4+1   A443 E6   E8 88           LDB -120,S
    466  5+2   A446 36   06              PSHU B,A
    467  4+1   A448 A6   E8 D8           LDA -40,S
    468  4+1   A44B E6   62              LDB 2,S
    469  5+2   A44D 36   06              PSHU B,A
    470  2     A44F C4   0F              ANDB #$0F
    471  2     A451 CA   60              ORB #$60
    472  4+1   A453 E7   62              STB 2,S
    473  5+1   A455 EC   E8 78           LDD 120,S
    474  5+2   A458 36   06              PSHU D
    475  2     A45A 84   F0              ANDA #$F0
    476  2     A45C C4   0F              ANDB #$0F
    477  4     A45E C3   0150            ADDD #$0150
    478  5+1   A461 ED   E8 78           STD 120,S
    479  2     A464 86   46              LDA #$46
    480  4+1   A466 A7   E8 28           STA 40,S
    481  4+1   A469 A6   E8 B2           LDA -78,S
    482  4+0   A46C E6   E4              LDB ,S
    483  5+2   A46E 36   06              PSHU B,A
    484  2     A470 86   61              LDA #$61
    485  4+1   A472 A7   E8 88           STA -120,S
    486  4+1   A475 A6   E8 B0           LDA -80,S
    487  4+1   A478 E6   E8 DA           LDB -38,S
    488  5+4   A47B 36   46              PSHU S,B,A
    489  2     A47D 86   41              LDA #$41
    490  4+1   A47F A7   E8 50           STA 80,S
    491  2     A482 86   64              LDA #$64
    492  4+1   A484 A7   E8 DA           STA -38,S
    493  2     A487 86   66              LDA #$66
    494  4+1   A489 A7   E8 B0           STA -80,S
    495  4+1   A48C A7   E8 B2           STA -78,S
    496  4+1   A48F A7   E8 D8           STA -40,S
    497  4+0   A492 A7   E4              STA ,S
    498  4+4   A494 32   E9 00B5         LEAS 181,S
    499
    500  5+1   A498 EC   E8 EB           LDD -21,S
    501  5+2   A49B 36   06              PSHU D
    502  2     A49D 84   F0              ANDA #$F0
    503  2     A49F C4   0F              ANDB #$0F
    504  4     A4A1 C3   0450            ADDD #$0450
    505  5+1   A4A4 ED   E8 EB           STD -21,S
    506  4+1   A4A7 A6   E8 14           LDA 20,S
    507  5+3   A4AA 36   42              PSHU S,A
    508  2     A4AC 84   0F              ANDA #$0F
    509  2     A4AE 8A   40              ORA #$40
    510  4+1   A4B0 A7   E8 14           STA 20,S
    511        A4B3               SSAV_Img_Sonic_205
    512  4     A4B3 10CE 0000            LDS #$0000
    513  5     A4B7 39                   RTS
    514

000000 Total Errors

000003 Total Symbols
     0x          Label A000 BCKDRAW_Img_Sonic_205
     1x          Label A245 DYN_POS
     1x          Label A4B3 SSAV_Img_Sonic_205

