/*--------------------------------------------------------------*
 * Compilé avec C6809 v0.83                                     *
 *--------------------------------------------------------------*
 * Fichier source      : ./Sonic2/GeneratedCode/Img_Sonic_078_Erase.ASM
 * Fichier destination : ./Sonic2/GeneratedCode/Img_Sonic_078_Erase.BIN
 * Contenu :
 *     Main     0:IMGE.ASM     2409
 *--------------------------------------------------------------*/

Macro Pass
Pass1
Pass2
      2        A000                      ORG $A000
      3                  FF              SETDP $FF
      4        A000               ERASE_Img_Sonic_078
      5  6+5   A000 10EF 8D 019B         STS ERASE_SSAV_Img_Sonic_078+2,PCR>>
      6
      7        A005               ERASE_CODE_Img_Sonic_078_1
      8  5+3   A005 37   42              PULU A,S
      9  4+1   A007 A7   E8 28           STA 40,S
     10
     11  5+2   A00A 37   06              PULU D
     12  5+1   A00C ED   E8 D8           STD -40,S
     13
     14  5+5   A00F 37   52              PULU A,X,S
     15  5+3   A011 34   12              PSHS A,X
     16
     17  5+2   A013 37   06              PULU A,B
     18  4+1   A015 A7   E8 7A           STA 122,S
     19  4+1   A018 E7   E8 52           STB 82,S
     20
     21  5+5   A01B 37   32              PULU A,X,Y
     22  4+1   A01D A7   63              STA 3,S
     23  5+1   A01F AF   E8 2A           STX 42,S
     24  6+1   A022 10AF E8 78           STY 120,S
     25
     26  5+4   A026 37   16              PULU D,X
     27  5+1   A028 ED   E8 50           STD 80,S
     28  5+1   A02B AF   E8 28           STX 40,S
     29
     30  5+5   A02E 37   52              PULU A,X,S
     31  5+3   A030 34   12              PSHS A,X
     32
     33  5+1   A032 37   02              PULU A
     34  4+1   A034 A7   63              STA 3,S
     35
     36  5+6   A036 37   56              PULU D,X,S
     37  5+4   A038 34   16              PSHS D,X
     38
     39  5+2   A03A 37   06              PULU A,B
     40  4+1   A03C A7   E8 54           STA 84,S
     41  4+1   A03F E7   E8 2C           STB 44,S
     42
     43  5+5   A042 37   32              PULU A,X,Y
     44  4+1   A044 A7   64              STA 4,S
     45  5+1   A046 AF   E8 50           STX 80,S
     46  6+1   A049 10AF E8 2A           STY 42,S
     47
     48  5+4   A04D 37   16              PULU D,X
     49  5+1   A04F ED   E8 28           STD 40,S
     50  5+1   A052 AF   E8 52           STX 82,S
     51
     52  5+6   A055 37   56              PULU D,X,S
     53  5+4   A057 34   16              PSHS D,X
     54
     55  5+1   A059 37   02              PULU A
     56  4+1   A05B A7   64              STA 4,S
     57
     58  5+6   A05D 37   56              PULU D,X,S
     59  5+4   A05F 34   16              PSHS D,X
     60
     61  5+1   A061 37   02              PULU A
     62  4+1   A063 A7   64              STA 4,S
     63
     64  5+6   A065 37   56              PULU D,X,S
     65  5+4   A067 34   16              PSHS D,X
     66
     67  5+2   A069 37   06              PULU A,B
     68  4+1   A06B A7   E8 54           STA 84,S
     69  4+1   A06E E7   E8 2C           STB 44,S
     70
     71  5+5   A071 37   32              PULU A,X,Y
     72  4+1   A073 A7   64              STA 4,S
     73  5+1   A075 AF   E8 2A           STX 42,S
     74  6+1   A078 10AF E8 52           STY 82,S
     75
     76  5+4   A07C 37   16              PULU D,X
     77  5+1   A07E ED   E8 50           STD 80,S
     78  5+1   A081 AF   E8 28           STX 40,S
     79
     80  5+6   A084 37   56              PULU D,X,S
     81  5+4   A086 34   16              PSHS D,X
     82
     83  5+1   A088 37   02              PULU A
     84  4+1   A08A A7   64              STA 4,S
     85
     86  5+6   A08C 37   56              PULU D,X,S
     87  5+4   A08E 34   16              PSHS D,X
     88
     89  5+6   A090 37   56              PULU D,X,S
     90  5+4   A092 34   16              PSHS D,X
     91
     92  5+5   A094 37   52              PULU A,X,S
     93  5+3   A096 34   12              PSHS A,X
     94
     95  5+2   A098 37   06              PULU A,B
     96  4+1   A09A A7   E8 DA           STA -38,S
     97  4+1   A09D E7   E8 B2           STB -78,S
     98
     99  5+5   A0A0 37   32              PULU A,X,Y
    100  4+1   A0A2 A7   E8 8A           STA -118,S
    101  5+1   A0A5 AF   E8 D8           STX -40,S
    102  6+1   A0A8 10AF E8 88           STY -120,S
    103
    104  5+6   A0AC 37   36              PULU D,X,Y
    105  5+1   A0AE ED   E8 B0           STD -80,S
    106  5+1   A0B1 AF   7E              STX -2,S
    107  6+1   A0B3 10AF E8 D6           STY -42,S
    108
    109  5+4   A0B7 37   16              PULU D,X
    110  5+1   A0B9 ED   E8 AE           STD -82,S
    111  5+1   A0BC AF   E8 86           STX -122,S
    112
    113  5+8   A0BF 37   76              PULU A,B,X,Y,S
    114  4+1   A0C1 A7   E8 C4           STA -60,S
    115  4+1   A0C4 E7   E8 14           STB 20,S
    116  5+1   A0C7 AF   E8 3A           STX 58,S
    117  6+1   A0CA 10AF E8 EB           STY -21,S
    118
    119  5+4   A0CE 37   16              PULU D,X
    120  5+1   A0D0 ED   E8 3C           STD 60,S
    121  5+1   A0D3 AF   E8 12           STX 18,S
    122
    123  5+3   A0D6 37   42              PULU A,S
    124  4+1   A0D8 A7   E8 14           STA 20,S
    125
    126  5+1   A0DB 37   02              PULU A
    127  4+1   A0DD A7   E8 EC           STA -20,S
    128
    129  5+5   A0E0 37   52              PULU A,X,S
    130  5+3   A0E2 34   12              PSHS A,X
    131
    132  5+2   A0E4 37   06              PULU D
    133  5+1   A0E6 ED   E8 28           STD 40,S
    134
    135  5+2   A0E9 37   06              PULU A,B
    136  4+1   A0EB A7   E8 79           STA 121,S
    137  4+1   A0EE E7   E8 53           STB 83,S
    138
    139  5+5   A0F1 37   32              PULU A,X,Y
    140  4+1   A0F3 A7   63              STA 3,S
    141  5+1   A0F5 AF   E8 51           STX 81,S
    142  6+1   A0F8 10AF E8 2A           STY 42,S
    143
    144  5+6   A0FC 37   56              PULU D,X,S
    145  5+4   A0FE 34   16              PSHS D,X
    146
    147  5+6   A100 37   36              PULU D,X,Y
    148  5+1   A102 ED   E8 DA           STD -38,S
    149  5+1   A105 AF   E8 B2           STX -78,S
    150  6+1   A108 10AF E8 8A           STY -118,S
    151
    152  5+6   A10C 37   36              PULU D,X,Y
    153  5+1   A10E ED   E8 D8           STD -40,S
    154  5+1   A111 AF   E8 88           STX -120,S
    155  6+1   A114 10AF E8 B0           STY -80,S
    156
    157  5+6   A118 37   56              PULU D,X,S
    158  5+1   A11A ED   7F              STD -1,S
    159  5+1   A11C AF   E8 27           STX 39,S
    160
    161  5+6   A11F 37   36              PULU D,X,Y
    162  5+1   A121 ED   E8 29           STD 41,S
    163  5+1   A124 AF   61              STX 1,S
    164  6+1   A126 10AF E8 D9           STY -39,S
    165
    166  5+2   A12A 37   06              PULU D
    167  5+1   A12C ED   E8 D7           STD -41,S
    168
    169  5+5   A12F 37   52              PULU A,X,S
    170  5+3   A131 34   12              PSHS A,X
    171
    172  5+5   A133 37   32              PULU A,X,Y
    173  4+1   A135 A7   E8 2C           STA 44,S
    174  5+1   A138 AF   E8 51           STX 81,S
    175  6+1   A13B 10AF E8 79           STY 121,S
    176
    177  5+6   A13F 37   36              PULU D,X,Y
    178  5+1   A141 ED   E8 2A           STD 42,S
    179  5+1   A144 AF   E8 7B           STX 123,S
    180  6+1   A147 10AF E8 53           STY 83,S
    181
    182  5+4   A14B 37   16              PULU D,X
    183  5+1   A14D ED   E8 28           STD 40,S
    184  5+1   A150 AF   63              STX 3,S
    185
    186  5+6   A152 37   56              PULU D,X,S
    187  5+4   A154 34   16              PSHS D,X
    188
    189  5+1   A156 37   02              PULU A
    190  4+1   A158 A7   64              STA 4,S
    191
    192  5+6   A15A 37   56              PULU D,X,S
    193  5+4   A15C 34   16              PSHS D,X
    194
    195  5+1   A15E 37   02              PULU A
    196  4+1   A160 A7   64              STA 4,S
    197
    198  5+6   A162 37   56              PULU D,X,S
    199  5+4   A164 34   16              PSHS D,X
    200
    201  5+1   A166 37   02              PULU A
    202  4+1   A168 A7   64              STA 4,S
    203
    204  5+6   A16A 37   56              PULU D,X,S
    205  5+4   A16C 34   16              PSHS D,X
    206
    207  5+1   A16E 37   02              PULU A
    208  4+1   A170 A7   64              STA 4,S
    209
    210  5+6   A172 37   56              PULU D,X,S
    211  5+4   A174 34   16              PSHS D,X
    212
    213  5+1   A176 37   02              PULU A
    214  4+1   A178 A7   64              STA 4,S
    215
    216  5+6   A17A 37   56              PULU D,X,S
    217  5+4   A17C 34   16              PSHS D,X
    218
    219  5+5   A17E 37   52              PULU A,X,S
    220  5+3   A180 34   12              PSHS A,X
    221
    222  5+2   A182 37   06              PULU D
    223  5+1   A184 ED   E8 D9           STD -39,S
    224
    225  5+2   A187 37   06              PULU A,B
    226  4+1   A189 A7   63              STA 3,S
    227  4+1   A18B E7   E8 DB           STB -37,S
    228
    229  5+4   A18E 37   16              PULU A,B,X
    230  4+1   A190 A7   E8 B3           STA -77,S
    231  4+1   A193 E7   E8 8A           STB -118,S
    232  5+1   A196 AF   E8 B1           STX -79,S
    233
    234  5+3   A199 37   42              PULU A,S
    235  4+0   A19B A7   E4              STA ,S
    236
    237        A19D               ERASE_SSAV_Img_Sonic_078
    238  4     A19D 10CE 0000            LDS #$0000
    239  5     A1A1 39                   RTS
    240

000000 Total Errors

000003 Total Symbols
     0x          Label A005 ERASE_CODE_Img_Sonic_078_1
     0x          Label A000 ERASE_Img_Sonic_078
     1x          Label A19D ERASE_SSAV_Img_Sonic_078

