/*--------------------------------------------------------------*
 * Compilé avec C6809 v0.83                                     *
 *--------------------------------------------------------------*
 * Fichier source      : ./Sonic2/GeneratedCode/Img_Sonic_099_Erase.ASM
 * Fichier destination : ./Sonic2/GeneratedCode/Img_Sonic_099_Erase.BIN
 * Contenu :
 *     Main     0:IMGE.ASM     1687
 *--------------------------------------------------------------*/

Macro Pass
Pass1
Pass2
      2        A000                      ORG $A000
      3                  FF              SETDP $FF
      4        A000               ERASE_Img_Sonic_099
      5  6+5   A000 10EF 8D 012D         STS ERASE_SSAV_Img_Sonic_099+2,PCR>>
      6
      7        A005               ERASE_CODE_Img_Sonic_099_1
      8  5+4   A005 37   46              PULU A,B,S
      9  4+1   A007 A7   E8 C4           STA -60,S
     10  4+1   A00A E7   E8 3C           STB 60,S
     11
     12  5+4   A00D 37   16              PULU D,X
     13  5+1   A00F ED   E8 13           STD 19,S
     14  5+1   A012 AF   E8 EB           STX -21,S
     15
     16  5+8   A015 37   76              PULU D,X,Y,S
     17  5+1   A017 ED   E8 B0           STD -80,S
     18  5+1   A01A AF   E8 28           STX 40,S
     19  6+0   A01D 10AF E4              STY ,S
     20
     21  5+4   A020 37   16              PULU D,X
     22  5+1   A022 ED   E8 88           STD -120,S
     23  5+1   A025 AF   E8 50           STX 80,S
     24
     25  5+5   A028 37   32              PULU A,X,Y
     26  4+1   A02A A7   E8 D9           STA -39,S
     27  5+1   A02D AF   E8 78           STX 120,S
     28  6+1   A030 10AF E8 D7           STY -41,S
     29
     30  5+5   A034 37   52              PULU A,X,S
     31  5+3   A036 34   12              PSHS A,X
     32
     33  5+2   A038 37   06              PULU D
     34  5+1   A03A ED   E8 78           STD 120,S
     35
     36  5+5   A03D 37   32              PULU A,X,Y
     37  4+1   A03F A7   E8 2A           STA 42,S
     38  5+1   A042 AF   E8 28           STX 40,S
     39  6+1   A045 10AF E8 50           STY 80,S
     40
     41  5+5   A049 37   52              PULU A,X,S
     42  5+3   A04B 34   12              PSHS A,X
     43
     44  5+5   A04D 37   52              PULU A,X,S
     45  5+3   A04F 34   12              PSHS A,X
     46
     47  5+2   A051 37   06              PULU D
     48  5+1   A053 ED   E8 B0           STD -80,S
     49
     50  5+5   A056 37   32              PULU A,X,Y
     51  4+1   A058 A7   E8 DA           STA -38,S
     52  5+1   A05B AF   E8 88           STX -120,S
     53  6+1   A05E 10AF E8 D8           STY -40,S
     54
     55  5+4   A062 37   46              PULU D,S
     56  5+1   A064 ED   E8 14           STD 20,S
     57
     58  5+2   A067 37   06              PULU D
     59  5+1   A069 ED   E8 EC           STD -20,S
     60
     61  5+3   A06C 37   42              PULU A,S
     62  4+1   A06E A7   E8 78           STA 120,S
     63
     64  5+6   A071 37   36              PULU A,B,X,Y
     65  4+1   A073 A7   E8 50           STA 80,S
     66  4+1   A076 E7   E8 88           STB -120,S
     67  5+0   A079 AF   E4              STX ,S
     68  6+1   A07B 10AF E8 D8           STY -40,S
     69
     70  5+4   A07F 37   16              PULU D,X
     71  5+1   A081 ED   E8 28           STD 40,S
     72  5+1   A084 AF   E8 B0           STX -80,S
     73
     74  5+4   A087 37   46              PULU D,S
     75  5+1   A089 ED   E8 50           STD 80,S
     76
     77  5+6   A08C 37   36              PULU D,X,Y
     78  5+1   A08E ED   E8 28           STD 40,S
     79  5+0   A091 AF   E4              STX ,S
     80  6+1   A093 10AF E8 D8           STY -40,S
     81
     82  5+2   A097 37   06              PULU D
     83  5+1   A099 ED   E8 B0           STD -80,S
     84
     85  5+2   A09C 37   06              PULU A,B
     86  4+1   A09E A7   E8 78           STA 120,S
     87  4+1   A0A1 E7   62              STB 2,S
     88
     89  5+2   A0A3 37   06              PULU A,B
     90  4+1   A0A5 A7   E8 DA           STA -38,S
     91  4+1   A0A8 E7   E8 B2           STB -78,S
     92
     93  5+3   A0AB 37   12              PULU A,X
     94  4+1   A0AD A7   E8 8A           STA -118,S
     95  5+1   A0B0 AF   E8 88           STX -120,S
     96
     97  5+3   A0B3 37   42              PULU A,S
     98  4+1   A0B5 A7   E8 79           STA 121,S
     99
    100  5+2   A0B8 37   06              PULU A,B
    101  4+1   A0BA A7   E8 51           STA 81,S
    102  4+1   A0BD E7   E8 29           STB 41,S
    103
    104  5+2   A0C0 37   06              PULU A,B
    105  4+1   A0C2 A7   61              STA 1,S
    106  4+1   A0C4 E7   E8 D9           STB -39,S
    107
    108  5+5   A0C7 37   32              PULU A,X,Y
    109  4+1   A0C9 A7   E8 B1           STA -79,S
    110  5+1   A0CC AF   E8 27           STX 39,S
    111  6+1   A0CF 10AF E8 87           STY -121,S
    112
    113  5+6   A0D3 37   36              PULU D,X,Y
    114  5+1   A0D5 ED   E8 77           STD 119,S
    115  5+1   A0D8 AF   7F              STX -1,S
    116  6+1   A0DA 10AF E8 4F           STY 79,S
    117
    118  5+5   A0DE 37   32              PULU A,X,Y
    119  4+1   A0E0 A7   E8 89           STA -119,S
    120  5+1   A0E3 AF   E8 AF           STX -81,S
    121  6+1   A0E6 10AF E8 D7           STY -41,S
    122
    123  5+4   A0EA 37   46              PULU D,S
    124  5+1   A0EC ED   E8 76           STD 118,S
    125
    126  5+4   A0EF 37   16              PULU D,X
    127  5+1   A0F1 ED   E8 4E           STD 78,S
    128  5+1   A0F4 AF   E8 26           STX 38,S
    129
    130  5+2   A0F7 37   06              PULU A,B
    131  4+1   A0F9 A7   7F              STA -1,S
    132  4+1   A0FB E7   E8 50           STB 80,S
    133
    134  5+5   A0FE 37   32              PULU A,X,Y
    135  4+1   A100 A7   E8 28           STA 40,S
    136  5+1   A103 AF   E8 D7           STX -41,S
    137  6+1   A106 10AF E8 AF           STY -81,S
    138
    139  5+2   A10A 37   06              PULU A,B
    140  4+1   A10C A7   E8 78           STA 120,S
    141  4+1   A10F E7   E8 87           STB -121,S
    142
    143  5+4   A112 37   46              PULU D,S
    144  5+1   A114 ED   E8 78           STD 120,S
    145
    146  5+6   A117 37   36              PULU D,X,Y
    147  5+1   A119 ED   E8 50           STD 80,S
    148  5+1   A11C AF   E8 28           STX 40,S
    149  6+0   A11F 10AF E4              STY ,S
    150
    151  5+2   A122 37   06              PULU D
    152  5+1   A124 ED   E8 D8           STD -40,S
    153
    154  5+3   A127 37   12              PULU A,X
    155  4+1   A129 A7   E8 88           STA -120,S
    156  5+1   A12C AF   E8 B0           STX -80,S
    157
    158        A12F               ERASE_SSAV_Img_Sonic_099
    159  4     A12F 10CE 0000            LDS #$0000
    160  5     A133 39                   RTS
    161

000000 Total Errors

000003 Total Symbols
     0x          Label A005 ERASE_CODE_Img_Sonic_099_1
     0x          Label A000 ERASE_Img_Sonic_099
     1x          Label A12F ERASE_SSAV_Img_Sonic_099

