/*--------------------------------------------------------------*
 * Compilé avec C6809 v0.83                                     *
 *--------------------------------------------------------------*
 * Fichier source      : ./Sonic2/GeneratedCode/Img_Sonic_019_Erase.ASM
 * Fichier destination : ./Sonic2/GeneratedCode/Img_Sonic_019_Erase.BIN
 * Contenu :
 *     Main     0:IMGE.ASM     2147
 *--------------------------------------------------------------*/

Macro Pass
Pass1
Pass2
      2        A000                      ORG $A000
      3                  FF              SETDP $FF
      4        A000               ERASE_Img_Sonic_019
      5  6+5   A000 10EF 8D 0186         STS ERASE_SSAV_Img_Sonic_019+2,PCR>>
      6
      7        A005               ERASE_CODE_Img_Sonic_019_1
      8  5+4   A005 37   46              PULU D,S
      9  5+1   A007 ED   E8 14           STD 20,S
     10
     11  5+2   A00A 37   06              PULU D
     12  5+1   A00C ED   E8 EC           STD -20,S
     13
     14  5+6   A00F 37   36              PULU A,B,X,Y
     15  4+1   A011 A7   E8 9C           STA -100,S
     16  4+1   A014 E7   E8 C4           STB -60,S
     17  5+1   A017 AF   E8 3C           STX 60,S
     18  6+1   A01A 10AF E8 64           STY 100,S
     19
     20  5+4   A01E 37   46              PULU A,B,S
     21  4+1   A020 A7   E8 50           STA 80,S
     22  4+1   A023 E7   E8 78           STB 120,S
     23
     24  5+6   A026 37   36              PULU D,X,Y
     25  5+1   A028 ED   E8 28           STD 40,S
     26  5+0   A02B AF   E4              STX ,S
     27  6+1   A02D 10AF E8 D8           STY -40,S
     28
     29  5+4   A031 37   16              PULU D,X
     30  5+1   A033 ED   E8 B0           STD -80,S
     31  5+1   A036 AF   E8 88           STX -120,S
     32
     33  5+4   A039 37   46              PULU D,S
     34  5+1   A03B ED   E8 78           STD 120,S
     35
     36  5+6   A03E 37   36              PULU D,X,Y
     37  5+1   A040 ED   E8 50           STD 80,S
     38  5+1   A043 AF   E8 B0           STX -80,S
     39  6+1   A046 10AF E8 28           STY 40,S
     40
     41  5+6   A04A 37   36              PULU D,X,Y
     42  5+1   A04C ED   E8 D8           STD -40,S
     43  5+1   A04F AF   E8 88           STX -120,S
     44  6+0   A052 10AF E4              STY ,S
     45
     46  5+5   A055 37   52              PULU A,X,S
     47  5+3   A057 34   12              PSHS A,X
     48
     49  5+2   A059 37   06              PULU D
     50  5+1   A05B ED   E8 78           STD 120,S
     51
     52  5+5   A05E 37   32              PULU A,X,Y
     53  4+1   A060 A7   E8 2A           STA 42,S
     54  5+1   A063 AF   E8 28           STX 40,S
     55  6+1   A066 10AF E8 50           STY 80,S
     56
     57  5+5   A06A 37   52              PULU A,X,S
     58  5+3   A06C 34   12              PSHS A,X
     59
     60  5+6   A06E 37   36              PULU A,B,X,Y
     61  4+1   A070 A7   E8 DA           STA -38,S
     62  4+1   A073 E7   E8 B2           STB -78,S
     63  5+1   A076 AF   E8 B0           STX -80,S
     64  6+1   A079 10AF E8 89           STY -119,S
     65
     66  5+4   A07D 37   16              PULU D,X
     67  5+1   A07F ED   E8 D8           STD -40,S
     68  5+1   A082 AF   E8 87           STX -121,S
     69
     70  5+4   A085 37   46              PULU D,S
     71  5+1   A087 ED   E8 3C           STD 60,S
     72
     73  5+4   A08A 37   16              PULU D,X
     74  5+1   A08C ED   E8 3A           STD 58,S
     75  5+1   A08F AF   E8 13           STX 19,S
     76
     77  5+2   A092 37   06              PULU A,B
     78  4+1   A094 A7   E8 15           STA 21,S
     79  4+1   A097 E7   E8 ED           STB -19,S
     80
     81  5+5   A09A 37   32              PULU A,X,Y
     82  4+1   A09C A7   E8 C5           STA -59,S
     83  5+1   A09F AF   E8 C3           STX -61,S
     84  6+1   A0A2 10AF E8 EB           STY -21,S
     85
     86  5+4   A0A6 37   46              PULU D,S
     87  5+1   A0A8 ED   E8 77           STD 119,S
     88
     89  5+6   A0AB 37   36              PULU D,X,Y
     90  5+1   A0AD ED   E8 4F           STD 79,S
     91  5+1   A0B0 AF   E8 27           STX 39,S
     92  6+1   A0B3 10AF E8 D7           STY -41,S
     93
     94  5+2   A0B7 37   06              PULU D
     95  5+1   A0B9 ED   7F              STD -1,S
     96
     97  5+4   A0BB 37   16              PULU A,B,X
     98  4+1   A0BD A7   E8 79           STA 121,S
     99  4+1   A0C0 E7   E8 87           STB -121,S
    100  5+1   A0C3 AF   E8 AF           STX -81,S
    101
    102  5+3   A0C6 37   42              PULU A,S
    103  4+1   A0C8 A7   E8 3D           STA 61,S
    104
    105  5+5   A0CB 37   32              PULU A,X,Y
    106  4+1   A0CD A7   E8 15           STA 21,S
    107  5+1   A0D0 AF   E8 3B           STX 59,S
    108  6+1   A0D3 10AF E8 13           STY 19,S
    109
    110  5+4   A0D7 37   16              PULU D,X
    111  5+1   A0D9 ED   E8 EB           STD -21,S
    112  5+1   A0DC AF   E8 C3           STX -61,S
    113
    114  5+3   A0DF 37   42              PULU A,S
    115  4+1   A0E1 A7   E8 B0           STA -80,S
    116
    117  5+4   A0E4 37   16              PULU D,X
    118  5+1   A0E6 ED   E8 77           STD 119,S
    119  5+1   A0E9 AF   E8 4F           STX 79,S
    120
    121  5+2   A0EC 37   06              PULU A,B
    122  4+1   A0EE A7   E8 D8           STA -40,S
    123  4+1   A0F1 E7   E8 88           STB -120,S
    124
    125  5+2   A0F4 37   06              PULU A,B
    126  4+1   A0F6 A7   E8 28           STA 40,S
    127  4+0   A0F9 E7   E4              STB ,S
    128
    129  5+4   A0FB 37   46              PULU A,B,S
    130  4+1   A0FD A7   E8 28           STA 40,S
    131  4+1   A100 E7   E8 50           STB 80,S
    132
    133  5+2   A103 37   06              PULU D
    134  5+0   A105 ED   E4              STD ,S
    135
    136  5+2   A107 37   06              PULU A,B
    137  4+1   A109 A7   E8 78           STA 120,S
    138  4+1   A10C E7   E8 D9           STB -39,S
    139
    140  5+5   A10F 37   32              PULU A,X,Y
    141  4+1   A111 A7   E8 B1           STA -79,S
    142  5+1   A114 AF   E8 D7           STX -41,S
    143  6+1   A117 10AF E8 AF           STY -81,S
    144
    145  5+2   A11B 37   06              PULU D
    146  5+1   A11D ED   E8 87           STD -121,S
    147
    148  5+5   A120 37   52              PULU A,X,S
    149  5+3   A122 34   12              PSHS A,X
    150
    151  5+3   A124 37   12              PULU A,X
    152  4+1   A126 A7   E8 DA           STA -38,S
    153  5+1   A129 AF   E8 28           STX 40,S
    154
    155  5+6   A12C 37   36              PULU A,B,X,Y
    156  4+1   A12E A7   E8 B2           STA -78,S
    157  4+1   A131 E7   E8 2A           STB 42,S
    158  5+1   A134 AF   E8 78           STX 120,S
    159  6+1   A137 10AF E8 50           STY 80,S
    160
    161  5+4   A13B 37   16              PULU D,X
    162  5+1   A13D ED   E8 D8           STD -40,S
    163  5+1   A140 AF   E8 B0           STX -80,S
    164
    165  5+5   A143 37   52              PULU A,X,S
    166  5+3   A145 34   12              PSHS A,X
    167
    168  5+6   A147 37   36              PULU D,X,Y
    169  5+1   A149 ED   E8 79           STD 121,S
    170  5+1   A14C AF   E8 29           STX 41,S
    171  6+1   A14F 10AF E8 51           STY 81,S
    172
    173  5+5   A153 37   52              PULU A,X,S
    174  5+3   A155 34   12              PSHS A,X
    175
    176  5+5   A157 37   52              PULU A,X,S
    177  5+3   A159 34   12              PSHS A,X
    178
    179  5+5   A15B 37   52              PULU A,X,S
    180  5+3   A15D 34   12              PSHS A,X
    181
    182  5+2   A15F 37   06              PULU D
    183  5+1   A161 ED   E8 D8           STD -40,S
    184
    185  5+5   A164 37   32              PULU A,X,Y
    186  4+1   A166 A7   E8 DA           STA -38,S
    187  5+1   A169 AF   E8 89           STX -119,S
    188  6+1   A16C 10AF E8 B1           STY -79,S
    189
    190  5+4   A170 37   46              PULU D,S
    191  5+1   A172 ED   E8 27           STD 39,S
    192
    193  5+2   A175 37   06              PULU D
    194  5+1   A177 ED   E8 D7           STD -41,S
    195
    196  5+6   A17A 37   36              PULU A,B,X,Y
    197  4+1   A17C A7   E8 B0           STA -80,S
    198  4+1   A17F E7   E8 29           STB 41,S
    199  5+1   A182 AF   7F              STX -1,S
    200  6+1   A184 10AF E8 50           STY 80,S
    201
    202        A188               ERASE_SSAV_Img_Sonic_019
    203  4     A188 10CE 0000            LDS #$0000
    204  5     A18C 39                   RTS
    205

000000 Total Errors

000003 Total Symbols
     0x          Label A005 ERASE_CODE_Img_Sonic_019_1
     0x          Label A000 ERASE_Img_Sonic_019
     1x          Label A188 ERASE_SSAV_Img_Sonic_019

