/*--------------------------------------------------------------*
 * Compilé avec C6809 v0.83                                     *
 *--------------------------------------------------------------*
 * Fichier source      : ./Sonic2/GeneratedCode/Img_Sonic_089_Erase.ASM
 * Fichier destination : ./Sonic2/GeneratedCode/Img_Sonic_089_Erase.BIN
 * Contenu :
 *     Main     0:IMGE.ASM     1731
 *--------------------------------------------------------------*/

Macro Pass
Pass1
Pass2
      2        A000                      ORG $A000
      3                  FF              SETDP $FF
      4        A000               ERASE_Img_Sonic_089
      5  6+5   A000 10EF 8D 011D         STS ERASE_SSAV_Img_Sonic_089+2,PCR>>
      6
      7        A005               ERASE_CODE_Img_Sonic_089_1
      8  5+6   A005 37   56              PULU D,X,S
      9  5+4   A007 34   16              PSHS D,X
     10
     11  5+2   A009 37   06              PULU A,B
     12  4+1   A00B A7   E8 78           STA 120,S
     13  4+1   A00E E7   E8 52           STB 82,S
     14
     15  5+4   A011 37   16              PULU A,B,X
     16  4+1   A013 A7   E8 2A           STA 42,S
     17  4+1   A016 E7   E8 50           STB 80,S
     18  5+1   A019 AF   E8 28           STX 40,S
     19
     20  5+6   A01C 37   56              PULU D,X,S
     21  5+4   A01E 34   16              PSHS D,X
     22
     23  5+6   A020 37   56              PULU D,X,S
     24  5+4   A022 34   16              PSHS D,X
     25
     26  5+6   A024 37   56              PULU D,X,S
     27  5+4   A026 34   16              PSHS D,X
     28
     29  5+7   A028 37   72              PULU A,X,Y,S
     30  5+5   A02A 34   32              PSHS A,X,Y
     31
     32  5+7   A02C 37   72              PULU A,X,Y,S
     33  5+5   A02E 34   32              PSHS A,X,Y
     34
     35  5+5   A030 37   52              PULU A,X,S
     36  5+3   A032 34   12              PSHS A,X
     37
     38  5+5   A034 37   32              PULU A,X,Y
     39  4+1   A036 A7   E8 2A           STA 42,S
     40  5+1   A039 AF   E8 28           STX 40,S
     41  6+1   A03C 10AF E8 26           STY 38,S
     42
     43  5+5   A040 37   52              PULU A,X,S
     44  5+3   A042 34   12              PSHS A,X
     45
     46  5+2   A044 37   06              PULU D
     47  5+1   A046 ED   E8 26           STD 38,S
     48
     49  5+5   A049 37   52              PULU A,X,S
     50  5+3   A04B 34   12              PSHS A,X
     51
     52  5+6   A04D 37   36              PULU A,B,X,Y
     53  4+1   A04F A7   63              STA 3,S
     54  4+1   A051 E7   7E              STB -2,S
     55  5+1   A053 AF   E8 B0           STX -80,S
     56  6+1   A056 10AF E8 D8           STY -40,S
     57
     58  5+6   A05A 37   36              PULU D,X,Y
     59  5+1   A05C ED   E8 26           STD 38,S
     60  5+1   A05F AF   E8 DA           STX -38,S
     61  6+1   A062 10AF E8 B2           STY -78,S
     62
     63  5+4   A066 37   16              PULU D,X
     64  5+1   A068 ED   E8 8A           STD -118,S
     65  5+1   A06B AF   E8 88           STX -120,S
     66
     67  5+4   A06E 37   46              PULU D,S
     68  5+1   A070 ED   E8 64           STD 100,S
     69
     70  5+6   A073 37   36              PULU D,X,Y
     71  5+1   A075 ED   E8 62           STD 98,S
     72  5+1   A078 AF   E8 3A           STX 58,S
     73  6+1   A07B 10AF E8 EA           STY -22,S
     74
     75  5+2   A07F 37   06              PULU D
     76  5+1   A081 ED   E8 12           STD 18,S
     77
     78  5+2   A084 37   06              PULU A,B
     79  4+1   A086 A7   E8 3C           STA 60,S
     80  4+1   A089 E7   E8 14           STB 20,S
     81
     82  5+3   A08C 37   12              PULU A,X
     83  4+1   A08E A7   E8 9B           STA -101,S
     84  5+1   A091 AF   E8 C2           STX -62,S
     85
     86  5+3   A094 37   42              PULU A,S
     87  4+1   A096 A7   E8 28           STA 40,S
     88
     89  5+2   A099 37   06              PULU A,B
     90  4+0   A09B A7   E4              STA ,S
     91  4+1   A09D E7   E8 DA           STB -38,S
     92
     93  5+1   A0A0 37   02              PULU A
     94  4+1   A0A2 A7   E8 D8           STA -40,S
     95
     96  5+6   A0A5 37   56              PULU D,X,S
     97  5+4   A0A7 34   16              PSHS D,X
     98
     99  5+2   A0A9 37   06              PULU D
    100  5+1   A0AB ED   E8 79           STD 121,S
    101
    102  5+6   A0AE 37   36              PULU A,B,X,Y
    103  4+1   A0B0 A7   E8 7B           STA 123,S
    104  4+1   A0B3 E7   E8 77           STB 119,S
    105  5+1   A0B6 AF   E8 2A           STX 42,S
    106  6+1   A0B9 10AF E8 52           STY 82,S
    107
    108  5+4   A0BD 37   16              PULU D,X
    109  5+1   A0BF ED   E8 50           STD 80,S
    110  5+1   A0C2 AF   E8 28           STX 40,S
    111
    112  5+6   A0C5 37   56              PULU D,X,S
    113  5+4   A0C7 34   16              PSHS D,X
    114
    115  5+6   A0C9 37   56              PULU D,X,S
    116  5+4   A0CB 34   16              PSHS D,X
    117
    118  5+6   A0CD 37   56              PULU D,X,S
    119  5+4   A0CF 34   16              PSHS D,X
    120
    121  5+1   A0D1 37   02              PULU A
    122  4+1   A0D3 A7   64              STA 4,S
    123
    124  5+7   A0D5 37   72              PULU A,X,Y,S
    125  5+5   A0D7 34   32              PSHS A,X,Y
    126
    127  5+6   A0D9 37   56              PULU D,X,S
    128  5+4   A0DB 34   16              PSHS D,X
    129
    130  5+1   A0DD 37   02              PULU A
    131  4+1   A0DF A7   64              STA 4,S
    132
    133  5+5   A0E1 37   52              PULU A,X,S
    134  5+3   A0E3 34   12              PSHS A,X
    135
    136  5+6   A0E5 37   36              PULU D,X,Y
    137  5+1   A0E7 ED   7E              STD -2,S
    138  5+1   A0E9 AF   E8 B1           STX -79,S
    139  6+1   A0EC 10AF E8 D9           STY -39,S
    140
    141  5+6   A0F0 37   36              PULU D,X,Y
    142  5+1   A0F2 ED   E8 89           STD -119,S
    143  5+1   A0F5 AF   E8 D7           STX -41,S
    144  6+1   A0F8 10AF E8 AF           STY -81,S
    145
    146  5+2   A0FC 37   06              PULU D
    147  5+1   A0FE ED   E8 87           STD -121,S
    148
    149  5+6   A101 37   56              PULU A,B,X,S
    150  5+3   A103 34   14              PSHS B,X
    151  4+1   A105 A7   E8 7A           STA 122,S
    152
    153  5+6   A108 37   36              PULU D,X,Y
    154  5+1   A10A ED   E8 78           STD 120,S
    155  5+1   A10D AF   E8 28           STX 40,S
    156  6+1   A110 10AF E8 D8           STY -40,S
    157
    158  5+4   A114 37   16              PULU A,B,X
    159  4+1   A116 A7   E8 B1           STA -79,S
    160  4+1   A119 E7   E8 2A           STB 42,S
    161  5+1   A11C AF   E8 51           STX 81,S
    162
    163        A11F               ERASE_SSAV_Img_Sonic_089
    164  4     A11F 10CE 0000            LDS #$0000
    165  5     A123 39                   RTS
    166

000000 Total Errors

000003 Total Symbols
     0x          Label A005 ERASE_CODE_Img_Sonic_089_1
     0x          Label A000 ERASE_Img_Sonic_089
     1x          Label A11F ERASE_SSAV_Img_Sonic_089

