/*--------------------------------------------------------------*
 * Compilé avec C6809 v0.83                                     *
 *--------------------------------------------------------------*
 * Fichier source      : ./Sonic2/GeneratedCode/Img_Sonic_017_Erase.ASM
 * Fichier destination : ./Sonic2/GeneratedCode/Img_Sonic_017_Erase.BIN
 * Contenu :
 *     Main     0:IMGE.ASM     2770
 *--------------------------------------------------------------*/

Macro Pass
Pass1
Pass2
      2        A000                      ORG $A000
      3                  FF              SETDP $FF
      4        A000               ERASE_Img_Sonic_017
      5  6+5   A000 10EF 8D 01F3         STS ERASE_SSAV_Img_Sonic_017+2,PCR>>
      6
      7        A005               ERASE_CODE_Img_Sonic_017_1
      8  5+4   A005 37   46              PULU A,B,S
      9  4+1   A007 A7   E8 B3           STA -77,S
     10  4+0   A00A E7   E4              STB ,S
     11
     12  5+2   A00C 37   06              PULU A,B
     13  4+1   A00E A7   E8 50           STA 80,S
     14  4+1   A011 E7   E8 28           STB 40,S
     15
     16  5+2   A014 37   06              PULU A,B
     17  4+1   A016 A7   E8 DB           STA -37,S
     18  4+1   A019 E7   E8 D8           STB -40,S
     19
     20  5+1   A01C 37   02              PULU A
     21  4+1   A01E A7   E8 B0           STA -80,S
     22
     23  5+3   A021 37   42              PULU A,S
     24  4+1   A023 A7   7E              STA -2,S
     25
     26  5+2   A025 37   06              PULU A,B
     27  4+1   A027 A7   E8 D7           STA -41,S
     28  4+1   A02A E7   61              STB 1,S
     29
     30  5+3   A02C 37   12              PULU A,X
     31  4+1   A02E A7   E8 8A           STA -118,S
     32  5+1   A031 AF   E8 87           STX -121,S
     33
     34  5+4   A034 37   16              PULU A,B,X
     35  4+1   A036 A7   E8 79           STA 121,S
     36  4+1   A039 E7   E8 4E           STB 78,S
     37  5+1   A03C AF   E8 B1           STX -79,S
     38
     39  5+2   A03F 37   06              PULU A,B
     40  4+1   A041 A7   E8 D9           STA -39,S
     41  4+1   A044 E7   E8 AF           STB -81,S
     42
     43  5+2   A047 37   06              PULU A,B
     44  4+1   A049 A7   E8 76           STA 118,S
     45  4+1   A04C E7   E8 26           STB 38,S
     46
     47  5+2   A04F 37   06              PULU A,B
     48  4+1   A051 A7   E8 51           STA 81,S
     49  4+1   A054 E7   E8 29           STB 41,S
     50
     51  5+5   A057 37   52              PULU A,X,S
     52  5+3   A059 34   12              PSHS A,X
     53
     54  5+4   A05B 37   16              PULU A,B,X
     55  4+1   A05D A7   E8 54           STA 84,S
     56  4+1   A060 E7   E8 7C           STB 124,S
     57  5+1   A063 AF   E8 79           STX 121,S
     58
     59  5+3   A066 37   12              PULU A,X
     60  4+1   A068 A7   E8 52           STA 82,S
     61  5+1   A06B AF   E8 29           STX 41,S
     62
     63  5+6   A06E 37   56              PULU D,X,S
     64  5+4   A070 34   16              PSHS D,X
     65
     66  5+5   A072 37   52              PULU A,X,S
     67  5+3   A074 34   12              PSHS A,X
     68
     69  5+5   A076 37   32              PULU A,X,Y
     70  4+1   A078 A7   63              STA 3,S
     71  5+1   A07A AF   E8 52           STX 82,S
     72  6+1   A07D 10AF E8 50           STY 80,S
     73
     74  5+4   A081 37   16              PULU D,X
     75  5+1   A083 ED   E8 2A           STD 42,S
     76  5+1   A086 AF   E8 28           STX 40,S
     77
     78  5+5   A089 37   52              PULU A,X,S
     79  5+3   A08B 34   12              PSHS A,X
     80
     81  5+1   A08D 37   02              PULU A
     82  4+1   A08F A7   63              STA 3,S
     83
     84  5+5   A091 37   52              PULU A,X,S
     85  5+3   A093 34   12              PSHS A,X
     86
     87  5+2   A095 37   06              PULU D
     88  5+1   A097 ED   E8 89           STD -119,S
     89
     90  5+2   A09A 37   06              PULU A,B
     91  4+1   A09C A7   63              STA 3,S
     92  4+1   A09E E7   E8 DB           STB -37,S
     93
     94  5+6   A0A1 37   36              PULU A,B,X,Y
     95  4+1   A0A3 A7   E8 B3           STA -77,S
     96  4+1   A0A6 E7   E8 8B           STB -117,S
     97  5+1   A0A9 AF   E8 B1           STX -79,S
     98  6+1   A0AC 10AF E8 D9           STY -39,S
     99
    100  5+3   A0B0 37   42              PULU A,S
    101  4+1   A0B2 A7   E8 65           STA 101,S
    102
    103  5+2   A0B5 37   06              PULU A,B
    104  4+1   A0B7 A7   E8 15           STA 21,S
    105  4+1   A0BA E7   E8 ED           STB -19,S
    106
    107  5+6   A0BD 37   36              PULU A,B,X,Y
    108  4+1   A0BF A7   E8 C5           STA -59,S
    109  4+1   A0C2 E7   E8 9D           STB -99,S
    110  5+1   A0C5 AF   E8 9B           STX -101,S
    111  6+1   A0C8 10AF E8 13           STY 19,S
    112
    113  5+6   A0CC 37   36              PULU D,X,Y
    114  5+1   A0CE ED   E8 63           STD 99,S
    115  5+1   A0D1 AF   E8 C3           STX -61,S
    116  6+1   A0D4 10AF E8 EB           STY -21,S
    117
    118  5+4   A0D8 37   16              PULU D,X
    119  5+1   A0DA ED   E8 3C           STD 60,S
    120  5+1   A0DD AF   E8 3A           STX 58,S
    121
    122  5+4   A0E0 37   46              PULU D,S
    123  5+1   A0E2 ED   E8 77           STD 119,S
    124
    125  5+6   A0E5 37   36              PULU D,X,Y
    126  5+1   A0E7 ED   E8 4F           STD 79,S
    127  5+1   A0EA AF   E8 27           STX 39,S
    128  6+1   A0ED 10AF E8 D7           STY -41,S
    129
    130  5+2   A0F1 37   06              PULU D
    131  5+1   A0F3 ED   7F              STD -1,S
    132
    133  5+2   A0F5 37   06              PULU A,B
    134  4+1   A0F7 A7   E8 79           STA 121,S
    135  4+1   A0FA E7   E8 51           STB 81,S
    136
    137  5+2   A0FD 37   06              PULU A,B
    138  4+1   A0FF A7   E8 29           STA 41,S
    139  4+1   A102 E7   61              STB 1,S
    140
    141  5+4   A104 37   16              PULU A,B,X
    142  4+1   A106 A7   E8 D9           STA -39,S
    143  4+1   A109 E7   E8 87           STB -121,S
    144  5+1   A10C AF   E8 AF           STX -81,S
    145
    146  5+4   A10F 37   46              PULU A,B,S
    147  4+1   A111 A7   E8 28           STA 40,S
    148  4+1   A114 E7   E8 50           STB 80,S
    149
    150  5+2   A117 37   06              PULU A,B
    151  4+1   A119 A7   E8 78           STA 120,S
    152  4+1   A11C E7   E8 D8           STB -40,S
    153
    154  5+6   A11F 37   36              PULU A,B,X,Y
    155  4+0   A121 A7   E4              STA ,S
    156  4+1   A123 E7   E8 8B           STB -117,S
    157  5+1   A126 AF   E8 B0           STX -80,S
    158  6+1   A129 10AF E8 88           STY -120,S
    159
    160  5+4   A12D 37   46              PULU D,S
    161  5+1   A12F ED   E8 75           STD 117,S
    162
    163  5+4   A132 37   16              PULU D,X
    164  5+1   A134 ED   E8 50           STD 80,S
    165  5+1   A137 AF   E8 28           STX 40,S
    166
    167  5+6   A13A 37   36              PULU A,B,X,Y
    168  4+1   A13C A7   E8 78           STA 120,S
    169  4+1   A13F E7   E8 4E           STB 78,S
    170  5+0   A142 AF   E4              STX ,S
    171  6+1   A144 10AF E8 D8           STY -40,S
    172
    173  5+2   A148 37   06              PULU D
    174  5+1   A14A ED   E8 B0           STD -80,S
    175
    176  5+4   A14D 37   16              PULU A,B,X
    177  4+1   A14F A7   E8 26           STA 38,S
    178  4+1   A152 E7   E8 D6           STB -42,S
    179  5+1   A155 AF   E8 87           STX -121,S
    180
    181  5+2   A158 37   06              PULU A,B
    182  4+1   A15A A7   7E              STA -2,S
    183  4+1   A15C E7   E8 89           STB -119,S
    184
    185  5+5   A15F 37   52              PULU A,X,S
    186  5+3   A161 34   12              PSHS A,X
    187
    188  5+2   A163 37   06              PULU D
    189  5+1   A165 ED   E8 50           STD 80,S
    190
    191  5+4   A168 37   16              PULU A,B,X
    192  4+1   A16A A7   E8 7A           STA 122,S
    193  4+1   A16D E7   E8 28           STB 40,S
    194  5+1   A170 AF   E8 78           STX 120,S
    195
    196  5+5   A173 37   52              PULU A,X,S
    197  5+3   A175 34   12              PSHS A,X
    198
    199  5+5   A177 37   52              PULU A,X,S
    200  5+3   A179 34   12              PSHS A,X
    201
    202  5+2   A17B 37   06              PULU A,B
    203  4+1   A17D A7   E8 50           STA 80,S
    204  4+1   A180 E7   E8 76           STB 118,S
    205
    206  5+2   A183 37   06              PULU A,B
    207  4+1   A185 A7   E8 2A           STA 42,S
    208  4+1   A188 E7   E8 28           STB 40,S
    209
    210  5+5   A18B 37   32              PULU A,X,Y
    211  4+1   A18D A7   E8 52           STA 82,S
    212  5+1   A190 AF   E8 4E           STX 78,S
    213  6+1   A193 10AF E8 26           STY 38,S
    214
    215  5+5   A197 37   52              PULU A,X,S
    216  5+3   A199 34   12              PSHS A,X
    217
    218  5+2   A19B 37   06              PULU D
    219  5+1   A19D ED   E8 26           STD 38,S
    220
    221  5+5   A1A0 37   52              PULU A,X,S
    222  5+3   A1A2 34   12              PSHS A,X
    223
    224  5+5   A1A4 37   32              PULU A,X,Y
    225  4+1   A1A6 A7   E8 DA           STA -38,S
    226  5+1   A1A9 AF   E8 27           STX 39,S
    227  6+1   A1AC 10AF E8 D8           STY -40,S
    228
    229  5+5   A1B0 37   52              PULU A,X,S
    230  5+3   A1B2 34   12              PSHS A,X
    231
    232  5+6   A1B4 37   36              PULU D,X,Y
    233  5+1   A1B6 ED   E8 79           STD 121,S
    234  5+1   A1B9 AF   E8 29           STX 41,S
    235  6+1   A1BC 10AF E8 51           STY 81,S
    236
    237  5+5   A1C0 37   52              PULU A,X,S
    238  5+3   A1C2 34   12              PSHS A,X
    239
    240  5+5   A1C4 37   52              PULU A,X,S
    241  5+3   A1C6 34   12              PSHS A,X
    242
    243  5+2   A1C8 37   06              PULU D
    244  5+1   A1CA ED   E8 D8           STD -40,S
    245
    246  5+5   A1CD 37   32              PULU A,X,Y
    247  4+1   A1CF A7   E8 DA           STA -38,S
    248  5+1   A1D2 AF   E8 89           STX -119,S
    249  6+1   A1D5 10AF E8 B1           STY -79,S
    250
    251  5+4   A1D9 37   46              PULU D,S
    252  5+1   A1DB ED   E8 EB           STD -21,S
    253
    254  5+4   A1DE 37   16              PULU D,X
    255  5+1   A1E0 ED   E8 64           STD 100,S
    256  5+1   A1E3 AF   E8 3C           STX 60,S
    257
    258  5+6   A1E6 37   36              PULU A,B,X,Y
    259  4+1   A1E8 A7   E8 9C           STA -100,S
    260  4+1   A1EB E7   E8 15           STB 21,S
    261  5+1   A1EE AF   E8 13           STX 19,S
    262  6+1   A1F1 10AF E8 C3           STY -61,S
    263
    264        A1F5               ERASE_SSAV_Img_Sonic_017
    265  4     A1F5 10CE 0000            LDS #$0000
    266  5     A1F9 39                   RTS
    267

000000 Total Errors

000003 Total Symbols
     0x          Label A005 ERASE_CODE_Img_Sonic_017_1
     0x          Label A000 ERASE_Img_Sonic_017
     1x          Label A1F5 ERASE_SSAV_Img_Sonic_017

