/*--------------------------------------------------------------*
 * Compilé avec C6809 v0.83                                     *
 *--------------------------------------------------------------*
 * Fichier source      : ./Sonic2/GeneratedCode/Img_Sonic_017_BckDraw.ASM
 * Fichier destination : ./Sonic2/GeneratedCode/Img_Sonic_017_BckDraw.BIN
 * Contenu :
 *     Main     0:IMGD.ASM     7640
 *--------------------------------------------------------------*/

Macro Pass
Pass1
Pass2
      2        A000                      ORG $A000
      3                  FF              SETDP $FF
      4        A000               BCKDRAW_Img_Sonic_017
      5  6+5   A000 10EF 8D 05CD         STS SSAV_Img_Sonic_017+2,PCR
      6
      7  5+5   A005 ED   8D 02BE         STD DYN_POS+2,PCR
      8  6+0   A009 10EE A4              LDS ,Y
      9  4+4   A00C 32   E9 0297         LEAS 663,S
     10
     11  5+1   A010 EC   E8 C3           LDD -61,S
     12  5+2   A013 36   06              PSHU D
     13  2     A015 84   F0              ANDA #$F0
     14  2     A017 8A   0B              ORA #$0b
     15  2     A019 C6   BC              LDB #$bc
     16  5+1   A01B ED   E8 C3           STD -61,S
     17  5+1   A01E EC   E8 13           LDD 19,S
     18  5+2   A021 36   06              PSHU D
     19  2     A023 84   F0              ANDA #$F0
     20  2     A025 8A   0E              ORA #$0e
     21  2     A027 C6   B7              LDB #$b7
     22  5+1   A029 ED   E8 13           STD 19,S
     23  4+1   A02C A6   E8 9C           LDA -100,S
     24  4+1   A02F E6   E8 15           LDB 21,S
     25  5+2   A032 36   06              PSHU B,A
     26  2     A034 C4   0F              ANDB #$0F
     27  2     A036 CA   B0              ORB #$b0
     28  4+1   A038 E7   E8 15           STB 21,S
     29  5+1   A03B AE   E8 64           LDX 100,S
     30  2     A03E 86   BB              LDA #$bb
     31  4+1   A040 A7   E8 9C           STA -100,S
     32  6+1   A043 10AE E8 3C           LDY 60,S
     33  5+4   A047 36   30              PSHU Y,X
     34  5+1   A049 EC   E8 EB           LDD -21,S
     35  5+4   A04C 36   46              PSHU S,D
     36  3     A04E CC   EEBE            LDD #$eebe
     37  5+1   A051 ED   E8 EB           STD -21,S
     38  3     A054 CC   E7DC            LDD #$e7dc
     39  5+1   A057 ED   E8 64           STD 100,S
     40  2     A05A C6   CB              LDB #$cb
     41  5+1   A05C ED   E8 3C           STD 60,S
     42  4+4   A05F 32   E9 0103         LEAS 259,S
     43
     44  4+1   A063 A6   E8 DA           LDA -38,S
     45  5+1   A066 AE   E8 89           LDX -119,S
     46  6+1   A069 10AE E8 B1           LDY -79,S
     47  5+5   A06D 36   32              PSHU Y,X,A
     48  3     A06F CC   E8DC            LDD #$e8dc
     49  5+1   A072 ED   E8 89           STD -119,S
     50  2     A075 86   BC              LDA #$bc
     51  5+1   A077 ED   E8 B1           STD -79,S
     52  5+1   A07A EC   E8 D8           LDD -40,S
     53  5+2   A07D 36   06              PSHU D
     54  2     A07F 84   F0              ANDA #$F0
     55  2     A081 8A   0E              ORA #$0e
     56  2     A083 C6   CD              LDB #$cd
     57  5+1   A085 ED   E8 D8           STD -40,S
     58  2     A088 86   BD              LDA #$bd
     59  4+1   A08A A7   E8 DA           STA -38,S
     60  5+3   A08D 35   12              PULS A,X
     61  5+5   A08F 36   52              PSHU S,X,A
     62  2     A091 86   EB              LDA #$eb
     63  3     A093 8E   DD1D            LDX #$dd1d
     64  5+3   A096 34   12              PSHS A,X
     65  4+1   A098 32   E8 28           LEAS 40,S
     66
     67  5+3   A09B 35   12              PULS A,X
     68  5+5   A09D 36   52              PSHU S,X,A
     69  2     A09F 86   EE              LDA #$ee
     70  3     A0A1 8E   CD0B            LDX #$cd0b
     71  5+3   A0A4 34   12              PSHS A,X
     72  4+1   A0A6 32   E8 28           LEAS 40,S
     73
     74  5+1   A0A9 AE   E8 29           LDX 41,S
     75  6+1   A0AC 10AE E8 51           LDY 81,S
     76  5+4   A0B0 36   30              PSHU Y,X
     77  5+1   A0B2 EC   E8 79           LDD 121,S
     78  5+2   A0B5 36   06              PSHU D
     79  3     A0B7 CC   BC04            LDD #$bc04
     80  5+1   A0BA ED   E8 29           STD 41,S
     81  2     A0BD 86   EB              LDA #$eb
     82  5+1   A0BF ED   E8 51           STD 81,S
     83  2     A0C2 C6   00              LDB #$00
     84  5+1   A0C4 ED   E8 79           STD 121,S
     85  5+3   A0C7 35   12              PULS A,X
     86  5+5   A0C9 36   52              PSHU S,X,A
     87  2     A0CB 86   EE              LDA #$ee
     88  3     A0CD 8E   BC04            LDX #$bc04
     89  5+3   A0D0 34   12              PSHS A,X
     90  4+4   A0D2 32   E9 00C8         LEAS 200,S
     91
     92  5+1   A0D6 EC   E8 D8           LDD -40,S
     93  5+2   A0D9 36   06              PSHU D
     94  2     A0DB 84   F0              ANDA #$F0
     95  2     A0DD 8A   0E              ORA #$0e
     96  2     A0DF C6   E8              LDB #$e8
     97  5+1   A0E1 ED   E8 D8           STD -40,S
     98  5+1   A0E4 EC   E8 27           LDD 39,S
     99  5+2   A0E7 36   06              PSHU D
    100  2     A0E9 84   F0              ANDA #$F0
    101  2     A0EB 8A   01              ORA #$01
    102  2     A0ED C6   68              LDB #$68
    103  5+1   A0EF ED   E8 27           STD 39,S
    104  4+1   A0F2 A6   E8 DA           LDA -38,S
    105  5+1   A0F5 36   02              PSHU A
    106  2     A0F7 86   07              LDA #$07
    107  4+1   A0F9 A7   E8 DA           STA -38,S
    108  5+3   A0FC 35   12              PULS A,X
    109  5+5   A0FE 36   52              PSHU S,X,A
    110  2     A100 86   87              LDA #$87
    111  3     A102 8E   EE77            LDX #$ee77
    112  5+3   A105 34   12              PSHS A,X
    113  4+1   A107 32   E8 29           LEAS 41,S
    114
    115  5+1   A10A EC   E8 26           LDD 38,S
    116  5+2   A10D 36   06              PSHU D
    117  2     A10F 84   F0              ANDA #$F0
    118  2     A111 8A   00              ORA #$00
    119  2     A113 C6   2E              LDB #$2e
    120  5+1   A115 ED   E8 26           STD 38,S
    121  5+3   A118 35   12              PULS A,X
    122  5+5   A11A 36   52              PSHU S,X,A
    123  2     A11C 86   8E              LDA #$8e
    124  3     A11E 8E   7822            LDX #$7822
    125  5+3   A121 34   12              PSHS A,X
    126  4+1   A123 32   E8 28           LEAS 40,S
    127
    128  5+1   A126 EC   E8 26           LDD 38,S
    129  5+2   A129 36   06              PSHU D
    130  2     A12B 84   F0              ANDA #$F0
    131  2     A12D C4   0F              ANDB #$0F
    132  4     A12F C3   0030            ADDD #$0030
    133  5+1   A132 ED   E8 26           STD 38,S
    134  5+1   A135 EC   E8 4E           LDD 78,S
    135  5+2   A138 36   06              PSHU D
    136  2     A13A 84   F0              ANDA #$F0
    137  2     A13C C4   0F              ANDB #$0F
    138  4     A13E C3   0030            ADDD #$0030
    139  5+1   A141 ED   E8 4E           STD 78,S
    140  4+1   A144 A6   E8 28           LDA 40,S
    141  4+1   A147 E6   E8 52           LDB 82,S
    142  5+2   A14A 36   06              PSHU B,A
    143  4+1   A14C A6   E8 2A           LDA 42,S
    144  5+1   A14F 36   02              PSHU A
    145  2     A151 86   12              LDA #$12
    146  4+1   A153 A7   E8 2A           STA 42,S
    147  4+1   A156 A6   E8 50           LDA 80,S
    148  4+1   A159 E6   E8 76           LDB 118,S
    149  5+2   A15C 36   06              PSHU B,A
    150  2     A15E C4   F0              ANDB #$F0
    151  2     A160 CA   02              ORB #$02
    152  4+1   A162 E7   E8 76           STB 118,S
    153  2     A165 86   8E              LDA #$8e
    154  4+1   A167 A7   E8 28           STA 40,S
    155  2     A16A 86   13              LDA #$13
    156  4+1   A16C A7   E8 52           STA 82,S
    157  2     A16F 86   6C              LDA #$6c
    158  4+1   A171 A7   E8 50           STA 80,S
    159  5+3   A174 35   12              PULS A,X
    160  5+5   A176 36   52              PSHU S,X,A
    161  2     A178 86   7E              LDA #$7e
    162  3     A17A 8E   8612            LDX #$8612
    163  5+3   A17D 34   12              PSHS A,X
    164  4+1   A17F 32   E8 78           LEAS 120,S
    165
    166  5+3   A182 35   12              PULS A,X
    167  5+5   A184 36   52              PSHU S,X,A
    168  2     A186 86   E8              LDA #$e8
    169  3     A188 8E   8833            LDX #$8833
    170  5+3   A18B 34   12              PSHS A,X
    171  4+1   A18D 32   E8 28           LEAS 40,S
    172
    173  4+1   A190 A6   E8 28           LDA 40,S
    174  5+1   A193 AE   E8 78           LDX 120,S
    175  5+3   A196 36   12              PSHU X,A
    176  2     A198 86   E8              LDA #$e8
    177  4+1   A19A A7   E8 28           STA 40,S
    178  3     A19D CC   4CED            LDD #$4ced
    179  5+1   A1A0 ED   E8 78           STD 120,S
    180  4+1   A1A3 A6   E8 7A           LDA 122,S
    181  5+1   A1A6 36   02              PSHU A
    182  2     A1A8 84   F0              ANDA #$F0
    183  2     A1AA 8A   05              ORA #$05
    184  4+1   A1AC A7   E8 7A           STA 122,S
    185  5+1   A1AF EC   E8 50           LDD 80,S
    186  5+2   A1B2 36   06              PSHU D
    187  2     A1B4 86   4D              LDA #$4d
    188  2     A1B6 C4   0F              ANDB #$0F
    189  2     A1B8 CA   D0              ORB #$d0
    190  5+1   A1BA ED   E8 50           STD 80,S
    191  5+3   A1BD 35   12              PULS A,X
    192  5+5   A1BF 36   52              PSHU S,X,A
    193  2     A1C1 86   E8              LDA #$e8
    194  3     A1C3 8E   6633            LDX #$6633
    195  5+3   A1C6 34   12              PSHS A,X
    196  4+4   A1C8 32   E9 0119         LEAS 281,S
    197
    198  4+1   A1CC A6   7E              LDA -2,S
    199  4+1   A1CE E6   E8 89           LDB -119,S
    200  5+2   A1D1 36   06              PSHU B,A
    201  2     A1D3 86   2E              LDA #$2e
    202  4+1   A1D5 A7   7E              STA -2,S
    203  5+1   A1D7 EC   E8 87           LDD -121,S
    204  5+2   A1DA 36   06              PSHU D
    205  2     A1DC 86   E4              LDA #$e4
    206  2     A1DE C4   F0              ANDB #$F0
    207  2     A1E0 CA   0E              ORB #$0e
    208  5+1   A1E2 ED   E8 87           STD -121,S
    209  2     A1E5 86   55              LDA #$55
    210  4+1   A1E7 A7   E8 89           STA -119,S
    211  4+1   A1EA A6   E8 26           LDA 38,S
    212  4+1   A1ED E6   E8 D6           LDB -42,S
    213  5+2   A1F0 36   06              PSHU B,A
    214  2     A1F2 86   24              LDA #$24
    215  4+1   A1F4 A7   E8 D6           STA -42,S
    216  5+1   A1F7 EC   E8 B0           LDD -80,S
    217  5+2   A1FA 36   06              PSHU D
    218  2     A1FC 84   F0              ANDA #$F0
    219  2     A1FE 8A   01              ORA #$01
    220  2     A200 C6   54              LDB #$54
    221  5+1   A202 ED   E8 B0           STD -80,S
    222  5+1   A205 EC   E8 D8           LDD -40,S
    223  5+2   A208 36   06              PSHU D
    224  2     A20A 84   F0              ANDA #$F0
    225  2     A20C 8A   01              ORA #$01
    226  2     A20E C6   46              LDB #$46
    227  5+1   A210 ED   E8 D8           STD -40,S
    228  5+0   A213 EC   E4              LDD ,S
    229  5+2   A215 36   06              PSHU D
    230  2     A217 84   F0              ANDA #$F0
    231  2     A219 8A   02              ORA #$02
    232  2     A21B C6   66              LDB #$66
    233  5+0   A21D ED   E4              STD ,S
    234  4+1   A21F A6   E8 4E           LDA 78,S
    235  5+1   A222 36   02              PSHU A
    236  2     A224 84   0F              ANDA #$0F
    237  2     A226 8A   50              ORA #$50
    238  4+1   A228 A7   E8 4E           STA 78,S
    239  4+1   A22B A6   E8 78           LDA 120,S
    240  5+1   A22E 36   02              PSHU A
    241  2     A230 84   F0              ANDA #$F0
    242  2     A232 8A   06              ORA #$06
    243  4+1   A234 A7   E8 78           STA 120,S
    244  5+1   A237 EC   E8 28           LDD 40,S
    245  5+2   A23A 36   06              PSHU D
    246  2     A23C 84   F0              ANDA #$F0
    247  2     A23E C4   0F              ANDB #$0F
    248  4     A240 C3   0660            ADDD #$0660
    249  5+1   A243 ED   E8 28           STD 40,S
    250  5+1   A246 EC   E8 50           LDD 80,S
    251  5+2   A249 36   06              PSHU D
    252  2     A24B 84   F0              ANDA #$F0
    253  2     A24D C4   0F              ANDB #$0F
    254  4     A24F C3   0640            ADDD #$0640
    255  5+1   A252 ED   E8 50           STD 80,S
    256  5+1   A255 EC   E8 75           LDD 117,S
    257  5+4   A258 36   46              PSHU S,D
    258  2     A25A 84   F0              ANDA #$F0
    259  2     A25C C4   0F              ANDB #$0F
    260  4     A25E C3   0450            ADDD #$0450
    261  5+1   A261 ED   E8 75           STD 117,S
    262  2     A264 86   12              LDA #$12
    263  4+1   A266 A7   E8 26           STA 38,S
    264  4+4   A269 32   E9 0115         LEAS 277,S
    265
    266  5+1   A26D EC   E8 88           LDD -120,S
    267  5+2   A270 36   06              PSHU D
    268  2     A272 84   F0              ANDA #$F0
    269  2     A274 C4   0F              ANDB #$0F
    270  4     A276 C3   0420            ADDD #$0420
    271  5+1   A279 ED   E8 88           STD -120,S
    272  5+1   A27C EC   E8 B0           LDD -80,S
    273  5+2   A27F 36   06              PSHU D
    274  2     A281 84   F0              ANDA #$F0
    275  2     A283 C4   0F              ANDB #$0F
    276  4     A285 C3   0620            ADDD #$0620
    277  5+1   A288 ED   E8 B0           STD -80,S
    278  4+0   A28B A6   E4              LDA ,S
    279  4+1   A28D E6   E8 8B           LDB -117,S
    280  5+2   A290 36   06              PSHU B,A
    281  2     A292 C4   F0              ANDB #$F0
    282  2     A294 CA   04              ORB #$04
    283  4+1   A296 E7   E8 8B           STB -117,S
    284  4+1   A299 A6   E8 D8           LDA -40,S
    285  5+1   A29C 36   02              PSHU A
    286  2     A29E 84   F0              ANDA #$F0
    287  2     A2A0 8A   06              ORA #$06
    288  4+1   A2A2 A7   E8 D8           STA -40,S
    289  4+1   A2A5 A6   E8 78           LDA 120,S
    290  5+1   A2A8 36   02              PSHU A
    291  2     A2AA 84   0F              ANDA #$0F
    292  2     A2AC 8A   40              ORA #$40
    293  4+1   A2AE A7   E8 78           STA 120,S
    294  4+1   A2B1 A6   E8 28           LDA 40,S
    295  4+1   A2B4 E6   E8 50           LDB 80,S
    296  5+4   A2B7 36   46              PSHU S,B,A
    297  2     A2B9 86   46              LDA #$46
    298  4+0   A2BB A7   E4              STA ,S
    299  4+1   A2BD A7   E8 50           STA 80,S
    300  2     A2C0 86   45              LDA #$45
    301  4+1   A2C2 A7   E8 28           STA 40,S
    302        A2C5               DYN_POS
    303
    304  4     A2C5 10CE 0000            LDS #$0000
    305  4+4   A2C9 32   E9 02AC         LEAS 684,S
    306
    307  5+1   A2CD EC   E8 AF           LDD -81,S
    308  5+2   A2D0 36   06              PSHU D
    309  2     A2D2 86   BB              LDA #$bb
    310  2     A2D4 C4   0F              ANDB #$0F
    311  2     A2D6 CA   B0              ORB #$b0
    312  5+1   A2D8 ED   E8 AF           STD -81,S
    313  4+1   A2DB A6   E8 87           LDA -121,S
    314  5+1   A2DE 36   02              PSHU A
    315  2     A2E0 84   F0              ANDA #$F0
    316  2     A2E2 8A   0B              ORA #$0b
    317  4+1   A2E4 A7   E8 87           STA -121,S
    318  4+1   A2E7 A6   E8 D9           LDA -39,S
    319  5+1   A2EA 36   02              PSHU A
    320  2     A2EC 84   0F              ANDA #$0F
    321  2     A2EE 8A   E0              ORA #$e0
    322  4+1   A2F0 A7   E8 D9           STA -39,S
    323  4+1   A2F3 A6   61              LDA 1,S
    324  5+1   A2F5 36   02              PSHU A
    325  2     A2F7 84   0F              ANDA #$0F
    326  2     A2F9 8A   E0              ORA #$e0
    327  4+1   A2FB A7   61              STA 1,S
    328  4+1   A2FD A6   E8 29           LDA 41,S
    329  5+1   A300 36   02              PSHU A
    330  2     A302 84   0F              ANDA #$0F
    331  2     A304 8A   E0              ORA #$e0
    332  4+1   A306 A7   E8 29           STA 41,S
    333  4+1   A309 A6   E8 51           LDA 81,S
    334  5+1   A30C 36   02              PSHU A
    335  2     A30E 84   0F              ANDA #$0F
    336  2     A310 8A   E0              ORA #$e0
    337  4+1   A312 A7   E8 51           STA 81,S
    338  4+1   A315 A6   E8 79           LDA 121,S
    339  5+1   A318 36   02              PSHU A
    340  2     A31A 84   0F              ANDA #$0F
    341  2     A31C 8A   B0              ORA #$b0
    342  4+1   A31E A7   E8 79           STA 121,S
    343  5+1   A321 AE   E8 D7           LDX -41,S
    344  3     A324 CC   BBCB            LDD #$bbcb
    345  5+1   A327 ED   E8 D7           STD -41,S
    346  6+1   A32A 10AE 7F              LDY -1,S
    347  5+4   A32D 36   30              PSHU Y,X
    348  3     A32F CC   EECC            LDD #$eecc
    349  5+1   A332 ED   7F              STD -1,S
    350  5+1   A334 EC   E8 27           LDD 39,S
    351  5+2   A337 36   06              PSHU D
    352  2     A339 84   F0              ANDA #$F0
    353  2     A33B 8A   0E              ORA #$0e
    354  2     A33D C6   ED              LDB #$ed
    355  5+1   A33F ED   E8 27           STD 39,S
    356  5+1   A342 EC   E8 4F           LDD 79,S
    357  5+2   A345 36   06              PSHU D
    358  2     A347 84   F0              ANDA #$F0
    359  2     A349 8A   0E              ORA #$0e
    360  2     A34B C6   7D              LDB #$7d
    361  5+1   A34D ED   E8 4F           STD 79,S
    362  5+1   A350 EC   E8 77           LDD 119,S
    363  5+4   A353 36   46              PSHU S,D
    364  2     A355 84   F0              ANDA #$F0
    365  2     A357 8A   0B              ORA #$0b
    366  2     A359 C6   CD              LDB #$cd
    367  5+1   A35B ED   E8 77           STD 119,S
    368  4+4   A35E 32   E9 0104         LEAS 260,S
    369
    370  5+1   A362 EC   E8 3A           LDD 58,S
    371  5+2   A365 36   06              PSHU D
    372  2     A367 84   F0              ANDA #$F0
    373  2     A369 8A   0E              ORA #$0e
    374  2     A36B C6   EE              LDB #$ee
    375  5+1   A36D ED   E8 3A           STD 58,S
    376  5+1   A370 EC   E8 3C           LDD 60,S
    377  5+2   A373 36   06              PSHU D
    378  2     A375 86   D0              LDA #$d0
    379  2     A377 C4   0F              ANDB #$0F
    380  2     A379 CA   C0              ORB #$c0
    381  5+1   A37B ED   E8 3C           STD 60,S
    382  5+1   A37E AE   E8 C3           LDX -61,S
    383  6+1   A381 10AE E8 EB           LDY -21,S
    384  5+4   A385 36   30              PSHU Y,X
    385  5+1   A387 EC   E8 9B           LDD -101,S
    386  5+1   A38A AE   E8 13           LDX 19,S
    387  6+1   A38D 10AE E8 63           LDY 99,S
    388  5+6   A391 36   36              PSHU Y,X,D
    389  3     A393 CC   BED1            LDD #$bed1
    390  5+1   A396 ED   E8 C3           STD -61,S
    391  2     A399 C6   DD              LDB #$dd
    392  5+1   A39B ED   E8 9B           STD -101,S
    393  3     A39E CC   EED0            LDD #$eed0
    394  5+1   A3A1 ED   E8 EB           STD -21,S
    395  5+1   A3A4 ED   E8 13           STD 19,S
    396  5+1   A3A7 ED   E8 63           STD 99,S
    397  4+1   A3AA A6   E8 9D           LDA -99,S
    398  5+1   A3AD 36   02              PSHU A
    399  2     A3AF 84   0F              ANDA #$0F
    400  2     A3B1 8A   B0              ORA #$b0
    401  4+1   A3B3 A7   E8 9D           STA -99,S
    402  4+1   A3B6 A6   E8 C5           LDA -59,S
    403  5+1   A3B9 36   02              PSHU A
    404  2     A3BB 84   0F              ANDA #$0F
    405  2     A3BD 8A   C0              ORA #$c0
    406  4+1   A3BF A7   E8 C5           STA -59,S
    407  4+1   A3C2 A6   E8 ED           LDA -19,S
    408  5+1   A3C5 36   02              PSHU A
    409  2     A3C7 84   0F              ANDA #$0F
    410  2     A3C9 8A   C0              ORA #$c0
    411  4+1   A3CB A7   E8 ED           STA -19,S
    412  4+1   A3CE A6   E8 15           LDA 21,S
    413  5+1   A3D1 36   02              PSHU A
    414  2     A3D3 84   0F              ANDA #$0F
    415  2     A3D5 8A   C0              ORA #$c0
    416  4+1   A3D7 A7   E8 15           STA 21,S
    417  4+1   A3DA A6   E8 65           LDA 101,S
    418  5+3   A3DD 36   42              PSHU S,A
    419  2     A3DF 84   0F              ANDA #$0F
    420  2     A3E1 8A   40              ORA #$40
    421  4+1   A3E3 A7   E8 65           STA 101,S
    422  4+4   A3E6 32   E9 0102         LEAS 258,S
    423
    424  5+1   A3EA AE   E8 B1           LDX -79,S
    425  3     A3ED CC   BE0D            LDD #$be0d
    426  5+1   A3F0 ED   E8 B1           STD -79,S
    427  6+1   A3F3 10AE E8 D9           LDY -39,S
    428  5+4   A3F7 36   30              PSHU Y,X
    429  2     A3F9 C6   70              LDB #$70
    430  5+1   A3FB ED   E8 D9           STD -39,S
    431  4+1   A3FE A6   E8 8B           LDA -117,S
    432  5+1   A401 36   02              PSHU A
    433  2     A403 84   0F              ANDA #$0F
    434  2     A405 8A   40              ORA #$40
    435  4+1   A407 A7   E8 8B           STA -117,S
    436  4+1   A40A A6   E8 B3           LDA -77,S
    437  5+1   A40D 36   02              PSHU A
    438  2     A40F 84   0F              ANDA #$0F
    439  2     A411 8A   20              ORA #$20
    440  4+1   A413 A7   E8 B3           STA -77,S
    441  4+1   A416 A6   E8 DB           LDA -37,S
    442  5+1   A419 36   02              PSHU A
    443  2     A41B 84   0F              ANDA #$0F
    444  2     A41D 8A   40              ORA #$40
    445  4+1   A41F A7   E8 DB           STA -37,S
    446  4+1   A422 A6   63              LDA 3,S
    447  5+1   A424 36   02              PSHU A
    448  2     A426 84   0F              ANDA #$0F
    449  2     A428 8A   70              ORA #$70
    450  4+1   A42A A7   63              STA 3,S
    451  5+1   A42C EC   E8 89           LDD -119,S
    452  5+2   A42F 36   06              PSHU D
    453  2     A431 84   F0              ANDA #$F0
    454  2     A433 8A   0E              ORA #$0e
    455  2     A435 C6   C0              LDB #$c0
    456  5+1   A437 ED   E8 89           STD -119,S
    457  5+3   A43A 35   12              PULS A,X
    458  5+5   A43C 36   52              PSHU S,X,A
    459  2     A43E 86   01              LDA #$01
    460  3     A440 8E   7E77            LDX #$7e77
    461  5+3   A443 34   12              PSHS A,X
    462  4+1   A445 32   E8 28           LEAS 40,S
    463
    464  4+1   A448 A6   63              LDA 3,S
    465  5+1   A44A 36   02              PSHU A
    466  2     A44C 84   0F              ANDA #$0F
    467  2     A44E 8A   60              ORA #$60
    468  4+1   A450 A7   63              STA 3,S
    469  5+3   A452 35   12              PULS A,X
    470  5+5   A454 36   52              PSHU S,X,A
    471  2     A456 86   00              LDA #$00
    472  3     A458 8E   8787            LDX #$8787
    473  5+3   A45B 34   12              PSHS A,X
    474  4+1   A45D 32   E8 28           LEAS 40,S
    475
    476  5+1   A460 EC   E8 28           LDD 40,S
    477  5+2   A463 36   06              PSHU D
    478  2     A465 86   02              LDA #$02
    479  2     A467 C4   F0              ANDB #$F0
    480  2     A469 CA   0E              ORB #$0e
    481  5+1   A46B ED   E8 28           STD 40,S
    482  5+1   A46E EC   E8 2A           LDD 42,S
    483  5+2   A471 36   06              PSHU D
    484  2     A473 86   44              LDA #$44
    485  2     A475 C4   F0              ANDB #$F0
    486  2     A477 CA   01              ORB #$01
    487  5+1   A479 ED   E8 2A           STD 42,S
    488  5+1   A47C EC   E8 50           LDD 80,S
    489  5+2   A47F 36   06              PSHU D
    490  2     A481 86   01              LDA #$01
    491  2     A483 C4   F0              ANDB #$F0
    492  2     A485 CA   0E              ORB #$0e
    493  5+1   A487 ED   E8 50           STD 80,S
    494  5+1   A48A AE   E8 52           LDX 82,S
    495  5+2   A48D 36   10              PSHU X
    496  4+1   A48F A6   63              LDA 3,S
    497  5+1   A491 36   02              PSHU A
    498  2     A493 84   F0              ANDA #$F0
    499  2     A495 8A   03              ORA #$03
    500  4+1   A497 A7   63              STA 3,S
    501  3     A499 CC   8682            LDD #$8682
    502  5+1   A49C ED   E8 52           STD 82,S
    503  5+3   A49F 35   12              PULS A,X
    504  5+5   A4A1 36   52              PSHU S,X,A
    505  2     A4A3 86   00              LDA #$00
    506  3     A4A5 8E   E848            LDX #$e848
    507  5+3   A4A8 34   12              PSHS A,X
    508  4+1   A4AA 32   E8 78           LEAS 120,S
    509
    510  5+4   A4AD 35   30              PULS X,Y
    511  5+6   A4AF 36   70              PSHU S,Y,X
    512  3     A4B1 CC   31BE            LDD #$31be
    513  3     A4B4 8E   7663            LDX #$7663
    514  5+4   A4B7 34   16              PSHS D,X
    515  4+1   A4B9 32   E8 28           LEAS 40,S
    516
    517  4+1   A4BC A6   E8 52           LDA 82,S
    518  5+1   A4BF AE   E8 29           LDX 41,S
    519  5+3   A4C2 36   12              PSHU X,A
    520  3     A4C4 CC   E476            LDD #$e476
    521  5+1   A4C7 ED   E8 29           STD 41,S
    522  2     A4CA 86   DD              LDA #$dd
    523  4+1   A4CC A7   E8 52           STA 82,S
    524  5+1   A4CF EC   E8 79           LDD 121,S
    525  5+2   A4D2 36   06              PSHU D
    526  2     A4D4 84   F0              ANDA #$F0
    527  2     A4D6 8A   04              ORA #$04
    528  2     A4D8 C6   CE              LDB #$ce
    529  5+1   A4DA ED   E8 79           STD 121,S
    530  4+1   A4DD A6   E8 54           LDA 84,S
    531  4+1   A4E0 E6   E8 7C           LDB 124,S
    532  5+2   A4E3 36   06              PSHU B,A
    533  2     A4E5 86   56              LDA #$56
    534  4+1   A4E7 A7   E8 54           STA 84,S
    535  2     A4EA 86   54              LDA #$54
    536  4+1   A4EC A7   E8 7C           STA 124,S
    537  5+3   A4EF 35   12              PULS A,X
    538  5+5   A4F1 36   52              PSHU S,X,A
    539  2     A4F3 86   23              LDA #$23
    540  3     A4F5 8E   B476            LDX #$b476
    541  5+3   A4F8 34   12              PSHS A,X
    542  4+4   A4FA 32   E9 011A         LEAS 282,S
    543
    544  4+1   A4FE A6   E8 51           LDA 81,S
    545  4+1   A501 E6   E8 29           LDB 41,S
    546  5+2   A504 36   06              PSHU B,A
    547  4+1   A506 A6   E8 76           LDA 118,S
    548  4+1   A509 E6   E8 26           LDB 38,S
    549  5+2   A50C 36   06              PSHU B,A
    550  2     A50E 86   56              LDA #$56
    551  4+1   A510 A7   E8 51           STA 81,S
    552  4+1   A513 A6   E8 D9           LDA -39,S
    553  4+1   A516 E6   E8 AF           LDB -81,S
    554  5+2   A519 36   06              PSHU B,A
    555  2     A51B 86   62              LDA #$62
    556  4+1   A51D A7   E8 D9           STA -39,S
    557  5+1   A520 EC   E8 B1           LDD -79,S
    558  5+2   A523 36   06              PSHU D
    559  2     A525 86   01              LDA #$01
    560  2     A527 C4   0F              ANDB #$0F
    561  2     A529 CA   60              ORB #$60
    562  5+1   A52B ED   E8 B1           STD -79,S
    563  4+1   A52E A6   E8 79           LDA 121,S
    564  4+1   A531 E6   E8 4E           LDB 78,S
    565  5+2   A534 36   06              PSHU B,A
    566  5+1   A536 EC   E8 87           LDD -121,S
    567  5+2   A539 36   06              PSHU D
    568  2     A53B 84   F0              ANDA #$F0
    569  2     A53D C4   0F              ANDB #$0F
    570  4     A53F C3   04E0            ADDD #$04e0
    571  5+1   A542 ED   E8 87           STD -121,S
    572  2     A545 86   22              LDA #$22
    573  4+1   A547 A7   E8 4E           STA 78,S
    574  2     A54A 86   54              LDA #$54
    575  4+1   A54C A7   E8 29           STA 41,S
    576  2     A54F 86   46              LDA #$46
    577  4+1   A551 A7   E8 26           STA 38,S
    578  4+1   A554 A7   E8 79           STA 121,S
    579  2     A557 86   21              LDA #$21
    580  4+1   A559 A7   E8 76           STA 118,S
    581  4+1   A55C A6   61              LDA 1,S
    582  4+1   A55E E6   E8 8A           LDB -118,S
    583  5+2   A561 36   06              PSHU B,A
    584  2     A563 C4   0F              ANDB #$0F
    585  2     A565 CA   40              ORB #$40
    586  4+1   A567 E7   E8 8A           STB -118,S
    587  4+1   A56A A6   E8 D7           LDA -41,S
    588  5+1   A56D 36   02              PSHU A
    589  2     A56F 84   0F              ANDA #$0F
    590  2     A571 8A   E0              ORA #$e0
    591  4+1   A573 A7   E8 D7           STA -41,S
    592  4+1   A576 A6   7E              LDA -2,S
    593  5+3   A578 36   42              PSHU S,A
    594  2     A57A 84   F0              ANDA #$F0
    595  2     A57C 8A   04              ORA #$04
    596  4+1   A57E A7   7E              STA -2,S
    597  2     A580 86   52              LDA #$52
    598  4+1   A582 A7   61              STA 1,S
    599  2     A584 86   4E              LDA #$4e
    600  4+1   A586 A7   E8 AF           STA -81,S
    601  4+4   A589 32   E9 00EE         LEAS 238,S
    602
    603  4+1   A58D A6   E8 D8           LDA -40,S
    604  4+1   A590 E6   E8 B0           LDB -80,S
    605  5+2   A593 36   06              PSHU B,A
    606  4+1   A595 A6   E8 28           LDA 40,S
    607  4+1   A598 E6   E8 DB           LDB -37,S
    608  5+2   A59B 36   06              PSHU B,A
    609  2     A59D C4   0F              ANDB #$0F
    610  2     A59F CA   40              ORB #$40
    611  4+1   A5A1 E7   E8 DB           STB -37,S
    612  4+1   A5A4 A6   E8 50           LDA 80,S
    613  5+1   A5A7 36   02              PSHU A
    614  2     A5A9 84   0F              ANDA #$0F
    615  2     A5AB 8A   60              ORA #$60
    616  4+1   A5AD A7   E8 50           STA 80,S
    617  4+1   A5B0 A6   E8 B3           LDA -77,S
    618  4+0   A5B3 E6   E4              LDB ,S
    619  5+4   A5B5 36   46              PSHU S,B,A
    620  2     A5B7 86   55              LDA #$55
    621  4+1   A5B9 A7   E8 D8           STA -40,S
    622  2     A5BC 86   66              LDA #$66
    623  4+1   A5BE A7   E8 28           STA 40,S
    624  2     A5C1 86   64              LDA #$64
    625  4+1   A5C3 A7   E8 B3           STA -77,S
    626  2     A5C6 86   61              LDA #$61
    627  4+1   A5C8 A7   E8 B0           STA -80,S
    628  2     A5CB 86   56              LDA #$56
    629  4+0   A5CD A7   E4              STA ,S
    630        A5CF               SSAV_Img_Sonic_017
    631  4     A5CF 10CE 0000            LDS #$0000
    632  5     A5D3 39                   RTS
    633

000000 Total Errors

000003 Total Symbols
     0x          Label A000 BCKDRAW_Img_Sonic_017
     1x          Label A2C5 DYN_POS
     1x          Label A5CF SSAV_Img_Sonic_017

