/*--------------------------------------------------------------*
 * Compilé avec C6809 v0.83                                     *
 *--------------------------------------------------------------*
 * Fichier source      : ./Sonic2/GeneratedCode/Img_Sonic_207_BckDraw.ASM
 * Fichier destination : ./Sonic2/GeneratedCode/Img_Sonic_207_BckDraw.BIN
 * Contenu :
 *     Main     0:IMGD.ASM     6333
 *--------------------------------------------------------------*/

Macro Pass
Pass1
Pass2
      2        A000                      ORG $A000
      3                  FF              SETDP $FF
      4        A000               BCKDRAW_Img_Sonic_207
      5  6+5   A000 10EF 8D 04CD         STS SSAV_Img_Sonic_207+2,PCR
      6
      7  5+5   A005 ED   8D 0249         STD DYN_POS+2,PCR
      8  6+0   A009 10EE A4              LDS ,Y
      9  4+4   A00C 32   E9 0338         LEAS 824,S
     10
     11  5+1   A010 AE   E8 C2           LDX -62,S
     12  6+1   A013 10AE E8 EA           LDY -22,S
     13  5+4   A017 36   30              PSHU Y,X
     14  5+1   A019 EC   E8 12           LDD 18,S
     15  5+1   A01C AE   E8 3A           LDX 58,S
     16  6+1   A01F 10AE E8 62           LDY 98,S
     17  5+6   A023 36   36              PSHU Y,X,D
     18  4+1   A025 A6   E8 9B           LDA -101,S
     19  5+1   A028 36   02              PSHU A
     20  2     A02A 84   0F              ANDA #$0F
     21  2     A02C 8A   D0              ORA #$d0
     22  4+1   A02E A7   E8 9B           STA -101,S
     23  4+1   A031 A6   E8 3C           LDA 60,S
     24  5+1   A034 36   02              PSHU A
     25  2     A036 84   0F              ANDA #$0F
     26  2     A038 8A   E0              ORA #$e0
     27  4+1   A03A A7   E8 3C           STA 60,S
     28  4+1   A03D A6   E8 64           LDA 100,S
     29  5+3   A040 36   42              PSHU S,A
     30  2     A042 84   0F              ANDA #$0F
     31  2     A044 8A   E0              ORA #$e0
     32  4+1   A046 A7   E8 64           STA 100,S
     33  3     A049 CC   CCCD            LDD #$cccd
     34  5+1   A04C ED   E8 C2           STD -62,S
     35  2     A04F 86   BB              LDA #$bb
     36  5+1   A051 ED   E8 EA           STD -22,S
     37  5+1   A054 ED   E8 12           STD 18,S
     38  2     A057 86   EE              LDA #$ee
     39  5+1   A059 ED   E8 3A           STD 58,S
     40  5+1   A05C ED   E8 62           STD 98,S
     41  4+4   A05F 32   E9 0101         LEAS 257,S
     42
     43  5+1   A063 AE   E8 89           LDX -119,S
     44  5+2   A066 36   10              PSHU X
     45  3     A068 CC   EE1C            LDD #$ee1c
     46  5+1   A06B ED   E8 89           STD -119,S
     47  4+1   A06E A6   E8 8B           LDA -117,S
     48  5+1   A071 36   02              PSHU A
     49  2     A073 84   0F              ANDA #$0F
     50  2     A075 8A   C0              ORA #$c0
     51  4+1   A077 A7   E8 8B           STA -117,S
     52  4+1   A07A A6   E8 B3           LDA -77,S
     53  5+1   A07D 36   02              PSHU A
     54  2     A07F 84   0F              ANDA #$0F
     55  2     A081 8A   C0              ORA #$c0
     56  4+1   A083 A7   E8 B3           STA -77,S
     57  4+1   A086 A6   63              LDA 3,S
     58  5+1   A088 36   02              PSHU A
     59  2     A08A 84   0F              ANDA #$0F
     60  2     A08C 8A   C0              ORA #$c0
     61  4+1   A08E A7   63              STA 3,S
     62  5+1   A090 EC   E8 B1           LDD -79,S
     63  5+2   A093 36   06              PSHU D
     64  2     A095 84   F0              ANDA #$F0
     65  2     A097 8A   0B              ORA #$0b
     66  2     A099 C6   01              LDB #$01
     67  5+1   A09B ED   E8 B1           STD -79,S
     68  5+1   A09E EC   E8 D8           LDD -40,S
     69  5+2   A0A1 36   06              PSHU D
     70  2     A0A3 84   F0              ANDA #$F0
     71  2     A0A5 8A   03              ORA #$03
     72  2     A0A7 C6   EB              LDB #$eb
     73  5+1   A0A9 ED   E8 D8           STD -40,S
     74  5+1   A0AC EC   E8 DA           LDD -38,S
     75  5+2   A0AF 36   06              PSHU D
     76  2     A0B1 86   00              LDA #$00
     77  2     A0B3 C4   0F              ANDB #$0F
     78  2     A0B5 CA   C0              ORB #$c0
     79  5+1   A0B7 ED   E8 DA           STD -38,S
     80  5+3   A0BA 35   12              PULS A,X
     81  5+5   A0BC 36   52              PSHU S,X,A
     82  2     A0BE 86   32              LDA #$32
     83  3     A0C0 8E   EB00            LDX #$eb00
     84  5+3   A0C3 34   12              PSHS A,X
     85  4+1   A0C5 32   E8 28           LEAS 40,S
     86
     87  4+1   A0C8 A6   63              LDA 3,S
     88  5+1   A0CA 36   02              PSHU A
     89  2     A0CC 84   0F              ANDA #$0F
     90  2     A0CE 8A   C0              ORA #$c0
     91  4+1   A0D0 A7   63              STA 3,S
     92  5+3   A0D2 35   12              PULS A,X
     93  5+5   A0D4 36   52              PSHU S,X,A
     94  2     A0D6 86   20              LDA #$20
     95  3     A0D8 8E   EB30            LDX #$eb30
     96  5+3   A0DB 34   12              PSHS A,X
     97  4+1   A0DD 32   E8 28           LEAS 40,S
     98
     99  4+1   A0E0 A6   63              LDA 3,S
    100  5+1   A0E2 36   02              PSHU A
    101  2     A0E4 84   0F              ANDA #$0F
    102  2     A0E6 8A   E0              ORA #$e0
    103  4+1   A0E8 A7   63              STA 3,S
    104  5+3   A0EA 35   12              PULS A,X
    105  5+5   A0EC 36   52              PSHU S,X,A
    106  2     A0EE 86   10              LDA #$10
    107  3     A0F0 8E   EB40            LDX #$eb40
    108  5+3   A0F3 34   12              PSHS A,X
    109  4+1   A0F5 32   E8 28           LEAS 40,S
    110
    111  4+1   A0F8 A6   63              LDA 3,S
    112  5+1   A0FA 36   02              PSHU A
    113  2     A0FC 84   0F              ANDA #$0F
    114  2     A0FE 8A   E0              ORA #$e0
    115  4+1   A100 A7   63              STA 3,S
    116  5+3   A102 35   12              PULS A,X
    117  5+5   A104 36   52              PSHU S,X,A
    118  2     A106 86   10              LDA #$10
    119  3     A108 8E   EB40            LDX #$eb40
    120  5+3   A10B 34   12              PSHS A,X
    121  4+1   A10D 32   E8 28           LEAS 40,S
    122
    123  5+3   A110 35   12              PULS A,X
    124  5+5   A112 36   52              PSHU S,X,A
    125  2     A114 86   00              LDA #$00
    126  3     A116 8E   EE47            LDX #$ee47
    127  5+3   A119 34   12              PSHS A,X
    128  4+1   A11B 32   E8 28           LEAS 40,S
    129
    130  5+3   A11E 35   12              PULS A,X
    131  5+5   A120 36   52              PSHU S,X,A
    132  2     A122 86   03              LDA #$03
    133  3     A124 8E   EE77            LDX #$ee77
    134  5+3   A127 34   12              PSHS A,X
    135  4+1   A129 32   E8 28           LEAS 40,S
    136
    137  5+1   A12C EC   E8 28           LDD 40,S
    138  5+2   A12F 36   06              PSHU D
    139  2     A131 84   F0              ANDA #$F0
    140  2     A133 8A   0E              ORA #$0e
    141  2     A135 C6   67              LDB #$67
    142  5+1   A137 ED   E8 28           STD 40,S
    143  4+1   A13A A6   E8 2A           LDA 42,S
    144  4+1   A13D E7   E8 2A           STB 42,S
    145  4+1   A140 E6   E8 79           LDB 121,S
    146  5+1   A143 AE   E8 51           LDX 81,S
    147  5+4   A146 36   16              PSHU X,B,A
    148  3     A148 CC   E688            LDD #$e688
    149  5+1   A14B ED   E8 51           STD 81,S
    150  2     A14E 86   EE              LDA #$ee
    151  4+1   A150 A7   E8 79           STA 121,S
    152  5+3   A153 35   12              PULS A,X
    153  5+5   A155 36   52              PSHU S,X,A
    154  2     A157 86   33              LDA #$33
    155  3     A159 8E   7E77            LDX #$7e77
    156  5+3   A15C 34   12              PSHS A,X
    157  4+4   A15E 32   E9 011A         LEAS 282,S
    158
    159  4+1   A162 A6   E8 87           LDA -121,S
    160  5+1   A165 AE   7F              LDX -1,S
    161  6+1   A167 10AE E8 D7           LDY -41,S
    162  5+5   A16B 36   32              PSHU Y,X,A
    163  5+1   A16D EC   E8 AF           LDD -81,S
    164  5+2   A170 36   06              PSHU D
    165  2     A172 86   EE              LDA #$ee
    166  2     A174 C4   0F              ANDB #$0F
    167  2     A176 CA   60              ORB #$60
    168  5+1   A178 ED   E8 AF           STD -81,S
    169  5+1   A17B EC   E8 76           LDD 118,S
    170  5+2   A17E 36   06              PSHU D
    171  2     A180 86   41              LDA #$41
    172  2     A182 C4   0F              ANDB #$0F
    173  2     A184 CA   60              ORB #$60
    174  5+1   A186 ED   E8 76           STD 118,S
    175  2     A189 86   E7              LDA #$e7
    176  4+1   A18B A7   E8 87           STA -121,S
    177  3     A18E CC   E434            LDD #$e434
    178  5+1   A191 ED   7F              STD -1,S
    179  4+1   A193 A6   E8 D9           LDA -39,S
    180  5+1   A196 36   02              PSHU A
    181  2     A198 84   0F              ANDA #$0F
    182  2     A19A 8A   10              ORA #$10
    183  4+1   A19C A7   E8 D9           STA -39,S
    184  4+1   A19F A6   61              LDA 1,S
    185  5+1   A1A1 36   02              PSHU A
    186  2     A1A3 84   0F              ANDA #$0F
    187  2     A1A5 8A   30              ORA #$30
    188  4+1   A1A7 A7   61              STA 1,S
    189  4+1   A1A9 A6   E8 50           LDA 80,S
    190  5+1   A1AC 36   02              PSHU A
    191  2     A1AE 84   F0              ANDA #$F0
    192  2     A1B0 8A   03              ORA #$03
    193  4+1   A1B2 A7   E8 50           STA 80,S
    194  4+1   A1B5 A6   E8 78           LDA 120,S
    195  5+1   A1B8 36   02              PSHU A
    196  2     A1BA 84   F0              ANDA #$F0
    197  2     A1BC 8A   03              ORA #$03
    198  4+1   A1BE A7   E8 78           STA 120,S
    199  5+1   A1C1 EC   E8 4E           LDD 78,S
    200  5+2   A1C4 36   06              PSHU D
    201  2     A1C6 84   F0              ANDA #$F0
    202  2     A1C8 C4   0F              ANDB #$0F
    203  4     A1CA C3   04E0            ADDD #$04e0
    204  5+1   A1CD ED   E8 4E           STD 78,S
    205  5+1   A1D0 EC   E8 27           LDD 39,S
    206  5+4   A1D3 36   46              PSHU S,D
    207  2     A1D5 84   0F              ANDA #$0F
    208  2     A1D7 8A   D0              ORA #$d0
    209  2     A1D9 C6   31              LDB #$31
    210  5+1   A1DB ED   E8 27           STD 39,S
    211  3     A1DE CC   4D64            LDD #$4d64
    212  5+1   A1E1 ED   E8 D7           STD -41,S
    213  4+4   A1E4 32   E9 0117         LEAS 279,S
    214
    215  5+1   A1E8 AE   E8 AF           LDX -81,S
    216  6+1   A1EB 10AE 7F              LDY -1,S
    217  5+4   A1EE 36   30              PSHU Y,X
    218  4+1   A1F0 A6   E8 78           LDA 120,S
    219  5+1   A1F3 AE   E8 4F           LDX 79,S
    220  6+1   A1F6 10AE E8 27           LDY 39,S
    221  5+5   A1FA 36   32              PSHU Y,X,A
    222  5+1   A1FC EC   E8 D7           LDD -41,S
    223  5+1   A1FF AE   E8 87           LDX -121,S
    224  5+6   A202 36   56              PSHU S,X,D
    225  3     A204 CC   6641            LDD #$6641
    226  5+1   A207 ED   7F              STD -1,S
    227  5+1   A209 ED   E8 27           STD 39,S
    228  2     A20C C6   40              LDB #$40
    229  5+1   A20E ED   E8 D7           STD -41,S
    230  3     A211 CC   4644            LDD #$4644
    231  5+1   A214 ED   E8 AF           STD -81,S
    232  2     A217 86   60              LDA #$60
    233  4+1   A219 A7   E8 78           STA 120,S
    234  3     A21C CC   4466            LDD #$4466
    235  5+1   A21F ED   E8 4F           STD 79,S
    236  3     A222 CC   5464            LDD #$5464
    237  5+1   A225 ED   E8 87           STD -121,S
    238  4+4   A228 32   E9 00DC         LEAS 220,S
    239
    240  4+1   A22C A6   E8 C4           LDA -60,S
    241  4+1   A22F E6   E8 EC           LDB -20,S
    242  5+2   A232 36   06              PSHU B,A
    243  2     A234 86   65              LDA #$65
    244  4+1   A236 A7   E8 C4           STA -60,S
    245  2     A239 86   15              LDA #$15
    246  4+1   A23B A7   E8 EC           STA -20,S
    247  4+1   A23E A6   E8 14           LDA 20,S
    248  4+1   A241 E6   E8 3C           LDB 60,S
    249  5+4   A244 36   46              PSHU S,B,A
    250  2     A246 86   16              LDA #$16
    251  4+1   A248 A7   E8 14           STA 20,S
    252  2     A24B 86   44              LDA #$44
    253  4+1   A24D A7   E8 3C           STA 60,S
    254        A250               DYN_POS
    255
    256  4     A250 10CE 0000            LDS #$0000
    257  4+4   A254 32   E9 034A         LEAS 842,S
    258
    259  4+1   A258 A6   E8 B1           LDA -79,S
    260  4+1   A25B E6   E8 2A           LDB 42,S
    261  5+1   A25E AE   E8 51           LDX 81,S
    262  6+1   A261 10AE E8 79           LDY 121,S
    263  5+6   A265 36   36              PSHU Y,X,B,A
    264  3     A267 CC   BCDD            LDD #$bcdd
    265  5+1   A26A ED   E8 51           STD 81,S
    266  5+1   A26D ED   E8 79           STD 121,S
    267  5+1   A270 EC   E8 D8           LDD -40,S
    268  5+2   A273 36   06              PSHU D
    269  2     A275 84   F0              ANDA #$F0
    270  2     A277 8A   0C              ORA #$0c
    271  2     A279 C6   77              LDB #$77
    272  5+1   A27B ED   E8 D8           STD -40,S
    273  5+1   A27E EC   E8 28           LDD 40,S
    274  5+2   A281 36   06              PSHU D
    275  2     A283 84   F0              ANDA #$F0
    276  2     A285 8A   0E              ORA #$0e
    277  2     A287 C6   7C              LDB #$7c
    278  5+1   A289 ED   E8 28           STD 40,S
    279  4+1   A28C A6   E8 89           LDA -119,S
    280  4+1   A28F E6   E8 DA           LDB -38,S
    281  5+2   A292 36   06              PSHU B,A
    282  2     A294 C4   0F              ANDB #$0F
    283  2     A296 CA   C0              ORB #$c0
    284  4+1   A298 E7   E8 DA           STB -38,S
    285  2     A29B 86   DC              LDA #$dc
    286  4+1   A29D A7   E8 89           STA -119,S
    287  4+1   A2A0 A7   E8 2A           STA 42,S
    288  2     A2A3 86   7D              LDA #$7d
    289  4+1   A2A5 A7   E8 B1           STA -79,S
    290  5+3   A2A8 35   12              PULS A,X
    291  5+5   A2AA 36   52              PSHU S,X,A
    292  2     A2AC 86   EE              LDA #$ee
    293  3     A2AE 8E   77DE            LDX #$77de
    294  5+3   A2B1 34   12              PSHS A,X
    295  4+4   A2B3 32   E9 0117         LEAS 279,S
    296
    297  5+1   A2B7 AE   E8 8A           LDX -118,S
    298  5+2   A2BA 36   10              PSHU X
    299  3     A2BC CC   B1DD            LDD #$b1dd
    300  5+1   A2BF ED   E8 8A           STD -118,S
    301  5+1   A2C2 EC   E8 B0           LDD -80,S
    302  5+2   A2C5 36   06              PSHU D
    303  2     A2C7 84   F0              ANDA #$F0
    304  2     A2C9 C4   0F              ANDB #$0F
    305  4     A2CB C3   0230            ADDD #$0230
    306  5+1   A2CE ED   E8 B0           STD -80,S
    307  5+1   A2D1 AE   E8 B2           LDX -78,S
    308  3     A2D4 CC   C0CD            LDD #$c0cd
    309  5+1   A2D7 ED   E8 B2           STD -78,S
    310  6+1   A2DA 10AE E8 DA           LDY -38,S
    311  5+4   A2DE 36   30              PSHU Y,X
    312  2     A2E0 C6   C1              LDB #$c1
    313  5+1   A2E2 ED   E8 DA           STD -38,S
    314  5+1   A2E5 EC   E8 D8           LDD -40,S
    315  5+2   A2E8 36   06              PSHU D
    316  2     A2EA 84   F0              ANDA #$F0
    317  2     A2EC 8A   00              ORA #$00
    318  2     A2EE C6   3E              LDB #$3e
    319  5+1   A2F0 ED   E8 D8           STD -40,S
    320  5+4   A2F3 35   30              PULS X,Y
    321  5+6   A2F5 36   70              PSHU S,Y,X
    322  3     A2F7 CC   133E            LDD #$133e
    323  3     A2FA 8E   C0C3            LDX #$c0c3
    324  5+4   A2FD 34   16              PSHS D,X
    325  4+1   A2FF 32   E8 28           LEAS 40,S
    326
    327  5+1   A302 EC   E8 28           LDD 40,S
    328  5+2   A305 36   06              PSHU D
    329  2     A307 84   F0              ANDA #$F0
    330  2     A309 8A   00              ORA #$00
    331  2     A30B C6   33              LDB #$33
    332  5+1   A30D ED   E8 28           STD 40,S
    333  5+1   A310 EC   E8 50           LDD 80,S
    334  5+2   A313 36   06              PSHU D
    335  2     A315 84   F0              ANDA #$F0
    336  2     A317 8A   03              ORA #$03
    337  2     A319 C6   13              LDB #$13
    338  5+1   A31B ED   E8 50           STD 80,S
    339  5+1   A31E AE   E8 2A           LDX 42,S
    340  3     A321 CC   0014            LDD #$0014
    341  5+1   A324 ED   E8 2A           STD 42,S
    342  6+1   A327 10AE E8 52           LDY 82,S
    343  5+4   A32B 36   30              PSHU Y,X
    344  3     A32D CC   7D24            LDD #$7d24
    345  5+1   A330 ED   E8 52           STD 82,S
    346  5+4   A333 35   16              PULS D,X
    347  5+6   A335 36   56              PSHU S,X,D
    348  3     A337 CC   323E            LDD #$323e
    349  3     A33A 8E   B0C4            LDX #$b0c4
    350  5+4   A33D 34   16              PSHS D,X
    351  4+1   A33F 32   E8 78           LEAS 120,S
    352
    353  5+1   A342 EC   E8 28           LDD 40,S
    354  5+2   A345 36   06              PSHU D
    355  2     A347 84   F0              ANDA #$F0
    356  2     A349 8A   03              ORA #$03
    357  2     A34B C6   36              LDB #$36
    358  5+1   A34D ED   E8 28           STD 40,S
    359  4+1   A350 A6   E8 7A           LDA 122,S
    360  5+1   A353 AE   E8 2A           LDX 42,S
    361  5+3   A356 36   12              PSHU X,A
    362  3     A358 CC   8786            LDD #$8786
    363  5+1   A35B ED   E8 2A           STD 42,S
    364  5+1   A35E EC   E8 52           LDD 82,S
    365  5+2   A361 36   06              PSHU D
    366  2     A363 86   68              LDA #$68
    367  2     A365 C4   0F              ANDB #$0F
    368  2     A367 CA   80              ORB #$80
    369  5+1   A369 ED   E8 52           STD 82,S
    370  2     A36C 86   88              LDA #$88
    371  4+1   A36E A7   E8 7A           STA 122,S
    372  5+4   A371 35   30              PULS X,Y
    373  5+6   A373 36   70              PSHU S,Y,X
    374  3     A375 CC   3107            LDD #$3107
    375  3     A378 8E   7748            LDX #$7748
    376  5+4   A37B 34   16              PSHS D,X
    377  4+4   A37D 32   E9 011A         LEAS 282,S
    378
    379  4+1   A381 A6   E8 79           LDA 121,S
    380  4+1   A384 E6   E8 51           LDB 81,S
    381  5+0   A387 AE   E4              LDX ,S
    382  5+4   A389 36   16              PSHU X,B,A
    383  5+1   A38B EC   E8 87           LDD -121,S
    384  5+2   A38E 36   06              PSHU D
    385  2     A390 84   F0              ANDA #$F0
    386  2     A392 8A   0E              ORA #$0e
    387  2     A394 C6   06              LDB #$06
    388  5+1   A396 ED   E8 87           STD -121,S
    389  5+1   A399 EC   E8 28           LDD 40,S
    390  5+2   A39C 36   06              PSHU D
    391  2     A39E 84   0F              ANDA #$0F
    392  2     A3A0 8A   60              ORA #$60
    393  2     A3A2 C6   30              LDB #$30
    394  5+1   A3A4 ED   E8 28           STD 40,S
    395  5+1   A3A7 AE   E8 D7           LDX -41,S
    396  2     A3AA 86   13              LDA #$13
    397  4+1   A3AC A7   E8 51           STA 81,S
    398  4+1   A3AF A7   E8 79           STA 121,S
    399  6+1   A3B2 10AE E8 AF           LDY -81,S
    400  5+4   A3B6 36   30              PSHU Y,X
    401  2     A3B8 86   76              LDA #$76
    402  5+0   A3BA ED   E4              STD ,S
    403  5+1   A3BC EC   E8 4F           LDD 79,S
    404  5+2   A3BF 36   06              PSHU D
    405  2     A3C1 86   44              LDA #$44
    406  2     A3C3 C4   0F              ANDB #$0F
    407  2     A3C5 CA   E0              ORB #$e0
    408  5+1   A3C7 ED   E8 4F           STD 79,S
    409  5+1   A3CA EC   E8 77           LDD 119,S
    410  5+4   A3CD 36   46              PSHU S,D
    411  2     A3CF 86   15              LDA #$15
    412  2     A3D1 C4   0F              ANDB #$0F
    413  2     A3D3 CA   E0              ORB #$e0
    414  5+1   A3D5 ED   E8 77           STD 119,S
    415  3     A3D8 CC   EE78            LDD #$ee78
    416  5+1   A3DB ED   E8 AF           STD -81,S
    417  5+1   A3DE ED   E8 D7           STD -41,S
    418  4+4   A3E1 32   E9 0118         LEAS 280,S
    419
    420  5+1   A3E5 EC   E8 87           LDD -121,S
    421  5+2   A3E8 36   06              PSHU D
    422  2     A3EA 86   44              LDA #$44
    423  2     A3EC C4   0F              ANDB #$0F
    424  2     A3EE CA   E0              ORB #$e0
    425  5+1   A3F0 ED   E8 87           STD -121,S
    426  5+1   A3F3 EC   E8 AE           LDD -82,S
    427  5+2   A3F6 36   06              PSHU D
    428  2     A3F8 84   F0              ANDA #$F0
    429  2     A3FA 8A   04              ORA #$04
    430  2     A3FC C6   66              LDB #$66
    431  5+1   A3FE ED   E8 AE           STD -82,S
    432  5+1   A401 EC   E8 B0           LDD -80,S
    433  5+2   A404 36   06              PSHU D
    434  2     A406 84   0F              ANDA #$0F
    435  2     A408 8A   E0              ORA #$e0
    436  2     A40A C6   31              LDB #$31
    437  5+1   A40C ED   E8 B0           STD -80,S
    438  5+1   A40F EC   E8 D6           LDD -42,S
    439  5+2   A412 36   06              PSHU D
    440  2     A414 84   F0              ANDA #$F0
    441  2     A416 8A   05              ORA #$05
    442  2     A418 C6   66              LDB #$66
    443  5+1   A41A ED   E8 D6           STD -42,S
    444  5+1   A41D EC   7E              LDD -2,S
    445  5+2   A41F 36   06              PSHU D
    446  2     A421 84   F0              ANDA #$F0
    447  2     A423 8A   04              ORA #$04
    448  2     A425 C6   66              LDB #$66
    449  5+1   A427 ED   7E              STD -2,S
    450  5+1   A429 EC   E8 26           LDD 38,S
    451  5+2   A42C 36   06              PSHU D
    452  2     A42E 84   F0              ANDA #$F0
    453  2     A430 8A   06              ORA #$06
    454  2     A432 C6   64              LDB #$64
    455  5+1   A434 ED   E8 26           STD 38,S
    456  5+1   A437 EC   E8 D8           LDD -40,S
    457  5+2   A43A 36   06              PSHU D
    458  2     A43C 84   0F              ANDA #$0F
    459  2     A43E C4   F0              ANDB #$F0
    460  4     A440 C3   E003            ADDD #$e003
    461  5+1   A443 ED   E8 D8           STD -40,S
    462  5+1   A446 EC   E8 4E           LDD 78,S
    463  5+2   A449 36   06              PSHU D
    464  2     A44B 84   F0              ANDA #$F0
    465  2     A44D C4   0F              ANDB #$0F
    466  4     A44F C3   0440            ADDD #$0440
    467  5+1   A452 ED   E8 4E           STD 78,S
    468  4+1   A455 A6   E8 89           LDA -119,S
    469  4+0   A458 E6   E4              LDB ,S
    470  5+2   A45A 36   06              PSHU B,A
    471  2     A45C C4   0F              ANDB #$0F
    472  2     A45E CA   40              ORB #$40
    473  4+0   A460 E7   E4              STB ,S
    474  4+1   A462 A6   E8 28           LDA 40,S
    475  5+1   A465 36   02              PSHU A
    476  2     A467 84   0F              ANDA #$0F
    477  2     A469 8A   00              ORA #$00
    478  4+1   A46B A7   E8 28           STA 40,S
    479  4+1   A46E A6   E8 50           LDA 80,S
    480  5+1   A471 36   02              PSHU A
    481  2     A473 84   0F              ANDA #$0F
    482  2     A475 8A   00              ORA #$00
    483  4+1   A477 A7   E8 50           STA 80,S
    484  4+1   A47A A6   E8 78           LDA 120,S
    485  5+3   A47D 36   42              PSHU S,A
    486  2     A47F 84   0F              ANDA #$0F
    487  2     A481 8A   50              ORA #$50
    488  4+1   A483 A7   E8 78           STA 120,S
    489  2     A486 86   13              LDA #$13
    490  4+1   A488 A7   E8 89           STA -119,S
    491  4+4   A48B 32   E9 00F0         LEAS 240,S
    492
    493  4+1   A48F A6   E8 B0           LDA -80,S
    494  5+1   A492 36   02              PSHU A
    495  2     A494 84   0F              ANDA #$0F
    496  2     A496 8A   00              ORA #$00
    497  4+1   A498 A7   E8 B0           STA -80,S
    498  4+1   A49B A6   E8 D8           LDA -40,S
    499  5+1   A49E 36   02              PSHU A
    500  2     A4A0 84   0F              ANDA #$0F
    501  2     A4A2 8A   50              ORA #$50
    502  4+1   A4A4 A7   E8 D8           STA -40,S
    503  5+1   A4A7 EC   7F              LDD -1,S
    504  5+2   A4A9 36   06              PSHU D
    505  2     A4AB 84   F0              ANDA #$F0
    506  2     A4AD 8A   04              ORA #$04
    507  2     A4AF C6   55              LDB #$55
    508  5+1   A4B1 ED   7F              STD -1,S
    509  5+1   A4B3 EC   E8 27           LDD 39,S
    510  5+2   A4B6 36   06              PSHU D
    511  2     A4B8 84   F0              ANDA #$F0
    512  2     A4BA 8A   04              ORA #$04
    513  2     A4BC C6   55              LDB #$55
    514  5+1   A4BE ED   E8 27           STD 39,S
    515  5+1   A4C1 EC   E8 4F           LDD 79,S
    516  5+4   A4C4 36   46              PSHU S,D
    517  2     A4C6 84   F0              ANDA #$F0
    518  2     A4C8 8A   04              ORA #$04
    519  2     A4CA C6   44              LDB #$44
    520  5+1   A4CC ED   E8 4F           STD 79,S
    521        A4CF               SSAV_Img_Sonic_207
    522  4     A4CF 10CE 0000            LDS #$0000
    523  5     A4D3 39                   RTS
    524

000000 Total Errors

000003 Total Symbols
     0x          Label A000 BCKDRAW_Img_Sonic_207
     1x          Label A250 DYN_POS
     1x          Label A4CF SSAV_Img_Sonic_207

