/*--------------------------------------------------------------*
 * Compilé avec C6809 v0.83                                     *
 *--------------------------------------------------------------*
 * Fichier source      : ./Sonic2/GeneratedCode/Img_TitleScreen_TailsHand_Erase.ASM
 * Fichier destination : ./Sonic2/GeneratedCode/Img_TitleScreen_TailsHand_Erase.BIN
 * Contenu :
 *     Main     0:IMGE.ASM     967
 *--------------------------------------------------------------*/

Macro Pass
Pass1
Pass2
      2        A000                      ORG $A000
      3                  FF              SETDP $FF
      4        A000               ERASE_Img_TitleScreen_TailsHand
      5  6+5   A000 10EF 8D 0097         STS ERASE_SSAV_Img_TitleScreen_Tai>>
      6
      7        A005               ERASE_CODE_Img_TitleScreen_TailsHand_1
      8  5+4   A005 37   46              PULU D,S
      9  5+1   A007 ED   E8 27           STD 39,S
     10
     11  5+4   A00A 37   16              PULU D,X
     12  5+1   A00C ED   7F              STD -1,S
     13  5+1   A00E AF   E8 D7           STX -41,S
     14
     15  5+2   A011 37   06              PULU A,B
     16  4+1   A013 A7   E8 B0           STA -80,S
     17  4+1   A016 E7   E8 4F           STB 79,S
     18
     19  5+3   A019 37   42              PULU A,S
     20  4+1   A01B A7   E8 88           STA -120,S
     21
     22  5+2   A01E 37   06              PULU A,B
     23  4+1   A020 A7   E8 78           STA 120,S
     24  4+1   A023 E7   E8 28           STB 40,S
     25
     26  5+2   A026 37   06              PULU A,B
     27  4+0   A028 A7   E4              STA ,S
     28  4+1   A02A E7   E8 50           STB 80,S
     29
     30  5+2   A02D 37   06              PULU A,B
     31  4+1   A02F A7   E8 B0           STA -80,S
     32  4+1   A032 E7   E8 D8           STB -40,S
     33
     34  5+3   A035 37   42              PULU A,S
     35  4+1   A037 A7   E8 B0           STA -80,S
     36
     37  5+2   A03A 37   06              PULU A,B
     38  4+1   A03C A7   E8 78           STA 120,S
     39  4+0   A03F E7   E4              STB ,S
     40
     41  5+2   A041 37   06              PULU A,B
     42  4+1   A043 A7   E8 28           STA 40,S
     43  4+1   A046 E7   E8 D8           STB -40,S
     44
     45  5+2   A049 37   06              PULU A,B
     46  4+1   A04B A7   E8 88           STA -120,S
     47  4+1   A04E E7   E8 50           STB 80,S
     48
     49  5+4   A051 37   46              PULU A,B,S
     50  4+1   A053 A7   E8 14           STA 20,S
     51  4+1   A056 E7   E8 3C           STB 60,S
     52
     53  5+2   A059 37   06              PULU A,B
     54  4+1   A05B A7   E8 C4           STA -60,S
     55  4+1   A05E E7   E8 EC           STB -20,S
     56
     57  5+6   A061 37   56              PULU D,X,S
     58  5+1   A063 ED   E8 B0           STD -80,S
     59  5+1   A066 AF   E8 88           STX -120,S
     60
     61  5+5   A069 37   32              PULU A,X,Y
     62  4+1   A06B A7   E8 78           STA 120,S
     63  5+0   A06E AF   E4              STX ,S
     64  6+1   A070 10AF E8 D8           STY -40,S
     65
     66  5+4   A074 37   16              PULU D,X
     67  5+1   A076 ED   E8 50           STD 80,S
     68  5+1   A079 AF   E8 28           STX 40,S
     69
     70  5+4   A07C 37   46              PULU D,S
     71  5+1   A07E ED   E8 D8           STD -40,S
     72
     73  5+6   A081 37   36              PULU D,X,Y
     74  5+1   A083 ED   E8 28           STD 40,S
     75  5+1   A086 AF   E8 50           STX 80,S
     76  6+1   A089 10AF E8 78           STY 120,S
     77
     78  5+2   A08D 37   06              PULU D
     79  5+0   A08F ED   E4              STD ,S
     80
     81  5+3   A091 37   12              PULU A,X
     82  4+1   A093 A7   E8 88           STA -120,S
     83  5+1   A096 AF   E8 B0           STX -80,S
     84
     85        A099               ERASE_SSAV_Img_TitleScreen_TailsHand
     86  4     A099 10CE 0000            LDS #$0000
     87  5     A09D 39                   RTS
     88

000000 Total Errors

000003 Total Symbols
     0x          Label A005 ERASE_CODE_Img_TitleScreen_TailsHand_1
     0x          Label A000 ERASE_Img_TitleScreen_TailsHand
     1x          Label A099 ERASE_SSAV_Img_TitleScreen_TailsHand

