/*--------------------------------------------------------------*
 * Compilé avec C6809 v0.83                                     *
 *--------------------------------------------------------------*
 * Fichier source      : ./Sonic2/GeneratedCode/Img_Sonic_048_BckDraw.ASM
 * Fichier destination : ./Sonic2/GeneratedCode/Img_Sonic_048_BckDraw.BIN
 * Contenu :
 *     Main     0:IMGD.ASM     6435
 *--------------------------------------------------------------*/

Macro Pass
Pass1
Pass2
      2        A000                      ORG $A000
      3                  FF              SETDP $FF
      4        A000               BCKDRAW_Img_Sonic_048
      5  6+5   A000 10EF 8D 04DD         STS SSAV_Img_Sonic_048+2,PCR
      6
      7  5+5   A005 ED   8D 0285         STD DYN_POS+2,PCR
      8  6+0   A009 10EE A4              LDS ,Y
      9  4+4   A00C 32   E9 0374         LEAS 884,S
     10
     11  5+1   A010 EC   E8 AF           LDD -81,S
     12  5+2   A013 36   06              PSHU D
     13  2     A015 86   BB              LDA #$bb
     14  2     A017 C4   0F              ANDB #$0F
     15  2     A019 CA   B0              ORB #$b0
     16  5+1   A01B ED   E8 AF           STD -81,S
     17  4+1   A01E A6   E8 87           LDA -121,S
     18  5+1   A021 36   02              PSHU A
     19  2     A023 84   F0              ANDA #$F0
     20  2     A025 8A   0B              ORA #$0b
     21  4+1   A027 A7   E8 87           STA -121,S
     22  4+1   A02A A6   E8 D9           LDA -39,S
     23  5+1   A02D 36   02              PSHU A
     24  2     A02F 84   0F              ANDA #$0F
     25  2     A031 8A   E0              ORA #$e0
     26  4+1   A033 A7   E8 D9           STA -39,S
     27  4+1   A036 A6   61              LDA 1,S
     28  5+1   A038 36   02              PSHU A
     29  2     A03A 84   0F              ANDA #$0F
     30  2     A03C 8A   E0              ORA #$e0
     31  4+1   A03E A7   61              STA 1,S
     32  4+1   A040 A6   E8 29           LDA 41,S
     33  5+1   A043 36   02              PSHU A
     34  2     A045 84   0F              ANDA #$0F
     35  2     A047 8A   E0              ORA #$e0
     36  4+1   A049 A7   E8 29           STA 41,S
     37  4+1   A04C A6   E8 51           LDA 81,S
     38  5+1   A04F 36   02              PSHU A
     39  2     A051 84   0F              ANDA #$0F
     40  2     A053 8A   E0              ORA #$e0
     41  4+1   A055 A7   E8 51           STA 81,S
     42  4+1   A058 A6   E8 79           LDA 121,S
     43  5+1   A05B 36   02              PSHU A
     44  2     A05D 84   0F              ANDA #$0F
     45  2     A05F 8A   B0              ORA #$b0
     46  4+1   A061 A7   E8 79           STA 121,S
     47  5+1   A064 AE   E8 D7           LDX -41,S
     48  3     A067 CC   BBCB            LDD #$bbcb
     49  5+1   A06A ED   E8 D7           STD -41,S
     50  6+1   A06D 10AE 7F              LDY -1,S
     51  5+4   A070 36   30              PSHU Y,X
     52  3     A072 CC   EECC            LDD #$eecc
     53  5+1   A075 ED   7F              STD -1,S
     54  5+1   A077 EC   E8 27           LDD 39,S
     55  5+2   A07A 36   06              PSHU D
     56  2     A07C 84   F0              ANDA #$F0
     57  2     A07E 8A   0E              ORA #$0e
     58  2     A080 C6   ED              LDB #$ed
     59  5+1   A082 ED   E8 27           STD 39,S
     60  5+1   A085 EC   E8 4F           LDD 79,S
     61  5+2   A088 36   06              PSHU D
     62  2     A08A 84   F0              ANDA #$F0
     63  2     A08C 8A   0E              ORA #$0e
     64  2     A08E C6   7D              LDB #$7d
     65  5+1   A090 ED   E8 4F           STD 79,S
     66  5+1   A093 EC   E8 77           LDD 119,S
     67  5+4   A096 36   46              PSHU S,D
     68  2     A098 84   F0              ANDA #$F0
     69  2     A09A 8A   0B              ORA #$0b
     70  2     A09C C6   CD              LDB #$cd
     71  5+1   A09E ED   E8 77           STD 119,S
     72  4+4   A0A1 32   E9 0118         LEAS 280,S
     73
     74  5+1   A0A5 AE   7F              LDX -1,S
     75  6+1   A0A7 10AE E8 D7           LDY -41,S
     76  5+4   A0AB 36   30              PSHU Y,X
     77  5+1   A0AD EC   E8 87           LDD -121,S
     78  5+1   A0B0 AE   E8 AF           LDX -81,S
     79  6+1   A0B3 10AE E8 4F           LDY 79,S
     80  5+6   A0B7 36   36              PSHU Y,X,D
     81  5+1   A0B9 EC   E8 26           LDD 38,S
     82  5+2   A0BC 36   06              PSHU D
     83  2     A0BE 84   F0              ANDA #$F0
     84  2     A0C0 8A   0E              ORA #$0e
     85  2     A0C2 C6   EE              LDB #$ee
     86  5+1   A0C4 ED   E8 26           STD 38,S
     87  5+1   A0C7 EC   E8 77           LDD 119,S
     88  5+2   A0CA 36   06              PSHU D
     89  2     A0CC 84   F0              ANDA #$F0
     90  2     A0CE 8A   0E              ORA #$0e
     91  2     A0D0 C6   C0              LDB #$c0
     92  5+1   A0D2 ED   E8 77           STD 119,S
     93  5+1   A0D5 EC   E8 28           LDD 40,S
     94  5+2   A0D8 36   06              PSHU D
     95  2     A0DA 86   D0              LDA #$d0
     96  2     A0DC C4   0F              ANDB #$0F
     97  2     A0DE CA   C0              ORB #$c0
     98  5+1   A0E0 ED   E8 28           STD 40,S
     99  3     A0E3 CC   EED0            LDD #$eed0
    100  5+1   A0E6 ED   E8 D7           STD -41,S
    101  5+1   A0E9 ED   7F              STD -1,S
    102  5+1   A0EB ED   E8 4F           STD 79,S
    103  4+1   A0EE A6   E8 89           LDA -119,S
    104  5+1   A0F1 36   02              PSHU A
    105  2     A0F3 84   0F              ANDA #$0F
    106  2     A0F5 8A   B0              ORA #$b0
    107  4+1   A0F7 A7   E8 89           STA -119,S
    108  4+1   A0FA A6   E8 B1           LDA -79,S
    109  5+1   A0FD 36   02              PSHU A
    110  2     A0FF 84   0F              ANDA #$0F
    111  2     A101 8A   C0              ORA #$c0
    112  4+1   A103 A7   E8 B1           STA -79,S
    113  4+1   A106 A6   E8 D9           LDA -39,S
    114  5+1   A109 36   02              PSHU A
    115  2     A10B 84   0F              ANDA #$0F
    116  2     A10D 8A   C0              ORA #$c0
    117  4+1   A10F A7   E8 D9           STA -39,S
    118  4+1   A112 A6   61              LDA 1,S
    119  5+1   A114 36   02              PSHU A
    120  2     A116 84   0F              ANDA #$0F
    121  2     A118 8A   C0              ORA #$c0
    122  4+1   A11A A7   61              STA 1,S
    123  4+1   A11C A6   E8 51           LDA 81,S
    124  5+1   A11F 36   02              PSHU A
    125  2     A121 84   0F              ANDA #$0F
    126  2     A123 8A   40              ORA #$40
    127  4+1   A125 A7   E8 51           STA 81,S
    128  4+1   A128 A6   E8 79           LDA 121,S
    129  5+3   A12B 36   42              PSHU S,A
    130  2     A12D 84   0F              ANDA #$0F
    131  2     A12F 8A   40              ORA #$40
    132  4+1   A131 A7   E8 79           STA 121,S
    133  3     A134 CC   BEDD            LDD #$bedd
    134  5+1   A137 ED   E8 87           STD -121,S
    135  2     A13A C6   D1              LDB #$d1
    136  5+1   A13C ED   E8 AF           STD -81,S
    137  4+4   A13F 32   E9 00A0         LEAS 160,S
    138
    139  5+1   A143 AE   7F              LDX -1,S
    140  5+2   A145 36   10              PSHU X
    141  3     A147 CC   BE0D            LDD #$be0d
    142  5+1   A14A ED   7F              STD -1,S
    143  4+1   A14C A6   61              LDA 1,S
    144  5+3   A14E 36   42              PSHU S,A
    145  2     A150 84   0F              ANDA #$0F
    146  2     A152 8A   40              ORA #$40
    147  4+1   A154 A7   61              STA 1,S
    148  4+4   A156 32   E9 009E         LEAS 158,S
    149
    150  5+1   A15A EC   E8 88           LDD -120,S
    151  5+2   A15D 36   06              PSHU D
    152  2     A15F 84   F0              ANDA #$F0
    153  2     A161 8A   08              ORA #$08
    154  2     A163 C6   EE              LDB #$ee
    155  5+1   A165 ED   E8 88           STD -120,S
    156  5+1   A168 EC   E8 B0           LDD -80,S
    157  5+2   A16B 36   06              PSHU D
    158  2     A16D 84   F0              ANDA #$F0
    159  2     A16F 8A   07              ORA #$07
    160  2     A171 C6   70              LDB #$70
    161  5+1   A173 ED   E8 B0           STD -80,S
    162  5+1   A176 EC   E8 D8           LDD -40,S
    163  5+2   A179 36   06              PSHU D
    164  2     A17B 84   F0              ANDA #$F0
    165  2     A17D 8A   05              ORA #$05
    166  2     A17F C6   03              LDB #$03
    167  5+1   A181 ED   E8 D8           STD -40,S
    168  5+1   A184 EC   E8 8A           LDD -118,S
    169  5+2   A187 36   06              PSHU D
    170  2     A189 86   70              LDA #$70
    171  2     A18B C4   0F              ANDB #$0F
    172  2     A18D CA   40              ORB #$40
    173  5+1   A18F ED   E8 8A           STD -118,S
    174  4+1   A192 A6   E8 B2           LDA -78,S
    175  4+1   A195 E6   E8 DA           LDB -38,S
    176  5+2   A198 36   06              PSHU B,A
    177  2     A19A 86   77              LDA #$77
    178  4+1   A19C A7   E8 B2           STA -78,S
    179  4+1   A19F A7   E8 DA           STA -38,S
    180  5+3   A1A2 35   12              PULS A,X
    181  5+5   A1A4 36   52              PSHU S,X,A
    182  2     A1A6 86   55              LDA #$55
    183  3     A1A8 8E   0088            LDX #$0088
    184  5+3   A1AB 34   12              PSHS A,X
    185  4+1   A1AD 32   E8 28           LEAS 40,S
    186
    187  5+3   A1B0 35   12              PULS A,X
    188  5+5   A1B2 36   52              PSHU S,X,A
    189  2     A1B4 86   55              LDA #$55
    190  3     A1B6 8E   0033            LDX #$0033
    191  5+3   A1B9 34   12              PSHS A,X
    192  4+1   A1BB 32   E8 28           LEAS 40,S
    193
    194  5+3   A1BE 35   12              PULS A,X
    195  5+5   A1C0 36   52              PSHU S,X,A
    196  2     A1C2 86   55              LDA #$55
    197  3     A1C4 8E   1132            LDX #$1132
    198  5+3   A1C7 34   12              PSHS A,X
    199  4+1   A1C9 32   E8 28           LEAS 40,S
    200
    201  5+1   A1CC EC   E8 29           LDD 41,S
    202  5+2   A1CF 36   06              PSHU D
    203  2     A1D1 86   88              LDA #$88
    204  2     A1D3 C4   0F              ANDB #$0F
    205  2     A1D5 CA   30              ORB #$30
    206  5+1   A1D7 ED   E8 29           STD 41,S
    207  4+1   A1DA A6   E8 51           LDA 81,S
    208  4+1   A1DD E6   E8 79           LDB 121,S
    209  5+2   A1E0 36   06              PSHU B,A
    210  2     A1E2 86   B7              LDA #$b7
    211  4+1   A1E4 A7   E8 51           STA 81,S
    212  2     A1E7 86   B8              LDA #$b8
    213  4+1   A1E9 A7   E8 79           STA 121,S
    214  5+3   A1EC 35   12              PULS A,X
    215  5+5   A1EE 36   52              PSHU S,X,A
    216  2     A1F0 86   5E              LDA #$5e
    217  3     A1F2 8E   1122            LDX #$1122
    218  5+3   A1F5 34   12              PSHS A,X
    219  4+4   A1F7 32   E9 0119         LEAS 281,S
    220
    221  5+1   A1FB EC   E8 50           LDD 80,S
    222  5+2   A1FE 36   06              PSHU D
    223  2     A200 84   0F              ANDA #$0F
    224  2     A202 C4   F0              ANDB #$F0
    225  4     A204 C3   0006            ADDD #$0006
    226  5+1   A207 ED   E8 50           STD 80,S
    227  5+1   A20A EC   E8 78           LDD 120,S
    228  5+2   A20D 36   06              PSHU D
    229  2     A20F 84   0F              ANDA #$0F
    230  2     A211 8A   20              ORA #$20
    231  2     A213 C6   66              LDB #$66
    232  5+1   A215 ED   E8 78           STD 120,S
    233  4+1   A218 A6   E8 88           LDA -120,S
    234  4+1   A21B E6   E8 B0           LDB -80,S
    235  5+2   A21E 36   06              PSHU B,A
    236  2     A220 C4   0F              ANDB #$0F
    237  2     A222 CA   B0              ORB #$b0
    238  4+1   A224 E7   E8 B0           STB -80,S
    239  4+1   A227 A6   E8 D8           LDA -40,S
    240  5+3   A22A 36   42              PSHU S,A
    241  2     A22C 84   0F              ANDA #$0F
    242  2     A22E 8A   B0              ORA #$b0
    243  4+1   A230 A7   E8 D8           STA -40,S
    244  2     A233 86   BB              LDA #$bb
    245  4+1   A235 A7   E8 88           STA -120,S
    246  4+4   A238 32   E9 00DC         LEAS 220,S
    247
    248  5+1   A23C EC   E8 C3           LDD -61,S
    249  5+2   A23F 36   06              PSHU D
    250  2     A241 84   F0              ANDA #$F0
    251  2     A243 8A   04              ORA #$04
    252  2     A245 C6   15              LDB #$15
    253  5+1   A247 ED   E8 C3           STD -61,S
    254  5+1   A24A EC   E8 EB           LDD -21,S
    255  5+2   A24D 36   06              PSHU D
    256  2     A24F 84   F0              ANDA #$F0
    257  2     A251 8A   04              ORA #$04
    258  2     A253 C6   50              LDB #$50
    259  5+1   A255 ED   E8 EB           STD -21,S
    260  5+1   A258 EC   E8 13           LDD 19,S
    261  5+2   A25B 36   06              PSHU D
    262  2     A25D 84   F0              ANDA #$F0
    263  2     A25F 8A   04              ORA #$04
    264  2     A261 C6   51              LDB #$51
    265  5+1   A263 ED   E8 13           STD 19,S
    266  4+1   A266 A6   E8 C5           LDA -59,S
    267  4+1   A269 E6   E8 ED           LDB -19,S
    268  5+2   A26C 36   06              PSHU B,A
    269  2     A26E 86   66              LDA #$66
    270  4+1   A270 A7   E8 C5           STA -59,S
    271  2     A273 86   56              LDA #$56
    272  4+1   A275 A7   E8 ED           STA -19,S
    273  4+1   A278 A6   E8 3C           LDA 60,S
    274  4+1   A27B E6   E8 15           LDB 21,S
    275  5+4   A27E 36   46              PSHU S,B,A
    276  2     A280 C4   0F              ANDB #$0F
    277  2     A282 CA   40              ORB #$40
    278  4+1   A284 E7   E8 15           STB 21,S
    279  2     A287 86   44              LDA #$44
    280  4+1   A289 A7   E8 3C           STA 60,S
    281        A28C               DYN_POS
    282
    283  4     A28C 10CE 0000            LDS #$0000
    284  4+4   A290 32   E9 0360         LEAS 864,S
    285
    286  5+1   A294 AE   E8 64           LDX 100,S
    287  6+1   A297 10AE E8 3C           LDY 60,S
    288  5+4   A29B 36   30              PSHU Y,X
    289  5+1   A29D EC   E8 C3           LDD -61,S
    290  5+2   A2A0 36   06              PSHU D
    291  2     A2A2 84   F0              ANDA #$F0
    292  2     A2A4 8A   0B              ORA #$0b
    293  2     A2A6 C6   BC              LDB #$bc
    294  5+1   A2A8 ED   E8 C3           STD -61,S
    295  5+1   A2AB EC   E8 13           LDD 19,S
    296  5+2   A2AE 36   06              PSHU D
    297  2     A2B0 84   F0              ANDA #$F0
    298  2     A2B2 8A   0E              ORA #$0e
    299  2     A2B4 C6   B7              LDB #$b7
    300  5+1   A2B6 ED   E8 13           STD 19,S
    301  4+1   A2B9 A6   E8 9C           LDA -100,S
    302  5+1   A2BC AE   E8 EB           LDX -21,S
    303  5+3   A2BF 36   12              PSHU X,A
    304  3     A2C1 CC   EEBE            LDD #$eebe
    305  5+1   A2C4 ED   E8 EB           STD -21,S
    306  2     A2C7 86   BB              LDA #$bb
    307  4+1   A2C9 A7   E8 9C           STA -100,S
    308  4+1   A2CC A6   E8 15           LDA 21,S
    309  5+3   A2CF 36   42              PSHU S,A
    310  2     A2D1 84   0F              ANDA #$0F
    311  2     A2D3 8A   B0              ORA #$b0
    312  4+1   A2D5 A7   E8 15           STA 21,S
    313  3     A2D8 CC   E7DC            LDD #$e7dc
    314  5+1   A2DB ED   E8 64           STD 100,S
    315  2     A2DE C6   CB              LDB #$cb
    316  5+1   A2E0 ED   E8 3C           STD 60,S
    317  4+4   A2E3 32   E9 0103         LEAS 259,S
    318
    319  4+1   A2E7 A6   E8 DA           LDA -38,S
    320  5+1   A2EA AE   E8 89           LDX -119,S
    321  6+1   A2ED 10AE E8 B1           LDY -79,S
    322  5+5   A2F1 36   32              PSHU Y,X,A
    323  3     A2F3 CC   E8DC            LDD #$e8dc
    324  5+1   A2F6 ED   E8 89           STD -119,S
    325  2     A2F9 86   BC              LDA #$bc
    326  5+1   A2FB ED   E8 B1           STD -79,S
    327  5+1   A2FE EC   E8 D8           LDD -40,S
    328  5+2   A301 36   06              PSHU D
    329  2     A303 84   F0              ANDA #$F0
    330  2     A305 8A   0E              ORA #$0e
    331  2     A307 C6   CD              LDB #$cd
    332  5+1   A309 ED   E8 D8           STD -40,S
    333  2     A30C 86   DD              LDA #$dd
    334  4+1   A30E A7   E8 DA           STA -38,S
    335  5+3   A311 35   12              PULS A,X
    336  5+5   A313 36   52              PSHU S,X,A
    337  2     A315 86   EB              LDA #$eb
    338  3     A317 8E   DD1D            LDX #$dd1d
    339  5+3   A31A 34   12              PSHS A,X
    340  4+1   A31C 32   E8 28           LEAS 40,S
    341
    342  5+3   A31F 35   12              PULS A,X
    343  5+5   A321 36   52              PSHU S,X,A
    344  2     A323 86   EE              LDA #$ee
    345  3     A325 8E   CD0D            LDX #$cd0d
    346  5+3   A328 34   12              PSHS A,X
    347  4+1   A32A 32   E8 28           LEAS 40,S
    348
    349  4+1   A32D A6   E8 7A           LDA 122,S
    350  5+1   A330 AE   E8 29           LDX 41,S
    351  6+1   A333 10AE E8 51           LDY 81,S
    352  5+5   A337 36   32              PSHU Y,X,A
    353  3     A339 CC   BC04            LDD #$bc04
    354  5+1   A33C ED   E8 29           STD 41,S
    355  2     A33F 86   EB              LDA #$eb
    356  5+1   A341 ED   E8 51           STD 81,S
    357  5+1   A344 EC   E8 78           LDD 120,S
    358  5+2   A347 36   06              PSHU D
    359  2     A349 84   F0              ANDA #$F0
    360  2     A34B 8A   0B              ORA #$0b
    361  2     A34D C6   EB              LDB #$eb
    362  5+1   A34F ED   E8 78           STD 120,S
    363  2     A352 86   00              LDA #$00
    364  4+1   A354 A7   E8 7A           STA 122,S
    365  5+3   A357 35   12              PULS A,X
    366  5+5   A359 36   52              PSHU S,X,A
    367  2     A35B 86   EE              LDA #$ee
    368  3     A35D 8E   BC04            LDX #$bc04
    369  5+3   A360 34   12              PSHS A,X
    370  4+4   A362 32   E9 00A0         LEAS 160,S
    371
    372  5+3   A366 35   12              PULS A,X
    373  5+5   A368 36   52              PSHU S,X,A
    374  2     A36A 86   77              LDA #$77
    375  3     A36C 8E   E807            LDX #$e807
    376  5+3   A36F 34   12              PSHS A,X
    377  4+1   A371 32   E8 28           LEAS 40,S
    378
    379  5+3   A374 35   12              PULS A,X
    380  5+5   A376 36   52              PSHU S,X,A
    381  2     A378 86   82              LDA #$82
    382  3     A37A 8E   E877            LDX #$e877
    383  5+3   A37D 34   12              PSHS A,X
    384  4+1   A37F 32   E8 28           LEAS 40,S
    385
    386  5+3   A382 35   12              PULS A,X
    387  5+5   A384 36   52              PSHU S,X,A
    388  2     A386 86   61              LDA #$61
    389  3     A388 8E   0E78            LDX #$0e78
    390  5+3   A38B 34   12              PSHS A,X
    391  4+1   A38D 32   E8 28           LEAS 40,S
    392
    393  5+1   A390 EC   E8 27           LDD 39,S
    394  5+2   A393 36   06              PSHU D
    395  2     A395 84   F0              ANDA #$F0
    396  2     A397 8A   05              ORA #$05
    397  2     A399 C6   52              LDB #$52
    398  5+1   A39B ED   E8 27           STD 39,S
    399  5+1   A39E EC   E8 4F           LDD 79,S
    400  5+2   A3A1 36   06              PSHU D
    401  2     A3A3 84   F0              ANDA #$F0
    402  2     A3A5 8A   05              ORA #$05
    403  2     A3A7 C6   E3              LDB #$e3
    404  5+1   A3A9 ED   E8 4F           STD 79,S
    405  4+1   A3AC A6   E8 51           LDA 81,S
    406  5+1   A3AF 36   02              PSHU A
    407  5+1   A3B1 EC   E8 29           LDD 41,S
    408  5+2   A3B4 36   06              PSHU D
    409  2     A3B6 86   13              LDA #$13
    410  2     A3B8 C4   0F              ANDB #$0F
    411  2     A3BA CA   60              ORB #$60
    412  5+1   A3BC ED   E8 29           STD 41,S
    413  2     A3BF 86   23              LDA #$23
    414  4+1   A3C1 A7   E8 51           STA 81,S
    415  5+3   A3C4 35   12              PULS A,X
    416  5+5   A3C6 36   52              PSHU S,X,A
    417  2     A3C8 86   52              LDA #$52
    418  3     A3CA 8E   1686            LDX #$1686
    419  5+3   A3CD 34   12              PSHS A,X
    420  4+1   A3CF 32   E8 77           LEAS 119,S
    421
    422  5+1   A3D2 AE   E8 28           LDX 40,S
    423  3     A3D5 CC   55EB            LDD #$55eb
    424  5+1   A3D8 ED   E8 28           STD 40,S
    425  6+1   A3DB 10AE E8 50           LDY 80,S
    426  5+4   A3DF 36   30              PSHU Y,X
    427  2     A3E1 C6   4B              LDB #$4b
    428  5+1   A3E3 ED   E8 50           STD 80,S
    429  4+1   A3E6 A6   E8 2A           LDA 42,S
    430  5+1   A3E9 36   02              PSHU A
    431  2     A3EB 84   0F              ANDA #$0F
    432  2     A3ED 8A   70              ORA #$70
    433  4+1   A3EF A7   E8 2A           STA 42,S
    434  4+1   A3F2 A6   E8 52           LDA 82,S
    435  5+1   A3F5 36   02              PSHU A
    436  2     A3F7 84   0F              ANDA #$0F
    437  2     A3F9 8A   80              ORA #$80
    438  4+1   A3FB A7   E8 52           STA 82,S
    439  5+1   A3FE EC   E8 78           LDD 120,S
    440  5+2   A401 36   06              PSHU D
    441  2     A403 86   55              LDA #$55
    442  2     A405 C4   F0              ANDB #$F0
    443  2     A407 CA   0B              ORB #$0b
    444  5+1   A409 ED   E8 78           STD 120,S
    445  5+3   A40C 35   12              PULS A,X
    446  5+5   A40E 36   52              PSHU S,X,A
    447  2     A410 86   55              LDA #$55
    448  3     A412 8E   EE82            LDX #$ee82
    449  5+3   A415 34   12              PSHS A,X
    450  4+4   A417 32   E9 011A         LEAS 282,S
    451
    452  5+1   A41B EC   7E              LDD -2,S
    453  5+2   A41D 36   06              PSHU D
    454  2     A41F 84   0F              ANDA #$0F
    455  2     A421 C4   F0              ANDB #$F0
    456  4     A423 C3   500B            ADDD #$500b
    457  5+1   A426 ED   7E              STD -2,S
    458  4+1   A428 A6   E8 86           LDA -122,S
    459  5+1   A42B 36   02              PSHU A
    460  2     A42D 84   0F              ANDA #$0F
    461  2     A42F 8A   50              ORA #$50
    462  4+1   A431 A7   E8 86           STA -122,S
    463  4+1   A434 A6   E8 AE           LDA -82,S
    464  5+1   A437 36   02              PSHU A
    465  2     A439 84   0F              ANDA #$0F
    466  2     A43B 8A   50              ORA #$50
    467  4+1   A43D A7   E8 AE           STA -82,S
    468  4+1   A440 A6   E8 B1           LDA -79,S
    469  5+1   A443 36   02              PSHU A
    470  2     A445 84   0F              ANDA #$0F
    471  2     A447 8A   60              ORA #$60
    472  4+1   A449 A7   E8 B1           STA -79,S
    473  4+1   A44C A6   E8 D6           LDA -42,S
    474  5+1   A44F 36   02              PSHU A
    475  2     A451 84   0F              ANDA #$0F
    476  2     A453 8A   50              ORA #$50
    477  4+1   A455 A7   E8 D6           STA -42,S
    478  4+1   A458 A6   E8 79           LDA 121,S
    479  5+1   A45B 36   02              PSHU A
    480  2     A45D 84   0F              ANDA #$0F
    481  2     A45F 8A   60              ORA #$60
    482  4+1   A461 A7   E8 79           STA 121,S
    483  5+1   A464 EC   E8 26           LDD 38,S
    484  5+2   A467 36   06              PSHU D
    485  2     A469 84   0F              ANDA #$0F
    486  2     A46B 8A   50              ORA #$50
    487  2     A46D C6   00              LDB #$00
    488  5+1   A46F ED   E8 26           STD 38,S
    489  5+1   A472 EC   E8 4E           LDD 78,S
    490  5+2   A475 36   06              PSHU D
    491  2     A477 84   0F              ANDA #$0F
    492  2     A479 8A   50              ORA #$50
    493  2     A47B C6   20              LDB #$20
    494  5+1   A47D ED   E8 4E           STD 78,S
    495  4+1   A480 A6   E8 D9           LDA -39,S
    496  4+1   A483 E6   61              LDB 1,S
    497  5+2   A485 36   06              PSHU B,A
    498  5+1   A487 EC   E8 77           LDD 119,S
    499  5+2   A48A 36   06              PSHU D
    500  2     A48C 86   11              LDA #$11
    501  2     A48E C4   F0              ANDB #$F0
    502  2     A490 CA   06              ORB #$06
    503  5+1   A492 ED   E8 77           STD 119,S
    504  4+1   A495 A6   E8 29           LDA 41,S
    505  4+1   A498 E6   E8 51           LDB 81,S
    506  5+4   A49B 36   46              PSHU S,B,A
    507  2     A49D 86   66              LDA #$66
    508  4+1   A49F A7   E8 D9           STA -39,S
    509  4+1   A4A2 A7   61              STA 1,S
    510  4+1   A4A4 A7   E8 29           STA 41,S
    511  4+1   A4A7 A7   E8 51           STA 81,S
    512  4+4   A4AA 32   E9 00DB         LEAS 219,S
    513
    514  5+1   A4AE AE   E8 C4           LDX -60,S
    515  6+1   A4B1 10AE E8 EC           LDY -20,S
    516  5+4   A4B5 36   30              PSHU Y,X
    517  5+1   A4B7 EC   E8 14           LDD 20,S
    518  5+1   A4BA AE   E8 3C           LDX 60,S
    519  5+4   A4BD 36   16              PSHU X,D
    520  3     A4BF CC   5556            LDD #$5556
    521  5+1   A4C2 ED   E8 C4           STD -60,S
    522  5+1   A4C5 ED   E8 14           STD 20,S
    523  2     A4C8 C6   55              LDB #$55
    524  5+1   A4CA ED   E8 EC           STD -20,S
    525  4+1   A4CD A6   E8 C6           LDA -58,S
    526  5+3   A4D0 36   42              PSHU S,A
    527  2     A4D2 84   0F              ANDA #$0F
    528  2     A4D4 8A   60              ORA #$60
    529  4+1   A4D6 A7   E8 C6           STA -58,S
    530  3     A4D9 CC   4444            LDD #$4444
    531  5+1   A4DC ED   E8 3C           STD 60,S
    532        A4DF               SSAV_Img_Sonic_048
    533  4     A4DF 10CE 0000            LDS #$0000
    534  5     A4E3 39                   RTS
    535

000000 Total Errors

000003 Total Symbols
     0x          Label A000 BCKDRAW_Img_Sonic_048
     1x          Label A28C DYN_POS
     1x          Label A4DF SSAV_Img_Sonic_048

