/*--------------------------------------------------------------*
 * Compilé avec C6809 v0.83                                     *
 *--------------------------------------------------------------*
 * Fichier source      : ./Sonic2/GeneratedCode/Img_Sonic_094_Erase.ASM
 * Fichier destination : ./Sonic2/GeneratedCode/Img_Sonic_094_Erase.BIN
 * Contenu :
 *     Main     0:IMGE.ASM     2666
 *--------------------------------------------------------------*/

Macro Pass
Pass1
Pass2
      2        A000                      ORG $A000
      3                  FF              SETDP $FF
      4        A000               ERASE_Img_Sonic_094
      5  6+5   A000 10EF 8D 01DF         STS ERASE_SSAV_Img_Sonic_094+2,PCR>>
      6
      7        A005               ERASE_CODE_Img_Sonic_094_1
      8  5+3   A005 37   42              PULU A,S
      9  4+1   A007 A7   E8 EE           STA -18,S
     10
     11  5+2   A00A 37   06              PULU A,B
     12  4+1   A00C A7   E8 3C           STA 60,S
     13  4+1   A00F E7   E8 16           STB 22,S
     14
     15  5+2   A012 37   06              PULU A,B
     16  4+1   A014 A7   E8 14           STA 20,S
     17  4+1   A017 E7   E8 C6           STB -58,S
     18
     19  5+3   A01A 37   12              PULU A,X
     20  4+1   A01C A7   E8 EC           STA -20,S
     21  5+1   A01F AF   E8 C4           STX -60,S
     22
     23  5+3   A022 37   42              PULU A,S
     24  4+1   A024 A7   E8 28           STA 40,S
     25
     26  5+6   A027 37   36              PULU D,X,Y
     27  5+1   A029 ED   E8 76           STD 118,S
     28  5+1   A02C AF   E8 4E           STX 78,S
     29  6+1   A02F 10AF E8 AF           STY -81,S
     30
     31  5+4   A033 37   16              PULU D,X
     32  5+1   A035 ED   E8 87           STD -121,S
     33  5+1   A038 AF   E8 26           STX 38,S
     34
     35  5+6   A03B 37   36              PULU A,B,X,Y
     36  4+1   A03D A7   E8 50           STA 80,S
     37  4+1   A040 E7   E8 78           STB 120,S
     38  5+1   A043 AF   7F              STX -1,S
     39  6+1   A045 10AF E8 D7           STY -41,S
     40
     41  5+4   A049 37   46              PULU D,S
     42  5+1   A04B ED   E8 78           STD 120,S
     43
     44  5+4   A04E 37   16              PULU D,X
     45  5+1   A050 ED   E8 50           STD 80,S
     46  5+1   A053 AF   E8 28           STX 40,S
     47
     48  5+5   A056 37   32              PULU A,X,Y
     49  4+1   A058 A7   61              STA 1,S
     50  5+1   A05A AF   E8 D8           STX -40,S
     51  6+1   A05D 10AF E8 B0           STY -80,S
     52
     53  5+2   A061 37   06              PULU D
     54  5+1   A063 ED   E8 88           STD -120,S
     55
     56  5+3   A066 37   42              PULU A,S
     57  4+1   A068 A7   E8 D9           STA -39,S
     58
     59  5+6   A06B 37   36              PULU D,X,Y
     60  5+1   A06D ED   E8 78           STD 120,S
     61  5+1   A070 AF   E8 50           STX 80,S
     62  6+1   A073 10AF E8 28           STY 40,S
     63
     64  5+2   A077 37   06              PULU D
     65  5+0   A079 ED   E4              STD ,S
     66
     67  5+6   A07B 37   36              PULU A,B,X,Y
     68  4+1   A07D A7   E8 B1           STA -79,S
     69  4+1   A080 E7   E8 89           STB -119,S
     70  5+1   A083 AF   E8 D7           STX -41,S
     71  6+1   A086 10AF E8 AF           STY -81,S
     72
     73  5+2   A08A 37   06              PULU D
     74  5+1   A08C ED   E8 87           STD -121,S
     75
     76  5+5   A08F 37   52              PULU A,X,S
     77  5+3   A091 34   12              PSHS A,X
     78
     79  5+6   A093 37   36              PULU D,X,Y
     80  5+1   A095 ED   E8 51           STD 81,S
     81  5+1   A098 AF   E8 29           STX 41,S
     82  6+1   A09B 10AF E8 79           STY 121,S
     83
     84  5+6   A09F 37   56              PULU D,X,S
     85  5+4   A0A1 34   16              PSHS D,X
     86
     87  5+6   A0A3 37   56              PULU D,X,S
     88  5+4   A0A5 34   16              PSHS D,X
     89
     90  5+6   A0A7 37   56              PULU D,X,S
     91  5+4   A0A9 34   16              PSHS D,X
     92
     93  5+6   A0AB 37   56              PULU D,X,S
     94  5+4   A0AD 34   16              PSHS D,X
     95
     96  5+6   A0AF 37   56              PULU D,X,S
     97  5+4   A0B1 34   16              PSHS D,X
     98
     99  5+6   A0B3 37   56              PULU D,X,S
    100  5+4   A0B5 34   16              PSHS D,X
    101
    102  5+6   A0B7 37   56              PULU D,X,S
    103  5+4   A0B9 34   16              PSHS D,X
    104
    105  5+5   A0BB 37   32              PULU A,X,Y
    106  4+1   A0BD A7   E8 8A           STA -118,S
    107  5+1   A0C0 AF   E8 B1           STX -79,S
    108  6+1   A0C3 10AF E8 DA           STY -38,S
    109
    110  5+4   A0C7 37   16              PULU D,X
    111  5+1   A0C9 ED   E8 D8           STD -40,S
    112  5+1   A0CC AF   E8 88           STX -120,S
    113
    114  5+4   A0CF 37   46              PULU A,B,S
    115  4+1   A0D1 A7   E8 D8           STA -40,S
    116  4+0   A0D4 E7   E4              STB ,S
    117
    118  5+2   A0D6 37   06              PULU D
    119  5+1   A0D8 ED   E8 28           STD 40,S
    120
    121  5+3   A0DB 37   42              PULU A,S
    122  4+1   A0DD A7   E8 EC           STA -20,S
    123
    124  5+2   A0E0 37   06              PULU A,B
    125  4+1   A0E2 A7   E8 3C           STA 60,S
    126  4+1   A0E5 E7   E8 16           STB 22,S
    127
    128  5+2   A0E8 37   06              PULU A,B
    129  4+1   A0EA A7   E8 14           STA 20,S
    130  4+1   A0ED E7   E8 EE           STB -18,S
    131
    132  5+2   A0F0 37   06              PULU A,B
    133  4+1   A0F2 A7   E8 C4           STA -60,S
    134  4+1   A0F5 E7   E8 C6           STB -58,S
    135
    136  5+3   A0F8 37   42              PULU A,S
    137  4+1   A0FA A7   E8 79           STA 121,S
    138
    139  5+6   A0FD 37   36              PULU A,B,X,Y
    140  4+1   A0FF A7   E8 51           STA 81,S
    141  4+1   A102 E7   E8 29           STB 41,S
    142  5+1   A105 AF   E8 27           STX 39,S
    143  6+1   A108 10AF 7F              STY -1,S
    144
    145  5+6   A10B 37   36              PULU D,X,Y
    146  5+1   A10D ED   E8 D7           STD -41,S
    147  5+1   A110 AF   E8 AF           STX -81,S
    148  6+1   A113 10AF E8 87           STY -121,S
    149
    150  5+2   A117 37   06              PULU A,B
    151  4+1   A119 A7   E8 4F           STA 79,S
    152  4+1   A11C E7   E8 77           STB 119,S
    153
    154  5+4   A11F 37   46              PULU A,B,S
    155  4+1   A121 A7   E8 D8           STA -40,S
    156  4+1   A124 E7   E8 27           STB 39,S
    157
    158  5+2   A127 37   06              PULU D
    159  5+1   A129 ED   E8 77           STD 119,S
    160
    161  5+4   A12C 37   16              PULU A,B,X
    162  4+1   A12E A7   E8 88           STA -120,S
    163  4+1   A131 E7   E8 B0           STB -80,S
    164  5+1   A134 AF   E8 4F           STX 79,S
    165
    166  5+4   A137 37   46              PULU D,S
    167  5+1   A139 ED   E8 78           STD 120,S
    168
    169  5+4   A13C 37   16              PULU D,X
    170  5+1   A13E ED   E8 50           STD 80,S
    171  5+1   A141 AF   E8 28           STX 40,S
    172
    173  5+2   A144 37   06              PULU A,B
    174  4+1   A146 A7   E8 D9           STA -39,S
    175  4+1   A149 E7   61              STB 1,S
    176
    177  5+3   A14B 37   12              PULU A,X
    178  4+1   A14D A7   E8 B1           STA -79,S
    179  5+1   A150 AF   E8 88           STX -120,S
    180
    181  5+5   A153 37   52              PULU A,X,S
    182  5+3   A155 34   12              PSHS A,X
    183
    184  5+2   A157 37   06              PULU D
    185  5+1   A159 ED   E8 78           STD 120,S
    186
    187  5+6   A15C 37   36              PULU A,B,X,Y
    188  4+1   A15E A7   E8 52           STA 82,S
    189  4+1   A161 E7   E8 2A           STB 42,S
    190  5+1   A164 AF   E8 28           STX 40,S
    191  6+1   A167 10AF E8 50           STY 80,S
    192
    193  5+5   A16B 37   52              PULU A,X,S
    194  5+3   A16D 34   12              PSHS A,X
    195
    196  5+2   A16F 37   06              PULU D
    197  5+1   A171 ED   E8 2A           STD 42,S
    198
    199  5+6   A174 37   36              PULU A,B,X,Y
    200  4+1   A176 A7   E8 53           STA 83,S
    201  4+1   A179 E7   E8 2C           STB 44,S
    202  5+1   A17C AF   E8 79           STX 121,S
    203  6+1   A17F 10AF E8 28           STY 40,S
    204
    205  5+5   A183 37   32              PULU A,X,Y
    206  4+1   A185 A7   E8 7B           STA 123,S
    207  5+1   A188 AF   E8 51           STX 81,S
    208  6+1   A18B 10AF 63              STY 3,S
    209
    210  5+5   A18E 37   52              PULU A,X,S
    211  5+3   A190 34   12              PSHS A,X
    212
    213  5+2   A192 37   06              PULU D
    214  5+1   A194 ED   63              STD 3,S
    215
    216  5+5   A196 37   52              PULU A,X,S
    217  5+3   A198 34   12              PSHS A,X
    218
    219  5+2   A19A 37   06              PULU D
    220  5+1   A19C ED   63              STD 3,S
    221
    222  5+5   A19E 37   52              PULU A,X,S
    223  5+3   A1A0 34   12              PSHS A,X
    224
    225  5+6   A1A2 37   36              PULU D,X,Y
    226  5+1   A1A4 ED   E8 DA           STD -38,S
    227  5+1   A1A7 AF   E8 D8           STX -40,S
    228  6+1   A1AA 10AF E8 B2           STY -78,S
    229
    230  5+2   A1AE 37   06              PULU D
    231  5+1   A1B0 ED   E8 89           STD -119,S
    232
    233  5+2   A1B3 37   06              PULU A,B
    234  4+1   A1B5 A7   E8 DC           STA -36,S
    235  4+1   A1B8 E7   E8 B4           STB -76,S
    236
    237  5+5   A1BB 37   32              PULU A,X,Y
    238  4+1   A1BD A7   E8 8B           STA -117,S
    239  5+1   A1C0 AF   63              STX 3,S
    240  6+1   A1C2 10AF E8 B0           STY -80,S
    241
    242  5+6   A1C6 37   56              PULU D,X,S
    243  5+1   A1C8 ED   E8 13           STD 19,S
    244  5+1   A1CB AF   E8 3B           STX 59,S
    245
    246  5+2   A1CE 37   06              PULU A,B
    247  4+1   A1D0 A7   E8 3D           STA 61,S
    248  4+1   A1D3 E7   E8 15           STB 21,S
    249
    250  5+4   A1D6 37   16              PULU A,B,X
    251  4+1   A1D8 A7   E8 ED           STA -19,S
    252  4+1   A1DB E7   E8 C3           STB -61,S
    253  5+1   A1DE AF   E8 EB           STX -21,S
    254
    255        A1E1               ERASE_SSAV_Img_Sonic_094
    256  4     A1E1 10CE 0000            LDS #$0000
    257  5     A1E5 39                   RTS
    258

000000 Total Errors

000003 Total Symbols
     0x          Label A005 ERASE_CODE_Img_Sonic_094_1
     0x          Label A000 ERASE_Img_Sonic_094
     1x          Label A1E1 ERASE_SSAV_Img_Sonic_094

