/*--------------------------------------------------------------*
 * Compilé avec C6809 v0.83                                     *
 *--------------------------------------------------------------*
 * Fichier source      : ./Sonic2/GeneratedCode/Img_Sonic_056_BckDraw.ASM
 * Fichier destination : ./Sonic2/GeneratedCode/Img_Sonic_056_BckDraw.BIN
 * Contenu :
 *     Main     0:IMGD.ASM     7071
 *--------------------------------------------------------------*/

Macro Pass
Pass1
Pass2
      2        A000                      ORG $A000
      3                  FF              SETDP $FF
      4        A000               BCKDRAW_Img_Sonic_056
      5  6+5   A000 10EF 8D 0551         STS SSAV_Img_Sonic_056+2,PCR
      6
      7  5+5   A005 ED   8D 0294         STD DYN_POS+2,PCR
      8  6+0   A009 10EE A4              LDS ,Y
      9  4+4   A00C 32   E9 0374         LEAS 884,S
     10
     11  4+1   A010 A6   E8 79           LDA 121,S
     12  4+1   A013 E6   E8 51           LDB 81,S
     13  5+1   A016 AE   E8 D6           LDX -42,S
     14  6+1   A019 10AE 7E              LDY -2,S
     15  5+6   A01C 36   36              PSHU Y,X,B,A
     16  5+1   A01E EC   E8 76           LDD 118,S
     17  5+1   A021 AE   E8 4E           LDX 78,S
     18  6+1   A024 10AE E8 26           LDY 38,S
     19  5+6   A028 36   36              PSHU Y,X,D
     20  2     A02A 86   66              LDA #$66
     21  4+1   A02C A7   E8 51           STA 81,S
     22  4+1   A02F A7   E8 79           STA 121,S
     23  5+1   A032 EC   E8 86           LDD -122,S
     24  5+2   A035 36   06              PSHU D
     25  2     A037 84   F0              ANDA #$F0
     26  2     A039 C4   0F              ANDB #$0F
     27  4     A03B C3   0B20            ADDD #$0b20
     28  5+1   A03E ED   E8 86           STD -122,S
     29  5+1   A041 EC   E8 AE           LDD -82,S
     30  5+2   A044 36   06              PSHU D
     31  2     A046 86   BC              LDA #$bc
     32  2     A048 C4   0F              ANDB #$0F
     33  2     A04A CA   40              ORB #$40
     34  5+1   A04C ED   E8 AE           STD -82,S
     35  4+1   A04F A6   E8 D8           LDA -40,S
     36  5+1   A052 36   02              PSHU A
     37  2     A054 84   F0              ANDA #$F0
     38  2     A056 8A   06              ORA #$06
     39  4+1   A058 A7   E8 D8           STA -40,S
     40  4+1   A05B A6   61              LDA 1,S
     41  5+1   A05D 36   02              PSHU A
     42  2     A05F 84   0F              ANDA #$0F
     43  2     A061 8A   60              ORA #$60
     44  4+1   A063 A7   61              STA 1,S
     45  4+1   A065 A6   E8 29           LDA 41,S
     46  5+3   A068 36   42              PSHU S,A
     47  2     A06A 84   0F              ANDA #$0F
     48  2     A06C 8A   60              ORA #$60
     49  4+1   A06E A7   E8 29           STA 41,S
     50  3     A071 CC   DD07            LDD #$dd07
     51  5+1   A074 ED   E8 26           STD 38,S
     52  5+1   A077 ED   E8 4E           STD 78,S
     53  2     A07A 86   D1              LDA #$d1
     54  5+1   A07C ED   E8 76           STD 118,S
     55  2     A07F 86   CD              LDA #$cd
     56  5+1   A081 ED   7E              STD -2,S
     57  3     A083 CC   CC27            LDD #$cc27
     58  5+1   A086 ED   E8 D6           STD -42,S
     59  4+4   A089 32   E9 0104         LEAS 260,S
     60
     61  4+1   A08D A6   E8 3B           LDA 59,S
     62  5+1   A090 AE   E8 C2           LDX -62,S
     63  6+1   A093 10AE E8 12           LDY 18,S
     64  5+5   A097 36   32              PSHU Y,X,A
     65  4+1   A099 A6   E8 9D           LDA -99,S
     66  4+1   A09C E6   E8 63           LDB 99,S
     67  5+1   A09F AE   E8 9A           LDX -102,S
     68  6+1   A0A2 10AE E8 EA           LDY -22,S
     69  5+6   A0A6 36   36              PSHU Y,X,B,A
     70  5+1   A0A8 EC   E8 EC           LDD -20,S
     71  5+2   A0AB 36   06              PSHU D
     72  2     A0AD 84   0F              ANDA #$0F
     73  2     A0AF C4   F0              ANDB #$F0
     74  4     A0B1 C3   3006            ADDD #$3006
     75  5+1   A0B4 ED   E8 EC           STD -20,S
     76  5+1   A0B7 EC   E8 14           LDD 20,S
     77  5+2   A0BA 36   06              PSHU D
     78  2     A0BC 84   0F              ANDA #$0F
     79  2     A0BE C4   F0              ANDB #$F0
     80  4     A0C0 C3   3006            ADDD #$3006
     81  5+1   A0C3 ED   E8 14           STD 20,S
     82  2     A0C6 86   66              LDA #$66
     83  4+1   A0C8 A7   E8 9D           STA -99,S
     84  5+1   A0CB EC   E8 C4           LDD -60,S
     85  5+2   A0CE 36   06              PSHU D
     86  2     A0D0 84   0F              ANDA #$0F
     87  2     A0D2 8A   20              ORA #$20
     88  2     A0D4 C6   66              LDB #$66
     89  5+1   A0D6 ED   E8 C4           STD -60,S
     90  5+1   A0D9 EC   E8 39           LDD 57,S
     91  5+2   A0DC 36   06              PSHU D
     92  2     A0DE 84   F0              ANDA #$F0
     93  2     A0E0 8A   0B              ORA #$0b
     94  2     A0E2 C6   8D              LDB #$8d
     95  5+1   A0E4 ED   E8 39           STD 57,S
     96  5+1   A0E7 EC   E8 61           LDD 97,S
     97  5+2   A0EA 36   06              PSHU D
     98  2     A0EC 84   F0              ANDA #$F0
     99  2     A0EE 8A   0B              ORA #$0b
    100  2     A0F0 C6   8D              LDB #$8d
    101  5+1   A0F2 ED   E8 61           STD 97,S
    102  3     A0F5 CC   DD07            LDD #$dd07
    103  5+1   A0F8 ED   E8 C2           STD -62,S
    104  4+1   A0FB A6   E8 3D           LDA 61,S
    105  5+1   A0FE 36   02              PSHU A
    106  2     A100 84   F0              ANDA #$F0
    107  2     A102 8A   06              ORA #$06
    108  4+1   A104 A7   E8 3D           STA 61,S
    109  4+1   A107 A6   E8 65           LDA 101,S
    110  5+3   A10A 36   42              PSHU S,A
    111  2     A10C 84   F0              ANDA #$F0
    112  2     A10E 8A   05              ORA #$05
    113  4+1   A110 A7   E8 65           STA 101,S
    114  3     A113 CC   D1D7            LDD #$d1d7
    115  5+1   A116 ED   E8 9A           STD -102,S
    116  3     A119 CC   CD07            LDD #$cd07
    117  5+1   A11C ED   E8 EA           STD -22,S
    118  2     A11F 86   EE              LDA #$ee
    119  4+1   A121 A7   E8 63           STA 99,S
    120  2     A124 86   B8              LDA #$b8
    121  4+1   A126 A7   E8 3B           STA 59,S
    122  3     A129 CC   CC87            LDD #$cc87
    123  5+1   A12C ED   E8 12           STD 18,S
    124  4+4   A12F 32   E9 0102         LEAS 258,S
    125
    126  5+1   A133 AE   E8 7A           LDX 122,S
    127  6+1   A136 10AE E8 52           LDY 82,S
    128  5+4   A13A 36   30              PSHU Y,X
    129  5+1   A13C EC   E8 2A           LDD 42,S
    130  5+1   A13F AE   E8 B1           LDX -79,S
    131  6+1   A142 10AE E8 D9           LDY -39,S
    132  5+6   A146 36   36              PSHU Y,X,D
    133  3     A148 CC   E088            LDD #$e088
    134  5+1   A14B ED   E8 B1           STD -79,S
    135  5+1   A14E ED   E8 D9           STD -39,S
    136  3     A151 CC   BB05            LDD #$bb05
    137  5+1   A154 ED   E8 7A           STD 122,S
    138  5+1   A157 EC   E8 87           LDD -121,S
    139  5+2   A15A 36   06              PSHU D
    140  2     A15C 84   F0              ANDA #$F0
    141  2     A15E 8A   0B              ORA #$0b
    142  2     A160 C6   EC              LDB #$ec
    143  5+1   A162 ED   E8 87           STD -121,S
    144  5+1   A165 EC   E8 AF           LDD -81,S
    145  5+2   A168 36   06              PSHU D
    146  2     A16A 84   F0              ANDA #$F0
    147  2     A16C 8A   0B              ORA #$0b
    148  2     A16E C6   BB              LDB #$bb
    149  5+1   A170 ED   E8 AF           STD -81,S
    150  5+1   A173 EC   E8 D7           LDD -41,S
    151  5+2   A176 36   06              PSHU D
    152  2     A178 84   F0              ANDA #$F0
    153  2     A17A 8A   0B              ORA #$0b
    154  2     A17C C6   BE              LDB #$be
    155  5+1   A17E ED   E8 D7           STD -41,S
    156  5+1   A181 EC   E8 28           LDD 40,S
    157  5+2   A184 36   06              PSHU D
    158  2     A186 84   F0              ANDA #$F0
    159  2     A188 8A   0B              ORA #$0b
    160  2     A18A C6   B7              LDB #$b7
    161  5+1   A18C ED   E8 28           STD 40,S
    162  5+1   A18F EC   E8 50           LDD 80,S
    163  5+2   A192 36   06              PSHU D
    164  2     A194 84   F0              ANDA #$F0
    165  2     A196 8A   0B              ORA #$0b
    166  2     A198 C6   B7              LDB #$b7
    167  5+1   A19A ED   E8 50           STD 80,S
    168  5+1   A19D EC   E8 78           LDD 120,S
    169  5+2   A1A0 36   06              PSHU D
    170  2     A1A2 84   F0              ANDA #$F0
    171  2     A1A4 8A   0E              ORA #$0e
    172  2     A1A6 C6   B2              LDB #$b2
    173  5+1   A1A8 ED   E8 78           STD 120,S
    174  4+1   A1AB A6   E8 8B           LDA -117,S
    175  5+1   A1AE 36   02              PSHU A
    176  2     A1B0 84   F0              ANDA #$F0
    177  2     A1B2 8A   05              ORA #$05
    178  4+1   A1B4 A7   E8 8B           STA -117,S
    179  4+1   A1B7 A6   E8 B3           LDA -77,S
    180  5+1   A1BA 36   02              PSHU A
    181  2     A1BC 84   F0              ANDA #$F0
    182  2     A1BE 8A   00              ORA #$00
    183  4+1   A1C0 A7   E8 B3           STA -77,S
    184  4+1   A1C3 A6   E8 DB           LDA -37,S
    185  5+1   A1C6 36   02              PSHU A
    186  2     A1C8 84   F0              ANDA #$F0
    187  2     A1CA 8A   05              ORA #$05
    188  4+1   A1CC A7   E8 DB           STA -37,S
    189  3     A1CF CC   EB01            LDD #$eb01
    190  5+1   A1D2 ED   E8 52           STD 82,S
    191  2     A1D5 86   8B              LDA #$8b
    192  5+1   A1D7 ED   E8 2A           STD 42,S
    193  5+1   A1DA EC   E8 89           LDD -119,S
    194  5+2   A1DD 36   06              PSHU D
    195  2     A1DF 86   EE              LDA #$ee
    196  2     A1E1 C4   0F              ANDB #$0F
    197  2     A1E3 CA   70              ORB #$70
    198  5+1   A1E5 ED   E8 89           STD -119,S
    199  5+4   A1E8 35   30              PULS X,Y
    200  5+6   A1EA 36   70              PSHU S,Y,X
    201  3     A1EC CC   BEE0            LDD #$bee0
    202  3     A1EF 8E   8815            LDX #$8815
    203  5+4   A1F2 34   16              PSHS D,X
    204  4+4   A1F4 32   E9 0119         LEAS 281,S
    205
    206  5+1   A1F8 EC   E8 87           LDD -121,S
    207  5+2   A1FB 36   06              PSHU D
    208  2     A1FD 84   F0              ANDA #$F0
    209  2     A1FF 8A   0E              ORA #$0e
    210  2     A201 C6   B8              LDB #$b8
    211  5+1   A203 ED   E8 87           STD -121,S
    212  5+1   A206 AE   E8 89           LDX -119,S
    213  5+2   A209 36   10              PSHU X
    214  3     A20B CC   B415            LDD #$b415
    215  5+1   A20E ED   E8 89           STD -119,S
    216  5+1   A211 EC   E8 B0           LDD -80,S
    217  5+2   A214 36   06              PSHU D
    218  2     A216 84   F0              ANDA #$F0
    219  2     A218 C4   0F              ANDB #$0F
    220  4     A21A C3   08E0            ADDD #$08e0
    221  5+1   A21D ED   E8 B0           STD -80,S
    222  5+1   A220 EC   E8 D8           LDD -40,S
    223  5+2   A223 36   06              PSHU D
    224  2     A225 84   F0              ANDA #$F0
    225  2     A227 C4   0F              ANDB #$0F
    226  4     A229 C3   08E0            ADDD #$08e0
    227  5+1   A22C ED   E8 D8           STD -40,S
    228  4+1   A22F A6   E8 B2           LDA -78,S
    229  4+1   A232 E6   E8 DA           LDB -38,S
    230  5+2   A235 36   06              PSHU B,A
    231  2     A237 C4   F0              ANDB #$F0
    232  2     A239 CA   05              ORB #$05
    233  4+1   A23B E7   E8 DA           STB -38,S
    234  4+0   A23E A6   E4              LDA ,S
    235  5+1   A240 36   02              PSHU A
    236  2     A242 84   F0              ANDA #$F0
    237  2     A244 8A   07              ORA #$07
    238  4+0   A246 A7   E4              STA ,S
    239  4+1   A248 A6   62              LDA 2,S
    240  5+1   A24A 36   02              PSHU A
    241  2     A24C 84   F0              ANDA #$F0
    242  2     A24E 8A   04              ORA #$04
    243  4+1   A250 A7   62              STA 2,S
    244  4+1   A252 A6   E8 28           LDA 40,S
    245  5+1   A255 36   02              PSHU A
    246  2     A257 84   F0              ANDA #$F0
    247  2     A259 8A   08              ORA #$08
    248  4+1   A25B A7   E8 28           STA 40,S
    249  4+1   A25E A6   E8 79           LDA 121,S
    250  5+3   A261 36   42              PSHU S,A
    251  2     A263 84   0F              ANDA #$0F
    252  2     A265 8A   50              ORA #$50
    253  4+1   A267 A7   E8 79           STA 121,S
    254  2     A26A 86   25              LDA #$25
    255  4+1   A26C A7   E8 B2           STA -78,S
    256  4+4   A26F 32   E9 00DD         LEAS 221,S
    257
    258  4+1   A273 A6   E8 C4           LDA -60,S
    259  4+1   A276 E6   E8 EC           LDB -20,S
    260  5+2   A279 36   06              PSHU B,A
    261  5+1   A27B EC   E8 14           LDD 20,S
    262  5+2   A27E 36   06              PSHU D
    263  2     A280 86   55              LDA #$55
    264  2     A282 C4   0F              ANDB #$0F
    265  2     A284 CA   50              ORB #$50
    266  5+1   A286 ED   E8 14           STD 20,S
    267  4+1   A289 A7   E8 C4           STA -60,S
    268  4+1   A28C A7   E8 EC           STA -20,S
    269  4+1   A28F A6   E8 3C           LDA 60,S
    270  5+3   A292 36   42              PSHU S,A
    271  2     A294 84   F0              ANDA #$F0
    272  2     A296 8A   05              ORA #$05
    273  4+1   A298 A7   E8 3C           STA 60,S
    274        A29B               DYN_POS
    275
    276  4     A29B 10CE 0000            LDS #$0000
    277  4+4   A29F 32   E9 0338         LEAS 824,S
    278
    279  4+1   A2A3 A6   E8 C3           LDA -61,S
    280  4+1   A2A6 E6   E8 15           LDB 21,S
    281  5+1   A2A9 AE   E8 EA           LDX -22,S
    282  5+4   A2AC 36   16              PSHU X,B,A
    283  2     A2AE 86   44              LDA #$44
    284  4+1   A2B0 A7   E8 C3           STA -61,S
    285  3     A2B3 CC   EEC4            LDD #$eec4
    286  5+1   A2B6 ED   E8 EA           STD -22,S
    287  5+1   A2B9 EC   E8 12           LDD 18,S
    288  5+2   A2BC 36   06              PSHU D
    289  2     A2BE 84   F0              ANDA #$F0
    290  2     A2C0 8A   0E              ORA #$0e
    291  2     A2C2 C6   CD              LDB #$cd
    292  5+1   A2C4 ED   E8 12           STD 18,S
    293  5+1   A2C7 EC   E8 3A           LDD 58,S
    294  5+2   A2CA 36   06              PSHU D
    295  2     A2CC 84   F0              ANDA #$F0
    296  2     A2CE 8A   0B              ORA #$0b
    297  2     A2D0 C6   D4              LDB #$d4
    298  5+1   A2D2 ED   E8 3A           STD 58,S
    299  2     A2D5 86   66              LDA #$66
    300  4+1   A2D7 A7   E8 15           STA 21,S
    301  5+1   A2DA EC   E8 3C           LDD 60,S
    302  5+4   A2DD 36   46              PSHU S,D
    303  2     A2DF 84   0F              ANDA #$0F
    304  2     A2E1 C4   F0              ANDB #$F0
    305  4     A2E3 C3   6006            ADDD #$6006
    306  5+1   A2E6 ED   E8 3C           STD 60,S
    307  4+4   A2E9 32   E9 00DA         LEAS 218,S
    308
    309  5+1   A2ED EC   E8 88           LDD -120,S
    310  5+2   A2F0 36   06              PSHU D
    311  2     A2F2 84   F0              ANDA #$F0
    312  2     A2F4 8A   0C              ORA #$0c
    313  2     A2F6 C6   44              LDB #$44
    314  5+1   A2F8 ED   E8 88           STD -120,S
    315  5+1   A2FB EC   E8 B0           LDD -80,S
    316  5+2   A2FE 36   06              PSHU D
    317  2     A300 84   F0              ANDA #$F0
    318  2     A302 8A   0C              ORA #$0c
    319  2     A304 C6   00              LDB #$00
    320  5+1   A306 ED   E8 B0           STD -80,S
    321  5+1   A309 EC   E8 B2           LDD -78,S
    322  5+2   A30C 36   06              PSHU D
    323  2     A30E 84   0F              ANDA #$0F
    324  2     A310 8A   80              ORA #$80
    325  2     A312 C6   66              LDB #$66
    326  5+1   A314 ED   E8 B2           STD -78,S
    327  5+1   A317 AE   E8 D8           LDX -40,S
    328  5+2   A31A 36   10              PSHU X
    329  4+1   A31C A6   E8 8A           LDA -118,S
    330  5+1   A31F 36   02              PSHU A
    331  2     A321 84   0F              ANDA #$0F
    332  2     A323 8A   60              ORA #$60
    333  4+1   A325 A7   E8 8A           STA -118,S
    334  3     A328 CC   BC00            LDD #$bc00
    335  5+1   A32B ED   E8 D8           STD -40,S
    336  5+1   A32E EC   E8 DA           LDD -38,S
    337  5+2   A331 36   06              PSHU D
    338  2     A333 84   0F              ANDA #$0F
    339  2     A335 C4   F0              ANDB #$F0
    340  4     A337 C3   8006            ADDD #$8006
    341  5+1   A33A ED   E8 DA           STD -38,S
    342  5+3   A33D 35   12              PULS A,X
    343  5+5   A33F 36   52              PSHU S,X,A
    344  2     A341 86   BD              LDA #$bd
    345  3     A343 8E   0082            LDX #$0082
    346  5+3   A346 34   12              PSHS A,X
    347  4+1   A348 32   E8 28           LEAS 40,S
    348
    349  4+1   A34B A6   64              LDA 4,S
    350  5+1   A34D 36   02              PSHU A
    351  2     A34F 84   0F              ANDA #$0F
    352  2     A351 8A   40              ORA #$40
    353  4+1   A353 A7   64              STA 4,S
    354  5+3   A355 35   12              PULS A,X
    355  5+5   A357 36   52              PSHU S,X,A
    356  2     A359 86   CC              LDA #$cc
    357  3     A35B 8E   0083            LDX #$0083
    358  5+3   A35E 34   12              PSHS A,X
    359  4+1   A360 32   E8 28           LEAS 40,S
    360
    361  4+1   A363 A6   64              LDA 4,S
    362  5+1   A365 36   02              PSHU A
    363  2     A367 84   0F              ANDA #$0F
    364  2     A369 8A   40              ORA #$40
    365  4+1   A36B A7   64              STA 4,S
    366  5+3   A36D 35   12              PULS A,X
    367  5+5   A36F 36   52              PSHU S,X,A
    368  2     A371 86   CE              LDA #$ce
    369  3     A373 8E   DD83            LDX #$dd83
    370  5+3   A376 34   12              PSHS A,X
    371  4+1   A378 32   E8 28           LEAS 40,S
    372
    373  4+1   A37B A6   64              LDA 4,S
    374  5+1   A37D 36   02              PSHU A
    375  2     A37F 84   0F              ANDA #$0F
    376  2     A381 8A   40              ORA #$40
    377  4+1   A383 A7   64              STA 4,S
    378  5+3   A385 35   12              PULS A,X
    379  5+5   A387 36   52              PSHU S,X,A
    380  2     A389 86   C7              LDA #$c7
    381  3     A38B 8E   CC62            LDX #$cc62
    382  5+3   A38E 34   12              PSHS A,X
    383  4+1   A390 32   E8 28           LEAS 40,S
    384
    385  4+1   A393 A6   64              LDA 4,S
    386  5+1   A395 36   02              PSHU A
    387  2     A397 84   0F              ANDA #$0F
    388  2     A399 8A   60              ORA #$60
    389  4+1   A39B A7   64              STA 4,S
    390  5+3   A39D 35   12              PULS A,X
    391  5+5   A39F 36   52              PSHU S,X,A
    392  2     A3A1 86   E7              LDA #$e7
    393  3     A3A3 8E   DC63            LDX #$dc63
    394  5+3   A3A6 34   12              PSHS A,X
    395  4+1   A3A8 32   E8 28           LEAS 40,S
    396
    397  4+1   A3AB A6   64              LDA 4,S
    398  5+1   A3AD 36   02              PSHU A
    399  2     A3AF 84   0F              ANDA #$0F
    400  2     A3B1 8A   60              ORA #$60
    401  4+1   A3B3 A7   64              STA 4,S
    402  5+3   A3B5 35   12              PULS A,X
    403  5+5   A3B7 36   52              PSHU S,X,A
    404  2     A3B9 86   E8              LDA #$e8
    405  3     A3BB 8E   DB63            LDX #$db63
    406  5+3   A3BE 34   12              PSHS A,X
    407  4+1   A3C0 32   E8 28           LEAS 40,S
    408
    409  4+1   A3C3 A6   64              LDA 4,S
    410  5+1   A3C5 36   02              PSHU A
    411  2     A3C7 84   0F              ANDA #$0F
    412  2     A3C9 8A   50              ORA #$50
    413  4+1   A3CB A7   64              STA 4,S
    414  5+3   A3CD 35   12              PULS A,X
    415  5+5   A3CF 36   52              PSHU S,X,A
    416  2     A3D1 86   BE              LDA #$be
    417  3     A3D3 8E   CB12            LDX #$cb12
    418  5+3   A3D6 34   12              PSHS A,X
    419  4+1   A3D8 32   E8 28           LEAS 40,S
    420
    421  4+1   A3DB A6   64              LDA 4,S
    422  5+1   A3DD 36   02              PSHU A
    423  2     A3DF 84   0F              ANDA #$0F
    424  2     A3E1 8A   50              ORA #$50
    425  4+1   A3E3 A7   64              STA 4,S
    426  5+3   A3E5 35   12              PULS A,X
    427  5+5   A3E7 36   52              PSHU S,X,A
    428  2     A3E9 86   BE              LDA #$be
    429  3     A3EB 8E   BE01            LDX #$be01
    430  5+3   A3EE 34   12              PSHS A,X
    431  4+1   A3F0 32   E8 28           LEAS 40,S
    432
    433  4+1   A3F3 A6   64              LDA 4,S
    434  5+1   A3F5 36   02              PSHU A
    435  2     A3F7 84   0F              ANDA #$0F
    436  2     A3F9 8A   10              ORA #$10
    437  4+1   A3FB A7   64              STA 4,S
    438  5+3   A3FD 35   12              PULS A,X
    439  5+5   A3FF 36   52              PSHU S,X,A
    440  2     A401 86   BE              LDA #$be
    441  3     A403 8E   EE01            LDX #$ee01
    442  5+3   A406 34   12              PSHS A,X
    443  4+1   A408 32   E8 28           LEAS 40,S
    444
    445  5+1   A40B EC   E8 28           LDD 40,S
    446  5+2   A40E 36   06              PSHU D
    447  2     A410 84   0F              ANDA #$0F
    448  2     A412 8A   B0              ORA #$b0
    449  2     A414 C6   EE              LDB #$ee
    450  5+1   A416 ED   E8 28           STD 40,S
    451  5+1   A419 EC   E8 50           LDD 80,S
    452  5+2   A41C 36   06              PSHU D
    453  2     A41E 84   0F              ANDA #$0F
    454  2     A420 8A   E0              ORA #$e0
    455  2     A422 C6   EE              LDB #$ee
    456  5+1   A424 ED   E8 50           STD 80,S
    457  4+1   A427 A6   64              LDA 4,S
    458  5+1   A429 36   02              PSHU A
    459  2     A42B 84   0F              ANDA #$0F
    460  2     A42D 8A   10              ORA #$10
    461  4+1   A42F A7   64              STA 4,S
    462  4+1   A431 A6   E8 2C           LDA 44,S
    463  5+1   A434 36   02              PSHU A
    464  2     A436 84   0F              ANDA #$0F
    465  2     A438 8A   50              ORA #$50
    466  4+1   A43A A7   E8 2C           STA 44,S
    467  4+1   A43D A6   E8 54           LDA 84,S
    468  5+1   A440 36   02              PSHU A
    469  2     A442 84   0F              ANDA #$0F
    470  2     A444 8A   50              ORA #$50
    471  4+1   A446 A7   E8 54           STA 84,S
    472  4+1   A449 A6   E8 7C           LDA 124,S
    473  5+1   A44C 36   02              PSHU A
    474  2     A44E 84   0F              ANDA #$0F
    475  2     A450 8A   50              ORA #$50
    476  4+1   A452 A7   E8 7C           STA 124,S
    477  5+1   A455 EC   E8 2A           LDD 42,S
    478  5+2   A458 36   06              PSHU D
    479  2     A45A 86   01              LDA #$01
    480  2     A45C C4   0F              ANDB #$0F
    481  2     A45E CA   B0              ORB #$b0
    482  5+1   A460 ED   E8 2A           STD 42,S
    483  5+1   A463 EC   E8 7A           LDD 122,S
    484  5+2   A466 36   06              PSHU D
    485  2     A468 86   23              LDA #$23
    486  2     A46A C4   F0              ANDB #$F0
    487  2     A46C CA   0B              ORB #$0b
    488  5+1   A46E ED   E8 7A           STD 122,S
    489  5+1   A471 AE   E8 52           LDX 82,S
    490  5+2   A474 36   10              PSHU X
    491  3     A476 CC   12BB            LDD #$12bb
    492  5+1   A479 ED   E8 52           STD 82,S
    493  5+1   A47C EC   E8 78           LDD 120,S
    494  5+2   A47F 36   06              PSHU D
    495  2     A481 84   0F              ANDA #$0F
    496  2     A483 C4   0F              ANDB #$0F
    497  4     A485 C3   E0E0            ADDD #$e0e0
    498  5+1   A488 ED   E8 78           STD 120,S
    499  5+3   A48B 35   12              PULS A,X
    500  5+5   A48D 36   52              PSHU S,X,A
    501  2     A48F 86   BE              LDA #$be
    502  3     A491 8E   EE01            LDX #$ee01
    503  5+3   A494 34   12              PSHS A,X
    504  4+4   A496 32   E9 0119         LEAS 281,S
    505
    506  5+1   A49A EC   E8 87           LDD -121,S
    507  5+2   A49D 36   06              PSHU D
    508  2     A49F 84   0F              ANDA #$0F
    509  2     A4A1 C4   0F              ANDB #$0F
    510  4     A4A3 C3   E0E0            ADDD #$e0e0
    511  5+1   A4A6 ED   E8 87           STD -121,S
    512  5+1   A4A9 EC   E8 AF           LDD -81,S
    513  5+2   A4AC 36   06              PSHU D
    514  2     A4AE 84   0F              ANDA #$0F
    515  2     A4B0 C4   0F              ANDB #$0F
    516  4     A4B2 C3   E0E0            ADDD #$e0e0
    517  5+1   A4B5 ED   E8 AF           STD -81,S
    518  4+1   A4B8 A6   E8 51           LDA 81,S
    519  4+1   A4BB E6   61              LDB 1,S
    520  5+2   A4BD 36   06              PSHU B,A
    521  5+1   A4BF EC   E8 89           LDD -119,S
    522  5+2   A4C2 36   06              PSHU D
    523  2     A4C4 86   01              LDA #$01
    524  2     A4C6 C4   F0              ANDB #$F0
    525  2     A4C8 CA   0B              ORB #$0b
    526  5+1   A4CA ED   E8 89           STD -119,S
    527  4+1   A4CD A6   E8 B1           LDA -79,S
    528  4+1   A4D0 E6   E8 29           LDB 41,S
    529  5+2   A4D3 36   06              PSHU B,A
    530  5+1   A4D5 EC   E8 D8           LDD -40,S
    531  5+2   A4D8 36   06              PSHU D
    532  2     A4DA 84   0F              ANDA #$0F
    533  2     A4DC 8A   E0              ORA #$e0
    534  2     A4DE C6   55              LDB #$55
    535  5+1   A4E0 ED   E8 D8           STD -40,S
    536  2     A4E3 86   5E              LDA #$5e
    537  4+1   A4E5 A7   E8 B1           STA -79,S
    538  4+1   A4E8 A6   E8 79           LDA 121,S
    539  4+1   A4EB E7   61              STB 1,S
    540  4+1   A4ED E7   E8 29           STB 41,S
    541  4+1   A4F0 E7   E8 51           STB 81,S
    542  4+1   A4F3 E7   E8 79           STB 121,S
    543  4+1   A4F6 E6   E8 8B           LDB -117,S
    544  5+2   A4F9 36   06              PSHU B,A
    545  2     A4FB C4   0F              ANDB #$0F
    546  2     A4FD CA   50              ORB #$50
    547  4+1   A4FF E7   E8 8B           STB -117,S
    548  4+1   A502 A6   E8 B3           LDA -77,S
    549  5+1   A505 36   02              PSHU A
    550  2     A507 84   0F              ANDA #$0F
    551  2     A509 8A   50              ORA #$50
    552  4+1   A50B A7   E8 B3           STA -77,S
    553  4+1   A50E A6   E8 DB           LDA -37,S
    554  5+1   A511 36   02              PSHU A
    555  2     A513 84   0F              ANDA #$0F
    556  2     A515 8A   40              ORA #$40
    557  4+1   A517 A7   E8 DB           STA -37,S
    558  4+1   A51A A6   63              LDA 3,S
    559  5+3   A51C 36   42              PSHU S,A
    560  2     A51E 84   0F              ANDA #$0F
    561  2     A520 8A   40              ORA #$40
    562  4+1   A522 A7   63              STA 3,S
    563  4+4   A524 32   E9 00DE         LEAS 222,S
    564
    565  4+1   A528 A6   E8 C3           LDA -61,S
    566  5+1   A52B 36   02              PSHU A
    567  2     A52D 84   F0              ANDA #$F0
    568  2     A52F 8A   05              ORA #$05
    569  4+1   A531 A7   E8 C3           STA -61,S
    570  5+1   A534 EC   E8 EB           LDD -21,S
    571  5+2   A537 36   06              PSHU D
    572  2     A539 84   F0              ANDA #$F0
    573  2     A53B C4   0F              ANDB #$0F
    574  4     A53D C3   0550            ADDD #$0550
    575  5+1   A540 ED   E8 EB           STD -21,S
    576  4+1   A543 A6   E8 14           LDA 20,S
    577  4+1   A546 E6   E8 3C           LDB 60,S
    578  5+4   A549 36   46              PSHU S,B,A
    579  2     A54B 86   55              LDA #$55
    580  4+1   A54D A7   E8 14           STA 20,S
    581  4+1   A550 A7   E8 3C           STA 60,S
    582        A553               SSAV_Img_Sonic_056
    583  4     A553 10CE 0000            LDS #$0000
    584  5     A557 39                   RTS
    585

000000 Total Errors

000003 Total Symbols
     0x          Label A000 BCKDRAW_Img_Sonic_056
     1x          Label A29B DYN_POS
     1x          Label A553 SSAV_Img_Sonic_056

