/*--------------------------------------------------------------*
 * Compilé avec C6809 v0.83                                     *
 *--------------------------------------------------------------*
 * Fichier source      : ./Sonic2/GeneratedCode/Img_Sonic_107_BckDraw.ASM
 * Fichier destination : ./Sonic2/GeneratedCode/Img_Sonic_107_BckDraw.BIN
 * Contenu :
 *     Main     0:IMGD.ASM     6597
 *--------------------------------------------------------------*/

Macro Pass
Pass1
Pass2
      2        A000                      ORG $A000
      3                  FF              SETDP $FF
      4        A000               BCKDRAW_Img_Sonic_107
      5  6+5   A000 10EF 8D 0516         STS SSAV_Img_Sonic_107+2,PCR
      6
      7  5+5   A005 ED   8D 02B1         STD DYN_POS+2,PCR
      8  6+0   A009 10EE A4              LDS ,Y
      9  4+4   A00C 32   E9 0234         LEAS 564,S
     10
     11  5+1   A010 EC   E8 87           LDD -121,S
     12  5+2   A013 36   06              PSHU D
     13  2     A015 84   0F              ANDA #$0F
     14  2     A017 C4   0F              ANDB #$0F
     15  4     A019 C3   3030            ADDD #$3030
     16  5+1   A01C ED   E8 87           STD -121,S
     17  5+1   A01F EC   E8 AF           LDD -81,S
     18  5+2   A022 36   06              PSHU D
     19  2     A024 84   0F              ANDA #$0F
     20  2     A026 C4   0F              ANDB #$0F
     21  4     A028 C3   0010            ADDD #$0010
     22  5+1   A02B ED   E8 AF           STD -81,S
     23  5+1   A02E EC   E8 D7           LDD -41,S
     24  5+2   A031 36   06              PSHU D
     25  2     A033 84   0F              ANDA #$0F
     26  2     A035 C4   0F              ANDB #$0F
     27  4     A037 C3   3030            ADDD #$3030
     28  5+1   A03A ED   E8 D7           STD -41,S
     29  5+1   A03D EC   7F              LDD -1,S
     30  5+2   A03F 36   06              PSHU D
     31  2     A041 84   0F              ANDA #$0F
     32  2     A043 C4   0F              ANDB #$0F
     33  4     A045 C3   3030            ADDD #$3030
     34  5+1   A048 ED   7F              STD -1,S
     35  5+1   A04A EC   E8 27           LDD 39,S
     36  5+2   A04D 36   06              PSHU D
     37  2     A04F 86   23              LDA #$23
     38  2     A051 C4   0F              ANDB #$0F
     39  2     A053 CA   30              ORB #$30
     40  5+1   A055 ED   E8 27           STD 39,S
     41  5+1   A058 EC   E8 4F           LDD 79,S
     42  5+2   A05B 36   06              PSHU D
     43  2     A05D 86   13              LDA #$13
     44  2     A05F C4   0F              ANDB #$0F
     45  2     A061 CA   E0              ORB #$e0
     46  5+1   A063 ED   E8 4F           STD 79,S
     47  5+1   A066 AE   E8 76           LDX 118,S
     48  5+2   A069 36   10              PSHU X
     49  3     A06B CC   CC13            LDD #$cc13
     50  5+1   A06E ED   E8 76           STD 118,S
     51  4+1   A071 A6   E8 78           LDA 120,S
     52  5+3   A074 36   42              PSHU S,A
     53  2     A076 84   0F              ANDA #$0F
     54  2     A078 8A   E0              ORA #$e0
     55  4+1   A07A A7   E8 78           STA 120,S
     56  4+4   A07D 32   E9 0117         LEAS 279,S
     57
     58  5+1   A081 EC   E8 AE           LDD -82,S
     59  5+2   A084 36   06              PSHU D
     60  2     A086 84   F0              ANDA #$F0
     61  2     A088 8A   0C              ORA #$0c
     62  2     A08A C6   BB              LDB #$bb
     63  5+1   A08C ED   E8 AE           STD -82,S
     64  5+1   A08F EC   E8 27           LDD 39,S
     65  5+2   A092 36   06              PSHU D
     66  2     A094 84   F0              ANDA #$F0
     67  2     A096 8A   0E              ORA #$0e
     68  2     A098 C6   CD              LDB #$cd
     69  5+1   A09A ED   E8 27           STD 39,S
     70  5+1   A09D EC   E8 4F           LDD 79,S
     71  5+2   A0A0 36   06              PSHU D
     72  2     A0A2 84   F0              ANDA #$F0
     73  2     A0A4 8A   0C              ORA #$0c
     74  2     A0A6 C6   C1              LDB #$c1
     75  5+1   A0A8 ED   E8 4F           STD 79,S
     76  5+1   A0AB AE   7F              LDX -1,S
     77  3     A0AD CC   EECC            LDD #$eecc
     78  5+1   A0B0 ED   7F              STD -1,S
     79  6+1   A0B2 10AE E8 77           LDY 119,S
     80  5+4   A0B6 36   30              PSHU Y,X
     81  5+1   A0B8 EC   E8 D7           LDD -41,S
     82  5+1   A0BB AE   E8 87           LDX -121,S
     83  5+4   A0BE 36   16              PSHU X,D
     84  3     A0C0 CC   BBCD            LDD #$bbcd
     85  5+1   A0C3 ED   E8 D7           STD -41,S
     86  2     A0C6 C6   D0              LDB #$d0
     87  5+1   A0C8 ED   E8 77           STD 119,S
     88  5+1   A0CB EC   E8 B0           LDD -80,S
     89  5+2   A0CE 36   06              PSHU D
     90  2     A0D0 86   3C              LDA #$3c
     91  2     A0D2 C4   0F              ANDB #$0F
     92  2     A0D4 CA   E0              ORB #$e0
     93  5+1   A0D6 ED   E8 B0           STD -80,S
     94  3     A0D9 CC   CC3C            LDD #$cc3c
     95  5+1   A0DC ED   E8 87           STD -121,S
     96  4+1   A0DF A6   E8 89           LDA -119,S
     97  5+1   A0E2 36   02              PSHU A
     98  2     A0E4 84   0F              ANDA #$0F
     99  2     A0E6 8A   E0              ORA #$e0
    100  4+1   A0E8 A7   E8 89           STA -119,S
    101  4+1   A0EB A6   E8 D9           LDA -39,S
    102  5+1   A0EE 36   02              PSHU A
    103  2     A0F0 84   0F              ANDA #$0F
    104  2     A0F2 8A   B0              ORA #$b0
    105  4+1   A0F4 A7   E8 D9           STA -39,S
    106  4+1   A0F7 A6   61              LDA 1,S
    107  5+1   A0F9 36   02              PSHU A
    108  2     A0FB 84   0F              ANDA #$0F
    109  2     A0FD 8A   C0              ORA #$c0
    110  4+1   A0FF A7   61              STA 1,S
    111  4+1   A101 A6   E8 29           LDA 41,S
    112  5+1   A104 36   02              PSHU A
    113  2     A106 84   0F              ANDA #$0F
    114  2     A108 8A   C0              ORA #$c0
    115  4+1   A10A A7   E8 29           STA 41,S
    116  4+1   A10D A6   E8 51           LDA 81,S
    117  5+1   A110 36   02              PSHU A
    118  2     A112 84   0F              ANDA #$0F
    119  2     A114 8A   C0              ORA #$c0
    120  4+1   A116 A7   E8 51           STA 81,S
    121  4+1   A119 A6   E8 79           LDA 121,S
    122  5+3   A11C 36   42              PSHU S,A
    123  2     A11E 84   0F              ANDA #$0F
    124  2     A120 8A   40              ORA #$40
    125  4+1   A122 A7   E8 79           STA 121,S
    126  4+4   A125 32   E9 0117         LEAS 279,S
    127
    128  5+1   A129 AE   E8 D8           LDX -40,S
    129  6+0   A12C 10AE E4              LDY ,S
    130  5+4   A12F 36   30              PSHU Y,X
    131  5+1   A131 EC   E8 B0           LDD -80,S
    132  5+1   A134 AE   E8 50           LDX 80,S
    133  6+1   A137 10AE E8 88           LDY -120,S
    134  5+6   A13B 36   36              PSHU Y,X,D
    135  5+1   A13D EC   E8 29           LDD 41,S
    136  5+2   A140 36   06              PSHU D
    137  2     A142 86   87              LDA #$87
    138  2     A144 C4   0F              ANDB #$0F
    139  2     A146 CA   40              ORB #$40
    140  5+1   A148 ED   E8 29           STD 41,S
    141  5+1   A14B EC   E8 27           LDD 39,S
    142  5+2   A14E 36   06              PSHU D
    143  2     A150 84   F0              ANDA #$F0
    144  2     A152 8A   0E              ORA #$0e
    145  2     A154 C6   EE              LDB #$ee
    146  5+1   A156 ED   E8 27           STD 39,S
    147  5+1   A159 EC   E8 78           LDD 120,S
    148  5+2   A15C 36   06              PSHU D
    149  2     A15E 84   F0              ANDA #$F0
    150  2     A160 8A   0E              ORA #$0e
    151  2     A162 C6   77              LDB #$77
    152  5+1   A164 ED   E8 78           STD 120,S
    153  3     A167 CC   BED0            LDD #$bed0
    154  5+1   A16A ED   E8 88           STD -120,S
    155  2     A16D 86   CE              LDA #$ce
    156  5+1   A16F ED   E8 B0           STD -80,S
    157  5+1   A172 ED   E8 D8           STD -40,S
    158  4+1   A175 A6   E8 8A           LDA -118,S
    159  5+1   A178 36   02              PSHU A
    160  2     A17A 84   0F              ANDA #$0F
    161  2     A17C 8A   40              ORA #$40
    162  4+1   A17E A7   E8 8A           STA -118,S
    163  4+1   A181 A6   E8 B2           LDA -78,S
    164  5+1   A184 36   02              PSHU A
    165  2     A186 84   0F              ANDA #$0F
    166  2     A188 8A   40              ORA #$40
    167  4+1   A18A A7   E8 B2           STA -78,S
    168  4+1   A18D A6   E8 DA           LDA -38,S
    169  5+1   A190 36   02              PSHU A
    170  2     A192 84   0F              ANDA #$0F
    171  2     A194 8A   30              ORA #$30
    172  4+1   A196 A7   E8 DA           STA -38,S
    173  4+1   A199 A6   62              LDA 2,S
    174  5+1   A19B 36   02              PSHU A
    175  2     A19D 84   0F              ANDA #$0F
    176  2     A19F 8A   20              ORA #$20
    177  4+1   A1A1 A7   62              STA 2,S
    178  4+1   A1A3 A6   E8 52           LDA 82,S
    179  5+3   A1A6 36   42              PSHU S,A
    180  2     A1A8 84   0F              ANDA #$0F
    181  2     A1AA 8A   80              ORA #$80
    182  4+1   A1AC A7   E8 52           STA 82,S
    183  3     A1AF CC   EEC0            LDD #$eec0
    184  5+0   A1B2 ED   E4              STD ,S
    185  2     A1B4 C6   77              LDB #$77
    186  5+1   A1B6 ED   E8 50           STD 80,S
    187  4+4   A1B9 32   E9 0119         LEAS 281,S
    188
    189  5+1   A1BD EC   E8 78           LDD 120,S
    190  5+2   A1C0 36   06              PSHU D
    191  2     A1C2 86   DD              LDA #$dd
    192  2     A1C4 C4   0F              ANDB #$0F
    193  2     A1C6 CA   E0              ORB #$e0
    194  5+1   A1C8 ED   E8 78           STD 120,S
    195  4+1   A1CB A6   E8 50           LDA 80,S
    196  5+1   A1CE AE   E8 AF           LDX -81,S
    197  6+1   A1D1 10AE E8 87           LDY -121,S
    198  5+5   A1D5 36   32              PSHU Y,X,A
    199  5+1   A1D7 EC   7F              LDD -1,S
    200  5+1   A1D9 AE   E8 27           LDX 39,S
    201  6+1   A1DC 10AE E8 D7           LDY -41,S
    202  5+8   A1E0 36   76              PSHU S,Y,X,D
    203  2     A1E2 86   87              LDA #$87
    204  4+1   A1E4 A7   E8 50           STA 80,S
    205  3     A1E7 CC   CE48            LDD #$ce48
    206  5+1   A1EA ED   E8 D7           STD -41,S
    207  3     A1ED CC   EE80            LDD #$ee80
    208  5+1   A1F0 ED   7F              STD -1,S
    209  5+1   A1F2 ED   E8 27           STD 39,S
    210  3     A1F5 CC   BC44            LDD #$bc44
    211  5+1   A1F8 ED   E8 AF           STD -81,S
    212  2     A1FB C6   88              LDB #$88
    213  5+1   A1FD ED   E8 87           STD -121,S
    214  4+4   A200 32   E9 0119         LEAS 281,S
    215
    216  5+1   A204 AE   E8 87           LDX -121,S
    217  6+1   A207 10AE E8 78           LDY 120,S
    218  5+4   A20B 36   30              PSHU Y,X
    219  5+1   A20D EC   E8 AF           LDD -81,S
    220  5+1   A210 AE   E8 50           LDX 80,S
    221  6+1   A213 10AE E8 28           LDY 40,S
    222  5+6   A217 36   36              PSHU Y,X,D
    223  5+0   A219 EC   E4              LDD ,S
    224  5+2   A21B 36   06              PSHU D
    225  2     A21D 86   05              LDA #$05
    226  2     A21F C4   F0              ANDB #$F0
    227  2     A221 CA   05              ORB #$05
    228  5+0   A223 ED   E4              STD ,S
    229  3     A225 CC   4666            LDD #$4666
    230  5+1   A228 ED   E8 78           STD 120,S
    231  2     A22B 86   16              LDA #$16
    232  5+1   A22D ED   E8 50           STD 80,S
    233  5+1   A230 EC   E8 D6           LDD -42,S
    234  5+2   A233 36   06              PSHU D
    235  2     A235 84   F0              ANDA #$F0
    236  2     A237 C4   0F              ANDB #$0F
    237  4     A239 C3   0C40            ADDD #$0c40
    238  5+1   A23C ED   E8 D6           STD -42,S
    239  5+1   A23F EC   E8 D8           LDD -40,S
    240  5+2   A242 36   06              PSHU D
    241  2     A244 84   F0              ANDA #$F0
    242  2     A246 C4   0F              ANDB #$0F
    243  4     A248 C3   0540            ADDD #$0540
    244  5+1   A24B ED   E8 D8           STD -40,S
    245  3     A24E CC   CC4E            LDD #$cc4e
    246  5+1   A251 ED   E8 87           STD -121,S
    247  2     A254 86   EE              LDA #$ee
    248  5+1   A256 ED   E8 AF           STD -81,S
    249  3     A259 CC   0416            LDD #$0416
    250  5+1   A25C ED   E8 28           STD 40,S
    251  4+1   A25F A6   E8 89           LDA -119,S
    252  5+1   A262 36   02              PSHU A
    253  2     A264 84   0F              ANDA #$0F
    254  2     A266 8A   40              ORA #$40
    255  4+1   A268 A7   E8 89           STA -119,S
    256  4+1   A26B A6   E8 B1           LDA -79,S
    257  5+1   A26E 36   02              PSHU A
    258  2     A270 84   0F              ANDA #$0F
    259  2     A272 8A   40              ORA #$40
    260  4+1   A274 A7   E8 B1           STA -79,S
    261  4+1   A277 A6   7E              LDA -2,S
    262  5+3   A279 36   42              PSHU S,A
    263  2     A27B 84   F0              ANDA #$F0
    264  2     A27D 8A   0E              ORA #$0e
    265  4+1   A27F A7   7E              STA -2,S
    266  4+4   A281 32   E9 00DC         LEAS 220,S
    267
    268  5+1   A285 AE   E8 C4           LDX -60,S
    269  5+2   A288 36   10              PSHU X
    270  3     A28A CC   6664            LDD #$6664
    271  5+1   A28D ED   E8 C4           STD -60,S
    272  4+1   A290 A6   E8 3C           LDA 60,S
    273  5+1   A293 36   02              PSHU A
    274  2     A295 84   0F              ANDA #$0F
    275  2     A297 8A   40              ORA #$40
    276  4+1   A299 A7   E8 3C           STA 60,S
    277  5+1   A29C EC   E8 EC           LDD -20,S
    278  5+2   A29F 36   06              PSHU D
    279  2     A2A1 86   66              LDA #$66
    280  2     A2A3 C4   0F              ANDB #$0F
    281  2     A2A5 CA   60              ORB #$60
    282  5+1   A2A7 ED   E8 EC           STD -20,S
    283  5+1   A2AA EC   E8 14           LDD 20,S
    284  5+4   A2AD 36   46              PSHU S,D
    285  2     A2AF 86   64              LDA #$64
    286  2     A2B1 C4   0F              ANDB #$0F
    287  2     A2B3 CA   40              ORB #$40
    288  5+1   A2B5 ED   E8 14           STD 20,S
    289        A2B8               DYN_POS
    290
    291  4     A2B8 10CE 0000            LDS #$0000
    292  4+4   A2BC 32   E9 020B         LEAS 523,S
    293
    294  5+1   A2C0 EC   E8 B0           LDD -80,S
    295  5+2   A2C3 36   06              PSHU D
    296  2     A2C5 84   F0              ANDA #$F0
    297  2     A2C7 C4   F0              ANDB #$F0
    298  4     A2C9 C3   0303            ADDD #$0303
    299  5+1   A2CC ED   E8 B0           STD -80,S
    300  5+1   A2CF EC   E8 D8           LDD -40,S
    301  5+2   A2D2 36   06              PSHU D
    302  2     A2D4 86   30              LDA #$30
    303  2     A2D6 C4   F0              ANDB #$F0
    304  2     A2D8 CA   01              ORB #$01
    305  5+1   A2DA ED   E8 D8           STD -40,S
    306  5+0   A2DD AE   E4              LDX ,S
    307  6+1   A2DF 10AE E8 28           LDY 40,S
    308  5+4   A2E3 36   30              PSHU Y,X
    309  3     A2E5 CC   0333            LDD #$0333
    310  5+0   A2E8 ED   E4              STD ,S
    311  5+1   A2EA ED   E8 28           STD 40,S
    312  5+1   A2ED EC   E8 50           LDD 80,S
    313  5+4   A2F0 36   46              PSHU S,D
    314  3     A2F2 CC   1331            LDD #$1331
    315  5+1   A2F5 ED   E8 50           STD 80,S
    316  4+4   A2F8 32   E9 00EF         LEAS 239,S
    317
    318  4+1   A2FC A6   E8 DA           LDA -38,S
    319  4+1   A2FF E6   E8 2A           LDB 42,S
    320  5+1   A302 AE   E8 89           LDX -119,S
    321  6+1   A305 10AE E8 51           LDY 81,S
    322  5+6   A309 36   36              PSHU Y,X,B,A
    323  5+1   A30B EC   E8 79           LDD 121,S
    324  5+1   A30E AE   E8 B1           LDX -79,S
    325  5+4   A311 36   16              PSHU X,D
    326  3     A313 CC   3333            LDD #$3333
    327  5+1   A316 ED   E8 B1           STD -79,S
    328  3     A319 CC   B7CD            LDD #$b7cd
    329  5+1   A31C ED   E8 79           STD 121,S
    330  2     A31F 86   C8              LDA #$c8
    331  5+1   A321 ED   E8 51           STD 81,S
    332  3     A324 CC   3031            LDD #$3031
    333  5+1   A327 ED   E8 89           STD -119,S
    334  5+1   A32A EC   E8 D8           LDD -40,S
    335  5+2   A32D 36   06              PSHU D
    336  2     A32F 84   F0              ANDA #$F0
    337  2     A331 8A   0C              ORA #$0c
    338  2     A333 C6   20              LDB #$20
    339  5+1   A335 ED   E8 D8           STD -40,S
    340  5+1   A338 EC   E8 28           LDD 40,S
    341  5+2   A33B 36   06              PSHU D
    342  2     A33D 84   F0              ANDA #$F0
    343  2     A33F 8A   0E              ORA #$0e
    344  2     A341 C6   C1              LDB #$c1
    345  5+1   A343 ED   E8 28           STD 40,S
    346  2     A346 86   DD              LDA #$dd
    347  4+1   A348 A7   E8 2A           STA 42,S
    348  2     A34B 86   BE              LDA #$be
    349  4+1   A34D A7   E8 DA           STA -38,S
    350  5+3   A350 35   12              PULS A,X
    351  5+5   A352 36   52              PSHU S,X,A
    352  2     A354 86   BB              LDA #$bb
    353  3     A356 8E   20DC            LDX #$20dc
    354  5+3   A359 34   12              PSHS A,X
    355  4+4   A35B 32   E9 00A1         LEAS 161,S
    356
    357  5+0   A35F AE   E4              LDX ,S
    358  5+4   A361 36   50              PSHU S,X
    359  3     A363 CC   674C            LDD #$674c
    360  5+0   A366 ED   E4              STD ,S
    361  4+4   A368 32   E9 009F         LEAS 159,S
    362
    363  4+1   A36C A6   E8 DA           LDA -38,S
    364  5+1   A36F AE   E8 89           LDX -119,S
    365  6+1   A372 10AE E8 B1           LDY -79,S
    366  5+5   A376 36   32              PSHU Y,X,A
    367  3     A378 CC   683D            LDD #$683d
    368  5+1   A37B ED   E8 89           STD -119,S
    369  2     A37E C6   31              LDB #$31
    370  5+1   A380 ED   E8 B1           STD -79,S
    371  5+1   A383 EC   E8 D8           LDD -40,S
    372  5+2   A386 36   06              PSHU D
    373  2     A388 84   F0              ANDA #$F0
    374  2     A38A 8A   0B              ORA #$0b
    375  2     A38C C6   68              LDB #$68
    376  5+1   A38E ED   E8 D8           STD -40,S
    377  2     A391 86   30              LDA #$30
    378  4+1   A393 A7   E8 DA           STA -38,S
    379  5+3   A396 35   12              PULS A,X
    380  5+5   A398 36   52              PSHU S,X,A
    381  2     A39A 86   BB              LDA #$bb
    382  3     A39C 8E   6830            LDX #$6830
    383  5+3   A39F 34   12              PSHS A,X
    384  4+1   A3A1 32   E8 28           LEAS 40,S
    385
    386  5+3   A3A4 35   12              PULS A,X
    387  5+5   A3A6 36   52              PSHU S,X,A
    388  2     A3A8 86   CE              LDA #$ce
    389  3     A3AA 8E   6800            LDX #$6800
    390  5+3   A3AD 34   12              PSHS A,X
    391  4+1   A3AF 32   E8 28           LEAS 40,S
    392
    393  5+1   A3B2 AE   E8 29           LDX 41,S
    394  3     A3B5 CC   6777            LDD #$6777
    395  5+1   A3B8 ED   E8 29           STD 41,S
    396  6+1   A3BB 10AE E8 51           LDY 81,S
    397  5+4   A3BF 36   30              PSHU Y,X
    398  2     A3C1 C6   78              LDB #$78
    399  5+1   A3C3 ED   E8 51           STD 81,S
    400  5+1   A3C6 EC   E8 79           LDD 121,S
    401  5+2   A3C9 36   06              PSHU D
    402  2     A3CB 86   E7              LDA #$e7
    403  2     A3CD C4   0F              ANDB #$0F
    404  2     A3CF CA   80              ORB #$80
    405  5+1   A3D1 ED   E8 79           STD 121,S
    406  5+3   A3D4 35   12              PULS A,X
    407  5+5   A3D6 36   52              PSHU S,X,A
    408  2     A3D8 86   EE              LDA #$ee
    409  3     A3DA 8E   6708            LDX #$6708
    410  5+3   A3DD 34   12              PSHS A,X
    411  4+4   A3DF 32   E9 00DE         LEAS 222,S
    412
    413  4+1   A3E3 A6   E8 C3           LDA -61,S
    414  4+1   A3E6 E6   E8 14           LDB 20,S
    415  5+2   A3E9 36   06              PSHU B,A
    416  2     A3EB C4   0F              ANDB #$0F
    417  2     A3ED CA   80              ORB #$80
    418  4+1   A3EF E7   E8 14           STB 20,S
    419  4+1   A3F2 A6   E8 3C           LDA 60,S
    420  5+1   A3F5 36   02              PSHU A
    421  2     A3F7 84   0F              ANDA #$0F
    422  2     A3F9 8A   70              ORA #$70
    423  4+1   A3FB A7   E8 3C           STA 60,S
    424  5+1   A3FE EC   E8 EB           LDD -21,S
    425  5+2   A401 36   06              PSHU D
    426  2     A403 86   E8              LDA #$e8
    427  2     A405 C4   0F              ANDB #$0F
    428  2     A407 CA   40              ORB #$40
    429  5+1   A409 ED   E8 EB           STD -21,S
    430  4+1   A40C A7   E8 C3           STA -61,S
    431  5+1   A40F EC   E8 12           LDD 18,S
    432  5+2   A412 36   06              PSHU D
    433  2     A414 84   F0              ANDA #$F0
    434  2     A416 8A   0B              ORA #$0b
    435  2     A418 C6   E6              LDB #$e6
    436  5+1   A41A ED   E8 12           STD 18,S
    437  5+1   A41D EC   E8 3A           LDD 58,S
    438  5+4   A420 36   46              PSHU S,D
    439  2     A422 84   F0              ANDA #$F0
    440  2     A424 8A   0C              ORA #$0c
    441  2     A426 C6   CB              LDB #$cb
    442  5+1   A428 ED   E8 3A           STD 58,S
    443  4+4   A42B 32   E9 00DB         LEAS 219,S
    444
    445  5+1   A42F EC   E8 87           LDD -121,S
    446  5+2   A432 36   06              PSHU D
    447  2     A434 84   F0              ANDA #$F0
    448  2     A436 8A   0E              ORA #$0e
    449  2     A438 C6   CB              LDB #$cb
    450  5+1   A43A ED   E8 87           STD -121,S
    451  4+1   A43D A6   E8 89           LDA -119,S
    452  5+1   A440 36   02              PSHU A
    453  2     A442 84   0F              ANDA #$0F
    454  2     A444 8A   70              ORA #$70
    455  4+1   A446 A7   E8 89           STA -119,S
    456  4+1   A449 A6   E8 DA           LDA -38,S
    457  5+1   A44C 36   02              PSHU A
    458  2     A44E 84   F0              ANDA #$F0
    459  2     A450 8A   05              ORA #$05
    460  4+1   A452 A7   E8 DA           STA -38,S
    461  4+1   A455 A6   63              LDA 3,S
    462  5+1   A457 36   02              PSHU A
    463  2     A459 84   F0              ANDA #$F0
    464  2     A45B 8A   04              ORA #$04
    465  4+1   A45D A7   63              STA 3,S
    466  5+1   A45F EC   E8 B0           LDD -80,S
    467  5+2   A462 36   06              PSHU D
    468  2     A464 86   CE              LDA #$ce
    469  2     A466 C4   0F              ANDB #$0F
    470  2     A468 CA   70              ORB #$70
    471  5+1   A46A ED   E8 B0           STD -80,S
    472  5+1   A46D AE   E8 D8           LDX -40,S
    473  3     A470 CC   CEDE            LDD #$cede
    474  5+1   A473 ED   E8 D8           STD -40,S
    475  6+1   A476 10AE E8 2A           LDY 42,S
    476  5+4   A47A 36   30              PSHU Y,X
    477  5+1   A47C EC   E8 28           LDD 40,S
    478  5+2   A47F 36   06              PSHU D
    479  2     A481 84   0F              ANDA #$0F
    480  2     A483 C4   0F              ANDB #$0F
    481  4     A485 C3   E0C0            ADDD #$e0c0
    482  5+1   A488 ED   E8 28           STD 40,S
    483  3     A48B CC   4654            LDD #$4654
    484  5+1   A48E ED   E8 2A           STD 42,S
    485  5+3   A491 35   12              PULS A,X
    486  5+5   A493 36   52              PSHU S,X,A
    487  2     A495 86   EE              LDA #$ee
    488  3     A497 8E   D454            LDX #$d454
    489  5+3   A49A 34   12              PSHS A,X
    490  4+1   A49C 32   E8 51           LEAS 81,S
    491
    492  5+1   A49F AE   E8 28           LDX 40,S
    493  3     A4A2 CC   2364            LDD #$2364
    494  5+1   A4A5 ED   E8 28           STD 40,S
    495  6+1   A4A8 10AE E8 50           LDY 80,S
    496  5+4   A4AC 36   30              PSHU Y,X
    497  4+1   A4AE A6   E8 2A           LDA 42,S
    498  5+1   A4B1 36   02              PSHU A
    499  2     A4B3 84   0F              ANDA #$0F
    500  2     A4B5 8A   60              ORA #$60
    501  4+1   A4B7 A7   E8 2A           STA 42,S
    502  4+1   A4BA A6   E8 52           LDA 82,S
    503  5+1   A4BD 36   02              PSHU A
    504  2     A4BF 84   0F              ANDA #$0F
    505  2     A4C1 8A   40              ORA #$40
    506  4+1   A4C3 A7   E8 52           STA 82,S
    507  3     A4C6 CC   1565            LDD #$1565
    508  5+1   A4C9 ED   E8 50           STD 80,S
    509  5+1   A4CC AE   E8 78           LDX 120,S
    510  5+2   A4CF 36   10              PSHU X
    511  2     A4D1 C6   45              LDB #$45
    512  5+1   A4D3 ED   E8 78           STD 120,S
    513  5+3   A4D6 35   12              PULS A,X
    514  5+5   A4D8 36   52              PSHU S,X,A
    515  2     A4DA 86   E0              LDA #$e0
    516  3     A4DC 8E   6664            LDX #$6664
    517  5+3   A4DF 34   12              PSHS A,X
    518  4+4   A4E1 32   E9 00F0         LEAS 240,S
    519
    520  5+1   A4E5 AE   E8 B0           LDX -80,S
    521  6+1   A4E8 10AE E8 D8           LDY -40,S
    522  5+4   A4EC 36   30              PSHU Y,X
    523  5+0   A4EE EC   E4              LDD ,S
    524  5+1   A4F0 AE   E8 28           LDX 40,S
    525  5+4   A4F3 36   16              PSHU X,D
    526  3     A4F5 CC   6546            LDD #$6546
    527  5+1   A4F8 ED   E8 B0           STD -80,S
    528  2     A4FB 86   46              LDA #$46
    529  5+1   A4FD ED   E8 28           STD 40,S
    530  2     A500 C6   66              LDB #$66
    531  5+0   A502 ED   E4              STD ,S
    532  2     A504 86   64              LDA #$64
    533  5+1   A506 ED   E8 D8           STD -40,S
    534  5+1   A509 EC   E8 50           LDD 80,S
    535  5+4   A50C 36   46              PSHU S,D
    536  2     A50E 84   F0              ANDA #$F0
    537  2     A510 C4   F0              ANDB #$F0
    538  4     A512 C3   0404            ADDD #$0404
    539  5+1   A515 ED   E8 50           STD 80,S
    540        A518               SSAV_Img_Sonic_107
    541  4     A518 10CE 0000            LDS #$0000
    542  5     A51C 39                   RTS
    543

000000 Total Errors

000003 Total Symbols
     0x          Label A000 BCKDRAW_Img_Sonic_107
     1x          Label A2B8 DYN_POS
     1x          Label A518 SSAV_Img_Sonic_107

