/*--------------------------------------------------------------*
 * Compilé avec C6809 v0.83                                     *
 *--------------------------------------------------------------*
 * Fichier source      : ./Sonic2/GeneratedCode/Img_Sonic_069_Erase.ASM
 * Fichier destination : ./Sonic2/GeneratedCode/Img_Sonic_069_Erase.BIN
 * Contenu :
 *     Main     0:IMGE.ASM     1783
 *--------------------------------------------------------------*/

Macro Pass
Pass1
Pass2
      2        A000                      ORG $A000
      3                  FF              SETDP $FF
      4        A000               ERASE_Img_Sonic_069
      5  6+5   A000 10EF 8D 0116         STS ERASE_SSAV_Img_Sonic_069+2,PCR>>
      6
      7        A005               ERASE_CODE_Img_Sonic_069_1
      8  5+4   A005 37   46              PULU D,S
      9  5+1   A007 ED   E8 3C           STD 60,S
     10
     11  5+6   A00A 37   36              PULU D,X,Y
     12  5+1   A00C ED   E8 14           STD 20,S
     13  5+1   A00F AF   E8 C4           STX -60,S
     14  6+1   A012 10AF E8 EC           STY -20,S
     15
     16  5+5   A016 37   52              PULU A,X,S
     17  5+3   A018 34   12              PSHS A,X
     18
     19  5+2   A01A 37   06              PULU D
     20  5+1   A01C ED   E8 78           STD 120,S
     21
     22  5+6   A01F 37   36              PULU A,B,X,Y
     23  4+1   A021 A7   E8 52           STA 82,S
     24  4+1   A024 E7   E8 2A           STB 42,S
     25  5+1   A027 AF   E8 28           STX 40,S
     26  6+1   A02A 10AF E8 50           STY 80,S
     27
     28  5+5   A02E 37   52              PULU A,X,S
     29  5+3   A030 34   12              PSHS A,X
     30
     31  5+5   A032 37   52              PULU A,X,S
     32  5+3   A034 34   12              PSHS A,X
     33
     34  5+5   A036 37   52              PULU A,X,S
     35  5+3   A038 34   12              PSHS A,X
     36
     37  5+5   A03A 37   52              PULU A,X,S
     38  5+3   A03C 34   12              PSHS A,X
     39
     40  5+5   A03E 37   52              PULU A,X,S
     41  5+3   A040 34   12              PSHS A,X
     42
     43  5+5   A042 37   52              PULU A,X,S
     44  5+3   A044 34   12              PSHS A,X
     45
     46  5+5   A046 37   52              PULU A,X,S
     47  5+3   A048 34   12              PSHS A,X
     48
     49  5+5   A04A 37   52              PULU A,X,S
     50  5+3   A04C 34   12              PSHS A,X
     51
     52  5+5   A04E 37   52              PULU A,X,S
     53  5+3   A050 34   12              PSHS A,X
     54
     55  5+5   A052 37   52              PULU A,X,S
     56  5+3   A054 34   12              PSHS A,X
     57
     58  5+5   A056 37   52              PULU A,X,S
     59  5+3   A058 34   12              PSHS A,X
     60
     61  5+5   A05A 37   52              PULU A,X,S
     62  5+3   A05C 34   12              PSHS A,X
     63
     64  5+6   A05E 37   36              PULU A,B,X,Y
     65  4+1   A060 A7   E8 B2           STA -78,S
     66  4+1   A063 E7   E8 DA           STB -38,S
     67  5+1   A066 AF   E8 89           STX -119,S
     68  6+1   A069 10AF E8 D8           STY -40,S
     69
     70  5+2   A06D 37   06              PULU D
     71  5+1   A06F ED   E8 B0           STD -80,S
     72
     73  5+4   A072 37   46              PULU D,S
     74  5+1   A074 ED   E8 3C           STD 60,S
     75
     76  5+6   A077 37   36              PULU D,X,Y
     77  5+1   A079 ED   E8 EC           STD -20,S
     78  5+1   A07C AF   E8 14           STX 20,S
     79  6+1   A07F 10AF E8 C4           STY -60,S
     80
     81  5+3   A083 37   42              PULU A,S
     82  4+0   A085 A7   E4              STA ,S
     83
     84  5+6   A087 37   56              PULU A,B,X,S
     85  5+3   A089 34   14              PSHS B,X
     86  4+1   A08B A7   E8 79           STA 121,S
     87
     88  5+4   A08E 37   16              PULU D,X
     89  5+1   A090 ED   E8 50           STD 80,S
     90  5+1   A093 AF   E8 28           STX 40,S
     91
     92  5+2   A096 37   06              PULU A,B
     93  4+1   A098 A7   E8 2A           STA 42,S
     94  4+1   A09B E7   E8 52           STB 82,S
     95
     96  5+5   A09E 37   52              PULU A,X,S
     97  5+3   A0A0 34   12              PSHS A,X
     98
     99  5+5   A0A2 37   52              PULU A,X,S
    100  5+3   A0A4 34   12              PSHS A,X
    101
    102  5+5   A0A6 37   52              PULU A,X,S
    103  5+3   A0A8 34   12              PSHS A,X
    104
    105  5+5   A0AA 37   52              PULU A,X,S
    106  5+3   A0AC 34   12              PSHS A,X
    107
    108  5+5   A0AE 37   52              PULU A,X,S
    109  5+3   A0B0 34   12              PSHS A,X
    110
    111  5+5   A0B2 37   52              PULU A,X,S
    112  5+3   A0B4 34   12              PSHS A,X
    113
    114  5+1   A0B6 37   02              PULU A
    115  4+1   A0B8 A7   63              STA 3,S
    116
    117  5+5   A0BA 37   52              PULU A,X,S
    118  5+3   A0BC 34   12              PSHS A,X
    119
    120  5+1   A0BE 37   02              PULU A
    121  4+1   A0C0 A7   63              STA 3,S
    122
    123  5+5   A0C2 37   52              PULU A,X,S
    124  5+3   A0C4 34   12              PSHS A,X
    125
    126  5+5   A0C6 37   32              PULU A,X,Y
    127  4+1   A0C8 A7   63              STA 3,S
    128  5+1   A0CA AF   E8 DA           STX -38,S
    129  6+1   A0CD 10AF E8 D8           STY -40,S
    130
    131  5+5   A0D1 37   52              PULU A,X,S
    132  5+3   A0D3 34   12              PSHS A,X
    133
    134  5+6   A0D5 37   36              PULU D,X,Y
    135  5+1   A0D7 ED   E8 79           STD 121,S
    136  5+1   A0DA AF   E8 29           STX 41,S
    137  6+1   A0DD 10AF E8 51           STY 81,S
    138
    139  5+6   A0E1 37   36              PULU D,X,Y
    140  5+1   A0E3 ED   E8 77           STD 119,S
    141  5+1   A0E6 AF   E8 4F           STX 79,S
    142  6+1   A0E9 10AF E8 27           STY 39,S
    143
    144  5+5   A0ED 37   52              PULU A,X,S
    145  5+3   A0EF 34   12              PSHS A,X
    146
    147  5+5   A0F1 37   52              PULU A,X,S
    148  5+3   A0F3 34   12              PSHS A,X
    149
    150  5+5   A0F5 37   52              PULU A,X,S
    151  5+3   A0F7 34   12              PSHS A,X
    152
    153  5+5   A0F9 37   52              PULU A,X,S
    154  5+3   A0FB 34   12              PSHS A,X
    155
    156  5+5   A0FD 37   52              PULU A,X,S
    157  5+3   A0FF 34   12              PSHS A,X
    158
    159  5+4   A101 37   16              PULU A,B,X
    160  4+1   A103 A7   E8 DA           STA -38,S
    161  4+1   A106 E7   E8 B2           STB -78,S
    162  5+1   A109 AF   E8 B0           STX -80,S
    163
    164  5+3   A10C 37   12              PULU A,X
    165  4+1   A10E A7   E8 89           STA -119,S
    166  5+1   A111 AF   E8 D8           STX -40,S
    167
    168  5+3   A114 37   42              PULU A,S
    169  4+0   A116 A7   E4              STA ,S
    170
    171        A118               ERASE_SSAV_Img_Sonic_069
    172  4     A118 10CE 0000            LDS #$0000
    173  5     A11C 39                   RTS
    174

000000 Total Errors

000003 Total Symbols
     0x          Label A005 ERASE_CODE_Img_Sonic_069_1
     0x          Label A000 ERASE_Img_Sonic_069
     1x          Label A118 ERASE_SSAV_Img_Sonic_069

