/*--------------------------------------------------------------*
 * Compilé avec C6809 v0.83                                     *
 *--------------------------------------------------------------*
 * Fichier source      : ./Sonic2/GeneratedCode/Img_Sonic_090_BckDraw.ASM
 * Fichier destination : ./Sonic2/GeneratedCode/Img_Sonic_090_BckDraw.BIN
 * Contenu :
 *     Main     0:IMGD.ASM     6958
 *--------------------------------------------------------------*/

Macro Pass
Pass1
Pass2
      2        A000                      ORG $A000
      3                  FF              SETDP $FF
      4        A000               BCKDRAW_Img_Sonic_090
      5  6+5   A000 10EF 8D 0543         STS SSAV_Img_Sonic_090+2,PCR
      6
      7  5+5   A005 ED   8D 025D         STD DYN_POS+2,PCR
      8  6+0   A009 10EE A4              LDS ,Y
      9  4+4   A00C 32   E9 0323         LEAS 803,S
     10
     11  5+0   A010 EC   E4              LDD ,S
     12  5+4   A012 36   46              PSHU S,D
     13  2     A014 86   BB              LDA #$bb
     14  2     A016 C4   0F              ANDB #$0F
     15  2     A018 CA   B0              ORB #$b0
     16  5+0   A01A ED   E4              STD ,S
     17  4+4   A01C 32   E9 009F         LEAS 159,S
     18
     19  5+1   A020 EC   E8 89           LDD -119,S
     20  5+2   A023 36   06              PSHU D
     21  2     A025 86   BD              LDA #$bd
     22  2     A027 C4   0F              ANDB #$0F
     23  2     A029 CA   00              ORB #$00
     24  5+1   A02B ED   E8 89           STD -119,S
     25  4+1   A02E A6   E8 DA           LDA -38,S
     26  5+1   A031 AE   E8 B1           LDX -79,S
     27  5+3   A034 36   12              PSHU X,A
     28  3     A036 CC   B003            LDD #$b003
     29  5+1   A039 ED   E8 B1           STD -79,S
     30  5+1   A03C EC   E8 D8           LDD -40,S
     31  5+2   A03F 36   06              PSHU D
     32  2     A041 84   F0              ANDA #$F0
     33  2     A043 8A   0B              ORA #$0b
     34  2     A045 C6   B0              LDB #$b0
     35  5+1   A047 ED   E8 D8           STD -40,S
     36  2     A04A 86   44              LDA #$44
     37  4+1   A04C A7   E8 DA           STA -38,S
     38  5+3   A04F 35   12              PULS A,X
     39  5+5   A051 36   52              PSHU S,X,A
     40  2     A053 86   BB              LDA #$bb
     41  3     A055 8E   CD44            LDX #$cd44
     42  5+3   A058 34   12              PSHS A,X
     43  4+1   A05A 32   E8 28           LEAS 40,S
     44
     45  5+3   A05D 35   12              PULS A,X
     46  5+5   A05F 36   52              PSHU S,X,A
     47  2     A061 86   BB              LDA #$bb
     48  3     A063 8E   CB07            LDX #$cb07
     49  5+3   A066 34   12              PSHS A,X
     50  4+1   A068 32   E8 28           LEAS 40,S
     51
     52  5+3   A06B 35   12              PULS A,X
     53  5+5   A06D 36   52              PSHU S,X,A
     54  2     A06F 86   BE              LDA #$be
     55  3     A071 8E   BB77            LDX #$bb77
     56  5+3   A074 34   12              PSHS A,X
     57  4+1   A076 32   E8 28           LEAS 40,S
     58
     59  5+3   A079 35   12              PULS A,X
     60  5+5   A07B 36   52              PSHU S,X,A
     61  2     A07D 86   BE              LDA #$be
     62  3     A07F 8E   B076            LDX #$b076
     63  5+3   A082 34   12              PSHS A,X
     64  4+1   A084 32   E8 28           LEAS 40,S
     65
     66  4+1   A087 A6   E8 2A           LDA 42,S
     67  5+1   A08A AE   E8 51           LDX 81,S
     68  6+1   A08D 10AE E8 79           LDY 121,S
     69  5+5   A091 36   32              PSHU Y,X,A
     70  5+1   A093 EC   E8 28           LDD 40,S
     71  5+2   A096 36   06              PSHU D
     72  2     A098 84   0F              ANDA #$0F
     73  2     A09A 8A   E0              ORA #$e0
     74  2     A09C C6   87              LDB #$87
     75  5+1   A09E ED   E8 28           STD 40,S
     76  2     A0A1 86   64              LDA #$64
     77  4+1   A0A3 A7   E8 2A           STA 42,S
     78  3     A0A6 CC   8765            LDD #$8765
     79  5+1   A0A9 ED   E8 51           STD 81,S
     80  5+1   A0AC ED   E8 79           STD 121,S
     81  5+3   A0AF 35   12              PULS A,X
     82  5+5   A0B1 36   52              PSHU S,X,A
     83  2     A0B3 86   EE              LDA #$ee
     84  3     A0B5 8E   B784            LDX #$b784
     85  5+3   A0B8 34   12              PSHS A,X
     86  4+4   A0BA 32   E9 0118         LEAS 280,S
     87
     88  5+1   A0BE EC   E8 88           LDD -120,S
     89  5+2   A0C1 36   06              PSHU D
     90  2     A0C3 84   F0              ANDA #$F0
     91  2     A0C5 8A   0B              ORA #$0b
     92  2     A0C7 C6   E7              LDB #$e7
     93  5+1   A0C9 ED   E8 88           STD -120,S
     94  5+1   A0CC EC   E8 AF           LDD -81,S
     95  5+2   A0CF 36   06              PSHU D
     96  2     A0D1 84   F0              ANDA #$F0
     97  2     A0D3 C4   F0              ANDB #$F0
     98  4     A0D5 C3   030B            ADDD #$030b
     99  5+1   A0D8 ED   E8 AF           STD -81,S
    100  5+1   A0DB EC   E8 D7           LDD -41,S
    101  5+2   A0DE 36   06              PSHU D
    102  2     A0E0 84   F0              ANDA #$F0
    103  2     A0E2 C4   F0              ANDB #$F0
    104  4     A0E4 C3   030B            ADDD #$030b
    105  5+1   A0E7 ED   E8 D7           STD -41,S
    106  4+1   A0EA A6   E8 8A           LDA -118,S
    107  5+1   A0ED AE   E8 B1           LDX -79,S
    108  6+1   A0F0 10AE E8 D9           LDY -39,S
    109  5+5   A0F4 36   32              PSHU Y,X,A
    110  2     A0F6 86   86              LDA #$86
    111  4+1   A0F8 A7   E8 8A           STA -118,S
    112  3     A0FB CC   E777            LDD #$e777
    113  5+1   A0FE ED   E8 B1           STD -79,S
    114  3     A101 CC   E878            LDD #$e878
    115  5+1   A104 ED   E8 D9           STD -39,S
    116  5+3   A107 35   12              PULS A,X
    117  5+5   A109 36   52              PSHU S,X,A
    118  2     A10B 86   BE              LDA #$be
    119  3     A10D 8E   EE86            LDX #$ee86
    120  5+3   A110 34   12              PSHS A,X
    121  4+1   A112 32   E8 27           LEAS 39,S
    122
    123  4+1   A115 A6   63              LDA 3,S
    124  5+1   A117 36   02              PSHU A
    125  2     A119 84   0F              ANDA #$0F
    126  2     A11B 8A   60              ORA #$60
    127  4+1   A11D A7   63              STA 3,S
    128  5+3   A11F 35   12              PULS A,X
    129  5+5   A121 36   52              PSHU S,X,A
    130  2     A123 86   00              LDA #$00
    131  3     A125 8E   0EB8            LDX #$0eb8
    132  5+3   A128 34   12              PSHS A,X
    133  4+1   A12A 32   E8 28           LEAS 40,S
    134
    135  5+4   A12D 35   30              PULS X,Y
    136  5+6   A12F 36   70              PSHU S,Y,X
    137  3     A131 CC   2207            LDD #$2207
    138  3     A134 8E   8732            LDX #$8732
    139  5+4   A137 34   16              PSHS D,X
    140  4+1   A139 32   E8 28           LEAS 40,S
    141
    142  4+1   A13C A6   E8 7C           LDA 124,S
    143  4+1   A13F E6   E8 52           LDB 82,S
    144  5+1   A142 AE   E8 79           LDX 121,S
    145  6+1   A145 10AE E8 2A           LDY 42,S
    146  5+6   A149 36   36              PSHU Y,X,B,A
    147  3     A14B CC   8732            LDD #$8732
    148  5+1   A14E ED   E8 2A           STD 42,S
    149  3     A151 CC   6BBC            LDD #$6bbc
    150  5+1   A154 ED   E8 79           STD 121,S
    151  2     A157 86   B8              LDA #$b8
    152  4+1   A159 A7   E8 52           STA 82,S
    153  5+1   A15C EC   E8 28           LDD 40,S
    154  5+2   A15F 36   06              PSHU D
    155  2     A161 84   F0              ANDA #$F0
    156  2     A163 C4   0F              ANDB #$0F
    157  4     A165 C3   0020            ADDD #$0020
    158  5+1   A168 ED   E8 28           STD 40,S
    159  2     A16B 86   55              LDA #$55
    160  4+1   A16D A7   E8 7C           STA 124,S
    161  4+1   A170 A6   E8 50           LDA 80,S
    162  5+1   A173 36   02              PSHU A
    163  2     A175 84   F0              ANDA #$F0
    164  2     A177 8A   02              ORA #$02
    165  4+1   A179 A7   E8 50           STA 80,S
    166  4+1   A17C A6   E8 54           LDA 84,S
    167  5+1   A17F 36   02              PSHU A
    168  2     A181 84   F0              ANDA #$F0
    169  2     A183 8A   05              ORA #$05
    170  4+1   A185 A7   E8 54           STA 84,S
    171  5+4   A188 35   30              PULS X,Y
    172  5+6   A18A 36   70              PSHU S,Y,X
    173  3     A18C CC   0008            LDD #$0008
    174  3     A18F 8E   8723            LDX #$8723
    175  5+4   A192 34   16              PSHS D,X
    176  4+4   A194 32   E9 011A         LEAS 282,S
    177
    178  4+1   A198 A6   7F              LDA -1,S
    179  4+1   A19A E6   E8 77           LDB 119,S
    180  5+1   A19D AE   E8 87           LDX -121,S
    181  6+1   A1A0 10AE E8 B1           LDY -79,S
    182  5+6   A1A4 36   36              PSHU Y,X,B,A
    183  5+1   A1A6 EC   E8 AF           LDD -81,S
    184  5+2   A1A9 36   06              PSHU D
    185  2     A1AB 86   6A              LDA #$6a
    186  2     A1AD C4   0F              ANDB #$0F
    187  2     A1AF CA   40              ORB #$40
    188  5+1   A1B1 ED   E8 AF           STD -81,S
    189  5+1   A1B4 EC   E8 D7           LDD -41,S
    190  5+2   A1B7 36   06              PSHU D
    191  2     A1B9 86   66              LDA #$66
    192  2     A1BB C4   0F              ANDB #$0F
    193  2     A1BD CA   40              ORB #$40
    194  5+1   A1BF ED   E8 D7           STD -41,S
    195  5+1   A1C2 EC   E8 D9           LDD -39,S
    196  5+2   A1C5 36   06              PSHU D
    197  2     A1C7 86   B0              LDA #$b0
    198  2     A1C9 C4   0F              ANDB #$0F
    199  2     A1CB CA   50              ORB #$50
    200  5+1   A1CD ED   E8 D9           STD -39,S
    201  5+1   A1D0 EC   E8 29           LDD 41,S
    202  5+2   A1D3 36   06              PSHU D
    203  2     A1D5 86   20              LDA #$20
    204  2     A1D7 C4   0F              ANDB #$0F
    205  2     A1D9 CA   40              ORB #$40
    206  5+1   A1DB ED   E8 29           STD 41,S
    207  4+1   A1DE A6   E8 27           LDA 39,S
    208  4+1   A1E1 E6   E8 4F           LDB 79,S
    209  5+2   A1E4 36   06              PSHU B,A
    210  2     A1E6 86   46              LDA #$46
    211  4+1   A1E8 A7   7F              STA -1,S
    212  4+1   A1EA A7   E8 27           STA 39,S
    213  4+1   A1ED A7   E8 4F           STA 79,S
    214  3     A1F0 CC   6BBB            LDD #$6bbb
    215  5+1   A1F3 ED   E8 87           STD -121,S
    216  5+1   A1F6 EC   61              LDD 1,S
    217  5+2   A1F8 36   06              PSHU D
    218  2     A1FA 84   F0              ANDA #$F0
    219  2     A1FC C4   0F              ANDB #$0F
    220  4     A1FE C3   0000            ADDD #$0000
    221  5+1   A201 ED   61              STD 1,S
    222  4+1   A203 A6   E8 8A           LDA -118,S
    223  4+1   A206 E6   E8 51           LDB 81,S
    224  5+2   A209 36   06              PSHU B,A
    225  2     A20B C4   F0              ANDB #$F0
    226  2     A20D CA   01              ORB #$01
    227  4+1   A20F E7   E8 51           STB 81,S
    228  4+1   A212 A6   E8 79           LDA 121,S
    229  5+3   A215 36   42              PSHU S,A
    230  2     A217 84   F0              ANDA #$F0
    231  2     A219 8A   05              ORA #$05
    232  4+1   A21B A7   E8 79           STA 121,S
    233  3     A21E CC   C054            LDD #$c054
    234  5+1   A221 ED   E8 B1           STD -79,S
    235  2     A224 86   34              LDA #$34
    236  4+1   A226 A7   E8 77           STA 119,S
    237  4+1   A229 E7   E8 8A           STB -118,S
    238  4+4   A22C 32   E9 00C7         LEAS 199,S
    239
    240  4+1   A230 A6   E8 D8           LDA -40,S
    241  4+1   A233 E6   E8 DA           LDB -38,S
    242  5+2   A236 36   06              PSHU B,A
    243  2     A238 C4   F0              ANDB #$F0
    244  2     A23A CA   05              ORB #$05
    245  4+1   A23C E7   E8 DA           STB -38,S
    246  4+0   A23F A6   E4              LDA ,S
    247  5+1   A241 36   02              PSHU A
    248  2     A243 84   0F              ANDA #$0F
    249  2     A245 8A   60              ORA #$60
    250  4+0   A247 A7   E4              STA ,S
    251  4+1   A249 A6   62              LDA 2,S
    252  5+1   A24B 36   02              PSHU A
    253  2     A24D 84   F0              ANDA #$F0
    254  2     A24F 8A   04              ORA #$04
    255  4+1   A251 A7   62              STA 2,S
    256  4+1   A253 A6   E8 28           LDA 40,S
    257  5+3   A256 36   42              PSHU S,A
    258  2     A258 84   0F              ANDA #$0F
    259  2     A25A 8A   40              ORA #$40
    260  4+1   A25C A7   E8 28           STA 40,S
    261  2     A25F 86   24              LDA #$24
    262  4+1   A261 A7   E8 D8           STA -40,S
    263        A264               DYN_POS
    264
    265  4     A264 10CE 0000            LDS #$0000
    266  4+4   A268 32   E9 034C         LEAS 844,S
    267
    268  5+1   A26C AE   E8 77           LDX 119,S
    269  6+1   A26F 10AE 7F              LDY -1,S
    270  5+4   A272 36   30              PSHU Y,X
    271  5+1   A274 EC   E8 D7           LDD -41,S
    272  5+1   A277 AE   E8 4F           LDX 79,S
    273  6+1   A27A 10AE E8 27           LDY 39,S
    274  5+6   A27E 36   36              PSHU Y,X,D
    275  3     A280 CC   E7BB            LDD #$e7bb
    276  5+1   A283 ED   E8 D7           STD -41,S
    277  4+1   A286 A6   E8 87           LDA -121,S
    278  4+1   A289 E7   E8 87           STB -121,S
    279  4+1   A28C E6   61              LDB 1,S
    280  5+2   A28E 36   06              PSHU B,A
    281  2     A290 C4   0F              ANDB #$0F
    282  2     A292 CA   40              ORB #$40
    283  4+1   A294 E7   61              STB 1,S
    284  4+1   A296 A6   E8 29           LDA 41,S
    285  5+1   A299 36   02              PSHU A
    286  2     A29B 84   0F              ANDA #$0F
    287  2     A29D 8A   40              ORA #$40
    288  4+1   A29F A7   E8 29           STA 41,S
    289  4+1   A2A2 A6   E8 79           LDA 121,S
    290  5+1   A2A5 36   02              PSHU A
    291  2     A2A7 84   0F              ANDA #$0F
    292  2     A2A9 8A   E0              ORA #$e0
    293  4+1   A2AB A7   E8 79           STA 121,S
    294  3     A2AE CC   EB00            LDD #$eb00
    295  5+1   A2B1 ED   7F              STD -1,S
    296  2     A2B3 86   B0              LDA #$b0
    297  5+1   A2B5 ED   E8 77           STD 119,S
    298  3     A2B8 CC   BB04            LDD #$bb04
    299  5+1   A2BB ED   E8 27           STD 39,S
    300  2     A2BE 86   BC              LDA #$bc
    301  5+1   A2C0 ED   E8 4F           STD 79,S
    302  5+1   A2C3 EC   E8 AF           LDD -81,S
    303  5+4   A2C6 36   46              PSHU S,D
    304  2     A2C8 86   E7              LDA #$e7
    305  2     A2CA C4   F0              ANDB #$F0
    306  2     A2CC CA   0E              ORB #$0e
    307  5+1   A2CE ED   E8 AF           STD -81,S
    308  4+4   A2D1 32   E9 0118         LEAS 280,S
    309
    310  5+1   A2D5 AE   E8 87           LDX -121,S
    311  3     A2D8 CC   ED00            LDD #$ed00
    312  5+1   A2DB ED   E8 87           STD -121,S
    313  6+1   A2DE 10AE E8 AF           LDY -81,S
    314  5+4   A2E2 36   30              PSHU Y,X
    315  4+1   A2E4 A6   E8 89           LDA -119,S
    316  5+1   A2E7 36   02              PSHU A
    317  2     A2E9 84   0F              ANDA #$0F
    318  2     A2EB 8A   E0              ORA #$e0
    319  4+1   A2ED A7   E8 89           STA -119,S
    320  4+1   A2F0 A6   E8 B1           LDA -79,S
    321  5+1   A2F3 36   02              PSHU A
    322  2     A2F5 84   0F              ANDA #$0F
    323  2     A2F7 8A   70              ORA #$70
    324  4+1   A2F9 A7   E8 B1           STA -79,S
    325  4+1   A2FC A6   E8 D9           LDA -39,S
    326  5+1   A2FF 36   02              PSHU A
    327  2     A301 84   0F              ANDA #$0F
    328  2     A303 8A   80              ORA #$80
    329  4+1   A305 A7   E8 D9           STA -39,S
    330  3     A308 CC   ECB0            LDD #$ecb0
    331  5+1   A30B ED   E8 AF           STD -81,S
    332  5+1   A30E AE   E8 D7           LDX -41,S
    333  5+2   A311 36   10              PSHU X
    334  3     A313 CC   EB07            LDD #$eb07
    335  5+1   A316 ED   E8 D7           STD -41,S
    336  5+1   A319 EC   7E              LDD -2,S
    337  5+2   A31B 36   06              PSHU D
    338  2     A31D 84   F0              ANDA #$F0
    339  2     A31F 8A   0B              ORA #$0b
    340  2     A321 C6   EE              LDB #$ee
    341  5+1   A323 ED   7E              STD -2,S
    342  5+1   A325 EC   E8 26           LDD 38,S
    343  5+2   A328 36   06              PSHU D
    344  2     A32A 84   F0              ANDA #$F0
    345  2     A32C 8A   0B              ORA #$0b
    346  2     A32E C6   EE              LDB #$ee
    347  5+1   A330 ED   E8 26           STD 38,S
    348  5+1   A333 EC   E8 4E           LDD 78,S
    349  5+2   A336 36   06              PSHU D
    350  2     A338 84   F0              ANDA #$F0
    351  2     A33A 8A   0B              ORA #$0b
    352  2     A33C C6   EE              LDB #$ee
    353  5+1   A33E ED   E8 4E           STD 78,S
    354  5+1   A341 EC   E8 76           LDD 118,S
    355  5+2   A344 36   06              PSHU D
    356  2     A346 84   F0              ANDA #$F0
    357  2     A348 8A   0E              ORA #$0e
    358  2     A34A C6   EE              LDB #$ee
    359  5+1   A34C ED   E8 76           STD 118,S
    360  5+0   A34F EC   E4              LDD ,S
    361  5+2   A351 36   06              PSHU D
    362  2     A353 86   77              LDA #$77
    363  2     A355 C4   0F              ANDB #$0F
    364  2     A357 CA   60              ORB #$60
    365  5+0   A359 ED   E4              STD ,S
    366  5+1   A35B EC   E8 28           LDD 40,S
    367  5+2   A35E 36   06              PSHU D
    368  2     A360 86   77              LDA #$77
    369  2     A362 C4   0F              ANDB #$0F
    370  2     A364 CA   60              ORB #$60
    371  5+1   A366 ED   E8 28           STD 40,S
    372  5+1   A369 EC   E8 50           LDD 80,S
    373  5+2   A36C 36   06              PSHU D
    374  2     A36E 86   77              LDA #$77
    375  2     A370 C4   0F              ANDB #$0F
    376  2     A372 CA   60              ORB #$60
    377  5+1   A374 ED   E8 50           STD 80,S
    378  5+1   A377 EC   E8 78           LDD 120,S
    379  5+4   A37A 36   46              PSHU S,D
    380  2     A37C 86   77              LDA #$77
    381  2     A37E C4   0F              ANDB #$0F
    382  2     A380 CA   80              ORB #$80
    383  5+1   A382 ED   E8 78           STD 120,S
    384  4+4   A385 32   E9 00B4         LEAS 180,S
    385
    386  5+1   A389 AE   E8 EB           LDX -21,S
    387  5+2   A38C 36   10              PSHU X
    388  5+1   A38E EC   E8 12           LDD 18,S
    389  5+2   A391 36   06              PSHU D
    390  2     A393 84   0F              ANDA #$0F
    391  2     A395 8A   10              ORA #$10
    392  2     A397 C6   EE              LDB #$ee
    393  5+1   A399 ED   E8 12           STD 18,S
    394  3     A39C CC   BE77            LDD #$be77
    395  5+1   A39F ED   E8 EB           STD -21,S
    396  4+1   A3A2 A6   E8 14           LDA 20,S
    397  4+1   A3A5 E7   E8 14           STB 20,S
    398  4+1   A3A8 E6   E8 ED           LDB -19,S
    399  5+4   A3AB 36   46              PSHU S,B,A
    400  2     A3AD C4   0F              ANDB #$0F
    401  2     A3AF CA   80              ORB #$80
    402  4+1   A3B1 E7   E8 ED           STB -19,S
    403  4+4   A3B4 32   E9 00B2         LEAS 178,S
    404
    405  5+1   A3B8 EC   E8 88           LDD -120,S
    406  5+2   A3BB 36   06              PSHU D
    407  2     A3BD 84   0F              ANDA #$0F
    408  2     A3BF 8A   00              ORA #$00
    409  2     A3C1 C6   EE              LDB #$ee
    410  5+1   A3C3 ED   E8 88           STD -120,S
    411  5+1   A3C6 EC   E8 B0           LDD -80,S
    412  5+2   A3C9 36   06              PSHU D
    413  2     A3CB 84   0F              ANDA #$0F
    414  2     A3CD 8A   00              ORA #$00
    415  2     A3CF C6   E7              LDB #$e7
    416  5+1   A3D1 ED   E8 B0           STD -80,S
    417  5+1   A3D4 EC   E8 D8           LDD -40,S
    418  5+2   A3D7 36   06              PSHU D
    419  2     A3D9 84   0F              ANDA #$0F
    420  2     A3DB 8A   00              ORA #$00
    421  2     A3DD C6   78              LDB #$78
    422  5+1   A3DF ED   E8 D8           STD -40,S
    423  4+1   A3E2 A6   E8 8A           LDA -118,S
    424  5+1   A3E5 36   02              PSHU A
    425  2     A3E7 86   77              LDA #$77
    426  4+1   A3E9 A7   E8 8A           STA -118,S
    427  4+1   A3EC A6   E8 B2           LDA -78,S
    428  4+1   A3EF E6   E8 DA           LDB -38,S
    429  5+2   A3F2 36   06              PSHU B,A
    430  2     A3F4 86   88              LDA #$88
    431  4+1   A3F6 A7   E8 B2           STA -78,S
    432  2     A3F9 86   86              LDA #$86
    433  4+1   A3FB A7   E8 DA           STA -38,S
    434  5+3   A3FE 35   12              PULS A,X
    435  5+5   A400 36   52              PSHU S,X,A
    436  2     A402 86   10              LDA #$10
    437  3     A404 8E   8B76            LDX #$8b76
    438  5+3   A407 34   12              PSHS A,X
    439  4+1   A409 32   E8 28           LEAS 40,S
    440
    441  5+1   A40C AE   E8 28           LDX 40,S
    442  5+2   A40F 36   10              PSHU X
    443  3     A411 CC   13EB            LDD #$13eb
    444  5+1   A414 ED   E8 28           STD 40,S
    445  5+1   A417 EC   E8 50           LDD 80,S
    446  5+2   A41A 36   06              PSHU D
    447  2     A41C 84   0F              ANDA #$0F
    448  2     A41E 8A   20              ORA #$20
    449  2     A420 C6   EB              LDB #$eb
    450  5+1   A422 ED   E8 50           STD 80,S
    451  4+1   A425 A6   E8 2A           LDA 42,S
    452  5+1   A428 36   02              PSHU A
    453  2     A42A 84   0F              ANDA #$0F
    454  2     A42C 8A   70              ORA #$70
    455  4+1   A42E A7   E8 2A           STA 42,S
    456  4+1   A431 A6   E8 52           LDA 82,S
    457  5+1   A434 36   02              PSHU A
    458  2     A436 84   0F              ANDA #$0F
    459  2     A438 8A   70              ORA #$70
    460  4+1   A43A A7   E8 52           STA 82,S
    461  5+1   A43D EC   E8 79           LDD 121,S
    462  5+2   A440 36   06              PSHU D
    463  2     A442 84   0F              ANDA #$0F
    464  2     A444 C4   0F              ANDB #$0F
    465  4     A446 C3   E0C0            ADDD #$e0c0
    466  5+1   A449 ED   E8 79           STD 121,S
    467  5+3   A44C 35   12              PULS A,X
    468  5+5   A44E 36   52              PSHU S,X,A
    469  2     A450 86   02              LDA #$02
    470  3     A452 8E   BB76            LDX #$bb76
    471  5+3   A455 34   12              PSHS A,X
    472  4+4   A457 32   E9 011A         LEAS 282,S
    473
    474  5+1   A45B EC   E8 87           LDD -121,S
    475  5+2   A45E 36   06              PSHU D
    476  2     A460 84   0F              ANDA #$0F
    477  2     A462 8A   20              ORA #$20
    478  2     A464 C6   BC              LDB #$bc
    479  5+1   A466 ED   E8 87           STD -121,S
    480  5+1   A469 EC   E8 D6           LDD -42,S
    481  5+2   A46C 36   06              PSHU D
    482  2     A46E 84   F0              ANDA #$F0
    483  2     A470 8A   06              ORA #$06
    484  2     A472 C6   4E              LDB #$4e
    485  5+1   A474 ED   E8 D6           STD -42,S
    486  5+1   A477 EC   7E              LDD -2,S
    487  5+2   A479 36   06              PSHU D
    488  2     A47B 84   F0              ANDA #$F0
    489  2     A47D 8A   06              ORA #$06
    490  2     A47F C6   3E              LDB #$3e
    491  5+1   A481 ED   7E              STD -2,S
    492  5+1   A483 EC   E8 26           LDD 38,S
    493  5+2   A486 36   06              PSHU D
    494  2     A488 84   F0              ANDA #$F0
    495  2     A48A 8A   06              ORA #$06
    496  2     A48C C6   34              LDB #$34
    497  5+1   A48E ED   E8 26           STD 38,S
    498  4+1   A491 A6   E8 D9           LDA -39,S
    499  4+1   A494 E6   61              LDB 1,S
    500  5+2   A496 36   06              PSHU B,A
    501  5+1   A498 EC   E8 AF           LDD -81,S
    502  5+2   A49B 36   06              PSHU D
    503  2     A49D 84   0F              ANDA #$0F
    504  2     A49F C4   F0              ANDB #$F0
    505  4     A4A1 C3   A00B            ADDD #$a00b
    506  5+1   A4A4 ED   E8 AF           STD -81,S
    507  5+1   A4A7 EC   E8 4E           LDD 78,S
    508  5+2   A4AA 36   06              PSHU D
    509  2     A4AC 84   F0              ANDA #$F0
    510  2     A4AE C4   0F              ANDB #$0F
    511  4     A4B0 C3   0640            ADDD #$0640
    512  5+1   A4B3 ED   E8 4E           STD 78,S
    513  4+1   A4B6 A6   E8 29           LDA 41,S
    514  4+1   A4B9 E6   E8 51           LDB 81,S
    515  5+2   A4BC 36   06              PSHU B,A
    516  2     A4BE 86   20              LDA #$20
    517  4+1   A4C0 A7   E8 D9           STA -39,S
    518  4+1   A4C3 A6   E8 79           LDA 121,S
    519  4+1   A4C6 E6   E8 89           LDB -119,S
    520  5+2   A4C9 36   06              PSHU B,A
    521  2     A4CB C4   F0              ANDB #$F0
    522  2     A4CD CA   05              ORB #$05
    523  4+1   A4CF E7   E8 89           STB -119,S
    524  4+1   A4D2 A6   E8 B1           LDA -79,S
    525  5+1   A4D5 36   02              PSHU A
    526  2     A4D7 84   F0              ANDA #$F0
    527  2     A4D9 8A   05              ORA #$05
    528  4+1   A4DB A7   E8 B1           STA -79,S
    529  4+1   A4DE A6   E8 76           LDA 118,S
    530  5+3   A4E1 36   42              PSHU S,A
    531  2     A4E3 84   F0              ANDA #$F0
    532  2     A4E5 8A   06              ORA #$06
    533  4+1   A4E7 A7   E8 76           STA 118,S
    534  2     A4EA 86   55              LDA #$55
    535  4+1   A4EC A7   61              STA 1,S
    536  4+1   A4EE A7   E8 29           STA 41,S
    537  4+1   A4F1 A7   E8 51           STA 81,S
    538  4+1   A4F4 A7   E8 79           STA 121,S
    539  4+4   A4F7 32   E9 00EE         LEAS 238,S
    540
    541  4+1   A4FB A6   E8 28           LDA 40,S
    542  4+1   A4FE E6   E8 B0           LDB -80,S
    543  5+2   A501 36   06              PSHU B,A
    544  2     A503 C4   F0              ANDB #$F0
    545  2     A505 CA   06              ORB #$06
    546  4+1   A507 E7   E8 B0           STB -80,S
    547  4+1   A50A A6   E8 DB           LDA -37,S
    548  5+1   A50D 36   02              PSHU A
    549  2     A50F 84   0F              ANDA #$0F
    550  2     A511 8A   50              ORA #$50
    551  4+1   A513 A7   E8 DB           STA -37,S
    552  4+1   A516 A6   63              LDA 3,S
    553  5+1   A518 36   02              PSHU A
    554  2     A51A 84   0F              ANDA #$0F
    555  2     A51C 8A   40              ORA #$40
    556  4+1   A51E A7   63              STA 3,S
    557  4+0   A520 A6   E4              LDA ,S
    558  4+1   A522 E6   E8 B3           LDB -77,S
    559  5+2   A525 36   06              PSHU B,A
    560  4+1   A527 A6   E8 50           LDA 80,S
    561  4+1   A52A E6   E8 D8           LDB -40,S
    562  5+4   A52D 36   46              PSHU S,B,A
    563  2     A52F 86   66              LDA #$66
    564  4+1   A531 A7   E8 28           STA 40,S
    565  2     A534 86   44              LDA #$44
    566  4+1   A536 A7   E8 50           STA 80,S
    567  2     A539 86   64              LDA #$64
    568  4+1   A53B A7   E8 D8           STA -40,S
    569  4+0   A53E A7   E4              STA ,S
    570  2     A540 86   54              LDA #$54
    571  4+1   A542 A7   E8 B3           STA -77,S
    572        A545               SSAV_Img_Sonic_090
    573  4     A545 10CE 0000            LDS #$0000
    574  5     A549 39                   RTS
    575

000000 Total Errors

000003 Total Symbols
     0x          Label A000 BCKDRAW_Img_Sonic_090
     1x          Label A264 DYN_POS
     1x          Label A545 SSAV_Img_Sonic_090

