/*--------------------------------------------------------------*
 * Compilé avec C6809 v0.83                                     *
 *--------------------------------------------------------------*
 * Fichier source      : ./Sonic2/GeneratedCode/Img_Sonic_094_BckDraw.ASM
 * Fichier destination : ./Sonic2/GeneratedCode/Img_Sonic_094_BckDraw.BIN
 * Contenu :
 *     Main     0:IMGD.ASM     7659
 *--------------------------------------------------------------*/

Macro Pass
Pass1
Pass2
      2        A000                      ORG $A000
      3                  FF              SETDP $FF
      4        A000               BCKDRAW_Img_Sonic_094
      5  6+5   A000 10EF 8D 05CD         STS SSAV_Img_Sonic_094+2,PCR
      6
      7  5+5   A005 ED   8D 0325         STD DYN_POS+2,PCR
      8  6+0   A009 10EE A4              LDS ,Y
      9  4+4   A00C 32   E9 0247         LEAS 583,S
     10
     11  5+1   A010 AE   E8 EB           LDX -21,S
     12  5+2   A013 36   10              PSHU X
     13  4+1   A015 A6   E8 C3           LDA -61,S
     14  5+1   A018 36   02              PSHU A
     15  2     A01A 84   F0              ANDA #$F0
     16  2     A01C 8A   03              ORA #$03
     17  4+1   A01E A7   E8 C3           STA -61,S
     18  4+1   A021 A6   E8 ED           LDA -19,S
     19  5+1   A024 36   02              PSHU A
     20  2     A026 84   0F              ANDA #$0F
     21  2     A028 8A   40              ORA #$40
     22  4+1   A02A A7   E8 ED           STA -19,S
     23  4+1   A02D A6   E8 15           LDA 21,S
     24  5+1   A030 36   02              PSHU A
     25  2     A032 84   0F              ANDA #$0F
     26  2     A034 8A   40              ORA #$40
     27  4+1   A036 A7   E8 15           STA 21,S
     28  4+1   A039 A6   E8 3D           LDA 61,S
     29  5+1   A03C 36   02              PSHU A
     30  2     A03E 84   0F              ANDA #$0F
     31  2     A040 8A   40              ORA #$40
     32  4+1   A042 A7   E8 3D           STA 61,S
     33  3     A045 CC   3433            LDD #$3433
     34  5+1   A048 ED   E8 EB           STD -21,S
     35  5+1   A04B AE   E8 13           LDX 19,S
     36  2     A04E 86   43              LDA #$43
     37  5+1   A050 ED   E8 13           STD 19,S
     38  6+1   A053 10AE E8 3B           LDY 59,S
     39  5+6   A057 36   70              PSHU S,Y,X
     40  3     A059 CC   4223            LDD #$4223
     41  5+1   A05C ED   E8 3B           STD 59,S
     42  4+4   A05F 32   E9 00DA         LEAS 218,S
     43
     44  5+1   A063 EC   E8 B0           LDD -80,S
     45  5+2   A066 36   06              PSHU D
     46  2     A068 84   F0              ANDA #$F0
     47  2     A06A C4   F0              ANDB #$F0
     48  4     A06C C3   0102            ADDD #$0102
     49  5+1   A06F ED   E8 B0           STD -80,S
     50  5+1   A072 EC   63              LDD 3,S
     51  5+2   A074 36   06              PSHU D
     52  2     A076 84   0F              ANDA #$0F
     53  2     A078 C4   0F              ANDB #$0F
     54  4     A07A C3   3040            ADDD #$3040
     55  5+1   A07D ED   63              STD 3,S
     56  4+1   A07F A6   E8 8B           LDA -117,S
     57  5+1   A082 36   02              PSHU A
     58  2     A084 84   0F              ANDA #$0F
     59  2     A086 8A   40              ORA #$40
     60  4+1   A088 A7   E8 8B           STA -117,S
     61  4+1   A08B A6   E8 B4           LDA -76,S
     62  5+1   A08E 36   02              PSHU A
     63  2     A090 84   0F              ANDA #$0F
     64  2     A092 8A   30              ORA #$30
     65  4+1   A094 A7   E8 B4           STA -76,S
     66  4+1   A097 A6   E8 DC           LDA -36,S
     67  5+1   A09A 36   02              PSHU A
     68  2     A09C 84   0F              ANDA #$0F
     69  2     A09E 8A   10              ORA #$10
     70  4+1   A0A0 A7   E8 DC           STA -36,S
     71  5+1   A0A3 AE   E8 89           LDX -119,S
     72  5+2   A0A6 36   10              PSHU X
     73  3     A0A8 CC   4232            LDD #$4232
     74  5+1   A0AB ED   E8 89           STD -119,S
     75  5+1   A0AE EC   E8 B2           LDD -78,S
     76  5+2   A0B1 36   06              PSHU D
     77  2     A0B3 86   22              LDA #$22
     78  2     A0B5 C4   0F              ANDB #$0F
     79  2     A0B7 CA   40              ORB #$40
     80  5+1   A0B9 ED   E8 B2           STD -78,S
     81  5+1   A0BC EC   E8 D8           LDD -40,S
     82  5+2   A0BF 36   06              PSHU D
     83  2     A0C1 86   34              LDA #$34
     84  2     A0C3 C4   F0              ANDB #$F0
     85  2     A0C5 CA   03              ORB #$03
     86  5+1   A0C7 ED   E8 D8           STD -40,S
     87  5+1   A0CA EC   E8 DA           LDD -38,S
     88  5+2   A0CD 36   06              PSHU D
     89  2     A0CF 86   03              LDA #$03
     90  2     A0D1 C4   0F              ANDB #$0F
     91  2     A0D3 CA   30              ORB #$30
     92  5+1   A0D5 ED   E8 DA           STD -38,S
     93  5+3   A0D8 35   12              PULS A,X
     94  5+5   A0DA 36   52              PSHU S,X,A
     95  2     A0DC 86   11              LDA #$11
     96  3     A0DE 8E   3403            LDX #$3403
     97  5+3   A0E1 34   12              PSHS A,X
     98  4+1   A0E3 32   E8 28           LEAS 40,S
     99
    100  5+1   A0E6 EC   63              LDD 3,S
    101  5+2   A0E8 36   06              PSHU D
    102  2     A0EA 84   0F              ANDA #$0F
    103  2     A0EC C4   0F              ANDB #$0F
    104  4     A0EE C3   2010            ADDD #$2010
    105  5+1   A0F1 ED   63              STD 3,S
    106  5+3   A0F3 35   12              PULS A,X
    107  5+5   A0F5 36   52              PSHU S,X,A
    108  2     A0F7 86   43              LDA #$43
    109  3     A0F9 8E   4402            LDX #$4402
    110  5+3   A0FC 34   12              PSHS A,X
    111  4+1   A0FE 32   E8 28           LEAS 40,S
    112
    113  5+1   A101 EC   63              LDD 3,S
    114  5+2   A103 36   06              PSHU D
    115  2     A105 84   0F              ANDA #$0F
    116  2     A107 C4   0F              ANDB #$0F
    117  4     A109 C3   2030            ADDD #$2030
    118  5+1   A10C ED   63              STD 3,S
    119  5+3   A10E 35   12              PULS A,X
    120  5+5   A110 36   52              PSHU S,X,A
    121  2     A112 86   11              LDA #$11
    122  3     A114 8E   4400            LDX #$4400
    123  5+3   A117 34   12              PSHS A,X
    124  4+1   A119 32   E8 28           LEAS 40,S
    125
    126  5+1   A11C EC   63              LDD 3,S
    127  5+2   A11E 36   06              PSHU D
    128  2     A120 84   0F              ANDA #$0F
    129  2     A122 C4   0F              ANDB #$0F
    130  4     A124 C3   2010            ADDD #$2010
    131  5+1   A127 ED   63              STD 3,S
    132  4+1   A129 A6   E8 7B           LDA 123,S
    133  5+1   A12C AE   E8 51           LDX 81,S
    134  5+3   A12F 36   12              PSHU X,A
    135  5+1   A131 EC   E8 28           LDD 40,S
    136  5+2   A134 36   06              PSHU D
    137  2     A136 84   F0              ANDA #$F0
    138  2     A138 8A   04              ORA #$04
    139  2     A13A C6   44              LDB #$44
    140  5+1   A13C ED   E8 28           STD 40,S
    141  5+1   A13F EC   E8 79           LDD 121,S
    142  5+2   A142 36   06              PSHU D
    143  2     A144 84   F0              ANDA #$F0
    144  2     A146 8A   04              ORA #$04
    145  2     A148 C6   00              LDB #$00
    146  5+1   A14A ED   E8 79           STD 121,S
    147  4+1   A14D A6   E8 2C           LDA 44,S
    148  5+1   A150 36   02              PSHU A
    149  2     A152 84   0F              ANDA #$0F
    150  2     A154 8A   40              ORA #$40
    151  4+1   A156 A7   E8 2C           STA 44,S
    152  4+1   A159 A6   E8 53           LDA 83,S
    153  5+1   A15C 36   02              PSHU A
    154  2     A15E 84   0F              ANDA #$0F
    155  2     A160 8A   20              ORA #$20
    156  4+1   A162 A7   E8 53           STA 83,S
    157  2     A165 86   33              LDA #$33
    158  4+1   A167 A7   E8 7B           STA 123,S
    159  2     A16A 86   44              LDA #$44
    160  5+1   A16C ED   E8 51           STD 81,S
    161  5+1   A16F EC   E8 2A           LDD 42,S
    162  5+2   A172 36   06              PSHU D
    163  2     A174 86   20              LDA #$20
    164  2     A176 C4   0F              ANDB #$0F
    165  2     A178 CA   20              ORB #$20
    166  5+1   A17A ED   E8 2A           STD 42,S
    167  5+3   A17D 35   12              PULS A,X
    168  5+5   A17F 36   52              PSHU S,X,A
    169  2     A181 86   41              LDA #$41
    170  3     A183 8E   4420            LDX #$4420
    171  5+3   A186 34   12              PSHS A,X
    172  4+4   A188 32   E9 00A1         LEAS 161,S
    173
    174  5+1   A18C AE   E8 28           LDX 40,S
    175  6+1   A18F 10AE E8 50           LDY 80,S
    176  5+4   A193 36   30              PSHU Y,X
    177  4+1   A195 A6   E8 2A           LDA 42,S
    178  5+1   A198 36   02              PSHU A
    179  2     A19A 84   0F              ANDA #$0F
    180  2     A19C 8A   30              ORA #$30
    181  4+1   A19E A7   E8 2A           STA 42,S
    182  4+1   A1A1 A6   E8 52           LDA 82,S
    183  5+1   A1A4 36   02              PSHU A
    184  2     A1A6 84   0F              ANDA #$0F
    185  2     A1A8 8A   40              ORA #$40
    186  4+1   A1AA A7   E8 52           STA 82,S
    187  3     A1AD CC   4222            LDD #$4222
    188  5+1   A1B0 ED   E8 50           STD 80,S
    189  3     A1B3 CC   3424            LDD #$3424
    190  5+1   A1B6 ED   E8 28           STD 40,S
    191  5+1   A1B9 AE   E8 78           LDX 120,S
    192  5+2   A1BC 36   10              PSHU X
    193  2     A1BE 86   43              LDA #$43
    194  5+1   A1C0 ED   E8 78           STD 120,S
    195  5+3   A1C3 35   12              PULS A,X
    196  5+5   A1C5 36   52              PSHU S,X,A
    197  3     A1C7 8E   2234            LDX #$2234
    198  5+3   A1CA 34   14              PSHS B,X
    199  4+4   A1CC 32   E9 0118         LEAS 280,S
    200
    201  4+1   A1D0 A6   E8 B1           LDA -79,S
    202  5+1   A1D3 AE   E8 88           LDX -120,S
    203  5+3   A1D6 36   12              PSHU X,A
    204  2     A1D8 86   42              LDA #$42
    205  4+1   A1DA A7   E8 B1           STA -79,S
    206  4+1   A1DD A6   E8 D9           LDA -39,S
    207  4+1   A1E0 E6   61              LDB 1,S
    208  5+2   A1E2 36   06              PSHU B,A
    209  3     A1E4 CC   4424            LDD #$4424
    210  5+1   A1E7 ED   E8 88           STD -120,S
    211  4+1   A1EA A7   E8 D9           STA -39,S
    212  2     A1ED 86   33              LDA #$33
    213  4+1   A1EF A7   61              STA 1,S
    214  5+1   A1F1 EC   E8 28           LDD 40,S
    215  5+2   A1F4 36   06              PSHU D
    216  2     A1F6 84   F0              ANDA #$F0
    217  2     A1F8 8A   04              ORA #$04
    218  2     A1FA C6   32              LDB #$32
    219  5+1   A1FC ED   E8 28           STD 40,S
    220  5+1   A1FF EC   E8 50           LDD 80,S
    221  5+2   A202 36   06              PSHU D
    222  2     A204 84   F0              ANDA #$F0
    223  2     A206 8A   04              ORA #$04
    224  2     A208 C6   22              LDB #$22
    225  5+1   A20A ED   E8 50           STD 80,S
    226  5+1   A20D EC   E8 78           LDD 120,S
    227  5+4   A210 36   46              PSHU S,D
    228  2     A212 84   F0              ANDA #$F0
    229  2     A214 8A   04              ORA #$04
    230  2     A216 C6   32              LDB #$32
    231  5+1   A218 ED   E8 78           STD 120,S
    232  4+4   A21B 32   E9 0119         LEAS 281,S
    233
    234  5+1   A21F EC   E8 4F           LDD 79,S
    235  5+2   A222 36   06              PSHU D
    236  2     A224 84   F0              ANDA #$F0
    237  2     A226 C4   F0              ANDB #$F0
    238  4     A228 C3   0303            ADDD #$0303
    239  5+1   A22B ED   E8 4F           STD 79,S
    240  4+1   A22E A6   E8 88           LDA -120,S
    241  4+1   A231 E6   E8 B0           LDB -80,S
    242  5+2   A234 36   06              PSHU B,A
    243  2     A236 86   33              LDA #$33
    244  4+1   A238 A7   E8 88           STA -120,S
    245  2     A23B 86   34              LDA #$34
    246  4+1   A23D A7   E8 B0           STA -80,S
    247  5+1   A240 EC   E8 77           LDD 119,S
    248  5+2   A243 36   06              PSHU D
    249  2     A245 86   43              LDA #$43
    250  2     A247 C4   F0              ANDB #$F0
    251  2     A249 CA   01              ORB #$01
    252  5+1   A24B ED   E8 77           STD 119,S
    253  4+1   A24E A6   E8 D8           LDA -40,S
    254  4+1   A251 E6   E8 27           LDB 39,S
    255  5+4   A254 36   46              PSHU S,B,A
    256  2     A256 C4   F0              ANDB #$F0
    257  2     A258 CA   03              ORB #$03
    258  4+1   A25A E7   E8 27           STB 39,S
    259  2     A25D 86   44              LDA #$44
    260  4+1   A25F A7   E8 D8           STA -40,S
    261  4+4   A262 32   E9 0118         LEAS 280,S
    262
    263  4+1   A266 A6   E8 4F           LDA 79,S
    264  4+1   A269 E6   E8 77           LDB 119,S
    265  5+2   A26C 36   06              PSHU B,A
    266  5+1   A26E EC   E8 87           LDD -121,S
    267  5+2   A271 36   06              PSHU D
    268  2     A273 86   43              LDA #$43
    269  2     A275 C4   F0              ANDB #$F0
    270  2     A277 CA   01              ORB #$01
    271  5+1   A279 ED   E8 87           STD -121,S
    272  5+1   A27C EC   E8 AF           LDD -81,S
    273  5+2   A27F 36   06              PSHU D
    274  2     A281 86   32              LDA #$32
    275  2     A283 C4   F0              ANDB #$F0
    276  2     A285 CA   04              ORB #$04
    277  5+1   A287 ED   E8 AF           STD -81,S
    278  5+1   A28A EC   E8 D7           LDD -41,S
    279  5+2   A28D 36   06              PSHU D
    280  2     A28F 86   32              LDA #$32
    281  2     A291 C4   F0              ANDB #$F0
    282  2     A293 CA   04              ORB #$04
    283  5+1   A295 ED   E8 D7           STD -41,S
    284  5+1   A298 EC   7F              LDD -1,S
    285  5+2   A29A 36   06              PSHU D
    286  2     A29C 86   32              LDA #$32
    287  2     A29E C4   F0              ANDB #$F0
    288  2     A2A0 CA   04              ORB #$04
    289  5+1   A2A2 ED   7F              STD -1,S
    290  5+1   A2A4 EC   E8 27           LDD 39,S
    291  5+2   A2A7 36   06              PSHU D
    292  2     A2A9 86   33              LDA #$33
    293  2     A2AB C4   F0              ANDB #$F0
    294  2     A2AD CA   04              ORB #$04
    295  5+1   A2AF ED   E8 27           STD 39,S
    296  4+1   A2B2 A7   E8 4F           STA 79,S
    297  4+1   A2B5 A7   E8 77           STA 119,S
    298  4+1   A2B8 A6   E8 29           LDA 41,S
    299  5+1   A2BB 36   02              PSHU A
    300  2     A2BD 84   0F              ANDA #$0F
    301  2     A2BF 8A   30              ORA #$30
    302  4+1   A2C1 A7   E8 29           STA 41,S
    303  4+1   A2C4 A6   E8 51           LDA 81,S
    304  5+1   A2C7 36   02              PSHU A
    305  2     A2C9 84   0F              ANDA #$0F
    306  2     A2CB 8A   30              ORA #$30
    307  4+1   A2CD A7   E8 51           STA 81,S
    308  4+1   A2D0 A6   E8 79           LDA 121,S
    309  5+3   A2D3 36   42              PSHU S,A
    310  2     A2D5 84   0F              ANDA #$0F
    311  2     A2D7 8A   30              ORA #$30
    312  4+1   A2D9 A7   E8 79           STA 121,S
    313  4+4   A2DC 32   E9 00DB         LEAS 219,S
    314
    315  4+1   A2E0 A6   E8 C4           LDA -60,S
    316  4+1   A2E3 E6   E8 C6           LDB -58,S
    317  5+2   A2E6 36   06              PSHU B,A
    318  2     A2E8 C4   0F              ANDB #$0F
    319  2     A2EA CA   30              ORB #$30
    320  4+1   A2EC E7   E8 C6           STB -58,S
    321  4+1   A2EF A6   E8 EE           LDA -18,S
    322  5+1   A2F2 36   02              PSHU A
    323  2     A2F4 84   0F              ANDA #$0F
    324  2     A2F6 8A   30              ORA #$30
    325  4+1   A2F8 A7   E8 EE           STA -18,S
    326  4+1   A2FB A6   E8 14           LDA 20,S
    327  5+1   A2FE 36   02              PSHU A
    328  2     A300 84   0F              ANDA #$0F
    329  2     A302 8A   40              ORA #$40
    330  4+1   A304 A7   E8 14           STA 20,S
    331  4+1   A307 A6   E8 16           LDA 22,S
    332  5+1   A30A 36   02              PSHU A
    333  2     A30C 84   0F              ANDA #$0F
    334  2     A30E 8A   40              ORA #$40
    335  4+1   A310 A7   E8 16           STA 22,S
    336  4+1   A313 A6   E8 3C           LDA 60,S
    337  5+1   A316 36   02              PSHU A
    338  2     A318 84   0F              ANDA #$0F
    339  2     A31A 8A   40              ORA #$40
    340  4+1   A31C A7   E8 3C           STA 60,S
    341  4+1   A31F A6   E8 EC           LDA -20,S
    342  5+3   A322 36   42              PSHU S,A
    343  2     A324 86   44              LDA #$44
    344  4+1   A326 A7   E8 C4           STA -60,S
    345  4+1   A329 A7   E8 EC           STA -20,S
    346        A32C               DYN_POS
    347
    348  4     A32C 10CE 0000            LDS #$0000
    349  4+4   A330 32   E9 0233         LEAS 563,S
    350
    351  5+1   A334 EC   E8 28           LDD 40,S
    352  5+2   A337 36   06              PSHU D
    353  2     A339 86   43              LDA #$43
    354  2     A33B C4   0F              ANDB #$0F
    355  2     A33D CA   30              ORB #$30
    356  5+1   A33F ED   E8 28           STD 40,S
    357  4+1   A342 A6   E8 D8           LDA -40,S
    358  4+0   A345 E6   E4              LDB ,S
    359  5+4   A347 36   46              PSHU S,B,A
    360  2     A349 86   33              LDA #$33
    361  4+1   A34B A7   E8 D8           STA -40,S
    362  4+0   A34E A7   E4              STA ,S
    363  4+4   A350 32   E9 00C7         LEAS 199,S
    364
    365  5+1   A354 EC   E8 88           LDD -120,S
    366  5+2   A357 36   06              PSHU D
    367  2     A359 84   F0              ANDA #$F0
    368  2     A35B 8A   04              ORA #$04
    369  2     A35D C6   34              LDB #$34
    370  5+1   A35F ED   E8 88           STD -120,S
    371  5+1   A362 EC   E8 D8           LDD -40,S
    372  5+2   A365 36   06              PSHU D
    373  2     A367 84   F0              ANDA #$F0
    374  2     A369 8A   03              ORA #$03
    375  2     A36B C6   30              LDB #$30
    376  5+1   A36D ED   E8 D8           STD -40,S
    377  4+1   A370 A6   E8 8A           LDA -118,S
    378  5+1   A373 AE   E8 B1           LDX -79,S
    379  6+1   A376 10AE E8 DA           LDY -38,S
    380  5+5   A37A 36   32              PSHU Y,X,A
    381  2     A37C 86   34              LDA #$34
    382  4+1   A37E A7   E8 8A           STA -118,S
    383  3     A381 CC   2333            LDD #$2333
    384  5+1   A384 ED   E8 B1           STD -79,S
    385  3     A387 CC   2044            LDD #$2044
    386  5+1   A38A ED   E8 DA           STD -38,S
    387  5+4   A38D 35   30              PULS X,Y
    388  5+6   A38F 36   70              PSHU S,Y,X
    389  3     A391 CC   4100            LDD #$4100
    390  3     A394 8E   0041            LDX #$0041
    391  5+4   A397 34   16              PSHS D,X
    392  4+1   A399 32   E8 28           LEAS 40,S
    393
    394  5+4   A39C 35   30              PULS X,Y
    395  5+6   A39E 36   70              PSHU S,Y,X
    396  3     A3A0 CC   1100            LDD #$1100
    397  3     A3A3 8E   0033            LDX #$0033
    398  5+4   A3A6 34   16              PSHS D,X
    399  4+1   A3A8 32   E8 28           LEAS 40,S
    400
    401  5+4   A3AB 35   30              PULS X,Y
    402  5+6   A3AD 36   70              PSHU S,Y,X
    403  3     A3AF CC   3100            LDD #$3100
    404  3     A3B2 8E   0013            LDX #$0013
    405  5+4   A3B5 34   16              PSHS D,X
    406  4+1   A3B7 32   E8 28           LEAS 40,S
    407
    408  5+4   A3BA 35   30              PULS X,Y
    409  5+6   A3BC 36   70              PSHU S,Y,X
    410  3     A3BE CC   3100            LDD #$3100
    411  3     A3C1 8E   0011            LDX #$0011
    412  5+4   A3C4 34   16              PSHS D,X
    413  4+1   A3C6 32   E8 28           LEAS 40,S
    414
    415  5+4   A3C9 35   30              PULS X,Y
    416  5+6   A3CB 36   70              PSHU S,Y,X
    417  3     A3CD CC   1100            LDD #$1100
    418  3     A3D0 8E   2031            LDX #$2031
    419  5+4   A3D3 34   16              PSHS D,X
    420  4+1   A3D5 32   E8 28           LEAS 40,S
    421
    422  5+4   A3D8 35   30              PULS X,Y
    423  5+6   A3DA 36   70              PSHU S,Y,X
    424  3     A3DC CC   1300            LDD #$1300
    425  3     A3DF 8E   2041            LDX #$2041
    426  5+4   A3E2 34   16              PSHS D,X
    427  4+1   A3E4 32   E8 28           LEAS 40,S
    428
    429  5+4   A3E7 35   30              PULS X,Y
    430  5+6   A3E9 36   70              PSHU S,Y,X
    431  3     A3EB CC   3400            LDD #$3400
    432  3     A3EE 8E   0034            LDX #$0034
    433  5+4   A3F1 34   16              PSHS D,X
    434  4+1   A3F3 32   E8 28           LEAS 40,S
    435
    436  5+1   A3F6 AE   E8 29           LDX 41,S
    437  3     A3F9 CC   3022            LDD #$3022
    438  5+1   A3FC ED   E8 29           STD 41,S
    439  6+1   A3FF 10AE E8 79           LDY 121,S
    440  5+4   A403 36   30              PSHU Y,X
    441  2     A405 86   32              LDA #$32
    442  5+1   A407 ED   E8 79           STD 121,S
    443  5+1   A40A EC   E8 51           LDD 81,S
    444  5+2   A40D 36   06              PSHU D
    445  3     A40F CC   2242            LDD #$2242
    446  5+1   A412 ED   E8 51           STD 81,S
    447  5+3   A415 35   12              PULS A,X
    448  5+5   A417 36   52              PSHU S,X,A
    449  2     A419 86   34              LDA #$34
    450  3     A41B 8E   2000            LDX #$2000
    451  5+3   A41E 34   12              PSHS A,X
    452  4+4   A420 32   E9 0119         LEAS 281,S
    453
    454  5+1   A424 EC   E8 87           LDD -121,S
    455  5+2   A427 36   06              PSHU D
    456  2     A429 84   F0              ANDA #$F0
    457  2     A42B 8A   04              ORA #$04
    458  2     A42D C6   43              LDB #$43
    459  5+1   A42F ED   E8 87           STD -121,S
    460  5+1   A432 EC   E8 AF           LDD -81,S
    461  5+2   A435 36   06              PSHU D
    462  2     A437 84   F0              ANDA #$F0
    463  2     A439 8A   04              ORA #$04
    464  2     A43B C6   24              LDB #$24
    465  5+1   A43D ED   E8 AF           STD -81,S
    466  5+1   A440 EC   E8 D7           LDD -41,S
    467  5+2   A443 36   06              PSHU D
    468  2     A445 84   F0              ANDA #$F0
    469  2     A447 8A   04              ORA #$04
    470  2     A449 C6   34              LDB #$34
    471  5+1   A44B ED   E8 D7           STD -41,S
    472  4+1   A44E A6   E8 B1           LDA -79,S
    473  4+1   A451 E7   E8 B1           STB -79,S
    474  4+1   A454 E6   E8 89           LDB -119,S
    475  5+2   A457 36   06              PSHU B,A
    476  2     A459 86   23              LDA #$23
    477  4+1   A45B A7   E8 89           STA -119,S
    478  5+0   A45E EC   E4              LDD ,S
    479  5+2   A460 36   06              PSHU D
    480  2     A462 86   43              LDA #$43
    481  2     A464 C4   0F              ANDB #$0F
    482  2     A466 CA   40              ORB #$40
    483  5+0   A468 ED   E4              STD ,S
    484  5+1   A46A EC   E8 28           LDD 40,S
    485  5+2   A46D 36   06              PSHU D
    486  2     A46F 86   43              LDA #$43
    487  2     A471 C4   0F              ANDB #$0F
    488  2     A473 CA   30              ORB #$30
    489  5+1   A475 ED   E8 28           STD 40,S
    490  5+1   A478 EC   E8 50           LDD 80,S
    491  5+2   A47B 36   06              PSHU D
    492  2     A47D 86   44              LDA #$44
    493  2     A47F C4   0F              ANDB #$0F
    494  2     A481 CA   20              ORB #$20
    495  5+1   A483 ED   E8 50           STD 80,S
    496  5+1   A486 EC   E8 78           LDD 120,S
    497  5+2   A489 36   06              PSHU D
    498  2     A48B 86   44              LDA #$44
    499  2     A48D C4   0F              ANDB #$0F
    500  2     A48F CA   20              ORB #$20
    501  5+1   A491 ED   E8 78           STD 120,S
    502  4+1   A494 A6   E8 D9           LDA -39,S
    503  5+3   A497 36   42              PSHU S,A
    504  2     A499 84   0F              ANDA #$0F
    505  2     A49B 8A   40              ORA #$40
    506  4+1   A49D A7   E8 D9           STA -39,S
    507  4+4   A4A0 32   E9 0118         LEAS 280,S
    508
    509  5+1   A4A4 EC   E8 88           LDD -120,S
    510  5+2   A4A7 36   06              PSHU D
    511  2     A4A9 84   F0              ANDA #$F0
    512  2     A4AB C4   0F              ANDB #$0F
    513  4     A4AD C3   0430            ADDD #$0430
    514  5+1   A4B0 ED   E8 88           STD -120,S
    515  5+1   A4B3 EC   E8 B0           LDD -80,S
    516  5+2   A4B6 36   06              PSHU D
    517  2     A4B8 84   F0              ANDA #$F0
    518  2     A4BA C4   0F              ANDB #$0F
    519  4     A4BC C3   0430            ADDD #$0430
    520  5+1   A4BF ED   E8 B0           STD -80,S
    521  5+1   A4C2 EC   E8 D8           LDD -40,S
    522  5+2   A4C5 36   06              PSHU D
    523  2     A4C7 84   0F              ANDA #$0F
    524  2     A4C9 C4   0F              ANDB #$0F
    525  4     A4CB C3   4040            ADDD #$4040
    526  5+1   A4CE ED   E8 D8           STD -40,S
    527  4+1   A4D1 A6   61              LDA 1,S
    528  5+1   A4D3 36   02              PSHU A
    529  2     A4D5 84   0F              ANDA #$0F
    530  2     A4D7 8A   30              ORA #$30
    531  4+1   A4D9 A7   61              STA 1,S
    532  5+1   A4DB EC   E8 28           LDD 40,S
    533  5+2   A4DE 36   06              PSHU D
    534  2     A4E0 86   13              LDA #$13
    535  2     A4E2 C4   0F              ANDB #$0F
    536  2     A4E4 CA   30              ORB #$30
    537  5+1   A4E6 ED   E8 28           STD 40,S
    538  5+1   A4E9 EC   E8 50           LDD 80,S
    539  5+2   A4EC 36   06              PSHU D
    540  2     A4EE 86   04              LDA #$04
    541  2     A4F0 C4   0F              ANDB #$0F
    542  2     A4F2 CA   30              ORB #$30
    543  5+1   A4F4 ED   E8 50           STD 80,S
    544  5+1   A4F7 EC   E8 78           LDD 120,S
    545  5+4   A4FA 36   46              PSHU S,D
    546  2     A4FC 86   04              LDA #$04
    547  2     A4FE C4   0F              ANDB #$0F
    548  2     A500 CA   30              ORB #$30
    549  5+1   A502 ED   E8 78           STD 120,S
    550  4+4   A505 32   E9 0119         LEAS 281,S
    551
    552  4+1   A509 A6   E8 50           LDA 80,S
    553  4+1   A50C E6   E8 78           LDB 120,S
    554  5+1   A50F AE   7F              LDX -1,S
    555  6+1   A511 10AE E8 D7           LDY -41,S
    556  5+6   A515 36   36              PSHU Y,X,B,A
    557  3     A517 CC   4413            LDD #$4413
    558  5+1   A51A ED   E8 D7           STD -41,S
    559  5+1   A51D EC   E8 26           LDD 38,S
    560  5+2   A520 36   06              PSHU D
    561  2     A522 84   F0              ANDA #$F0
    562  2     A524 8A   04              ORA #$04
    563  2     A526 C6   34              LDB #$34
    564  5+1   A528 ED   E8 26           STD 38,S
    565  5+1   A52B EC   E8 87           LDD -121,S
    566  5+2   A52E 36   06              PSHU D
    567  2     A530 86   00              LDA #$00
    568  2     A532 C4   0F              ANDB #$0F
    569  2     A534 CA   30              ORB #$30
    570  5+1   A536 ED   E8 87           STD -121,S
    571  5+1   A539 EC   E8 AF           LDD -81,S
    572  5+2   A53C 36   06              PSHU D
    573  2     A53E 86   14              LDA #$14
    574  2     A540 C4   0F              ANDB #$0F
    575  2     A542 CA   00              ORB #$00
    576  5+1   A544 ED   E8 AF           STD -81,S
    577  5+1   A547 EC   E8 4E           LDD 78,S
    578  5+2   A54A 36   06              PSHU D
    579  2     A54C 84   F0              ANDA #$F0
    580  2     A54E C4   0F              ANDB #$0F
    581  4     A550 C3   0430            ADDD #$0430
    582  5+1   A553 ED   E8 4E           STD 78,S
    583  5+1   A556 EC   E8 76           LDD 118,S
    584  5+2   A559 36   06              PSHU D
    585  2     A55B 84   F0              ANDA #$F0
    586  2     A55D C4   0F              ANDB #$0F
    587  4     A55F C3   0440            ADDD #$0440
    588  5+1   A562 ED   E8 76           STD 118,S
    589  4+1   A565 A6   E8 28           LDA 40,S
    590  5+3   A568 36   42              PSHU S,A
    591  2     A56A 86   32              LDA #$32
    592  4+1   A56C A7   E8 28           STA 40,S
    593  2     A56F 86   33              LDA #$33
    594  4+1   A571 A7   E8 50           STA 80,S
    595  3     A574 CC   3443            LDD #$3443
    596  5+1   A577 ED   7F              STD -1,S
    597  4+1   A579 E7   E8 78           STB 120,S
    598  4+4   A57C 32   E9 00DA         LEAS 218,S
    599
    600  5+1   A580 EC   E8 C4           LDD -60,S
    601  5+2   A583 36   06              PSHU D
    602  2     A585 84   F0              ANDA #$F0
    603  2     A587 C4   0F              ANDB #$0F
    604  4     A589 C3   0440            ADDD #$0440
    605  5+1   A58C ED   E8 C4           STD -60,S
    606  4+1   A58F A6   E8 C6           LDA -58,S
    607  4+1   A592 E6   E8 EC           LDB -20,S
    608  5+2   A595 36   06              PSHU B,A
    609  2     A597 C4   F0              ANDB #$F0
    610  2     A599 CA   04              ORB #$04
    611  4+1   A59B E7   E8 EC           STB -20,S
    612  4+1   A59E A6   E8 14           LDA 20,S
    613  5+1   A5A1 36   02              PSHU A
    614  2     A5A3 84   F0              ANDA #$F0
    615  2     A5A5 8A   04              ORA #$04
    616  4+1   A5A7 A7   E8 14           STA 20,S
    617  4+1   A5AA A6   E8 16           LDA 22,S
    618  5+1   A5AD 36   02              PSHU A
    619  2     A5AF 84   F0              ANDA #$F0
    620  2     A5B1 8A   04              ORA #$04
    621  4+1   A5B3 A7   E8 16           STA 22,S
    622  4+1   A5B6 A6   E8 3C           LDA 60,S
    623  5+1   A5B9 36   02              PSHU A
    624  2     A5BB 84   F0              ANDA #$F0
    625  2     A5BD 8A   04              ORA #$04
    626  4+1   A5BF A7   E8 3C           STA 60,S
    627  4+1   A5C2 A6   E8 EE           LDA -18,S
    628  5+3   A5C5 36   42              PSHU S,A
    629  2     A5C7 86   43              LDA #$43
    630  4+1   A5C9 A7   E8 C6           STA -58,S
    631  4+1   A5CC A7   E8 EE           STA -18,S
    632        A5CF               SSAV_Img_Sonic_094
    633  4     A5CF 10CE 0000            LDS #$0000
    634  5     A5D3 39                   RTS
    635

000000 Total Errors

000003 Total Symbols
     0x          Label A000 BCKDRAW_Img_Sonic_094
     1x          Label A32C DYN_POS
     1x          Label A5CF SSAV_Img_Sonic_094

