/*--------------------------------------------------------------*
 * Compilé avec C6809 v0.83                                     *
 *--------------------------------------------------------------*
 * Fichier source      : ./Sonic2/GeneratedCode/Img_Sonic_031_Erase.ASM
 * Fichier destination : ./Sonic2/GeneratedCode/Img_Sonic_031_Erase.BIN
 * Contenu :
 *     Main     0:IMGE.ASM     2056
 *--------------------------------------------------------------*/

Macro Pass
Pass1
Pass2
      2        A000                      ORG $A000
      3                  FF              SETDP $FF
      4        A000               ERASE_Img_Sonic_031
      5  6+5   A000 10EF 8D 0151         STS ERASE_SSAV_Img_Sonic_031+2,PCR>>
      6
      7        A005               ERASE_CODE_Img_Sonic_031_1
      8  5+3   A005 37   42              PULU A,S
      9  4+1   A007 A7   E8 16           STA 22,S
     10
     11  5+2   A00A 37   06              PULU A,B
     12  4+1   A00C A7   E8 14           STA 20,S
     13  4+1   A00F E7   E8 EC           STB -20,S
     14
     15  5+3   A012 37   12              PULU A,X
     16  4+1   A014 A7   E8 EE           STA -18,S
     17  5+1   A017 AF   E8 EA           STX -22,S
     18
     19  5+6   A01A 37   56              PULU D,X,S
     20  5+4   A01C 34   16              PSHS D,X
     21
     22  5+2   A01E 37   06              PULU D
     23  5+1   A020 ED   E8 28           STD 40,S
     24
     25  5+5   A023 37   32              PULU A,X,Y
     26  4+1   A025 A7   E8 7A           STA 122,S
     27  5+1   A028 AF   E8 2A           STX 42,S
     28  6+1   A02B 10AF E8 52           STY 82,S
     29
     30  5+2   A02F 37   06              PULU A,B
     31  4+1   A031 A7   E8 7C           STA 124,S
     32  4+1   A034 E7   E8 54           STB 84,S
     33
     34  5+6   A037 37   36              PULU A,B,X,Y
     35  4+1   A039 A7   E8 2C           STA 44,S
     36  4+1   A03C E7   64              STB 4,S
     37  5+1   A03E AF   E8 78           STX 120,S
     38  6+1   A041 10AF E8 50           STY 80,S
     39
     40  5+6   A045 37   56              PULU D,X,S
     41  5+4   A047 34   16              PSHS D,X
     42
     43  5+1   A049 37   02              PULU A
     44  4+1   A04B A7   64              STA 4,S
     45
     46  5+6   A04D 37   56              PULU D,X,S
     47  5+4   A04F 34   16              PSHS D,X
     48
     49  5+1   A051 37   02              PULU A
     50  4+1   A053 A7   64              STA 4,S
     51
     52  5+6   A055 37   56              PULU D,X,S
     53  5+4   A057 34   16              PSHS D,X
     54
     55  5+1   A059 37   02              PULU A
     56  4+1   A05B A7   64              STA 4,S
     57
     58  5+6   A05D 37   56              PULU D,X,S
     59  5+4   A05F 34   16              PSHS D,X
     60
     61  5+1   A061 37   02              PULU A
     62  4+1   A063 A7   64              STA 4,S
     63
     64  5+6   A065 37   56              PULU D,X,S
     65  5+4   A067 34   16              PSHS D,X
     66
     67  5+1   A069 37   02              PULU A
     68  4+1   A06B A7   64              STA 4,S
     69
     70  5+5   A06D 37   52              PULU A,X,S
     71  5+3   A06F 34   12              PSHS A,X
     72
     73  5+2   A071 37   06              PULU D
     74  5+1   A073 ED   63              STD 3,S
     75
     76  5+5   A075 37   52              PULU A,X,S
     77  5+3   A077 34   12              PSHS A,X
     78
     79  5+1   A079 37   02              PULU A
     80  4+1   A07B A7   64              STA 4,S
     81
     82  5+5   A07D 37   52              PULU A,X,S
     83  5+3   A07F 34   12              PSHS A,X
     84
     85  5+1   A081 37   02              PULU A
     86  4+1   A083 A7   64              STA 4,S
     87
     88  5+5   A085 37   52              PULU A,X,S
     89  5+3   A087 34   12              PSHS A,X
     90
     91  5+2   A089 37   06              PULU D
     92  5+1   A08B ED   E8 D8           STD -40,S
     93
     94  5+2   A08E 37   06              PULU A,B
     95  4+1   A090 A7   64              STA 4,S
     96  4+1   A092 E7   E8 DC           STB -36,S
     97
     98  5+5   A095 37   32              PULU A,X,Y
     99  4+1   A097 A7   E8 DA           STA -38,S
    100  5+1   A09A AF   E8 88           STX -120,S
    101  6+1   A09D 10AF E8 B0           STY -80,S
    102
    103  5+3   A0A1 37   42              PULU A,S
    104  4+1   A0A3 A7   E8 C4           STA -60,S
    105
    106  5+5   A0A6 37   32              PULU A,X,Y
    107  4+1   A0A8 A7   E8 EC           STA -20,S
    108  5+1   A0AB AF   E8 3B           STX 59,S
    109  6+1   A0AE 10AF E8 13           STY 19,S
    110
    111  5+3   A0B2 37   42              PULU A,S
    112  4+1   A0B4 A7   E8 50           STA 80,S
    113
    114  5+2   A0B7 37   06              PULU A,B
    115  4+1   A0B9 A7   E8 28           STA 40,S
    116  4+0   A0BC E7   E4              STB ,S
    117
    118  5+5   A0BE 37   32              PULU A,X,Y
    119  4+1   A0C0 A7   E8 B1           STA -79,S
    120  5+1   A0C3 AF   E8 D8           STX -40,S
    121  6+1   A0C6 10AF E8 AF           STY -81,S
    122
    123  5+5   A0CA 37   52              PULU A,X,S
    124  5+3   A0CC 34   12              PSHS A,X
    125
    126  5+6   A0CE 37   36              PULU A,B,X,Y
    127  4+1   A0D0 A7   E8 7C           STA 124,S
    128  4+1   A0D3 E7   E8 7A           STB 122,S
    129  5+1   A0D6 AF   63              STX 3,S
    130  6+1   A0D8 10AF E8 52           STY 82,S
    131
    132  5+4   A0DC 37   16              PULU D,X
    133  5+1   A0DE ED   E8 2A           STD 42,S
    134  5+1   A0E1 AF   E8 28           STX 40,S
    135
    136  5+6   A0E4 37   36              PULU A,B,X,Y
    137  4+1   A0E6 A7   E8 2C           STA 44,S
    138  4+1   A0E9 E7   E8 54           STB 84,S
    139  5+1   A0EC AF   E8 78           STX 120,S
    140  6+1   A0EF 10AF E8 50           STY 80,S
    141
    142  5+7   A0F3 37   72              PULU A,X,Y,S
    143  5+5   A0F5 34   32              PSHS A,X,Y
    144
    145  5+7   A0F7 37   72              PULU A,X,Y,S
    146  5+5   A0F9 34   32              PSHS A,X,Y
    147
    148  5+7   A0FB 37   72              PULU A,X,Y,S
    149  5+5   A0FD 34   32              PSHS A,X,Y
    150
    151  5+7   A0FF 37   72              PULU A,X,Y,S
    152  5+5   A101 34   32              PSHS A,X,Y
    153
    154  5+7   A103 37   72              PULU A,X,Y,S
    155  5+5   A105 34   32              PSHS A,X,Y
    156
    157  5+7   A107 37   72              PULU A,X,Y,S
    158  5+5   A109 34   32              PSHS A,X,Y
    159
    160  5+6   A10B 37   56              PULU D,X,S
    161  5+4   A10D 34   16              PSHS D,X
    162
    163  5+1   A10F 37   02              PULU A
    164  4+1   A111 A7   64              STA 4,S
    165
    166  5+5   A113 37   52              PULU A,X,S
    167  5+3   A115 34   12              PSHS A,X
    168
    169  5+2   A117 37   06              PULU D
    170  5+1   A119 ED   E8 DA           STD -38,S
    171
    172  5+5   A11C 37   32              PULU A,X,Y
    173  4+1   A11E A7   E8 8A           STA -118,S
    174  5+1   A121 AF   63              STX 3,S
    175  6+1   A123 10AF E8 B2           STY -78,S
    176
    177  5+6   A127 37   36              PULU D,X,Y
    178  5+1   A129 ED   E8 D8           STD -40,S
    179  5+1   A12C AF   E8 B0           STX -80,S
    180  6+1   A12F 10AF E8 88           STY -120,S
    181
    182  5+4   A133 37   46              PULU D,S
    183  5+1   A135 ED   E8 4E           STD 78,S
    184
    185  5+4   A138 37   16              PULU D,X
    186  5+1   A13A ED   E8 26           STD 38,S
    187  5+1   A13D AF   7E              STX -2,S
    188
    189  5+2   A13F 37   06              PULU A,B
    190  4+1   A141 A7   E8 50           STA 80,S
    191  4+1   A144 E7   E8 28           STB 40,S
    192
    193  5+2   A147 37   06              PULU A,B
    194  4+1   A149 A7   E8 D7           STA -41,S
    195  4+0   A14C E7   E4              STB ,S
    196
    197  5+1   A14E 37   02              PULU A
    198  4+1   A150 A7   E8 AF           STA -81,S
    199
    200        A153               ERASE_SSAV_Img_Sonic_031
    201  4     A153 10CE 0000            LDS #$0000
    202  5     A157 39                   RTS
    203

000000 Total Errors

000003 Total Symbols
     0x          Label A005 ERASE_CODE_Img_Sonic_031_1
     0x          Label A000 ERASE_Img_Sonic_031
     1x          Label A153 ERASE_SSAV_Img_Sonic_031

