/*--------------------------------------------------------------*
 * Compilé avec C6809 v0.83                                     *
 *--------------------------------------------------------------*
 * Fichier source      : ./Sonic2/GeneratedCode/Img_Sonic_035_Erase.ASM
 * Fichier destination : ./Sonic2/GeneratedCode/Img_Sonic_035_Erase.BIN
 * Contenu :
 *     Main     0:IMGE.ASM     2092
 *--------------------------------------------------------------*/

Macro Pass
Pass1
Pass2
      2        A000                      ORG $A000
      3                  FF              SETDP $FF
      4        A000               ERASE_Img_Sonic_035
      5  6+5   A000 10EF 8D 014D         STS ERASE_SSAV_Img_Sonic_035+2,PCR>>
      6
      7        A005               ERASE_CODE_Img_Sonic_035_1
      8  5+3   A005 37   42              PULU A,S
      9  4+1   A007 A7   E8 16           STA 22,S
     10
     11  5+2   A00A 37   06              PULU A,B
     12  4+1   A00C A7   E8 14           STA 20,S
     13  4+1   A00F E7   E8 EC           STB -20,S
     14
     15  5+3   A012 37   12              PULU A,X
     16  4+1   A014 A7   E8 EE           STA -18,S
     17  5+1   A017 AF   E8 EA           STX -22,S
     18
     19  5+6   A01A 37   56              PULU D,X,S
     20  5+4   A01C 34   16              PSHS D,X
     21
     22  5+6   A01E 37   36              PULU D,X,Y
     23  5+1   A020 ED   E8 7A           STD 122,S
     24  5+1   A023 AF   E8 52           STX 82,S
     25  6+1   A026 10AF E8 78           STY 120,S
     26
     27  5+2   A02A 37   06              PULU D
     28  5+1   A02C ED   E8 50           STD 80,S
     29
     30  5+2   A02F 37   06              PULU A,B
     31  4+1   A031 A7   E8 7C           STA 124,S
     32  4+1   A034 E7   E8 54           STB 84,S
     33
     34  5+6   A037 37   36              PULU A,B,X,Y
     35  4+1   A039 A7   E8 2C           STA 44,S
     36  4+1   A03C E7   64              STB 4,S
     37  5+1   A03E AF   E8 2A           STX 42,S
     38  6+1   A041 10AF E8 28           STY 40,S
     39
     40  5+6   A045 37   56              PULU D,X,S
     41  5+4   A047 34   16              PSHS D,X
     42
     43  5+1   A049 37   02              PULU A
     44  4+1   A04B A7   64              STA 4,S
     45
     46  5+6   A04D 37   56              PULU D,X,S
     47  5+4   A04F 34   16              PSHS D,X
     48
     49  5+1   A051 37   02              PULU A
     50  4+1   A053 A7   64              STA 4,S
     51
     52  5+6   A055 37   56              PULU D,X,S
     53  5+4   A057 34   16              PSHS D,X
     54
     55  5+1   A059 37   02              PULU A
     56  4+1   A05B A7   64              STA 4,S
     57
     58  5+6   A05D 37   56              PULU D,X,S
     59  5+4   A05F 34   16              PSHS D,X
     60
     61  5+1   A061 37   02              PULU A
     62  4+1   A063 A7   64              STA 4,S
     63
     64  5+6   A065 37   56              PULU D,X,S
     65  5+4   A067 34   16              PSHS D,X
     66
     67  5+1   A069 37   02              PULU A
     68  4+1   A06B A7   64              STA 4,S
     69
     70  5+5   A06D 37   52              PULU A,X,S
     71  5+3   A06F 34   12              PSHS A,X
     72
     73  5+2   A071 37   06              PULU D
     74  5+1   A073 ED   63              STD 3,S
     75
     76  5+5   A075 37   52              PULU A,X,S
     77  5+3   A077 34   12              PSHS A,X
     78
     79  5+1   A079 37   02              PULU A
     80  4+1   A07B A7   64              STA 4,S
     81
     82  5+5   A07D 37   52              PULU A,X,S
     83  5+3   A07F 34   12              PSHS A,X
     84
     85  5+1   A081 37   02              PULU A
     86  4+1   A083 A7   64              STA 4,S
     87
     88  5+5   A085 37   52              PULU A,X,S
     89  5+3   A087 34   12              PSHS A,X
     90
     91  5+2   A089 37   06              PULU D
     92  5+1   A08B ED   E8 D8           STD -40,S
     93
     94  5+2   A08E 37   06              PULU A,B
     95  4+1   A090 A7   64              STA 4,S
     96  4+1   A092 E7   E8 DC           STB -36,S
     97
     98  5+5   A095 37   32              PULU A,X,Y
     99  4+1   A097 A7   E8 DA           STA -38,S
    100  5+1   A09A AF   E8 88           STX -120,S
    101  6+1   A09D 10AF E8 B0           STY -80,S
    102
    103  5+3   A0A1 37   42              PULU A,S
    104  4+1   A0A3 A7   E8 C4           STA -60,S
    105
    106  5+5   A0A6 37   32              PULU A,X,Y
    107  4+1   A0A8 A7   E8 EC           STA -20,S
    108  5+1   A0AB AF   E8 3B           STX 59,S
    109  6+1   A0AE 10AF E8 13           STY 19,S
    110
    111  5+3   A0B2 37   42              PULU A,S
    112  4+1   A0B4 A7   E8 14           STA 20,S
    113
    114  5+1   A0B7 37   02              PULU A
    115  4+1   A0B9 A7   E8 EC           STA -20,S
    116
    117  5+6   A0BC 37   56              PULU A,B,X,S
    118  5+3   A0BE 34   14              PSHS B,X
    119  4+1   A0C0 A7   E8 79           STA 121,S
    120
    121  5+2   A0C3 37   06              PULU D
    122  5+1   A0C5 ED   E8 51           STD 81,S
    123
    124  5+4   A0C8 37   16              PULU A,B,X
    125  4+1   A0CA A7   E8 2A           STA 42,S
    126  4+1   A0CD E7   64              STB 4,S
    127  5+1   A0CF AF   E8 28           STX 40,S
    128
    129  5+5   A0D2 37   52              PULU A,X,S
    130  5+3   A0D4 34   12              PSHS A,X
    131
    132  5+1   A0D6 37   02              PULU A
    133  4+1   A0D8 A7   64              STA 4,S
    134
    135  5+5   A0DA 37   52              PULU A,X,S
    136  5+3   A0DC 34   12              PSHS A,X
    137
    138  5+1   A0DE 37   02              PULU A
    139  4+1   A0E0 A7   64              STA 4,S
    140
    141  5+5   A0E2 37   52              PULU A,X,S
    142  5+3   A0E4 34   12              PSHS A,X
    143
    144  5+1   A0E6 37   02              PULU A
    145  4+1   A0E8 A7   64              STA 4,S
    146
    147  5+7   A0EA 37   72              PULU A,X,Y,S
    148  5+5   A0EC 34   32              PSHS A,X,Y
    149
    150  5+7   A0EE 37   72              PULU A,X,Y,S
    151  5+5   A0F0 34   32              PSHS A,X,Y
    152
    153  5+7   A0F2 37   72              PULU A,X,Y,S
    154  5+5   A0F4 34   32              PSHS A,X,Y
    155
    156  5+5   A0F6 37   52              PULU A,X,S
    157  5+3   A0F8 34   12              PSHS A,X
    158
    159  5+2   A0FA 37   06              PULU D
    160  5+1   A0FC ED   63              STD 3,S
    161
    162  5+5   A0FE 37   52              PULU A,X,S
    163  5+3   A100 34   12              PSHS A,X
    164
    165  5+2   A102 37   06              PULU D
    166  5+1   A104 ED   63              STD 3,S
    167
    168  5+7   A106 37   72              PULU A,X,Y,S
    169  5+5   A108 34   32              PSHS A,X,Y
    170
    171  5+6   A10A 37   56              PULU D,X,S
    172  5+4   A10C 34   16              PSHS D,X
    173
    174  5+1   A10E 37   02              PULU A
    175  4+1   A110 A7   64              STA 4,S
    176
    177  5+6   A112 37   56              PULU D,X,S
    178  5+4   A114 34   16              PSHS D,X
    179
    180  5+2   A116 37   06              PULU D
    181  5+1   A118 ED   E8 DA           STD -38,S
    182
    183  5+5   A11B 37   32              PULU A,X,Y
    184  4+1   A11D A7   E8 8A           STA -118,S
    185  5+1   A120 AF   E8 B2           STX -78,S
    186  6+1   A123 10AF E8 D8           STY -40,S
    187
    188  5+4   A127 37   16              PULU D,X
    189  5+1   A129 ED   E8 B0           STD -80,S
    190  5+1   A12C AF   E8 88           STX -120,S
    191
    192  5+4   A12F 37   46              PULU D,S
    193  5+1   A131 ED   E8 4E           STD 78,S
    194
    195  5+4   A134 37   16              PULU D,X
    196  5+1   A136 ED   E8 26           STD 38,S
    197  5+1   A139 AF   7E              STX -2,S
    198
    199  5+2   A13B 37   06              PULU A,B
    200  4+1   A13D A7   E8 50           STA 80,S
    201  4+1   A140 E7   E8 28           STB 40,S
    202
    203  5+2   A143 37   06              PULU A,B
    204  4+1   A145 A7   E8 D7           STA -41,S
    205  4+0   A148 E7   E4              STB ,S
    206
    207  5+1   A14A 37   02              PULU A
    208  4+1   A14C A7   E8 AF           STA -81,S
    209
    210        A14F               ERASE_SSAV_Img_Sonic_035
    211  4     A14F 10CE 0000            LDS #$0000
    212  5     A153 39                   RTS
    213

000000 Total Errors

000003 Total Symbols
     0x          Label A005 ERASE_CODE_Img_Sonic_035_1
     0x          Label A000 ERASE_Img_Sonic_035
     1x          Label A14F ERASE_SSAV_Img_Sonic_035

