/*--------------------------------------------------------------*
 * Compilé avec C6809 v0.83                                     *
 *--------------------------------------------------------------*
 * Fichier source      : ./Sonic2/GeneratedCode/Img_Sonic_212_BckDraw.ASM
 * Fichier destination : ./Sonic2/GeneratedCode/Img_Sonic_212_BckDraw.BIN
 * Contenu :
 *     Main     0:IMGD.ASM     6650
 *--------------------------------------------------------------*/

Macro Pass
Pass1
Pass2
      2        A000                      ORG $A000
      3                  FF              SETDP $FF
      4        A000               BCKDRAW_Img_Sonic_212
      5  6+5   A000 10EF 8D 0516         STS SSAV_Img_Sonic_212+2,PCR
      6
      7  5+5   A005 ED   8D 029E         STD DYN_POS+2,PCR
      8  6+0   A009 10EE A4              LDS ,Y
      9  4+4   A00C 32   E9 02FB         LEAS 763,S
     10
     11  4+1   A010 A6   E8 D8           LDA -40,S
     12  4+0   A013 E6   E4              LDB ,S
     13  5+1   A015 AE   E8 78           LDX 120,S
     14  6+1   A018 10AE E8 50           LDY 80,S
     15  5+6   A01C 36   36              PSHU Y,X,B,A
     16  5+1   A01E EC   E8 28           LDD 40,S
     17  5+2   A021 36   06              PSHU D
     18  2     A023 86   BB              LDA #$bb
     19  2     A025 C4   0F              ANDB #$0F
     20  2     A027 CA   C0              ORB #$c0
     21  5+1   A029 ED   E8 28           STD 40,S
     22  4+0   A02C A7   E4              STA ,S
     23  3     A02E CC   BBCC            LDD #$bbcc
     24  5+1   A031 ED   E8 50           STD 80,S
     25  4+1   A034 A6   E8 B0           LDA -80,S
     26  4+1   A037 E6   E8 87           LDB -121,S
     27  5+4   A03A 36   46              PSHU S,B,A
     28  2     A03C C4   F0              ANDB #$F0
     29  2     A03E CA   0B              ORB #$0b
     30  4+1   A040 E7   E8 87           STB -121,S
     31  2     A043 86   BC              LDA #$bc
     32  4+1   A045 A7   E8 D8           STA -40,S
     33  3     A048 CC   EBBD            LDD #$ebbd
     34  5+1   A04B ED   E8 78           STD 120,S
     35  2     A04E 86   CC              LDA #$cc
     36  4+1   A050 A7   E8 B0           STA -80,S
     37  4+4   A053 32   E9 0119         LEAS 281,S
     38
     39  5+1   A057 AE   E8 4F           LDX 79,S
     40  6+1   A05A 10AE E8 87           LDY -121,S
     41  5+4   A05E 36   30              PSHU Y,X
     42  5+1   A060 EC   E8 B0           LDD -80,S
     43  5+2   A063 36   06              PSHU D
     44  2     A065 86   DC              LDA #$dc
     45  2     A067 C4   0F              ANDB #$0F
     46  2     A069 CA   E0              ORB #$e0
     47  5+1   A06B ED   E8 B0           STD -80,S
     48  5+1   A06E AE   E8 77           LDX 119,S
     49  3     A071 CC   EC00            LDD #$ec00
     50  5+1   A074 ED   E8 77           STD 119,S
     51  2     A077 C6   D1              LDB #$d1
     52  5+1   A079 ED   E8 4F           STD 79,S
     53  6+1   A07C 10AE E8 27           LDY 39,S
     54  5+4   A080 36   30              PSHU Y,X
     55  3     A082 CC   EEDD            LDD #$eedd
     56  5+1   A085 ED   E8 87           STD -121,S
     57  5+1   A088 EC   E8 D7           LDD -41,S
     58  5+1   A08B AE   7F              LDX -1,S
     59  5+4   A08D 36   16              PSHU X,D
     60  4+1   A08F A6   E8 89           LDA -119,S
     61  5+1   A092 36   02              PSHU A
     62  2     A094 84   0F              ANDA #$0F
     63  2     A096 8A   E0              ORA #$e0
     64  4+1   A098 A7   E8 89           STA -119,S
     65  4+1   A09B A6   E8 79           LDA 121,S
     66  5+1   A09E 36   02              PSHU A
     67  2     A0A0 84   0F              ANDA #$0F
     68  2     A0A2 8A   C0              ORA #$c0
     69  4+1   A0A4 A7   E8 79           STA 121,S
     70  5+1   A0A7 EC   E8 25           LDD 37,S
     71  5+2   A0AA 36   06              PSHU D
     72  2     A0AC 84   F0              ANDA #$F0
     73  2     A0AE C4   F0              ANDB #$F0
     74  4     A0B0 C3   030E            ADDD #$030e
     75  5+1   A0B3 ED   E8 25           STD 37,S
     76  5+1   A0B6 EC   E8 75           LDD 117,S
     77  5+2   A0B9 36   06              PSHU D
     78  2     A0BB 84   F0              ANDA #$F0
     79  2     A0BD C4   0F              ANDB #$0F
     80  4     A0BF C3   0320            ADDD #$0320
     81  5+1   A0C2 ED   E8 75           STD 117,S
     82  3     A0C5 CC   BECC            LDD #$becc
     83  5+1   A0C8 ED   E8 D7           STD -41,S
     84  2     A0CB 86   BB              LDA #$bb
     85  5+1   A0CD ED   7F              STD -1,S
     86  5+1   A0CF EC   E8 AE           LDD -82,S
     87  5+2   A0D2 36   06              PSHU D
     88  2     A0D4 84   F0              ANDA #$F0
     89  2     A0D6 8A   0B              ORA #$0b
     90  2     A0D8 C6   EE              LDB #$ee
     91  5+1   A0DA ED   E8 AE           STD -82,S
     92  5+1   A0DD EC   E8 D5           LDD -43,S
     93  5+2   A0E0 36   06              PSHU D
     94  2     A0E2 84   F0              ANDA #$F0
     95  2     A0E4 8A   02              ORA #$02
     96  2     A0E6 C6   BB              LDB #$bb
     97  5+1   A0E8 ED   E8 D5           STD -43,S
     98  5+1   A0EB EC   7D              LDD -3,S
     99  5+4   A0ED 36   46              PSHU S,D
    100  2     A0EF 84   F0              ANDA #$F0
    101  2     A0F1 8A   00              ORA #$00
    102  2     A0F3 C6   EE              LDB #$ee
    103  5+1   A0F5 ED   7D              STD -3,S
    104  3     A0F7 CC   BCDB            LDD #$bcdb
    105  5+1   A0FA ED   E8 27           STD 39,S
    106  4+4   A0FD 32   E9 009F         LEAS 159,S
    107
    108  5+1   A101 EC   7F              LDD -1,S
    109  5+2   A103 36   06              PSHU D
    110  2     A105 84   0F              ANDA #$0F
    111  2     A107 8A   20              ORA #$20
    112  2     A109 C6   EC              LDB #$ec
    113  5+1   A10B ED   7F              STD -1,S
    114  5+1   A10D EC   61              LDD 1,S
    115  5+4   A10F 36   46              PSHU S,D
    116  2     A111 86   00              LDA #$00
    117  2     A113 C4   0F              ANDB #$0F
    118  2     A115 CA   C0              ORB #$c0
    119  5+1   A117 ED   61              STD 1,S
    120  4+4   A119 32   E9 009F         LEAS 159,S
    121
    122  5+1   A11D AE   E8 D9           LDX -39,S
    123  6+1   A120 10AE E8 89           LDY -119,S
    124  5+4   A124 36   30              PSHU Y,X
    125  5+1   A126 EC   E8 79           LDD 121,S
    126  5+1   A129 AE   E8 B1           LDX -79,S
    127  5+4   A12C 36   16              PSHU X,D
    128  3     A12E CC   EB00            LDD #$eb00
    129  5+1   A131 ED   E8 89           STD -119,S
    130  5+1   A134 ED   E8 B1           STD -79,S
    131  2     A137 C6   D0              LDB #$d0
    132  5+1   A139 ED   E8 D9           STD -39,S
    133  4+1   A13C A6   E8 52           LDA 82,S
    134  4+1   A13F E6   63              LDB 3,S
    135  5+2   A141 36   06              PSHU B,A
    136  2     A143 C4   0F              ANDB #$0F
    137  2     A145 CA   20              ORB #$20
    138  4+1   A147 E7   63              STB 3,S
    139  5+1   A149 EC   E8 2A           LDD 42,S
    140  5+2   A14C 36   06              PSHU D
    141  2     A14E 86   77              LDA #$77
    142  2     A150 C4   0F              ANDB #$0F
    143  2     A152 CA   40              ORB #$40
    144  5+1   A154 ED   E8 2A           STD 42,S
    145  4+1   A157 A7   E8 52           STA 82,S
    146  3     A15A CC   8688            LDD #$8688
    147  5+1   A15D ED   E8 79           STD 121,S
    148  5+1   A160 EC   E8 87           LDD -121,S
    149  5+2   A163 36   06              PSHU D
    150  2     A165 84   F0              ANDA #$F0
    151  2     A167 8A   02              ORA #$02
    152  2     A169 C6   22              LDB #$22
    153  5+1   A16B ED   E8 87           STD -121,S
    154  5+1   A16E EC   E8 AF           LDD -81,S
    155  5+2   A171 36   06              PSHU D
    156  2     A173 84   F0              ANDA #$F0
    157  2     A175 8A   00              ORA #$00
    158  2     A177 C6   30              LDB #$30
    159  5+1   A179 ED   E8 AF           STD -81,S
    160  5+1   A17C EC   E8 D7           LDD -41,S
    161  5+2   A17F 36   06              PSHU D
    162  2     A181 84   F0              ANDA #$F0
    163  2     A183 8A   03              ORA #$03
    164  2     A185 C6   B2              LDB #$b2
    165  5+1   A187 ED   E8 D7           STD -41,S
    166  5+1   A18A EC   E8 28           LDD 40,S
    167  5+2   A18D 36   06              PSHU D
    168  2     A18F 84   F0              ANDA #$F0
    169  2     A191 8A   0E              ORA #$0e
    170  2     A193 C6   6E              LDB #$6e
    171  5+1   A195 ED   E8 28           STD 40,S
    172  5+1   A198 EC   E8 50           LDD 80,S
    173  5+2   A19B 36   06              PSHU D
    174  2     A19D 84   F0              ANDA #$F0
    175  2     A19F 8A   0E              ORA #$0e
    176  2     A1A1 C6   EE              LDB #$ee
    177  5+1   A1A3 ED   E8 50           STD 80,S
    178  5+3   A1A6 35   12              PULS A,X
    179  5+5   A1A8 36   52              PSHU S,X,A
    180  3     A1AA 8E   EB00            LDX #$eb00
    181  5+3   A1AD 34   14              PSHS B,X
    182  4+4   A1AF 32   E9 011A         LEAS 282,S
    183
    184  4+1   A1B3 A6   61              LDA 1,S
    185  4+1   A1B5 E6   E8 51           LDB 81,S
    186  5+1   A1B8 AE   E8 D6           LDX -42,S
    187  5+4   A1BB 36   16              PSHU X,B,A
    188  4+1   A1BD A6   E8 29           LDA 41,S
    189  4+1   A1C0 E6   E8 79           LDB 121,S
    190  5+2   A1C3 36   06              PSHU B,A
    191  5+1   A1C5 EC   E8 77           LDD 119,S
    192  5+2   A1C8 36   06              PSHU D
    193  2     A1CA 84   F0              ANDA #$F0
    194  2     A1CC C4   0F              ANDB #$0F
    195  4     A1CE C3   0EE0            ADDD #$0ee0
    196  5+1   A1D1 ED   E8 77           STD 119,S
    197  4+1   A1D4 A6   E8 27           LDA 39,S
    198  4+1   A1D7 E6   E8 D9           LDB -39,S
    199  5+2   A1DA 36   06              PSHU B,A
    200  2     A1DC C4   F0              ANDB #$F0
    201  2     A1DE CA   04              ORB #$04
    202  4+1   A1E0 E7   E8 D9           STB -39,S
    203  5+1   A1E3 EC   E8 AE           LDD -82,S
    204  5+2   A1E6 36   06              PSHU D
    205  2     A1E8 84   F0              ANDA #$F0
    206  2     A1EA 8A   0E              ORA #$0e
    207  2     A1EC C6   78              LDB #$78
    208  5+1   A1EE ED   E8 AE           STD -82,S
    209  5+1   A1F1 EC   E8 4F           LDD 79,S
    210  5+2   A1F4 36   06              PSHU D
    211  2     A1F6 86   EB              LDA #$eb
    212  2     A1F8 C4   0F              ANDB #$0F
    213  2     A1FA CA   E0              ORB #$e0
    214  5+1   A1FC ED   E8 4F           STD 79,S
    215  4+1   A1FF A6   7F              LDA -1,S
    216  4+1   A201 E6   E8 87           LDB -121,S
    217  5+4   A204 36   46              PSHU S,B,A
    218  2     A206 86   64              LDA #$64
    219  4+1   A208 A7   E8 51           STA 81,S
    220  4+1   A20B A7   E8 79           STA 121,S
    221  3     A20E CC   EE78            LDD #$ee78
    222  5+1   A211 ED   E8 D6           STD -42,S
    223  2     A214 86   56              LDA #$56
    224  4+1   A216 A7   61              STA 1,S
    225  2     A218 86   BD              LDA #$bd
    226  4+1   A21A A7   E8 27           STA 39,S
    227  2     A21D 86   44              LDA #$44
    228  4+1   A21F A7   E8 29           STA 41,S
    229  4+1   A222 E7   E8 87           STB -121,S
    230  2     A225 86   E6              LDA #$e6
    231  4+1   A227 A7   7F              STA -1,S
    232  4+4   A229 32   E9 0118         LEAS 280,S
    233
    234  5+1   A22D AE   E8 88           LDX -120,S
    235  3     A230 CC   E164            LDD #$e164
    236  5+1   A233 ED   E8 88           STD -120,S
    237  6+1   A236 10AE E8 B0           LDY -80,S
    238  5+4   A23A 36   30              PSHU Y,X
    239  3     A23C CC   0066            LDD #$0066
    240  5+1   A23F ED   E8 B0           STD -80,S
    241  5+1   A242 EC   E8 D8           LDD -40,S
    242  5+0   A245 AE   E4              LDX ,S
    243  5+4   A247 36   16              PSHU X,D
    244  3     A249 CC   6044            LDD #$6044
    245  5+1   A24C ED   E8 D8           STD -40,S
    246  2     A24F 86   55              LDA #$55
    247  5+0   A251 ED   E4              STD ,S
    248  5+1   A253 EC   E8 28           LDD 40,S
    249  5+2   A256 36   06              PSHU D
    250  2     A258 86   55              LDA #$55
    251  2     A25A C4   0F              ANDB #$0F
    252  2     A25C CA   40              ORB #$40
    253  5+1   A25E ED   E8 28           STD 40,S
    254  5+1   A261 EC   E8 50           LDD 80,S
    255  5+2   A264 36   06              PSHU D
    256  2     A266 86   55              LDA #$55
    257  2     A268 C4   0F              ANDB #$0F
    258  2     A26A CA   60              ORB #$60
    259  5+1   A26C ED   E8 50           STD 80,S
    260  5+1   A26F EC   E8 78           LDD 120,S
    261  5+4   A272 36   46              PSHU S,D
    262  2     A274 86   55              LDA #$55
    263  2     A276 C4   0F              ANDB #$0F
    264  2     A278 CA   60              ORB #$60
    265  5+1   A27A ED   E8 78           STD 120,S
    266  4+4   A27D 32   E9 00C8         LEAS 200,S
    267
    268  5+1   A281 EC   E8 D8           LDD -40,S
    269  5+2   A284 36   06              PSHU D
    270  2     A286 86   64              LDA #$64
    271  2     A288 C4   0F              ANDB #$0F
    272  2     A28A CA   40              ORB #$40
    273  5+1   A28C ED   E8 D8           STD -40,S
    274  5+0   A28F EC   E4              LDD ,S
    275  5+2   A291 36   06              PSHU D
    276  2     A293 86   64              LDA #$64
    277  2     A295 C4   0F              ANDB #$0F
    278  2     A297 CA   40              ORB #$40
    279  5+0   A299 ED   E4              STD ,S
    280  4+1   A29B A6   E8 28           LDA 40,S
    281  5+3   A29E 36   42              PSHU S,A
    282  2     A2A0 86   44              LDA #$44
    283  4+1   A2A2 A7   E8 28           STA 40,S
    284        A2A5               DYN_POS
    285
    286  4     A2A5 10CE 0000            LDS #$0000
    287  4+4   A2A9 32   E9 02D3         LEAS 723,S
    288
    289  5+0   A2AD EC   E4              LDD ,S
    290  5+2   A2AF 36   06              PSHU D
    291  2     A2B1 86   EB              LDA #$eb
    292  2     A2B3 C4   0F              ANDB #$0F
    293  2     A2B5 CA   C0              ORB #$c0
    294  5+0   A2B7 ED   E4              STD ,S
    295  4+1   A2B9 A6   E8 B0           LDA -80,S
    296  4+1   A2BC E6   E8 D8           LDB -40,S
    297  5+2   A2BF 36   06              PSHU B,A
    298  2     A2C1 86   BC              LDA #$bc
    299  4+1   A2C3 A7   E8 B0           STA -80,S
    300  2     A2C6 86   BB              LDA #$bb
    301  4+1   A2C8 A7   E8 D8           STA -40,S
    302  5+1   A2CB EC   E8 28           LDD 40,S
    303  5+2   A2CE 36   06              PSHU D
    304  2     A2D0 84   F0              ANDA #$F0
    305  2     A2D2 8A   0E              ORA #$0e
    306  2     A2D4 C6   CC              LDB #$cc
    307  5+1   A2D6 ED   E8 28           STD 40,S
    308  5+1   A2D9 EC   E8 50           LDD 80,S
    309  5+4   A2DC 36   46              PSHU S,D
    310  2     A2DE 84   F0              ANDA #$F0
    311  2     A2E0 8A   0E              ORA #$0e
    312  2     A2E2 C6   CC              LDB #$cc
    313  5+1   A2E4 ED   E8 50           STD 80,S
    314  4+4   A2E7 32   E9 00F0         LEAS 240,S
    315
    316  5+1   A2EB EC   E8 88           LDD -120,S
    317  5+2   A2EE 36   06              PSHU D
    318  2     A2F0 84   F0              ANDA #$F0
    319  2     A2F2 8A   0E              ORA #$0e
    320  2     A2F4 C6   BD              LDB #$bd
    321  5+1   A2F6 ED   E8 88           STD -120,S
    322  4+1   A2F9 A6   E8 B1           LDA -79,S
    323  5+1   A2FC 36   02              PSHU A
    324  2     A2FE 86   B8              LDA #$b8
    325  4+1   A300 A7   E8 B1           STA -79,S
    326  5+1   A303 EC   E8 D9           LDD -39,S
    327  5+2   A306 36   06              PSHU D
    328  2     A308 86   E8              LDA #$e8
    329  2     A30A C4   0F              ANDB #$0F
    330  2     A30C CA   C0              ORB #$c0
    331  5+1   A30E ED   E8 D9           STD -39,S
    332  5+3   A311 35   12              PULS A,X
    333  5+5   A313 36   52              PSHU S,X,A
    334  2     A315 86   BB              LDA #$bb
    335  3     A317 8E   B7DE            LDX #$b7de
    336  5+3   A31A 34   12              PSHS A,X
    337  4+1   A31C 32   E8 27           LEAS 39,S
    338
    339  5+1   A31F EC   E8 28           LDD 40,S
    340  5+2   A322 36   06              PSHU D
    341  2     A324 84   0F              ANDA #$0F
    342  2     A326 8A   00              ORA #$00
    343  2     A328 C6   EE              LDB #$ee
    344  5+1   A32A ED   E8 28           STD 40,S
    345  5+1   A32D AE   E8 2A           LDX 42,S
    346  5+2   A330 36   10              PSHU X
    347  3     A332 CC   7CDD            LDD #$7cdd
    348  5+1   A335 ED   E8 2A           STD 42,S
    349  5+4   A338 35   16              PULS D,X
    350  5+6   A33A 36   56              PSHU S,X,D
    351  3     A33C CC   2EBB            LDD #$2ebb
    352  3     A33F 8E   77DD            LDX #$77dd
    353  5+4   A342 34   16              PSHS D,X
    354  4+1   A344 32   E8 50           LEAS 80,S
    355
    356  5+4   A347 35   30              PULS X,Y
    357  5+6   A349 36   70              PSHU S,Y,X
    358  3     A34B CC   02EE            LDD #$02ee
    359  3     A34E 8E   DCCD            LDX #$dccd
    360  5+4   A351 34   16              PSHS D,X
    361  4+1   A353 32   E8 28           LEAS 40,S
    362
    363  5+4   A356 35   30              PULS X,Y
    364  5+6   A358 36   70              PSHU S,Y,X
    365  3     A35A CC   20EE            LDD #$20ee
    366  3     A35D 8E   DDCD            LDX #$ddcd
    367  5+4   A360 34   16              PSHS D,X
    368  4+1   A362 32   E8 28           LEAS 40,S
    369
    370  5+1   A365 EC   E8 28           LDD 40,S
    371  5+2   A368 36   06              PSHU D
    372  2     A36A 86   20              LDA #$20
    373  2     A36C C4   F0              ANDB #$F0
    374  2     A36E CA   0E              ORB #$0e
    375  5+1   A370 ED   E8 28           STD 40,S
    376  5+1   A373 EC   E8 50           LDD 80,S
    377  5+2   A376 36   06              PSHU D
    378  2     A378 86   00              LDA #$00
    379  2     A37A C4   F0              ANDB #$F0
    380  2     A37C CA   0E              ORB #$0e
    381  5+1   A37E ED   E8 50           STD 80,S
    382  5+1   A381 AE   E8 2A           LDX 42,S
    383  3     A384 CC   DD4C            LDD #$dd4c
    384  5+1   A387 ED   E8 2A           STD 42,S
    385  6+1   A38A 10AE E8 52           LDY 82,S
    386  5+4   A38E 36   30              PSHU Y,X
    387  2     A390 C6   4B              LDB #$4b
    388  5+1   A392 ED   E8 52           STD 82,S
    389  5+4   A395 35   16              PULS D,X
    390  5+6   A397 36   56              PSHU S,X,D
    391  3     A399 CC   30EE            LDD #$30ee
    392  3     A39C 8E   DDBC            LDX #$ddbc
    393  5+4   A39F 34   16              PSHS D,X
    394  4+1   A3A1 32   E8 78           LEAS 120,S
    395
    396  5+1   A3A4 EC   E8 28           LDD 40,S
    397  5+2   A3A7 36   06              PSHU D
    398  2     A3A9 84   F0              ANDA #$F0
    399  2     A3AB 8A   03              ORA #$03
    400  2     A3AD C6   76              LDB #$76
    401  5+1   A3AF ED   E8 28           STD 40,S
    402  5+1   A3B2 EC   E8 50           LDD 80,S
    403  5+2   A3B5 36   06              PSHU D
    404  2     A3B7 84   F0              ANDA #$F0
    405  2     A3B9 8A   0B              ORA #$0b
    406  2     A3BB C6   67              LDB #$67
    407  5+1   A3BD ED   E8 50           STD 80,S
    408  5+1   A3C0 AE   E8 2A           LDX 42,S
    409  3     A3C3 CC   8031            LDD #$8031
    410  5+1   A3C6 ED   E8 2A           STD 42,S
    411  6+1   A3C9 10AE E8 52           LDY 82,S
    412  5+4   A3CD 36   30              PSHU Y,X
    413  3     A3CF CC   7773            LDD #$7773
    414  5+1   A3D2 ED   E8 52           STD 82,S
    415  5+4   A3D5 35   16              PULS D,X
    416  5+6   A3D7 36   56              PSHU S,X,D
    417  3     A3D9 CC   306E            LDD #$306e
    418  3     A3DC 8E   BD31            LDX #$bd31
    419  5+4   A3DF 34   16              PSHS D,X
    420  4+1   A3E1 32   E8 79           LEAS 121,S
    421
    422  5+1   A3E4 AE   E8 28           LDX 40,S
    423  3     A3E7 CC   E687            LDD #$e687
    424  5+1   A3EA ED   E8 28           STD 40,S
    425  6+1   A3ED 10AE E8 50           LDY 80,S
    426  5+4   A3F1 36   30              PSHU Y,X
    427  4+1   A3F3 A6   E8 2A           LDA 42,S
    428  5+1   A3F6 36   02              PSHU A
    429  2     A3F8 84   0F              ANDA #$0F
    430  2     A3FA 8A   80              ORA #$80
    431  4+1   A3FC A7   E8 2A           STA 42,S
    432  3     A3FF CC   EE68            LDD #$ee68
    433  5+1   A402 ED   E8 50           STD 80,S
    434  5+1   A405 AE   E8 78           LDX 120,S
    435  5+2   A408 36   10              PSHU X
    436  2     A40A C6   46              LDB #$46
    437  5+1   A40C ED   E8 78           STD 120,S
    438  5+3   A40F 35   12              PULS A,X
    439  5+5   A411 36   52              PSHU S,X,A
    440  2     A413 86   E7              LDA #$e7
    441  3     A415 8E   7774            LDX #$7774
    442  5+3   A418 34   12              PSHS A,X
    443  4+4   A41A 32   E9 0119         LEAS 281,S
    444
    445  5+1   A41E AE   E8 28           LDX 40,S
    446  6+1   A421 10AE E8 78           LDY 120,S
    447  5+4   A425 36   30              PSHU Y,X
    448  3     A427 CC   D469            LDD #$d469
    449  5+1   A42A ED   E8 28           STD 40,S
    450  3     A42D CC   B054            LDD #$b054
    451  5+1   A430 ED   E8 78           STD 120,S
    452  4+1   A433 A6   E8 D8           LDA -40,S
    453  4+1   A436 E6   E8 DA           LDB -38,S
    454  5+2   A439 36   06              PSHU B,A
    455  2     A43B C4   0F              ANDB #$0F
    456  2     A43D CA   40              ORB #$40
    457  4+1   A43F E7   E8 DA           STB -38,S
    458  4+1   A442 A6   E8 2A           LDA 42,S
    459  5+1   A445 36   02              PSHU A
    460  2     A447 84   0F              ANDA #$0F
    461  2     A449 8A   40              ORA #$40
    462  4+1   A44B A7   E8 2A           STA 42,S
    463  4+1   A44E A6   E8 52           LDA 82,S
    464  5+1   A451 36   02              PSHU A
    465  2     A453 84   0F              ANDA #$0F
    466  2     A455 8A   40              ORA #$40
    467  4+1   A457 A7   E8 52           STA 82,S
    468  5+1   A45A EC   E8 D6           LDD -42,S
    469  5+2   A45D 36   06              PSHU D
    470  2     A45F 84   F0              ANDA #$F0
    471  2     A461 C4   F0              ANDB #$F0
    472  4     A463 C3   0E0B            ADDD #$0e0b
    473  5+1   A466 ED   E8 D6           STD -42,S
    474  5+1   A469 EC   61              LDD 1,S
    475  5+2   A46B 36   06              PSHU D
    476  2     A46D 84   F0              ANDA #$F0
    477  2     A46F C4   0F              ANDB #$0F
    478  4     A471 C3   0560            ADDD #$0560
    479  5+1   A474 ED   61              STD 1,S
    480  5+1   A476 EC   7F              LDD -1,S
    481  5+2   A478 36   06              PSHU D
    482  2     A47A 84   F0              ANDA #$F0
    483  2     A47C 8A   0E              ORA #$0e
    484  2     A47E C6   4E              LDB #$4e
    485  5+1   A480 ED   7F              STD -1,S
    486  5+1   A482 EC   E8 50           LDD 80,S
    487  5+2   A485 36   06              PSHU D
    488  2     A487 84   0F              ANDA #$0F
    489  2     A489 8A   D0              ORA #$d0
    490  2     A48B C6   59              LDB #$59
    491  5+1   A48D ED   E8 50           STD 80,S
    492  5+1   A490 EC   E8 87           LDD -121,S
    493  5+2   A493 36   06              PSHU D
    494  2     A495 86   E8              LDA #$e8
    495  2     A497 C4   0F              ANDB #$0F
    496  2     A499 CA   60              ORB #$60
    497  5+1   A49B ED   E8 87           STD -121,S
    498  5+1   A49E EC   E8 AF           LDD -81,S
    499  5+4   A4A1 36   46              PSHU S,D
    500  2     A4A3 86   EB              LDA #$eb
    501  2     A4A5 C4   0F              ANDB #$0F
    502  2     A4A7 CA   60              ORB #$60
    503  5+1   A4A9 ED   E8 AF           STD -81,S
    504  2     A4AC 86   EE              LDA #$ee
    505  4+1   A4AE A7   E8 D8           STA -40,S
    506  4+4   A4B1 32   E9 0118         LEAS 280,S
    507
    508  5+1   A4B5 EC   E8 50           LDD 80,S
    509  5+2   A4B8 36   06              PSHU D
    510  2     A4BA 84   F0              ANDA #$F0
    511  2     A4BC 8A   06              ORA #$06
    512  2     A4BE C6   64              LDB #$64
    513  5+1   A4C0 ED   E8 50           STD 80,S
    514  5+1   A4C3 EC   E8 78           LDD 120,S
    515  5+2   A4C6 36   06              PSHU D
    516  2     A4C8 84   F0              ANDA #$F0
    517  2     A4CA 8A   04              ORA #$04
    518  2     A4CC C6   64              LDB #$64
    519  5+1   A4CE ED   E8 78           STD 120,S
    520  5+0   A4D1 AE   E4              LDX ,S
    521  6+1   A4D3 10AE E8 88           LDY -120,S
    522  5+4   A4D7 36   30              PSHU Y,X
    523  5+1   A4D9 EC   E8 28           LDD 40,S
    524  5+1   A4DC AE   E8 B0           LDX -80,S
    525  6+1   A4DF 10AE E8 D8           LDY -40,S
    526  5+8   A4E3 36   76              PSHU S,Y,X,D
    527  3     A4E5 CC   B096            LDD #$b096
    528  5+1   A4E8 ED   E8 88           STD -120,S
    529  3     A4EB CC   2006            LDD #$2006
    530  5+1   A4EE ED   E8 B0           STD -80,S
    531  3     A4F1 CC   2666            LDD #$2666
    532  5+1   A4F4 ED   E8 28           STD 40,S
    533  2     A4F7 C6   46              LDB #$46
    534  5+0   A4F9 ED   E4              STD ,S
    535  2     A4FB 86   11              LDA #$11
    536  5+1   A4FD ED   E8 D8           STD -40,S
    537  4+4   A500 32   E9 00B5         LEAS 181,S
    538
    539  4+1   A504 A6   E8 EC           LDA -20,S
    540  4+1   A507 E6   E8 14           LDB 20,S
    541  5+4   A50A 36   46              PSHU S,B,A
    542  2     A50C C4   F0              ANDB #$F0
    543  2     A50E CA   04              ORB #$04
    544  4+1   A510 E7   E8 14           STB 20,S
    545  2     A513 86   64              LDA #$64
    546  4+1   A515 A7   E8 EC           STA -20,S
    547        A518               SSAV_Img_Sonic_212
    548  4     A518 10CE 0000            LDS #$0000
    549  5     A51C 39                   RTS
    550

000000 Total Errors

000003 Total Symbols
     0x          Label A000 BCKDRAW_Img_Sonic_212
     1x          Label A2A5 DYN_POS
     1x          Label A518 SSAV_Img_Sonic_212

