/*--------------------------------------------------------------*
 * Compilé avec C6809 v0.83                                     *
 *--------------------------------------------------------------*
 * Fichier source      : ./Sonic2/GeneratedCode/Img_Sonic_047_BckDraw.ASM
 * Fichier destination : ./Sonic2/GeneratedCode/Img_Sonic_047_BckDraw.BIN
 * Contenu :
 *     Main     0:IMGD.ASM     6652
 *--------------------------------------------------------------*/

Macro Pass
Pass1
Pass2
      2        A000                      ORG $A000
      3                  FF              SETDP $FF
      4        A000               BCKDRAW_Img_Sonic_047
      5  6+5   A000 10EF 8D 0511         STS SSAV_Img_Sonic_047+2,PCR
      6
      7  5+5   A005 ED   8D 029E         STD DYN_POS+2,PCR
      8  6+0   A009 10EE A4              LDS ,Y
      9  4+4   A00C 32   E9 039C         LEAS 924,S
     10
     11  5+1   A010 EC   E8 27           LDD 39,S
     12  5+2   A013 36   06              PSHU D
     13  2     A015 84   F0              ANDA #$F0
     14  2     A017 8A   0E              ORA #$0e
     15  2     A019 C6   7D              LDB #$7d
     16  5+1   A01B ED   E8 27           STD 39,S
     17  5+1   A01E EC   E8 4F           LDD 79,S
     18  5+2   A021 36   06              PSHU D
     19  2     A023 84   F0              ANDA #$F0
     20  2     A025 8A   0B              ORA #$0b
     21  2     A027 C6   CD              LDB #$cd
     22  5+1   A029 ED   E8 4F           STD 79,S
     23  5+1   A02C EC   E8 87           LDD -121,S
     24  5+2   A02F 36   06              PSHU D
     25  2     A031 86   BB              LDA #$bb
     26  2     A033 C4   0F              ANDB #$0F
     27  2     A035 CA   B0              ORB #$b0
     28  5+1   A037 ED   E8 87           STD -121,S
     29  5+1   A03A AE   E8 D7           LDX -41,S
     30  6+1   A03D 10AE 7F              LDY -1,S
     31  5+4   A040 36   30              PSHU Y,X
     32  3     A042 CC   EEBD            LDD #$eebd
     33  5+1   A045 ED   7F              STD -1,S
     34  2     A047 C6   CC              LDB #$cc
     35  5+1   A049 ED   E8 D7           STD -41,S
     36  5+1   A04C EC   E8 AF           LDD -81,S
     37  5+1   A04F AE   E8 77           LDX 119,S
     38  5+4   A052 36   16              PSHU X,D
     39  3     A054 CC   BBCB            LDD #$bbcb
     40  5+1   A057 ED   E8 AF           STD -81,S
     41  4+1   A05A A6   61              LDA 1,S
     42  5+1   A05C 36   02              PSHU A
     43  2     A05E 84   0F              ANDA #$0F
     44  2     A060 8A   E0              ORA #$e0
     45  4+1   A062 A7   61              STA 1,S
     46  4+1   A064 A6   E8 29           LDA 41,S
     47  5+1   A067 36   02              PSHU A
     48  2     A069 84   0F              ANDA #$0F
     49  2     A06B 8A   E0              ORA #$e0
     50  4+1   A06D A7   E8 29           STA 41,S
     51  4+1   A070 A6   E8 51           LDA 81,S
     52  5+1   A073 36   02              PSHU A
     53  2     A075 84   0F              ANDA #$0F
     54  2     A077 8A   B0              ORA #$b0
     55  4+1   A079 A7   E8 51           STA 81,S
     56  4+1   A07C A6   E8 79           LDA 121,S
     57  5+3   A07F 36   42              PSHU S,A
     58  2     A081 84   0F              ANDA #$0F
     59  2     A083 8A   B0              ORA #$b0
     60  4+1   A085 A7   E8 79           STA 121,S
     61  3     A088 CC   BEDD            LDD #$bedd
     62  5+1   A08B ED   E8 77           STD 119,S
     63  4+4   A08E 32   E9 00F0         LEAS 240,S
     64
     65  5+1   A092 EC   E8 D6           LDD -42,S
     66  5+2   A095 36   06              PSHU D
     67  2     A097 84   F0              ANDA #$F0
     68  2     A099 8A   0E              ORA #$0e
     69  2     A09B C6   BE              LDB #$be
     70  5+1   A09D ED   E8 D6           STD -42,S
     71  4+1   A0A0 A6   E8 B1           LDA -79,S
     72  5+1   A0A3 36   02              PSHU A
     73  2     A0A5 84   0F              ANDA #$0F
     74  2     A0A7 8A   C0              ORA #$c0
     75  4+1   A0A9 A7   E8 B1           STA -79,S
     76  4+1   A0AC A6   61              LDA 1,S
     77  5+1   A0AE 36   02              PSHU A
     78  2     A0B0 84   0F              ANDA #$0F
     79  2     A0B2 8A   C0              ORA #$c0
     80  4+1   A0B4 A7   61              STA 1,S
     81  4+1   A0B6 A6   E8 29           LDA 41,S
     82  5+1   A0B9 36   02              PSHU A
     83  2     A0BB 84   0F              ANDA #$0F
     84  2     A0BD 8A   C0              ORA #$c0
     85  4+1   A0BF A7   E8 29           STA 41,S
     86  4+1   A0C2 A6   E8 51           LDA 81,S
     87  5+1   A0C5 36   02              PSHU A
     88  2     A0C7 84   0F              ANDA #$0F
     89  2     A0C9 8A   40              ORA #$40
     90  4+1   A0CB A7   E8 51           STA 81,S
     91  5+1   A0CE EC   E8 D8           LDD -40,S
     92  5+2   A0D1 36   06              PSHU D
     93  2     A0D3 86   D0              LDA #$d0
     94  2     A0D5 C4   0F              ANDB #$0F
     95  2     A0D7 CA   C0              ORB #$c0
     96  5+1   A0D9 ED   E8 D8           STD -40,S
     97  5+1   A0DC AE   E8 4F           LDX 79,S
     98  6+1   A0DF 10AE E8 27           LDY 39,S
     99  5+4   A0E3 36   30              PSHU Y,X
    100  5+1   A0E5 EC   7F              LDD -1,S
    101  5+1   A0E7 AE   E8 AF           LDX -81,S
    102  5+6   A0EA 36   56              PSHU S,X,D
    103  3     A0EC CC   BED1            LDD #$bed1
    104  5+1   A0EF ED   E8 AF           STD -81,S
    105  2     A0F2 C6   D0              LDB #$d0
    106  5+1   A0F4 ED   7F              STD -1,S
    107  2     A0F6 86   EE              LDA #$ee
    108  5+1   A0F8 ED   E8 27           STD 39,S
    109  5+1   A0FB ED   E8 4F           STD 79,S
    110  4+4   A0FE 32   E9 00EE         LEAS 238,S
    111
    112  4+1   A102 A6   E8 7A           LDA 122,S
    113  4+1   A105 E6   E8 2A           LDB 42,S
    114  5+1   A108 AE   E8 B1           LDX -79,S
    115  5+4   A10B 36   16              PSHU X,B,A
    116  5+1   A10D EC   E8 89           LDD -119,S
    117  5+2   A110 36   06              PSHU D
    118  2     A112 84   F0              ANDA #$F0
    119  2     A114 8A   0E              ORA #$0e
    120  2     A116 C6   C0              LDB #$c0
    121  5+1   A118 ED   E8 89           STD -119,S
    122  5+1   A11B EC   E8 D8           LDD -40,S
    123  5+2   A11E 36   06              PSHU D
    124  2     A120 84   F0              ANDA #$F0
    125  2     A122 8A   08              ORA #$08
    126  2     A124 C6   EE              LDB #$ee
    127  5+1   A126 ED   E8 D8           STD -40,S
    128  5+1   A129 EC   E8 28           LDD 40,S
    129  5+2   A12C 36   06              PSHU D
    130  2     A12E 84   F0              ANDA #$F0
    131  2     A130 8A   07              ORA #$07
    132  2     A132 C6   03              LDB #$03
    133  5+1   A134 ED   E8 28           STD 40,S
    134  5+1   A137 EC   E8 50           LDD 80,S
    135  5+2   A13A 36   06              PSHU D
    136  2     A13C 84   F0              ANDA #$F0
    137  2     A13E 8A   08              ORA #$08
    138  2     A140 C6   00              LDB #$00
    139  5+1   A142 ED   E8 50           STD 80,S
    140  5+1   A145 EC   E8 78           LDD 120,S
    141  5+2   A148 36   06              PSHU D
    142  2     A14A 84   F0              ANDA #$F0
    143  2     A14C 8A   0B              ORA #$0b
    144  2     A14E C6   00              LDB #$00
    145  5+1   A150 ED   E8 78           STD 120,S
    146  4+1   A153 A6   E8 52           LDA 82,S
    147  4+1   A156 E6   E8 8B           LDB -117,S
    148  5+2   A159 36   06              PSHU B,A
    149  2     A15B C4   0F              ANDB #$0F
    150  2     A15D CA   40              ORB #$40
    151  4+1   A15F E7   E8 8B           STB -117,S
    152  4+1   A162 A6   E8 B3           LDA -77,S
    153  5+1   A165 36   02              PSHU A
    154  2     A167 84   0F              ANDA #$0F
    155  2     A169 8A   40              ORA #$40
    156  4+1   A16B A7   E8 B3           STA -77,S
    157  2     A16E 86   57              LDA #$57
    158  4+1   A170 A7   E8 2A           STA 42,S
    159  2     A173 86   36              LDA #$36
    160  4+1   A175 A7   E8 7A           STA 122,S
    161  2     A178 86   55              LDA #$55
    162  4+1   A17A A7   E8 52           STA 82,S
    163  5+1   A17D EC   E8 DA           LDD -38,S
    164  5+2   A180 36   06              PSHU D
    165  2     A182 86   70              LDA #$70
    166  2     A184 C4   0F              ANDB #$0F
    167  2     A186 CA   40              ORB #$40
    168  5+1   A188 ED   E8 DA           STD -38,S
    169  3     A18B CC   BE0D            LDD #$be0d
    170  5+1   A18E ED   E8 B1           STD -79,S
    171  5+3   A191 35   12              PULS A,X
    172  5+5   A193 36   52              PSHU S,X,A
    173  2     A195 86   B7              LDA #$b7
    174  3     A197 8E   7077            LDX #$7077
    175  5+3   A19A 34   12              PSHS A,X
    176  4+4   A19C 32   E9 00A0         LEAS 160,S
    177
    178  5+3   A1A0 35   12              PULS A,X
    179  5+5   A1A2 36   52              PSHU S,X,A
    180  2     A1A4 86   BE              LDA #$be
    181  3     A1A6 8E   1136            LDX #$1136
    182  5+3   A1A9 34   12              PSHS A,X
    183  4+1   A1AB 32   E8 28           LEAS 40,S
    184
    185  5+1   A1AE EC   E8 28           LDD 40,S
    186  5+2   A1B1 36   06              PSHU D
    187  2     A1B3 84   F0              ANDA #$F0
    188  2     A1B5 8A   0E              ORA #$0e
    189  2     A1B7 C6   88              LDB #$88
    190  5+1   A1B9 ED   E8 28           STD 40,S
    191  5+1   A1BC EC   E8 50           LDD 80,S
    192  5+2   A1BF 36   06              PSHU D
    193  2     A1C1 84   0F              ANDA #$0F
    194  2     A1C3 8A   60              ORA #$60
    195  2     A1C5 C6   B7              LDB #$b7
    196  5+1   A1C7 ED   E8 50           STD 80,S
    197  4+1   A1CA A6   E8 2A           LDA 42,S
    198  5+1   A1CD 36   02              PSHU A
    199  2     A1CF 84   0F              ANDA #$0F
    200  2     A1D1 8A   30              ORA #$30
    201  4+1   A1D3 A7   E8 2A           STA 42,S
    202  5+1   A1D6 AE   E8 78           LDX 120,S
    203  5+2   A1D9 36   10              PSHU X
    204  3     A1DB CC   62BC            LDD #$62bc
    205  5+1   A1DE ED   E8 78           STD 120,S
    206  5+3   A1E1 35   12              PULS A,X
    207  5+5   A1E3 36   52              PSHU S,X,A
    208  2     A1E5 86   EE              LDA #$ee
    209  3     A1E7 8E   1126            LDX #$1126
    210  5+3   A1EA 34   12              PSHS A,X
    211  4+4   A1EC 32   E9 0119         LEAS 281,S
    212
    213  4+1   A1F0 A6   E8 AF           LDA -81,S
    214  4+1   A1F3 E6   E8 51           LDB 81,S
    215  5+1   A1F6 AE   E8 87           LDX -121,S
    216  5+4   A1F9 36   16              PSHU X,B,A
    217  4+1   A1FB A6   61              LDA 1,S
    218  4+1   A1FD E6   7F              LDB -1,S
    219  5+2   A1FF 36   06              PSHU B,A
    220  4+1   A201 A6   E8 79           LDA 121,S
    221  4+1   A204 E6   E8 4F           LDB 79,S
    222  5+2   A207 36   06              PSHU B,A
    223  4+1   A209 A6   E8 77           LDA 119,S
    224  4+1   A20C E6   E8 29           LDB 41,S
    225  5+2   A20F 36   06              PSHU B,A
    226  3     A211 CC   6EBB            LDD #$6ebb
    227  5+1   A214 ED   E8 87           STD -121,S
    228  2     A217 86   55              LDA #$55
    229  4+1   A219 A7   E8 51           STA 81,S
    230  4+1   A21C A7   E8 79           STA 121,S
    231  4+1   A21F A6   E8 D9           LDA -39,S
    232  4+1   A222 E6   E8 B1           LDB -79,S
    233  5+2   A225 36   06              PSHU B,A
    234  2     A227 C4   F0              ANDB #$F0
    235  2     A229 CA   00              ORB #$00
    236  4+1   A22B E7   E8 B1           STB -79,S
    237  4+1   A22E A6   E8 27           LDA 39,S
    238  5+1   A231 36   02              PSHU A
    239  2     A233 84   0F              ANDA #$0F
    240  2     A235 8A   60              ORA #$60
    241  4+1   A237 A7   E8 27           STA 39,S
    242  2     A23A 86   11              LDA #$11
    243  4+1   A23C A7   E8 29           STA 41,S
    244  4+1   A23F E7   E8 D9           STB -39,S
    245  2     A242 86   64              LDA #$64
    246  4+1   A244 A7   E8 AF           STA -81,S
    247  4+1   A247 A7   7F              STA -1,S
    248  2     A249 86   01              LDA #$01
    249  4+1   A24B A7   61              STA 1,S
    250  2     A24D 86   66              LDA #$66
    251  4+1   A24F A7   E8 4F           STA 79,S
    252  4+1   A252 A7   E8 77           STA 119,S
    253  4+1   A255 A6   E8 D7           LDA -41,S
    254  5+3   A258 36   42              PSHU S,A
    255  2     A25A 86   62              LDA #$62
    256  4+1   A25C A7   E8 D7           STA -41,S
    257  4+4   A25F 32   E9 00DC         LEAS 220,S
    258
    259  4+1   A263 A6   E8 3C           LDA 60,S
    260  4+1   A266 E6   E8 EB           LDB -21,S
    261  5+2   A269 36   06              PSHU B,A
    262  4+1   A26B A6   E8 C3           LDA -61,S
    263  4+1   A26E E6   E8 ED           LDB -19,S
    264  5+2   A271 36   06              PSHU B,A
    265  5+1   A273 EC   E8 13           LDD 19,S
    266  5+2   A276 36   06              PSHU D
    267  2     A278 84   F0              ANDA #$F0
    268  2     A27A 8A   04              ORA #$04
    269  2     A27C C6   66              LDB #$66
    270  5+1   A27E ED   E8 13           STD 19,S
    271  2     A281 86   54              LDA #$54
    272  4+1   A283 A7   E8 ED           STA -19,S
    273  4+1   A286 E7   E8 C3           STB -61,S
    274  4+1   A289 E7   E8 3C           STB 60,S
    275  2     A28C 86   46              LDA #$46
    276  4+1   A28E A7   E8 EB           STA -21,S
    277  4+1   A291 A6   E8 C5           LDA -59,S
    278  4+1   A294 E6   E8 15           LDB 21,S
    279  5+4   A297 36   46              PSHU S,B,A
    280  2     A299 C4   0F              ANDB #$0F
    281  2     A29B CA   40              ORB #$40
    282  4+1   A29D E7   E8 15           STB 21,S
    283  2     A2A0 86   55              LDA #$55
    284  4+1   A2A2 A7   E8 C5           STA -59,S
    285        A2A5               DYN_POS
    286
    287  4     A2A5 10CE 0000            LDS #$0000
    288  4+4   A2A9 32   E9 0360         LEAS 864,S
    289
    290  5+1   A2AD EC   E8 C3           LDD -61,S
    291  5+2   A2B0 36   06              PSHU D
    292  2     A2B2 84   F0              ANDA #$F0
    293  2     A2B4 8A   0B              ORA #$0b
    294  2     A2B6 C6   BB              LDB #$bb
    295  5+1   A2B8 ED   E8 C3           STD -61,S
    296  5+1   A2BB EC   E8 13           LDD 19,S
    297  5+2   A2BE 36   06              PSHU D
    298  2     A2C0 84   F0              ANDA #$F0
    299  2     A2C2 8A   0E              ORA #$0e
    300  2     A2C4 C6   EB              LDB #$eb
    301  5+1   A2C6 ED   E8 13           STD 19,S
    302  5+1   A2C9 AE   E8 EB           LDX -21,S
    303  3     A2CC CC   EEBC            LDD #$eebc
    304  5+1   A2CF ED   E8 EB           STD -21,S
    305  6+1   A2D2 10AE E8 3C           LDY 60,S
    306  5+4   A2D6 36   30              PSHU Y,X
    307  4+1   A2D8 A6   E8 15           LDA 21,S
    308  5+3   A2DB 36   42              PSHU S,A
    309  2     A2DD 84   0F              ANDA #$0F
    310  2     A2DF 8A   B0              ORA #$b0
    311  4+1   A2E1 A7   E8 15           STA 21,S
    312  3     A2E4 CC   87CB            LDD #$87cb
    313  5+1   A2E7 ED   E8 3C           STD 60,S
    314  4+4   A2EA 32   E9 00DB         LEAS 219,S
    315
    316  5+1   A2EE AE   E8 89           LDX -119,S
    317  6+1   A2F1 10AE E8 B1           LDY -79,S
    318  5+4   A2F5 36   30              PSHU Y,X
    319  5+1   A2F7 EC   E8 D8           LDD -40,S
    320  5+2   A2FA 36   06              PSHU D
    321  2     A2FC 84   F0              ANDA #$F0
    322  2     A2FE 8A   0E              ORA #$0e
    323  2     A300 C6   BC              LDB #$bc
    324  5+1   A302 ED   E8 D8           STD -40,S
    325  3     A305 CC   E7DC            LDD #$e7dc
    326  5+1   A308 ED   E8 89           STD -119,S
    327  2     A30B 86   E8              LDA #$e8
    328  5+1   A30D ED   E8 B1           STD -79,S
    329  4+1   A310 A6   E8 DA           LDA -38,S
    330  4+1   A313 E7   E8 DA           STB -38,S
    331  5+3   A316 35   14              PULS B,X
    332  5+6   A318 36   56              PSHU S,X,B,A
    333  2     A31A 86   EB              LDA #$eb
    334  3     A31C 8E   CDDD            LDX #$cddd
    335  5+3   A31F 34   12              PSHS A,X
    336  4+1   A321 32   E8 28           LEAS 40,S
    337
    338  5+3   A324 35   12              PULS A,X
    339  5+5   A326 36   52              PSHU S,X,A
    340  2     A328 86   EB              LDA #$eb
    341  3     A32A 8E   DD1D            LDX #$dd1d
    342  5+3   A32D 34   12              PSHS A,X
    343  4+1   A32F 32   E8 28           LEAS 40,S
    344
    345  5+1   A332 EC   E8 28           LDD 40,S
    346  5+2   A335 36   06              PSHU D
    347  2     A337 84   F0              ANDA #$F0
    348  2     A339 8A   0E              ORA #$0e
    349  2     A33B C6   BC              LDB #$bc
    350  5+1   A33D ED   E8 28           STD 40,S
    351  5+1   A340 AE   E8 51           LDX 81,S
    352  3     A343 CC   BB04            LDD #$bb04
    353  5+1   A346 ED   E8 51           STD 81,S
    354  6+1   A349 10AE E8 79           LDY 121,S
    355  5+4   A34D 36   30              PSHU Y,X
    356  2     A34F 86   EB              LDA #$eb
    357  5+1   A351 ED   E8 79           STD 121,S
    358  4+1   A354 A6   E8 2A           LDA 42,S
    359  4+1   A357 E7   E8 2A           STB 42,S
    360  5+3   A35A 35   14              PULS B,X
    361  5+6   A35C 36   56              PSHU S,X,B,A
    362  2     A35E 86   EE              LDA #$ee
    363  3     A360 8E   CD0D            LDX #$cd0d
    364  5+3   A363 34   12              PSHS A,X
    365  4+4   A365 32   E9 00A0         LEAS 160,S
    366
    367  5+3   A369 35   12              PULS A,X
    368  5+5   A36B 36   52              PSHU S,X,A
    369  2     A36D 86   BB              LDA #$bb
    370  3     A36F 8E   EB00            LDX #$eb00
    371  5+3   A372 34   12              PSHS A,X
    372  4+1   A374 32   E8 28           LEAS 40,S
    373
    374  5+3   A377 35   12              PULS A,X
    375  5+5   A379 36   52              PSHU S,X,A
    376  2     A37B 86   77              LDA #$77
    377  3     A37D 8E   E807            LDX #$e807
    378  5+3   A380 34   12              PSHS A,X
    379  4+1   A382 32   E8 28           LEAS 40,S
    380
    381  5+3   A385 35   12              PULS A,X
    382  5+5   A387 36   52              PSHU S,X,A
    383  2     A389 86   82              LDA #$82
    384  3     A38B 8E   5577            LDX #$5577
    385  5+3   A38E 34   12              PSHS A,X
    386  4+1   A390 32   E8 28           LEAS 40,S
    387
    388  5+3   A393 35   12              PULS A,X
    389  5+5   A395 36   52              PSHU S,X,A
    390  2     A397 86   61              LDA #$61
    391  3     A399 8E   0578            LDX #$0578
    392  5+3   A39C 34   12              PSHS A,X
    393  4+1   A39E 32   E8 28           LEAS 40,S
    394
    395  5+1   A3A1 AE   E8 28           LDX 40,S
    396  3     A3A4 CC   6213            LDD #$6213
    397  5+1   A3A7 ED   E8 28           STD 40,S
    398  6+1   A3AA 10AE E8 50           LDY 80,S
    399  5+4   A3AE 36   30              PSHU Y,X
    400  4+1   A3B0 A6   E8 2A           LDA 42,S
    401  5+1   A3B3 36   02              PSHU A
    402  2     A3B5 84   0F              ANDA #$0F
    403  2     A3B7 8A   60              ORA #$60
    404  4+1   A3B9 A7   E8 2A           STA 42,S
    405  4+1   A3BC A6   E8 52           LDA 82,S
    406  5+1   A3BF 36   02              PSHU A
    407  2     A3C1 84   0F              ANDA #$0F
    408  2     A3C3 8A   60              ORA #$60
    409  4+1   A3C5 A7   E8 52           STA 82,S
    410  3     A3C8 CC   E323            LDD #$e323
    411  5+1   A3CB ED   E8 50           STD 80,S
    412  5+3   A3CE 35   12              PULS A,X
    413  5+5   A3D0 36   52              PSHU S,X,A
    414  2     A3D2 86   82              LDA #$82
    415  3     A3D4 8E   1686            LDX #$1686
    416  5+3   A3D7 34   12              PSHS A,X
    417  4+1   A3D9 32   E8 78           LEAS 120,S
    418
    419  5+1   A3DC EC   E8 28           LDD 40,S
    420  5+2   A3DF 36   06              PSHU D
    421  2     A3E1 86   EB              LDA #$eb
    422  2     A3E3 C4   0F              ANDB #$0F
    423  2     A3E5 CA   70              ORB #$70
    424  5+1   A3E7 ED   E8 28           STD 40,S
    425  4+1   A3EA A6   E8 2A           LDA 42,S
    426  4+1   A3ED E6   E8 7A           LDB 122,S
    427  5+2   A3F0 36   06              PSHU B,A
    428  2     A3F2 86   65              LDA #$65
    429  4+1   A3F4 A7   E8 2A           STA 42,S
    430  4+1   A3F7 A7   E8 7A           STA 122,S
    431  5+1   A3FA EC   E8 4F           LDD 79,S
    432  5+2   A3FD 36   06              PSHU D
    433  2     A3FF 84   F0              ANDA #$F0
    434  2     A401 8A   06              ORA #$06
    435  2     A403 C6   4B              LDB #$4b
    436  5+1   A405 ED   E8 4F           STD 79,S
    437  5+1   A408 EC   E8 51           LDD 81,S
    438  5+2   A40B 36   06              PSHU D
    439  2     A40D 84   0F              ANDA #$0F
    440  2     A40F 8A   80              ORA #$80
    441  2     A411 C6   65              LDB #$65
    442  5+1   A413 ED   E8 51           STD 81,S
    443  5+1   A416 EC   E8 77           LDD 119,S
    444  5+2   A419 36   06              PSHU D
    445  2     A41B 84   F0              ANDA #$F0
    446  2     A41D 8A   04              ORA #$04
    447  2     A41F C6   EB              LDB #$eb
    448  5+1   A421 ED   E8 77           STD 119,S
    449  5+3   A424 35   12              PULS A,X
    450  5+5   A426 36   52              PSHU S,X,A
    451  2     A428 86   EE              LDA #$ee
    452  3     A42A 8E   8266            LDX #$8266
    453  5+3   A42D 34   12              PSHS A,X
    454  4+4   A42F 32   E9 0118         LEAS 280,S
    455
    456  5+1   A433 EC   E8 87           LDD -121,S
    457  5+2   A436 36   06              PSHU D
    458  2     A438 84   F0              ANDA #$F0
    459  2     A43A 8A   04              ORA #$04
    460  2     A43C C6   44              LDB #$44
    461  5+1   A43E ED   E8 87           STD -121,S
    462  5+1   A441 EC   E8 89           LDD -119,S
    463  5+2   A444 36   06              PSHU D
    464  2     A446 84   0F              ANDA #$0F
    465  2     A448 8A   C0              ORA #$c0
    466  2     A44A C6   55              LDB #$55
    467  5+1   A44C ED   E8 89           STD -119,S
    468  5+1   A44F EC   E8 B1           LDD -79,S
    469  5+2   A452 36   06              PSHU D
    470  2     A454 84   0F              ANDA #$0F
    471  2     A456 8A   B0              ORA #$b0
    472  2     A458 C6   54              LDB #$54
    473  5+1   A45A ED   E8 B1           STD -79,S
    474  5+1   A45D EC   E8 D9           LDD -39,S
    475  5+2   A460 36   06              PSHU D
    476  2     A462 84   F0              ANDA #$F0
    477  2     A464 8A   0C              ORA #$0c
    478  2     A466 C6   54              LDB #$54
    479  5+1   A468 ED   E8 D9           STD -39,S
    480  4+1   A46B A6   E8 D7           LDA -41,S
    481  4+1   A46E E6   E8 4F           LDB 79,S
    482  5+2   A471 36   06              PSHU B,A
    483  5+1   A473 EC   E8 AF           LDD -81,S
    484  5+2   A476 36   06              PSHU D
    485  2     A478 86   64              LDA #$64
    486  2     A47A C4   0F              ANDB #$0F
    487  2     A47C CA   E0              ORB #$e0
    488  5+1   A47E ED   E8 AF           STD -81,S
    489  4+1   A481 A6   E8 27           LDA 39,S
    490  4+1   A484 E6   E8 77           LDB 119,S
    491  5+2   A487 36   06              PSHU B,A
    492  2     A489 C4   F0              ANDB #$F0
    493  2     A48B CA   06              ORB #$06
    494  4+1   A48D E7   E8 77           STB 119,S
    495  5+1   A490 EC   61              LDD 1,S
    496  5+2   A492 36   06              PSHU D
    497  2     A494 84   F0              ANDA #$F0
    498  2     A496 C4   0F              ANDB #$0F
    499  4     A498 C3   0050            ADDD #$0050
    500  5+1   A49B ED   61              STD 1,S
    501  5+1   A49D EC   E8 29           LDD 41,S
    502  5+2   A4A0 36   06              PSHU D
    503  2     A4A2 84   F0              ANDA #$F0
    504  2     A4A4 C4   0F              ANDB #$0F
    505  4     A4A6 C3   0150            ADDD #$0150
    506  5+1   A4A9 ED   E8 29           STD 41,S
    507  5+1   A4AC EC   E8 51           LDD 81,S
    508  5+2   A4AF 36   06              PSHU D
    509  2     A4B1 84   F0              ANDA #$F0
    510  2     A4B3 C4   0F              ANDB #$0F
    511  4     A4B5 C3   0240            ADDD #$0240
    512  5+1   A4B8 ED   E8 51           STD 81,S
    513  5+1   A4BB EC   E8 79           LDD 121,S
    514  5+2   A4BE 36   06              PSHU D
    515  2     A4C0 84   F0              ANDA #$F0
    516  2     A4C2 C4   0F              ANDB #$0F
    517  4     A4C4 C3   0440            ADDD #$0440
    518  5+1   A4C7 ED   E8 79           STD 121,S
    519  4+1   A4CA A6   7F              LDA -1,S
    520  5+3   A4CC 36   42              PSHU S,A
    521  2     A4CE 86   46              LDA #$46
    522  4+1   A4D0 A7   E8 27           STA 39,S
    523  4+1   A4D3 A7   E8 4F           STA 79,S
    524  2     A4D6 86   66              LDA #$66
    525  4+1   A4D8 A7   E8 D7           STA -41,S
    526  4+1   A4DB A7   7F              STA -1,S
    527  4+4   A4DD 32   E9 00DC         LEAS 220,S
    528
    529  5+1   A4E1 EC   E8 C3           LDD -61,S
    530  5+2   A4E4 36   06              PSHU D
    531  2     A4E6 84   F0              ANDA #$F0
    532  2     A4E8 C4   0F              ANDB #$0F
    533  4     A4EA C3   0460            ADDD #$0460
    534  5+1   A4ED ED   E8 C3           STD -61,S
    535  4+1   A4F0 A6   E8 C5           LDA -59,S
    536  5+1   A4F3 36   02              PSHU A
    537  2     A4F5 84   F0              ANDA #$F0
    538  2     A4F7 8A   04              ORA #$04
    539  4+1   A4F9 A7   E8 C5           STA -59,S
    540  4+1   A4FC A6   E8 EC           LDA -20,S
    541  4+1   A4FF E6   E8 14           LDB 20,S
    542  5+1   A502 AE   E8 3C           LDX 60,S
    543  5+6   A505 36   56              PSHU S,X,B,A
    544  3     A507 CC   6666            LDD #$6666
    545  5+1   A50A ED   E8 3C           STD 60,S
    546  4+1   A50D A7   E8 EC           STA -20,S
    547  4+1   A510 A7   E8 14           STA 20,S
    548        A513               SSAV_Img_Sonic_047
    549  4     A513 10CE 0000            LDS #$0000
    550  5     A517 39                   RTS
    551

000000 Total Errors

000003 Total Symbols
     0x          Label A000 BCKDRAW_Img_Sonic_047
     1x          Label A2A5 DYN_POS
     1x          Label A513 SSAV_Img_Sonic_047

