/*--------------------------------------------------------------*
 * Compilé avec C6809 v0.83                                     *
 *--------------------------------------------------------------*
 * Fichier source      : ./Sonic2/GeneratedCode/Img_Sonic_049_Erase.ASM
 * Fichier destination : ./Sonic2/GeneratedCode/Img_Sonic_049_Erase.BIN
 * Contenu :
 *     Main     0:IMGE.ASM     2451
 *--------------------------------------------------------------*/

Macro Pass
Pass1
Pass2
      2        A000                      ORG $A000
      3                  FF              SETDP $FF
      4        A000               ERASE_Img_Sonic_049
      5  6+5   A000 10EF 8D 01B0         STS ERASE_SSAV_Img_Sonic_049+2,PCR>>
      6
      7        A005               ERASE_CODE_Img_Sonic_049_1
      8  5+4   A005 37   46              PULU A,B,S
      9  4+1   A007 A7   E8 28           STA 40,S
     10  4+1   A00A E7   E8 50           STB 80,S
     11
     12  5+2   A00D 37   06              PULU A,B
     13  4+1   A00F A7   61              STA 1,S
     14  4+1   A011 E7   E8 B1           STB -79,S
     15
     16  5+5   A014 37   32              PULU A,X,Y
     17  4+1   A016 A7   E8 D9           STA -39,S
     18  5+1   A019 AF   7F              STX -1,S
     19  6+1   A01B 10AF E8 D7           STY -41,S
     20
     21  5+2   A01F 37   06              PULU D
     22  5+1   A021 ED   E8 AF           STD -81,S
     23
     24  5+3   A024 37   42              PULU A,S
     25  4+1   A026 A7   E8 77           STA 119,S
     26
     27  5+3   A029 37   12              PULU A,X
     28  4+1   A02B A7   E8 29           STA 41,S
     29  5+1   A02E AF   E8 87           STX -121,S
     30
     31  5+4   A031 37   16              PULU A,B,X
     32  4+1   A033 A7   E8 4F           STA 79,S
     33  4+1   A036 E7   E8 51           STB 81,S
     34  5+1   A039 AF   7F              STX -1,S
     35
     36  5+6   A03B 37   36              PULU A,B,X,Y
     37  4+1   A03D A7   E8 27           STA 39,S
     38  4+1   A040 E7   E8 79           STB 121,S
     39  5+1   A043 AF   E8 D7           STX -41,S
     40  6+1   A046 10AF E8 AF           STY -81,S
     41
     42  5+5   A04A 37   52              PULU A,X,S
     43  5+3   A04C 34   12              PSHS A,X
     44
     45  5+6   A04E 37   36              PULU D,X,Y
     46  5+1   A050 ED   E8 78           STD 120,S
     47  5+1   A053 AF   E8 52           STX 82,S
     48  6+1   A056 10AF E8 2A           STY 42,S
     49
     50  5+5   A05A 37   32              PULU A,X,Y
     51  4+1   A05C A7   63              STA 3,S
     52  5+1   A05E AF   E8 28           STX 40,S
     53  6+1   A061 10AF E8 50           STY 80,S
     54
     55  5+5   A065 37   52              PULU A,X,S
     56  5+3   A067 34   12              PSHS A,X
     57
     58  5+6   A069 37   36              PULU D,X,Y
     59  5+1   A06B ED   E8 D9           STD -39,S
     60  5+1   A06E AF   E8 D7           STX -41,S
     61  6+1   A071 10AF E8 B1           STY -79,S
     62
     63  5+2   A075 37   06              PULU A,B
     64  4+1   A077 A7   63              STA 3,S
     65  4+1   A079 E7   E8 DB           STB -37,S
     66
     67  5+6   A07C 37   36              PULU A,B,X,Y
     68  4+1   A07E A7   E8 89           STA -119,S
     69  4+1   A081 E7   E8 B3           STB -77,S
     70  5+1   A084 AF   E8 AF           STX -81,S
     71  6+1   A087 10AF E8 87           STY -121,S
     72
     73  5+5   A08B 37   52              PULU A,X,S
     74  5+3   A08D 34   12              PSHS A,X
     75
     76  5+6   A08F 37   36              PULU A,B,X,Y
     77  4+1   A091 A7   E8 52           STA 82,S
     78  4+1   A094 E7   E8 2A           STB 42,S
     79  5+1   A097 AF   E8 79           STX 121,S
     80  6+1   A09A 10AF E8 77           STY 119,S
     81
     82  5+4   A09E 37   16              PULU D,X
     83  5+1   A0A0 ED   E8 28           STD 40,S
     84  5+1   A0A3 AF   E8 50           STX 80,S
     85
     86  5+5   A0A6 37   52              PULU A,X,S
     87  5+3   A0A8 34   12              PSHS A,X
     88
     89  5+5   A0AA 37   52              PULU A,X,S
     90  5+3   A0AC 34   12              PSHS A,X
     91
     92  5+4   A0AE 37   16              PULU D,X
     93  5+1   A0B0 ED   E8 2A           STD 42,S
     94  5+1   A0B3 AF   E8 28           STX 40,S
     95
     96  5+5   A0B6 37   52              PULU A,X,S
     97  5+3   A0B8 34   12              PSHS A,X
     98
     99  5+5   A0BA 37   52              PULU A,X,S
    100  5+3   A0BC 34   12              PSHS A,X
    101
    102  5+5   A0BE 37   52              PULU A,X,S
    103  5+3   A0C0 34   12              PSHS A,X
    104
    105  5+6   A0C2 37   36              PULU A,B,X,Y
    106  4+1   A0C4 A7   E8 B2           STA -78,S
    107  4+1   A0C7 E7   E8 DA           STB -38,S
    108  5+1   A0CA AF   E8 89           STX -119,S
    109  6+1   A0CD 10AF E8 D8           STY -40,S
    110
    111  5+2   A0D1 37   06              PULU D
    112  5+1   A0D3 ED   E8 B0           STD -80,S
    113
    114  5+6   A0D6 37   56              PULU D,X,S
    115  5+1   A0D8 ED   E8 14           STD 20,S
    116  5+1   A0DB AF   E8 3C           STX 60,S
    117
    118  5+3   A0DE 37   12              PULU A,X
    119  4+1   A0E0 A7   E8 C4           STA -60,S
    120  5+1   A0E3 AF   E8 EC           STX -20,S
    121
    122  5+4   A0E6 37   46              PULU D,S
    123  5+1   A0E8 ED   E8 3C           STD 60,S
    124
    125  5+6   A0EB 37   36              PULU D,X,Y
    126  5+1   A0ED ED   E8 14           STD 20,S
    127  5+1   A0F0 AF   E8 C4           STX -60,S
    128  6+1   A0F3 10AF E8 EC           STY -20,S
    129
    130  5+3   A0F7 37   42              PULU A,S
    131  4+1   A0F9 A7   E8 2A           STA 42,S
    132
    133  5+3   A0FC 37   12              PULU A,X
    134  4+1   A0FE A7   E8 88           STA -120,S
    135  5+1   A101 AF   E8 50           STX 80,S
    136
    137  5+4   A104 37   16              PULU A,B,X
    138  4+1   A106 A7   E8 D8           STA -40,S
    139  4+0   A109 E7   E4              STB ,S
    140  5+1   A10B AF   E8 78           STX 120,S
    141
    142  5+2   A10E 37   06              PULU A,B
    143  4+1   A110 A7   E8 28           STA 40,S
    144  4+1   A113 E7   E8 B0           STB -80,S
    145
    146  5+5   A116 37   52              PULU A,X,S
    147  5+3   A118 34   12              PSHS A,X
    148
    149  5+6   A11A 37   36              PULU A,B,X,Y
    150  4+1   A11C A7   E8 2A           STA 42,S
    151  4+1   A11F E7   E8 78           STB 120,S
    152  5+1   A122 AF   E8 50           STX 80,S
    153  6+1   A125 10AF E8 28           STY 40,S
    154
    155  5+5   A129 37   52              PULU A,X,S
    156  5+3   A12B 34   12              PSHS A,X
    157
    158  5+5   A12D 37   52              PULU A,X,S
    159  5+3   A12F 34   12              PSHS A,X
    160
    161  5+5   A131 37   52              PULU A,X,S
    162  5+3   A133 34   12              PSHS A,X
    163
    164  5+6   A135 37   56              PULU D,X,S
    165  5+4   A137 34   16              PSHS D,X
    166
    167  5+3   A139 37   12              PULU A,X
    168  4+1   A13B A7   E8 2B           STA 43,S
    169  5+1   A13E AF   E8 28           STX 40,S
    170
    171  5+6   A141 37   56              PULU D,X,S
    172  5+4   A143 34   16              PSHS D,X
    173
    174  5+6   A145 37   56              PULU D,X,S
    175  5+4   A147 34   16              PSHS D,X
    176
    177  5+6   A149 37   56              PULU D,X,S
    178  5+4   A14B 34   16              PSHS D,X
    179
    180  5+5   A14D 37   52              PULU A,X,S
    181  5+3   A14F 34   12              PSHS A,X
    182
    183  5+6   A151 37   36              PULU D,X,Y
    184  5+1   A153 ED   E8 D7           STD -41,S
    185  5+1   A156 AF   E8 AF           STX -81,S
    186  6+1   A159 10AF E8 87           STY -121,S
    187
    188  5+2   A15D 37   06              PULU D
    189  5+1   A15F ED   E8 89           STD -119,S
    190
    191  5+5   A162 37   32              PULU A,X,Y
    192  4+1   A164 A7   63              STA 3,S
    193  5+1   A166 AF   E8 B1           STX -79,S
    194  6+1   A169 10AF E8 D9           STY -39,S
    195
    196  5+5   A16D 37   52              PULU A,X,S
    197  5+3   A16F 34   12              PSHS A,X
    198
    199  5+6   A171 37   36              PULU D,X,Y
    200  5+1   A173 ED   E8 50           STD 80,S
    201  5+1   A176 AF   E8 28           STX 40,S
    202  6+1   A179 10AF E8 D8           STY -40,S
    203
    204  5+2   A17D 37   06              PULU D
    205  5+1   A17F ED   E8 88           STD -120,S
    206
    207  5+2   A182 37   06              PULU A,B
    208  4+1   A184 A7   E8 7A           STA 122,S
    209  4+1   A187 E7   E8 52           STB 82,S
    210
    211  5+2   A18A 37   06              PULU A,B
    212  4+1   A18C A7   E8 2A           STA 42,S
    213  4+1   A18F E7   E8 DA           STB -38,S
    214
    215  5+5   A192 37   32              PULU A,X,Y
    216  4+1   A194 A7   E8 B2           STA -78,S
    217  5+1   A197 AF   E8 B0           STX -80,S
    218  6+1   A19A 10AF E8 78           STY 120,S
    219
    220  5+4   A19E 37   46              PULU A,B,S
    221  4+0   A1A0 A7   E4              STA ,S
    222  4+1   A1A2 E7   E8 28           STB 40,S
    223
    224  5+2   A1A5 37   06              PULU D
    225  5+1   A1A7 ED   E8 4F           STD 79,S
    226
    227  5+2   A1AA 37   06              PULU A,B
    228  4+1   A1AC A7   E8 D8           STA -40,S
    229  4+1   A1AF E7   E8 B0           STB -80,S
    230
    231        A1B2               ERASE_SSAV_Img_Sonic_049
    232  4     A1B2 10CE 0000            LDS #$0000
    233  5     A1B6 39                   RTS
    234

000000 Total Errors

000003 Total Symbols
     0x          Label A005 ERASE_CODE_Img_Sonic_049_1
     0x          Label A000 ERASE_Img_Sonic_049
     1x          Label A1B2 ERASE_SSAV_Img_Sonic_049

