/*--------------------------------------------------------------*
 * Compilé avec C6809 v0.83                                     *
 *--------------------------------------------------------------*
 * Fichier source      : ./Sonic2/GeneratedCode/Img_Sonic_101_BckDraw.ASM
 * Fichier destination : ./Sonic2/GeneratedCode/Img_Sonic_101_BckDraw.BIN
 * Contenu :
 *     Main     0:IMGD.ASM     7065
 *--------------------------------------------------------------*/

Macro Pass
Pass1
Pass2
      2        A000                      ORG $A000
      3                  FF              SETDP $FF
      4        A000               BCKDRAW_Img_Sonic_101
      5  6+5   A000 10EF 8D 056E         STS SSAV_Img_Sonic_101+2,PCR
      6
      7  5+5   A005 ED   8D 02C3         STD DYN_POS+2,PCR
      8  6+0   A009 10EE A4              LDS ,Y
      9  4+4   A00C 32   E9 039B         LEAS 923,S
     10
     11  4+1   A010 A6   E8 D9           LDA -39,S
     12  4+1   A013 E6   7F              LDB -1,S
     13  5+2   A015 36   06              PSHU B,A
     14  4+1   A017 A6   E8 29           LDA 41,S
     15  4+1   A01A E6   E8 4F           LDB 79,S
     16  5+2   A01D 36   06              PSHU B,A
     17  4+1   A01F A6   E8 51           LDA 81,S
     18  4+1   A022 E6   E8 AF           LDB -81,S
     19  5+2   A025 36   06              PSHU B,A
     20  2     A027 C4   0F              ANDB #$0F
     21  2     A029 CA   60              ORB #$60
     22  4+1   A02B E7   E8 AF           STB -81,S
     23  4+1   A02E A6   E8 B1           LDA -79,S
     24  5+1   A031 36   02              PSHU A
     25  2     A033 84   0F              ANDA #$0F
     26  2     A035 8A   60              ORA #$60
     27  4+1   A037 A7   E8 B1           STA -79,S
     28  4+1   A03A A6   E8 D7           LDA -41,S
     29  5+1   A03D 36   02              PSHU A
     30  2     A03F 84   0F              ANDA #$0F
     31  2     A041 8A   60              ORA #$60
     32  4+1   A043 A7   E8 D7           STA -41,S
     33  2     A046 86   63              LDA #$63
     34  4+1   A048 A7   7F              STA -1,S
     35  4+1   A04A A6   E8 27           LDA 39,S
     36  4+1   A04D E6   61              LDB 1,S
     37  5+4   A04F 36   46              PSHU S,B,A
     38  2     A051 86   26              LDA #$26
     39  4+1   A053 A7   E8 27           STA 39,S
     40  2     A056 86   66              LDA #$66
     41  4+1   A058 A7   E8 D9           STA -39,S
     42  4+1   A05B A7   61              STA 1,S
     43  4+1   A05D A7   E8 29           STA 41,S
     44  4+1   A060 A7   E8 4F           STA 79,S
     45  4+1   A063 A7   E8 51           STA 81,S
     46  4+4   A066 32   E9 00EF         LEAS 239,S
     47
     48  5+1   A06A EC   E8 DA           LDD -38,S
     49  5+2   A06D 36   06              PSHU D
     50  2     A06F 86   05              LDA #$05
     51  2     A071 C4   0F              ANDB #$0F
     52  2     A073 CA   60              ORB #$60
     53  5+1   A075 ED   E8 DA           STD -38,S
     54  4+1   A078 A6   E8 79           LDA 121,S
     55  4+1   A07B E6   E8 88           LDB -120,S
     56  5+1   A07E AE   E8 28           LDX 40,S
     57  5+4   A081 36   16              PSHU X,B,A
     58  2     A083 86   62              LDA #$62
     59  4+1   A085 A7   E8 88           STA -120,S
     60  2     A088 86   70              LDA #$70
     61  4+1   A08A A7   E8 79           STA 121,S
     62  4+1   A08D A6   E8 B2           LDA -78,S
     63  4+1   A090 E6   E8 B0           LDB -80,S
     64  5+1   A093 AE   E8 50           LDX 80,S
     65  5+4   A096 36   16              PSHU X,B,A
     66  3     A098 CC   EECC            LDD #$eecc
     67  5+1   A09B ED   E8 28           STD 40,S
     68  4+1   A09E A6   E8 D8           LDA -40,S
     69  4+1   A0A1 E6   E8 8A           LDB -118,S
     70  5+2   A0A4 36   06              PSHU B,A
     71  2     A0A6 86   46              LDA #$46
     72  4+1   A0A8 A7   E8 8A           STA -118,S
     73  2     A0AB 86   14              LDA #$14
     74  4+1   A0AD A7   E8 B2           STA -78,S
     75  5+1   A0B0 EC   E8 77           LDD 119,S
     76  5+2   A0B3 36   06              PSHU D
     77  2     A0B5 84   F0              ANDA #$F0
     78  2     A0B7 C4   F0              ANDB #$F0
     79  4     A0B9 C3   020D            ADDD #$020d
     80  5+1   A0BC ED   E8 77           STD 119,S
     81  3     A0BF CC   ECC7            LDD #$ecc7
     82  5+1   A0C2 ED   E8 50           STD 80,S
     83  2     A0C5 86   64              LDA #$64
     84  4+1   A0C7 A7   E8 B0           STA -80,S
     85  4+1   A0CA A7   E8 D8           STA -40,S
     86  4+1   A0CD A6   63              LDA 3,S
     87  5+1   A0CF 36   02              PSHU A
     88  2     A0D1 84   0F              ANDA #$0F
     89  2     A0D3 8A   40              ORA #$40
     90  4+1   A0D5 A7   63              STA 3,S
     91  4+1   A0D7 A6   E8 2B           LDA 43,S
     92  5+1   A0DA 36   02              PSHU A
     93  2     A0DC 84   0F              ANDA #$0F
     94  2     A0DE 8A   60              ORA #$60
     95  4+1   A0E0 A7   E8 2B           STA 43,S
     96  5+3   A0E3 35   12              PULS A,X
     97  5+5   A0E5 36   52              PSHU S,X,A
     98  2     A0E7 86   E3              LDA #$e3
     99  3     A0E9 8E   EE25            LDX #$ee25
    100  5+3   A0EC 34   12              PSHS A,X
    101  4+4   A0EE 32   E9 0118         LEAS 280,S
    102
    103  5+1   A0F2 AE   E8 50           LDX 80,S
    104  5+2   A0F5 36   10              PSHU X
    105  4+1   A0F7 A6   E8 DA           LDA -38,S
    106  5+1   A0FA 36   02              PSHU A
    107  2     A0FC 84   0F              ANDA #$0F
    108  2     A0FE 8A   60              ORA #$60
    109  4+1   A100 A7   E8 DA           STA -38,S
    110  4+1   A103 A6   E8 2A           LDA 42,S
    111  5+1   A106 36   02              PSHU A
    112  2     A108 84   F0              ANDA #$F0
    113  2     A10A 8A   01              ORA #$01
    114  4+1   A10C A7   E8 2A           STA 42,S
    115  4+1   A10F A6   E8 52           LDA 82,S
    116  5+1   A112 36   02              PSHU A
    117  2     A114 84   F0              ANDA #$F0
    118  2     A116 8A   03              ORA #$03
    119  4+1   A118 A7   E8 52           STA 82,S
    120  4+1   A11B A6   E8 7A           LDA 122,S
    121  5+1   A11E 36   02              PSHU A
    122  2     A120 84   F0              ANDA #$F0
    123  2     A122 8A   00              ORA #$00
    124  4+1   A124 A7   E8 7A           STA 122,S
    125  4+1   A127 A6   E8 89           LDA -119,S
    126  4+1   A12A E6   E8 B1           LDB -79,S
    127  5+1   A12D AE   E8 28           LDX 40,S
    128  6+1   A130 10AE E8 D8           LDY -40,S
    129  5+6   A134 36   36              PSHU Y,X,B,A
    130  5+1   A136 EC   E8 87           LDD -121,S
    131  5+2   A139 36   06              PSHU D
    132  2     A13B 84   F0              ANDA #$F0
    133  2     A13D C4   F0              ANDB #$F0
    134  4     A13F C3   020E            ADDD #$020e
    135  5+1   A142 ED   E8 87           STD -121,S
    136  5+1   A145 EC   E8 AF           LDD -81,S
    137  5+2   A148 36   06              PSHU D
    138  2     A14A 84   F0              ANDA #$F0
    139  2     A14C 8A   03              ORA #$03
    140  2     A14E C6   8E              LDB #$8e
    141  5+1   A150 ED   E8 AF           STD -81,S
    142  5+1   A153 EC   E8 78           LDD 120,S
    143  5+2   A156 36   06              PSHU D
    144  2     A158 84   F0              ANDA #$F0
    145  2     A15A 8A   0E              ORA #$0e
    146  2     A15C C6   77              LDB #$77
    147  5+1   A15E ED   E8 78           STD 120,S
    148  4+1   A161 E7   E8 89           STB -119,S
    149  4+1   A164 E7   E8 B1           STB -79,S
    150  3     A167 CC   EC87            LDD #$ec87
    151  5+1   A16A ED   E8 50           STD 80,S
    152  3     A16D CC   7888            LDD #$7888
    153  5+1   A170 ED   E8 D8           STD -40,S
    154  3     A173 CC   DC66            LDD #$dc66
    155  5+1   A176 ED   E8 28           STD 40,S
    156  5+3   A179 35   12              PULS A,X
    157  5+5   A17B 36   52              PSHU S,X,A
    158  2     A17D 86   C7              LDA #$c7
    159  3     A17F 8E   4681            LDX #$4681
    160  5+3   A182 34   12              PSHS A,X
    161  4+4   A184 32   E9 00C8         LEAS 200,S
    162
    163  5+1   A188 AE   E8 28           LDX 40,S
    164  5+2   A18B 36   10              PSHU X
    165  4+1   A18D A6   E8 DA           LDA -38,S
    166  4+1   A190 E6   E8 2A           LDB 42,S
    167  5+2   A193 36   06              PSHU B,A
    168  2     A195 C4   0F              ANDB #$0F
    169  2     A197 CA   20              ORB #$20
    170  4+1   A199 E7   E8 2A           STB 42,S
    171  4+1   A19C A6   E8 52           LDA 82,S
    172  5+1   A19F 36   02              PSHU A
    173  2     A1A1 84   0F              ANDA #$0F
    174  2     A1A3 8A   20              ORA #$20
    175  4+1   A1A5 A7   E8 52           STA 82,S
    176  4+1   A1A8 A6   E8 7A           LDA 122,S
    177  5+1   A1AB 36   02              PSHU A
    178  2     A1AD 84   0F              ANDA #$0F
    179  2     A1AF 8A   20              ORA #$20
    180  4+1   A1B1 A7   E8 7A           STA 122,S
    181  5+1   A1B4 AE   E8 78           LDX 120,S
    182  2     A1B7 86   60              LDA #$60
    183  4+1   A1B9 A7   E8 DA           STA -38,S
    184  6+1   A1BC 10AE E8 50           LDY 80,S
    185  5+4   A1C0 36   30              PSHU Y,X
    186  2     A1C2 86   EE              LDA #$ee
    187  5+1   A1C4 ED   E8 28           STD 40,S
    188  3     A1C7 CC   CE04            LDD #$ce04
    189  5+1   A1CA ED   E8 78           STD 120,S
    190  2     A1CD 86   BE              LDA #$be
    191  5+1   A1CF ED   E8 50           STD 80,S
    192  5+1   A1D2 EC   E8 D8           LDD -40,S
    193  5+2   A1D5 36   06              PSHU D
    194  2     A1D7 84   F0              ANDA #$F0
    195  2     A1D9 8A   0E              ORA #$0e
    196  2     A1DB C6   77              LDB #$77
    197  5+1   A1DD ED   E8 D8           STD -40,S
    198  5+3   A1E0 35   12              PULS A,X
    199  5+5   A1E2 36   52              PSHU S,X,A
    200  2     A1E4 86   EE              LDA #$ee
    201  3     A1E6 8E   0023            LDX #$0023
    202  5+3   A1E9 34   12              PSHS A,X
    203  4+4   A1EB 32   E9 0119         LEAS 281,S
    204
    205  5+1   A1EF AE   E8 87           LDX -121,S
    206  6+1   A1F2 10AE E8 77           LDY 119,S
    207  5+4   A1F6 36   30              PSHU Y,X
    208  5+1   A1F8 EC   E8 D7           LDD -41,S
    209  5+1   A1FB AE   E8 AF           LDX -81,S
    210  6+1   A1FE 10AE E8 4F           LDY 79,S
    211  5+6   A202 36   36              PSHU Y,X,D
    212  5+1   A204 EC   7F              LDD -1,S
    213  5+2   A206 36   06              PSHU D
    214  2     A208 84   F0              ANDA #$F0
    215  2     A20A 8A   04              ORA #$04
    216  2     A20C C6   0C              LDB #$0c
    217  5+1   A20E ED   7F              STD -1,S
    218  5+1   A210 EC   E8 27           LDD 39,S
    219  5+2   A213 36   06              PSHU D
    220  2     A215 84   F0              ANDA #$F0
    221  2     A217 8A   04              ORA #$04
    222  2     A219 C6   CE              LDB #$ce
    223  5+1   A21B ED   E8 27           STD 39,S
    224  3     A21E CC   E403            LDD #$e403
    225  5+1   A221 ED   E8 D7           STD -41,S
    226  3     A224 CC   DE04            LDD #$de04
    227  5+1   A227 ED   E8 87           STD -121,S
    228  2     A22A 86   EE              LDA #$ee
    229  5+1   A22C ED   E8 AF           STD -81,S
    230  3     A22F CC   B4EE            LDD #$b4ee
    231  5+1   A232 ED   E8 77           STD 119,S
    232  2     A235 86   44              LDA #$44
    233  5+1   A237 ED   E8 4F           STD 79,S
    234  4+1   A23A A6   E8 89           LDA -119,S
    235  5+1   A23D 36   02              PSHU A
    236  2     A23F 84   0F              ANDA #$0F
    237  2     A241 8A   20              ORA #$20
    238  4+1   A243 A7   E8 89           STA -119,S
    239  4+1   A246 A6   E8 B1           LDA -79,S
    240  5+1   A249 36   02              PSHU A
    241  2     A24B 84   0F              ANDA #$0F
    242  2     A24D 8A   20              ORA #$20
    243  4+1   A24F A7   E8 B1           STA -79,S
    244  4+1   A252 A6   E8 D9           LDA -39,S
    245  5+1   A255 36   02              PSHU A
    246  2     A257 84   0F              ANDA #$0F
    247  2     A259 8A   E0              ORA #$e0
    248  4+1   A25B A7   E8 D9           STA -39,S
    249  4+1   A25E A6   61              LDA 1,S
    250  5+1   A260 36   02              PSHU A
    251  2     A262 84   0F              ANDA #$0F
    252  2     A264 8A   C0              ORA #$c0
    253  4+1   A266 A7   61              STA 1,S
    254  4+1   A268 A6   E8 29           LDA 41,S
    255  5+1   A26B 36   02              PSHU A
    256  2     A26D 84   0F              ANDA #$0F
    257  2     A26F 8A   C0              ORA #$c0
    258  4+1   A271 A7   E8 29           STA 41,S
    259  4+1   A274 A6   E8 51           LDA 81,S
    260  5+1   A277 36   02              PSHU A
    261  2     A279 84   0F              ANDA #$0F
    262  2     A27B 8A   80              ORA #$80
    263  4+1   A27D A7   E8 51           STA 81,S
    264  4+1   A280 A6   E8 79           LDA 121,S
    265  5+3   A283 36   42              PSHU S,A
    266  2     A285 84   0F              ANDA #$0F
    267  2     A287 8A   40              ORA #$40
    268  4+1   A289 A7   E8 79           STA 121,S
    269  4+4   A28C 32   E9 00DB         LEAS 219,S
    270
    271  5+1   A290 AE   E8 C4           LDX -60,S
    272  5+2   A293 36   10              PSHU X
    273  3     A295 CC   B4EC            LDD #$b4ec
    274  5+1   A298 ED   E8 C4           STD -60,S
    275  4+1   A29B A6   E8 C6           LDA -58,S
    276  5+1   A29E 36   02              PSHU A
    277  2     A2A0 84   0F              ANDA #$0F
    278  2     A2A2 8A   40              ORA #$40
    279  4+1   A2A4 A7   E8 C6           STA -58,S
    280  5+1   A2A7 AE   E8 EC           LDX -20,S
    281  3     A2AA CC   BBDC            LDD #$bbdc
    282  5+1   A2AD ED   E8 EC           STD -20,S
    283  6+1   A2B0 10AE E8 14           LDY 20,S
    284  5+4   A2B4 36   30              PSHU Y,X
    285  2     A2B6 C6   CE              LDB #$ce
    286  5+1   A2B8 ED   E8 14           STD 20,S
    287  5+1   A2BB EC   E8 3C           LDD 60,S
    288  5+4   A2BE 36   46              PSHU S,D
    289  2     A2C0 84   F0              ANDA #$F0
    290  2     A2C2 C4   0F              ANDB #$0F
    291  4     A2C4 C3   0EE0            ADDD #$0ee0
    292  5+1   A2C7 ED   E8 3C           STD 60,S
    293        A2CA               DYN_POS
    294
    295  4     A2CA 10CE 0000            LDS #$0000
    296  4+4   A2CE 32   E9 035F         LEAS 863,S
    297
    298  4+1   A2D2 A6   E8 C3           LDA -61,S
    299  5+1   A2D5 36   02              PSHU A
    300  2     A2D7 84   F0              ANDA #$F0
    301  2     A2D9 8A   06              ORA #$06
    302  4+1   A2DB A7   E8 C3           STA -61,S
    303  4+1   A2DE A6   E8 EB           LDA -21,S
    304  5+1   A2E1 36   02              PSHU A
    305  2     A2E3 84   F0              ANDA #$F0
    306  2     A2E5 8A   06              ORA #$06
    307  4+1   A2E7 A7   E8 EB           STA -21,S
    308  4+1   A2EA A6   E8 ED           LDA -19,S
    309  5+1   A2ED 36   02              PSHU A
    310  2     A2EF 84   F0              ANDA #$F0
    311  2     A2F1 8A   06              ORA #$06
    312  4+1   A2F3 A7   E8 ED           STA -19,S
    313  4+1   A2F6 A6   E8 13           LDA 19,S
    314  5+1   A2F9 36   02              PSHU A
    315  2     A2FB 84   F0              ANDA #$F0
    316  2     A2FD 8A   06              ORA #$06
    317  4+1   A2FF A7   E8 13           STA 19,S
    318  4+1   A302 A6   E8 3B           LDA 59,S
    319  5+1   A305 36   02              PSHU A
    320  2     A307 84   F0              ANDA #$F0
    321  2     A309 8A   06              ORA #$06
    322  4+1   A30B A7   E8 3B           STA 59,S
    323  4+1   A30E A6   E8 15           LDA 21,S
    324  4+1   A311 E6   E8 3D           LDB 61,S
    325  5+4   A314 36   46              PSHU S,B,A
    326  2     A316 86   46              LDA #$46
    327  4+1   A318 A7   E8 15           STA 21,S
    328  2     A31B 86   56              LDA #$56
    329  4+1   A31D A7   E8 3D           STA 61,S
    330  4+4   A320 32   E9 00DC         LEAS 220,S
    331
    332  5+1   A324 EC   E8 89           LDD -119,S
    333  5+2   A327 36   06              PSHU D
    334  2     A329 86   54              LDA #$54
    335  2     A32B C4   0F              ANDB #$0F
    336  2     A32D CA   60              ORB #$60
    337  5+1   A32F ED   E8 89           STD -119,S
    338  5+1   A332 EC   E8 B1           LDD -79,S
    339  5+2   A335 36   06              PSHU D
    340  2     A337 86   65              LDA #$65
    341  2     A339 C4   0F              ANDB #$0F
    342  2     A33B CA   60              ORB #$60
    343  5+1   A33D ED   E8 B1           STD -79,S
    344  4+1   A340 A6   E8 87           LDA -121,S
    345  5+1   A343 36   02              PSHU A
    346  2     A345 84   F0              ANDA #$F0
    347  2     A347 8A   06              ORA #$06
    348  4+1   A349 A7   E8 87           STA -121,S
    349  4+1   A34C A6   E8 AF           LDA -81,S
    350  5+1   A34F 36   02              PSHU A
    351  2     A351 84   F0              ANDA #$F0
    352  2     A353 8A   02              ORA #$02
    353  4+1   A355 A7   E8 AF           STA -81,S
    354  4+1   A358 A6   E8 D7           LDA -41,S
    355  5+1   A35B 36   02              PSHU A
    356  2     A35D 84   F0              ANDA #$F0
    357  2     A35F 8A   03              ORA #$03
    358  4+1   A361 A7   E8 D7           STA -41,S
    359  5+1   A364 AE   E8 D9           LDX -39,S
    360  5+2   A367 36   10              PSHU X
    361  3     A369 CC   0566            LDD #$0566
    362  5+1   A36C ED   E8 D9           STD -39,S
    363  5+3   A36F 35   12              PULS A,X
    364  5+5   A371 36   52              PSHU S,X,A
    365  2     A373 86   4E              LDA #$4e
    366  3     A375 8E   0666            LDX #$0666
    367  5+3   A378 34   12              PSHS A,X
    368  4+1   A37A 32   E8 28           LEAS 40,S
    369
    370  5+1   A37D EC   E8 28           LDD 40,S
    371  5+2   A380 36   06              PSHU D
    372  2     A382 84   F0              ANDA #$F0
    373  2     A384 8A   04              ORA #$04
    374  2     A386 C6   C2              LDB #$c2
    375  5+1   A388 ED   E8 28           STD 40,S
    376  4+1   A38B A6   E8 2A           LDA 42,S
    377  4+1   A38E E6   E8 50           LDB 80,S
    378  5+2   A391 36   06              PSHU B,A
    379  2     A393 C4   F0              ANDB #$F0
    380  2     A395 CA   04              ORB #$04
    381  4+1   A397 E7   E8 50           STB 80,S
    382  4+1   A39A A6   E8 52           LDA 82,S
    383  5+1   A39D 36   02              PSHU A
    384  2     A39F 84   F0              ANDA #$F0
    385  2     A3A1 8A   05              ORA #$05
    386  4+1   A3A3 A7   E8 52           STA 82,S
    387  4+1   A3A6 A6   E8 79           LDA 121,S
    388  5+1   A3A9 36   02              PSHU A
    389  2     A3AB 84   0F              ANDA #$0F
    390  2     A3AD 8A   80              ORA #$80
    391  4+1   A3AF A7   E8 79           STA 121,S
    392  2     A3B2 86   54              LDA #$54
    393  4+1   A3B4 A7   E8 2A           STA 42,S
    394  5+1   A3B7 AE   E8 77           LDX 119,S
    395  5+2   A3BA 36   10              PSHU X
    396  3     A3BC CC   13EE            LDD #$13ee
    397  5+1   A3BF ED   E8 77           STD 119,S
    398  5+3   A3C2 35   12              PULS A,X
    399  5+5   A3C4 36   52              PSHU S,X,A
    400  2     A3C6 86   E4              LDA #$e4
    401  3     A3C8 8E   E146            LDX #$e146
    402  5+3   A3CB 34   12              PSHS A,X
    403  4+4   A3CD 32   E9 0117         LEAS 279,S
    404
    405  5+1   A3D1 AE   E8 88           LDX -120,S
    406  6+1   A3D4 10AE E8 B0           LDY -80,S
    407  5+4   A3D8 36   30              PSHU Y,X
    408  3     A3DA CC   00E8            LDD #$00e8
    409  5+1   A3DD ED   E8 88           STD -120,S
    410  5+1   A3E0 ED   E8 B0           STD -80,S
    411  4+1   A3E3 A6   E8 8A           LDA -118,S
    412  5+1   A3E6 36   02              PSHU A
    413  2     A3E8 84   0F              ANDA #$0F
    414  2     A3EA 8A   70              ORA #$70
    415  4+1   A3EC A7   E8 8A           STA -118,S
    416  4+1   A3EF A6   E8 B2           LDA -78,S
    417  5+1   A3F2 36   02              PSHU A
    418  2     A3F4 84   0F              ANDA #$0F
    419  2     A3F6 8A   70              ORA #$70
    420  4+1   A3F8 A7   E8 B2           STA -78,S
    421  4+1   A3FB A6   E8 DA           LDA -38,S
    422  5+1   A3FE 36   02              PSHU A
    423  2     A400 84   0F              ANDA #$0F
    424  2     A402 8A   70              ORA #$70
    425  4+1   A404 A7   E8 DA           STA -38,S
    426  5+1   A407 AE   E8 D8           LDX -40,S
    427  5+2   A40A 36   10              PSHU X
    428  3     A40C CC   12E6            LDD #$12e6
    429  5+1   A40F ED   E8 D8           STD -40,S
    430  5+3   A412 35   12              PULS A,X
    431  5+5   A414 36   52              PSHU S,X,A
    432  2     A416 86   24              LDA #$24
    433  3     A418 8E   8886            LDX #$8886
    434  5+3   A41B 34   12              PSHS A,X
    435  4+1   A41D 32   E8 28           LEAS 40,S
    436
    437  5+1   A420 EC   E8 29           LDD 41,S
    438  5+2   A423 36   06              PSHU D
    439  2     A425 86   E4              LDA #$e4
    440  2     A427 C4   0F              ANDB #$0F
    441  2     A429 CA   60              ORB #$60
    442  5+1   A42B ED   E8 29           STD 41,S
    443  4+1   A42E A6   E8 2B           LDA 43,S
    444  5+1   A431 36   02              PSHU A
    445  2     A433 86   23              LDA #$23
    446  4+1   A435 A7   E8 2B           STA 43,S
    447  5+3   A438 35   12              PULS A,X
    448  5+5   A43A 36   52              PSHU S,X,A
    449  2     A43C 86   3E              LDA #$3e
    450  3     A43E 8E   7748            LDX #$7748
    451  5+3   A441 34   12              PSHS A,X
    452  4+1   A443 32   E8 51           LEAS 81,S
    453
    454  5+3   A446 35   12              PULS A,X
    455  5+5   A448 36   52              PSHU S,X,A
    456  2     A44A 86   46              LDA #$46
    457  3     A44C 8E   7613            LDX #$7613
    458  5+3   A44F 34   12              PSHS A,X
    459  4+1   A451 32   E8 28           LEAS 40,S
    460
    461  5+1   A454 EC   E8 27           LDD 39,S
    462  5+2   A457 36   06              PSHU D
    463  2     A459 84   0F              ANDA #$0F
    464  2     A45B 8A   B0              ORA #$b0
    465  2     A45D C6   80              LDB #$80
    466  5+1   A45F ED   E8 27           STD 39,S
    467  5+1   A462 AE   E8 29           LDX 41,S
    468  5+2   A465 36   10              PSHU X
    469  3     A467 CC   7712            LDD #$7712
    470  5+1   A46A ED   E8 29           STD 41,S
    471  5+3   A46D 35   12              PULS A,X
    472  5+5   A46F 36   52              PSHU S,X,A
    473  2     A471 86   67              LDA #$67
    474  3     A473 8E   7702            LDX #$7702
    475  5+3   A476 34   12              PSHS A,X
    476  4+1   A478 32   E8 4F           LEAS 79,S
    477
    478  5+4   A47B 35   30              PULS X,Y
    479  5+6   A47D 36   70              PSHU S,Y,X
    480  3     A47F CC   EE87            LDD #$ee87
    481  3     A482 8E   7733            LDX #$7733
    482  5+4   A485 34   16              PSHS D,X
    483  4+1   A487 32   E8 28           LEAS 40,S
    484
    485  5+1   A48A EC   E8 28           LDD 40,S
    486  5+2   A48D 36   06              PSHU D
    487  2     A48F 84   F0              ANDA #$F0
    488  2     A491 8A   0D              ORA #$0d
    489  2     A493 C6   B1              LDB #$b1
    490  5+1   A495 ED   E8 28           STD 40,S
    491  5+1   A498 EC   E8 50           LDD 80,S
    492  5+2   A49B 36   06              PSHU D
    493  2     A49D 84   F0              ANDA #$F0
    494  2     A49F 8A   0E              ORA #$0e
    495  2     A4A1 C6   B0              LDB #$b0
    496  5+1   A4A3 ED   E8 50           STD 80,S
    497  5+1   A4A6 EC   E8 78           LDD 120,S
    498  5+2   A4A9 36   06              PSHU D
    499  2     A4AB 84   F0              ANDA #$F0
    500  2     A4AD 8A   0E              ORA #$0e
    501  2     A4AF C6   B0              LDB #$b0
    502  5+1   A4B1 ED   E8 78           STD 120,S
    503  4+1   A4B4 A6   E8 2A           LDA 42,S
    504  4+1   A4B7 E6   63              LDB 3,S
    505  5+2   A4B9 36   06              PSHU B,A
    506  2     A4BB C4   0F              ANDB #$0F
    507  2     A4BD CA   30              ORB #$30
    508  4+1   A4BF E7   63              STB 3,S
    509  2     A4C1 86   14              LDA #$14
    510  4+1   A4C3 A7   E8 2A           STA 42,S
    511  4+1   A4C6 A6   E8 52           LDA 82,S
    512  4+1   A4C9 E6   E8 7A           LDB 122,S
    513  5+2   A4CC 36   06              PSHU B,A
    514  2     A4CE 86   11              LDA #$11
    515  4+1   A4D0 A7   E8 52           STA 82,S
    516  2     A4D3 86   1C              LDA #$1c
    517  4+1   A4D5 A7   E8 7A           STA 122,S
    518  5+3   A4D8 35   12              PULS A,X
    519  5+5   A4DA 36   52              PSHU S,X,A
    520  2     A4DC 86   EC              LDA #$ec
    521  3     A4DE 8E   6874            LDX #$6874
    522  5+3   A4E1 34   12              PSHS A,X
    523  4+4   A4E3 32   E9 011A         LEAS 282,S
    524
    525  5+1   A4E7 AE   E8 76           LDX 118,S
    526  6+1   A4EA 10AE 7F              LDY -1,S
    527  5+4   A4ED 36   30              PSHU Y,X
    528  5+1   A4EF EC   E8 27           LDD 39,S
    529  5+1   A4F2 AE   E8 D7           LDX -41,S
    530  6+1   A4F5 10AE E8 87           LDY -121,S
    531  5+6   A4F9 36   36              PSHU Y,X,D
    532  3     A4FB CC   7EEE            LDD #$7eee
    533  5+1   A4FE ED   7F              STD -1,S
    534  5+1   A500 AE   E8 AF           LDX -81,S
    535  5+2   A503 36   10              PSHU X
    536  5+1   A505 EC   E8 4E           LDD 78,S
    537  5+2   A508 36   06              PSHU D
    538  2     A50A 84   F0              ANDA #$F0
    539  2     A50C 8A   0E              ORA #$0e
    540  2     A50E C6   7E              LDB #$7e
    541  5+1   A510 ED   E8 4E           STD 78,S
    542  3     A513 CC   E0CC            LDD #$e0cc
    543  5+1   A516 ED   E8 87           STD -121,S
    544  3     A519 CC   78CE            LDD #$78ce
    545  5+1   A51C ED   E8 27           STD 39,S
    546  3     A51F CC   E1EC            LDD #$e1ec
    547  5+1   A522 ED   E8 AF           STD -81,S
    548  2     A525 86   8B              LDA #$8b
    549  5+1   A527 ED   E8 D7           STD -41,S
    550  3     A52A CC   EE7B            LDD #$ee7b
    551  5+1   A52D ED   E8 76           STD 118,S
    552  4+1   A530 A6   E8 50           LDA 80,S
    553  5+1   A533 36   02              PSHU A
    554  2     A535 84   0F              ANDA #$0F
    555  2     A537 8A   C0              ORA #$c0
    556  4+1   A539 A7   E8 50           STA 80,S
    557  4+1   A53C A6   E8 78           LDA 120,S
    558  5+3   A53F 36   42              PSHU S,A
    559  2     A541 84   0F              ANDA #$0F
    560  2     A543 8A   E0              ORA #$e0
    561  4+1   A545 A7   E8 78           STA 120,S
    562  4+4   A548 32   E9 00C7         LEAS 199,S
    563
    564  5+1   A54C EC   E8 D7           LDD -41,S
    565  5+2   A54F 36   06              PSHU D
    566  2     A551 84   F0              ANDA #$F0
    567  2     A553 8A   0B              ORA #$0b
    568  2     A555 C6   DC              LDB #$dc
    569  5+1   A557 ED   E8 D7           STD -41,S
    570  5+1   A55A EC   7F              LDD -1,S
    571  5+2   A55C 36   06              PSHU D
    572  2     A55E 84   F0              ANDA #$F0
    573  2     A560 8A   0E              ORA #$0e
    574  2     A562 C6   CD              LDB #$cd
    575  5+1   A564 ED   7F              STD -1,S
    576  4+1   A566 A6   E8 28           LDA 40,S
    577  5+3   A569 36   42              PSHU S,A
    578  2     A56B 86   EE              LDA #$ee
    579  4+1   A56D A7   E8 28           STA 40,S
    580        A570               SSAV_Img_Sonic_101
    581  4     A570 10CE 0000            LDS #$0000
    582  5     A574 39                   RTS
    583

000000 Total Errors

000003 Total Symbols
     0x          Label A000 BCKDRAW_Img_Sonic_101
     1x          Label A2CA DYN_POS
     1x          Label A570 SSAV_Img_Sonic_101

