Load Game configuration: ./config.properties ...
Delete RAM data files ...
	# Compile .\GeneratedCode\BootT2.asm
Compile RAM Loader ...
	# Compile .\GeneratedCode\RAMLoaderFd.asm
Compile RAM Loader ...
	# Compile .\GeneratedCode\RAMLoaderT2.asm
Set Objects Id as Globals ...
	Game Mode: SpecialStage
		ObjID_SSSonic 1
		ObjID_SSBomb 2
		ObjID_HalfPipe 3
Set GameMode Id as Globals ...
		GmID_SpecialStage 0
Process Sounds ...
	Game Mode: SpecialStage
		Sound: Psg_SpecialStage
Process Background Images ...
	Game Mode: SpecialStage
		Background Image: ./Objects/SpecialStage/HalfPipe/image/key.png
Generate Sprites ...
	SSSonic Compile sprite: Img_SSonic_003 image:./Objects/SpecialStage/SSSonic/image/SSSonic_003.png variant:NB0
		- BackupBackground/Draw/Erase
			Planche:Img_SSonic_003 NB0 image:0
			X1Offset: -8
			Y1Offset: -26
			XSize: 14
			YSize: 54
			Center: 1083
			Taille de la zone data 1 et 2: 358
			./GeneratedCode/SSSonic/Img_SSonic_003_NB0.lst lwasm.exe BCKDRAW cycles: 3650 computed cycles: 3650
			./GeneratedCode/SSSonic/Img_SSonic_003_NB0.lst lwasm.exe BCKDRAW size: 1805 computed size: 1805
			./GeneratedCode/SSSonic/Img_SSonic_003_NB0_Erase.lst lwasm.exe ERASE cycles: 1721 computed cycles: 1721
			./GeneratedCode/SSSonic/Img_SSonic_003_NB0_Erase.lst lwasm.exe ERASE size: 610 computed size: 610
	SSSonic Compile sprite: Img_SSonic_003 image:./Objects/SpecialStage/SSSonic/image/SSSonic_003.png variant:XB0
		- BackupBackground/Draw/Erase
			Planche:Img_SSonic_003 XB0 image:0
			X1Offset: -7
			Y1Offset: -26
			XSize: 14
			YSize: 54
			Center: 1083
			Taille de la zone data 1 et 2: 354
			./GeneratedCode/SSSonic/Img_SSonic_003_XB0.lst lwasm.exe BCKDRAW cycles: 3646 computed cycles: 3646
			./GeneratedCode/SSSonic/Img_SSonic_003_XB0.lst lwasm.exe BCKDRAW size: 1826 computed size: 1826
			./GeneratedCode/SSSonic/Img_SSonic_003_XB0_Erase.lst lwasm.exe ERASE cycles: 1710 computed cycles: 1710
			./GeneratedCode/SSSonic/Img_SSonic_003_XB0_Erase.lst lwasm.exe ERASE size: 611 computed size: 611
	SSSonic Compile sprite: Img_SSonic_002 image:./Objects/SpecialStage/SSSonic/image/SSSonic_002.png variant:NB0
		- BackupBackground/Draw/Erase
			Planche:Img_SSonic_002 NB0 image:0
			X1Offset: -7
			Y1Offset: -26
			XSize: 14
			YSize: 54
			Center: 1083
			Taille de la zone data 1 et 2: 340
			./GeneratedCode/SSSonic/Img_SSonic_002_NB0.lst lwasm.exe BCKDRAW cycles: 3507 computed cycles: 3507
			./GeneratedCode/SSSonic/Img_SSonic_002_NB0.lst lwasm.exe BCKDRAW size: 1756 computed size: 1756
			./GeneratedCode/SSSonic/Img_SSonic_002_NB0_Erase.lst lwasm.exe ERASE cycles: 1664 computed cycles: 1664
			./GeneratedCode/SSSonic/Img_SSonic_002_NB0_Erase.lst lwasm.exe ERASE size: 602 computed size: 602
	SSSonic Compile sprite: Img_SSonic_002 image:./Objects/SpecialStage/SSSonic/image/SSSonic_002.png variant:XB0
		- BackupBackground/Draw/Erase
			Planche:Img_SSonic_002 XB0 image:0
			X1Offset: -8
			Y1Offset: -26
			XSize: 14
			YSize: 54
			Center: 1083
			Taille de la zone data 1 et 2: 348
			./GeneratedCode/SSSonic/Img_SSonic_002_XB0.lst lwasm.exe BCKDRAW cycles: 3552 computed cycles: 3552
			./GeneratedCode/SSSonic/Img_SSonic_002_XB0.lst lwasm.exe BCKDRAW size: 1760 computed size: 1760
			./GeneratedCode/SSSonic/Img_SSonic_002_XB0_Erase.lst lwasm.exe ERASE cycles: 1690 computed cycles: 1690
			./GeneratedCode/SSSonic/Img_SSonic_002_XB0_Erase.lst lwasm.exe ERASE size: 599 computed size: 599
	SSSonic Compile sprite: Img_SSonic_001 image:./Objects/SpecialStage/SSSonic/image/SSSonic_001.png variant:NB0
		- BackupBackground/Draw/Erase
			Planche:Img_SSonic_001 NB0 image:0
			X1Offset: -7
			Y1Offset: -26
			XSize: 14
			YSize: 51
			Center: 1083
			Taille de la zone data 1 et 2: 333
			./GeneratedCode/SSSonic/Img_SSonic_001_NB0.lst lwasm.exe BCKDRAW cycles: 3533 computed cycles: 3533
			./GeneratedCode/SSSonic/Img_SSonic_001_NB0.lst lwasm.exe BCKDRAW size: 1774 computed size: 1774
			./GeneratedCode/SSSonic/Img_SSonic_001_NB0_Erase.lst lwasm.exe ERASE cycles: 1658 computed cycles: 1658
			./GeneratedCode/SSSonic/Img_SSonic_001_NB0_Erase.lst lwasm.exe ERASE size: 604 computed size: 604
	SSSonic Compile sprite: Img_SSonic_001 image:./Objects/SpecialStage/SSSonic/image/SSSonic_001.png variant:XB0
		- BackupBackground/Draw/Erase
			Planche:Img_SSonic_001 XB0 image:0
			X1Offset: -8
			Y1Offset: -26
			XSize: 14
			YSize: 51
			Center: 1083
			Taille de la zone data 1 et 2: 333
			./GeneratedCode/SSSonic/Img_SSonic_001_XB0.lst lwasm.exe BCKDRAW cycles: 3536 computed cycles: 3536
			./GeneratedCode/SSSonic/Img_SSonic_001_XB0.lst lwasm.exe BCKDRAW size: 1777 computed size: 1777
			./GeneratedCode/SSSonic/Img_SSonic_001_XB0_Erase.lst lwasm.exe ERASE cycles: 1649 computed cycles: 1649
			./GeneratedCode/SSSonic/Img_SSonic_001_XB0_Erase.lst lwasm.exe ERASE size: 600 computed size: 600
	SSSonic Compile sprite: Img_SSonic_000 image:./Objects/SpecialStage/SSSonic/image/SSSonic_000.png variant:NB0
		- BackupBackground/Draw/Erase
			Planche:Img_SSonic_000 NB0 image:0
			X1Offset: -8
			Y1Offset: -27
			XSize: 14
			YSize: 54
			Center: 1083
			Taille de la zone data 1 et 2: 348
			./GeneratedCode/SSSonic/Img_SSonic_000_NB0.lst lwasm.exe BCKDRAW cycles: 3653 computed cycles: 3653
			./GeneratedCode/SSSonic/Img_SSonic_000_NB0.lst lwasm.exe BCKDRAW size: 1826 computed size: 1826
			./GeneratedCode/SSSonic/Img_SSonic_000_NB0_Erase.lst lwasm.exe ERASE cycles: 1698 computed cycles: 1698
			./GeneratedCode/SSSonic/Img_SSonic_000_NB0_Erase.lst lwasm.exe ERASE size: 615 computed size: 615
	SSSonic Compile sprite: Img_SSonic_000 image:./Objects/SpecialStage/SSSonic/image/SSSonic_000.png variant:XB0
		- BackupBackground/Draw/Erase
			Planche:Img_SSonic_000 XB0 image:0
			X1Offset: -7
			Y1Offset: -27
			XSize: 14
			YSize: 54
			Center: 1083
			Taille de la zone data 1 et 2: 346
			./GeneratedCode/SSSonic/Img_SSonic_000_XB0.lst lwasm.exe BCKDRAW cycles: 3647 computed cycles: 3647
			./GeneratedCode/SSSonic/Img_SSonic_000_XB0.lst lwasm.exe BCKDRAW size: 1830 computed size: 1830
			./GeneratedCode/SSSonic/Img_SSonic_000_XB0_Erase.lst lwasm.exe ERASE cycles: 1710 computed cycles: 1710
			./GeneratedCode/SSSonic/Img_SSonic_000_XB0_Erase.lst lwasm.exe ERASE size: 624 computed size: 624
	SSBomb Compile sprite: Img_SSRing_020 image:./Objects/SpecialStage/SSRing/image/SSRing_020.png variant:NB0
		- BackupBackground/Draw/Erase
			Planche:Img_SSRing_020 NB0 image:0
			X1Offset: 0
			Y1Offset: -1
			XSize: 0
			YSize: 3
			Center: 602
			Taille de la zone data 1 et 2: 6
			./GeneratedCode/SSBomb/Img_SSRing_020_NB0.lst lwasm.exe BCKDRAW cycles: 125 computed cycles: 125
			./GeneratedCode/SSBomb/Img_SSRing_020_NB0.lst lwasm.exe BCKDRAW size: 69 computed size: 69
			./GeneratedCode/SSBomb/Img_SSRing_020_NB0_Erase.lst lwasm.exe ERASE cycles: 68 computed cycles: 68
			./GeneratedCode/SSBomb/Img_SSRing_020_NB0_Erase.lst lwasm.exe ERASE size: 31 computed size: 31
	SSBomb Compile sprite: Img_SSBomb_012 image:./Objects/SpecialStage/SSBomb/image/SSBomb_012.png variant:NB0
		- BackupBackground/Draw/Erase
			Planche:Img_SSBomb_012 NB0 image:0
			X1Offset: -8
			Y1Offset: -12
			XSize: 13
			YSize: 26
			Center: 1565
			Taille de la zone data 1 et 2: 113
			./GeneratedCode/SSBomb/Img_SSBomb_012_NB0.lst lwasm.exe BCKDRAW cycles: 1520 computed cycles: 1520
			./GeneratedCode/SSBomb/Img_SSBomb_012_NB0.lst lwasm.exe BCKDRAW size: 831 computed size: 831
			./GeneratedCode/SSBomb/Img_SSBomb_012_NB0_Erase.lst lwasm.exe ERASE cycles: 695 computed cycles: 695
			./GeneratedCode/SSBomb/Img_SSBomb_012_NB0_Erase.lst lwasm.exe ERASE size: 289 computed size: 289
	SSBomb Compile sprite: Img_SSRing_023 image:./Objects/SpecialStage/SSRing/image/SSRing_023.png variant:NB0
		- BackupBackground/Draw/Erase
			Planche:Img_SSRing_023 NB0 image:0
			X1Offset: 0
			Y1Offset: -4
			XSize: 0
			YSize: 8
			Center: 602
			Taille de la zone data 1 et 2: 13
			./GeneratedCode/SSBomb/Img_SSRing_023_NB0.lst lwasm.exe BCKDRAW cycles: 233 computed cycles: 233
			./GeneratedCode/SSBomb/Img_SSRing_023_NB0.lst lwasm.exe BCKDRAW size: 131 computed size: 131
			./GeneratedCode/SSBomb/Img_SSRing_023_NB0_Erase.lst lwasm.exe ERASE cycles: 114 computed cycles: 114
			./GeneratedCode/SSBomb/Img_SSRing_023_NB0_Erase.lst lwasm.exe ERASE size: 51 computed size: 51
	SSBomb Compile sprite: Img_SSRing_024 image:./Objects/SpecialStage/SSRing/image/SSRing_024.png variant:NB0
		- BackupBackground/Draw/Erase
			Planche:Img_SSRing_024 NB0 image:0
			X1Offset: 0
			Y1Offset: -4
			XSize: 0
			YSize: 10
			Center: 602
			Taille de la zone data 1 et 2: 15
			./GeneratedCode/SSBomb/Img_SSRing_024_NB0.lst lwasm.exe BCKDRAW cycles: 273 computed cycles: 273
			./GeneratedCode/SSBomb/Img_SSRing_024_NB0.lst lwasm.exe BCKDRAW size: 155 computed size: 155
			./GeneratedCode/SSBomb/Img_SSRing_024_NB0_Erase.lst lwasm.exe ERASE cycles: 131 computed cycles: 131
			./GeneratedCode/SSBomb/Img_SSRing_024_NB0_Erase.lst lwasm.exe ERASE size: 59 computed size: 59
	SSBomb Compile sprite: Img_SSRing_021 image:./Objects/SpecialStage/SSRing/image/SSRing_021.png variant:NB0
		- BackupBackground/Draw/Erase
			Planche:Img_SSRing_021 NB0 image:0
			X1Offset: 0
			Y1Offset: -2
			XSize: 0
			YSize: 5
			Center: 602
			Taille de la zone data 1 et 2: 8
			./GeneratedCode/SSBomb/Img_SSRing_021_NB0.lst lwasm.exe BCKDRAW cycles: 165 computed cycles: 165
			./GeneratedCode/SSBomb/Img_SSRing_021_NB0.lst lwasm.exe BCKDRAW size: 93 computed size: 93
			./GeneratedCode/SSBomb/Img_SSRing_021_NB0_Erase.lst lwasm.exe ERASE cycles: 85 computed cycles: 85
			./GeneratedCode/SSBomb/Img_SSRing_021_NB0_Erase.lst lwasm.exe ERASE size: 39 computed size: 39
	SSBomb Compile sprite: Img_SSRing_022 image:./Objects/SpecialStage/SSRing/image/SSRing_022.png variant:NB0
		- BackupBackground/Draw/Erase
			Planche:Img_SSRing_022 NB0 image:0
			X1Offset: 0
			Y1Offset: -3
			XSize: 0
			YSize: 7
			Center: 602
			Taille de la zone data 1 et 2: 12
			./GeneratedCode/SSBomb/Img_SSRing_022_NB0.lst lwasm.exe BCKDRAW cycles: 206 computed cycles: 206
			./GeneratedCode/SSBomb/Img_SSRing_022_NB0.lst lwasm.exe BCKDRAW size: 114 computed size: 114
			./GeneratedCode/SSBomb/Img_SSRing_022_NB0_Erase.lst lwasm.exe ERASE cycles: 102 computed cycles: 102
			./GeneratedCode/SSBomb/Img_SSRing_022_NB0_Erase.lst lwasm.exe ERASE size: 45 computed size: 45
	SSBomb Compile sprite: Img_SSRing_016 image:./Objects/SpecialStage/SSRing/image/SSRing_016.png variant:NB0
		- BackupBackground/Draw/Erase
			Planche:Img_SSRing_016 NB0 image:0
			X1Offset: -3
			Y1Offset: -7
			XSize: 5
			YSize: 15
			Center: 602
			Taille de la zone data 1 et 2: 58
			./GeneratedCode/SSBomb/Img_SSRing_016_NB0.lst lwasm.exe BCKDRAW cycles: 791 computed cycles: 791
			./GeneratedCode/SSBomb/Img_SSRing_016_NB0.lst lwasm.exe BCKDRAW size: 432 computed size: 432
			./GeneratedCode/SSBomb/Img_SSRing_016_NB0_Erase.lst lwasm.exe ERASE cycles: 346 computed cycles: 346
			./GeneratedCode/SSBomb/Img_SSRing_016_NB0_Erase.lst lwasm.exe ERASE size: 141 computed size: 141
	SSBomb Compile sprite: Img_SSRing_017 image:./Objects/SpecialStage/SSRing/image/SSRing_017.png variant:NB0
		- BackupBackground/Draw/Erase
			Planche:Img_SSRing_017 NB0 image:0
			X1Offset: -4
			Y1Offset: -9
			XSize: 6
			YSize: 19
			Center: 602
			Taille de la zone data 1 et 2: 75
			./GeneratedCode/SSBomb/Img_SSRing_017_NB0.lst lwasm.exe BCKDRAW cycles: 991 computed cycles: 991
			./GeneratedCode/SSBomb/Img_SSRing_017_NB0.lst lwasm.exe BCKDRAW size: 547 computed size: 547
			./GeneratedCode/SSBomb/Img_SSRing_017_NB0_Erase.lst lwasm.exe ERASE cycles: 426 computed cycles: 426
			./GeneratedCode/SSBomb/Img_SSRing_017_NB0_Erase.lst lwasm.exe ERASE size: 173 computed size: 173
	SSBomb Compile sprite: Img_SSRing_014 image:./Objects/SpecialStage/SSRing/image/SSRing_014.png variant:NB0
		- BackupBackground/Draw/Erase
			Planche:Img_SSRing_014 NB0 image:0
			X1Offset: -3
			Y1Offset: -5
			XSize: 4
			YSize: 11
			Center: 602
			Taille de la zone data 1 et 2: 32
			./GeneratedCode/SSBomb/Img_SSRing_014_NB0.lst lwasm.exe BCKDRAW cycles: 433 computed cycles: 433
			./GeneratedCode/SSBomb/Img_SSRing_014_NB0.lst lwasm.exe BCKDRAW size: 239 computed size: 239
			./GeneratedCode/SSBomb/Img_SSRing_014_NB0_Erase.lst lwasm.exe ERASE cycles: 205 computed cycles: 205
			./GeneratedCode/SSBomb/Img_SSRing_014_NB0_Erase.lst lwasm.exe ERASE size: 86 computed size: 86
	SSBomb Compile sprite: Img_SSRing_015 image:./Objects/SpecialStage/SSRing/image/SSRing_015.png variant:NB0
		- BackupBackground/Draw/Erase
			Planche:Img_SSRing_015 NB0 image:0
			X1Offset: -3
			Y1Offset: -6
			XSize: 4
			YSize: 13
			Center: 602
			Taille de la zone data 1 et 2: 39
			./GeneratedCode/SSBomb/Img_SSRing_015_NB0.lst lwasm.exe BCKDRAW cycles: 535 computed cycles: 535
			./GeneratedCode/SSBomb/Img_SSRing_015_NB0.lst lwasm.exe BCKDRAW size: 294 computed size: 294
			./GeneratedCode/SSBomb/Img_SSRing_015_NB0_Erase.lst lwasm.exe ERASE cycles: 249 computed cycles: 249
			./GeneratedCode/SSBomb/Img_SSRing_015_NB0_Erase.lst lwasm.exe ERASE size: 104 computed size: 104
	SSBomb Compile sprite: Img_SSBomb_010 image:./Objects/SpecialStage/SSBomb/image/SSBomb_010.png variant:NB0
		- BackupBackground/Draw/Erase
			Planche:Img_SSBomb_010 NB0 image:0
			X1Offset: -8
			Y1Offset: -15
			XSize: 15
			YSize: 31
			Center: 1565
			Taille de la zone data 1 et 2: 301
			./GeneratedCode/SSBomb/Img_SSBomb_010_NB0.lst lwasm.exe BCKDRAW cycles: 2584 computed cycles: 2584
			./GeneratedCode/SSBomb/Img_SSBomb_010_NB0.lst lwasm.exe BCKDRAW size: 1142 computed size: 1142
			./GeneratedCode/SSBomb/Img_SSBomb_010_NB0_Erase.lst lwasm.exe ERASE cycles: 1268 computed cycles: 1268
			./GeneratedCode/SSBomb/Img_SSBomb_010_NB0_Erase.lst lwasm.exe ERASE size: 370 computed size: 370
	SSBomb Compile sprite: Img_SSBomb_011 image:./Objects/SpecialStage/SSBomb/image/SSBomb_011.png variant:NB0
		- BackupBackground/Draw/Erase
			Planche:Img_SSBomb_011 NB0 image:0
			X1Offset: -8
			Y1Offset: -15
			XSize: 15
			YSize: 30
			Center: 1565
			Taille de la zone data 1 et 2: 231
			./GeneratedCode/SSBomb/Img_SSBomb_011_NB0.lst lwasm.exe BCKDRAW cycles: 2448 computed cycles: 2448
			./GeneratedCode/SSBomb/Img_SSBomb_011_NB0.lst lwasm.exe BCKDRAW size: 1222 computed size: 1222
			./GeneratedCode/SSBomb/Img_SSBomb_011_NB0_Erase.lst lwasm.exe ERASE cycles: 1124 computed cycles: 1124
			./GeneratedCode/SSBomb/Img_SSBomb_011_NB0_Erase.lst lwasm.exe ERASE size: 394 computed size: 394
	SSBomb Compile sprite: Img_SSRing_018 image:./Objects/SpecialStage/SSRing/image/SSRing_018.png variant:NB0
		- BackupBackground/Draw/Erase
			Planche:Img_SSRing_018 NB0 image:0
			X1Offset: -4
			Y1Offset: -10
			XSize: 7
			YSize: 21
			Center: 602
			Taille de la zone data 1 et 2: 87
			./GeneratedCode/SSBomb/Img_SSRing_018_NB0.lst lwasm.exe BCKDRAW cycles: 1049 computed cycles: 1049
			./GeneratedCode/SSBomb/Img_SSRing_018_NB0.lst lwasm.exe BCKDRAW size: 560 computed size: 560
			./GeneratedCode/SSBomb/Img_SSRing_018_NB0_Erase.lst lwasm.exe ERASE cycles: 473 computed cycles: 473
			./GeneratedCode/SSBomb/Img_SSRing_018_NB0_Erase.lst lwasm.exe ERASE size: 187 computed size: 187
	SSBomb Compile sprite: Img_SSRing_019 image:./Objects/SpecialStage/SSRing/image/SSRing_019.png variant:NB0
		- BackupBackground/Draw/Erase
			Planche:Img_SSRing_019 NB0 image:0
			X1Offset: -5
			Y1Offset: -11
			XSize: 8
			YSize: 23
			Center: 602
			Taille de la zone data 1 et 2: 101
			./GeneratedCode/SSBomb/Img_SSRing_019_NB0.lst lwasm.exe BCKDRAW cycles: 1283 computed cycles: 1283
			./GeneratedCode/SSBomb/Img_SSRing_019_NB0.lst lwasm.exe BCKDRAW size: 694 computed size: 694
			./GeneratedCode/SSBomb/Img_SSRing_019_NB0_Erase.lst lwasm.exe ERASE cycles: 583 computed cycles: 583
			./GeneratedCode/SSBomb/Img_SSRing_019_NB0_Erase.lst lwasm.exe ERASE size: 237 computed size: 237
	SSBomb Compile sprite: Img_SSRing_012 image:./Objects/SpecialStage/SSRing/image/SSRing_012.png variant:NB0
		- BackupBackground/Draw/Erase
			Planche:Img_SSRing_012 NB0 image:0
			X1Offset: -2
			Y1Offset: -3
			XSize: 2
			YSize: 7
			Center: 602
			Taille de la zone data 1 et 2: 18
			./GeneratedCode/SSBomb/Img_SSRing_012_NB0.lst lwasm.exe BCKDRAW cycles: 291 computed cycles: 291
			./GeneratedCode/SSBomb/Img_SSRing_012_NB0.lst lwasm.exe BCKDRAW size: 163 computed size: 163
			./GeneratedCode/SSBomb/Img_SSRing_012_NB0_Erase.lst lwasm.exe ERASE cycles: 143 computed cycles: 143
			./GeneratedCode/SSBomb/Img_SSRing_012_NB0_Erase.lst lwasm.exe ERASE size: 63 computed size: 63
	SSBomb Compile sprite: Img_SSRing_013 image:./Objects/SpecialStage/SSRing/image/SSRing_013.png variant:NB0
		- BackupBackground/Draw/Erase
			Planche:Img_SSRing_013 NB0 image:0
			X1Offset: -2
			Y1Offset: -4
			XSize: 2
			YSize: 8
			Center: 602
			Taille de la zone data 1 et 2: 25
			./GeneratedCode/SSBomb/Img_SSRing_013_NB0.lst lwasm.exe BCKDRAW cycles: 392 computed cycles: 392
			./GeneratedCode/SSBomb/Img_SSRing_013_NB0.lst lwasm.exe BCKDRAW size: 222 computed size: 222
			./GeneratedCode/SSBomb/Img_SSRing_013_NB0_Erase.lst lwasm.exe ERASE cycles: 184 computed cycles: 184
			./GeneratedCode/SSBomb/Img_SSRing_013_NB0_Erase.lst lwasm.exe ERASE size: 81 computed size: 81
	SSBomb Compile sprite: Img_SSRing_010 image:./Objects/SpecialStage/SSRing/image/SSRing_010.png variant:NB0
		- BackupBackground/Draw/Erase
			Planche:Img_SSRing_010 NB0 image:0
			X1Offset: -1
			Y1Offset: -1
			XSize: 0
			YSize: 3
			Center: 602
			Taille de la zone data 1 et 2: 6
			./GeneratedCode/SSBomb/Img_SSRing_010_NB0.lst lwasm.exe BCKDRAW cycles: 125 computed cycles: 125
			./GeneratedCode/SSBomb/Img_SSRing_010_NB0.lst lwasm.exe BCKDRAW size: 69 computed size: 69
			./GeneratedCode/SSBomb/Img_SSRing_010_NB0_Erase.lst lwasm.exe ERASE cycles: 68 computed cycles: 68
			./GeneratedCode/SSBomb/Img_SSRing_010_NB0_Erase.lst lwasm.exe ERASE size: 31 computed size: 31
	SSBomb Compile sprite: Img_SSRing_011 image:./Objects/SpecialStage/SSRing/image/SSRing_011.png variant:NB0
		- BackupBackground/Draw/Erase
			Planche:Img_SSRing_011 NB0 image:0
			X1Offset: -2
			Y1Offset: -2
			XSize: 2
			YSize: 5
			Center: 602
			Taille de la zone data 1 et 2: 14
			./GeneratedCode/SSBomb/Img_SSRing_011_NB0.lst lwasm.exe BCKDRAW cycles: 252 computed cycles: 252
			./GeneratedCode/SSBomb/Img_SSRing_011_NB0.lst lwasm.exe BCKDRAW size: 144 computed size: 144
			./GeneratedCode/SSBomb/Img_SSRing_011_NB0_Erase.lst lwasm.exe ERASE cycles: 126 computed cycles: 126
			./GeneratedCode/SSBomb/Img_SSRing_011_NB0_Erase.lst lwasm.exe ERASE size: 57 computed size: 57
	SSBomb Compile sprite: Img_SSShadow_009 image:./Objects/SpecialStage/SSShadow/image/grey/SSShadowFlat_009.png variant:NB0
		- BackupBackground/Draw/Erase
			Planche:Img_SSShadow_009 NB0 image:0
			X1Offset: -6
			Y1Offset: -3
			XSize: 10
			YSize: 7
			Center: 602
			Taille de la zone data 1 et 2: 46
			./GeneratedCode/SSBomb/Img_SSShadow_009_NB0.lst lwasm.exe BCKDRAW cycles: 491 computed cycles: 491
			./GeneratedCode/SSBomb/Img_SSShadow_009_NB0.lst lwasm.exe BCKDRAW size: 238 computed size: 238
			./GeneratedCode/SSBomb/Img_SSShadow_009_NB0_Erase.lst lwasm.exe ERASE cycles: 252 computed cycles: 252
			./GeneratedCode/SSBomb/Img_SSShadow_009_NB0_Erase.lst lwasm.exe ERASE size: 97 computed size: 97
	SSBomb Compile sprite: Img_SSShadow_008 image:./Objects/SpecialStage/SSShadow/image/grey/SSShadowSide_008.png variant:NB0
		- BackupBackground/Draw/Erase
			Planche:Img_SSShadow_008 NB0 image:0
			X1Offset: -2
			Y1Offset: -11
			XSize: 2
			YSize: 23
			Center: 602
			Taille de la zone data 1 et 2: 57
			./GeneratedCode/SSBomb/Img_SSShadow_008_NB0.lst lwasm.exe BCKDRAW cycles: 864 computed cycles: 864
			./GeneratedCode/SSBomb/Img_SSShadow_008_NB0.lst lwasm.exe BCKDRAW size: 482 computed size: 482
			./GeneratedCode/SSBomb/Img_SSShadow_008_NB0_Erase.lst lwasm.exe ERASE cycles: 424 computed cycles: 424
			./GeneratedCode/SSBomb/Img_SSShadow_008_NB0_Erase.lst lwasm.exe ERASE size: 189 computed size: 189
	SSBomb Compile sprite: Img_SSShadow_008 image:./Objects/SpecialStage/SSShadow/image/grey/SSShadowSide_008.png variant:XB0
		- BackupBackground/Draw/Erase
			Planche:Img_SSShadow_008 XB0 image:0
			X1Offset: -1
			Y1Offset: -11
			XSize: 2
			YSize: 23
			Center: 602
			Taille de la zone data 1 et 2: 57
			./GeneratedCode/SSBomb/Img_SSShadow_008_XB0.lst lwasm.exe BCKDRAW cycles: 864 computed cycles: 864
			./GeneratedCode/SSBomb/Img_SSShadow_008_XB0.lst lwasm.exe BCKDRAW size: 482 computed size: 482
			./GeneratedCode/SSBomb/Img_SSShadow_008_XB0_Erase.lst lwasm.exe ERASE cycles: 424 computed cycles: 424
			./GeneratedCode/SSBomb/Img_SSShadow_008_XB0_Erase.lst lwasm.exe ERASE size: 189 computed size: 189
	SSBomb Compile sprite: Img_SSShadow_007 image:./Objects/SpecialStage/SSShadow/image/grey/SSShadowDiag_007.png variant:NB0
		- BackupBackground/Draw/Erase
			Planche:Img_SSShadow_007 NB0 image:0
			X1Offset: -5
			Y1Offset: -11
			XSize: 10
			YSize: 20
			Center: 602
			Taille de la zone data 1 et 2: 67
			./GeneratedCode/SSBomb/Img_SSShadow_007_NB0.lst lwasm.exe BCKDRAW cycles: 865 computed cycles: 865
			./GeneratedCode/SSBomb/Img_SSShadow_007_NB0.lst lwasm.exe BCKDRAW size: 463 computed size: 463
			./GeneratedCode/SSBomb/Img_SSShadow_007_NB0_Erase.lst lwasm.exe ERASE cycles: 413 computed cycles: 413
			./GeneratedCode/SSBomb/Img_SSShadow_007_NB0_Erase.lst lwasm.exe ERASE size: 174 computed size: 174
	SSBomb Compile sprite: Img_SSShadow_007 image:./Objects/SpecialStage/SSShadow/image/grey/SSShadowDiag_007.png variant:XB0
		- BackupBackground/Draw/Erase
			Planche:Img_SSShadow_007 XB0 image:0
			X1Offset: -6
			Y1Offset: -11
			XSize: 10
			YSize: 20
			Center: 602
			Taille de la zone data 1 et 2: 67
			./GeneratedCode/SSBomb/Img_SSShadow_007_XB0.lst lwasm.exe BCKDRAW cycles: 863 computed cycles: 863
			./GeneratedCode/SSBomb/Img_SSShadow_007_XB0.lst lwasm.exe BCKDRAW size: 461 computed size: 461
			./GeneratedCode/SSBomb/Img_SSShadow_007_XB0_Erase.lst lwasm.exe ERASE cycles: 413 computed cycles: 413
			./GeneratedCode/SSBomb/Img_SSShadow_007_XB0_Erase.lst lwasm.exe ERASE size: 174 computed size: 174
	SSBomb Compile sprite: Img_SSShadow_006 image:./Objects/SpecialStage/SSShadow/image/grey/SSShadowFlat_006.png variant:NB0
		- BackupBackground/Draw/Erase
			Planche:Img_SSShadow_006 NB0 image:0
			X1Offset: -7
			Y1Offset: -4
			XSize: 12
			YSize: 8
			Center: 602
			Taille de la zone data 1 et 2: 55
			./GeneratedCode/SSBomb/Img_SSShadow_006_NB0.lst lwasm.exe BCKDRAW cycles: 554 computed cycles: 554
			./GeneratedCode/SSBomb/Img_SSShadow_006_NB0.lst lwasm.exe BCKDRAW size: 262 computed size: 262
			./GeneratedCode/SSBomb/Img_SSShadow_006_NB0_Erase.lst lwasm.exe ERASE cycles: 292 computed cycles: 292
			./GeneratedCode/SSBomb/Img_SSShadow_006_NB0_Erase.lst lwasm.exe ERASE size: 106 computed size: 106
	SSBomb Compile sprite: Img_SSShadow_005 image:./Objects/SpecialStage/SSShadow/image/grey/SSShadowSide_005.png variant:NB0
		- BackupBackground/Draw/Erase
			Planche:Img_SSShadow_005 NB0 image:0
			X1Offset: -2
			Y1Offset: -13
			XSize: 2
			YSize: 26
			Center: 602
			Taille de la zone data 1 et 2: 66
			./GeneratedCode/SSBomb/Img_SSShadow_005_NB0.lst lwasm.exe BCKDRAW cycles: 967 computed cycles: 967
			./GeneratedCode/SSBomb/Img_SSShadow_005_NB0.lst lwasm.exe BCKDRAW size: 532 computed size: 532
			./GeneratedCode/SSBomb/Img_SSShadow_005_NB0_Erase.lst lwasm.exe ERASE cycles: 487 computed cycles: 487
			./GeneratedCode/SSBomb/Img_SSShadow_005_NB0_Erase.lst lwasm.exe ERASE size: 217 computed size: 217
	SSBomb Compile sprite: Img_SSShadow_005 image:./Objects/SpecialStage/SSShadow/image/grey/SSShadowSide_005.png variant:XB0
		- BackupBackground/Draw/Erase
			Planche:Img_SSShadow_005 XB0 image:0
			X1Offset: -1
			Y1Offset: -13
			XSize: 2
			YSize: 26
			Center: 602
			Taille de la zone data 1 et 2: 66
			./GeneratedCode/SSBomb/Img_SSShadow_005_XB0.lst lwasm.exe BCKDRAW cycles: 967 computed cycles: 967
			./GeneratedCode/SSBomb/Img_SSShadow_005_XB0.lst lwasm.exe BCKDRAW size: 532 computed size: 532
			./GeneratedCode/SSBomb/Img_SSShadow_005_XB0_Erase.lst lwasm.exe ERASE cycles: 487 computed cycles: 487
			./GeneratedCode/SSBomb/Img_SSShadow_005_XB0_Erase.lst lwasm.exe ERASE size: 217 computed size: 217
	SSBomb Compile sprite: Img_SSShadow_004 image:./Objects/SpecialStage/SSShadow/image/grey/SSShadowDiag_004.png variant:NB0
		- BackupBackground/Draw/Erase
			Planche:Img_SSShadow_004 NB0 image:0
			X1Offset: -4
			Y1Offset: -15
			XSize: 11
			YSize: 23
			Center: 602
			Taille de la zone data 1 et 2: 83
			./GeneratedCode/SSBomb/Img_SSShadow_004_NB0.lst lwasm.exe BCKDRAW cycles: 967 computed cycles: 967
			./GeneratedCode/SSBomb/Img_SSShadow_004_NB0.lst lwasm.exe BCKDRAW size: 505 computed size: 505
			./GeneratedCode/SSBomb/Img_SSShadow_004_NB0_Erase.lst lwasm.exe ERASE cycles: 483 computed cycles: 483
			./GeneratedCode/SSBomb/Img_SSShadow_004_NB0_Erase.lst lwasm.exe ERASE size: 197 computed size: 197
	SSBomb Compile sprite: Img_SSShadow_004 image:./Objects/SpecialStage/SSShadow/image/grey/SSShadowDiag_004.png variant:XB0
		- BackupBackground/Draw/Erase
			Planche:Img_SSShadow_004 XB0 image:0
			X1Offset: -8
			Y1Offset: -15
			XSize: 11
			YSize: 23
			Center: 602
			Taille de la zone data 1 et 2: 83
			./GeneratedCode/SSBomb/Img_SSShadow_004_XB0.lst lwasm.exe BCKDRAW cycles: 971 computed cycles: 971
			./GeneratedCode/SSBomb/Img_SSShadow_004_XB0.lst lwasm.exe BCKDRAW size: 505 computed size: 505
			./GeneratedCode/SSBomb/Img_SSShadow_004_XB0_Erase.lst lwasm.exe ERASE cycles: 485 computed cycles: 485
			./GeneratedCode/SSBomb/Img_SSShadow_004_XB0_Erase.lst lwasm.exe ERASE size: 197 computed size: 197
	SSBomb Compile sprite: Img_SSShadow_003 image:./Objects/SpecialStage/SSShadow/image/grey/SSShadowFlat_003.png variant:NB0
		- BackupBackground/Draw/Erase
			Planche:Img_SSShadow_003 NB0 image:0
			X1Offset: -7
			Y1Offset: -4
			XSize: 13
			YSize: 9
			Center: 602
			Taille de la zone data 1 et 2: 80
			./GeneratedCode/SSBomb/Img_SSShadow_003_NB0.lst lwasm.exe BCKDRAW cycles: 824 computed cycles: 824
			./GeneratedCode/SSBomb/Img_SSShadow_003_NB0.lst lwasm.exe BCKDRAW size: 393 computed size: 393
			./GeneratedCode/SSBomb/Img_SSShadow_003_NB0_Erase.lst lwasm.exe ERASE cycles: 406 computed cycles: 406
			./GeneratedCode/SSBomb/Img_SSShadow_003_NB0_Erase.lst lwasm.exe ERASE size: 139 computed size: 139
	SSBomb Compile sprite: Img_SSShadow_002 image:./Objects/SpecialStage/SSShadow/image/grey/SSShadowSide_002.png variant:NB0
		- BackupBackground/Draw/Erase
			Planche:Img_SSShadow_002 NB0 image:0
			X1Offset: -2
			Y1Offset: -15
			XSize: 3
			YSize: 30
			Center: 602
			Taille de la zone data 1 et 2: 76
			./GeneratedCode/SSBomb/Img_SSShadow_002_NB0.lst lwasm.exe BCKDRAW cycles: 1074 computed cycles: 1074
			./GeneratedCode/SSBomb/Img_SSShadow_002_NB0.lst lwasm.exe BCKDRAW size: 584 computed size: 584
			./GeneratedCode/SSBomb/Img_SSShadow_002_NB0_Erase.lst lwasm.exe ERASE cycles: 555 computed cycles: 555
			./GeneratedCode/SSBomb/Img_SSShadow_002_NB0_Erase.lst lwasm.exe ERASE size: 247 computed size: 247
	SSBomb Compile sprite: Img_SSShadow_002 image:./Objects/SpecialStage/SSShadow/image/grey/SSShadowSide_002.png variant:XB0
		- BackupBackground/Draw/Erase
			Planche:Img_SSShadow_002 XB0 image:0
			X1Offset: -2
			Y1Offset: -15
			XSize: 3
			YSize: 30
			Center: 602
			Taille de la zone data 1 et 2: 76
			./GeneratedCode/SSBomb/Img_SSShadow_002_XB0.lst lwasm.exe BCKDRAW cycles: 1074 computed cycles: 1074
			./GeneratedCode/SSBomb/Img_SSShadow_002_XB0.lst lwasm.exe BCKDRAW size: 584 computed size: 584
			./GeneratedCode/SSBomb/Img_SSShadow_002_XB0_Erase.lst lwasm.exe ERASE cycles: 555 computed cycles: 555
			./GeneratedCode/SSBomb/Img_SSShadow_002_XB0_Erase.lst lwasm.exe ERASE size: 247 computed size: 247
	SSBomb Compile sprite: Img_SSShadow_001 image:./Objects/SpecialStage/SSShadow/image/grey/SSShadowDiag_001.png variant:NB0
		- BackupBackground/Draw/Erase
			Planche:Img_SSShadow_001 NB0 image:0
			X1Offset: -6
			Y1Offset: -15
			XSize: 13
			YSize: 26
			Center: 602
			Taille de la zone data 1 et 2: 101
			./GeneratedCode/SSBomb/Img_SSShadow_001_NB0.lst lwasm.exe BCKDRAW cycles: 1126 computed cycles: 1126
			./GeneratedCode/SSBomb/Img_SSShadow_001_NB0.lst lwasm.exe BCKDRAW size: 583 computed size: 583
			./GeneratedCode/SSBomb/Img_SSShadow_001_NB0_Erase.lst lwasm.exe ERASE cycles: 556 computed cycles: 556
			./GeneratedCode/SSBomb/Img_SSShadow_001_NB0_Erase.lst lwasm.exe ERASE size: 225 computed size: 225
	SSBomb Compile sprite: Img_SSShadow_001 image:./Objects/SpecialStage/SSShadow/image/grey/SSShadowDiag_001.png variant:XB0
		- BackupBackground/Draw/Erase
			Planche:Img_SSShadow_001 XB0 image:0
			X1Offset: -8
			Y1Offset: -15
			XSize: 13
			YSize: 26
			Center: 602
			Taille de la zone data 1 et 2: 101
			./GeneratedCode/SSBomb/Img_SSShadow_001_XB0.lst lwasm.exe BCKDRAW cycles: 1126 computed cycles: 1126
			./GeneratedCode/SSBomb/Img_SSShadow_001_XB0.lst lwasm.exe BCKDRAW size: 581 computed size: 581
			./GeneratedCode/SSBomb/Img_SSShadow_001_XB0_Erase.lst lwasm.exe ERASE cycles: 557 computed cycles: 557
			./GeneratedCode/SSBomb/Img_SSShadow_001_XB0_Erase.lst lwasm.exe ERASE size: 225 computed size: 225
	SSBomb Compile sprite: Img_SSShadow_000 image:./Objects/SpecialStage/SSShadow/image/grey/SSShadowFlat_000.png variant:NB0
		- BackupBackground/Draw/Erase
			Planche:Img_SSShadow_000 NB0 image:0
			X1Offset: -8
			Y1Offset: -5
			XSize: 15
			YSize: 10
			Center: 602
			Taille de la zone data 1 et 2: 102
			./GeneratedCode/SSBomb/Img_SSShadow_000_NB0.lst lwasm.exe BCKDRAW cycles: 844 computed cycles: 844
			./GeneratedCode/SSBomb/Img_SSShadow_000_NB0.lst lwasm.exe BCKDRAW size: 350 computed size: 350
			./GeneratedCode/SSBomb/Img_SSShadow_000_NB0_Erase.lst lwasm.exe ERASE cycles: 441 computed cycles: 441
			./GeneratedCode/SSBomb/Img_SSShadow_000_NB0_Erase.lst lwasm.exe ERASE size: 127 computed size: 127
	SSBomb Compile sprite: Img_SSRing_005 image:./Objects/SpecialStage/SSRing/image/SSRing_005.png variant:NB0
		- BackupBackground/Draw/Erase
			Planche:Img_SSRing_005 NB0 image:0
			X1Offset: -4
			Y1Offset: -6
			XSize: 6
			YSize: 13
			Center: 602
			Taille de la zone data 1 et 2: 42
			./GeneratedCode/SSBomb/Img_SSRing_005_NB0.lst lwasm.exe BCKDRAW cycles: 635 computed cycles: 635
			./GeneratedCode/SSBomb/Img_SSRing_005_NB0.lst lwasm.exe BCKDRAW size: 356 computed size: 356
			./GeneratedCode/SSBomb/Img_SSRing_005_NB0_Erase.lst lwasm.exe ERASE cycles: 293 computed cycles: 293
			./GeneratedCode/SSBomb/Img_SSRing_005_NB0_Erase.lst lwasm.exe ERASE size: 125 computed size: 125
	SSBomb Compile sprite: Img_SSRing_006 image:./Objects/SpecialStage/SSRing/image/SSRing_006.png variant:NB0
		- BackupBackground/Draw/Erase
			Planche:Img_SSRing_006 NB0 image:0
			X1Offset: -4
			Y1Offset: -7
			XSize: 7
			YSize: 15
			Center: 602
			Taille de la zone data 1 et 2: 54
			./GeneratedCode/SSBomb/Img_SSRing_006_NB0.lst lwasm.exe BCKDRAW cycles: 728 computed cycles: 728
			./GeneratedCode/SSBomb/Img_SSRing_006_NB0.lst lwasm.exe BCKDRAW size: 398 computed size: 398
			./GeneratedCode/SSBomb/Img_SSRing_006_NB0_Erase.lst lwasm.exe ERASE cycles: 336 computed cycles: 336
			./GeneratedCode/SSBomb/Img_SSRing_006_NB0_Erase.lst lwasm.exe ERASE size: 141 computed size: 141
	SSBomb Compile sprite: Img_SSRing_003 image:./Objects/SpecialStage/SSRing/image/SSRing_003.png variant:NB0
		- BackupBackground/Draw/Erase
			Planche:Img_SSRing_003 NB0 image:0
			X1Offset: -3
			Y1Offset: -4
			XSize: 4
			YSize: 8
			Center: 602
			Taille de la zone data 1 et 2: 22
			./GeneratedCode/SSBomb/Img_SSRing_003_NB0.lst lwasm.exe BCKDRAW cycles: 287 computed cycles: 287
			./GeneratedCode/SSBomb/Img_SSRing_003_NB0.lst lwasm.exe BCKDRAW size: 154 computed size: 154
			./GeneratedCode/SSBomb/Img_SSRing_003_NB0_Erase.lst lwasm.exe ERASE cycles: 136 computed cycles: 136
			./GeneratedCode/SSBomb/Img_SSRing_003_NB0_Erase.lst lwasm.exe ERASE size: 57 computed size: 57
	SSBomb Compile sprite: Img_SSRing_004 image:./Objects/SpecialStage/SSRing/image/SSRing_004.png variant:NB0
		- BackupBackground/Draw/Erase
			Planche:Img_SSRing_004 NB0 image:0
			X1Offset: -3
			Y1Offset: -5
			XSize: 5
			YSize: 11
			Center: 602
			Taille de la zone data 1 et 2: 45
			./GeneratedCode/SSBomb/Img_SSRing_004_NB0.lst lwasm.exe BCKDRAW cycles: 596 computed cycles: 596
			./GeneratedCode/SSBomb/Img_SSRing_004_NB0.lst lwasm.exe BCKDRAW size: 325 computed size: 325
			./GeneratedCode/SSBomb/Img_SSRing_004_NB0_Erase.lst lwasm.exe ERASE cycles: 265 computed cycles: 265
			./GeneratedCode/SSBomb/Img_SSRing_004_NB0_Erase.lst lwasm.exe ERASE size: 107 computed size: 107
	SSBomb Compile sprite: Img_SSRing_009 image:./Objects/SpecialStage/SSRing/image/SSRing_009.png variant:NB0
		- BackupBackground/Draw/Erase
			Planche:Img_SSRing_009 NB0 image:0
			X1Offset: -6
			Y1Offset: -11
			XSize: 10
			YSize: 23
			Center: 602
			Taille de la zone data 1 et 2: 101
			./GeneratedCode/SSBomb/Img_SSRing_009_NB0.lst lwasm.exe BCKDRAW cycles: 1460 computed cycles: 1460
			./GeneratedCode/SSBomb/Img_SSRing_009_NB0.lst lwasm.exe BCKDRAW size: 804 computed size: 804
			./GeneratedCode/SSBomb/Img_SSRing_009_NB0_Erase.lst lwasm.exe ERASE cycles: 688 computed cycles: 688
			./GeneratedCode/SSBomb/Img_SSRing_009_NB0_Erase.lst lwasm.exe ERASE size: 293 computed size: 293
	SSBomb Compile sprite: Img_SSRing_007 image:./Objects/SpecialStage/SSRing/image/SSRing_007.png variant:NB0
		- BackupBackground/Draw/Erase
			Planche:Img_SSRing_007 NB0 image:0
			X1Offset: -4
			Y1Offset: -9
			XSize: 7
			YSize: 18
			Center: 602
			Taille de la zone data 1 et 2: 61
			./GeneratedCode/SSBomb/Img_SSRing_007_NB0.lst lwasm.exe BCKDRAW cycles: 823 computed cycles: 823
			./GeneratedCode/SSBomb/Img_SSRing_007_NB0.lst lwasm.exe BCKDRAW size: 449 computed size: 449
			./GeneratedCode/SSBomb/Img_SSRing_007_NB0_Erase.lst lwasm.exe ERASE cycles: 384 computed cycles: 384
			./GeneratedCode/SSBomb/Img_SSRing_007_NB0_Erase.lst lwasm.exe ERASE size: 161 computed size: 161
	SSBomb Compile sprite: Img_SSRing_008 image:./Objects/SpecialStage/SSRing/image/SSRing_008.png variant:NB0
		- BackupBackground/Draw/Erase
			Planche:Img_SSRing_008 NB0 image:0
			X1Offset: -5
			Y1Offset: -10
			XSize: 9
			YSize: 20
			Center: 602
			Taille de la zone data 1 et 2: 84
			./GeneratedCode/SSBomb/Img_SSRing_008_NB0.lst lwasm.exe BCKDRAW cycles: 1255 computed cycles: 1255
			./GeneratedCode/SSBomb/Img_SSRing_008_NB0.lst lwasm.exe BCKDRAW size: 702 computed size: 702
			./GeneratedCode/SSBomb/Img_SSRing_008_NB0_Erase.lst lwasm.exe ERASE cycles: 566 computed cycles: 566
			./GeneratedCode/SSBomb/Img_SSRing_008_NB0_Erase.lst lwasm.exe ERASE size: 243 computed size: 243
	SSBomb Compile sprite: Img_SSRing_001 image:./Objects/SpecialStage/SSRing/image/SSRing_001.png variant:NB0
		- BackupBackground/Draw/Erase
			Planche:Img_SSRing_001 NB0 image:0
			X1Offset: -2
			Y1Offset: -2
			XSize: 2
			YSize: 5
			Center: 602
			Taille de la zone data 1 et 2: 14
			./GeneratedCode/SSBomb/Img_SSRing_001_NB0.lst lwasm.exe BCKDRAW cycles: 243 computed cycles: 243
			./GeneratedCode/SSBomb/Img_SSRing_001_NB0.lst lwasm.exe BCKDRAW size: 138 computed size: 138
			./GeneratedCode/SSBomb/Img_SSRing_001_NB0_Erase.lst lwasm.exe ERASE cycles: 121 computed cycles: 121
			./GeneratedCode/SSBomb/Img_SSRing_001_NB0_Erase.lst lwasm.exe ERASE size: 55 computed size: 55
	SSBomb Compile sprite: Img_SSRing_002 image:./Objects/SpecialStage/SSRing/image/SSRing_002.png variant:NB0
		- BackupBackground/Draw/Erase
			Planche:Img_SSRing_002 NB0 image:0
			X1Offset: -2
			Y1Offset: -3
			XSize: 3
			YSize: 7
			Center: 602
			Taille de la zone data 1 et 2: 24
			./GeneratedCode/SSBomb/Img_SSRing_002_NB0.lst lwasm.exe BCKDRAW cycles: 348 computed cycles: 348
			./GeneratedCode/SSBomb/Img_SSRing_002_NB0.lst lwasm.exe BCKDRAW size: 190 computed size: 190
			./GeneratedCode/SSBomb/Img_SSRing_002_NB0_Erase.lst lwasm.exe ERASE cycles: 177 computed cycles: 177
			./GeneratedCode/SSBomb/Img_SSRing_002_NB0_Erase.lst lwasm.exe ERASE size: 77 computed size: 77
	SSBomb Compile sprite: Img_SSRing_000 image:./Objects/SpecialStage/SSRing/image/SSRing_000.png variant:NB0
		- BackupBackground/Draw/Erase
			Planche:Img_SSRing_000 NB0 image:0
			X1Offset: -2
			Y1Offset: -1
			XSize: 2
			YSize: 3
			Center: 602
			Taille de la zone data 1 et 2: 10
			./GeneratedCode/SSBomb/Img_SSRing_000_NB0.lst lwasm.exe BCKDRAW cycles: 172 computed cycles: 172
			./GeneratedCode/SSBomb/Img_SSRing_000_NB0.lst lwasm.exe BCKDRAW size: 96 computed size: 96
			./GeneratedCode/SSBomb/Img_SSRing_000_NB0_Erase.lst lwasm.exe ERASE cycles: 92 computed cycles: 92
			./GeneratedCode/SSBomb/Img_SSRing_000_NB0_Erase.lst lwasm.exe ERASE size: 41 computed size: 41
	SSBomb Compile sprite: Img_SSShadow_019 image:./Objects/SpecialStage/SSShadow/image/grey/SSShadowDiag_019.png variant:NB0
		- BackupBackground/Draw/Erase
			Planche:Img_SSShadow_019 NB0 image:0
			X1Offset: -2
			Y1Offset: -4
			XSize: 3
			YSize: 8
			Center: 602
			Taille de la zone data 1 et 2: 16
			./GeneratedCode/SSBomb/Img_SSShadow_019_NB0.lst lwasm.exe BCKDRAW cycles: 257 computed cycles: 257
			./GeneratedCode/SSBomb/Img_SSShadow_019_NB0.lst lwasm.exe BCKDRAW size: 142 computed size: 142
			./GeneratedCode/SSBomb/Img_SSShadow_019_NB0_Erase.lst lwasm.exe ERASE cycles: 136 computed cycles: 136
			./GeneratedCode/SSBomb/Img_SSShadow_019_NB0_Erase.lst lwasm.exe ERASE size: 61 computed size: 61
	SSBomb Compile sprite: Img_SSShadow_019 image:./Objects/SpecialStage/SSShadow/image/grey/SSShadowDiag_019.png variant:XB0
		- BackupBackground/Draw/Erase
			Planche:Img_SSShadow_019 XB0 image:0
			X1Offset: -2
			Y1Offset: -4
			XSize: 3
			YSize: 8
			Center: 602
			Taille de la zone data 1 et 2: 16
			./GeneratedCode/SSBomb/Img_SSShadow_019_XB0.lst lwasm.exe BCKDRAW cycles: 257 computed cycles: 257
			./GeneratedCode/SSBomb/Img_SSShadow_019_XB0.lst lwasm.exe BCKDRAW size: 142 computed size: 142
			./GeneratedCode/SSBomb/Img_SSShadow_019_XB0_Erase.lst lwasm.exe ERASE cycles: 136 computed cycles: 136
			./GeneratedCode/SSBomb/Img_SSShadow_019_XB0_Erase.lst lwasm.exe ERASE size: 61 computed size: 61
	SSBomb Compile sprite: Img_SSShadow_018 image:./Objects/SpecialStage/SSShadow/image/grey/SSShadowFlat_018.png variant:NB0
		- BackupBackground/Draw/Erase
			Planche:Img_SSShadow_018 NB0 image:0
			X1Offset: -3
			Y1Offset: -2
			XSize: 5
			YSize: 4
			Center: 602
			Taille de la zone data 1 et 2: 18
			./GeneratedCode/SSBomb/Img_SSShadow_018_NB0.lst lwasm.exe BCKDRAW cycles: 241 computed cycles: 241
			./GeneratedCode/SSBomb/Img_SSShadow_018_NB0.lst lwasm.exe BCKDRAW size: 126 computed size: 126
			./GeneratedCode/SSBomb/Img_SSShadow_018_NB0_Erase.lst lwasm.exe ERASE cycles: 128 computed cycles: 128
			./GeneratedCode/SSBomb/Img_SSShadow_018_NB0_Erase.lst lwasm.exe ERASE size: 53 computed size: 53
	SSBomb Compile sprite: Img_SSShadow_017 image:./Objects/SpecialStage/SSShadow/image/grey/SSShadowSide_017.png variant:NB0
		- BackupBackground/Draw/Erase
			Planche:Img_SSShadow_017 NB0 image:0
			X1Offset: -1
			Y1Offset: -7
			XSize: 1
			YSize: 13
			Center: 602
			Taille de la zone data 1 et 2: 26
			./GeneratedCode/SSBomb/Img_SSShadow_017_NB0.lst lwasm.exe BCKDRAW cycles: 464 computed cycles: 464
			./GeneratedCode/SSBomb/Img_SSShadow_017_NB0.lst lwasm.exe BCKDRAW size: 266 computed size: 266
			./GeneratedCode/SSBomb/Img_SSShadow_017_NB0_Erase.lst lwasm.exe ERASE cycles: 211 computed cycles: 211
			./GeneratedCode/SSBomb/Img_SSShadow_017_NB0_Erase.lst lwasm.exe ERASE size: 95 computed size: 95
	SSBomb Compile sprite: Img_SSShadow_017 image:./Objects/SpecialStage/SSShadow/image/grey/SSShadowSide_017.png variant:XB0
		- BackupBackground/Draw/Erase
			Planche:Img_SSShadow_017 XB0 image:0
			X1Offset: -1
			Y1Offset: -7
			XSize: 1
			YSize: 13
			Center: 602
			Taille de la zone data 1 et 2: 26
			./GeneratedCode/SSBomb/Img_SSShadow_017_XB0.lst lwasm.exe BCKDRAW cycles: 464 computed cycles: 464
			./GeneratedCode/SSBomb/Img_SSShadow_017_XB0.lst lwasm.exe BCKDRAW size: 266 computed size: 266
			./GeneratedCode/SSBomb/Img_SSShadow_017_XB0_Erase.lst lwasm.exe ERASE cycles: 211 computed cycles: 211
			./GeneratedCode/SSBomb/Img_SSShadow_017_XB0_Erase.lst lwasm.exe ERASE size: 95 computed size: 95
	SSBomb Compile sprite: Img_SSShadow_016 image:./Objects/SpecialStage/SSShadow/image/grey/SSShadowDiag_016.png variant:NB0
		- BackupBackground/Draw/Erase
			Planche:Img_SSShadow_016 NB0 image:0
			X1Offset: -3
			Y1Offset: -7
			XSize: 6
			YSize: 12
			Center: 602
			Taille de la zone data 1 et 2: 34
			./GeneratedCode/SSBomb/Img_SSShadow_016_NB0.lst lwasm.exe BCKDRAW cycles: 512 computed cycles: 512
			./GeneratedCode/SSBomb/Img_SSShadow_016_NB0.lst lwasm.exe BCKDRAW size: 280 computed size: 280
			./GeneratedCode/SSBomb/Img_SSShadow_016_NB0_Erase.lst lwasm.exe ERASE cycles: 256 computed cycles: 256
			./GeneratedCode/SSBomb/Img_SSShadow_016_NB0_Erase.lst lwasm.exe ERASE size: 113 computed size: 113
	SSBomb Compile sprite: Img_SSShadow_016 image:./Objects/SpecialStage/SSShadow/image/grey/SSShadowDiag_016.png variant:XB0
		- BackupBackground/Draw/Erase
			Planche:Img_SSShadow_016 XB0 image:0
			X1Offset: -4
			Y1Offset: -7
			XSize: 6
			YSize: 12
			Center: 602
			Taille de la zone data 1 et 2: 34
			./GeneratedCode/SSBomb/Img_SSShadow_016_XB0.lst lwasm.exe BCKDRAW cycles: 510 computed cycles: 510
			./GeneratedCode/SSBomb/Img_SSShadow_016_XB0.lst lwasm.exe BCKDRAW size: 280 computed size: 280
			./GeneratedCode/SSBomb/Img_SSShadow_016_XB0_Erase.lst lwasm.exe ERASE cycles: 255 computed cycles: 255
			./GeneratedCode/SSBomb/Img_SSShadow_016_XB0_Erase.lst lwasm.exe ERASE size: 113 computed size: 113
	SSBomb Compile sprite: Img_SSShadow_015 image:./Objects/SpecialStage/SSShadow/image/grey/SSShadowFlat_015.png variant:NB0
		- BackupBackground/Draw/Erase
			Planche:Img_SSShadow_015 NB0 image:0
			X1Offset: -4
			Y1Offset: -2
			XSize: 7
			YSize: 4
			Center: 602
			Taille de la zone data 1 et 2: 22
			./GeneratedCode/SSBomb/Img_SSShadow_015_NB0.lst lwasm.exe BCKDRAW cycles: 248 computed cycles: 248
			./GeneratedCode/SSBomb/Img_SSShadow_015_NB0.lst lwasm.exe BCKDRAW size: 123 computed size: 123
			./GeneratedCode/SSBomb/Img_SSShadow_015_NB0_Erase.lst lwasm.exe ERASE cycles: 136 computed cycles: 136
			./GeneratedCode/SSBomb/Img_SSShadow_015_NB0_Erase.lst lwasm.exe ERASE size: 54 computed size: 54
	SSBomb Compile sprite: Img_SSShadow_014 image:./Objects/SpecialStage/SSShadow/image/grey/SSShadowSide_014.png variant:NB0
		- BackupBackground/Draw/Erase
			Planche:Img_SSShadow_014 NB0 image:0
			X1Offset: -1
			Y1Offset: -8
			XSize: 1
			YSize: 16
			Center: 602
			Taille de la zone data 1 et 2: 39
			./GeneratedCode/SSBomb/Img_SSShadow_014_NB0.lst lwasm.exe BCKDRAW cycles: 650 computed cycles: 650
			./GeneratedCode/SSBomb/Img_SSShadow_014_NB0.lst lwasm.exe BCKDRAW size: 372 computed size: 372
			./GeneratedCode/SSBomb/Img_SSShadow_014_NB0_Erase.lst lwasm.exe ERASE cycles: 291 computed cycles: 291
			./GeneratedCode/SSBomb/Img_SSShadow_014_NB0_Erase.lst lwasm.exe ERASE size: 129 computed size: 129
	SSBomb Compile sprite: Img_SSShadow_014 image:./Objects/SpecialStage/SSShadow/image/grey/SSShadowSide_014.png variant:XB0
		- BackupBackground/Draw/Erase
			Planche:Img_SSShadow_014 XB0 image:0
			X1Offset: -1
			Y1Offset: -8
			XSize: 1
			YSize: 16
			Center: 602
			Taille de la zone data 1 et 2: 39
			./GeneratedCode/SSBomb/Img_SSShadow_014_XB0.lst lwasm.exe BCKDRAW cycles: 655 computed cycles: 655
			./GeneratedCode/SSBomb/Img_SSShadow_014_XB0.lst lwasm.exe BCKDRAW size: 374 computed size: 374
			./GeneratedCode/SSBomb/Img_SSShadow_014_XB0_Erase.lst lwasm.exe ERASE cycles: 291 computed cycles: 291
			./GeneratedCode/SSBomb/Img_SSShadow_014_XB0_Erase.lst lwasm.exe ERASE size: 129 computed size: 129
	SSBomb Compile sprite: Img_SSShadow_013 image:./Objects/SpecialStage/SSShadow/image/grey/SSShadowDiag_013.png variant:NB0
		- BackupBackground/Draw/Erase
			Planche:Img_SSShadow_013 NB0 image:0
			X1Offset: -2
			Y1Offset: -11
			XSize: 7
			YSize: 15
			Center: 602
			Taille de la zone data 1 et 2: 41
			./GeneratedCode/SSBomb/Img_SSShadow_013_NB0.lst lwasm.exe BCKDRAW cycles: 556 computed cycles: 556
			./GeneratedCode/SSBomb/Img_SSShadow_013_NB0.lst lwasm.exe BCKDRAW size: 296 computed size: 296
			./GeneratedCode/SSBomb/Img_SSShadow_013_NB0_Erase.lst lwasm.exe ERASE cycles: 283 computed cycles: 283
			./GeneratedCode/SSBomb/Img_SSShadow_013_NB0_Erase.lst lwasm.exe ERASE size: 123 computed size: 123
	SSBomb Compile sprite: Img_SSShadow_013 image:./Objects/SpecialStage/SSShadow/image/grey/SSShadowDiag_013.png variant:XB0
		- BackupBackground/Draw/Erase
			Planche:Img_SSShadow_013 XB0 image:0
			X1Offset: -6
			Y1Offset: -11
			XSize: 7
			YSize: 15
			Center: 602
			Taille de la zone data 1 et 2: 41
			./GeneratedCode/SSBomb/Img_SSShadow_013_XB0.lst lwasm.exe BCKDRAW cycles: 558 computed cycles: 558
			./GeneratedCode/SSBomb/Img_SSShadow_013_XB0.lst lwasm.exe BCKDRAW size: 296 computed size: 296
			./GeneratedCode/SSBomb/Img_SSShadow_013_XB0_Erase.lst lwasm.exe ERASE cycles: 284 computed cycles: 284
			./GeneratedCode/SSBomb/Img_SSShadow_013_XB0_Erase.lst lwasm.exe ERASE size: 123 computed size: 123
	SSBomb Compile sprite: Img_SSShadow_012 image:./Objects/SpecialStage/SSShadow/image/grey/SSShadowFlat_012.png variant:NB0
		- BackupBackground/Draw/Erase
			Planche:Img_SSShadow_012 NB0 image:0
			X1Offset: -5
			Y1Offset: -2
			XSize: 9
			YSize: 5
			Center: 602
			Taille de la zone data 1 et 2: 34
			./GeneratedCode/SSBomb/Img_SSShadow_012_NB0.lst lwasm.exe BCKDRAW cycles: 418 computed cycles: 418
			./GeneratedCode/SSBomb/Img_SSShadow_012_NB0.lst lwasm.exe BCKDRAW size: 222 computed size: 222
			./GeneratedCode/SSBomb/Img_SSShadow_012_NB0_Erase.lst lwasm.exe ERASE cycles: 206 computed cycles: 206
			./GeneratedCode/SSBomb/Img_SSShadow_012_NB0_Erase.lst lwasm.exe ERASE size: 86 computed size: 86
	SSBomb Compile sprite: Img_SSShadow_011 image:./Objects/SpecialStage/SSShadow/image/grey/SSShadowSide_011.png variant:NB0
		- BackupBackground/Draw/Erase
			Planche:Img_SSShadow_011 NB0 image:0
			X1Offset: -2
			Y1Offset: -10
			XSize: 2
			YSize: 20
			Center: 602
			Taille de la zone data 1 et 2: 40
			./GeneratedCode/SSBomb/Img_SSShadow_011_NB0.lst lwasm.exe BCKDRAW cycles: 599 computed cycles: 599
			./GeneratedCode/SSBomb/Img_SSShadow_011_NB0.lst lwasm.exe BCKDRAW size: 330 computed size: 330
			./GeneratedCode/SSBomb/Img_SSShadow_011_NB0_Erase.lst lwasm.exe ERASE cycles: 303 computed cycles: 303
			./GeneratedCode/SSBomb/Img_SSShadow_011_NB0_Erase.lst lwasm.exe ERASE size: 135 computed size: 135
	SSBomb Compile sprite: Img_SSShadow_011 image:./Objects/SpecialStage/SSShadow/image/grey/SSShadowSide_011.png variant:XB0
		- BackupBackground/Draw/Erase
			Planche:Img_SSShadow_011 XB0 image:0
			X1Offset: -1
			Y1Offset: -10
			XSize: 2
			YSize: 20
			Center: 602
			Taille de la zone data 1 et 2: 40
			./GeneratedCode/SSBomb/Img_SSShadow_011_XB0.lst lwasm.exe BCKDRAW cycles: 599 computed cycles: 599
			./GeneratedCode/SSBomb/Img_SSShadow_011_XB0.lst lwasm.exe BCKDRAW size: 330 computed size: 330
			./GeneratedCode/SSBomb/Img_SSShadow_011_XB0_Erase.lst lwasm.exe ERASE cycles: 303 computed cycles: 303
			./GeneratedCode/SSBomb/Img_SSShadow_011_XB0_Erase.lst lwasm.exe ERASE size: 135 computed size: 135
	SSBomb Compile sprite: Img_SSShadow_010 image:./Objects/SpecialStage/SSShadow/image/grey/SSShadowDiag_010.png variant:NB0
		- BackupBackground/Draw/Erase
			Planche:Img_SSShadow_010 NB0 image:0
			X1Offset: -4
			Y1Offset: -10
			XSize: 8
			YSize: 18
			Center: 602
			Taille de la zone data 1 et 2: 56
			./GeneratedCode/SSBomb/Img_SSShadow_010_NB0.lst lwasm.exe BCKDRAW cycles: 712 computed cycles: 712
			./GeneratedCode/SSBomb/Img_SSShadow_010_NB0.lst lwasm.exe BCKDRAW size: 374 computed size: 374
			./GeneratedCode/SSBomb/Img_SSShadow_010_NB0_Erase.lst lwasm.exe ERASE cycles: 356 computed cycles: 356
			./GeneratedCode/SSBomb/Img_SSShadow_010_NB0_Erase.lst lwasm.exe ERASE size: 151 computed size: 151
	SSBomb Compile sprite: Img_SSShadow_010 image:./Objects/SpecialStage/SSShadow/image/grey/SSShadowDiag_010.png variant:XB0
		- BackupBackground/Draw/Erase
			Planche:Img_SSShadow_010 XB0 image:0
			X1Offset: -5
			Y1Offset: -10
			XSize: 8
			YSize: 18
			Center: 602
			Taille de la zone data 1 et 2: 56
			./GeneratedCode/SSBomb/Img_SSShadow_010_XB0.lst lwasm.exe BCKDRAW cycles: 714 computed cycles: 714
			./GeneratedCode/SSBomb/Img_SSShadow_010_XB0.lst lwasm.exe BCKDRAW size: 374 computed size: 374
			./GeneratedCode/SSBomb/Img_SSShadow_010_XB0_Erase.lst lwasm.exe ERASE cycles: 357 computed cycles: 357
			./GeneratedCode/SSBomb/Img_SSShadow_010_XB0_Erase.lst lwasm.exe ERASE size: 151 computed size: 151
	SSBomb Compile sprite: Img_SSBomb_003 image:./Objects/SpecialStage/SSBomb/image/SSBomb_003.png variant:NB0
		- BackupBackground/Draw/Erase
			Planche:Img_SSBomb_003 NB0 image:0
			X1Offset: -4
			Y1Offset: -5
			XSize: 7
			YSize: 11
			Center: 1565
			Taille de la zone data 1 et 2: 40
			./GeneratedCode/SSBomb/Img_SSBomb_003_NB0.lst lwasm.exe BCKDRAW cycles: 508 computed cycles: 508
			./GeneratedCode/SSBomb/Img_SSBomb_003_NB0.lst lwasm.exe BCKDRAW size: 276 computed size: 276
			./GeneratedCode/SSBomb/Img_SSBomb_003_NB0_Erase.lst lwasm.exe ERASE cycles: 253 computed cycles: 253
			./GeneratedCode/SSBomb/Img_SSBomb_003_NB0_Erase.lst lwasm.exe ERASE size: 107 computed size: 107
	SSBomb Compile sprite: Img_SSRing_030 image:./Objects/SpecialStage/SSRing/image/SSRing_030.png variant:NB0
		- BackupBackground/Draw/Erase
			Planche:Img_SSRing_030 NB0 image:0
			X1Offset: -8
			Y1Offset: -15
			XSize: 12
			YSize: 26
			Center: 602
			Taille de la zone data 1 et 2: 58
			./GeneratedCode/SSBomb/Img_SSRing_030_NB0.lst lwasm.exe BCKDRAW cycles: 863 computed cycles: 863
			./GeneratedCode/SSBomb/Img_SSRing_030_NB0.lst lwasm.exe BCKDRAW size: 482 computed size: 482
			./GeneratedCode/SSBomb/Img_SSRing_030_NB0_Erase.lst lwasm.exe ERASE cycles: 396 computed cycles: 396
			./GeneratedCode/SSBomb/Img_SSRing_030_NB0_Erase.lst lwasm.exe ERASE size: 172 computed size: 172
	SSBomb Compile sprite: Img_SSBomb_004 image:./Objects/SpecialStage/SSBomb/image/SSBomb_004.png variant:NB0
		- BackupBackground/Draw/Erase
			Planche:Img_SSBomb_004 NB0 image:0
			X1Offset: -5
			Y1Offset: -7
			XSize: 9
			YSize: 15
			Center: 1565
			Taille de la zone data 1 et 2: 68
			./GeneratedCode/SSBomb/Img_SSBomb_004_NB0.lst lwasm.exe BCKDRAW cycles: 845 computed cycles: 845
			./GeneratedCode/SSBomb/Img_SSBomb_004_NB0.lst lwasm.exe BCKDRAW size: 455 computed size: 455
			./GeneratedCode/SSBomb/Img_SSBomb_004_NB0_Erase.lst lwasm.exe ERASE cycles: 395 computed cycles: 395
			./GeneratedCode/SSBomb/Img_SSBomb_004_NB0_Erase.lst lwasm.exe ERASE size: 159 computed size: 159
	SSBomb Compile sprite: Img_SSRing_031 image:./Objects/SpecialStage/SSRing/image/SSRing_031.png variant:NB0
		- BackupBackground/Draw/Erase
			Planche:Img_SSRing_031 NB0 image:0
			X1Offset: -8
			Y1Offset: -10
			XSize: 15
			YSize: 20
			Center: 602
			Taille de la zone data 1 et 2: 63
			./GeneratedCode/SSBomb/Img_SSRing_031_NB0.lst lwasm.exe BCKDRAW cycles: 911 computed cycles: 911
			./GeneratedCode/SSBomb/Img_SSRing_031_NB0.lst lwasm.exe BCKDRAW size: 502 computed size: 502
			./GeneratedCode/SSBomb/Img_SSRing_031_NB0_Erase.lst lwasm.exe ERASE cycles: 418 computed cycles: 418
			./GeneratedCode/SSBomb/Img_SSRing_031_NB0_Erase.lst lwasm.exe ERASE size: 176 computed size: 176
	SSBomb Compile sprite: Img_SSBomb_001 image:./Objects/SpecialStage/SSBomb/image/SSBomb_001.png variant:NB0
		- BackupBackground/Draw/Erase
			Planche:Img_SSBomb_001 NB0 image:0
			X1Offset: -2
			Y1Offset: -2
			XSize: 2
			YSize: 5
			Center: 1565
			Taille de la zone data 1 et 2: 14
			./GeneratedCode/SSBomb/Img_SSBomb_001_NB0.lst lwasm.exe BCKDRAW cycles: 232 computed cycles: 232
			./GeneratedCode/SSBomb/Img_SSBomb_001_NB0.lst lwasm.exe BCKDRAW size: 130 computed size: 130
			./GeneratedCode/SSBomb/Img_SSBomb_001_NB0_Erase.lst lwasm.exe ERASE cycles: 121 computed cycles: 121
			./GeneratedCode/SSBomb/Img_SSBomb_001_NB0_Erase.lst lwasm.exe ERASE size: 55 computed size: 55
	SSBomb Compile sprite: Img_SSBomb_002 image:./Objects/SpecialStage/SSBomb/image/SSBomb_002.png variant:NB0
		- BackupBackground/Draw/Erase
			Planche:Img_SSBomb_002 NB0 image:0
			X1Offset: -2
			Y1Offset: -3
			XSize: 3
			YSize: 7
			Center: 1565
			Taille de la zone data 1 et 2: 24
			./GeneratedCode/SSBomb/Img_SSBomb_002_NB0.lst lwasm.exe BCKDRAW cycles: 317 computed cycles: 317
			./GeneratedCode/SSBomb/Img_SSBomb_002_NB0.lst lwasm.exe BCKDRAW size: 168 computed size: 168
			./GeneratedCode/SSBomb/Img_SSBomb_002_NB0_Erase.lst lwasm.exe ERASE cycles: 177 computed cycles: 177
			./GeneratedCode/SSBomb/Img_SSBomb_002_NB0_Erase.lst lwasm.exe ERASE size: 77 computed size: 77
	SSBomb Compile sprite: Img_SSBomb_007 image:./Objects/SpecialStage/SSBomb/image/SSBomb_007.png variant:NB0
		- BackupBackground/Draw/Erase
			Planche:Img_SSBomb_007 NB0 image:0
			X1Offset: -7
			Y1Offset: -12
			XSize: 12
			YSize: 24
			Center: 1565
			Taille de la zone data 1 et 2: 133
			./GeneratedCode/SSBomb/Img_SSBomb_007_NB0.lst lwasm.exe BCKDRAW cycles: 1395 computed cycles: 1395
			./GeneratedCode/SSBomb/Img_SSBomb_007_NB0.lst lwasm.exe BCKDRAW size: 699 computed size: 699
			./GeneratedCode/SSBomb/Img_SSBomb_007_NB0_Erase.lst lwasm.exe ERASE cycles: 680 computed cycles: 680
			./GeneratedCode/SSBomb/Img_SSBomb_007_NB0_Erase.lst lwasm.exe ERASE size: 256 computed size: 256
	SSBomb Compile sprite: Img_SSBomb_008 image:./Objects/SpecialStage/SSBomb/image/SSBomb_008.png variant:NB0
		- BackupBackground/Draw/Erase
			Planche:Img_SSBomb_008 NB0 image:0
			X1Offset: -8
			Y1Offset: -14
			XSize: 14
			YSize: 29
			Center: 1565
			Taille de la zone data 1 et 2: 171
			./GeneratedCode/SSBomb/Img_SSBomb_008_NB0.lst lwasm.exe BCKDRAW cycles: 1749 computed cycles: 1749
			./GeneratedCode/SSBomb/Img_SSBomb_008_NB0.lst lwasm.exe BCKDRAW size: 862 computed size: 862
			./GeneratedCode/SSBomb/Img_SSBomb_008_NB0_Erase.lst lwasm.exe ERASE cycles: 853 computed cycles: 853
			./GeneratedCode/SSBomb/Img_SSBomb_008_NB0_Erase.lst lwasm.exe ERASE size: 305 computed size: 305
	SSBomb Compile sprite: Img_SSBomb_005 image:./Objects/SpecialStage/SSBomb/image/SSBomb_005.png variant:NB0
		- BackupBackground/Draw/Erase
			Planche:Img_SSBomb_005 NB0 image:0
			X1Offset: -6
			Y1Offset: -9
			XSize: 10
			YSize: 18
			Center: 1565
			Taille de la zone data 1 et 2: 80
			./GeneratedCode/SSBomb/Img_SSBomb_005_NB0.lst lwasm.exe BCKDRAW cycles: 917 computed cycles: 917
			./GeneratedCode/SSBomb/Img_SSBomb_005_NB0.lst lwasm.exe BCKDRAW size: 480 computed size: 480
			./GeneratedCode/SSBomb/Img_SSBomb_005_NB0_Erase.lst lwasm.exe ERASE cycles: 435 computed cycles: 435
			./GeneratedCode/SSBomb/Img_SSBomb_005_NB0_Erase.lst lwasm.exe ERASE size: 174 computed size: 174
	SSBomb Compile sprite: Img_SSRing_032 image:./Objects/SpecialStage/SSRing/image/SSRing_032.png variant:NB0
		- BackupBackground/Draw/Erase
			Planche:Img_SSRing_032 NB0 image:0
			X1Offset: -6
			Y1Offset: -9
			XSize: 11
			YSize: 25
			Center: 602
			Taille de la zone data 1 et 2: 60
			./GeneratedCode/SSBomb/Img_SSRing_032_NB0.lst lwasm.exe BCKDRAW cycles: 870 computed cycles: 870
			./GeneratedCode/SSBomb/Img_SSRing_032_NB0.lst lwasm.exe BCKDRAW size: 480 computed size: 480
			./GeneratedCode/SSBomb/Img_SSRing_032_NB0_Erase.lst lwasm.exe ERASE cycles: 406 computed cycles: 406
			./GeneratedCode/SSBomb/Img_SSRing_032_NB0_Erase.lst lwasm.exe ERASE size: 173 computed size: 173
	SSBomb Compile sprite: Img_SSBomb_006 image:./Objects/SpecialStage/SSBomb/image/SSBomb_006.png variant:NB0
		- BackupBackground/Draw/Erase
			Planche:Img_SSBomb_006 NB0 image:0
			X1Offset: -6
			Y1Offset: -10
			XSize: 10
			YSize: 21
			Center: 1565
			Taille de la zone data 1 et 2: 108
			./GeneratedCode/SSBomb/Img_SSBomb_006_NB0.lst lwasm.exe BCKDRAW cycles: 1199 computed cycles: 1199
			./GeneratedCode/SSBomb/Img_SSBomb_006_NB0.lst lwasm.exe BCKDRAW size: 614 computed size: 614
			./GeneratedCode/SSBomb/Img_SSBomb_006_NB0_Erase.lst lwasm.exe ERASE cycles: 582 computed cycles: 582
			./GeneratedCode/SSBomb/Img_SSBomb_006_NB0_Erase.lst lwasm.exe ERASE size: 229 computed size: 229
	SSBomb Compile sprite: Img_SSBomb_009 image:./Objects/SpecialStage/SSBomb/image/SSBomb_009.png variant:NB0
		- BackupBackground/Draw/Erase
			Planche:Img_SSBomb_009 NB0 image:0
			X1Offset: -9
			Y1Offset: -15
			XSize: 16
			YSize: 31
			Center: 1565
			Taille de la zone data 1 et 2: 232
			./GeneratedCode/SSBomb/Img_SSBomb_009_NB0.lst lwasm.exe BCKDRAW cycles: 2175 computed cycles: 2175
			./GeneratedCode/SSBomb/Img_SSBomb_009_NB0.lst lwasm.exe BCKDRAW size: 1019 computed size: 1019
			./GeneratedCode/SSBomb/Img_SSBomb_009_NB0_Erase.lst lwasm.exe ERASE cycles: 1061 computed cycles: 1061
			./GeneratedCode/SSBomb/Img_SSBomb_009_NB0_Erase.lst lwasm.exe ERASE size: 350 computed size: 350
	SSBomb Compile sprite: Img_SSShadow_029 image:./Objects/SpecialStage/SSShadow/image/grey/SSShadowSide_029.png variant:NB0
		- BackupBackground/Draw/Erase
			Planche:Img_SSShadow_029 NB0 image:0
			X1Offset: -1
			Y1Offset: -1
			XSize: 0
			YSize: 3
			Center: 602
			Taille de la zone data 1 et 2: 6
			./GeneratedCode/SSBomb/Img_SSShadow_029_NB0.lst lwasm.exe BCKDRAW cycles: 125 computed cycles: 125
			./GeneratedCode/SSBomb/Img_SSShadow_029_NB0.lst lwasm.exe BCKDRAW size: 69 computed size: 69
			./GeneratedCode/SSBomb/Img_SSShadow_029_NB0_Erase.lst lwasm.exe ERASE cycles: 68 computed cycles: 68
			./GeneratedCode/SSBomb/Img_SSShadow_029_NB0_Erase.lst lwasm.exe ERASE size: 31 computed size: 31
	SSBomb Compile sprite: Img_SSShadow_029 image:./Objects/SpecialStage/SSShadow/image/grey/SSShadowSide_029.png variant:XB0
		- BackupBackground/Draw/Erase
			Planche:Img_SSShadow_029 XB0 image:0
			X1Offset: 0
			Y1Offset: -1
			XSize: 0
			YSize: 3
			Center: 602
			Taille de la zone data 1 et 2: 6
			./GeneratedCode/SSBomb/Img_SSShadow_029_XB0.lst lwasm.exe BCKDRAW cycles: 125 computed cycles: 125
			./GeneratedCode/SSBomb/Img_SSShadow_029_XB0.lst lwasm.exe BCKDRAW size: 69 computed size: 69
			./GeneratedCode/SSBomb/Img_SSShadow_029_XB0_Erase.lst lwasm.exe ERASE cycles: 68 computed cycles: 68
			./GeneratedCode/SSBomb/Img_SSShadow_029_XB0_Erase.lst lwasm.exe ERASE size: 31 computed size: 31
	SSBomb Compile sprite: Img_SSShadow_028 image:./Objects/SpecialStage/SSShadow/image/grey/SSShadowDiag_028.png variant:NB0
		- BackupBackground/Draw/Erase
			Planche:Img_SSShadow_028 NB0 image:0
			X1Offset: -1
			Y1Offset: 0
			XSize: 1
			YSize: 2
			Center: 602
			Taille de la zone data 1 et 2: 7
			./GeneratedCode/SSBomb/Img_SSShadow_028_NB0.lst lwasm.exe BCKDRAW cycles: 110 computed cycles: 110
			./GeneratedCode/SSBomb/Img_SSShadow_028_NB0.lst lwasm.exe BCKDRAW size: 58 computed size: 58
			./GeneratedCode/SSBomb/Img_SSShadow_028_NB0_Erase.lst lwasm.exe ERASE cycles: 63 computed cycles: 63
			./GeneratedCode/SSBomb/Img_SSShadow_028_NB0_Erase.lst lwasm.exe ERASE size: 27 computed size: 27
	SSBomb Compile sprite: Img_SSShadow_028 image:./Objects/SpecialStage/SSShadow/image/grey/SSShadowDiag_028.png variant:XB0
		- BackupBackground/Draw/Erase
			Planche:Img_SSShadow_028 XB0 image:0
			X1Offset: -1
			Y1Offset: 0
			XSize: 1
			YSize: 2
			Center: 602
			Taille de la zone data 1 et 2: 7
			./GeneratedCode/SSBomb/Img_SSShadow_028_XB0.lst lwasm.exe BCKDRAW cycles: 110 computed cycles: 110
			./GeneratedCode/SSBomb/Img_SSShadow_028_XB0.lst lwasm.exe BCKDRAW size: 58 computed size: 58
			./GeneratedCode/SSBomb/Img_SSShadow_028_XB0_Erase.lst lwasm.exe ERASE cycles: 63 computed cycles: 63
			./GeneratedCode/SSBomb/Img_SSShadow_028_XB0_Erase.lst lwasm.exe ERASE size: 27 computed size: 27
	SSBomb Compile sprite: Img_SSShadow_027 image:./Objects/SpecialStage/SSShadow/image/grey/SSShadowFlat_027.png variant:NB0
		- BackupBackground/Draw/Erase
			Planche:Img_SSShadow_027 NB0 image:0
			X1Offset: -1
			Y1Offset: 0
			XSize: 1
			YSize: 1
			Center: 602
			Taille de la zone data 1 et 2: 8
			./GeneratedCode/SSBomb/Img_SSShadow_027_NB0.lst lwasm.exe BCKDRAW cycles: 132 computed cycles: 132
			./GeneratedCode/SSBomb/Img_SSShadow_027_NB0.lst lwasm.exe BCKDRAW size: 72 computed size: 72
			./GeneratedCode/SSBomb/Img_SSShadow_027_NB0_Erase.lst lwasm.exe ERASE cycles: 75 computed cycles: 75
			./GeneratedCode/SSBomb/Img_SSShadow_027_NB0_Erase.lst lwasm.exe ERASE size: 33 computed size: 33
	SSBomb Compile sprite: Img_SSShadow_026 image:./Objects/SpecialStage/SSShadow/image/grey/SSShadowSide_026.png variant:NB0
		- BackupBackground/Draw/Erase
			Planche:Img_SSShadow_026 NB0 image:0
			X1Offset: -1
			Y1Offset: -3
			XSize: 0
			YSize: 5
			Center: 602
			Taille de la zone data 1 et 2: 8
			./GeneratedCode/SSBomb/Img_SSShadow_026_NB0.lst lwasm.exe BCKDRAW cycles: 165 computed cycles: 165
			./GeneratedCode/SSBomb/Img_SSShadow_026_NB0.lst lwasm.exe BCKDRAW size: 93 computed size: 93
			./GeneratedCode/SSBomb/Img_SSShadow_026_NB0_Erase.lst lwasm.exe ERASE cycles: 85 computed cycles: 85
			./GeneratedCode/SSBomb/Img_SSShadow_026_NB0_Erase.lst lwasm.exe ERASE size: 39 computed size: 39
	SSBomb Compile sprite: Img_SSShadow_026 image:./Objects/SpecialStage/SSShadow/image/grey/SSShadowSide_026.png variant:XB0
		- BackupBackground/Draw/Erase
			Planche:Img_SSShadow_026 XB0 image:0
			X1Offset: 0
			Y1Offset: -3
			XSize: 0
			YSize: 5
			Center: 602
			Taille de la zone data 1 et 2: 8
			./GeneratedCode/SSBomb/Img_SSShadow_026_XB0.lst lwasm.exe BCKDRAW cycles: 165 computed cycles: 165
			./GeneratedCode/SSBomb/Img_SSShadow_026_XB0.lst lwasm.exe BCKDRAW size: 93 computed size: 93
			./GeneratedCode/SSBomb/Img_SSShadow_026_XB0_Erase.lst lwasm.exe ERASE cycles: 85 computed cycles: 85
			./GeneratedCode/SSBomb/Img_SSShadow_026_XB0_Erase.lst lwasm.exe ERASE size: 39 computed size: 39
	SSBomb Compile sprite: Img_SSShadow_025 image:./Objects/SpecialStage/SSShadow/image/grey/SSShadowDiag_025.png variant:NB0
		- BackupBackground/Draw/Erase
			Planche:Img_SSShadow_025 NB0 image:0
			X1Offset: -2
			Y1Offset: -2
			XSize: 2
			YSize: 5
			Center: 602
			Taille de la zone data 1 et 2: 11
			./GeneratedCode/SSBomb/Img_SSShadow_025_NB0.lst lwasm.exe BCKDRAW cycles: 190 computed cycles: 190
			./GeneratedCode/SSBomb/Img_SSShadow_025_NB0.lst lwasm.exe BCKDRAW size: 105 computed size: 105
			./GeneratedCode/SSBomb/Img_SSShadow_025_NB0_Erase.lst lwasm.exe ERASE cycles: 97 computed cycles: 97
			./GeneratedCode/SSBomb/Img_SSShadow_025_NB0_Erase.lst lwasm.exe ERASE size: 43 computed size: 43
	SSBomb Compile sprite: Img_SSShadow_025 image:./Objects/SpecialStage/SSShadow/image/grey/SSShadowDiag_025.png variant:XB0
		- BackupBackground/Draw/Erase
			Planche:Img_SSShadow_025 XB0 image:0
			X1Offset: -1
			Y1Offset: -2
			XSize: 2
			YSize: 5
			Center: 602
			Taille de la zone data 1 et 2: 11
			./GeneratedCode/SSBomb/Img_SSShadow_025_XB0.lst lwasm.exe BCKDRAW cycles: 185 computed cycles: 185
			./GeneratedCode/SSBomb/Img_SSShadow_025_XB0.lst lwasm.exe BCKDRAW size: 103 computed size: 103
			./GeneratedCode/SSBomb/Img_SSShadow_025_XB0_Erase.lst lwasm.exe ERASE cycles: 97 computed cycles: 97
			./GeneratedCode/SSBomb/Img_SSShadow_025_XB0_Erase.lst lwasm.exe ERASE size: 43 computed size: 43
	SSBomb Compile sprite: Img_SSShadow_024 image:./Objects/SpecialStage/SSShadow/image/grey/SSShadowFlat_024.png variant:NB0
		- BackupBackground/Draw/Erase
			Planche:Img_SSShadow_024 NB0 image:0
			X1Offset: -2
			Y1Offset: -1
			XSize: 3
			YSize: 2
			Center: 602
			Taille de la zone data 1 et 2: 10
			./GeneratedCode/SSBomb/Img_SSShadow_024_NB0.lst lwasm.exe BCKDRAW cycles: 149 computed cycles: 149
			./GeneratedCode/SSBomb/Img_SSShadow_024_NB0.lst lwasm.exe BCKDRAW size: 80 computed size: 80
			./GeneratedCode/SSBomb/Img_SSShadow_024_NB0_Erase.lst lwasm.exe ERASE cycles: 85 computed cycles: 85
			./GeneratedCode/SSBomb/Img_SSShadow_024_NB0_Erase.lst lwasm.exe ERASE size: 37 computed size: 37
	SSBomb Compile sprite: Img_SSShadow_023 image:./Objects/SpecialStage/SSShadow/image/grey/SSShadowSide_023.png variant:NB0
		- BackupBackground/Draw/Erase
			Planche:Img_SSShadow_023 NB0 image:0
			X1Offset: -1
			Y1Offset: -4
			XSize: 0
			YSize: 6
			Center: 602
			Taille de la zone data 1 et 2: 9
			./GeneratedCode/SSBomb/Img_SSShadow_023_NB0.lst lwasm.exe BCKDRAW cycles: 183 computed cycles: 183
			./GeneratedCode/SSBomb/Img_SSShadow_023_NB0.lst lwasm.exe BCKDRAW size: 103 computed size: 103
			./GeneratedCode/SSBomb/Img_SSShadow_023_NB0_Erase.lst lwasm.exe ERASE cycles: 90 computed cycles: 90
			./GeneratedCode/SSBomb/Img_SSShadow_023_NB0_Erase.lst lwasm.exe ERASE size: 41 computed size: 41
	SSBomb Compile sprite: Img_SSShadow_023 image:./Objects/SpecialStage/SSShadow/image/grey/SSShadowSide_023.png variant:XB0
		- BackupBackground/Draw/Erase
			Planche:Img_SSShadow_023 XB0 image:0
			X1Offset: 0
			Y1Offset: -4
			XSize: 0
			YSize: 6
			Center: 602
			Taille de la zone data 1 et 2: 9
			./GeneratedCode/SSBomb/Img_SSShadow_023_XB0.lst lwasm.exe BCKDRAW cycles: 183 computed cycles: 183
			./GeneratedCode/SSBomb/Img_SSShadow_023_XB0.lst lwasm.exe BCKDRAW size: 103 computed size: 103
			./GeneratedCode/SSBomb/Img_SSShadow_023_XB0_Erase.lst lwasm.exe ERASE cycles: 90 computed cycles: 90
			./GeneratedCode/SSBomb/Img_SSShadow_023_XB0_Erase.lst lwasm.exe ERASE size: 41 computed size: 41
	SSBomb Compile sprite: Img_SSShadow_022 image:./Objects/SpecialStage/SSShadow/image/grey/SSShadowDiag_022.png variant:NB0
		- BackupBackground/Draw/Erase
			Planche:Img_SSShadow_022 NB0 image:0
			X1Offset: -2
			Y1Offset: -3
			XSize: 3
			YSize: 7
			Center: 602
			Taille de la zone data 1 et 2: 14
			./GeneratedCode/SSBomb/Img_SSShadow_022_NB0.lst lwasm.exe BCKDRAW cycles: 234 computed cycles: 234
			./GeneratedCode/SSBomb/Img_SSShadow_022_NB0.lst lwasm.exe BCKDRAW size: 132 computed size: 132
			./GeneratedCode/SSBomb/Img_SSShadow_022_NB0_Erase.lst lwasm.exe ERASE cycles: 121 computed cycles: 121
			./GeneratedCode/SSBomb/Img_SSShadow_022_NB0_Erase.lst lwasm.exe ERASE size: 55 computed size: 55
	SSBomb Compile sprite: Img_SSShadow_022 image:./Objects/SpecialStage/SSShadow/image/grey/SSShadowDiag_022.png variant:XB0
		- BackupBackground/Draw/Erase
			Planche:Img_SSShadow_022 XB0 image:0
			X1Offset: -2
			Y1Offset: -3
			XSize: 3
			YSize: 7
			Center: 602
			Taille de la zone data 1 et 2: 14
			./GeneratedCode/SSBomb/Img_SSShadow_022_XB0.lst lwasm.exe BCKDRAW cycles: 234 computed cycles: 234
			./GeneratedCode/SSBomb/Img_SSShadow_022_XB0.lst lwasm.exe BCKDRAW size: 132 computed size: 132
			./GeneratedCode/SSBomb/Img_SSShadow_022_XB0_Erase.lst lwasm.exe ERASE cycles: 121 computed cycles: 121
			./GeneratedCode/SSBomb/Img_SSShadow_022_XB0_Erase.lst lwasm.exe ERASE size: 55 computed size: 55
	SSBomb Compile sprite: Img_SSShadow_021 image:./Objects/SpecialStage/SSShadow/image/grey/SSShadowFlat_021.png variant:NB0
		- BackupBackground/Draw/Erase
			Planche:Img_SSShadow_021 NB0 image:0
			X1Offset: -3
			Y1Offset: -1
			XSize: 4
			YSize: 2
			Center: 602
			Taille de la zone data 1 et 2: 11
			./GeneratedCode/SSBomb/Img_SSShadow_021_NB0.lst lwasm.exe BCKDRAW cycles: 155 computed cycles: 155
			./GeneratedCode/SSBomb/Img_SSShadow_021_NB0.lst lwasm.exe BCKDRAW size: 78 computed size: 78
			./GeneratedCode/SSBomb/Img_SSShadow_021_NB0_Erase.lst lwasm.exe ERASE cycles: 88 computed cycles: 88
			./GeneratedCode/SSBomb/Img_SSShadow_021_NB0_Erase.lst lwasm.exe ERASE size: 37 computed size: 37
	SSBomb Compile sprite: Img_SSShadow_020 image:./Objects/SpecialStage/SSShadow/image/grey/SSShadowSide_020.png variant:NB0
		- BackupBackground/Draw/Erase
			Planche:Img_SSShadow_020 NB0 image:0
			X1Offset: -1
			Y1Offset: -5
			XSize: 1
			YSize: 10
			Center: 602
			Taille de la zone data 1 et 2: 18
			./GeneratedCode/SSBomb/Img_SSShadow_020_NB0.lst lwasm.exe BCKDRAW cycles: 301 computed cycles: 301
			./GeneratedCode/SSBomb/Img_SSShadow_020_NB0.lst lwasm.exe BCKDRAW size: 169 computed size: 169
			./GeneratedCode/SSBomb/Img_SSShadow_020_NB0_Erase.lst lwasm.exe ERASE cycles: 143 computed cycles: 143
			./GeneratedCode/SSBomb/Img_SSShadow_020_NB0_Erase.lst lwasm.exe ERASE size: 63 computed size: 63
	SSBomb Compile sprite: Img_SSShadow_020 image:./Objects/SpecialStage/SSShadow/image/grey/SSShadowSide_020.png variant:XB0
		- BackupBackground/Draw/Erase
			Planche:Img_SSShadow_020 XB0 image:0
			X1Offset: -1
			Y1Offset: -5
			XSize: 1
			YSize: 10
			Center: 602
			Taille de la zone data 1 et 2: 18
			./GeneratedCode/SSBomb/Img_SSShadow_020_XB0.lst lwasm.exe BCKDRAW cycles: 301 computed cycles: 301
			./GeneratedCode/SSBomb/Img_SSShadow_020_XB0.lst lwasm.exe BCKDRAW size: 169 computed size: 169
			./GeneratedCode/SSBomb/Img_SSShadow_020_XB0_Erase.lst lwasm.exe ERASE cycles: 143 computed cycles: 143
			./GeneratedCode/SSBomb/Img_SSShadow_020_XB0_Erase.lst lwasm.exe ERASE size: 63 computed size: 63
	SSBomb Compile sprite: Img_SSRing_027 image:./Objects/SpecialStage/SSRing/image/SSRing_027.png variant:NB0
		- BackupBackground/Draw/Erase
			Planche:Img_SSRing_027 NB0 image:0
			X1Offset: -1
			Y1Offset: -9
			XSize: 2
			YSize: 19
			Center: 602
			Taille de la zone data 1 et 2: 50
			./GeneratedCode/SSBomb/Img_SSRing_027_NB0.lst lwasm.exe BCKDRAW cycles: 751 computed cycles: 751
			./GeneratedCode/SSBomb/Img_SSRing_027_NB0.lst lwasm.exe BCKDRAW size: 418 computed size: 418
			./GeneratedCode/SSBomb/Img_SSRing_027_NB0_Erase.lst lwasm.exe ERASE cycles: 373 computed cycles: 373
			./GeneratedCode/SSBomb/Img_SSRing_027_NB0_Erase.lst lwasm.exe ERASE size: 167 computed size: 167
	SSBomb Compile sprite: Img_SSRing_028 image:./Objects/SpecialStage/SSRing/image/SSRing_028.png variant:NB0
		- BackupBackground/Draw/Erase
			Planche:Img_SSRing_028 NB0 image:0
			X1Offset: -1
			Y1Offset: -10
			XSize: 2
			YSize: 21
			Center: 602
			Taille de la zone data 1 et 2: 56
			./GeneratedCode/SSBomb/Img_SSRing_028_NB0.lst lwasm.exe BCKDRAW cycles: 827 computed cycles: 827
			./GeneratedCode/SSBomb/Img_SSRing_028_NB0.lst lwasm.exe BCKDRAW size: 456 computed size: 456
			./GeneratedCode/SSBomb/Img_SSRing_028_NB0_Erase.lst lwasm.exe ERASE cycles: 412 computed cycles: 412
			./GeneratedCode/SSBomb/Img_SSRing_028_NB0_Erase.lst lwasm.exe ERASE size: 183 computed size: 183
	SSBomb Compile sprite: Img_SSRing_025 image:./Objects/SpecialStage/SSRing/image/SSRing_025.png variant:NB0
		- BackupBackground/Draw/Erase
			Planche:Img_SSRing_025 NB0 image:0
			X1Offset: 0
			Y1Offset: -5
			XSize: 0
			YSize: 12
			Center: 602
			Taille de la zone data 1 et 2: 17
			./GeneratedCode/SSBomb/Img_SSRing_025_NB0.lst lwasm.exe BCKDRAW cycles: 313 computed cycles: 313
			./GeneratedCode/SSBomb/Img_SSRing_025_NB0.lst lwasm.exe BCKDRAW size: 179 computed size: 179
			./GeneratedCode/SSBomb/Img_SSRing_025_NB0_Erase.lst lwasm.exe ERASE cycles: 148 computed cycles: 148
			./GeneratedCode/SSBomb/Img_SSRing_025_NB0_Erase.lst lwasm.exe ERASE size: 67 computed size: 67
	SSBomb Compile sprite: Img_SSRing_026 image:./Objects/SpecialStage/SSRing/image/SSRing_026.png variant:NB0
		- BackupBackground/Draw/Erase
			Planche:Img_SSRing_026 NB0 image:0
			X1Offset: -1
			Y1Offset: -7
			XSize: 2
			YSize: 15
			Center: 602
			Taille de la zone data 1 et 2: 40
			./GeneratedCode/SSBomb/Img_SSRing_026_NB0.lst lwasm.exe BCKDRAW cycles: 600 computed cycles: 600
			./GeneratedCode/SSBomb/Img_SSRing_026_NB0.lst lwasm.exe BCKDRAW size: 333 computed size: 333
			./GeneratedCode/SSBomb/Img_SSRing_026_NB0_Erase.lst lwasm.exe ERASE cycles: 298 computed cycles: 298
			./GeneratedCode/SSBomb/Img_SSRing_026_NB0_Erase.lst lwasm.exe ERASE size: 133 computed size: 133
	SSBomb Compile sprite: Img_SSBomb_000 image:./Objects/SpecialStage/SSBomb/image/SSBomb_000.png variant:NB0
		- BackupBackground/Draw/Erase
			Planche:Img_SSBomb_000 NB0 image:0
			X1Offset: -2
			Y1Offset: -1
			XSize: 2
			YSize: 3
			Center: 1562
			Taille de la zone data 1 et 2: 12
			./GeneratedCode/SSBomb/Img_SSBomb_000_NB0.lst lwasm.exe BCKDRAW cycles: 190 computed cycles: 190
			./GeneratedCode/SSBomb/Img_SSBomb_000_NB0.lst lwasm.exe BCKDRAW size: 104 computed size: 104
			./GeneratedCode/SSBomb/Img_SSBomb_000_NB0_Erase.lst lwasm.exe ERASE cycles: 104 computed cycles: 104
			./GeneratedCode/SSBomb/Img_SSBomb_000_NB0_Erase.lst lwasm.exe ERASE size: 47 computed size: 47
	SSBomb Compile sprite: Img_SSRing_029 image:./Objects/SpecialStage/SSRing/image/SSRing_029.png variant:NB0
		- BackupBackground/Draw/Erase
			Planche:Img_SSRing_029 NB0 image:0
			X1Offset: -1
			Y1Offset: -11
			XSize: 2
			YSize: 23
			Center: 602
			Taille de la zone data 1 et 2: 62
			./GeneratedCode/SSBomb/Img_SSRing_029_NB0.lst lwasm.exe BCKDRAW cycles: 902 computed cycles: 902
			./GeneratedCode/SSBomb/Img_SSRing_029_NB0.lst lwasm.exe BCKDRAW size: 496 computed size: 496
			./GeneratedCode/SSBomb/Img_SSRing_029_NB0_Erase.lst lwasm.exe ERASE cycles: 446 computed cycles: 446
			./GeneratedCode/SSBomb/Img_SSRing_029_NB0_Erase.lst lwasm.exe ERASE size: 197 computed size: 197
	HalfPipe Compile sprite: Img_tk_012_038b image:./Objects/SpecialStage/HalfPipe/image/012.png variant:ND0
		- Draw
			Planche:Img_tk_012_038b image:0
			XOffset: 0
			X1Offset: -64
			Y1Offset: -99
			XSize: 127
			YSize: 198
			Center: 3976
			./GeneratedCode/HalfPipe/Img_tk_012_038b_ND0.lst lwasm.exe DRAW cycles: 15242 computed cycles: 15242
			./GeneratedCode/HalfPipe/Img_tk_012_038b_ND0.lst lwasm.exe DRAW size: 8622 computed size: 8622
	HalfPipe Compile sprite: Img_tk_key_004 image:./Objects/SpecialStage/HalfPipe/image/001.png variant:ND0
		- Draw
			Planche:Img_tk_key_004 image:0
			XOffset: 0
			X1Offset: -64
			Y1Offset: -99
			XSize: 127
			YSize: 198
			Center: 3976
			./GeneratedCode/HalfPipe/Img_tk_key_004_ND0.lst lwasm.exe DRAW cycles: 13357 computed cycles: 13357
			./GeneratedCode/HalfPipe/Img_tk_key_004_ND0.lst lwasm.exe DRAW size: 8027 computed size: 8027
	HalfPipe Compile sprite: Img_tk_009 image:./Objects/SpecialStage/HalfPipe/image/009.png variant:ND0
		- Draw
			Planche:Img_tk_009 image:0
			XOffset: 0
			X1Offset: -64
			Y1Offset: -99
			XSize: 127
			YSize: 198
			Center: 3976
			./GeneratedCode/HalfPipe/Img_tk_009_ND0.lst lwasm.exe DRAW cycles: 12739 computed cycles: 12739
			./GeneratedCode/HalfPipe/Img_tk_009_ND0.lst lwasm.exe DRAW size: 7513 computed size: 7513
	HalfPipe Compile sprite: Img_tk_008 image:./Objects/SpecialStage/HalfPipe/image/008.png variant:ND0
		- Draw
			Planche:Img_tk_008 image:0
			XOffset: 0
			X1Offset: -61
			Y1Offset: -99
			XSize: 122
			YSize: 152
			Center: 3976
			./GeneratedCode/HalfPipe/Img_tk_008_ND0.lst lwasm.exe DRAW cycles: 7556 computed cycles: 7556
			./GeneratedCode/HalfPipe/Img_tk_008_ND0.lst lwasm.exe DRAW size: 4807 computed size: 4807
	HalfPipe Compile sprite: Img_tk_007 image:./Objects/SpecialStage/HalfPipe/image/007.png variant:ND0
		- Draw
			Planche:Img_tk_007 image:0
			XOffset: 0
			X1Offset: -64
			Y1Offset: -95
			XSize: 127
			YSize: 194
			Center: 3976
			./GeneratedCode/HalfPipe/Img_tk_007_ND0.lst lwasm.exe DRAW cycles: 6732 computed cycles: 6732
			./GeneratedCode/HalfPipe/Img_tk_007_ND0.lst lwasm.exe DRAW size: 4195 computed size: 4195
	HalfPipe Compile sprite: Img_tk_029 image:./Objects/SpecialStage/HalfPipe/image/029.png variant:ND0
		- Draw
			Planche:Img_tk_029 image:0
			XOffset: 0
			X1Offset: -64
			Y1Offset: -99
			XSize: 127
			YSize: 198
			Center: 3976
			./GeneratedCode/HalfPipe/Img_tk_029_ND0.lst lwasm.exe DRAW cycles: 11522 computed cycles: 11522
			./GeneratedCode/HalfPipe/Img_tk_029_ND0.lst lwasm.exe DRAW size: 7014 computed size: 7014
	HalfPipe Compile sprite: Img_tk_006 image:./Objects/SpecialStage/HalfPipe/image/006.png variant:ND0
		- Draw
			Planche:Img_tk_006 image:0
			XOffset: 0
			X1Offset: -60
			Y1Offset: -87
			XSize: 120
			YSize: 186
			Center: 3976
			./GeneratedCode/HalfPipe/Img_tk_006_ND0.lst lwasm.exe DRAW cycles: 10793 computed cycles: 10793
			./GeneratedCode/HalfPipe/Img_tk_006_ND0.lst lwasm.exe DRAW size: 6569 computed size: 6569
	HalfPipe Compile sprite: Img_tk_028 image:./Objects/SpecialStage/HalfPipe/image/028.png variant:ND0
		- Draw
			Planche:Img_tk_028 image:0
			XOffset: 0
			X1Offset: -64
			Y1Offset: -99
			XSize: 127
			YSize: 198
			Center: 3976
			./GeneratedCode/HalfPipe/Img_tk_028_ND0.lst lwasm.exe DRAW cycles: 19379 computed cycles: 19379
			./GeneratedCode/HalfPipe/Img_tk_028_ND0.lst lwasm.exe DRAW size: 10749 computed size: 10749
	HalfPipe Compile sprite: Img_tk_005 image:./Objects/SpecialStage/HalfPipe/image/005.png variant:ND0
		- Draw
			Planche:Img_tk_005 image:0
			XOffset: 0
			X1Offset: -64
			Y1Offset: -99
			XSize: 127
			YSize: 198
			Center: 3976
			./GeneratedCode/HalfPipe/Img_tk_005_ND0.lst lwasm.exe DRAW cycles: 13485 computed cycles: 13485
			./GeneratedCode/HalfPipe/Img_tk_005_ND0.lst lwasm.exe DRAW size: 8091 computed size: 8091
	HalfPipe Compile sprite: Img_tk_038b image:./Objects/SpecialStage/HalfPipe/image/038b.png variant:ND0
		- Draw
			Planche:Img_tk_038b image:0
			XOffset: 0
			X1Offset: -64
			Y1Offset: -99
			XSize: 127
			YSize: 198
			Center: 3976
			./GeneratedCode/HalfPipe/Img_tk_038b_ND0.lst lwasm.exe DRAW cycles: 14135 computed cycles: 14135
			./GeneratedCode/HalfPipe/Img_tk_038b_ND0.lst lwasm.exe DRAW size: 8174 computed size: 8174
	HalfPipe Compile sprite: Img_tk_027 image:./Objects/SpecialStage/HalfPipe/image/027.png variant:ND0
		- Draw
			Planche:Img_tk_027 image:0
			XOffset: 0
			X1Offset: -64
			Y1Offset: -99
			XSize: 127
			YSize: 198
			Center: 3976
			./GeneratedCode/HalfPipe/Img_tk_027_ND0.lst lwasm.exe DRAW cycles: 16582 computed cycles: 16582
			./GeneratedCode/HalfPipe/Img_tk_027_ND0.lst lwasm.exe DRAW size: 9246 computed size: 9246
	HalfPipe Compile sprite: Img_tk_004 image:./Objects/SpecialStage/HalfPipe/image/004.png variant:ND0
		- Draw
			Planche:Img_tk_004 image:0
			XOffset: 0
			X1Offset: -43
			Y1Offset: -99
			XSize: 85
			YSize: 152
			Center: 3976
			./GeneratedCode/HalfPipe/Img_tk_004_ND0.lst lwasm.exe DRAW cycles: 7818 computed cycles: 7818
			./GeneratedCode/HalfPipe/Img_tk_004_ND0.lst lwasm.exe DRAW size: 5023 computed size: 5023
	HalfPipe Compile sprite: Img_tk_026 image:./Objects/SpecialStage/HalfPipe/image/026.png variant:ND0
		- Draw
			Planche:Img_tk_026 image:0
			XOffset: 0
			X1Offset: -35
			Y1Offset: -99
			XSize: 98
			YSize: 158
			Center: 3976
			./GeneratedCode/HalfPipe/Img_tk_026_ND0.lst lwasm.exe DRAW cycles: 10771 computed cycles: 10771
			./GeneratedCode/HalfPipe/Img_tk_026_ND0.lst lwasm.exe DRAW size: 6235 computed size: 6235
	HalfPipe Compile sprite: Img_tk_003 image:./Objects/SpecialStage/HalfPipe/image/003.png variant:ND0
		- Draw
			Planche:Img_tk_003 image:0
			XOffset: 0
			X1Offset: -64
			Y1Offset: -95
			XSize: 127
			YSize: 194
			Center: 3976
			./GeneratedCode/HalfPipe/Img_tk_003_ND0.lst lwasm.exe DRAW cycles: 7084 computed cycles: 7084
			./GeneratedCode/HalfPipe/Img_tk_003_ND0.lst lwasm.exe DRAW size: 4464 computed size: 4464
	HalfPipe Compile sprite: Img_tk_025 image:./Objects/SpecialStage/HalfPipe/image/025.png variant:ND0
		- Draw
			Planche:Img_tk_025 image:0
			XOffset: 0
			X1Offset: -64
			Y1Offset: -99
			XSize: 127
			YSize: 198
			Center: 3976
			./GeneratedCode/HalfPipe/Img_tk_025_ND0.lst lwasm.exe DRAW cycles: 11852 computed cycles: 11852
			./GeneratedCode/HalfPipe/Img_tk_025_ND0.lst lwasm.exe DRAW size: 6705 computed size: 6705
	HalfPipe Compile sprite: Img_tk_002 image:./Objects/SpecialStage/HalfPipe/image/002.png variant:ND0
		- Draw
			Planche:Img_tk_002 image:0
			XOffset: 0
			X1Offset: -60
			Y1Offset: -87
			XSize: 119
			YSize: 186
			Center: 3976
			./GeneratedCode/HalfPipe/Img_tk_002_ND0.lst lwasm.exe DRAW cycles: 11192 computed cycles: 11192
			./GeneratedCode/HalfPipe/Img_tk_002_ND0.lst lwasm.exe DRAW size: 6799 computed size: 6799
	HalfPipe Compile sprite: Img_tk_024 image:./Objects/SpecialStage/HalfPipe/image/024.png variant:ND0
		- Draw
			Planche:Img_tk_024 image:0
			XOffset: 0
			X1Offset: -64
			Y1Offset: -99
			XSize: 127
			YSize: 198
			Center: 3976
			./GeneratedCode/HalfPipe/Img_tk_024_ND0.lst lwasm.exe DRAW cycles: 12042 computed cycles: 12042
			./GeneratedCode/HalfPipe/Img_tk_024_ND0.lst lwasm.exe DRAW size: 6918 computed size: 6918
	HalfPipe Compile sprite: Img_tk_023 image:./Objects/SpecialStage/HalfPipe/image/023.png variant:ND0
		- Draw
			Planche:Img_tk_023 image:0
			XOffset: 0
			X1Offset: -64
			Y1Offset: -99
			XSize: 127
			YSize: 162
			Center: 3976
			./GeneratedCode/HalfPipe/Img_tk_023_ND0.lst lwasm.exe DRAW cycles: 8628 computed cycles: 8628
			./GeneratedCode/HalfPipe/Img_tk_023_ND0.lst lwasm.exe DRAW size: 5187 computed size: 5187
	HalfPipe Compile sprite: Img_tk_044 image:./Objects/SpecialStage/HalfPipe/image/044.png variant:ND0
		- Draw
			Planche:Img_tk_044 image:0
			XOffset: 0
			X1Offset: -64
			Y1Offset: -99
			XSize: 127
			YSize: 198
			Center: 3976
			./GeneratedCode/HalfPipe/Img_tk_044_ND0.lst lwasm.exe DRAW cycles: 12929 computed cycles: 12929
			./GeneratedCode/HalfPipe/Img_tk_044_ND0.lst lwasm.exe DRAW size: 7659 computed size: 7659
	HalfPipe Compile sprite: Img_tk_022 image:./Objects/SpecialStage/HalfPipe/image/022.png variant:ND0
		- Draw
			Planche:Img_tk_022 image:0
			XOffset: 0
			X1Offset: -64
			Y1Offset: -97
			XSize: 127
			YSize: 194
			Center: 3976
			./GeneratedCode/HalfPipe/Img_tk_022_ND0.lst lwasm.exe DRAW cycles: 13614 computed cycles: 13614
			./GeneratedCode/HalfPipe/Img_tk_022_ND0.lst lwasm.exe DRAW size: 7993 computed size: 7993
	HalfPipe Compile sprite: Img_tk_021 image:./Objects/SpecialStage/HalfPipe/image/021.png variant:ND0
		- Draw
			Planche:Img_tk_021 image:0
			XOffset: 0
			X1Offset: -36
			Y1Offset: -73
			XSize: 97
			YSize: 128
			Center: 3976
			./GeneratedCode/HalfPipe/Img_tk_021_ND0.lst lwasm.exe DRAW cycles: 6654 computed cycles: 6654
			./GeneratedCode/HalfPipe/Img_tk_021_ND0.lst lwasm.exe DRAW size: 4045 computed size: 4045
	HalfPipe Compile sprite: Img_tk_020 image:./Objects/SpecialStage/HalfPipe/image/020.png variant:ND0
		- Draw
			Planche:Img_tk_020 image:0
			XOffset: 0
			X1Offset: -64
			Y1Offset: -99
			XSize: 127
			YSize: 198
			Center: 3976
			./GeneratedCode/HalfPipe/Img_tk_020_ND0.lst lwasm.exe DRAW cycles: 7796 computed cycles: 7796
			./GeneratedCode/HalfPipe/Img_tk_020_ND0.lst lwasm.exe DRAW size: 4378 computed size: 4378
	HalfPipe Compile sprite: Img_tk_key_022 image:./Objects/SpecialStage/HalfPipe/image/001.png variant:ND0
		- Draw
			Planche:Img_tk_key_022 image:0
			XOffset: 0
			X1Offset: -64
			Y1Offset: -87
			XSize: 127
			YSize: 186
			Center: 3976
			./GeneratedCode/HalfPipe/Img_tk_key_022_ND0.lst lwasm.exe DRAW cycles: 17424 computed cycles: 17424
			./GeneratedCode/HalfPipe/Img_tk_key_022_ND0.lst lwasm.exe DRAW size: 10101 computed size: 10101
	HalfPipe Compile sprite: Img_tk_019 image:./Objects/SpecialStage/HalfPipe/image/019.png variant:ND0
		- Draw
			Planche:Img_tk_019 image:0
			XOffset: 0
			X1Offset: -64
			Y1Offset: -99
			XSize: 127
			YSize: 198
			Center: 3976
			./GeneratedCode/HalfPipe/Img_tk_019_ND0.lst lwasm.exe DRAW cycles: 9832 computed cycles: 9832
			./GeneratedCode/HalfPipe/Img_tk_019_ND0.lst lwasm.exe DRAW size: 5713 computed size: 5713
	HalfPipe Compile sprite: Img_tk_018 image:./Objects/SpecialStage/HalfPipe/image/018.png variant:ND0
		- Draw
			Planche:Img_tk_018 image:0
			XOffset: 0
			X1Offset: -64
			Y1Offset: -99
			XSize: 127
			YSize: 162
			Center: 3976
			./GeneratedCode/HalfPipe/Img_tk_018_ND0.lst lwasm.exe DRAW cycles: 8267 computed cycles: 8267
			./GeneratedCode/HalfPipe/Img_tk_018_ND0.lst lwasm.exe DRAW size: 5003 computed size: 5003
	HalfPipe Compile sprite: Img_tk_017 image:./Objects/SpecialStage/HalfPipe/image/017.png variant:ND0
		- Draw
			Planche:Img_tk_017 image:0
			XOffset: 0
			X1Offset: -64
			Y1Offset: -97
			XSize: 121
			YSize: 126
			Center: 3976
			./GeneratedCode/HalfPipe/Img_tk_017_ND0.lst lwasm.exe DRAW cycles: 3614 computed cycles: 3614
			./GeneratedCode/HalfPipe/Img_tk_017_ND0.lst lwasm.exe DRAW size: 2287 computed size: 2287
	HalfPipe Compile sprite: Img_tk_016 image:./Objects/SpecialStage/HalfPipe/image/016.png variant:ND0
		- Draw
			Planche:Img_tk_016 image:0
			XOffset: 0
			X1Offset: -35
			Y1Offset: -69
			XSize: 92
			YSize: 92
			Center: 3976
			./GeneratedCode/HalfPipe/Img_tk_016_ND0.lst lwasm.exe DRAW cycles: 2230 computed cycles: 2230
			./GeneratedCode/HalfPipe/Img_tk_016_ND0.lst lwasm.exe DRAW size: 1416 computed size: 1416
	HalfPipe Compile sprite: Img_tk_038 image:./Objects/SpecialStage/HalfPipe/image/038.png variant:ND0
		- Draw
			Planche:Img_tk_038 image:0
			XOffset: 0
			X1Offset: -64
			Y1Offset: -99
			XSize: 127
			YSize: 198
			Center: 3976
			./GeneratedCode/HalfPipe/Img_tk_038_ND0.lst lwasm.exe DRAW cycles: 11808 computed cycles: 11808
			./GeneratedCode/HalfPipe/Img_tk_038_ND0.lst lwasm.exe DRAW size: 6746 computed size: 6746
	HalfPipe Compile sprite: Img_tk_015 image:./Objects/SpecialStage/HalfPipe/image/015.png variant:ND0
		- Draw
			Planche:Img_tk_015 image:0
			XOffset: 0
			X1Offset: -64
			Y1Offset: -99
			XSize: 127
			YSize: 198
			Center: 3976
			./GeneratedCode/HalfPipe/Img_tk_015_ND0.lst lwasm.exe DRAW cycles: 6351 computed cycles: 6351
			./GeneratedCode/HalfPipe/Img_tk_015_ND0.lst lwasm.exe DRAW size: 3460 computed size: 3460
	HalfPipe Compile sprite: Img_tk_037 image:./Objects/SpecialStage/HalfPipe/image/037.png variant:ND0
		- Draw
			Planche:Img_tk_037 image:0
			XOffset: 0
			X1Offset: -64
			Y1Offset: -99
			XSize: 127
			YSize: 198
			Center: 3976
			./GeneratedCode/HalfPipe/Img_tk_037_ND0.lst lwasm.exe DRAW cycles: 11877 computed cycles: 11877
			./GeneratedCode/HalfPipe/Img_tk_037_ND0.lst lwasm.exe DRAW size: 7014 computed size: 7014
	HalfPipe Compile sprite: Img_tk_014 image:./Objects/SpecialStage/HalfPipe/image/014.png variant:ND0
		- Draw
			Planche:Img_tk_014 image:0
			XOffset: 0
			X1Offset: -64
			Y1Offset: -99
			XSize: 127
			YSize: 198
			Center: 3976
			./GeneratedCode/HalfPipe/Img_tk_014_ND0.lst lwasm.exe DRAW cycles: 9493 computed cycles: 9493
			./GeneratedCode/HalfPipe/Img_tk_014_ND0.lst lwasm.exe DRAW size: 5496 computed size: 5496
	HalfPipe Compile sprite: Img_tk_036 image:./Objects/SpecialStage/HalfPipe/image/036.png variant:ND0
		- Draw
			Planche:Img_tk_036 image:0
			XOffset: 0
			X1Offset: -64
			Y1Offset: -99
			XSize: 127
			YSize: 198
			Center: 3976
			./GeneratedCode/HalfPipe/Img_tk_036_ND0.lst lwasm.exe DRAW cycles: 11418 computed cycles: 11418
			./GeneratedCode/HalfPipe/Img_tk_036_ND0.lst lwasm.exe DRAW size: 7033 computed size: 7033
	HalfPipe Compile sprite: Img_tk_013 image:./Objects/SpecialStage/HalfPipe/image/013.png variant:ND0
		- Draw
			Planche:Img_tk_013 image:0
			XOffset: 0
			X1Offset: -64
			Y1Offset: -99
			XSize: 127
			YSize: 162
			Center: 3976
			./GeneratedCode/HalfPipe/Img_tk_013_ND0.lst lwasm.exe DRAW cycles: 8311 computed cycles: 8311
			./GeneratedCode/HalfPipe/Img_tk_013_ND0.lst lwasm.exe DRAW size: 5039 computed size: 5039
	HalfPipe Compile sprite: Img_tk_035 image:./Objects/SpecialStage/HalfPipe/image/035.png variant:ND0
		- Draw
			Planche:Img_tk_035 image:0
			XOffset: 0
			X1Offset: -64
			Y1Offset: -99
			XSize: 127
			YSize: 198
			Center: 3976
			./GeneratedCode/HalfPipe/Img_tk_035_ND0.lst lwasm.exe DRAW cycles: 11910 computed cycles: 11910
			./GeneratedCode/HalfPipe/Img_tk_035_ND0.lst lwasm.exe DRAW size: 7601 computed size: 7601
	HalfPipe Compile sprite: Img_tk_012 image:./Objects/SpecialStage/HalfPipe/image/012.png variant:ND0
		- Draw
			Planche:Img_tk_012 image:0
			XOffset: 0
			X1Offset: -64
			Y1Offset: -99
			XSize: 127
			YSize: 198
			Center: 3976
			./GeneratedCode/HalfPipe/Img_tk_012_ND0.lst lwasm.exe DRAW cycles: 14165 computed cycles: 14165
			./GeneratedCode/HalfPipe/Img_tk_012_ND0.lst lwasm.exe DRAW size: 8178 computed size: 8178
	HalfPipe Compile sprite: Img_tk_012_017 image:./Objects/SpecialStage/HalfPipe/image/012.png variant:ND0
		- Draw
			Planche:Img_tk_012_017 image:0
			XOffset: 0
			X1Offset: -64
			Y1Offset: -99
			XSize: 120
			YSize: 146
			Center: 3976
			./GeneratedCode/HalfPipe/Img_tk_012_017_ND0.lst lwasm.exe DRAW cycles: 5195 computed cycles: 5195
			./GeneratedCode/HalfPipe/Img_tk_012_017_ND0.lst lwasm.exe DRAW size: 3310 computed size: 3310
	HalfPipe Compile sprite: Img_tk_034 image:./Objects/SpecialStage/HalfPipe/image/034.png variant:ND0
		- Draw
			Planche:Img_tk_034 image:0
			XOffset: 0
			X1Offset: -64
			Y1Offset: -99
			XSize: 127
			YSize: 198
			Center: 3976
			./GeneratedCode/HalfPipe/Img_tk_034_ND0.lst lwasm.exe DRAW cycles: 17273 computed cycles: 17273
			./GeneratedCode/HalfPipe/Img_tk_034_ND0.lst lwasm.exe DRAW size: 9251 computed size: 9251
	HalfPipe Compile sprite: Img_tk_011 image:./Objects/SpecialStage/HalfPipe/image/011.png variant:ND0
		- Draw
			Planche:Img_tk_011 image:0
			XOffset: 0
			X1Offset: -63
			Y1Offset: -81
			XSize: 126
			YSize: 180
			Center: 3976
			./GeneratedCode/HalfPipe/Img_tk_011_ND0.lst lwasm.exe DRAW cycles: 12290 computed cycles: 12290
			./GeneratedCode/HalfPipe/Img_tk_011_ND0.lst lwasm.exe DRAW size: 7318 computed size: 7318
	HalfPipe Compile sprite: Img_tk_033 image:./Objects/SpecialStage/HalfPipe/image/033.png variant:ND0
		- Draw
			Planche:Img_tk_033 image:0
			XOffset: 0
			X1Offset: -64
			Y1Offset: -99
			XSize: 127
			YSize: 198
			Center: 3976
			./GeneratedCode/HalfPipe/Img_tk_033_ND0.lst lwasm.exe DRAW cycles: 18914 computed cycles: 18914
			./GeneratedCode/HalfPipe/Img_tk_033_ND0.lst lwasm.exe DRAW size: 9893 computed size: 9893
	HalfPipe Compile sprite: Img_tk_010 image:./Objects/SpecialStage/HalfPipe/image/010.png variant:ND0
		- Draw
			Planche:Img_tk_010 image:0
			XOffset: 0
			X1Offset: -64
			Y1Offset: -87
			XSize: 125
			YSize: 186
			Center: 3976
			./GeneratedCode/HalfPipe/Img_tk_010_ND0.lst lwasm.exe DRAW cycles: 12879 computed cycles: 12879
			./GeneratedCode/HalfPipe/Img_tk_010_ND0.lst lwasm.exe DRAW size: 7826 computed size: 7826
	HalfPipe Compile sprite: Img_tk_032 image:./Objects/SpecialStage/HalfPipe/image/032.png variant:ND0
		- Draw
			Planche:Img_tk_032 image:0
			XOffset: 0
			X1Offset: -64
			Y1Offset: -99
			XSize: 127
			YSize: 198
			Center: 3976
			./GeneratedCode/HalfPipe/Img_tk_032_ND0.lst lwasm.exe DRAW cycles: 14316 computed cycles: 14316
			./GeneratedCode/HalfPipe/Img_tk_032_ND0.lst lwasm.exe DRAW size: 8343 computed size: 8343
	HalfPipe Compile sprite: Img_tk_031 image:./Objects/SpecialStage/HalfPipe/image/031.png variant:ND0
		- Draw
			Planche:Img_tk_031 image:0
			XOffset: 0
			X1Offset: -64
			Y1Offset: -99
			XSize: 127
			YSize: 198
			Center: 3976
			./GeneratedCode/HalfPipe/Img_tk_031_ND0.lst lwasm.exe DRAW cycles: 10370 computed cycles: 10370
			./GeneratedCode/HalfPipe/Img_tk_031_ND0.lst lwasm.exe DRAW size: 6424 computed size: 6424
	HalfPipe Compile sprite: Img_tk_030 image:./Objects/SpecialStage/HalfPipe/image/030.png variant:ND0
		- Draw
			Planche:Img_tk_030 image:0
			XOffset: 0
			X1Offset: -64
			Y1Offset: -99
			XSize: 127
			YSize: 198
			Center: 3976
			./GeneratedCode/HalfPipe/Img_tk_030_ND0.lst lwasm.exe DRAW cycles: 10214 computed cycles: 10214
			./GeneratedCode/HalfPipe/Img_tk_030_ND0.lst lwasm.exe DRAW size: 6411 computed size: 6411
Compile Main Engines ...
Compile Main Engines for FLOPPY_DISK...
	Game Mode : SpecialStage
	# Compile .\GeneratedCode\SpecialStage\FD\MainEngine.asm
bin length: 12233
Compile Main Engines for MEGAROM_T2...
	Game Mode : SpecialStage
	# Compile .\GeneratedCode\SpecialStage\T2\MainEngine.asm
bin length: 13025
Compile Objects ...
	SpecialStage:
		SSSonic at $0000
	# Compile .\GeneratedCode\SpecialStage\FD\SSSonic\SSSonic_ImageSet.asm
	# Compile .\GeneratedCode\SpecialStage\FD\SSSonic\SSSonic_Animation.asm
	# Compile .\GeneratedCode\SpecialStage\FD\SSSonic\SSSonic.asm
file ./GeneratedCode/SpecialStage/FD/SSSonic/SSSonic.asm intermediate size:110 bytes
		SSBomb at $0000
	# Compile .\GeneratedCode\SpecialStage\FD\SSBomb\SSBomb_ImageSet.asm
	# Compile .\GeneratedCode\SpecialStage\FD\SSBomb\SSBomb_Animation.asm
	# Compile .\GeneratedCode\SpecialStage\FD\SSBomb\SSBomb.asm
file ./GeneratedCode/SpecialStage/FD/SSBomb/SSBomb.asm intermediate size:8783 bytes
		HalfPipe at $0000
	# Compile .\GeneratedCode\SpecialStage\FD\HalfPipe\HalfPipe_ImageSet.asm
	# Compile .\GeneratedCode\SpecialStage\FD\HalfPipe\HalfPipe_Animation.asm
	# Compile .\GeneratedCode\SpecialStage\FD\HalfPipe\HalfPipe.asm
	.\GeneratedCode\SpecialStage\FD\HalfPipe\HalfPipe.asm(238) : ERROR : Undefined symbol PSGPlayNoRepeat
	.\GeneratedCode\SpecialStage\FD\HalfPipe\HalfPipe.asm:00238         jmp   PSGPlayNoRepeat                         *    bsr.w   PlayMusic
	
Build error.
java.lang.Exception: Error ./GeneratedCode/SpecialStage/FD/HalfPipe/HalfPipe.asm
	at fr.bento8.to8.build.BuildDisk.compile(BuildDisk.java:2620) ~[bin/:?]
	at fr.bento8.to8.build.BuildDisk.compileRAW(BuildDisk.java:2595) ~[bin/:?]
	at fr.bento8.to8.build.BuildDisk.compileObject(BuildDisk.java:703) ~[bin/:?]
	at fr.bento8.to8.build.BuildDisk.compileObjects(BuildDisk.java:652) ~[bin/:?]
	at fr.bento8.to8.build.BuildDisk.main(BuildDisk.java:120) [bin/:?]
