/*--------------------------------------------------------------*
 * Compilé avec C6809 v0.83                                     *
 *--------------------------------------------------------------*
 * Fichier source      : ./Sonic2/GeneratedCode/TitleScreen/Img_sonic_4_Erase.ASM
 * Fichier destination : ./Sonic2/GeneratedCode/TitleScreen/Img_sonic_4_Erase.BIN
 * Contenu :
 *     Main     0:IMGE.ASM     7613
 *--------------------------------------------------------------*/

Macro Pass
Pass1
Pass2
      2        A000                      ORG $A000
      3                  FF              SETDP $FF
      4        A000               ERASE_Img_sonic_4
      5  6+5   A000 10EF 8D 042D         STS ERASE_SSAV_Img_sonic_4+1,PCR
      6
      7  4+0   A005 32   C4              LEAS ,U
      8        A007               ERASE_CODE_Img_sonic_4_1
      9  5+5   A007 35   52              PULS A,X,U
     10  5+3   A009 36   12              PSHU A,X
     11
     12  5+3   A00B 35   12              PULS A,X
     13  4+1   A00D A7   C8 52           STA 82,U
     14  5+1   A010 AF   C8 29           STX 41,U
     15
     16  5+7   A013 35   72              PULS A,X,Y,U
     17  5+5   A015 36   32              PSHU A,X,Y
     18
     19  5+2   A017 35   06              PULS D
     20  5+1   A019 ED   C8 28           STD 40,U
     21
     22  5+7   A01C 35   72              PULS A,X,Y,U
     23  5+5   A01E 36   32              PSHU A,X,Y
     24
     25  5+7   A020 35   72              PULS A,X,Y,U
     26  5+5   A022 36   32              PSHU A,X,Y
     27
     28  5+6   A024 35   56              PULS D,X,U
     29  5+4   A026 36   16              PSHU D,X
     30
     31  5+1   A028 35   02              PULS A
     32  4+1   A02A A7   44              STA 4,U
     33
     34  5+6   A02C 35   56              PULS D,X,U
     35  5+4   A02E 36   16              PSHU D,X
     36
     37  5+1   A030 35   02              PULS A
     38  4+1   A032 A7   44              STA 4,U
     39
     40  5+6   A034 35   56              PULS D,X,U
     41  5+4   A036 36   16              PSHU D,X
     42
     43  5+6   A038 35   56              PULS D,X,U
     44  5+4   A03A 36   16              PSHU D,X
     45
     46  5+1   A03C 35   02              PULS A
     47  4+1   A03E A7   45              STA 5,U
     48
     49  5+6   A040 35   56              PULS D,X,U
     50  5+4   A042 36   16              PSHU D,X
     51
     52  5+1   A044 35   02              PULS A
     53  4+1   A046 A7   45              STA 5,U
     54
     55  5+8   A048 35   76              PULS D,X,Y,U
     56  5+6   A04A 36   36              PSHU D,X,Y
     57
     58  5+8   A04C 35   76              PULS D,X,Y,U
     59  5+6   A04E 36   36              PSHU D,X,Y
     60
     61  5+8   A050 35   76              PULS D,X,Y,U
     62  5+6   A052 36   36              PSHU D,X,Y
     63
     64  5+8   A054 35   76              PULS D,X,Y,U
     65  5+6   A056 36   36              PSHU D,X,Y
     66
     67  5+7   A058 35   72              PULS A,X,Y,U
     68  5+5   A05A 36   32              PSHU A,X,Y
     69
     70  5+1   A05C 35   02              PULS A
     71  4+1   A05E A7   45              STA 5,U
     72
     73  5+7   A060 35   72              PULS A,X,Y,U
     74  5+5   A062 36   32              PSHU A,X,Y
     75
     76  5+1   A064 35   02              PULS A
     77  4+1   A066 A7   45              STA 5,U
     78
     79  5+7   A068 35   72              PULS A,X,Y,U
     80  5+5   A06A 36   32              PSHU A,X,Y
     81
     82  5+1   A06C 35   02              PULS A
     83  4+1   A06E A7   45              STA 5,U
     84
     85  5+8   A070 35   76              PULS D,X,Y,U
     86  5+6   A072 36   36              PSHU D,X,Y
     87
     88  5+1   A074 35   02              PULS A
     89  4+1   A076 A7   46              STA 6,U
     90
     91  5+8   A078 35   76              PULS D,X,Y,U
     92  5+6   A07A 36   36              PSHU D,X,Y
     93
     94  5+8   A07C 35   76              PULS D,X,Y,U
     95  5+6   A07E 36   36              PSHU D,X,Y
     96
     97  5+8   A080 35   76              PULS D,X,Y,U
     98  5+6   A082 36   36              PSHU D,X,Y
     99
    100  5+1   A084 35   02              PULS A
    101  4+1   A086 A7   46              STA 6,U
    102
    103  5+8   A088 35   76              PULS D,X,Y,U
    104  5+6   A08A 36   36              PSHU D,X,Y
    105
    106  5+1   A08C 35   02              PULS A
    107  4+1   A08E A7   46              STA 6,U
    108
    109  5+8   A090 35   76              PULS D,X,Y,U
    110  5+6   A092 36   36              PSHU D,X,Y
    111
    112  5+1   A094 35   02              PULS A
    113  4+1   A096 A7   46              STA 6,U
    114
    115  5+8   A098 35   76              PULS D,X,Y,U
    116  5+6   A09A 36   36              PSHU D,X,Y
    117
    118  5+1   A09C 35   02              PULS A
    119  4+1   A09E A7   46              STA 6,U
    120
    121  5+8   A0A0 35   76              PULS D,X,Y,U
    122  5+6   A0A2 36   36              PSHU D,X,Y
    123
    124  5+1   A0A4 35   02              PULS A
    125  4+1   A0A6 A7   46              STA 6,U
    126
    127  5+8   A0A8 35   76              PULS D,X,Y,U
    128  5+6   A0AA 36   36              PSHU D,X,Y
    129
    130  5+1   A0AC 35   02              PULS A
    131  4+1   A0AE A7   46              STA 6,U
    132
    133  5+8   A0B0 35   76              PULS D,X,Y,U
    134  5+6   A0B2 36   36              PSHU D,X,Y
    135
    136  5+1   A0B4 35   02              PULS A
    137  4+1   A0B6 A7   46              STA 6,U
    138
    139  5+8   A0B8 35   76              PULS D,X,Y,U
    140  5+6   A0BA 36   36              PSHU D,X,Y
    141
    142  5+1   A0BC 35   02              PULS A
    143  4+1   A0BE A7   46              STA 6,U
    144
    145  5+8   A0C0 35   76              PULS D,X,Y,U
    146  5+6   A0C2 36   36              PSHU D,X,Y
    147
    148  5+1   A0C4 35   02              PULS A
    149  4+1   A0C6 A7   46              STA 6,U
    150
    151  5+8   A0C8 35   76              PULS D,X,Y,U
    152  5+6   A0CA 36   36              PSHU D,X,Y
    153
    154  5+1   A0CC 35   02              PULS A
    155  4+1   A0CE A7   46              STA 6,U
    156
    157  5+8   A0D0 35   76              PULS D,X,Y,U
    158  5+6   A0D2 36   36              PSHU D,X,Y
    159
    160  5+1   A0D4 35   02              PULS A
    161  4+1   A0D6 A7   46              STA 6,U
    162
    163  5+8   A0D8 35   76              PULS D,X,Y,U
    164  5+6   A0DA 36   36              PSHU D,X,Y
    165
    166  5+1   A0DC 35   02              PULS A
    167  4+1   A0DE A7   46              STA 6,U
    168
    169  5+8   A0E0 35   76              PULS D,X,Y,U
    170  5+6   A0E2 36   36              PSHU D,X,Y
    171
    172  5+2   A0E4 35   06              PULS D
    173  5+1   A0E6 ED   46              STD 6,U
    174
    175  5+8   A0E8 35   76              PULS D,X,Y,U
    176  5+6   A0EA 36   36              PSHU D,X,Y
    177
    178  5+1   A0EC 35   02              PULS A
    179  4+1   A0EE A7   46              STA 6,U
    180
    181  5+8   A0F0 35   76              PULS D,X,Y,U
    182  5+6   A0F2 36   36              PSHU D,X,Y
    183
    184  5+3   A0F4 35   12              PULS A,X
    185  4+1   A0F6 A7   46              STA 6,U
    186  5+1   A0F8 AF   C8 26           STX 38,U
    187
    188  5+8   A0FB 35   76              PULS D,X,Y,U
    189  5+6   A0FD 36   36              PSHU D,X,Y
    190
    191  5+3   A0FF 35   12              PULS A,X
    192  4+1   A101 A7   46              STA 6,U
    193  5+1   A103 AF   C8 26           STX 38,U
    194
    195  5+8   A106 35   76              PULS D,X,Y,U
    196  5+6   A108 36   36              PSHU D,X,Y
    197
    198  5+3   A10A 35   12              PULS A,X
    199  4+1   A10C A7   46              STA 6,U
    200  5+1   A10E AF   C8 26           STX 38,U
    201
    202  5+5   A111 35   52              PULS A,X,U
    203  5+3   A113 36   12              PSHU A,X
    204
    205  5+2   A115 35   06              PULS D
    206  5+1   A117 ED   C8 22           STD 34,U
    207
    208  5+8   A11A 35   76              PULS D,X,Y,U
    209  5+6   A11C 36   36              PSHU D,X,Y
    210
    211  5+5   A11E 35   52              PULS A,X,U
    212  5+3   A120 36   12              PSHU A,X
    213
    214  5+8   A122 35   76              PULS D,X,Y,U
    215  5+6   A124 36   36              PSHU D,X,Y
    216
    217  5+5   A126 35   52              PULS A,X,U
    218  5+3   A128 36   12              PSHU A,X
    219
    220  5+8   A12A 35   76              PULS D,X,Y,U
    221  5+6   A12C 36   36              PSHU D,X,Y
    222
    223  5+5   A12E 35   52              PULS A,X,U
    224  5+3   A130 36   12              PSHU A,X
    225
    226  5+8   A132 35   76              PULS D,X,Y,U
    227  5+6   A134 36   36              PSHU D,X,Y
    228
    229  5+8   A136 35   76              PULS D,X,Y,U
    230  5+6   A138 36   36              PSHU D,X,Y
    231
    232  5+3   A13A 35   12              PULS A,X
    233  4+1   A13C A7   48              STA 8,U
    234  5+1   A13E AF   46              STX 6,U
    235
    236  5+8   A140 35   76              PULS D,X,Y,U
    237  5+6   A142 36   36              PSHU D,X,Y
    238
    239  5+2   A144 35   06              PULS D
    240  5+1   A146 ED   46              STD 6,U
    241
    242  5+8   A148 35   76              PULS D,X,Y,U
    243  5+6   A14A 36   36              PSHU D,X,Y
    244
    245  5+2   A14C 35   06              PULS D
    246  5+1   A14E ED   46              STD 6,U
    247
    248  5+8   A150 35   76              PULS D,X,Y,U
    249  5+6   A152 36   36              PSHU D,X,Y
    250
    251  5+2   A154 35   06              PULS D
    252  5+1   A156 ED   46              STD 6,U
    253
    254  5+8   A158 35   76              PULS D,X,Y,U
    255  5+6   A15A 36   36              PSHU D,X,Y
    256
    257  5+2   A15C 35   06              PULS D
    258  5+1   A15E ED   46              STD 6,U
    259
    260  5+7   A160 35   72              PULS A,X,Y,U
    261  5+5   A162 36   32              PSHU A,X,Y
    262
    263  5+7   A164 35   72              PULS A,X,Y,U
    264  5+5   A166 36   32              PSHU A,X,Y
    265
    266  5+2   A168 35   06              PULS D
    267  5+1   A16A ED   C8 26           STD 38,U
    268
    269  5+7   A16D 35   72              PULS A,X,Y,U
    270  5+5   A16F 36   32              PSHU A,X,Y
    271
    272  5+2   A171 35   06              PULS D
    273  5+1   A173 ED   C8 26           STD 38,U
    274
    275  5+8   A176 35   76              PULS D,X,Y,U
    276  5+6   A178 36   36              PSHU D,X,Y
    277
    278  5+3   A17A 35   12              PULS A,X
    279  4+1   A17C A7   46              STA 6,U
    280  5+1   A17E AF   C8 28           STX 40,U
    281
    282  5+8   A181 35   76              PULS D,X,Y,U
    283  5+6   A183 36   36              PSHU D,X,Y
    284
    285  5+1   A185 35   02              PULS A
    286  4+1   A187 A7   46              STA 6,U
    287
    288  5+8   A189 35   76              PULS D,X,Y,U
    289  5+6   A18B 36   36              PSHU D,X,Y
    290
    291  5+1   A18D 35   02              PULS A
    292  4+1   A18F A7   46              STA 6,U
    293
    294  5+8   A191 35   76              PULS D,X,Y,U
    295  5+6   A193 36   36              PSHU D,X,Y
    296
    297  5+1   A195 35   02              PULS A
    298  4+1   A197 A7   46              STA 6,U
    299
    300  5+8   A199 35   76              PULS D,X,Y,U
    301  5+6   A19B 36   36              PSHU D,X,Y
    302
    303  5+1   A19D 35   02              PULS A
    304  4+1   A19F A7   46              STA 6,U
    305
    306  5+8   A1A1 35   76              PULS D,X,Y,U
    307  5+6   A1A3 36   36              PSHU D,X,Y
    308
    309  5+1   A1A5 35   02              PULS A
    310  4+1   A1A7 A7   46              STA 6,U
    311
    312  5+8   A1A9 35   76              PULS D,X,Y,U
    313  5+6   A1AB 36   36              PSHU D,X,Y
    314
    315  5+2   A1AD 35   06              PULS D
    316  5+1   A1AF ED   46              STD 6,U
    317
    318  5+8   A1B1 35   76              PULS D,X,Y,U
    319  5+6   A1B3 36   36              PSHU D,X,Y
    320
    321  5+2   A1B5 35   06              PULS D
    322  5+1   A1B7 ED   46              STD 6,U
    323
    324  5+8   A1B9 35   76              PULS D,X,Y,U
    325  5+6   A1BB 36   36              PSHU D,X,Y
    326
    327  5+8   A1BD 35   76              PULS D,X,Y,U
    328  5+6   A1BF 36   36              PSHU D,X,Y
    329
    330  5+3   A1C1 35   12              PULS A,X
    331  4+1   A1C3 A7   46              STA 6,U
    332  5+1   A1C5 AF   C8 27           STX 39,U
    333
    334  5+7   A1C8 35   72              PULS A,X,Y,U
    335  5+5   A1CA 36   32              PSHU A,X,Y
    336
    337  5+7   A1CC 35   72              PULS A,X,Y,U
    338  5+5   A1CE 36   32              PSHU A,X,Y
    339
    340  5+3   A1D0 35   12              PULS A,X
    341  4+1   A1D2 A7   45              STA 5,U
    342  5+1   A1D4 AF   C8 26           STX 38,U
    343
    344  5+8   A1D7 35   76              PULS D,X,Y,U
    345  5+6   A1D9 36   36              PSHU D,X,Y
    346
    347  5+3   A1DB 35   12              PULS A,X
    348  4+1   A1DD A7   46              STA 6,U
    349  5+1   A1DF AF   C8 27           STX 39,U
    350
    351  5+8   A1E2 35   76              PULS D,X,Y,U
    352  5+6   A1E4 36   36              PSHU D,X,Y
    353
    354  5+1   A1E6 35   02              PULS A
    355  4+1   A1E8 A7   46              STA 6,U
    356
    357  5+8   A1EA 35   76              PULS D,X,Y,U
    358  5+6   A1EC 36   36              PSHU D,X,Y
    359
    360  5+1   A1EE 35   02              PULS A
    361  4+1   A1F0 A7   46              STA 6,U
    362
    363  5+8   A1F2 35   76              PULS D,X,Y,U
    364  5+6   A1F4 36   36              PSHU D,X,Y
    365
    366  5+1   A1F6 35   02              PULS A
    367  4+1   A1F8 A7   46              STA 6,U
    368
    369  5+6   A1FA 35   56              PULS D,X,U
    370  5+4   A1FC 36   16              PSHU D,X
    371
    372  5+1   A1FE 35   02              PULS A
    373  4+1   A200 A7   44              STA 4,U
    374
    375  5+7   A202 35   72              PULS A,X,Y,U
    376  5+5   A204 36   32              PSHU A,X,Y
    377
    378  5+2   A206 35   06              PULS D
    379  5+1   A208 ED   C8 27           STD 39,U
    380
    381  5+7   A20B 35   72              PULS A,X,Y,U
    382  5+5   A20D 36   32              PSHU A,X,Y
    383
    384  5+7   A20F 35   72              PULS A,X,Y,U
    385  5+5   A211 36   32              PSHU A,X,Y
    386
    387  5+5   A213 35   52              PULS A,X,U
    388  5+3   A215 36   12              PSHU A,X
    389
    390  5+5   A217 35   32              PULS A,X,Y
    391  4+1   A219 A7   C8 2B           STA 43,U
    392  5+1   A21C AF   C8 29           STX 41,U
    393  6+1   A21F 10AF C8 27           STY 39,U
    394
    395  5+5   A223 35   52              PULS A,X,U
    396  5+3   A225 36   12              PSHU A,X
    397
    398  5+1   A227 35   02              PULS A
    399  4+1   A229 A7   C8 D9           STA -39,U
    400
    401  5+6   A22C 35   56              PULS D,X,U
    402  5+4   A22E 36   16              PSHU D,X
    403
    404  5+3   A230 35   12              PULS A,X
    405  4+1   A232 A7   C8 53           STA 83,U
    406  5+1   A235 AF   C8 2A           STX 42,U
    407
    408  5+7   A238 35   72              PULS A,X,Y,U
    409  5+5   A23A 36   32              PSHU A,X,Y
    410
    411  5+7   A23C 35   72              PULS A,X,Y,U
    412  5+5   A23E 36   32              PSHU A,X,Y
    413
    414  5+7   A240 35   72              PULS A,X,Y,U
    415  5+5   A242 36   32              PSHU A,X,Y
    416
    417  5+7   A244 35   72              PULS A,X,Y,U
    418  5+5   A246 36   32              PSHU A,X,Y
    419
    420  5+7   A248 35   72              PULS A,X,Y,U
    421  5+5   A24A 36   32              PSHU A,X,Y
    422
    423  5+7   A24C 35   72              PULS A,X,Y,U
    424  5+5   A24E 36   32              PSHU A,X,Y
    425
    426  5+1   A250 35   02              PULS A
    427  4+1   A252 A7   46              STA 6,U
    428
    429  5+7   A254 35   72              PULS A,X,Y,U
    430  5+5   A256 36   32              PSHU A,X,Y
    431
    432  5+1   A258 35   02              PULS A
    433  4+1   A25A A7   46              STA 6,U
    434
    435  5+7   A25C 35   72              PULS A,X,Y,U
    436  5+5   A25E 36   32              PSHU A,X,Y
    437
    438  5+2   A260 35   06              PULS D
    439  5+1   A262 ED   45              STD 5,U
    440
    441  5+6   A264 35   56              PULS D,X,U
    442  5+4   A266 36   16              PSHU D,X
    443
    444  5+6   A268 35   56              PULS D,X,U
    445  5+4   A26A 36   16              PSHU D,X
    446
    447  5+2   A26C 35   06              PULS D
    448  5+1   A26E ED   C8 26           STD 38,U
    449
    450  5+6   A271 35   56              PULS D,X,U
    451  5+4   A273 36   16              PSHU D,X
    452
    453  5+2   A275 35   06              PULS D
    454  5+1   A277 ED   C8 26           STD 38,U
    455
    456  5+7   A27A 35   72              PULS A,X,Y,U
    457  5+5   A27C 36   32              PSHU A,X,Y
    458
    459  5+2   A27E 35   06              PULS D
    460  5+1   A280 ED   C8 27           STD 39,U
    461
    462  5+7   A283 35   72              PULS A,X,Y,U
    463  5+5   A285 36   32              PSHU A,X,Y
    464
    465  5+6   A287 35   56              PULS D,X,U
    466  5+4   A289 36   16              PSHU D,X
    467
    468  5+8   A28B 35   76              PULS D,X,Y,U
    469  5+6   A28D 36   36              PSHU D,X,Y
    470
    471  5+2   A28F 35   06              PULS D
    472  5+1   A291 ED   C8 28           STD 40,U
    473
    474  5+8   A294 35   76              PULS D,X,Y,U
    475  5+6   A296 36   36              PSHU D,X,Y
    476
    477  5+8   A298 35   76              PULS D,X,Y,U
    478  5+6   A29A 36   36              PSHU D,X,Y
    479
    480  5+7   A29C 35   72              PULS A,X,Y,U
    481  5+5   A29E 36   32              PSHU A,X,Y
    482
    483  5+8   A2A0 35   76              PULS D,X,Y,U
    484  5+6   A2A2 36   36              PSHU D,X,Y
    485
    486  5+2   A2A4 35   06              PULS D
    487  5+1   A2A6 ED   C8 27           STD 39,U
    488
    489  5+8   A2A9 35   76              PULS D,X,Y,U
    490  5+6   A2AB 36   36              PSHU D,X,Y
    491
    492  5+2   A2AD 35   06              PULS D
    493  5+1   A2AF ED   C8 26           STD 38,U
    494
    495  5+8   A2B2 35   76              PULS D,X,Y,U
    496  5+6   A2B4 36   36              PSHU D,X,Y
    497
    498  5+4   A2B6 35   16              PULS D,X
    499  5+1   A2B8 ED   C8 28           STD 40,U
    500  5+1   A2BB AF   46              STX 6,U
    501
    502  5+8   A2BD 35   76              PULS D,X,Y,U
    503  5+6   A2BF 36   36              PSHU D,X,Y
    504
    505  5+2   A2C1 35   06              PULS D
    506  5+1   A2C3 ED   46              STD 6,U
    507
    508  5+8   A2C5 35   76              PULS D,X,Y,U
    509  5+6   A2C7 36   36              PSHU D,X,Y
    510
    511  5+2   A2C9 35   06              PULS D
    512  5+1   A2CB ED   46              STD 6,U
    513
    514  5+8   A2CD 35   76              PULS D,X,Y,U
    515  5+6   A2CF 36   36              PSHU D,X,Y
    516
    517  5+8   A2D1 35   76              PULS D,X,Y,U
    518  5+6   A2D3 36   36              PSHU D,X,Y
    519
    520  5+7   A2D5 35   72              PULS A,X,Y,U
    521  5+5   A2D7 36   32              PSHU A,X,Y
    522
    523  5+7   A2D9 35   72              PULS A,X,Y,U
    524  5+5   A2DB 36   32              PSHU A,X,Y
    525
    526  5+2   A2DD 35   06              PULS D
    527  5+1   A2DF ED   C8 26           STD 38,U
    528
    529  5+7   A2E2 35   72              PULS A,X,Y,U
    530  5+5   A2E4 36   32              PSHU A,X,Y
    531
    532  5+3   A2E6 35   12              PULS A,X
    533  4+1   A2E8 A7   45              STA 5,U
    534  5+1   A2EA AF   C8 26           STX 38,U
    535
    536  5+8   A2ED 35   76              PULS D,X,Y,U
    537  5+6   A2EF 36   36              PSHU D,X,Y
    538
    539  5+4   A2F1 35   16              PULS D,X
    540  5+1   A2F3 ED   C8 28           STD 40,U
    541  5+1   A2F6 AF   46              STX 6,U
    542
    543  5+8   A2F8 35   76              PULS D,X,Y,U
    544  5+6   A2FA 36   36              PSHU D,X,Y
    545
    546  5+2   A2FC 35   06              PULS D
    547  5+1   A2FE ED   46              STD 6,U
    548
    549  5+8   A300 35   76              PULS D,X,Y,U
    550  5+6   A302 36   36              PSHU D,X,Y
    551
    552  5+2   A304 35   06              PULS D
    553  5+1   A306 ED   46              STD 6,U
    554
    555  5+8   A308 35   76              PULS D,X,Y,U
    556  5+6   A30A 36   36              PSHU D,X,Y
    557
    558  5+2   A30C 35   06              PULS D
    559  5+1   A30E ED   46              STD 6,U
    560
    561  5+5   A310 35   52              PULS A,X,U
    562  5+3   A312 36   12              PSHU A,X
    563
    564  5+8   A314 35   76              PULS D,X,Y,U
    565  5+6   A316 36   36              PSHU D,X,Y
    566
    567  5+5   A318 35   52              PULS A,X,U
    568  5+3   A31A 36   12              PSHU A,X
    569
    570  5+8   A31C 35   76              PULS D,X,Y,U
    571  5+6   A31E 36   36              PSHU D,X,Y
    572
    573  5+8   A320 35   76              PULS D,X,Y,U
    574  5+6   A322 36   36              PSHU D,X,Y
    575
    576  5+3   A324 35   12              PULS A,X
    577  4+1   A326 A7   48              STA 8,U
    578  5+1   A328 AF   46              STX 6,U
    579
    580  5+8   A32A 35   76              PULS D,X,Y,U
    581  5+6   A32C 36   36              PSHU D,X,Y
    582
    583  5+3   A32E 35   12              PULS A,X
    584  4+1   A330 A7   48              STA 8,U
    585  5+1   A332 AF   46              STX 6,U
    586
    587  5+8   A334 35   76              PULS D,X,Y,U
    588  5+6   A336 36   36              PSHU D,X,Y
    589
    590  5+3   A338 35   12              PULS A,X
    591  4+1   A33A A7   48              STA 8,U
    592  5+1   A33C AF   46              STX 6,U
    593
    594  5+8   A33E 35   76              PULS D,X,Y,U
    595  5+6   A340 36   36              PSHU D,X,Y
    596
    597  5+2   A342 35   06              PULS D
    598  5+1   A344 ED   46              STD 6,U
    599
    600  5+8   A346 35   76              PULS D,X,Y,U
    601  5+6   A348 36   36              PSHU D,X,Y
    602
    603  5+2   A34A 35   06              PULS D
    604  5+1   A34C ED   46              STD 6,U
    605
    606  5+8   A34E 35   76              PULS D,X,Y,U
    607  5+6   A350 36   36              PSHU D,X,Y
    608
    609  5+2   A352 35   06              PULS D
    610  5+1   A354 ED   46              STD 6,U
    611
    612  5+8   A356 35   76              PULS D,X,Y,U
    613  5+6   A358 36   36              PSHU D,X,Y
    614
    615  5+2   A35A 35   06              PULS D
    616  5+1   A35C ED   46              STD 6,U
    617
    618  5+8   A35E 35   76              PULS D,X,Y,U
    619  5+6   A360 36   36              PSHU D,X,Y
    620
    621  5+2   A362 35   06              PULS D
    622  5+1   A364 ED   46              STD 6,U
    623
    624  5+8   A366 35   76              PULS D,X,Y,U
    625  5+6   A368 36   36              PSHU D,X,Y
    626
    627  5+2   A36A 35   06              PULS D
    628  5+1   A36C ED   46              STD 6,U
    629
    630  5+8   A36E 35   76              PULS D,X,Y,U
    631  5+6   A370 36   36              PSHU D,X,Y
    632
    633  5+1   A372 35   02              PULS A
    634  4+1   A374 A7   46              STA 6,U
    635
    636  5+8   A376 35   76              PULS D,X,Y,U
    637  5+6   A378 36   36              PSHU D,X,Y
    638
    639  5+1   A37A 35   02              PULS A
    640  4+1   A37C A7   46              STA 6,U
    641
    642  5+8   A37E 35   76              PULS D,X,Y,U
    643  5+6   A380 36   36              PSHU D,X,Y
    644
    645  5+8   A382 35   76              PULS D,X,Y,U
    646  5+6   A384 36   36              PSHU D,X,Y
    647
    648  5+8   A386 35   76              PULS D,X,Y,U
    649  5+6   A388 36   36              PSHU D,X,Y
    650
    651  5+8   A38A 35   76              PULS D,X,Y,U
    652  5+6   A38C 36   36              PSHU D,X,Y
    653
    654  5+8   A38E 35   76              PULS D,X,Y,U
    655  5+6   A390 36   36              PSHU D,X,Y
    656
    657  5+1   A392 35   02              PULS A
    658  4+1   A394 A7   46              STA 6,U
    659
    660  5+8   A396 35   76              PULS D,X,Y,U
    661  5+6   A398 36   36              PSHU D,X,Y
    662
    663  5+1   A39A 35   02              PULS A
    664  4+1   A39C A7   46              STA 6,U
    665
    666  5+8   A39E 35   76              PULS D,X,Y,U
    667  5+6   A3A0 36   36              PSHU D,X,Y
    668
    669  5+1   A3A2 35   02              PULS A
    670  4+1   A3A4 A7   46              STA 6,U
    671
    672  5+8   A3A6 35   76              PULS D,X,Y,U
    673  5+6   A3A8 36   36              PSHU D,X,Y
    674
    675  5+1   A3AA 35   02              PULS A
    676  4+1   A3AC A7   46              STA 6,U
    677
    678  5+8   A3AE 35   76              PULS D,X,Y,U
    679  5+6   A3B0 36   36              PSHU D,X,Y
    680
    681  5+1   A3B2 35   02              PULS A
    682  4+1   A3B4 A7   46              STA 6,U
    683
    684  5+8   A3B6 35   76              PULS D,X,Y,U
    685  5+6   A3B8 36   36              PSHU D,X,Y
    686
    687  5+1   A3BA 35   02              PULS A
    688  4+1   A3BC A7   46              STA 6,U
    689
    690  5+8   A3BE 35   76              PULS D,X,Y,U
    691  5+6   A3C0 36   36              PSHU D,X,Y
    692
    693  5+1   A3C2 35   02              PULS A
    694  4+1   A3C4 A7   46              STA 6,U
    695
    696  5+8   A3C6 35   76              PULS D,X,Y,U
    697  5+6   A3C8 36   36              PSHU D,X,Y
    698
    699  5+1   A3CA 35   02              PULS A
    700  4+1   A3CC A7   46              STA 6,U
    701
    702  5+8   A3CE 35   76              PULS D,X,Y,U
    703  5+6   A3D0 36   36              PSHU D,X,Y
    704
    705  5+1   A3D2 35   02              PULS A
    706  4+1   A3D4 A7   46              STA 6,U
    707
    708  5+8   A3D6 35   76              PULS D,X,Y,U
    709  5+6   A3D8 36   36              PSHU D,X,Y
    710
    711  5+1   A3DA 35   02              PULS A
    712  4+1   A3DC A7   46              STA 6,U
    713
    714  5+8   A3DE 35   76              PULS D,X,Y,U
    715  5+6   A3E0 36   36              PSHU D,X,Y
    716
    717  5+1   A3E2 35   02              PULS A
    718  4+1   A3E4 A7   46              STA 6,U
    719
    720  5+7   A3E6 35   72              PULS A,X,Y,U
    721  5+5   A3E8 36   32              PSHU A,X,Y
    722
    723  5+1   A3EA 35   02              PULS A
    724  4+1   A3EC A7   45              STA 5,U
    725
    726  5+7   A3EE 35   72              PULS A,X,Y,U
    727  5+5   A3F0 36   32              PSHU A,X,Y
    728
    729  5+3   A3F2 35   12              PULS A,X
    730  4+1   A3F4 A7   45              STA 5,U
    731  5+1   A3F6 AF   C8 26           STX 38,U
    732
    733  5+8   A3F9 35   76              PULS D,X,Y,U
    734  5+6   A3FB 36   36              PSHU D,X,Y
    735
    736  5+2   A3FD 35   06              PULS D
    737  5+1   A3FF ED   C8 27           STD 39,U
    738
    739  5+8   A402 35   76              PULS D,X,Y,U
    740  5+6   A404 36   36              PSHU D,X,Y
    741
    742  5+8   A406 35   76              PULS D,X,Y,U
    743  5+6   A408 36   36              PSHU D,X,Y
    744
    745  5+5   A40A 35   52              PULS A,X,U
    746  5+3   A40C 36   12              PSHU A,X
    747
    748  5+1   A40E 35   02              PULS A
    749  4+1   A410 A7   43              STA 3,U
    750
    751  5+6   A412 35   56              PULS D,X,U
    752  5+4   A414 36   16              PSHU D,X
    753
    754  5+2   A416 35   06              PULS D
    755  5+1   A418 ED   C8 27           STD 39,U
    756
    757  5+6   A41B 35   56              PULS D,X,U
    758  5+4   A41D 36   16              PSHU D,X
    759
    760  5+5   A41F 35   52              PULS A,X,U
    761  5+3   A421 36   12              PSHU A,X
    762
    763  5+5   A423 35   32              PULS A,X,Y
    764  4+1   A425 A7   43              STA 3,U
    765  5+1   A427 AF   C8 B1           STX -79,U
    766  6+1   A42A 10AF C8 D9           STY -39,U
    767
    768  4+0   A42E 33   E4              LEAU ,S
    769        A430               ERASE_SSAV_Img_sonic_4
    770  4     A430 10CE 0000            LDS #$0000
    771  5     A434 39                   RTS
    772
----------------
4694 cycle(s)
1077 byte(s)
----------------
    774

000000 Total Errors

000003 Total Symbols
     0x          Label A007 ERASE_CODE_Img_sonic_4_1
     0x          Label A000 ERASE_Img_sonic_4
     1x          Label A430 ERASE_SSAV_Img_sonic_4

