/*--------------------------------------------------------------*
 * Compilé avec C6809 v0.83                                     *
 *--------------------------------------------------------------*
 * Fichier source      : ./Sonic2/GeneratedCode/TitleScreen/Img_emblemFront05_Draw.ASM
 * Fichier destination : ./Sonic2/GeneratedCode/TitleScreen/Img_emblemFront05_Draw.BIN
 * Contenu :
 *     Main     0:IMGD.ASM     6443
 *--------------------------------------------------------------*/

Macro Pass
Pass1
Pass2
      2        A000                      ORG $A000
      3                  FF              SETDP $FF
      4        A000               DRAW_Img_emblemFront05
      5  6+5   A000 10EF 8D 0487         STS SSAV_Img_emblemFront05+1,PCR
      6
      7  5+5   A005 ED   8D 0297         STD DYN_POS+2,PCR
      8  6+0   A009 10EE A4              LDS ,Y
      9  4+4   A00C 32   E9 0A42         LEAS 2626,S
     10
     11  2     A010 86   22              LDA #$22
     12  4+0   A012 A7   E4              STA ,S
     13  4+4   A014 32   E9 FF63         LEAS -157,S
     14
     15  4+1   A018 A7   E8 75           STA 117,S
     16  3     A01B CC   2222            LDD #$2222
     17  5+1   A01E ED   E8 4D           STD 77,S
     18  5+1   A021 ED   E8 25           STD 37,S
     19  5+1   A024 ED   E8 D6           STD -42,S
     20  4+1   A027 A6   E8 D5           LDA -43,S
     21  2     A02A 84   F0              ANDA #$F0
     22  2     A02C 8A   02              ORA #$02
     23  4+1   A02E A7   E8 D5           STA -43,S
     24  5+1   A031 EC   E8 AF           LDD -81,S
     25  2     A034 86   22              LDA #$22
     26  2     A036 C4   0F              ANDB #$0F
     27  2     A038 CA   20              ORB #$20
     28  5+1   A03A ED   E8 AF           STD -81,S
     29  5+1   A03D EC   E8 AD           LDD -83,S
     30  2     A040 84   F0              ANDA #$F0
     31  2     A042 8A   02              ORA #$02
     32  2     A044 C6   22              LDB #$22
     33  5+1   A046 ED   E8 AD           STD -83,S
     34  3     A049 8E   2222            LDX #$2222
     35  5+3   A04C 34   14              PSHS B,X
     36  4+1   A04E 32   E8 8C           LEAS -116,S
     37
     38  4+1   A051 A6   7C              LDA -4,S
     39  2     A053 84   F0              ANDA #$F0
     40  2     A055 8A   02              ORA #$02
     41  4+1   A057 A7   7C              STA -4,S
     42  3     A059 8E   2232            LDX #$2232
     43  5+3   A05C 34   14              PSHS B,X
     44  4+1   A05E 32   E8 DB           LEAS -37,S
     45
     46  4+1   A061 A6   7C              LDA -4,S
     47  2     A063 84   F0              ANDA #$F0
     48  2     A065 8A   02              ORA #$02
     49  4+1   A067 A7   7C              STA -4,S
     50  5+1   A069 EC   E8 D7           LDD -41,S
     51  2     A06C 86   33              LDA #$33
     52  2     A06E C4   0F              ANDB #$0F
     53  2     A070 CA   20              ORB #$20
     54  5+1   A072 ED   E8 D7           STD -41,S
     55  3     A075 CC   2222            LDD #$2222
     56  5+1   A078 ED   E8 D5           STD -43,S
     57  3     A07B 8E   2233            LDX #$2233
     58  5+3   A07E 34   12              PSHS A,X
     59  4+1   A080 32   E8 B4           LEAS -76,S
     60
     61  3     A083 8E   33F2            LDX #$33f2
     62  5+4   A086 34   16              PSHS D,X
     63  4+1   A088 32   E8 DC           LEAS -36,S
     64
     65  3     A08B 8E   33FF            LDX #$33ff
     66  5+4   A08E 34   16              PSHS D,X
     67  4+1   A090 32   E8 DC           LEAS -36,S
     68
     69  2     A093 86   00              LDA #$00
     70  5+4   A095 34   16              PSHS D,X
     71  4+1   A097 32   E8 DC           LEAS -36,S
     72
     73  5+1   A09A EC   E8 D7           LDD -41,S
     74  2     A09D 86   FF              LDA #$ff
     75  2     A09F C4   0F              ANDB #$0F
     76  2     A0A1 CA   20              ORB #$20
     77  5+1   A0A3 ED   E8 D7           STD -41,S
     78  3     A0A6 CC   0022            LDD #$0022
     79  5+4   A0A9 34   16              PSHS D,X
     80  4+1   A0AB 32   E8 DB           LEAS -37,S
     81
     82  5+1   A0AE EC   E8 D8           LDD -40,S
     83  2     A0B1 86   FF              LDA #$ff
     84  2     A0B3 C4   0F              ANDB #$0F
     85  2     A0B5 CA   20              ORB #$20
     86  5+1   A0B7 ED   E8 D8           STD -40,S
     87  2     A0BA 86   00              LDA #$00
     88  3     A0BC 8E   0233            LDX #$0233
     89  5+3   A0BF 34   12              PSHS A,X
     90  4+1   A0C1 32   E8 DB           LEAS -37,S
     91
     92  5+1   A0C4 EC   E8 D8           LDD -40,S
     93  2     A0C7 86   FF              LDA #$ff
     94  2     A0C9 C4   0F              ANDB #$0F
     95  2     A0CB CA   10              ORB #$10
     96  5+1   A0CD ED   E8 D8           STD -40,S
     97  2     A0D0 86   00              LDA #$00
     98  3     A0D2 8E   0033            LDX #$0033
     99  5+3   A0D5 34   12              PSHS A,X
    100  4+1   A0D7 32   E8 DB           LEAS -37,S
    101
    102  5+1   A0DA EC   E8 D8           LDD -40,S
    103  2     A0DD 86   FF              LDA #$ff
    104  2     A0DF C4   0F              ANDB #$0F
    105  2     A0E1 CA   10              ORB #$10
    106  5+1   A0E3 ED   E8 D8           STD -40,S
    107  2     A0E6 86   00              LDA #$00
    108  5+3   A0E8 34   12              PSHS A,X
    109  4+1   A0EA 32   E8 DB           LEAS -37,S
    110
    111  5+1   A0ED EC   E8 D8           LDD -40,S
    112  2     A0F0 86   FF              LDA #$ff
    113  2     A0F2 C4   0F              ANDB #$0F
    114  2     A0F4 CA   30              ORB #$30
    115  5+1   A0F6 ED   E8 D8           STD -40,S
    116  2     A0F9 86   00              LDA #$00
    117  3     A0FB 8E   0067            LDX #$0067
    118  5+3   A0FE 34   12              PSHS A,X
    119  4+1   A100 32   E8 DB           LEAS -37,S
    120
    121  5+1   A103 EC   E8 D8           LDD -40,S
    122  2     A106 86   FF              LDA #$ff
    123  2     A108 C4   0F              ANDB #$0F
    124  2     A10A CA   F0              ORB #$f0
    125  5+1   A10C ED   E8 D8           STD -40,S
    126  2     A10F 86   00              LDA #$00
    127  3     A111 8E   0066            LDX #$0066
    128  5+3   A114 34   12              PSHS A,X
    129  4+1   A116 32   E8 DB           LEAS -37,S
    130
    131  5+1   A119 EC   E8 D8           LDD -40,S
    132  2     A11C 86   22              LDA #$22
    133  2     A11E C4   0F              ANDB #$0F
    134  2     A120 CA   30              ORB #$30
    135  5+1   A122 ED   E8 D8           STD -40,S
    136  2     A125 86   20              LDA #$20
    137  3     A127 8E   0067            LDX #$0067
    138  5+3   A12A 34   12              PSHS A,X
    139  4+1   A12C 32   E8 DB           LEAS -37,S
    140
    141  4+1   A12F A6   E8 DD           LDA -35,S
    142  2     A132 84   F0              ANDA #$F0
    143  2     A134 8A   01              ORA #$01
    144  4+1   A136 A7   E8 DD           STA -35,S
    145  5+1   A139 EC   E8 D8           LDD -40,S
    146  2     A13C 86   1F              LDA #$1f
    147  2     A13E C4   0F              ANDB #$0F
    148  2     A140 CA   30              ORB #$30
    149  5+1   A142 ED   E8 D8           STD -40,S
    150  2     A145 86   20              LDA #$20
    151  3     A147 8E   0066            LDX #$0066
    152  5+3   A14A 34   12              PSHS A,X
    153  4+1   A14C 32   E8 DB           LEAS -37,S
    154
    155  2     A14F 86   1C              LDA #$1c
    156  4+1   A151 A7   E8 DD           STA -35,S
    157  5+1   A154 EC   E8 D8           LDD -40,S
    158  2     A157 86   1F              LDA #$1f
    159  2     A159 C4   0F              ANDB #$0F
    160  2     A15B CA   30              ORB #$30
    161  5+1   A15D ED   E8 D8           STD -40,S
    162  2     A160 86   20              LDA #$20
    163  3     A162 8E   0067            LDX #$0067
    164  5+3   A165 34   12              PSHS A,X
    165  4+1   A167 32   E8 DB           LEAS -37,S
    166
    167  2     A16A 86   DE              LDA #$de
    168  4+1   A16C A7   E8 DD           STA -35,S
    169  5+1   A16F EC   E8 D8           LDD -40,S
    170  2     A172 86   1F              LDA #$1f
    171  2     A174 C4   0F              ANDB #$0F
    172  2     A176 CA   30              ORB #$30
    173  5+1   A178 ED   E8 D8           STD -40,S
    174  2     A17B 86   00              LDA #$00
    175  3     A17D 8E   0066            LDX #$0066
    176  5+3   A180 34   12              PSHS A,X
    177  4+1   A182 32   E8 DB           LEAS -37,S
    178
    179  2     A185 86   EE              LDA #$ee
    180  4+1   A187 A7   E8 DD           STA -35,S
    181  5+1   A18A EC   E8 D8           LDD -40,S
    182  2     A18D 86   1F              LDA #$1f
    183  2     A18F C4   0F              ANDB #$0F
    184  2     A191 CA   30              ORB #$30
    185  5+1   A193 ED   E8 D8           STD -40,S
    186  2     A196 86   00              LDA #$00
    187  3     A198 8E   0067            LDX #$0067
    188  5+3   A19B 34   12              PSHS A,X
    189  4+1   A19D 32   E8 DB           LEAS -37,S
    190
    191  2     A1A0 86   EE              LDA #$ee
    192  4+1   A1A2 A7   E8 DD           STA -35,S
    193  5+1   A1A5 EC   E8 D8           LDD -40,S
    194  2     A1A8 86   21              LDA #$21
    195  2     A1AA C4   0F              ANDB #$0F
    196  2     A1AC CA   30              ORB #$30
    197  5+1   A1AE ED   E8 D8           STD -40,S
    198  2     A1B1 86   00              LDA #$00
    199  3     A1B3 8E   0066            LDX #$0066
    200  5+3   A1B6 34   12              PSHS A,X
    201  4+1   A1B8 32   E8 DB           LEAS -37,S
    202
    203  5+1   A1BB EC   E8 DC           LDD -36,S
    204  2     A1BE 84   F0              ANDA #$F0
    205  2     A1C0 8A   01              ORA #$01
    206  2     A1C2 C6   EC              LDB #$ec
    207  5+1   A1C4 ED   E8 DC           STD -36,S
    208  5+1   A1C7 EC   E8 D8           LDD -40,S
    209  2     A1CA 86   32              LDA #$32
    210  2     A1CC C4   0F              ANDB #$0F
    211  2     A1CE CA   30              ORB #$30
    212  5+1   A1D0 ED   E8 D8           STD -40,S
    213  2     A1D3 86   20              LDA #$20
    214  3     A1D5 8E   0067            LDX #$0067
    215  5+3   A1D8 34   12              PSHS A,X
    216  4+1   A1DA 32   E8 DB           LEAS -37,S
    217
    218  5+1   A1DD EC   E8 DC           LDD -36,S
    219  2     A1E0 84   F0              ANDA #$F0
    220  2     A1E2 8A   0D              ORA #$0d
    221  2     A1E4 C6   C7              LDB #$c7
    222  5+1   A1E6 ED   E8 DC           STD -36,S
    223  2     A1E9 86   22              LDA #$22
    224  3     A1EB 8E   0066            LDX #$0066
    225  5+3   A1EE 34   12              PSHS A,X
    226  4+1   A1F0 32   E8 DD           LEAS -35,S
    227
    228  4+1   A1F3 A6   7A              LDA -6,S
    229  2     A1F5 84   F0              ANDA #$F0
    230  2     A1F7 8A   02              ORA #$02
    231  4+1   A1F9 A7   7A              STA -6,S
    232  3     A1FB CC   1E33            LDD #$1e33
    233  5+1   A1FE ED   E8 DA           STD -38,S
    234  2     A201 86   22              LDA #$22
    235  3     A203 8E   0067            LDX #$0067
    236  3     A206 CE   3222            LDU #$3222
    237  5+5   A209 34   52              PSHS A,X,U
    238  4+1   A20B 32   E8 DE           LEAS -34,S
    239
    240  4+1   A20E A6   79              LDA -7,S
    241  2     A210 84   F0              ANDA #$F0
    242  2     A212 8A   02              ORA #$02
    243  4+1   A214 A7   79              STA -7,S
    244  3     A216 CC   2220            LDD #$2220
    245  3     A219 8E   6632            LDX #$6632
    246  3     A21C CE   2222            LDU #$2222
    247  5+6   A21F 34   56              PSHS D,X,U
    248  4+1   A221 32   E8 E1           LEAS -31,S
    249
    250  2     A224 86   67              LDA #$67
    251  3     A226 8E   3222            LDX #$3222
    252  4     A229 108E 2222            LDY #$2222
    253  3     A22D CE   2233            LDU #$2233
    254  5+7   A230 34   72              PSHS A,X,Y,U
    255  2     A232 86   22              LDA #$22
    256  5+3   A234 34   22              PSHS A,Y
    257  4+1   A236 32   E8 E2           LEAS -30,S
    258
    259  2     A239 86   36              LDA #$36
    260  3     A23B CE   2222            LDU #$2222
    261  5+7   A23E 34   72              PSHS A,X,Y,U
    262  2     A240 86   22              LDA #$22
    263  5+3   A242 34   22              PSHS A,Y
    264  4+1   A244 32   E8 E2           LEAS -30,S
    265
    266  2     A247 86   33              LDA #$33
    267  3     A249 8E   2222            LDX #$2222
    268  3     A24C CE   2211            LDU #$2211
    269  5+7   A24F 34   72              PSHS A,X,Y,U
    270  2     A251 86   22              LDA #$22
    271  5+3   A253 34   12              PSHS A,X
    272  4+1   A255 32   E8 E2           LEAS -30,S
    273
    274  5+1   A258 AF   77              STX -9,S
    275  4+1   A25A A6   76              LDA -10,S
    276  2     A25C 84   F0              ANDA #$F0
    277  2     A25E 8A   02              ORA #$02
    278  4+1   A260 A7   76              STA -10,S
    279  2     A262 86   33              LDA #$33
    280  5+7   A264 34   72              PSHS A,X,Y,U
    281  4+1   A266 32   E8 DF           LEAS -33,S
    282
    283  5+1   A269 AF   77              STX -9,S
    284  5+7   A26B 34   72              PSHS A,X,Y,U
    285  4+1   A26D 32   E8 DF           LEAS -33,S
    286
    287  5+1   A270 EC   77              LDD -9,S
    288  2     A272 84   F0              ANDA #$F0
    289  2     A274 8A   02              ORA #$02
    290  2     A276 C6   22              LDB #$22
    291  5+1   A278 ED   77              STD -9,S
    292  2     A27A 86   33              LDA #$33
    293  5+7   A27C 34   72              PSHS A,X,Y,U
    294  4+1   A27E 32   E8 DF           LEAS -33,S
    295
    296  4+1   A281 E7   78              STB -8,S
    297  5+7   A283 34   72              PSHS A,X,Y,U
    298  4+1   A285 32   E8 DF           LEAS -33,S
    299
    300  4+1   A288 E7   78              STB -8,S
    301  3     A28A CE   2201            LDU #$2201
    302  5+7   A28D 34   72              PSHS A,X,Y,U
    303  4+1   A28F 32   E8 DF           LEAS -33,S
    304
    305  4+1   A292 A6   78              LDA -8,S
    306  2     A294 84   F0              ANDA #$F0
    307  2     A296 8A   02              ORA #$02
    308  4+1   A298 A7   78              STA -8,S
    309  2     A29A 86   33              LDA #$33
    310  5+7   A29C 34   72              PSHS A,X,Y,U
    311        A29E               DYN_POS
    312
    313  4     A29E 10CE 0000            LDS #$0000
    314  4+4   A2A2 32   E9 0A2E         LEAS 2606,S
    315
    316  4+1   A2A6 A6   E8 14           LDA 20,S
    317  2     A2A9 84   F0              ANDA #$F0
    318  2     A2AB 8A   02              ORA #$02
    319  4+1   A2AD A7   E8 14           STA 20,S
    320  2     A2B0 86   22              LDA #$22
    321  4+1   A2B2 A7   E8 ED           STA -19,S
    322  4+4   A2B5 32   E9 FF50         LEAS -176,S
    323
    324  4+1   A2B9 A7   E8 75           STA 117,S
    325  3     A2BC CC   2222            LDD #$2222
    326  5+1   A2BF ED   E8 4D           STD 77,S
    327  5+1   A2C2 ED   E8 25           STD 37,S
    328  3     A2C5 8E   2222            LDX #$2222
    329  5+3   A2C8 34   12              PSHS A,X
    330  4+1   A2CA 32   E8 DB           LEAS -37,S
    331
    332  5+1   A2CD EC   E8 D7           LDD -41,S
    333  2     A2D0 86   23              LDA #$23
    334  2     A2D2 C4   0F              ANDB #$0F
    335  2     A2D4 CA   20              ORB #$20
    336  5+1   A2D6 ED   E8 D7           STD -41,S
    337  5+1   A2D9 AF   E8 D5           STX -43,S
    338  2     A2DC 86   22              LDA #$22
    339  5+3   A2DE 34   12              PSHS A,X
    340  4+1   A2E0 32   E8 B4           LEAS -76,S
    341
    342  3     A2E3 CE   2232            LDU #$2232
    343  5+4   A2E6 34   50              PSHS X,U
    344  4+1   A2E8 32   E8 DC           LEAS -36,S
    345
    346  3     A2EB CE   2333            LDU #$2333
    347  5+4   A2EE 34   50              PSHS X,U
    348  4+1   A2F0 32   E8 DC           LEAS -36,S
    349
    350  5+1   A2F3 EC   E8 D7           LDD -41,S
    351  2     A2F6 86   33              LDA #$33
    352  2     A2F8 C4   0F              ANDB #$0F
    353  2     A2FA CA   20              ORB #$20
    354  5+1   A2FC ED   E8 D7           STD -41,S
    355  3     A2FF CE   2233            LDU #$2233
    356  5+4   A302 34   50              PSHS X,U
    357  4+1   A304 32   E8 DB           LEAS -37,S
    358
    359  2     A307 86   20              LDA #$20
    360  3     A309 8E   2223            LDX #$2223
    361  5+3   A30C 34   12              PSHS A,X
    362  4+1   A30E 32   E8 DD           LEAS -35,S
    363
    364  3     A311 8E   2222            LDX #$2222
    365  3     A314 CE   33F2            LDU #$33f2
    366  5+5   A317 34   52              PSHS A,X,U
    367  4+1   A319 32   E8 DD           LEAS -35,S
    368
    369  4+1   A31C A6   7B              LDA -5,S
    370  2     A31E 84   F0              ANDA #$F0
    371  2     A320 8A   00              ORA #$00
    372  4+1   A322 A7   7B              STA -5,S
    373  3     A324 CC   0023            LDD #$0023
    374  3     A327 8E   33FF            LDX #$33ff
    375  5+4   A32A 34   16              PSHS D,X
    376  4+1   A32C 32   E8 DC           LEAS -36,S
    377
    378  4+1   A32F A6   7B              LDA -5,S
    379  2     A331 84   F0              ANDA #$F0
    380  2     A333 8A   00              ORA #$00
    381  4+1   A335 A7   7B              STA -5,S
    382  3     A337 CC   0022            LDD #$0022
    383  5+4   A33A 34   16              PSHS D,X
    384  4+1   A33C 32   E8 DC           LEAS -36,S
    385
    386  4+1   A33F A6   7B              LDA -5,S
    387  2     A341 84   F0              ANDA #$F0
    388  2     A343 8A   02              ORA #$02
    389  4+1   A345 A7   7B              STA -5,S
    390  3     A347 CC   0003            LDD #$0003
    391  5+4   A34A 34   16              PSHS D,X
    392  4+1   A34C 32   E8 DC           LEAS -36,S
    393
    394  4+1   A34F A6   7B              LDA -5,S
    395  2     A351 84   F0              ANDA #$F0
    396  2     A353 8A   02              ORA #$02
    397  4+1   A355 A7   7B              STA -5,S
    398  3     A357 CC   0000            LDD #$0000
    399  5+4   A35A 34   16              PSHS D,X
    400  4+1   A35C 32   E8 DC           LEAS -36,S
    401
    402  2     A35F C6   06              LDB #$06
    403  3     A361 8E   33F1            LDX #$33f1
    404  5+4   A364 34   16              PSHS D,X
    405  4+1   A366 32   E8 DC           LEAS -36,S
    406
    407  2     A369 C6   00              LDB #$00
    408  3     A36B 8E   73F1            LDX #$73f1
    409  5+4   A36E 34   16              PSHS D,X
    410  4+1   A370 32   E8 DC           LEAS -36,S
    411
    412  2     A373 C6   06              LDB #$06
    413  3     A375 8E   7733            LDX #$7733
    414  5+4   A378 34   16              PSHS D,X
    415  4+1   A37A 32   E8 DC           LEAS -36,S
    416
    417  2     A37D C6   00              LDB #$00
    418  3     A37F 8E   77FF            LDX #$77ff
    419  5+4   A382 34   16              PSHS D,X
    420  4+1   A384 32   E8 DC           LEAS -36,S
    421
    422  2     A387 C6   06              LDB #$06
    423  5+4   A389 34   16              PSHS D,X
    424  4+1   A38B 32   E8 DC           LEAS -36,S
    425
    426  4+1   A38E A6   E8 DB           LDA -37,S
    427  2     A391 84   F0              ANDA #$F0
    428  2     A393 8A   01              ORA #$01
    429  4+1   A395 A7   E8 DB           STA -37,S
    430  3     A398 CC   0000            LDD #$0000
    431  3     A39B 8E   72FF            LDX #$72ff
    432  5+4   A39E 34   16              PSHS D,X
    433  4+1   A3A0 32   E8 DC           LEAS -36,S
    434
    435  4+1   A3A3 A6   7B              LDA -5,S
    436  2     A3A5 84   F0              ANDA #$F0
    437  2     A3A7 8A   02              ORA #$02
    438  4+1   A3A9 A7   7B              STA -5,S
    439  4+1   A3AB A6   E8 DB           LDA -37,S
    440  2     A3AE 84   F0              ANDA #$F0
    441  2     A3B0 8A   0E              ORA #$0e
    442  4+1   A3B2 A7   E8 DB           STA -37,S
    443  3     A3B5 CC   0006            LDD #$0006
    444  5+4   A3B8 34   16              PSHS D,X
    445  4+1   A3BA 32   E8 DC           LEAS -36,S
    446
    447  4+1   A3BD A6   7B              LDA -5,S
    448  2     A3BF 84   F0              ANDA #$F0
    449  2     A3C1 8A   00              ORA #$00
    450  4+1   A3C3 A7   7B              STA -5,S
    451  2     A3C5 86   1D              LDA #$1d
    452  4+1   A3C7 A7   E8 DB           STA -37,S
    453  3     A3CA CC   0000            LDD #$0000
    454  3     A3CD 8E   73FF            LDX #$73ff
    455  5+4   A3D0 34   16              PSHS D,X
    456  4+1   A3D2 32   E8 DC           LEAS -36,S
    457
    458  2     A3D5 86   DE              LDA #$de
    459  4+1   A3D7 A7   E8 DB           STA -37,S
    460  2     A3DA 86   22              LDA #$22
    461  3     A3DC 8E   0006            LDX #$0006
    462  3     A3DF CE   73FF            LDU #$73ff
    463  5+5   A3E2 34   52              PSHS A,X,U
    464  4+1   A3E4 32   E8 DD           LEAS -35,S
    465
    466  2     A3E7 86   EE              LDA #$ee
    467  4+1   A3E9 A7   E8 DB           STA -37,S
    468  2     A3EC 86   22              LDA #$22
    469  3     A3EE 8E   0000            LDX #$0000
    470  3     A3F1 CE   732F            LDU #$732f
    471  5+5   A3F4 34   52              PSHS A,X,U
    472  4+1   A3F6 32   E8 DD           LEAS -35,S
    473
    474  2     A3F9 86   EC              LDA #$ec
    475  4+1   A3FB A7   E8 DB           STA -37,S
    476  2     A3FE 86   22              LDA #$22
    477  3     A400 8E   2206            LDX #$2206
    478  3     A403 CE   7322            LDU #$7322
    479  5+5   A406 34   52              PSHS A,X,U
    480  4+1   A408 32   E8 DE           LEAS -34,S
    481
    482  2     A40B C6   22              LDB #$22
    483  3     A40D 8E   0073            LDX #$0073
    484  3     A410 CE   2222            LDU #$2222
    485  5+6   A413 34   56              PSHS D,X,U
    486  4+1   A415 32   E8 E1           LEAS -31,S
    487
    488  5+1   A418 ED   77              STD -9,S
    489  2     A41A 86   26              LDA #$26
    490  3     A41C 8E   7322            LDX #$7322
    491  4     A41F 108E 2222            LDY #$2222
    492  3     A423 CE   22E3            LDU #$22e3
    493  5+7   A426 34   72              PSHS A,X,Y,U
    494  4+1   A428 32   E8 DF           LEAS -33,S
    495
    496  6+1   A42B 10AF 77              STY -9,S
    497  3     A42E CE   2222            LDU #$2222
    498  5+7   A431 34   74              PSHS B,X,Y,U
    499  4+1   A433 32   E8 DF           LEAS -33,S
    500
    501  5+1   A436 EF   77              STU -9,S
    502  4+1   A438 A6   76              LDA -10,S
    503  2     A43A 84   F0              ANDA #$F0
    504  2     A43C 8A   02              ORA #$02
    505  4+1   A43E A7   76              STA -10,S
    506  2     A440 86   23              LDA #$23
    507  3     A442 8E   2322            LDX #$2322
    508  3     A445 CE   2221            LDU #$2221
    509  5+7   A448 34   72              PSHS A,X,Y,U
    510  4+1   A44A 32   E8 DF           LEAS -33,S
    511
    512  6+1   A44D 10AF 77              STY -9,S
    513  3     A450 CE   2220            LDU #$2220
    514  5+7   A453 34   74              PSHS B,X,Y,U
    515  4+1   A455 32   E8 DF           LEAS -33,S
    516
    517  5+1   A458 EC   77              LDD -9,S
    518  2     A45A 84   F0              ANDA #$F0
    519  2     A45C 8A   02              ORA #$02
    520  2     A45E C6   22              LDB #$22
    521  5+1   A460 ED   77              STD -9,S
    522  2     A462 86   23              LDA #$23
    523  5+7   A464 34   72              PSHS A,X,Y,U
    524  4+1   A466 32   E8 DF           LEAS -33,S
    525
    526  4+1   A469 E7   78              STB -8,S
    527  5+7   A46B 34   74              PSHS B,X,Y,U
    528  4+1   A46D 32   E8 DF           LEAS -33,S
    529
    530  4+1   A470 E7   78              STB -8,S
    531  3     A472 8E   6322            LDX #$6322
    532  3     A475 CE   2210            LDU #$2210
    533  5+7   A478 34   72              PSHS A,X,Y,U
    534  4+1   A47A 32   E8 DF           LEAS -33,S
    535
    536  3     A47D 8E   6122            LDX #$6122
    537  3     A480 CE   2200            LDU #$2200
    538  5+7   A483 34   74              PSHS B,X,Y,U
    539  4+1   A485 32   E8 DF           LEAS -33,S
    540
    541  5+7   A488 34   72              PSHS A,X,Y,U
    542        A48A               SSAV_Img_emblemFront05
    543  4     A48A 10CE 0000            LDS #$0000
    544  5     A48E 39                   RTS
    545
----------------
2145 cycle(s)
1167 byte(s)
----------------
    547

000000 Total Errors

000003 Total Symbols
     0x          Label A000 DRAW_Img_emblemFront05
     1x          Label A29E DYN_POS
     1x          Label A48A SSAV_Img_emblemFront05

