/*--------------------------------------------------------------*
 * Compilé avec C6809 v0.83                                     *
 *--------------------------------------------------------------*
 * Fichier source      : ./Sonic2/GeneratedCode/TitleScreen/Img_emblemFront06_Draw.ASM
 * Fichier destination : ./Sonic2/GeneratedCode/TitleScreen/Img_emblemFront06_Draw.BIN
 * Contenu :
 *     Main     0:IMGD.ASM     5626
 *--------------------------------------------------------------*/

Macro Pass
Pass1
Pass2
      2        A000                      ORG $A000
      3                  FF              SETDP $FF
      4        A000               DRAW_Img_emblemFront06
      5  5+5   A000 ED   8D 0226         STD DYN_POS+2,PCR
      6  4+0   A004 32   C4              LEAS ,U
      7  5+0   A006 EE   A4              LDU ,Y
      8  4+4   A008 33   C9 0962         LEAU 2402,U
      9
     10  3     A00C CC   EEEE            LDD #$eeee
     11  3     A00F 8E   EEEE            LDX #$eeee
     12  5+4   A012 36   16              PSHU D,X
     13  4+1   A014 33   C8 DC           LEAU -36,U
     14
     15  5+4   A017 36   16              PSHU D,X
     16  4+1   A019 33   C8 DC           LEAU -36,U
     17
     18  2     A01C 86   1E              LDA #$1e
     19  5+4   A01E 36   16              PSHU D,X
     20  4+1   A020 33   C8 DC           LEAU -36,U
     21
     22  4+1   A023 A6   5B              LDA -5,U
     23  2     A025 84   F0              ANDA #$F0
     24  2     A027 8A   01              ORA #$01
     25  4+1   A029 A7   5B              STA -5,U
     26  3     A02B CC   C111            LDD #$c111
     27  3     A02E 8E   11EE            LDX #$11ee
     28  5+4   A031 36   16              PSHU D,X
     29  4+1   A033 33   C8 DC           LEAU -36,U
     30
     31  4+1   A036 A6   5B              LDA -5,U
     32  2     A038 84   F0              ANDA #$F0
     33  2     A03A 8A   01              ORA #$01
     34  4+1   A03C A7   5B              STA -5,U
     35  5+1   A03E EC   C8 D6           LDD -42,U
     36  2     A041 84   F0              ANDA #$F0
     37  2     A043 8A   01              ORA #$01
     38  2     A045 C6   EE              LDB #$ee
     39  5+1   A047 ED   C8 D6           STD -42,U
     40  5+1   A04A EC   C8 D3           LDD -45,U
     41  2     A04D 84   F0              ANDA #$F0
     42  2     A04F 8A   01              ORA #$01
     43  2     A051 C6   11              LDB #$11
     44  5+1   A053 ED   C8 D3           STD -45,U
     45  3     A056 CC   1CCC            LDD #$1ccc
     46  3     A059 8E   CCEE            LDX #$ccee
     47  5+4   A05C 36   16              PSHU D,X
     48  4+1   A05E 33   C8 B4           LEAU -76,U
     49
     50  3     A061 8E   CC11            LDX #$cc11
     51  4     A064 108E 11DE            LDY #$11de
     52  5+5   A068 36   32              PSHU A,X,Y
     53  4+1   A06A 33   C8 DD           LEAU -35,U
     54
     55  2     A06D 86   11              LDA #$11
     56  3     A06F 8E   EE11            LDX #$ee11
     57  5+5   A072 36   32              PSHU A,X,Y
     58  4+1   A074 33   C8 DD           LEAU -35,U
     59
     60  5+1   A077 EC   C8 D7           LDD -41,U
     61  2     A07A 86   EE              LDA #$ee
     62  2     A07C C4   0F              ANDB #$0F
     63  2     A07E CA   10              ORB #$10
     64  5+1   A080 ED   C8 D7           STD -41,U
     65  2     A083 86   11              LDA #$11
     66  4     A085 108E 11EE            LDY #$11ee
     67  5+5   A089 36   32              PSHU A,X,Y
     68  4+1   A08B 33   C8 DC           LEAU -36,U
     69
     70  3     A08E CC   E1EE            LDD #$e1ee
     71  3     A091 8E   0CCC            LDX #$0ccc
     72  5+4   A094 36   16              PSHU D,X
     73  4+1   A096 33   C8 DE           LEAU -34,U
     74
     75  2     A099 86   C1              LDA #$c1
     76  3     A09B 8E   CDED            LDX #$cded
     77  4     A09E 108E EECE            LDY #$eece
     78  5+6   A0A2 36   36              PSHU D,X,Y
     79  4+1   A0A4 33   C8 DE           LEAU -34,U
     80
     81  2     A0A7 86   1E              LDA #$1e
     82  4+1   A0A9 A7   59              STA -7,U
     83  5+1   A0AB EC   C8 D7           LDD -41,U
     84  2     A0AE 86   ED              LDA #$ed
     85  2     A0B0 C4   0F              ANDB #$0F
     86  2     A0B2 CA   10              ORB #$10
     87  5+1   A0B4 ED   C8 D7           STD -41,U
     88  3     A0B7 CC   D1EE            LDD #$d1ee
     89  3     A0BA 8E   CCDC            LDX #$ccdc
     90  4     A0BD 108E EEDC            LDY #$eedc
     91  5+6   A0C1 36   36              PSHU D,X,Y
     92  4+1   A0C3 33   C8 DD           LEAU -35,U
     93
     94  3     A0C6 CC   ECE1            LDD #$ece1
     95  3     A0C9 8E   EECC            LDX #$eecc
     96  4     A0CC 108E CCEE            LDY #$ccee
     97  5+6   A0D0 36   36              PSHU D,X,Y
     98  4+1   A0D2 33   C8 E0           LEAU -32,U
     99
    100  3     A0D5 CC   CDC1            LDD #$cdc1
    101  5+1   A0D8 ED   58              STD -8,U
    102  3     A0DA CC   EEDC            LDD #$eedc
    103  3     A0DD 8E   C0EE            LDX #$c0ee
    104  4     A0E0 108E CEC1            LDY #$cec1
    105  5+6   A0E4 36   36              PSHU D,X,Y
    106  4+1   A0E6 33   C8 DE           LEAU -34,U
    107
    108  3     A0E9 CC   DE80            LDD #$de80
    109  5+1   A0EC ED   58              STD -8,U
    110  3     A0EE CC   EECC            LDD #$eecc
    111  4     A0F1 108E 8CDC            LDY #$8cdc
    112  5+6   A0F5 36   36              PSHU D,X,Y
    113  4+1   A0F7 33   C8 DE           LEAU -34,U
    114
    115  3     A0FA CC   EC80            LDD #$ec80
    116  5+1   A0FD ED   58              STD -8,U
    117  3     A0FF CC   EDC0            LDD #$edc0
    118  3     A102 8E   0CEE            LDX #$0cee
    119  4     A105 108E 88DD            LDY #$88dd
    120  5+6   A109 36   36              PSHU D,X,Y
    121  4+1   A10B 33   C8 DE           LEAU -34,U
    122
    123  3     A10E CC   C888            LDD #$c888
    124  5+1   A111 ED   58              STD -8,U
    125  3     A113 CC   DCC0            LDD #$dcc0
    126  4     A116 108E 88ED            LDY #$88ed
    127  5+6   A11A 36   36              PSHU D,X,Y
    128  4+1   A11C 33   C8 DE           LEAU -34,U
    129
    130  3     A11F CC   8888            LDD #$8888
    131  5+1   A122 ED   58              STD -8,U
    132  3     A124 CC   CC00            LDD #$cc00
    133  3     A127 8E   0CD1            LDX #$0cd1
    134  4     A12A 108E 88CE            LDY #$88ce
    135  5+6   A12E 36   36              PSHU D,X,Y
    136  4+1   A130 33   C8 DE           LEAU -34,U
    137
    138  3     A133 CC   8888            LDD #$8888
    139  5+1   A136 ED   58              STD -8,U
    140  3     A138 CC   1111            LDD #$1111
    141  3     A13B 8E   1110            LDX #$1110
    142  4     A13E 108E 888C            LDY #$888c
    143  5+6   A142 36   36              PSHU D,X,Y
    144  4+1   A144 33   C8 DE           LEAU -34,U
    145
    146  3     A147 CC   8888            LDD #$8888
    147  5+1   A14A ED   58              STD -8,U
    148  3     A14C CC   0000            LDD #$0000
    149  3     A14F 8E   0008            LDX #$0008
    150  4     A152 108E 8886            LDY #$8886
    151  5+6   A156 36   36              PSHU D,X,Y
    152  4+1   A158 33   C8 DE           LEAU -34,U
    153
    154  3     A15B CC   6666            LDD #$6666
    155  5+1   A15E ED   58              STD -8,U
    156  2     A160 C6   88              LDB #$88
    157  3     A162 8E   8666            LDX #$8666
    158  4     A165 108E 6666            LDY #$6666
    159  5+6   A169 36   36              PSHU D,X,Y
    160  4+1   A16B 33   C8 DE           LEAU -34,U
    161
    162  3     A16E CC   7777            LDD #$7777
    163  5+1   A171 ED   58              STD -8,U
    164  2     A173 C6   68              LDB #$68
    165  3     A175 8E   8677            LDX #$8677
    166  4     A178 108E 7777            LDY #$7777
    167  5+6   A17C 36   36              PSHU D,X,Y
    168  4+1   A17E 33   C8 DE           LEAU -34,U
    169
    170  6+1   A181 10AF 58              STY -8,U
    171  2     A184 C6   78              LDB #$78
    172  3     A186 8E   6777            LDX #$6777
    173  4     A189 108E 7773            LDY #$7773
    174  5+6   A18D 36   36              PSHU D,X,Y
    175  4+1   A18F 33   C8 DE           LEAU -34,U
    176
    177  3     A192 CC   3333            LDD #$3333
    178  5+1   A195 ED   58              STD -8,U
    179  2     A197 C6   37              LDB #$37
    180  3     A199 8E   2333            LDX #$2333
    181  4     A19C 108E 3333            LDY #$3333
    182  5+6   A1A0 36   36              PSHU D,X,Y
    183  4+1   A1A2 33   C8 DE           LEAU -34,U
    184
    185  3     A1A5 CC   2222            LDD #$2222
    186  5+1   A1A8 ED   58              STD -8,U
    187  3     A1AA 8E   6722            LDX #$6722
    188  4     A1AD 108E 2222            LDY #$2222
    189  5+6   A1B1 36   36              PSHU D,X,Y
    190  4+1   A1B3 33   C8 DE           LEAU -34,U
    191
    192  2     A1B6 86   11              LDA #$11
    193  5+1   A1B8 ED   58              STD -8,U
    194  2     A1BA C6   11              LDB #$11
    195  3     A1BC 8E   1111            LDX #$1111
    196  4     A1BF 108E 1111            LDY #$1111
    197  5+6   A1C3 36   36              PSHU D,X,Y
    198  4+1   A1C5 33   C8 DE           LEAU -34,U
    199
    200  3     A1C8 CC   0022            LDD #$0022
    201  5+1   A1CB ED   58              STD -8,U
    202  3     A1CD CC   1001            LDD #$1001
    203  3     A1D0 8E   1110            LDX #$1110
    204  4     A1D3 108E 0100            LDY #$0100
    205  5+6   A1D7 36   36              PSHU D,X,Y
    206  4+1   A1D9 33   C8 DE           LEAU -34,U
    207
    208  3     A1DC CC   0022            LDD #$0022
    209  5+1   A1DF ED   58              STD -8,U
    210  3     A1E1 CC   1001            LDD #$1001
    211  3     A1E4 8E   0010            LDX #$0010
    212  5+6   A1E7 36   36              PSHU D,X,Y
    213  4+1   A1E9 33   C8 DE           LEAU -34,U
    214
    215  3     A1EC CC   0022            LDD #$0022
    216  5+1   A1EF ED   58              STD -8,U
    217  2     A1F1 C6   11              LDB #$11
    218  4     A1F3 108E 0010            LDY #$0010
    219  5+6   A1F7 36   36              PSHU D,X,Y
    220  4+1   A1F9 33   C8 DE           LEAU -34,U
    221
    222  2     A1FC C6   22              LDB #$22
    223  5+1   A1FE ED   58              STD -8,U
    224  2     A200 C6   01              LDB #$01
    225  5+6   A202 36   36              PSHU D,X,Y
    226  4+1   A204 33   C8 DE           LEAU -34,U
    227
    228  2     A207 C6   22              LDB #$22
    229  5+1   A209 ED   58              STD -8,U
    230  3     A20B CC   1011            LDD #$1011
    231  4     A20E 108E 0110            LDY #$0110
    232  5+6   A212 36   36              PSHU D,X,Y
    233  4+1   A214 33   C8 DE           LEAU -34,U
    234
    235  3     A217 CC   0022            LDD #$0022
    236  5+1   A21A ED   58              STD -8,U
    237  3     A21C CC   1001            LDD #$1001
    238  3     A21F 8E   1110            LDX #$1110
    239  4     A222 108E 0100            LDY #$0100
    240  5+6   A226 36   36              PSHU D,X,Y
    241        A228               DYN_POS
    242
    243  3     A228 CE   0000            LDU #$0000
    244  4+4   A22B 33   C9 0963         LEAU 2403,U
    245
    246  2     A22F 86   1E              LDA #$1e
    247  3     A231 8E   EEEE            LDX #$eeee
    248  4     A234 108E EEEC            LDY #$eeec
    249  5+5   A238 36   32              PSHU A,X,Y
    250  4+1   A23A 33   C8 DD           LEAU -35,U
    251
    252  2     A23D 86   01              LDA #$01
    253  3     A23F 8E   CEEE            LDX #$ceee
    254  5+5   A242 36   32              PSHU A,X,Y
    255  4+1   A244 33   C8 DD           LEAU -35,U
    256
    257  2     A247 86   10              LDA #$10
    258  5+5   A249 36   32              PSHU A,X,Y
    259  4+1   A24B 33   C8 DD           LEAU -35,U
    260
    261  2     A24E 86   11              LDA #$11
    262  3     A250 8E   1111            LDX #$1111
    263  4     A253 108E 1EEC            LDY #$1eec
    264  5+5   A257 36   32              PSHU A,X,Y
    265  4+1   A259 33   C8 DD           LEAU -35,U
    266
    267  3     A25C CC   CEEC            LDD #$ceec
    268  5+1   A25F ED   C8 D6           STD -42,U
    269  5+1   A262 AF   C8 D3           STX -45,U
    270  2     A265 86   11              LDA #$11
    271  3     A267 8E   0CCC            LDX #$0ccc
    272  4     A26A 108E CEEC            LDY #$ceec
    273  5+5   A26E 36   32              PSHU A,X,Y
    274  4+1   A270 33   C8 B5           LEAU -75,U
    275
    276  2     A273 86   CC              LDA #$cc
    277  3     A275 8E   1111            LDX #$1111
    278  5+5   A278 36   32              PSHU A,X,Y
    279  4+1   A27A 33   C8 DD           LEAU -35,U
    280
    281  2     A27D 86   EE              LDA #$ee
    282  5+5   A27F 36   32              PSHU A,X,Y
    283  4+1   A281 33   C8 DD           LEAU -35,U
    284
    285  4     A284 108E 0DEC            LDY #$0dec
    286  5+5   A288 36   32              PSHU A,X,Y
    287  4+1   A28A 33   C8 DD           LEAU -35,U
    288
    289  4+1   A28D A6   5A              LDA -6,U
    290  2     A28F 84   F0              ANDA #$F0
    291  2     A291 8A   01              ORA #$01
    292  4+1   A293 A7   5A              STA -6,U
    293  5+1   A295 EC   C8 D7           LDD -41,U
    294  2     A298 86   EC              LDA #$ec
    295  2     A29A C4   0F              ANDB #$0F
    296  2     A29C CA   10              ORB #$10
    297  5+1   A29E ED   C8 D7           STD -41,U
    298  2     A2A1 86   EE              LDA #$ee
    299  3     A2A3 8E   CCCC            LDX #$cccc
    300  4     A2A6 108E DCEC            LDY #$dcec
    301  5+5   A2AA 36   32              PSHU A,X,Y
    302  4+1   A2AC 33   C8 DC           LEAU -36,U
    303
    304  2     A2AF 86   1C              LDA #$1c
    305  3     A2B1 8E   EEEE            LDX #$eeee
    306  4     A2B4 108E EECE            LDY #$eece
    307  5+5   A2B8 36   32              PSHU A,X,Y
    308  4+1   A2BA 33   C8 DF           LEAU -33,U
    309
    310  2     A2BD 86   CD              LDA #$cd
    311  4+1   A2BF A7   59              STA -7,U
    312  3     A2C1 CC   EEEE            LDD #$eeee
    313  3     A2C4 8E   DDCE            LDX #$ddce
    314  4     A2C7 108E ECC1            LDY #$ecc1
    315  5+6   A2CB 36   36              PSHU D,X,Y
    316  4+1   A2CD 33   C8 DE           LEAU -34,U
    317
    318  2     A2D0 86   DD              LDA #$dd
    319  4+1   A2D2 A7   59              STA -7,U
    320  2     A2D4 86   EE              LDA #$ee
    321  3     A2D6 8E   DCCE            LDX #$dcce
    322  4     A2D9 108E ECDC            LDY #$ecdc
    323  5+6   A2DD 36   36              PSHU D,X,Y
    324  4+1   A2DF 33   C8 DE           LEAU -34,U
    325
    326  5+1   A2E2 EC   58              LDD -8,U
    327  2     A2E4 84   F0              ANDA #$F0
    328  2     A2E6 8A   0E              ORA #$0e
    329  2     A2E8 C6   EE              LDB #$ee
    330  5+1   A2EA ED   58              STD -8,U
    331  3     A2EC CC   EEEE            LDD #$eeee
    332  3     A2EF 8E   CCCE            LDX #$ccce
    333  4     A2F2 108E ECDD            LDY #$ecdd
    334  5+6   A2F6 36   36              PSHU D,X,Y
    335  4+1   A2F8 33   C8 DE           LEAU -34,U
    336
    337  3     A2FB CC   ECCC            LDD #$eccc
    338  5+1   A2FE ED   58              STD -8,U
    339  3     A300 CC   EEED            LDD #$eeed
    340  3     A303 8E   CCDE            LDX #$ccde
    341  4     A306 108E 18ED            LDY #$18ed
    342  5+6   A30A 36   36              PSHU D,X,Y
    343  4+1   A30C 33   C8 DE           LEAU -34,U
    344
    345  3     A30F CC   CD88            LDD #$cd88
    346  5+1   A312 ED   58              STD -8,U
    347  3     A314 CC   EEDC            LDD #$eedc
    348  3     A317 8E   00DE            LDX #$00de
    349  4     A31A 108E 18CE            LDY #$18ce
    350  5+6   A31E 36   36              PSHU D,X,Y
    351  4+1   A320 33   C8 DE           LEAU -34,U
    352
    353  3     A323 CC   DE88            LDD #$de88
    354  5+1   A326 ED   58              STD -8,U
    355  3     A328 CC   1ECC            LDD #$1ecc
    356  3     A32B 8E   00CD            LDX #$00cd
    357  4     A32E 108E 088C            LDY #$088c
    358  5+6   A332 36   36              PSHU D,X,Y
    359  4+1   A334 33   C8 DE           LEAU -34,U
    360
    361  3     A337 CC   EC88            LDD #$ec88
    362  5+1   A33A ED   58              STD -8,U
    363  3     A33C CC   01CC            LDD #$01cc
    364  4     A33F 108E 8888            LDY #$8888
    365  5+6   A343 36   36              PSHU D,X,Y
    366  4+1   A345 33   C8 DE           LEAU -34,U
    367
    368  3     A348 CC   C888            LDD #$c888
    369  5+1   A34B ED   58              STD -8,U
    370  3     A34D CC   8011            LDD #$8011
    371  3     A350 8E   1111            LDX #$1111
    372  5+6   A353 36   36              PSHU D,X,Y
    373  4+1   A355 33   C8 DE           LEAU -34,U
    374
    375  3     A358 CC   6888            LDD #$6888
    376  5+1   A35B ED   58              STD -8,U
    377  3     A35D CC   8800            LDD #$8800
    378  3     A360 8E   0000            LDX #$0000
    379  5+6   A363 36   36              PSHU D,X,Y
    380  4+1   A365 33   C8 DE           LEAU -34,U
    381
    382  3     A368 CC   6666            LDD #$6666
    383  5+1   A36B ED   58              STD -8,U
    384  3     A36D 8E   0066            LDX #$0066
    385  4     A370 108E 6666            LDY #$6666
    386  5+6   A374 36   36              PSHU D,X,Y
    387  4+1   A376 33   C8 DE           LEAU -34,U
    388
    389  3     A379 CC   7777            LDD #$7777
    390  5+1   A37C ED   58              STD -8,U
    391  3     A37E 8E   8877            LDX #$8877
    392  4     A381 108E 7777            LDY #$7777
    393  5+6   A385 36   36              PSHU D,X,Y
    394  4+1   A387 33   C8 DE           LEAU -34,U
    395
    396  2     A38A 86   37              LDA #$37
    397  5+1   A38C ED   58              STD -8,U
    398  2     A38E 86   77              LDA #$77
    399  3     A390 8E   6677            LDX #$6677
    400  5+6   A393 36   36              PSHU D,X,Y
    401  4+1   A395 33   C8 DE           LEAU -34,U
    402
    403  3     A398 CC   3333            LDD #$3333
    404  5+1   A39B ED   58              STD -8,U
    405  3     A39D 8E   2233            LDX #$2233
    406  4     A3A0 108E 3333            LDY #$3333
    407  5+6   A3A4 36   36              PSHU D,X,Y
    408  4+1   A3A6 33   C8 DE           LEAU -34,U
    409
    410  3     A3A9 CC   2222            LDD #$2222
    411  5+1   A3AC ED   58              STD -8,U
    412  3     A3AE 8E   2722            LDX #$2722
    413  4     A3B1 108E 2222            LDY #$2222
    414  5+6   A3B5 36   36              PSHU D,X,Y
    415  4+1   A3B7 33   C8 DE           LEAU -34,U
    416
    417  3     A3BA CC   1111            LDD #$1111
    418  5+1   A3BD ED   58              STD -8,U
    419  2     A3BF 86   21              LDA #$21
    420  3     A3C1 8E   1111            LDX #$1111
    421  4     A3C4 108E 1111            LDY #$1111
    422  5+6   A3C8 36   36              PSHU D,X,Y
    423  4+1   A3CA 33   C8 DE           LEAU -34,U
    424
    425  3     A3CD CC   0100            LDD #$0100
    426  5+1   A3D0 ED   58              STD -8,U
    427  3     A3D2 CC   2010            LDD #$2010
    428  3     A3D5 8E   0000            LDX #$0000
    429  4     A3D8 108E 0101            LDY #$0101
    430  5+6   A3DC 36   36              PSHU D,X,Y
    431  4+1   A3DE 33   C8 DE           LEAU -34,U
    432
    433  3     A3E1 CC   0100            LDD #$0100
    434  5+1   A3E4 ED   58              STD -8,U
    435  3     A3E6 CC   2010            LDD #$2010
    436  4     A3E9 108E 1100            LDY #$1100
    437  5+6   A3ED 36   36              PSHU D,X,Y
    438  4+1   A3EF 33   C8 DE           LEAU -34,U
    439
    440  3     A3F2 CC   0011            LDD #$0011
    441  5+1   A3F5 ED   58              STD -8,U
    442  3     A3F7 CC   2010            LDD #$2010
    443  3     A3FA 8E   0110            LDX #$0110
    444  5+6   A3FD 36   36              PSHU D,X,Y
    445  4+1   A3FF 33   C8 DE           LEAU -34,U
    446
    447  3     A402 CC   0001            LDD #$0001
    448  5+1   A405 ED   58              STD -8,U
    449  3     A407 CC   2010            LDD #$2010
    450  4     A40A 108E 0100            LDY #$0100
    451  5+6   A40E 36   36              PSHU D,X,Y
    452  4+1   A410 33   C8 DE           LEAU -34,U
    453
    454  3     A413 CC   0111            LDD #$0111
    455  5+1   A416 ED   58              STD -8,U
    456  3     A418 CC   2010            LDD #$2010
    457  3     A41B 8E   0111            LDX #$0111
    458  4     A41E 108E 1100            LDY #$1100
    459  5+6   A422 36   36              PSHU D,X,Y
    460  4+1   A424 33   C8 DE           LEAU -34,U
    461
    462  3     A427 CC   0100            LDD #$0100
    463  5+1   A42A ED   58              STD -8,U
    464  3     A42C CC   2010            LDD #$2010
    465  3     A42F 8E   0000            LDX #$0000
    466  4     A432 108E 0101            LDY #$0101
    467  5+6   A436 36   36              PSHU D,X,Y
    468  5     A438 39                   RTS
    469
----------------
1976 cycle(s)
1081 byte(s)
----------------
    471

000000 Total Errors

000002 Total Symbols
     0x          Label A000 DRAW_Img_emblemFront06
     1x          Label A228 DYN_POS

