/*--------------------------------------------------------------*
 * Compilé avec C6809 v0.83                                     *
 *--------------------------------------------------------------*
 * Fichier source      : ./Sonic2/GeneratedCode/TitleScreen/Img_tails_4_BckDraw.ASM
 * Fichier destination : ./Sonic2/GeneratedCode/TitleScreen/Img_tails_4_BckDraw.BIN
 * Contenu :
 *     Main     0:IMGD.ASM     19749
 *--------------------------------------------------------------*/

Macro Pass
Pass1
Pass2
      2        A000                      ORG $A000
      3                  FF              SETDP $FF
      4        A000               BCKDRAW_Img_tails_4
      5  6+5   A000 10EF 8D 0E39         STS SSAV_Img_tails_4+1,PCR
      6
      7  5+5   A005 ED   8D 0762         STD DYN_POS+2,PCR
      8  4+0   A009 32   C4              LEAS ,U
      9  5+0   A00B EE   A4              LDU ,Y
     10  4+4   A00D 33   C9 02FF         LEAU 767,U
     11
     12  4+1   A011 A6   42              LDA 2,U
     13  4+1   A013 E6   5E              LDB -2,U
     14  5+4   A015 34   46              PSHS U,B,A
     15  2     A017 C4   0F              ANDB #$0F
     16  2     A019 CA   30              ORB #$30
     17  4+1   A01B E7   5E              STB -2,U
     18  2     A01D 86   55              LDA #$55
     19  4+1   A01F A7   42              STA 2,U
     20  4+4   A021 33   C9 009E         LEAU 158,U
     21
     22  4+1   A025 A6   C8 8C           LDA -116,U
     23  4+1   A028 E6   C8 D8           LDB -40,U
     24  5+2   A02B 34   06              PSHS B,A
     25  4+1   A02D A6   C8 B0           LDA -80,U
     26  4+1   A030 E6   C8 DA           LDB -38,U
     27  5+2   A033 34   06              PSHS B,A
     28  5+1   A035 EC   43              LDD 3,U
     29  5+2   A037 34   06              PSHS D
     30  2     A039 84   F0              ANDA #$F0
     31  2     A03B 8A   05              ORA #$05
     32  2     A03D C6   B5              LDB #$b5
     33  5+1   A03F ED   43              STD 3,U
     34  4+1   A041 A6   C8 B4           LDA -76,U
     35  5+1   A044 34   02              PSHS A
     36  2     A046 86   66              LDA #$66
     37  4+1   A048 A7   C8 8C           STA -116,U
     38  4+1   A04B A6   C8 88           LDA -120,U
     39  5+1   A04E 34   02              PSHS A
     40  2     A050 86   D6              LDA #$d6
     41  4+1   A052 A7   C8 B0           STA -80,U
     42  2     A055 86   55              LDA #$55
     43  4+1   A057 A7   C8 DA           STA -38,U
     44  2     A05A 86   35              LDA #$35
     45  4+1   A05C A7   C8 B4           STA -76,U
     46  2     A05F 86   CD              LDA #$cd
     47  4+1   A061 A7   C8 D8           STA -40,U
     48  2     A064 86   63              LDA #$63
     49  4+1   A066 A7   C8 88           STA -120,U
     50  4+1   A069 A6   C8 DC           LDA -36,U
     51  4+1   A06C E7   C8 DC           STB -36,U
     52  5+3   A06F 37   14              PULU B,X
     53  5+6   A071 34   56              PSHS U,X,B,A
     54  2     A073 86   CC              LDA #$cc
     55  3     A075 8E   3577            LDX #$3577
     56  5+3   A078 36   12              PSHU A,X
     57  4+1   A07A 33   C8 28           LEAU 40,U
     58
     59  5+5   A07D 37   32              PULU A,X,Y
     60  5+7   A07F 34   72              PSHS U,Y,X,A
     61  2     A081 86   BC              LDA #$bc
     62  3     A083 8E   7566            LDX #$7566
     63  4     A086 108E 56B5            LDY #$56b5
     64  5+5   A08A 36   32              PSHU A,X,Y
     65  4+1   A08C 33   C8 28           LEAU 40,U
     66
     67  5+5   A08F 37   32              PULU A,X,Y
     68  5+7   A091 34   72              PSHS U,Y,X,A
     69  2     A093 86   BB              LDA #$bb
     70  3     A095 8E   7766            LDX #$7766
     71  4     A098 108E 7503            LDY #$7503
     72  5+5   A09C 36   32              PSHU A,X,Y
     73  4+1   A09E 33   C8 28           LEAU 40,U
     74
     75  5+6   A0A1 37   36              PULU D,X,Y
     76  5+8   A0A3 34   76              PSHS U,Y,X,D
     77  3     A0A5 CC   BBD6            LDD #$bbd6
     78  3     A0A8 8E   6667            LDX #$6667
     79  4     A0AB 108E 3677            LDY #$3677
     80  5+6   A0AF 36   36              PSHU D,X,Y
     81  4+1   A0B1 33   C8 28           LEAU 40,U
     82
     83  5+6   A0B4 37   36              PULU D,X,Y
     84  5+8   A0B6 34   76              PSHS U,Y,X,D
     85  3     A0B8 CC   B0D6            LDD #$b0d6
     86  3     A0BB 8E   6666            LDX #$6666
     87  4     A0BE 108E 6633            LDY #$6633
     88  5+6   A0C2 36   36              PSHU D,X,Y
     89  4+1   A0C4 33   C8 28           LEAU 40,U
     90
     91  5+5   A0C7 37   32              PULU A,X,Y
     92  5+7   A0C9 34   72              PSHS U,Y,X,A
     93  2     A0CB 86   B0              LDA #$b0
     94  3     A0CD 8E   5666            LDX #$5666
     95  4     A0D0 108E 6675            LDY #$6675
     96  5+5   A0D4 36   32              PSHU A,X,Y
     97  4+1   A0D6 33   C8 28           LEAU 40,U
     98
     99  4+1   A0D9 A6   46              LDA 6,U
    100  5+1   A0DB 34   02              PSHS A
    101  2     A0DD 84   0F              ANDA #$0F
    102  2     A0DF 8A   50              ORA #$50
    103  4+1   A0E1 A7   46              STA 6,U
    104  5+5   A0E3 37   32              PULU A,X,Y
    105  5+7   A0E5 34   72              PSHS U,Y,X,A
    106  2     A0E7 86   3D              LDA #$3d
    107  3     A0E9 8E   6666            LDX #$6666
    108  4     A0EC 108E 6656            LDY #$6656
    109  5+5   A0F0 36   32              PSHU A,X,Y
    110  4+1   A0F2 33   C8 28           LEAU 40,U
    111
    112  4+1   A0F5 A6   45              LDA 5,U
    113  5+1   A0F7 34   02              PSHS A
    114  2     A0F9 84   0F              ANDA #$0F
    115  2     A0FB 8A   50              ORA #$50
    116  4+1   A0FD A7   45              STA 5,U
    117  5+5   A0FF 37   32              PULU A,X,Y
    118  5+7   A101 34   72              PSHS U,Y,X,A
    119  2     A103 86   3D              LDA #$3d
    120  3     A105 8E   6666            LDX #$6666
    121  4     A108 108E 6675            LDY #$6675
    122  5+5   A10C 36   32              PSHU A,X,Y
    123  4+1   A10E 33   C8 28           LEAU 40,U
    124
    125  5+6   A111 37   36              PULU D,X,Y
    126  5+8   A113 34   76              PSHS U,Y,X,D
    127  3     A115 CC   3D66            LDD #$3d66
    128  3     A118 8E   6666            LDX #$6666
    129  4     A11B 108E 7765            LDY #$7765
    130  5+6   A11F 36   36              PSHU D,X,Y
    131  4+1   A121 33   C8 28           LEAU 40,U
    132
    133  5+6   A124 37   36              PULU D,X,Y
    134  5+8   A126 34   76              PSHS U,Y,X,D
    135  3     A128 CC   6066            LDD #$6066
    136  3     A12B 8E   6666            LDX #$6666
    137  4     A12E 108E 7737            LDY #$7737
    138  5+6   A132 36   36              PSHU D,X,Y
    139  4+1   A134 33   C8 28           LEAU 40,U
    140
    141  4+1   A137 A6   45              LDA 5,U
    142  5+1   A139 34   02              PSHS A
    143  2     A13B 84   F0              ANDA #$F0
    144  2     A13D 8A   03              ORA #$03
    145  4+1   A13F A7   45              STA 5,U
    146  5+5   A141 37   32              PULU A,X,Y
    147  5+7   A143 34   72              PSHS U,Y,X,A
    148  2     A145 86   60              LDA #$60
    149  3     A147 8E   6666            LDX #$6666
    150  4     A14A 108E 6677            LDY #$6677
    151  5+5   A14E 36   32              PSHU A,X,Y
    152  4+1   A150 33   C8 28           LEAU 40,U
    153
    154  5+5   A153 37   32              PULU A,X,Y
    155  5+7   A155 34   72              PSHS U,Y,X,A
    156  2     A157 86   63              LDA #$63
    157  3     A159 8E   6666            LDX #$6666
    158  4     A15C 108E 6667            LDY #$6667
    159  5+5   A160 36   32              PSHU A,X,Y
    160  4+1   A162 33   C8 28           LEAU 40,U
    161
    162  5+5   A165 37   32              PULU A,X,Y
    163  5+7   A167 34   72              PSHS U,Y,X,A
    164  2     A169 86   73              LDA #$73
    165  3     A16B 8E   6666            LDX #$6666
    166  4     A16E 108E 6667            LDY #$6667
    167  5+5   A172 36   32              PSHU A,X,Y
    168  4+1   A174 33   C8 28           LEAU 40,U
    169
    170  4+1   A177 A6   45              LDA 5,U
    171  5+1   A179 34   02              PSHS A
    172  2     A17B 84   0F              ANDA #$0F
    173  2     A17D 8A   50              ORA #$50
    174  4+1   A17F A7   45              STA 5,U
    175  5+5   A181 37   32              PULU A,X,Y
    176  5+7   A183 34   72              PSHS U,Y,X,A
    177  2     A185 86   77              LDA #$77
    178  3     A187 8E   6667            LDX #$6667
    179  4     A18A 108E 6667            LDY #$6667
    180  5+5   A18E 36   32              PSHU A,X,Y
    181  4+1   A190 33   C8 28           LEAU 40,U
    182
    183  4+1   A193 A6   45              LDA 5,U
    184  5+1   A195 34   02              PSHS A
    185  2     A197 84   0F              ANDA #$0F
    186  2     A199 8A   30              ORA #$30
    187  4+1   A19B A7   45              STA 5,U
    188  5+5   A19D 37   32              PULU A,X,Y
    189  5+7   A19F 34   72              PSHS U,Y,X,A
    190  2     A1A1 86   57              LDA #$57
    191  3     A1A3 8E   666B            LDX #$666b
    192  4     A1A6 108E 6677            LDY #$6677
    193  5+5   A1AA 36   32              PSHU A,X,Y
    194  4+1   A1AC 33   C8 28           LEAU 40,U
    195
    196  5+1   A1AF EC   45              LDD 5,U
    197  5+2   A1B1 34   06              PSHS D
    198  2     A1B3 84   0F              ANDA #$0F
    199  2     A1B5 C4   F0              ANDB #$F0
    200  4     A1B7 C3   300A            ADDD #$300a
    201  5+1   A1BA ED   45              STD 5,U
    202  5+5   A1BC 37   32              PULU A,X,Y
    203  5+7   A1BE 34   72              PSHS U,Y,X,A
    204  2     A1C0 86   57              LDA #$57
    205  3     A1C2 8E   666A            LDX #$666a
    206  4     A1C5 108E 6675            LDY #$6675
    207  5+5   A1C9 36   32              PSHU A,X,Y
    208  4+1   A1CB 33   C8 28           LEAU 40,U
    209
    210  4+1   A1CE A6   C8 25           LDA 37,U
    211  4+1   A1D1 E6   45              LDB 5,U
    212  5+2   A1D3 34   06              PSHS B,A
    213  2     A1D5 C4   F0              ANDB #$F0
    214  2     A1D7 CA   05              ORB #$05
    215  4+1   A1D9 E7   45              STB 5,U
    216  2     A1DB 86   CC              LDA #$cc
    217  4+1   A1DD A7   C8 25           STA 37,U
    218  5+5   A1E0 37   32              PULU A,X,Y
    219  5+7   A1E2 34   72              PSHS U,Y,X,A
    220  2     A1E4 86   57              LDA #$57
    221  3     A1E6 8E   666D            LDX #$666d
    222  4     A1E9 108E 6675            LDY #$6675
    223  5+5   A1ED 36   32              PSHU A,X,Y
    224  4+1   A1EF 33   C8 28           LEAU 40,U
    225
    226  5+1   A1F2 AE   C8 24           LDX 36,U
    227  5+2   A1F5 34   10              PSHS X
    228  4+1   A1F7 A6   45              LDA 5,U
    229  5+1   A1F9 34   02              PSHS A
    230  2     A1FB 84   F0              ANDA #$F0
    231  2     A1FD 8A   05              ORA #$05
    232  4+1   A1FF A7   45              STA 5,U
    233  4+1   A201 A6   C8 26           LDA 38,U
    234  5+1   A204 34   02              PSHS A
    235  2     A206 84   0F              ANDA #$0F
    236  2     A208 8A   C0              ORA #$c0
    237  4+1   A20A A7   C8 26           STA 38,U
    238  3     A20D CC   DC00            LDD #$dc00
    239  5+1   A210 ED   C8 24           STD 36,U
    240  5+5   A213 37   32              PULU A,X,Y
    241  5+7   A215 34   72              PSHS U,Y,X,A
    242  2     A217 86   57              LDA #$57
    243  3     A219 8E   667D            LDX #$667d
    244  4     A21C 108E 6675            LDY #$6675
    245  5+5   A220 36   32              PSHU A,X,Y
    246  4+1   A222 33   C8 28           LEAU 40,U
    247
    248  5+1   A225 EC   C8 24           LDD 36,U
    249  5+2   A228 34   06              PSHS D
    250  2     A22A 84   F0              ANDA #$F0
    251  2     A22C 8A   0D              ORA #$0d
    252  2     A22E C6   A0              LDB #$a0
    253  5+1   A230 ED   C8 24           STD 36,U
    254  4+1   A233 A6   C8 26           LDA 38,U
    255  5+1   A236 34   02              PSHS A
    256  2     A238 86   6C              LDA #$6c
    257  4+1   A23A A7   C8 26           STA 38,U
    258  5+5   A23D 37   32              PULU A,X,Y
    259  5+7   A23F 34   72              PSHS U,Y,X,A
    260  2     A241 86   57              LDA #$57
    261  3     A243 8E   66B1            LDX #$66b1
    262  4     A246 108E 6675            LDY #$6675
    263  5+5   A24A 36   32              PSHU A,X,Y
    264  4+1   A24C 33   C8 28           LEAU 40,U
    265
    266  5+1   A24F AE   C8 75           LDX 117,U
    267  6+1   A252 10AE C8 2A           LDY 42,U
    268  5+4   A256 34   30              PSHS Y,X
    269  5+1   A258 EC   C8 4D           LDD 77,U
    270  5+1   A25B AE   C8 25           LDX 37,U
    271  6+1   A25E 10AE C8 52           LDY 82,U
    272  5+6   A262 34   36              PSHS Y,X,D
    273  3     A264 CC   DB00            LDD #$db00
    274  5+1   A267 ED   C8 75           STD 117,U
    275  3     A26A CC   CA6A            LDD #$ca6a
    276  5+1   A26D ED   C8 4D           STD 77,U
    277  3     A270 CC   BA0A            LDD #$ba0a
    278  5+1   A273 ED   C8 25           STD 37,U
    279  5+1   A276 EC   C8 28           LDD 40,U
    280  5+2   A279 34   06              PSHS D
    281  2     A27B 84   F0              ANDA #$F0
    282  2     A27D 8A   07              ORA #$07
    283  2     A27F C6   66              LDB #$66
    284  5+1   A281 ED   C8 28           STD 40,U
    285  5+1   A284 EC   C8 50           LDD 80,U
    286  5+2   A287 34   06              PSHS D
    287  2     A289 84   F0              ANDA #$F0
    288  2     A28B 8A   07              ORA #$07
    289  2     A28D C6   66              LDB #$66
    290  5+1   A28F ED   C8 50           STD 80,U
    291  5+1   A292 EC   C8 77           LDD 119,U
    292  5+2   A295 34   06              PSHS D
    293  2     A297 84   0F              ANDA #$0F
    294  2     A299 C4   F0              ANDB #$F0
    295  4     A29B C3   C007            ADDD #$c007
    296  5+1   A29E ED   C8 77           STD 119,U
    297  4+1   A2A1 A6   44              LDA 4,U
    298  5+1   A2A3 34   02              PSHS A
    299  2     A2A5 84   0F              ANDA #$0F
    300  2     A2A7 8A   70              ORA #$70
    301  4+1   A2A9 A7   44              STA 4,U
    302  4+1   A2AB A6   C8 2C           LDA 44,U
    303  5+1   A2AE 34   02              PSHS A
    304  2     A2B0 84   0F              ANDA #$0F
    305  2     A2B2 8A   70              ORA #$70
    306  4+1   A2B4 A7   C8 2C           STA 44,U
    307  4+1   A2B7 A6   C8 54           LDA 84,U
    308  5+1   A2BA 34   02              PSHS A
    309  2     A2BC 84   0F              ANDA #$0F
    310  2     A2BE 8A   70              ORA #$70
    311  4+1   A2C0 A7   C8 54           STA 84,U
    312  3     A2C3 CC   1166            LDD #$1166
    313  5+1   A2C6 ED   C8 2A           STD 42,U
    314  5+1   A2C9 ED   C8 52           STD 82,U
    315  5+4   A2CC 37   30              PULU X,Y
    316  5+6   A2CE 34   70              PSHS U,Y,X
    317  2     A2D0 86   57              LDA #$57
    318  3     A2D2 8E   B166            LDX #$b166
    319  5+4   A2D5 36   16              PSHU D,X
    320  4+1   A2D7 33   C8 79           LEAU 121,U
    321
    322  5+1   A2DA EC   C8 24           LDD 36,U
    323  5+2   A2DD 34   06              PSHS D
    324  2     A2DF 84   F0              ANDA #$F0
    325  2     A2E1 8A   0B              ORA #$0b
    326  2     A2E3 C6   00              LDB #$00
    327  5+1   A2E5 ED   C8 24           STD 36,U
    328  4+1   A2E8 A6   43              LDA 3,U
    329  5+1   A2EA 34   02              PSHS A
    330  2     A2EC 84   0F              ANDA #$0F
    331  2     A2EE 8A   50              ORA #$50
    332  4+1   A2F0 A7   43              STA 3,U
    333  5+1   A2F2 EC   C8 26           LDD 38,U
    334  5+2   A2F5 34   06              PSHS D
    335  2     A2F7 84   0F              ANDA #$0F
    336  2     A2F9 C4   F0              ANDB #$F0
    337  4     A2FB C3   B005            ADDD #$b005
    338  5+1   A2FE ED   C8 26           STD 38,U
    339  5+3   A301 37   12              PULU A,X
    340  5+5   A303 34   52              PSHS U,X,A
    341  2     A305 86   66              LDA #$66
    342  3     A307 8E   1D66            LDX #$1d66
    343  5+3   A30A 36   12              PSHU A,X
    344  4+1   A30C 33   C8 28           LEAU 40,U
    345
    346  5+1   A30F EC   C8 24           LDD 36,U
    347  5+2   A312 34   06              PSHS D
    348  2     A314 84   F0              ANDA #$F0
    349  2     A316 8A   0C              ORA #$0c
    350  2     A318 C6   00              LDB #$00
    351  5+1   A31A ED   C8 24           STD 36,U
    352  4+1   A31D A6   43              LDA 3,U
    353  5+1   A31F 34   02              PSHS A
    354  2     A321 84   0F              ANDA #$0F
    355  2     A323 8A   50              ORA #$50
    356  4+1   A325 A7   43              STA 3,U
    357  5+3   A327 37   12              PULU A,X
    358  5+5   A329 34   52              PSHS U,X,A
    359  2     A32B 86   66              LDA #$66
    360  3     A32D 8E   1C66            LDX #$1c66
    361  5+3   A330 36   12              PSHU A,X
    362  4+1   A332 33   C8 26           LEAU 38,U
    363
    364  5+1   A335 EC   C8 26           LDD 38,U
    365  5+2   A338 34   06              PSHS D
    366  2     A33A 84   F0              ANDA #$F0
    367  2     A33C 8A   0C              ORA #$0c
    368  2     A33E C6   00              LDB #$00
    369  5+1   A340 ED   C8 26           STD 38,U
    370  4+1   A343 A6   45              LDA 5,U
    371  5+1   A345 34   02              PSHS A
    372  2     A347 84   0F              ANDA #$0F
    373  2     A349 8A   50              ORA #$50
    374  4+1   A34B A7   45              STA 5,U
    375  5+5   A34D 37   32              PULU A,X,Y
    376  5+7   A34F 34   72              PSHS U,Y,X,A
    377  2     A351 86   BC              LDA #$bc
    378  3     A353 8E   BB66            LDX #$bb66
    379  4     A356 108E 1C66            LDY #$1c66
    380  5+5   A35A 36   32              PSHU A,X,Y
    381  4+1   A35C 33   C8 28           LEAU 40,U
    382
    383  5+1   A35F EC   C8 26           LDD 38,U
    384  5+2   A362 34   06              PSHS D
    385  2     A364 84   F0              ANDA #$F0
    386  2     A366 8A   0C              ORA #$0c
    387  2     A368 C6   00              LDB #$00
    388  5+1   A36A ED   C8 26           STD 38,U
    389  5+1   A36D EC   C8 28           LDD 40,U
    390  5+2   A370 34   06              PSHS D
    391  2     A372 86   AB              LDA #$ab
    392  2     A374 C4   F0              ANDB #$F0
    393  2     A376 CA   0D              ORB #$0d
    394  5+1   A378 ED   C8 28           STD 40,U
    395  5+6   A37B 37   36              PULU D,X,Y
    396  5+8   A37D 34   76              PSHS U,Y,X,D
    397  3     A37F CC   ABD0            LDD #$abd0
    398  3     A382 8E   7610            LDX #$7610
    399  4     A385 108E 66CC            LDY #$66cc
    400  5+6   A389 36   36              PSHU D,X,Y
    401  4+1   A38B 33   C8 2A           LEAU 42,U
    402
    403  5+4   A38E 37   30              PULU X,Y
    404  5+6   A390 34   70              PSHS U,Y,X
    405  2     A392 86   07              LDA #$07
    406  3     A394 8E   60BB            LDX #$60bb
    407  5+4   A397 36   16              PSHU D,X
    408  4+1   A399 33   C8 24           LEAU 36,U
    409
    410  5+3   A39C 37   12              PULU A,X
    411  5+5   A39E 34   52              PSHS U,X,A
    412  2     A3A0 86   BC              LDA #$bc
    413  3     A3A2 8E   A0AB            LDX #$a0ab
    414  5+3   A3A5 36   12              PSHU A,X
    415  4+1   A3A7 33   44              LEAU 4,U
    416
    417  5+4   A3A9 37   30              PULU X,Y
    418  5+6   A3AB 34   70              PSHS U,Y,X
    419  3     A3AD CC   0A00            LDD #$0a00
    420  3     A3B0 8E   00AC            LDX #$00ac
    421  5+4   A3B3 36   16              PSHU D,X
    422  4+1   A3B5 33   C8 24           LEAU 36,U
    423
    424  5+1   A3B8 AE   46              LDX 6,U
    425  5+2   A3BA 34   10              PSHS X
    426  3     A3BC CC   00AB            LDD #$00ab
    427  5+1   A3BF ED   46              STD 6,U
    428  5+1   A3C1 EC   C8 27           LDD 39,U
    429  5+2   A3C4 34   06              PSHS D
    430  2     A3C6 84   F0              ANDA #$F0
    431  2     A3C8 8A   0D              ORA #$0d
    432  2     A3CA C6   D0              LDB #$d0
    433  5+1   A3CC ED   C8 27           STD 39,U
    434  5+6   A3CF 37   36              PULU D,X,Y
    435  5+8   A3D1 34   76              PSHS U,Y,X,D
    436  3     A3D3 CC   BCA0            LDD #$bca0
    437  3     A3D6 8E   AACB            LDX #$aacb
    438  4     A3D9 108E 0000            LDY #$0000
    439  5+6   A3DD 36   36              PSHU D,X,Y
    440  4+1   A3DF 33   C8 29           LEAU 41,U
    441
    442  4+1   A3E2 A6   46              LDA 6,U
    443  5+1   A3E4 34   02              PSHS A
    444  2     A3E6 86   AB              LDA #$ab
    445  4+1   A3E8 A7   46              STA 6,U
    446  5+6   A3EA 37   36              PULU D,X,Y
    447  5+8   A3EC 34   76              PSHS U,Y,X,D
    448  3     A3EE CC   A00A            LDD #$a00a
    449  3     A3F1 8E   DC00            LDX #$dc00
    450  4     A3F4 108E 0000            LDY #$0000
    451  5+6   A3F8 36   36              PSHU D,X,Y
    452  4+1   A3FA 33   C8 26           LEAU 38,U
    453
    454  5+1   A3FD EC   44              LDD 4,U
    455  5+2   A3FF 34   06              PSHS D
    456  2     A401 84   F0              ANDA #$F0
    457  2     A403 8A   0D              ORA #$0d
    458  2     A405 C6   00              LDB #$00
    459  5+1   A407 ED   44              STD 4,U
    460  5+4   A409 37   30              PULU X,Y
    461  5+6   A40B 34   70              PSHS U,Y,X
    462  3     A40D CC   DBD0            LDD #$dbd0
    463  3     A410 8E   A00A            LDX #$a00a
    464  5+4   A413 36   16              PSHU D,X
    465  4+1   A415 33   46              LEAU 6,U
    466
    467  5+3   A417 37   12              PULU A,X
    468  5+5   A419 34   52              PSHS U,X,A
    469  2     A41B 86   00              LDA #$00
    470  3     A41D 8E   00AA            LDX #$00aa
    471  5+3   A420 36   12              PSHU A,X
    472  4+1   A422 33   C8 22           LEAU 34,U
    473
    474  5+1   A425 EC   44              LDD 4,U
    475  5+2   A427 34   06              PSHS D
    476  2     A429 84   F0              ANDA #$F0
    477  2     A42B 8A   0B              ORA #$0b
    478  2     A42D C6   00              LDB #$00
    479  5+1   A42F ED   44              STD 4,U
    480  5+4   A431 37   30              PULU X,Y
    481  5+6   A433 34   70              PSHS U,Y,X
    482  3     A435 CC   CBBB            LDD #$cbbb
    483  3     A438 8E   A00A            LDX #$a00a
    484  5+4   A43B 36   16              PSHU D,X
    485  4+1   A43D 33   46              LEAU 6,U
    486
    487  5+3   A43F 37   12              PULU A,X
    488  5+5   A441 34   52              PSHS U,X,A
    489  2     A443 86   00              LDA #$00
    490  3     A445 8E   00AB            LDX #$00ab
    491  5+3   A448 36   12              PSHU A,X
    492  4+1   A44A 33   C8 22           LEAU 34,U
    493
    494  5+6   A44D 37   36              PULU D,X,Y
    495  5+8   A44F 34   76              PSHS U,Y,X,D
    496  3     A451 CC   CCBB            LDD #$ccbb
    497  3     A454 8E   A00A            LDX #$a00a
    498  4     A457 108E B000            LDY #$b000
    499  5+6   A45B 36   36              PSHU D,X,Y
    500  4+1   A45D 33   46              LEAU 6,U
    501
    502  5+3   A45F 37   12              PULU A,X
    503  5+5   A461 34   52              PSHS U,X,A
    504  2     A463 86   00              LDA #$00
    505  3     A465 8E   00AB            LDX #$00ab
    506  5+3   A468 36   12              PSHU A,X
    507  4+1   A46A 33   C8 22           LEAU 34,U
    508
    509  5+6   A46D 37   36              PULU D,X,Y
    510  5+8   A46F 34   76              PSHS U,Y,X,D
    511  3     A471 CC   CCBC            LDD #$ccbc
    512  3     A474 8E   A00A            LDX #$a00a
    513  4     A477 108E CB00            LDY #$cb00
    514  5+6   A47B 36   36              PSHU D,X,Y
    515  4+1   A47D 33   46              LEAU 6,U
    516
    517  5+3   A47F 37   12              PULU A,X
    518  5+5   A481 34   52              PSHS U,X,A
    519  2     A483 86   00              LDA #$00
    520  3     A485 8E   00AB            LDX #$00ab
    521  5+3   A488 36   12              PSHU A,X
    522  4+1   A48A 33   C8 22           LEAU 34,U
    523
    524  5+1   A48D EC   44              LDD 4,U
    525  5+2   A48F 34   06              PSHS D
    526  2     A491 84   F0              ANDA #$F0
    527  2     A493 8A   00              ORA #$00
    528  2     A495 C6   AA              LDB #$aa
    529  5+1   A497 ED   44              STD 4,U
    530  5+4   A499 37   30              PULU X,Y
    531  5+6   A49B 34   70              PSHS U,Y,X
    532  3     A49D CC   DCBD            LDD #$dcbd
    533  3     A4A0 8E   A00A            LDX #$a00a
    534  5+4   A4A3 36   16              PSHU D,X
    535  4+1   A4A5 33   46              LEAU 6,U
    536
    537  5+1   A4A7 EC   C8 22           LDD 34,U
    538  5+2   A4AA 34   06              PSHS D
    539  2     A4AC 84   F0              ANDA #$F0
    540  2     A4AE 8A   0D              ORA #$0d
    541  2     A4B0 C6   BD              LDB #$bd
    542  5+1   A4B2 ED   C8 22           STD 34,U
    543  5+1   A4B5 EC   C8 26           LDD 38,U
    544  5+2   A4B8 34   06              PSHS D
    545  2     A4BA 84   F0              ANDA #$F0
    546  2     A4BC 8A   0D              ORA #$0d
    547  2     A4BE C6   AA              LDB #$aa
    548  5+1   A4C0 ED   C8 26           STD 38,U
    549  5+1   A4C3 AE   C8 24           LDX 36,U
    550  3     A4C6 CC   AA0A            LDD #$aa0a
    551  5+1   A4C9 ED   C8 24           STD 36,U
    552  6+1   A4CC 10AE C8 28           LDY 40,U
    553  5+4   A4D0 34   30              PSHS Y,X
    554  3     A4D2 CC   0000            LDD #$0000
    555  5+1   A4D5 ED   C8 28           STD 40,U
    556  4+1   A4D8 A6   C8 2A           LDA 42,U
    557  5+1   A4DB 34   02              PSHS A
    558  2     A4DD 84   0F              ANDA #$0F
    559  2     A4DF 8A   D0              ORA #$d0
    560  4+1   A4E1 A7   C8 2A           STA 42,U
    561  5+3   A4E4 37   12              PULU A,X
    562  5+5   A4E6 34   52              PSHS U,X,A
    563  3     A4E8 8E   00CD            LDX #$00cd
    564  5+3   A4EB 36   14              PSHU B,X
    565  4+1   A4ED 33   C8 4B           LEAU 75,U
    566
    567  5+1   A4F0 EC   43              LDD 3,U
    568  5+2   A4F2 34   06              PSHS D
    569  2     A4F4 84   0F              ANDA #$0F
    570  2     A4F6 8A   B0              ORA #$b0
    571  2     A4F8 C6   BB              LDB #$bb
    572  5+1   A4FA ED   43              STD 3,U
    573  5+1   A4FC AE   45              LDX 5,U
    574  5+2   A4FE 34   10              PSHS X
    575  3     A500 CC   000A            LDD #$000a
    576  5+1   A503 ED   45              STD 5,U
    577  4+1   A505 A6   C8 26           LDA 38,U
    578  5+1   A508 34   02              PSHS A
    579  2     A50A 84   F0              ANDA #$F0
    580  2     A50C 8A   0D              ORA #$0d
    581  4+1   A50E A7   C8 26           STA 38,U
    582  5+3   A511 37   12              PULU A,X
    583  5+5   A513 34   52              PSHS U,X,A
    584  2     A515 86   BD              LDA #$bd
    585  3     A517 8E   AA0A            LDX #$aa0a
    586  5+3   A51A 36   12              PSHU A,X
    587  4+1   A51C 33   C8 28           LEAU 40,U
    588
    589  4+1   A51F A6   46              LDA 6,U
    590  4+1   A521 E6   C8 26           LDB 38,U
    591  5+2   A524 34   06              PSHS B,A
    592  2     A526 C4   F0              ANDB #$F0
    593  2     A528 CA   0D              ORB #$0d
    594  4+1   A52A E7   C8 26           STB 38,U
    595  2     A52D 86   0C              LDA #$0c
    596  4+1   A52F A7   46              STA 6,U
    597  5+6   A531 37   36              PULU D,X,Y
    598  5+8   A533 34   76              PSHS U,Y,X,D
    599  3     A535 CC   BDAA            LDD #$bdaa
    600  3     A538 8E   0AD0            LDX #$0ad0
    601  4     A53B 108E DDA0            LDY #$dda0
    602  5+6   A53F 36   36              PSHU D,X,Y
    603  4+1   A541 33   C8 28           LEAU 40,U
    604
    605  5+1   A544 EC   43              LDD 3,U
    606  5+2   A546 34   06              PSHS D
    607  2     A548 84   F0              ANDA #$F0
    608  2     A54A C4   F0              ANDB #$F0
    609  4     A54C C3   0B03            ADDD #$0b03
    610  5+1   A54F ED   43              STD 3,U
    611  5+1   A551 AE   45              LDX 5,U
    612  5+2   A553 34   10              PSHS X
    613  3     A555 CC   CAAD            LDD #$caad
    614  5+1   A558 ED   45              STD 5,U
    615  4+1   A55A A6   C8 26           LDA 38,U
    616  5+1   A55D 34   02              PSHS A
    617  2     A55F 84   F0              ANDA #$F0
    618  2     A561 8A   0D              ORA #$0d
    619  4+1   A563 A7   C8 26           STA 38,U
    620  5+3   A566 37   12              PULU A,X
    621  5+5   A568 34   52              PSHS U,X,A
    622  2     A56A 86   CD              LDA #$cd
    623  3     A56C 8E   AA0A            LDX #$aa0a
    624  5+3   A56F 36   12              PSHU A,X
    625  4+1   A571 33   C8 28           LEAU 40,U
    626
    627  5+1   A574 EC   44              LDD 4,U
    628  5+2   A576 34   06              PSHS D
    629  2     A578 84   F0              ANDA #$F0
    630  2     A57A 8A   05              ORA #$05
    631  2     A57C C6   DD              LDB #$dd
    632  5+1   A57E ED   44              STD 4,U
    633  4+1   A580 A6   46              LDA 6,U
    634  4+1   A582 E6   C8 26           LDB 38,U
    635  5+2   A585 34   06              PSHS B,A
    636  2     A587 C4   F0              ANDB #$F0
    637  2     A589 CA   0D              ORB #$0d
    638  4+1   A58B E7   C8 26           STB 38,U
    639  2     A58E 86   D1              LDA #$d1
    640  4+1   A590 A7   46              STA 6,U
    641  5+4   A592 37   30              PULU X,Y
    642  5+6   A594 34   70              PSHS U,Y,X
    643  3     A596 CC   CDAA            LDD #$cdaa
    644  3     A599 8E   0A0D            LDX #$0a0d
    645  5+4   A59C 36   16              PSHU D,X
    646  4+1   A59E 33   C8 28           LEAU 40,U
    647
    648  5+1   A5A1 EC   43              LDD 3,U
    649  5+2   A5A3 34   06              PSHS D
    650  2     A5A5 84   0F              ANDA #$0F
    651  2     A5A7 8A   D0              ORA #$d0
    652  2     A5A9 C6   35              LDB #$35
    653  5+1   A5AB ED   43              STD 3,U
    654  5+1   A5AD AE   45              LDX 5,U
    655  5+2   A5AF 34   10              PSHS X
    656  3     A5B1 CC   3D13            LDD #$3d13
    657  5+1   A5B4 ED   45              STD 5,U
    658  4+1   A5B6 A6   47              LDA 7,U
    659  5+1   A5B8 34   02              PSHS A
    660  2     A5BA 84   0F              ANDA #$0F
    661  2     A5BC 8A   B0              ORA #$b0
    662  4+1   A5BE A7   47              STA 7,U
    663  4+1   A5C0 A6   C8 26           LDA 38,U
    664  5+1   A5C3 34   02              PSHS A
    665  2     A5C5 84   F0              ANDA #$F0
    666  2     A5C7 8A   0D              ORA #$0d
    667  4+1   A5C9 A7   C8 26           STA 38,U
    668  5+3   A5CC 37   12              PULU A,X
    669  5+5   A5CE 34   52              PSHS U,X,A
    670  2     A5D0 86   CD              LDA #$cd
    671  3     A5D2 8E   AA0A            LDX #$aa0a
    672  5+3   A5D5 36   12              PSHU A,X
    673  4+1   A5D7 33   C8 28           LEAU 40,U
    674
    675  5+3   A5DA 37   12              PULU A,X
    676  5+5   A5DC 34   52              PSHS U,X,A
    677  2     A5DE 86   CD              LDA #$cd
    678  3     A5E0 8E   AA0A            LDX #$aa0a
    679  5+3   A5E3 36   12              PSHU A,X
    680  4+1   A5E5 33   44              LEAU 4,U
    681
    682  5+3   A5E7 37   12              PULU A,X
    683  5+5   A5E9 34   52              PSHS U,X,A
    684  2     A5EB 86   37              LDA #$37
    685  3     A5ED 8E   3133            LDX #$3133
    686  5+3   A5F0 36   12              PSHU A,X
    687  4+1   A5F2 33   C8 24           LEAU 36,U
    688
    689  5+3   A5F5 37   12              PULU A,X
    690  5+5   A5F7 34   52              PSHS U,X,A
    691  2     A5F9 86   DD              LDA #$dd
    692  3     A5FB 8E   AA0A            LDX #$aa0a
    693  5+3   A5FE 36   12              PSHU A,X
    694  4+1   A600 33   44              LEAU 4,U
    695
    696  5+4   A602 37   30              PULU X,Y
    697  5+6   A604 34   70              PSHS U,Y,X
    698  3     A606 CC   7651            LDD #$7651
    699  3     A609 8E   DDD0            LDX #$ddd0
    700  5+4   A60C 36   16              PSHU D,X
    701  4+1   A60E 33   C8 24           LEAU 36,U
    702
    703  5+3   A611 37   12              PULU A,X
    704  5+5   A613 34   52              PSHS U,X,A
    705  2     A615 86   DD              LDA #$dd
    706  3     A617 8E   AA0A            LDX #$aa0a
    707  5+3   A61A 36   12              PSHU A,X
    708  4+1   A61C 33   44              LEAU 4,U
    709
    710  5+4   A61E 37   30              PULU X,Y
    711  5+6   A620 34   70              PSHS U,Y,X
    712  3     A622 CC   767B            LDD #$767b
    713  3     A625 8E   CC00            LDX #$cc00
    714  5+4   A628 36   16              PSHU D,X
    715  4+1   A62A 33   C8 24           LEAU 36,U
    716
    717  5+1   A62D EC   43              LDD 3,U
    718  5+2   A62F 34   06              PSHS D
    719  2     A631 84   0F              ANDA #$0F
    720  2     A633 8A   50              ORA #$50
    721  2     A635 C6   66              LDB #$66
    722  5+1   A637 ED   43              STD 3,U
    723  5+3   A639 37   12              PULU A,X
    724  5+5   A63B 34   52              PSHS U,X,A
    725  2     A63D 86   DD              LDA #$dd
    726  3     A63F 8E   AA0A            LDX #$aa0a
    727  5+3   A642 36   12              PSHU A,X
    728  4+1   A644 33   45              LEAU 5,U
    729
    730  5+3   A646 37   12              PULU A,X
    731  5+5   A648 34   52              PSHS U,X,A
    732  2     A64A 86   65              LDA #$65
    733  3     A64C 8E   CB0D            LDX #$cb0d
    734  5+3   A64F 36   12              PSHU A,X
    735  4+1   A651 33   C8 23           LEAU 35,U
    736
    737  5+1   A654 EC   43              LDD 3,U
    738  5+2   A656 34   06              PSHS D
    739  2     A658 84   0F              ANDA #$0F
    740  2     A65A 8A   50              ORA #$50
    741  2     A65C C6   66              LDB #$66
    742  5+1   A65E ED   43              STD 3,U
    743  5+3   A660 37   12              PULU A,X
    744  5+5   A662 34   52              PSHS U,X,A
    745  2     A664 86   DD              LDA #$dd
    746  3     A666 8E   AB06            LDX #$ab06
    747  5+3   A669 36   12              PSHU A,X
    748  4+1   A66B 33   45              LEAU 5,U
    749
    750  5+3   A66D 37   12              PULU A,X
    751  5+5   A66F 34   52              PSHS U,X,A
    752  2     A671 86   67              LDA #$67
    753  3     A673 8E   BA0D            LDX #$ba0d
    754  5+3   A676 36   12              PSHU A,X
    755  4+1   A678 33   C8 23           LEAU 35,U
    756
    757  5+1   A67B EC   43              LDD 3,U
    758  5+2   A67D 34   06              PSHS D
    759  2     A67F 84   0F              ANDA #$0F
    760  2     A681 8A   50              ORA #$50
    761  2     A683 C6   56              LDB #$56
    762  5+1   A685 ED   43              STD 3,U
    763  5+3   A687 37   12              PULU A,X
    764  5+5   A689 34   52              PSHS U,X,A
    765  2     A68B 86   DD              LDA #$dd
    766  3     A68D 8E   B6B6            LDX #$b6b6
    767  5+3   A690 36   12              PSHU A,X
    768  4+1   A692 33   45              LEAU 5,U
    769
    770  5+3   A694 37   12              PULU A,X
    771  5+5   A696 34   52              PSHS U,X,A
    772  2     A698 86   67              LDA #$67
    773  3     A69A 8E   A00D            LDX #$a00d
    774  5+3   A69D 36   12              PSHU A,X
    775  4+1   A69F 33   C8 23           LEAU 35,U
    776
    777  5+1   A6A2 AE   45              LDX 5,U
    778  5+2   A6A4 34   10              PSHS X
    779  2     A6A6 C6   00              LDB #$00
    780  5+1   A6A8 ED   45              STD 5,U
    781  5+1   A6AA EC   43              LDD 3,U
    782  5+2   A6AC 34   06              PSHS D
    783  2     A6AE 84   0F              ANDA #$0F
    784  2     A6B0 8A   70              ORA #$70
    785  2     A6B2 C6   57              LDB #$57
    786  5+1   A6B4 ED   43              STD 3,U
    787  4+1   A6B6 A6   47              LDA 7,U
    788  5+1   A6B8 34   02              PSHS A
    789  2     A6BA 84   0F              ANDA #$0F
    790  2     A6BC 8A   00              ORA #$00
    791  4+1   A6BE A7   47              STA 7,U
    792  5+3   A6C0 37   12              PULU A,X
    793  5+5   A6C2 34   52              PSHS U,X,A
    794  2     A6C4 86   DD              LDA #$dd
    795  3     A6C6 8E   B666            LDX #$b666
    796  5+3   A6C9 36   12              PSHU A,X
    797  4+1   A6CB 33   C8 28           LEAU 40,U
    798
    799  5+1   A6CE EC   43              LDD 3,U
    800  5+2   A6D0 34   06              PSHS D
    801  2     A6D2 84   0F              ANDA #$0F
    802  2     A6D4 8A   70              ORA #$70
    803  2     A6D6 C6   57              LDB #$57
    804  5+1   A6D8 ED   43              STD 3,U
    805  5+3   A6DA 37   12              PULU A,X
    806  5+5   A6DC 34   52              PSHS U,X,A
    807  2     A6DE 86   DD              LDA #$dd
    808  3     A6E0 8E   C666            LDX #$c666
    809  5+3   A6E3 36   12              PSHU A,X
    810  4+1   A6E5 33   45              LEAU 5,U
    811
    812  5+1   A6E7 EC   C8 23           LDD 35,U
    813  5+2   A6EA 34   06              PSHS D
    814  2     A6EC 84   F0              ANDA #$F0
    815  2     A6EE 8A   0D              ORA #$0d
    816  2     A6F0 C6   C6              LDB #$c6
    817  5+1   A6F2 ED   C8 23           STD 35,U
    818  5+1   A6F5 EC   C8 25           LDD 37,U
    819  5+2   A6F8 34   06              PSHS D
    820  2     A6FA 86   66              LDA #$66
    821  2     A6FC C4   0F              ANDB #$0F
    822  2     A6FE CA   70              ORB #$70
    823  5+1   A700 ED   C8 25           STD 37,U
    824  5+3   A703 37   12              PULU A,X
    825  5+5   A705 34   52              PSHS U,X,A
    826  2     A707 86   66              LDA #$66
    827  3     A709 8E   000A            LDX #$000a
    828  5+3   A70C 36   12              PSHU A,X
    829  4+1   A70E 33   C8 27           LEAU 39,U
    830
    831  5+1   A711 EC   C8 24           LDD 36,U
    832  5+2   A714 34   06              PSHS D
    833  2     A716 84   F0              ANDA #$F0
    834  2     A718 8A   03              ORA #$03
    835  2     A71A C6   76              LDB #$76
    836  5+1   A71C ED   C8 24           STD 36,U
    837  5+4   A71F 37   30              PULU X,Y
    838  5+6   A721 34   70              PSHS U,Y,X
    839  3     A723 CC   3366            LDD #$3366
    840  3     A726 8E   00DA            LDX #$00da
    841  5+4   A729 36   16              PSHU D,X
    842  4+1   A72B 33   C8 26           LEAU 38,U
    843
    844  5+1   A72E EC   C8 26           LDD 38,U
    845  5+2   A731 34   06              PSHS D
    846  2     A733 84   F0              ANDA #$F0
    847  2     A735 8A   03              ORA #$03
    848  2     A737 C6   76              LDB #$76
    849  5+1   A739 ED   C8 26           STD 38,U
    850  5+1   A73C EC   C8 4E           LDD 78,U
    851  5+2   A73F 34   06              PSHS D
    852  2     A741 84   F0              ANDA #$F0
    853  2     A743 8A   03              ORA #$03
    854  2     A745 C6   76              LDB #$76
    855  5+1   A747 ED   C8 4E           STD 78,U
    856  4+1   A74A A6   C8 28           LDA 40,U
    857  4+1   A74D E6   C8 76           LDB 118,U
    858  5+2   A750 34   06              PSHS B,A
    859  2     A752 C4   F0              ANDB #$F0
    860  2     A754 CA   03              ORB #$03
    861  4+1   A756 E7   C8 76           STB 118,U
    862  2     A759 86   66              LDA #$66
    863  4+1   A75B A7   C8 28           STA 40,U
    864  5+4   A75E 37   30              PULU X,Y
    865  5+6   A760 34   70              PSHS U,Y,X
    866  2     A762 C6   75              LDB #$75
    867  3     A764 8E   3566            LDX #$3566
    868  5+4   A767 36   16              PSHU D,X
    869        A769               DYN_POS
    870
    871  3     A769 CE   0000            LDU #$0000
    872  4+4   A76C 33   C9 02D5         LEAU 725,U
    873
    874  4+0   A770 A6   C4              LDA ,U
    875  5+3   A772 34   42              PSHS U,A
    876  2     A774 86   33              LDA #$33
    877  4+0   A776 A7   C4              STA ,U
    878  4+4   A778 33   C9 00A0         LEAU 160,U
    879
    880  4+1   A77C A6   C8 88           LDA -120,U
    881  4+1   A77F E6   44              LDB 4,U
    882  5+2   A781 34   06              PSHS B,A
    883  2     A783 86   65              LDA #$65
    884  4+1   A785 A7   C8 88           STA -120,U
    885  5+1   A788 EC   C8 B0           LDD -80,U
    886  5+2   A78B 34   06              PSHS D
    887  2     A78D 86   66              LDA #$66
    888  2     A78F C4   0F              ANDB #$0F
    889  2     A791 CA   30              ORB #$30
    890  5+1   A793 ED   C8 B0           STD -80,U
    891  5+1   A796 EC   C8 D8           LDD -40,U
    892  5+2   A799 34   06              PSHS D
    893  2     A79B 86   63              LDA #$63
    894  2     A79D C4   0F              ANDB #$0F
    895  2     A79F CA   50              ORB #$50
    896  5+1   A7A1 ED   C8 D8           STD -40,U
    897  4+1   A7A4 A6   C8 B4           LDA -76,U
    898  5+1   A7A7 34   02              PSHS A
    899  2     A7A9 84   F0              ANDA #$F0
    900  2     A7AB 8A   05              ORA #$05
    901  4+1   A7AD A7   C8 B4           STA -76,U
    902  4+1   A7B0 A6   C8 DC           LDA -36,U
    903  5+1   A7B3 34   02              PSHS A
    904  2     A7B5 84   F0              ANDA #$F0
    905  2     A7B7 8A   06              ORA #$06
    906  4+1   A7B9 A7   C8 DC           STA -36,U
    907  2     A7BC 86   66              LDA #$66
    908  4+1   A7BE A7   44              STA 4,U
    909  5+3   A7C0 37   12              PULU A,X
    910  5+5   A7C2 34   52              PSHS U,X,A
    911  2     A7C4 86   63              LDA #$63
    912  3     A7C6 8E   6355            LDX #$6355
    913  5+3   A7C9 36   12              PSHU A,X
    914  4+1   A7CB 33   C8 28           LEAU 40,U
    915
    916  5+5   A7CE 37   32              PULU A,X,Y
    917  5+7   A7D0 34   72              PSHS U,Y,X,A
    918  2     A7D2 86   53              LDA #$53
    919  3     A7D4 8E   D657            LDX #$d657
    920  4     A7D7 108E 5563            LDY #$5563
    921  5+5   A7DB 36   32              PSHU A,X,Y
    922  4+1   A7DD 33   C8 28           LEAU 40,U
    923
    924  5+5   A7E0 37   32              PULU A,X,Y
    925  5+7   A7E2 34   72              PSHS U,Y,X,A
    926  2     A7E4 86   53              LDA #$53
    927  3     A7E6 8E   D676            LDX #$d676
    928  4     A7E9 108E 6760            LDY #$6760
    929  5+5   A7ED 36   32              PSHU A,X,Y
    930  4+1   A7EF 33   C8 28           LEAU 40,U
    931
    932  5+5   A7F2 37   32              PULU A,X,Y
    933  5+7   A7F4 34   72              PSHS U,Y,X,A
    934  2     A7F6 86   53              LDA #$53
    935  3     A7F8 8E   CD66            LDX #$cd66
    936  4     A7FB 108E 6630            LDY #$6630
    937  5+5   A7FF 36   32              PSHU A,X,Y
    938  4+1   A801 33   C8 28           LEAU 40,U
    939
    940  5+6   A804 37   36              PULU D,X,Y
    941  5+8   A806 34   76              PSHS U,Y,X,D
    942  3     A808 CC   56BC            LDD #$56bc
    943  3     A80B 8E   6666            LDX #$6666
    944  4     A80E 108E 5366            LDY #$5366
    945  5+6   A812 36   36              PSHU D,X,Y
    946  4+1   A814 33   C8 28           LEAU 40,U
    947
    948  5+1   A817 EC   C8 28           LDD 40,U
    949  5+2   A81A 34   06              PSHS D
    950  2     A81C 84   F0              ANDA #$F0
    951  2     A81E 8A   06              ORA #$06
    952  2     A820 C6   CC              LDB #$cc
    953  5+1   A822 ED   C8 28           STD 40,U
    954  4+1   A825 A6   46              LDA 6,U
    955  5+1   A827 34   02              PSHS A
    956  2     A829 86   75              LDA #$75
    957  4+1   A82B A7   46              STA 6,U
    958  5+6   A82D 37   36              PULU D,X,Y
    959  5+8   A82F 34   76              PSHS U,Y,X,D
    960  3     A831 CC   56DD            LDD #$56dd
    961  3     A834 8E   6666            LDX #$6666
    962  4     A837 108E 7573            LDY #$7573
    963  5+6   A83B 36   36              PSHU D,X,Y
    964  4+1   A83D 33   C8 2A           LEAU 42,U
    965
    966  5+1   A840 EC   43              LDD 3,U
    967  5+2   A842 34   06              PSHS D
    968  2     A844 84   0F              ANDA #$0F
    969  2     A846 C4   F0              ANDB #$F0
    970  4     A848 C3   3003            ADDD #$3003
    971  5+1   A84B ED   43              STD 3,U
    972  5+1   A84D EC   C8 26           LDD 38,U
    973  5+2   A850 34   06              PSHS D
    974  2     A852 84   F0              ANDA #$F0
    975  2     A854 8A   06              ORA #$06
    976  2     A856 C6   BC              LDB #$bc
    977  5+1   A858 ED   C8 26           STD 38,U
    978  5+3   A85B 37   12              PULU A,X
    979  5+5   A85D 34   52              PSHS U,X,A
    980  2     A85F 86   66              LDA #$66
    981  3     A861 8E   6677            LDX #$6677
    982  5+3   A864 36   12              PSHU A,X
    983  4+1   A866 33   C8 28           LEAU 40,U
    984
    985  5+1   A869 EC   C8 26           LDD 38,U
    986  5+2   A86C 34   06              PSHS D
    987  2     A86E 84   F0              ANDA #$F0
    988  2     A870 8A   06              ORA #$06
    989  2     A872 C6   05              LDB #$05
    990  5+1   A874 ED   C8 26           STD 38,U
    991  5+4   A877 37   30              PULU X,Y
    992  5+6   A879 34   70              PSHS U,Y,X
    993  3     A87B CC   6666            LDD #$6666
    994  3     A87E 8E   6773            LDX #$6773
    995  5+4   A881 36   16              PSHU D,X
    996  4+1   A883 33   C8 28           LEAU 40,U
    997
    998  5+1   A886 EC   C8 26           LDD 38,U
    999  5+2   A889 34   06              PSHS D
   1000  2     A88B 84   F0              ANDA #$F0
   1001  2     A88D 8A   05              ORA #$05
   1002  2     A88F C6   B7              LDB #$b7
   1003  5+1   A891 ED   C8 26           STD 38,U
   1004  5+4   A894 37   30              PULU X,Y
   1005  5+6   A896 34   70              PSHS U,Y,X
   1006  3     A898 CC   6666            LDD #$6666
   1007  3     A89B 8E   6757            LDX #$6757
   1008  5+4   A89E 36   16              PSHU D,X
   1009  4+1   A8A0 33   C8 28           LEAU 40,U
   1010
   1011  5+1   A8A3 EC   C8 26           LDD 38,U
   1012  5+2   A8A6 34   06              PSHS D
   1013  2     A8A8 84   F0              ANDA #$F0
   1014  2     A8AA 8A   05              ORA #$05
   1015  2     A8AC C6   B7              LDB #$b7
   1016  5+1   A8AE ED   C8 26           STD 38,U
   1017  5+4   A8B1 37   30              PULU X,Y
   1018  5+6   A8B3 34   70              PSHS U,Y,X
   1019  3     A8B5 CC   6666            LDD #$6666
   1020  3     A8B8 8E   6653            LDX #$6653
   1021  5+4   A8BB 36   16              PSHU D,X
   1022  4+1   A8BD 33   C8 28           LEAU 40,U
   1023
   1024  5+1   A8C0 EC   C8 26           LDD 38,U
   1025  5+2   A8C3 34   06              PSHS D
   1026  2     A8C5 84   F0              ANDA #$F0
   1027  2     A8C7 8A   05              ORA #$05
   1028  2     A8C9 C6   56              LDB #$56
   1029  5+1   A8CB ED   C8 26           STD 38,U
   1030  4+1   A8CE A6   43              LDA 3,U
   1031  5+1   A8D0 34   02              PSHS A
   1032  2     A8D2 84   0F              ANDA #$0F
   1033  2     A8D4 8A   70              ORA #$70
   1034  4+1   A8D6 A7   43              STA 3,U
   1035  5+3   A8D8 37   12              PULU A,X
   1036  5+5   A8DA 34   52              PSHS U,X,A
   1037  2     A8DC 86   66              LDA #$66
   1038  3     A8DE 8E   6666            LDX #$6666
   1039  5+3   A8E1 36   12              PSHU A,X
   1040  4+1   A8E3 33   C8 28           LEAU 40,U
   1041
   1042  4+1   A8E6 A6   44              LDA 4,U
   1043  5+1   A8E8 34   02              PSHS A
   1044  2     A8EA 84   0F              ANDA #$0F
   1045  2     A8EC 8A   50              ORA #$50
   1046  4+1   A8EE A7   44              STA 4,U
   1047  5+4   A8F0 37   30              PULU X,Y
   1048  5+6   A8F2 34   70              PSHS U,Y,X
   1049  3     A8F4 CC   6666            LDD #$6666
   1050  3     A8F7 8E   6675            LDX #$6675
   1051  5+4   A8FA 36   16              PSHU D,X
   1052  4+1   A8FC 33   C8 27           LEAU 39,U
   1053
   1054  4+1   A8FF A6   45              LDA 5,U
   1055  5+1   A901 34   02              PSHS A
   1056  2     A903 84   0F              ANDA #$0F
   1057  2     A905 8A   30              ORA #$30
   1058  4+1   A907 A7   45              STA 5,U
   1059  5+5   A909 37   32              PULU A,X,Y
   1060  5+7   A90B 34   72              PSHS U,Y,X,A
   1061  2     A90D 86   56              LDA #$56
   1062  3     A90F 8E   6666            LDX #$6666
   1063  4     A912 108E 6635            LDY #$6635
   1064  5+5   A916 36   32              PSHU A,X,Y
   1065  4+1   A918 33   C8 28           LEAU 40,U
   1066
   1067  5+1   A91B EC   44              LDD 4,U
   1068  5+2   A91D 34   06              PSHS D
   1069  2     A91F 84   F0              ANDA #$F0
   1070  2     A921 C4   F0              ANDB #$F0
   1071  4     A923 C3   0305            ADDD #$0305
   1072  5+1   A926 ED   44              STD 4,U
   1073  5+4   A928 37   30              PULU X,Y
   1074  5+6   A92A 34   70              PSHS U,Y,X
   1075  3     A92C CC   7666            LDD #$7666
   1076  3     A92F 8E   7667            LDX #$7667
   1077  5+4   A932 36   16              PSHU D,X
   1078  4+1   A934 33   C8 28           LEAU 40,U
   1079
   1080  5+4   A937 37   30              PULU X,Y
   1081  5+6   A939 34   70              PSHS U,Y,X
   1082  3     A93B 8E   B76B            LDX #$b76b
   1083  5+4   A93E 36   16              PSHU D,X
   1084  4+1   A940 33   C8 28           LEAU 40,U
   1085
   1086  5+4   A943 37   30              PULU X,Y
   1087  5+6   A945 34   70              PSHS U,Y,X
   1088  3     A947 8E   AB7A            LDX #$ab7a
   1089  5+4   A94A 36   16              PSHU D,X
   1090  4+1   A94C 33   C8 28           LEAU 40,U
   1091
   1092  5+4   A94F 37   30              PULU X,Y
   1093  5+6   A951 34   70              PSHS U,Y,X
   1094  3     A953 8E   AA7A            LDX #$aa7a
   1095  5+4   A956 36   16              PSHU D,X
   1096  4+1   A958 33   C8 28           LEAU 40,U
   1097
   1098  5+1   A95B EC   C8 24           LDD 36,U
   1099  5+2   A95E 34   06              PSHS D
   1100  2     A960 84   F0              ANDA #$F0
   1101  2     A962 C4   0F              ANDB #$0F
   1102  4     A964 C3   0CC0            ADDD #$0cc0
   1103  5+1   A967 ED   C8 24           STD 36,U
   1104  5+4   A96A 37   30              PULU X,Y
   1105  5+6   A96C 34   70              PSHS U,Y,X
   1106  3     A96E CC   7666            LDD #$7666
   1107  3     A971 8E   00D0            LDX #$00d0
   1108  5+4   A974 36   16              PSHU D,X
   1109  4+1   A976 33   C8 28           LEAU 40,U
   1110
   1111  5+1   A979 AE   C8 24           LDX 36,U
   1112  5+2   A97C 34   10              PSHS X
   1113  3     A97E CC   CB0C            LDD #$cb0c
   1114  5+1   A981 ED   C8 24           STD 36,U
   1115  5+4   A984 37   16              PULU D,X
   1116  5+6   A986 34   56              PSHS U,X,D
   1117  3     A988 CC   7666            LDD #$7666
   1118  3     A98B 8E   00D0            LDX #$00d0
   1119  5+4   A98E 36   16              PSHU D,X
   1120  4+1   A990 33   C8 28           LEAU 40,U
   1121
   1122  5+1   A993 AE   C8 24           LDX 36,U
   1123  5+2   A996 34   10              PSHS X
   1124  3     A998 CC   DB00            LDD #$db00
   1125  5+1   A99B ED   C8 24           STD 36,U
   1126  5+4   A99E 37   16              PULU D,X
   1127  5+6   A9A0 34   56              PSHS U,X,D
   1128  3     A9A2 CC   7666            LDD #$7666
   1129  3     A9A5 8E   0010            LDX #$0010
   1130  5+4   A9A8 36   16              PSHU D,X
   1131  4+1   A9AA 33   C8 28           LEAU 40,U
   1132
   1133  5+1   A9AD EC   C8 24           LDD 36,U
   1134  5+2   A9B0 34   06              PSHS D
   1135  2     A9B2 84   F0              ANDA #$F0
   1136  2     A9B4 8A   0D              ORA #$0d
   1137  2     A9B6 C6   00              LDB #$00
   1138  5+1   A9B8 ED   C8 24           STD 36,U
   1139  4+1   A9BB A6   C8 26           LDA 38,U
   1140  5+1   A9BE 34   02              PSHS A
   1141  2     A9C0 84   0F              ANDA #$0F
   1142  2     A9C2 8A   C0              ORA #$c0
   1143  4+1   A9C4 A7   C8 26           STA 38,U
   1144  5+4   A9C7 37   30              PULU X,Y
   1145  5+6   A9C9 34   70              PSHS U,Y,X
   1146  3     A9CB CC   7666            LDD #$7666
   1147  3     A9CE 8E   0010            LDX #$0010
   1148  5+4   A9D1 36   16              PSHU D,X
   1149  4+1   A9D3 33   C8 28           LEAU 40,U
   1150
   1151  5+1   A9D6 AE   C8 25           LDX 37,U
   1152  5+2   A9D9 34   10              PSHS X
   1153  3     A9DB CC   000C            LDD #$000c
   1154  5+1   A9DE ED   C8 25           STD 37,U
   1155  5+4   A9E1 37   16              PULU D,X
   1156  5+6   A9E3 34   56              PSHS U,X,D
   1157  3     A9E5 CC   7666            LDD #$7666
   1158  3     A9E8 8E   001A            LDX #$001a
   1159  5+4   A9EB 36   16              PSHU D,X
   1160  4+1   A9ED 33   C8 28           LEAU 40,U
   1161
   1162  5+1   A9F0 AE   C8 25           LDX 37,U
   1163  5+2   A9F3 34   10              PSHS X
   1164  3     A9F5 CC   A00B            LDD #$a00b
   1165  5+1   A9F8 ED   C8 25           STD 37,U
   1166  5+4   A9FB 37   16              PULU D,X
   1167  5+6   A9FD 34   56              PSHS U,X,D
   1168  3     A9FF CC   7666            LDD #$7666
   1169  3     AA02 8E   00DB            LDX #$00db
   1170  5+4   AA05 36   16              PSHU D,X
   1171  4+1   AA07 33   C8 28           LEAU 40,U
   1172
   1173  5+1   AA0A AE   C8 25           LDX 37,U
   1174  5+2   AA0D 34   10              PSHS X
   1175  4+1   AA0F A6   45              LDA 5,U
   1176  5+1   AA11 34   02              PSHS A
   1177  2     AA13 84   F0              ANDA #$F0
   1178  2     AA15 8A   06              ORA #$06
   1179  4+1   AA17 A7   45              STA 5,U
   1180  3     AA19 CC   A00A            LDD #$a00a
   1181  5+1   AA1C ED   C8 25           STD 37,U
   1182  5+4   AA1F 37   30              PULU X,Y
   1183  5+6   AA21 34   70              PSHS U,Y,X
   1184  3     AA23 CC   7766            LDD #$7766
   1185  3     AA26 8E   00D6            LDX #$00d6
   1186  5+4   AA29 36   16              PSHU D,X
   1187  4+1   AA2B 33   C8 28           LEAU 40,U
   1188
   1189  5+1   AA2E AE   C8 25           LDX 37,U
   1190  5+2   AA31 34   10              PSHS X
   1191  4+1   AA33 A6   45              LDA 5,U
   1192  5+1   AA35 34   02              PSHS A
   1193  2     AA37 84   F0              ANDA #$F0
   1194  2     AA39 8A   06              ORA #$06
   1195  4+1   AA3B A7   45              STA 5,U
   1196  3     AA3D CC   A000            LDD #$a000
   1197  5+1   AA40 ED   C8 25           STD 37,U
   1198  5+4   AA43 37   30              PULU X,Y
   1199  5+6   AA45 34   70              PSHS U,Y,X
   1200  3     AA47 CC   7766            LDD #$7766
   1201  3     AA4A 8E   00D6            LDX #$00d6
   1202  5+4   AA4D 36   16              PSHU D,X
   1203  4+1   AA4F 33   C8 28           LEAU 40,U
   1204
   1205  5+1   AA52 AE   C8 25           LDX 37,U
   1206  5+2   AA55 34   10              PSHS X
   1207  4+1   AA57 A6   44              LDA 4,U
   1208  5+1   AA59 34   02              PSHS A
   1209  2     AA5B 84   0F              ANDA #$0F
   1210  2     AA5D 8A   C0              ORA #$c0
   1211  4+1   AA5F A7   44              STA 4,U
   1212  3     AA61 CC   AA00            LDD #$aa00
   1213  5+1   AA64 ED   C8 25           STD 37,U
   1214  5+4   AA67 37   30              PULU X,Y
   1215  5+6   AA69 34   70              PSHS U,Y,X
   1216  3     AA6B CC   7766            LDD #$7766
   1217  3     AA6E 8E   00D7            LDX #$00d7
   1218  5+4   AA71 36   16              PSHU D,X
   1219  4+1   AA73 33   C8 28           LEAU 40,U
   1220
   1221  5+1   AA76 EC   C8 24           LDD 36,U
   1222  5+2   AA79 34   06              PSHS D
   1223  2     AA7B 84   F0              ANDA #$F0
   1224  2     AA7D 8A   0D              ORA #$0d
   1225  2     AA7F C6   BA              LDB #$ba
   1226  5+1   AA81 ED   C8 24           STD 36,U
   1227  4+1   AA84 A6   C8 26           LDA 38,U
   1228  5+1   AA87 34   02              PSHS A
   1229  2     AA89 86   00              LDA #$00
   1230  4+1   AA8B A7   C8 26           STA 38,U
   1231  5+5   AA8E 37   32              PULU A,X,Y
   1232  5+7   AA90 34   72              PSHS U,Y,X,A
   1233  2     AA92 86   0B              LDA #$0b
   1234  3     AA94 8E   6600            LDX #$6600
   1235  4     AA97 108E A71B            LDY #$a71b
   1236  5+5   AA9B 36   32              PSHU A,X,Y
   1237  4+1   AA9D 33   C8 28           LEAU 40,U
   1238
   1239  5+1   AAA0 AE   C8 25           LDX 37,U
   1240  5+2   AAA3 34   10              PSHS X
   1241  3     AAA5 CC   BA00            LDD #$ba00
   1242  5+1   AAA8 ED   C8 25           STD 37,U
   1243  5+1   AAAB EC   C8 27           LDD 39,U
   1244  5+2   AAAE 34   06              PSHS D
   1245  2     AAB0 84   0F              ANDA #$0F
   1246  2     AAB2 8A   C0              ORA #$c0
   1247  2     AAB4 C6   D0              LDB #$d0
   1248  5+1   AAB6 ED   C8 27           STD 39,U
   1249  5+5   AAB9 37   32              PULU A,X,Y
   1250  5+7   AABB 34   72              PSHS U,Y,X,A
   1251  2     AABD 86   B0              LDA #$b0
   1252  3     AABF 8E   6600            LDX #$6600
   1253  4     AAC2 108E AA11            LDY #$aa11
   1254  5+5   AAC6 36   32              PSHU A,X,Y
   1255  4+1   AAC8 33   C8 29           LEAU 41,U
   1256
   1257  5+1   AACB AE   C8 24           LDX 36,U
   1258  5+2   AACE 34   10              PSHS X
   1259  5+1   AAD0 EC   C8 26           LDD 38,U
   1260  5+2   AAD3 34   06              PSHS D
   1261  2     AAD5 84   0F              ANDA #$0F
   1262  2     AAD7 8A   C0              ORA #$c0
   1263  2     AAD9 C6   BB              LDB #$bb
   1264  5+1   AADB ED   C8 26           STD 38,U
   1265  3     AADE CC   BA00            LDD #$ba00
   1266  5+1   AAE1 ED   C8 24           STD 36,U
   1267  5+4   AAE4 37   30              PULU X,Y
   1268  5+6   AAE6 34   70              PSHS U,Y,X
   1269  2     AAE8 86   66              LDA #$66
   1270  3     AAEA 8E   0A11            LDX #$0a11
   1271  5+4   AAED 36   16              PSHU D,X
   1272  4+1   AAEF 33   C8 28           LEAU 40,U
   1273
   1274  5+4   AAF2 37   30              PULU X,Y
   1275  5+6   AAF4 34   70              PSHS U,Y,X
   1276  2     AAF6 86   A0              LDA #$a0
   1277  3     AAF8 8E   00CD            LDX #$00cd
   1278  5+4   AAFB 36   16              PSHU D,X
   1279  4+1   AAFD 33   C8 23           LEAU 35,U
   1280
   1281  5+6   AB00 37   36              PULU D,X,Y
   1282  5+8   AB02 34   76              PSHS U,Y,X,D
   1283  3     AB04 CC   DDBA            LDD #$ddba
   1284  3     AB07 8E   00CC            LDX #$00cc
   1285  4     AB0A 108E 0000            LDY #$0000
   1286  5+6   AB0E 36   36              PSHU D,X,Y
   1287  4+1   AB10 33   46              LEAU 6,U
   1288
   1289  5+3   AB12 37   12              PULU A,X
   1290  5+5   AB14 34   52              PSHS U,X,A
   1291  2     AB16 86   00              LDA #$00
   1292  3     AB18 8E   00CD            LDX #$00cd
   1293  5+3   AB1B 36   12              PSHU A,X
   1294  4+1   AB1D 33   C8 22           LEAU 34,U
   1295
   1296  5+1   AB20 AE   46              LDX 6,U
   1297  6+1   AB22 10AF 46              STY 6,U
   1298  6+1   AB25 10AE C8 29           LDY 41,U
   1299  5+4   AB29 34   30              PSHS Y,X
   1300  4+1   AB2B A6   48              LDA 8,U
   1301  5+1   AB2D 34   02              PSHS A
   1302  2     AB2F 84   0F              ANDA #$0F
   1303  2     AB31 8A   B0              ORA #$b0
   1304  4+1   AB33 A7   48              STA 8,U
   1305  5+1   AB35 EC   C8 27           LDD 39,U
   1306  5+2   AB38 34   06              PSHS D
   1307  2     AB3A 84   F0              ANDA #$F0
   1308  2     AB3C 8A   0D              ORA #$0d
   1309  2     AB3E C6   BB              LDB #$bb
   1310  5+1   AB40 ED   C8 27           STD 39,U
   1311  5+1   AB43 EC   C8 2B           LDD 43,U
   1312  5+2   AB46 34   06              PSHS D
   1313  2     AB48 84   0F              ANDA #$0F
   1314  2     AB4A 8A   B0              ORA #$b0
   1315  2     AB4C C6   00              LDB #$00
   1316  5+1   AB4E ED   C8 2B           STD 43,U
   1317  3     AB51 CC   AA00            LDD #$aa00
   1318  5+1   AB54 ED   C8 29           STD 41,U
   1319  5+6   AB57 37   36              PULU D,X,Y
   1320  5+8   AB59 34   76              PSHS U,Y,X,D
   1321  3     AB5B CC   BBBA            LDD #$bbba
   1322  3     AB5E 8E   00BD            LDX #$00bd
   1323  4     AB61 108E B000            LDY #$b000
   1324  5+6   AB65 36   36              PSHU D,X,Y
   1325  4+1   AB67 33   C8 2D           LEAU 45,U
   1326
   1327  5+1   AB6A EC   C8 22           LDD 34,U
   1328  5+2   AB6D 34   06              PSHS D
   1329  2     AB6F 84   F0              ANDA #$F0
   1330  2     AB71 8A   0C              ORA #$0c
   1331  2     AB73 C6   CB              LDB #$cb
   1332  5+1   AB75 ED   C8 22           STD 34,U
   1333  5+1   AB78 EC   C8 26           LDD 38,U
   1334  5+2   AB7B 34   06              PSHS D
   1335  2     AB7D 84   0F              ANDA #$0F
   1336  2     AB7F 8A   B0              ORA #$b0
   1337  2     AB81 C6   00              LDB #$00
   1338  5+1   AB83 ED   C8 26           STD 38,U
   1339  4+1   AB86 A6   43              LDA 3,U
   1340  5+1   AB88 34   02              PSHS A
   1341  2     AB8A 84   0F              ANDA #$0F
   1342  2     AB8C 8A   B0              ORA #$b0
   1343  4+1   AB8E A7   43              STA 3,U
   1344  5+1   AB90 AE   C8 24           LDX 36,U
   1345  5+2   AB93 34   10              PSHS X
   1346  3     AB95 CC   AA00            LDD #$aa00
   1347  5+1   AB98 ED   C8 24           STD 36,U
   1348  5+3   AB9B 37   12              PULU A,X
   1349  5+5   AB9D 34   52              PSHS U,X,A
   1350  3     AB9F 8E   0000            LDX #$0000
   1351  5+3   ABA2 36   14              PSHU B,X
   1352  4+1   ABA4 33   C8 28           LEAU 40,U
   1353
   1354  4+1   ABA7 A6   43              LDA 3,U
   1355  5+1   ABA9 34   02              PSHS A
   1356  2     ABAB 84   0F              ANDA #$0F
   1357  2     ABAD 8A   D0              ORA #$d0
   1358  4+1   ABAF A7   43              STA 3,U
   1359  5+3   ABB1 37   12              PULU A,X
   1360  5+5   ABB3 34   52              PSHS U,X,A
   1361  3     ABB5 8E   5300            LDX #$5300
   1362  5+3   ABB8 36   14              PSHU B,X
   1363  4+1   ABBA 33   C8 22           LEAU 34,U
   1364
   1365  5+6   ABBD 37   36              PULU D,X,Y
   1366  5+8   ABBF 34   76              PSHS U,Y,X,D
   1367  3     ABC1 CC   DCCB            LDD #$dccb
   1368  3     ABC4 8E   AA00            LDX #$aa00
   1369  4     ABC7 108E AC00            LDY #$ac00
   1370  5+6   ABCB 36   36              PSHU D,X,Y
   1371  4+1   ABCD 33   46              LEAU 6,U
   1372
   1373  5+3   ABCF 37   12              PULU A,X
   1374  5+5   ABD1 34   52              PSHS U,X,A
   1375  2     ABD3 86   00              LDA #$00
   1376  3     ABD5 8E   6500            LDX #$6500
   1377  5+3   ABD8 36   12              PSHU A,X
   1378  4+1   ABDA 33   C8 22           LEAU 34,U
   1379
   1380  5+6   ABDD 37   36              PULU D,X,Y
   1381  5+8   ABDF 34   76              PSHS U,Y,X,D
   1382  3     ABE1 CC   CDCC            LDD #$cdcc
   1383  3     ABE4 8E   AA00            LDX #$aa00
   1384  4     ABE7 108E AC00            LDY #$ac00
   1385  5+6   ABEB 36   36              PSHU D,X,Y
   1386  4+1   ABED 33   46              LEAU 6,U
   1387
   1388  5+1   ABEF EC   C8 22           LDD 34,U
   1389  5+2   ABF2 34   06              PSHS D
   1390  2     ABF4 84   0F              ANDA #$0F
   1391  2     ABF6 8A   C0              ORA #$c0
   1392  2     ABF8 C6   CC              LDB #$cc
   1393  5+1   ABFA ED   C8 22           STD 34,U
   1394  5+3   ABFD 37   12              PULU A,X
   1395  5+5   ABFF 34   52              PSHS U,X,A
   1396  2     AC01 86   00              LDA #$00
   1397  3     AC03 8E   000A            LDX #$000a
   1398  5+3   AC06 36   12              PSHU A,X
   1399  4+1   AC08 33   C8 24           LEAU 36,U
   1400
   1401  5+1   AC0B EC   C8 26           LDD 38,U
   1402  5+2   AC0E 34   06              PSHS D
   1403  2     AC10 84   0F              ANDA #$0F
   1404  2     AC12 8A   D0              ORA #$d0
   1405  2     AC14 C6   DC              LDB #$dc
   1406  5+1   AC16 ED   C8 26           STD 38,U
   1407  4+1   AC19 A6   46              LDA 6,U
   1408  5+1   AC1B 34   02              PSHS A
   1409  2     AC1D 86   AC              LDA #$ac
   1410  4+1   AC1F A7   46              STA 6,U
   1411  5+6   AC21 37   36              PULU D,X,Y
   1412  5+8   AC23 34   76              PSHS U,Y,X,D
   1413  3     AC25 CC   AA00            LDD #$aa00
   1414  3     AC28 8E   ACA0            LDX #$aca0
   1415  4     AC2B 108E A000            LDY #$a000
   1416  5+6   AC2F 36   36              PSHU D,X,Y
   1417  4+1   AC31 33   C8 28           LEAU 40,U
   1418
   1419  5+1   AC34 EC   C8 27           LDD 39,U
   1420  5+2   AC37 34   06              PSHS D
   1421  2     AC39 84   F0              ANDA #$F0
   1422  2     AC3B 8A   0C              ORA #$0c
   1423  2     AC3D C6   CA              LDB #$ca
   1424  5+1   AC3F ED   C8 27           STD 39,U
   1425  4+1   AC42 A6   46              LDA 6,U
   1426  5+1   AC44 34   02              PSHS A
   1427  2     AC46 86   CD              LDA #$cd
   1428  4+1   AC48 A7   46              STA 6,U
   1429  5+6   AC4A 37   36              PULU D,X,Y
   1430  5+8   AC4C 34   76              PSHS U,Y,X,D
   1431  3     AC4E CC   AA00            LDD #$aa00
   1432  3     AC51 8E   AC0B            LDX #$ac0b
   1433  4     AC54 108E BA00            LDY #$ba00
   1434  5+6   AC58 36   36              PSHU D,X,Y
   1435  4+1   AC5A 33   C8 29           LEAU 41,U
   1436
   1437  5+1   AC5D EC   C8 26           LDD 38,U
   1438  5+2   AC60 34   06              PSHS D
   1439  2     AC62 84   F0              ANDA #$F0
   1440  2     AC64 8A   0D              ORA #$0d
   1441  2     AC66 C6   CA              LDB #$ca
   1442  5+1   AC68 ED   C8 26           STD 38,U
   1443  4+1   AC6B A6   45              LDA 5,U
   1444  5+1   AC6D 34   02              PSHS A
   1445  2     AC6F 84   0F              ANDA #$0F
   1446  2     AC71 8A   D0              ORA #$d0
   1447  4+1   AC73 A7   45              STA 5,U
   1448  5+5   AC75 37   32              PULU A,X,Y
   1449  5+7   AC77 34   72              PSHS U,Y,X,A
   1450  2     AC79 86   00              LDA #$00
   1451  3     AC7B 8E   ABBC            LDX #$abbc
   1452  4     AC7E 108E DB00            LDY #$db00
   1453  5+5   AC82 36   32              PSHU A,X,Y
   1454  4+1   AC84 33   C8 28           LEAU 40,U
   1455
   1456  4+1   AC87 A6   C8 2C           LDA 44,U
   1457  5+1   AC8A AE   C8 78           LDX 120,U
   1458  6+1   AC8D 10AE C8 53           LDY 83,U
   1459  5+5   AC91 34   32              PSHS Y,X,A
   1460  5+1   AC93 EC   C8 28           LDD 40,U
   1461  5+1   AC96 AE   C8 50           LDX 80,U
   1462  5+4   AC99 34   16              PSHS X,D
   1463  3     AC9B CC   55D3            LDD #$55d3
   1464  5+1   AC9E ED   C8 53           STD 83,U
   1465  3     ACA1 CC   00AB            LDD #$00ab
   1466  5+1   ACA4 ED   C8 28           STD 40,U
   1467  5+1   ACA7 ED   C8 50           STD 80,U
   1468  2     ACAA C6   7B              LDB #$7b
   1469  5+1   ACAC ED   C8 78           STD 120,U
   1470  5+1   ACAF EC   C8 26           LDD 38,U
   1471  5+2   ACB2 34   06              PSHS D
   1472  2     ACB4 84   F0              ANDA #$F0
   1473  2     ACB6 8A   0D              ORA #$0d
   1474  2     ACB8 C6   CA              LDB #$ca
   1475  5+1   ACBA ED   C8 26           STD 38,U
   1476  5+1   ACBD EC   C8 2A           LDD 42,U
   1477  5+2   ACC0 34   06              PSHS D
   1478  2     ACC2 84   0F              ANDA #$0F
   1479  2     ACC4 8A   D0              ORA #$d0
   1480  2     ACC6 C6   53              LDB #$53
   1481  5+1   ACC8 ED   C8 2A           STD 42,U
   1482  5+1   ACCB EC   C8 4E           LDD 78,U
   1483  5+2   ACCE 34   06              PSHS D
   1484  2     ACD0 84   F0              ANDA #$F0
   1485  2     ACD2 8A   0D              ORA #$0d
   1486  2     ACD4 C6   CA              LDB #$ca
   1487  5+1   ACD6 ED   C8 4E           STD 78,U
   1488  5+1   ACD9 EC   C8 76           LDD 118,U
   1489  5+2   ACDC 34   06              PSHS D
   1490  2     ACDE 84   F0              ANDA #$F0
   1491  2     ACE0 8A   0D              ORA #$0d
   1492  2     ACE2 C6   CA              LDB #$ca
   1493  5+1   ACE4 ED   C8 76           STD 118,U
   1494  2     ACE7 86   CC              LDA #$cc
   1495  4+1   ACE9 A7   C8 2C           STA 44,U
   1496  5+5   ACEC 37   32              PULU A,X,Y
   1497  5+7   ACEE 34   72              PSHS U,Y,X,A
   1498  2     ACF0 86   00              LDA #$00
   1499  3     ACF2 8E   ABCD            LDX #$abcd
   1500  4     ACF5 108E 3DAA            LDY #$3daa
   1501  5+5   ACF9 36   32              PSHU A,X,Y
   1502  4+1   ACFB 33   C8 7B           LEAU 123,U
   1503
   1504  4+1   ACFE A6   43              LDA 3,U
   1505  5+1   AD00 34   02              PSHS A
   1506  2     AD02 84   0F              ANDA #$0F
   1507  2     AD04 8A   B0              ORA #$b0
   1508  4+1   AD06 A7   43              STA 3,U
   1509  5+3   AD08 37   12              PULU A,X
   1510  5+5   AD0A 34   52              PSHS U,X,A
   1511  2     AD0C 86   66              LDA #$66
   1512  3     AD0E 8E   333B            LDX #$333b
   1513  5+3   AD11 36   12              PSHU A,X
   1514  4+1   AD13 33   C8 24           LEAU 36,U
   1515
   1516  5+3   AD16 37   12              PULU A,X
   1517  5+5   AD18 34   52              PSHS U,X,A
   1518  2     AD1A 86   CC              LDA #$cc
   1519  3     AD1C 8E   007B            LDX #$007b
   1520  5+3   AD1F 36   12              PSHU A,X
   1521  4+1   AD21 33   44              LEAU 4,U
   1522
   1523  4+1   AD23 A6   43              LDA 3,U
   1524  5+1   AD25 34   02              PSHS A
   1525  2     AD27 84   0F              ANDA #$0F
   1526  2     AD29 8A   D0              ORA #$d0
   1527  4+1   AD2B A7   43              STA 3,U
   1528  5+3   AD2D 37   12              PULU A,X
   1529  5+5   AD2F 34   52              PSHS U,X,A
   1530  2     AD31 86   06              LDA #$06
   1531  3     AD33 8E   DDB0            LDX #$ddb0
   1532  5+3   AD36 36   12              PSHU A,X
   1533  4+1   AD38 33   C8 24           LEAU 36,U
   1534
   1535  5+3   AD3B 37   12              PULU A,X
   1536  5+5   AD3D 34   52              PSHS U,X,A
   1537  2     AD3F 86   CC              LDA #$cc
   1538  3     AD41 8E   0B6B            LDX #$0b6b
   1539  5+3   AD44 36   12              PSHU A,X
   1540  4+1   AD46 33   44              LEAU 4,U
   1541
   1542  5+3   AD48 37   12              PULU A,X
   1543  5+5   AD4A 34   52              PSHS U,X,A
   1544  2     AD4C 86   06              LDA #$06
   1545  3     AD4E 8E   3CB0            LDX #$3cb0
   1546  5+3   AD51 36   12              PSHU A,X
   1547  4+1   AD53 33   C8 24           LEAU 36,U
   1548
   1549  5+3   AD56 37   12              PULU A,X
   1550  5+5   AD58 34   52              PSHS U,X,A
   1551  2     AD5A 86   CC              LDA #$cc
   1552  3     AD5C 8E   B667            LDX #$b667
   1553  5+3   AD5F 36   12              PSHU A,X
   1554  4+1   AD61 33   44              LEAU 4,U
   1555
   1556  5+3   AD63 37   12              PULU A,X
   1557  5+5   AD65 34   52              PSHS U,X,A
   1558  2     AD67 86   66              LDA #$66
   1559  3     AD69 8E   BCA0            LDX #$bca0
   1560  5+3   AD6C 36   12              PSHU A,X
   1561  4+1   AD6E 33   C8 24           LEAU 36,U
   1562
   1563  5+3   AD71 37   12              PULU A,X
   1564  5+5   AD73 34   52              PSHS U,X,A
   1565  2     AD75 86   CC              LDA #$cc
   1566  3     AD77 8E   B667            LDX #$b667
   1567  5+3   AD7A 36   12              PSHU A,X
   1568  4+1   AD7C 33   44              LEAU 4,U
   1569
   1570  5+3   AD7E 37   12              PULU A,X
   1571  5+5   AD80 34   52              PSHS U,X,A
   1572  2     AD82 86   66              LDA #$66
   1573  3     AD84 8E   AB00            LDX #$ab00
   1574  5+3   AD87 36   12              PSHU A,X
   1575  4+1   AD89 33   C8 24           LEAU 36,U
   1576
   1577  5+3   AD8C 37   12              PULU A,X
   1578  5+5   AD8E 34   52              PSHS U,X,A
   1579  2     AD90 86   C7              LDA #$c7
   1580  3     AD92 8E   B667            LDX #$b667
   1581  5+3   AD95 36   12              PSHU A,X
   1582  4+1   AD97 33   44              LEAU 4,U
   1583
   1584  5+3   AD99 37   12              PULU A,X
   1585  5+5   AD9B 34   52              PSHS U,X,A
   1586  2     AD9D 86   66              LDA #$66
   1587  3     AD9F 8E   AA00            LDX #$aa00
   1588  5+3   ADA2 36   12              PSHU A,X
   1589  4+1   ADA4 33   C8 24           LEAU 36,U
   1590
   1591  5+3   ADA7 37   12              PULU A,X
   1592  5+5   ADA9 34   52              PSHS U,X,A
   1593  2     ADAB 86   57              LDA #$57
   1594  3     ADAD 8E   B667            LDX #$b667
   1595  5+3   ADB0 36   12              PSHU A,X
   1596  4+1   ADB2 33   44              LEAU 4,U
   1597
   1598  4+1   ADB4 A6   43              LDA 3,U
   1599  5+1   ADB6 34   02              PSHS A
   1600  2     ADB8 84   0F              ANDA #$0F
   1601  2     ADBA 8A   C0              ORA #$c0
   1602  4+1   ADBC A7   43              STA 3,U
   1603  5+3   ADBE 37   12              PULU A,X
   1604  5+5   ADC0 34   52              PSHS U,X,A
   1605  2     ADC2 86   66              LDA #$66
   1606  3     ADC4 8E   5000            LDX #$5000
   1607  5+3   ADC7 36   12              PSHU A,X
   1608  4+1   ADC9 33   C8 24           LEAU 36,U
   1609
   1610  5+3   ADCC 37   12              PULU A,X
   1611  5+5   ADCE 34   52              PSHS U,X,A
   1612  2     ADD0 86   57              LDA #$57
   1613  3     ADD2 8E   6667            LDX #$6667
   1614  5+3   ADD5 36   12              PSHU A,X
   1615  4+1   ADD7 33   44              LEAU 4,U
   1616
   1617  5+3   ADD9 37   12              PULU A,X
   1618  5+5   ADDB 34   52              PSHS U,X,A
   1619  2     ADDD 86   66              LDA #$66
   1620  3     ADDF 8E   7A00            LDX #$7a00
   1621  5+3   ADE2 36   12              PSHU A,X
   1622  4+1   ADE4 33   C8 24           LEAU 36,U
   1623
   1624  5+3   ADE7 37   12              PULU A,X
   1625  5+5   ADE9 34   52              PSHS U,X,A
   1626  2     ADEB 86   57              LDA #$57
   1627  3     ADED 8E   6666            LDX #$6666
   1628  5+3   ADF0 36   12              PSHU A,X
   1629  4+1   ADF2 33   44              LEAU 4,U
   1630
   1631  5+3   ADF4 37   12              PULU A,X
   1632  5+5   ADF6 34   52              PSHS U,X,A
   1633  2     ADF8 86   76              LDA #$76
   1634  3     ADFA 8E   7A00            LDX #$7a00
   1635  5+3   ADFD 36   12              PSHU A,X
   1636  4+1   ADFF 33   C8 24           LEAU 36,U
   1637
   1638  4+1   AE02 A6   44              LDA 4,U
   1639  5+1   AE04 34   02              PSHS A
   1640  2     AE06 86   76              LDA #$76
   1641  4+1   AE08 A7   44              STA 4,U
   1642  5+3   AE0A 37   12              PULU A,X
   1643  5+5   AE0C 34   52              PSHS U,X,A
   1644  2     AE0E 86   55              LDA #$55
   1645  3     AE10 8E   6666            LDX #$6666
   1646  5+3   AE13 36   12              PSHU A,X
   1647  4+1   AE15 33   C8 28           LEAU 40,U
   1648
   1649  5+1   AE18 AE   C8 28           LDX 40,U
   1650  5+2   AE1B 34   10              PSHS X
   1651  3     AE1D CC   3566            LDD #$3566
   1652  5+1   AE20 ED   C8 28           STD 40,U
   1653  4+1   AE23 A6   C8 50           LDA 80,U
   1654  5+1   AE26 34   02              PSHS A
   1655  2     AE28 84   0F              ANDA #$0F
   1656  2     AE2A 8A   30              ORA #$30
   1657  4+1   AE2C A7   C8 50           STA 80,U
   1658  5+3   AE2F 37   12              PULU A,X
   1659  5+5   AE31 34   52              PSHS U,X,A
   1660  2     AE33 86   35              LDA #$35
   1661  3     AE35 8E   6666            LDX #$6666
   1662  5+3   AE38 36   12              PSHU A,X
   1663  4+0   AE3A 33   E4              LEAU ,S
   1664        AE3C               SSAV_Img_tails_4
   1665  4     AE3C 10CE 0000            LDS #$0000
   1666  5     AE40 39                   RTS
   1667
----------------
8371 cycle(s)
3649 byte(s)
----------------
   1669

000000 Total Errors

000003 Total Symbols
     0x          Label A000 BCKDRAW_Img_tails_4
     1x          Label A769 DYN_POS
     1x          Label AE3C SSAV_Img_tails_4

