/*--------------------------------------------------------------*
 * Compilé avec C6809 v0.83                                     *
 *--------------------------------------------------------------*
 * Fichier source      : ./Sonic2/GeneratedCode/TitleScreen/Img_emblemBack06_Draw.ASM
 * Fichier destination : ./Sonic2/GeneratedCode/TitleScreen/Img_emblemBack06_Draw.BIN
 * Contenu :
 *     Main     0:IMGD.ASM     2705
 *--------------------------------------------------------------*/

Macro Pass
Pass1
Pass2
      2        A000                      ORG $A000
      3                  FF              SETDP $FF
      4        A000               DRAW_Img_emblemBack06
      5  5+5   A000 ED   8D 00DB         STD DYN_POS+2,PCR
      6  4+0   A004 32   C4              LEAS ,U
      7  5+0   A006 EE   A4              LDU ,Y
      8  4+4   A008 33   C9 FEC4         LEAU -316,U
      9
     10  3     A00C CC   9999            LDD #$9999
     11  5+1   A00F ED   58              STD -8,U
     12  4+1   A011 A7   C8 27           STA 39,U
     13  4+1   A014 A7   C8 20           STA 32,U
     14  3     A017 8E   9999            LDX #$9999
     15  4     A01A 108E 9999            LDY #$9999
     16  5+6   A01E 36   36              PSHU D,X,Y
     17  4+1   A020 33   C8 DE           LEAU -34,U
     18
     19  5+1   A023 ED   58              STD -8,U
     20  5+6   A025 36   36              PSHU D,X,Y
     21  4+1   A027 33   C8 DE           LEAU -34,U
     22
     23  5+1   A02A ED   58              STD -8,U
     24  5+6   A02C 36   36              PSHU D,X,Y
     25  4+1   A02E 33   C8 DE           LEAU -34,U
     26
     27  5+1   A031 ED   58              STD -8,U
     28  5+6   A033 36   36              PSHU D,X,Y
     29  4+1   A035 33   C8 DE           LEAU -34,U
     30
     31  5+1   A038 ED   58              STD -8,U
     32  5+6   A03A 36   36              PSHU D,X,Y
     33  4+1   A03C 33   C8 DE           LEAU -34,U
     34
     35  5+1   A03F ED   58              STD -8,U
     36  5+6   A041 36   36              PSHU D,X,Y
     37  4+1   A043 33   C8 DE           LEAU -34,U
     38
     39  5+1   A046 ED   58              STD -8,U
     40  5+6   A048 36   36              PSHU D,X,Y
     41  4+1   A04A 33   C8 DE           LEAU -34,U
     42
     43  5+1   A04D ED   58              STD -8,U
     44  5+6   A04F 36   36              PSHU D,X,Y
     45  4+1   A051 33   C8 DE           LEAU -34,U
     46
     47  5+1   A054 ED   58              STD -8,U
     48  5+6   A056 36   36              PSHU D,X,Y
     49  4+1   A058 33   C8 DE           LEAU -34,U
     50
     51  5+1   A05B ED   58              STD -8,U
     52  5+6   A05D 36   36              PSHU D,X,Y
     53  4+1   A05F 33   C8 DE           LEAU -34,U
     54
     55  5+1   A062 ED   58              STD -8,U
     56  5+6   A064 36   36              PSHU D,X,Y
     57  4+1   A066 33   C8 DE           LEAU -34,U
     58
     59  5+1   A069 ED   58              STD -8,U
     60  5+6   A06B 36   36              PSHU D,X,Y
     61  4+1   A06D 33   C8 DE           LEAU -34,U
     62
     63  5+1   A070 ED   58              STD -8,U
     64  5+6   A072 36   36              PSHU D,X,Y
     65  4+1   A074 33   C8 DE           LEAU -34,U
     66
     67  5+1   A077 ED   58              STD -8,U
     68  5+6   A079 36   36              PSHU D,X,Y
     69  4+1   A07B 33   C8 DE           LEAU -34,U
     70
     71  5+1   A07E ED   58              STD -8,U
     72  5+6   A080 36   36              PSHU D,X,Y
     73  4+1   A082 33   C8 DE           LEAU -34,U
     74
     75  5+1   A085 ED   58              STD -8,U
     76  5+6   A087 36   36              PSHU D,X,Y
     77  4+1   A089 33   C8 DE           LEAU -34,U
     78
     79  5+1   A08C ED   58              STD -8,U
     80  5+6   A08E 36   36              PSHU D,X,Y
     81  4+1   A090 33   C8 DE           LEAU -34,U
     82
     83  5+1   A093 ED   58              STD -8,U
     84  5+6   A095 36   36              PSHU D,X,Y
     85  4+1   A097 33   C8 DE           LEAU -34,U
     86
     87  5+1   A09A ED   58              STD -8,U
     88  5+6   A09C 36   36              PSHU D,X,Y
     89  4+1   A09E 33   C8 DE           LEAU -34,U
     90
     91  5+1   A0A1 ED   58              STD -8,U
     92  5+6   A0A3 36   36              PSHU D,X,Y
     93  4+1   A0A5 33   C8 DE           LEAU -34,U
     94
     95  5+1   A0A8 ED   58              STD -8,U
     96  5+6   A0AA 36   36              PSHU D,X,Y
     97  4+1   A0AC 33   C8 DE           LEAU -34,U
     98
     99  5+1   A0AF ED   58              STD -8,U
    100  5+6   A0B1 36   36              PSHU D,X,Y
    101  4+1   A0B3 33   C8 DE           LEAU -34,U
    102
    103  5+1   A0B6 ED   58              STD -8,U
    104  5+6   A0B8 36   36              PSHU D,X,Y
    105  4+1   A0BA 33   C8 DE           LEAU -34,U
    106
    107  5+1   A0BD ED   58              STD -8,U
    108  5+6   A0BF 36   36              PSHU D,X,Y
    109  4+1   A0C1 33   C8 DE           LEAU -34,U
    110
    111  5+1   A0C4 ED   58              STD -8,U
    112  5+6   A0C6 36   36              PSHU D,X,Y
    113  4+1   A0C8 33   C8 DE           LEAU -34,U
    114
    115  5+1   A0CB ED   58              STD -8,U
    116  5+6   A0CD 36   36              PSHU D,X,Y
    117  4+1   A0CF 33   C8 DE           LEAU -34,U
    118
    119  5+1   A0D2 ED   58              STD -8,U
    120  5+6   A0D4 36   36              PSHU D,X,Y
    121  4+1   A0D6 33   C8 DE           LEAU -34,U
    122
    123  5+1   A0D9 ED   58              STD -8,U
    124  5+6   A0DB 36   36              PSHU D,X,Y
    125        A0DD               DYN_POS
    126
    127  3     A0DD CE   0000            LDU #$0000
    128  4+4   A0E0 33   C9 FEC4         LEAU -316,U
    129
    130  4+1   A0E4 A6   C8 27           LDA 39,U
    131  2     A0E7 84   F0              ANDA #$F0
    132  2     A0E9 8A   09              ORA #$09
    133  4+1   A0EB A7   C8 27           STA 39,U
    134  3     A0EE CC   9999            LDD #$9999
    135  5+1   A0F1 ED   58              STD -8,U
    136  4+1   A0F3 A7   C8 20           STA 32,U
    137  3     A0F6 8E   9999            LDX #$9999
    138  4     A0F9 108E 9999            LDY #$9999
    139  5+6   A0FD 36   36              PSHU D,X,Y
    140  4+1   A0FF 33   C8 DE           LEAU -34,U
    141
    142  5+1   A102 ED   58              STD -8,U
    143  5+6   A104 36   36              PSHU D,X,Y
    144  4+1   A106 33   C8 DE           LEAU -34,U
    145
    146  5+1   A109 ED   58              STD -8,U
    147  5+6   A10B 36   36              PSHU D,X,Y
    148  4+1   A10D 33   C8 DE           LEAU -34,U
    149
    150  5+1   A110 ED   58              STD -8,U
    151  5+6   A112 36   36              PSHU D,X,Y
    152  4+1   A114 33   C8 DE           LEAU -34,U
    153
    154  5+1   A117 ED   58              STD -8,U
    155  5+6   A119 36   36              PSHU D,X,Y
    156  4+1   A11B 33   C8 DE           LEAU -34,U
    157
    158  5+1   A11E ED   58              STD -8,U
    159  5+6   A120 36   36              PSHU D,X,Y
    160  4+1   A122 33   C8 DE           LEAU -34,U
    161
    162  5+1   A125 ED   58              STD -8,U
    163  5+6   A127 36   36              PSHU D,X,Y
    164  4+1   A129 33   C8 DE           LEAU -34,U
    165
    166  5+1   A12C ED   58              STD -8,U
    167  5+6   A12E 36   36              PSHU D,X,Y
    168  4+1   A130 33   C8 DE           LEAU -34,U
    169
    170  5+1   A133 ED   58              STD -8,U
    171  5+6   A135 36   36              PSHU D,X,Y
    172  4+1   A137 33   C8 DE           LEAU -34,U
    173
    174  5+1   A13A ED   58              STD -8,U
    175  5+6   A13C 36   36              PSHU D,X,Y
    176  4+1   A13E 33   C8 DE           LEAU -34,U
    177
    178  5+1   A141 ED   58              STD -8,U
    179  5+6   A143 36   36              PSHU D,X,Y
    180  4+1   A145 33   C8 DE           LEAU -34,U
    181
    182  5+1   A148 ED   58              STD -8,U
    183  5+6   A14A 36   36              PSHU D,X,Y
    184  4+1   A14C 33   C8 DE           LEAU -34,U
    185
    186  5+1   A14F ED   58              STD -8,U
    187  5+6   A151 36   36              PSHU D,X,Y
    188  4+1   A153 33   C8 DE           LEAU -34,U
    189
    190  5+1   A156 ED   58              STD -8,U
    191  5+6   A158 36   36              PSHU D,X,Y
    192  4+1   A15A 33   C8 DE           LEAU -34,U
    193
    194  5+1   A15D ED   58              STD -8,U
    195  5+6   A15F 36   36              PSHU D,X,Y
    196  4+1   A161 33   C8 DE           LEAU -34,U
    197
    198  5+1   A164 ED   58              STD -8,U
    199  5+6   A166 36   36              PSHU D,X,Y
    200  4+1   A168 33   C8 DE           LEAU -34,U
    201
    202  5+1   A16B ED   58              STD -8,U
    203  5+6   A16D 36   36              PSHU D,X,Y
    204  4+1   A16F 33   C8 DE           LEAU -34,U
    205
    206  5+1   A172 ED   58              STD -8,U
    207  5+6   A174 36   36              PSHU D,X,Y
    208  4+1   A176 33   C8 DE           LEAU -34,U
    209
    210  5+1   A179 ED   58              STD -8,U
    211  5+6   A17B 36   36              PSHU D,X,Y
    212  4+1   A17D 33   C8 DE           LEAU -34,U
    213
    214  5+1   A180 ED   58              STD -8,U
    215  5+6   A182 36   36              PSHU D,X,Y
    216  4+1   A184 33   C8 DE           LEAU -34,U
    217
    218  5+1   A187 ED   58              STD -8,U
    219  5+6   A189 36   36              PSHU D,X,Y
    220  4+1   A18B 33   C8 DE           LEAU -34,U
    221
    222  5+1   A18E ED   58              STD -8,U
    223  5+6   A190 36   36              PSHU D,X,Y
    224  4+1   A192 33   C8 DE           LEAU -34,U
    225
    226  5+1   A195 ED   58              STD -8,U
    227  5+6   A197 36   36              PSHU D,X,Y
    228  4+1   A199 33   C8 DE           LEAU -34,U
    229
    230  5+1   A19C ED   58              STD -8,U
    231  5+6   A19E 36   36              PSHU D,X,Y
    232  4+1   A1A0 33   C8 DE           LEAU -34,U
    233
    234  5+1   A1A3 ED   58              STD -8,U
    235  5+6   A1A5 36   36              PSHU D,X,Y
    236  4+1   A1A7 33   C8 DE           LEAU -34,U
    237
    238  5+1   A1AA ED   58              STD -8,U
    239  5+6   A1AC 36   36              PSHU D,X,Y
    240  4+1   A1AE 33   C8 DE           LEAU -34,U
    241
    242  5+1   A1B1 ED   58              STD -8,U
    243  5+6   A1B3 36   36              PSHU D,X,Y
    244  4+1   A1B5 33   C8 DE           LEAU -34,U
    245
    246  5+1   A1B8 ED   58              STD -8,U
    247  5+6   A1BA 36   36              PSHU D,X,Y
    248  5     A1BC 39                   RTS
    249
----------------
1314 cycle(s)
445 byte(s)
----------------
    251

000000 Total Errors

000002 Total Symbols
     0x          Label A000 DRAW_Img_emblemBack06
     1x          Label A0DD DYN_POS

