/*--------------------------------------------------------------*
 * Compilé avec C6809 v0.83                                     *
 *--------------------------------------------------------------*
 * Fichier source      : ./Sonic2/GeneratedCode/TitleScreen/Img_sonic_2_Erase.ASM
 * Fichier destination : ./Sonic2/GeneratedCode/TitleScreen/Img_sonic_2_Erase.BIN
 * Contenu :
 *     Main     0:IMGE.ASM     8374
 *--------------------------------------------------------------*/

Macro Pass
Pass1
Pass2
      2        A000                      ORG $A000
      3                  FF              SETDP $FF
      4        A000               ERASE_Img_sonic_2
      5  6+5   A000 10EF 8D 04A5         STS ERASE_SSAV_Img_sonic_2+1,PCR
      6
      7  4+0   A005 32   C4              LEAS ,U
      8        A007               ERASE_CODE_Img_sonic_2_1
      9  5+4   A007 35   46              PULS D,U
     10  5+0   A009 ED   C4              STD ,U
     11
     12  5+5   A00B 35   52              PULS A,X,U
     13  5+3   A00D 36   12              PSHU A,X
     14
     15  5+2   A00F 35   06              PULS D
     16  5+1   A011 ED   C8 78           STD 120,U
     17
     18  5+6   A014 35   36              PULS A,B,X,Y
     19  4+1   A016 A7   C8 52           STA 82,U
     20  4+1   A019 E7   C8 2A           STB 42,U
     21  5+1   A01C AF   C8 28           STX 40,U
     22  6+1   A01F 10AF C8 50           STY 80,U
     23
     24  5+5   A023 35   52              PULS A,X,U
     25  5+3   A025 36   12              PSHU A,X
     26
     27  5+5   A027 35   52              PULS A,X,U
     28  5+3   A029 36   12              PSHU A,X
     29
     30  5+5   A02B 35   52              PULS A,X,U
     31  5+3   A02D 36   12              PSHU A,X
     32
     33  5+4   A02F 35   16              PULS D,X
     34  5+1   A031 ED   C8 D9           STD -39,U
     35  5+1   A034 AF   C8 D7           STX -41,U
     36
     37  5+5   A037 35   52              PULS A,X,U
     38  5+3   A039 36   12              PSHU A,X
     39
     40  5+6   A03B 35   36              PULS D,X,Y
     41  5+1   A03D ED   C8 79           STD 121,U
     42  5+1   A040 AF   C8 77           STX 119,U
     43  6+1   A043 10AF C8 4F           STY 79,U
     44
     45  5+2   A047 35   06              PULS D
     46  5+1   A049 ED   C8 27           STD 39,U
     47
     48  5+5   A04C 35   32              PULS A,X,Y
     49  4+1   A04E A7   43              STA 3,U
     50  5+1   A050 AF   C8 29           STX 41,U
     51  6+1   A053 10AF C8 51           STY 81,U
     52
     53  5+6   A057 35   56              PULS D,X,U
     54  5+4   A059 36   16              PSHU D,X
     55
     56  5+6   A05B 35   56              PULS D,X,U
     57  5+4   A05D 36   16              PSHU D,X
     58
     59  5+6   A05F 35   56              PULS D,X,U
     60  5+4   A061 36   16              PSHU D,X
     61
     62  5+3   A063 35   12              PULS A,X
     63  4+1   A065 A7   46              STA 6,U
     64  5+1   A067 AF   44              STX 4,U
     65
     66  5+8   A069 35   76              PULS D,X,Y,U
     67  5+6   A06B 36   36              PSHU D,X,Y
     68
     69  5+1   A06D 35   02              PULS A
     70  4+1   A06F A7   46              STA 6,U
     71
     72  5+6   A071 35   56              PULS D,X,U
     73  5+4   A073 36   16              PSHU D,X
     74
     75  5+1   A075 35   02              PULS A
     76  4+1   A077 A7   44              STA 4,U
     77
     78  5+7   A079 35   72              PULS A,X,Y,U
     79  5+5   A07B 36   32              PSHU A,X,Y
     80
     81  5+2   A07D 35   06              PULS D
     82  5+1   A07F ED   C8 27           STD 39,U
     83
     84  5+7   A082 35   72              PULS A,X,Y,U
     85  5+5   A084 36   32              PSHU A,X,Y
     86
     87  5+7   A086 35   72              PULS A,X,Y,U
     88  5+5   A088 36   32              PSHU A,X,Y
     89
     90  5+7   A08A 35   72              PULS A,X,Y,U
     91  5+5   A08C 36   32              PSHU A,X,Y
     92
     93  5+5   A08E 35   52              PULS A,X,U
     94  5+3   A090 36   12              PSHU A,X
     95
     96  5+6   A092 35   56              PULS D,X,U
     97  5+4   A094 36   16              PSHU D,X
     98
     99  5+2   A096 35   06              PULS D
    100  5+1   A098 ED   C8 27           STD 39,U
    101
    102  5+6   A09B 35   56              PULS D,X,U
    103  5+4   A09D 36   16              PSHU D,X
    104
    105  5+7   A09F 35   72              PULS A,X,Y,U
    106  5+5   A0A1 36   32              PSHU A,X,Y
    107
    108  5+7   A0A3 35   72              PULS A,X,Y,U
    109  5+5   A0A5 36   32              PSHU A,X,Y
    110
    111  5+7   A0A7 35   72              PULS A,X,Y,U
    112  5+5   A0A9 36   32              PSHU A,X,Y
    113
    114  5+6   A0AB 35   56              PULS D,X,U
    115  5+4   A0AD 36   16              PSHU D,X
    116
    117  5+1   A0AF 35   02              PULS A
    118  4+1   A0B1 A7   45              STA 5,U
    119
    120  5+8   A0B3 35   76              PULS D,X,Y,U
    121  5+6   A0B5 36   36              PSHU D,X,Y
    122
    123  5+2   A0B7 35   06              PULS D
    124  5+1   A0B9 ED   C8 26           STD 38,U
    125
    126  5+8   A0BC 35   76              PULS D,X,Y,U
    127  5+6   A0BE 36   36              PSHU D,X,Y
    128
    129  5+4   A0C0 35   16              PULS D,X
    130  5+1   A0C2 ED   C8 28           STD 40,U
    131  5+1   A0C5 AF   46              STX 6,U
    132
    133  5+8   A0C7 35   76              PULS D,X,Y,U
    134  5+6   A0C9 36   36              PSHU D,X,Y
    135
    136  5+2   A0CB 35   06              PULS D
    137  5+1   A0CD ED   46              STD 6,U
    138
    139  5+8   A0CF 35   76              PULS D,X,Y,U
    140  5+6   A0D1 36   36              PSHU D,X,Y
    141
    142  5+1   A0D3 35   02              PULS A
    143  4+1   A0D5 A7   46              STA 6,U
    144
    145  5+5   A0D7 35   52              PULS A,X,U
    146  5+3   A0D9 36   12              PSHU A,X
    147
    148  5+2   A0DB 35   06              PULS D
    149  5+1   A0DD ED   C8 22           STD 34,U
    150
    151  5+8   A0E0 35   76              PULS D,X,Y,U
    152  5+6   A0E2 36   36              PSHU D,X,Y
    153
    154  5+5   A0E4 35   52              PULS A,X,U
    155  5+3   A0E6 36   12              PSHU A,X
    156
    157  5+8   A0E8 35   76              PULS D,X,Y,U
    158  5+6   A0EA 36   36              PSHU D,X,Y
    159
    160  5+5   A0EC 35   52              PULS A,X,U
    161  5+3   A0EE 36   12              PSHU A,X
    162
    163  5+8   A0F0 35   76              PULS D,X,Y,U
    164  5+6   A0F2 36   36              PSHU D,X,Y
    165
    166  5+8   A0F4 35   76              PULS D,X,Y,U
    167  5+6   A0F6 36   36              PSHU D,X,Y
    168
    169  5+2   A0F8 35   06              PULS D
    170  5+1   A0FA ED   46              STD 6,U
    171
    172  5+8   A0FC 35   76              PULS D,X,Y,U
    173  5+6   A0FE 36   36              PSHU D,X,Y
    174
    175  5+2   A100 35   06              PULS D
    176  5+1   A102 ED   46              STD 6,U
    177
    178  5+8   A104 35   76              PULS D,X,Y,U
    179  5+6   A106 36   36              PSHU D,X,Y
    180
    181  5+2   A108 35   06              PULS D
    182  5+1   A10A ED   46              STD 6,U
    183
    184  5+8   A10C 35   76              PULS D,X,Y,U
    185  5+6   A10E 36   36              PSHU D,X,Y
    186
    187  5+1   A110 35   02              PULS A
    188  4+1   A112 A7   46              STA 6,U
    189
    190  5+8   A114 35   76              PULS D,X,Y,U
    191  5+6   A116 36   36              PSHU D,X,Y
    192
    193  5+2   A118 35   06              PULS D
    194  5+1   A11A ED   C8 26           STD 38,U
    195
    196  5+8   A11D 35   76              PULS D,X,Y,U
    197  5+6   A11F 36   36              PSHU D,X,Y
    198
    199  5+2   A121 35   06              PULS D
    200  5+1   A123 ED   C8 26           STD 38,U
    201
    202  5+8   A126 35   76              PULS D,X,Y,U
    203  5+6   A128 36   36              PSHU D,X,Y
    204
    205  5+2   A12A 35   06              PULS D
    206  5+1   A12C ED   C8 26           STD 38,U
    207
    208  5+8   A12F 35   76              PULS D,X,Y,U
    209  5+6   A131 36   36              PSHU D,X,Y
    210
    211  5+4   A133 35   16              PULS D,X
    212  5+1   A135 ED   C8 28           STD 40,U
    213  5+1   A138 AF   46              STX 6,U
    214
    215  5+8   A13A 35   76              PULS D,X,Y,U
    216  5+6   A13C 36   36              PSHU D,X,Y
    217
    218  5+2   A13E 35   06              PULS D
    219  5+1   A140 ED   46              STD 6,U
    220
    221  5+5   A142 35   52              PULS A,X,U
    222  5+3   A144 36   12              PSHU A,X
    223
    224  5+8   A146 35   76              PULS D,X,Y,U
    225  5+6   A148 36   36              PSHU D,X,Y
    226
    227  5+5   A14A 35   52              PULS A,X,U
    228  5+3   A14C 36   12              PSHU A,X
    229
    230  5+8   A14E 35   76              PULS D,X,Y,U
    231  5+6   A150 36   36              PSHU D,X,Y
    232
    233  5+5   A152 35   52              PULS A,X,U
    234  5+3   A154 36   12              PSHU A,X
    235
    236  5+8   A156 35   76              PULS D,X,Y,U
    237  5+6   A158 36   36              PSHU D,X,Y
    238
    239  5+5   A15A 35   52              PULS A,X,U
    240  5+3   A15C 36   12              PSHU A,X
    241
    242  5+8   A15E 35   76              PULS D,X,Y,U
    243  5+6   A160 36   36              PSHU D,X,Y
    244
    245  5+5   A162 35   52              PULS A,X,U
    246  5+3   A164 36   12              PSHU A,X
    247
    248  5+8   A166 35   76              PULS D,X,Y,U
    249  5+6   A168 36   36              PSHU D,X,Y
    250
    251  5+5   A16A 35   52              PULS A,X,U
    252  5+3   A16C 36   12              PSHU A,X
    253
    254  5+8   A16E 35   76              PULS D,X,Y,U
    255  5+6   A170 36   36              PSHU D,X,Y
    256
    257  5+5   A172 35   52              PULS A,X,U
    258  5+3   A174 36   12              PSHU A,X
    259
    260  5+8   A176 35   76              PULS D,X,Y,U
    261  5+6   A178 36   36              PSHU D,X,Y
    262
    263  5+5   A17A 35   52              PULS A,X,U
    264  5+3   A17C 36   12              PSHU A,X
    265
    266  5+8   A17E 35   76              PULS D,X,Y,U
    267  5+6   A180 36   36              PSHU D,X,Y
    268
    269  5+5   A182 35   52              PULS A,X,U
    270  5+3   A184 36   12              PSHU A,X
    271
    272  5+8   A186 35   76              PULS D,X,Y,U
    273  5+6   A188 36   36              PSHU D,X,Y
    274
    275  5+8   A18A 35   76              PULS D,X,Y,U
    276  5+6   A18C 36   36              PSHU D,X,Y
    277
    278  5+3   A18E 35   12              PULS A,X
    279  4+1   A190 A7   48              STA 8,U
    280  5+1   A192 AF   46              STX 6,U
    281
    282  5+8   A194 35   76              PULS D,X,Y,U
    283  5+6   A196 36   36              PSHU D,X,Y
    284
    285  5+3   A198 35   12              PULS A,X
    286  4+1   A19A A7   48              STA 8,U
    287  5+1   A19C AF   46              STX 6,U
    288
    289  5+8   A19E 35   76              PULS D,X,Y,U
    290  5+6   A1A0 36   36              PSHU D,X,Y
    291
    292  5+2   A1A2 35   06              PULS D
    293  5+1   A1A4 ED   46              STD 6,U
    294
    295  5+8   A1A6 35   76              PULS D,X,Y,U
    296  5+6   A1A8 36   36              PSHU D,X,Y
    297
    298  5+2   A1AA 35   06              PULS D
    299  5+1   A1AC ED   46              STD 6,U
    300
    301  5+8   A1AE 35   76              PULS D,X,Y,U
    302  5+6   A1B0 36   36              PSHU D,X,Y
    303
    304  5+2   A1B2 35   06              PULS D
    305  5+1   A1B4 ED   46              STD 6,U
    306
    307  5+8   A1B6 35   76              PULS D,X,Y,U
    308  5+6   A1B8 36   36              PSHU D,X,Y
    309
    310  5+7   A1BA 35   72              PULS A,X,Y,U
    311  5+5   A1BC 36   32              PSHU A,X,Y
    312
    313  5+3   A1BE 35   12              PULS A,X
    314  4+1   A1C0 A7   45              STA 5,U
    315  5+1   A1C2 AF   C8 26           STX 38,U
    316
    317  5+7   A1C5 35   72              PULS A,X,Y,U
    318  5+5   A1C7 36   32              PSHU A,X,Y
    319
    320  5+2   A1C9 35   06              PULS D
    321  5+1   A1CB ED   C8 26           STD 38,U
    322
    323  5+8   A1CE 35   76              PULS D,X,Y,U
    324  5+6   A1D0 36   36              PSHU D,X,Y
    325
    326  5+2   A1D2 35   06              PULS D
    327  5+1   A1D4 ED   C8 27           STD 39,U
    328
    329  5+8   A1D7 35   76              PULS D,X,Y,U
    330  5+6   A1D9 36   36              PSHU D,X,Y
    331
    332  5+8   A1DB 35   76              PULS D,X,Y,U
    333  5+6   A1DD 36   36              PSHU D,X,Y
    334
    335  5+8   A1DF 35   76              PULS D,X,Y,U
    336  5+6   A1E1 36   36              PSHU D,X,Y
    337
    338  5+8   A1E3 35   76              PULS D,X,Y,U
    339  5+6   A1E5 36   36              PSHU D,X,Y
    340
    341  5+8   A1E7 35   76              PULS D,X,Y,U
    342  5+6   A1E9 36   36              PSHU D,X,Y
    343
    344  5+8   A1EB 35   76              PULS D,X,Y,U
    345  5+6   A1ED 36   36              PSHU D,X,Y
    346
    347  5+1   A1EF 35   02              PULS A
    348  4+1   A1F1 A7   46              STA 6,U
    349
    350  5+8   A1F3 35   76              PULS D,X,Y,U
    351  5+6   A1F5 36   36              PSHU D,X,Y
    352
    353  5+1   A1F7 35   02              PULS A
    354  4+1   A1F9 A7   46              STA 6,U
    355
    356  5+8   A1FB 35   76              PULS D,X,Y,U
    357  5+6   A1FD 36   36              PSHU D,X,Y
    358
    359  5+1   A1FF 35   02              PULS A
    360  4+1   A201 A7   46              STA 6,U
    361
    362  5+7   A203 35   72              PULS A,X,Y,U
    363  5+5   A205 36   32              PSHU A,X,Y
    364
    365  5+8   A207 35   76              PULS D,X,Y,U
    366  5+6   A209 36   36              PSHU D,X,Y
    367
    368  5+2   A20B 35   06              PULS D
    369  5+1   A20D ED   C8 27           STD 39,U
    370
    371  5+8   A210 35   76              PULS D,X,Y,U
    372  5+6   A212 36   36              PSHU D,X,Y
    373
    374  5+8   A214 35   76              PULS D,X,Y,U
    375  5+6   A216 36   36              PSHU D,X,Y
    376
    377  5+8   A218 35   76              PULS D,X,Y,U
    378  5+6   A21A 36   36              PSHU D,X,Y
    379
    380  5+1   A21C 35   02              PULS A
    381  4+1   A21E A7   46              STA 6,U
    382
    383  5+7   A220 35   72              PULS A,X,Y,U
    384  5+5   A222 36   32              PSHU A,X,Y
    385
    386  5+7   A224 35   72              PULS A,X,Y,U
    387  5+5   A226 36   32              PSHU A,X,Y
    388
    389  5+2   A228 35   06              PULS D
    390  5+1   A22A ED   C8 26           STD 38,U
    391
    392  5+7   A22D 35   72              PULS A,X,Y,U
    393  5+5   A22F 36   32              PSHU A,X,Y
    394
    395  5+2   A231 35   06              PULS D
    396  5+1   A233 ED   C8 26           STD 38,U
    397
    398  5+6   A236 35   56              PULS D,X,U
    399  5+4   A238 36   16              PSHU D,X
    400
    401  5+3   A23A 35   12              PULS A,X
    402  4+1   A23C A7   44              STA 4,U
    403  5+1   A23E AF   C8 26           STX 38,U
    404
    405  5+7   A241 35   72              PULS A,X,Y,U
    406  5+5   A243 36   32              PSHU A,X,Y
    407
    408  5+2   A245 35   06              PULS D
    409  5+1   A247 ED   C8 27           STD 39,U
    410
    411  5+6   A24A 35   56              PULS D,X,U
    412  5+4   A24C 36   16              PSHU D,X
    413
    414  5+5   A24E 35   52              PULS A,X,U
    415  5+3   A250 36   12              PSHU A,X
    416
    417  5+2   A252 35   06              PULS D
    418  5+1   A254 ED   C8 D9           STD -39,U
    419
    420  5+5   A257 35   52              PULS A,X,U
    421  5+3   A259 36   12              PSHU A,X
    422
    423  5+6   A25B 35   36              PULS D,X,Y
    424  5+1   A25D ED   C8 79           STD 121,U
    425  5+1   A260 AF   C8 29           STX 41,U
    426  6+1   A263 10AF C8 51           STY 81,U
    427
    428  5+5   A267 35   52              PULS A,X,U
    429  5+3   A269 36   12              PSHU A,X
    430
    431  5+5   A26B 35   52              PULS A,X,U
    432  5+3   A26D 36   12              PSHU A,X
    433
    434  5+5   A26F 35   52              PULS A,X,U
    435  5+3   A271 36   12              PSHU A,X
    436
    437  5+1   A273 35   02              PULS A
    438  4+1   A275 A7   43              STA 3,U
    439
    440  5+5   A277 35   52              PULS A,X,U
    441  5+3   A279 36   12              PSHU A,X
    442
    443  5+1   A27B 35   02              PULS A
    444  4+1   A27D A7   43              STA 3,U
    445
    446  5+5   A27F 35   52              PULS A,X,U
    447  5+3   A281 36   12              PSHU A,X
    448
    449  5+1   A283 35   02              PULS A
    450  4+1   A285 A7   43              STA 3,U
    451
    452  5+6   A287 35   56              PULS D,X,U
    453  5+4   A289 36   16              PSHU D,X
    454
    455  5+6   A28B 35   56              PULS D,X,U
    456  5+4   A28D 36   16              PSHU D,X
    457
    458  5+6   A28F 35   56              PULS D,X,U
    459  5+4   A291 36   16              PSHU D,X
    460
    461  5+6   A293 35   56              PULS D,X,U
    462  5+4   A295 36   16              PSHU D,X
    463
    464  5+6   A297 35   56              PULS D,X,U
    465  5+4   A299 36   16              PSHU D,X
    466
    467  5+8   A29B 35   76              PULS D,X,Y,U
    468  5+6   A29D 36   36              PSHU D,X,Y
    469
    470  5+6   A29F 35   36              PULS A,B,X,Y
    471  4+1   A2A1 A7   C8 2D           STA 45,U
    472  4+1   A2A4 E7   C8 53           STB 83,U
    473  5+1   A2A7 AF   C8 4F           STX 79,U
    474  6+1   A2AA 10AF C8 2B           STY 43,U
    475
    476  5+6   A2AE 35   36              PULS D,X,Y
    477  5+1   A2B0 ED   C8 27           STD 39,U
    478  5+1   A2B3 AF   C8 29           STX 41,U
    479  6+1   A2B6 10AF C8 51           STY 81,U
    480
    481  5+8   A2BA 35   76              PULS D,X,Y,U
    482  5+6   A2BC 36   36              PSHU D,X,Y
    483
    484  5+8   A2BE 35   76              PULS D,X,Y,U
    485  5+6   A2C0 36   36              PSHU D,X,Y
    486
    487  5+8   A2C2 35   76              PULS D,X,Y,U
    488  5+6   A2C4 36   36              PSHU D,X,Y
    489
    490  5+6   A2C6 35   56              PULS D,X,U
    491  5+4   A2C8 36   16              PSHU D,X
    492
    493  5+7   A2CA 35   72              PULS A,X,Y,U
    494  5+5   A2CC 36   32              PSHU A,X,Y
    495
    496  5+2   A2CE 35   06              PULS D
    497  5+1   A2D0 ED   C8 27           STD 39,U
    498
    499  5+6   A2D3 35   56              PULS D,X,U
    500  5+4   A2D5 36   16              PSHU D,X
    501
    502  5+1   A2D7 35   02              PULS A
    503  4+1   A2D9 A7   44              STA 4,U
    504
    505  5+6   A2DB 35   56              PULS D,X,U
    506  5+4   A2DD 36   16              PSHU D,X
    507
    508  5+1   A2DF 35   02              PULS A
    509  4+1   A2E1 A7   44              STA 4,U
    510
    511  5+6   A2E3 35   56              PULS D,X,U
    512  5+4   A2E5 36   16              PSHU D,X
    513
    514  5+6   A2E7 35   56              PULS D,X,U
    515  5+4   A2E9 36   16              PSHU D,X
    516
    517  5+5   A2EB 35   52              PULS A,X,U
    518  5+3   A2ED 36   12              PSHU A,X
    519
    520  5+7   A2EF 35   72              PULS A,X,Y,U
    521  5+5   A2F1 36   32              PSHU A,X,Y
    522
    523  5+4   A2F3 35   16              PULS A,B,X
    524  4+1   A2F5 A7   47              STA 7,U
    525  4+1   A2F7 E7   45              STB 5,U
    526  5+1   A2F9 AF   C8 28           STX 40,U
    527
    528  5+8   A2FC 35   76              PULS D,X,Y,U
    529  5+6   A2FE 36   36              PSHU D,X,Y
    530
    531  5+1   A300 35   02              PULS A
    532  4+1   A302 A7   47              STA 7,U
    533
    534  5+8   A304 35   76              PULS D,X,Y,U
    535  5+6   A306 36   36              PSHU D,X,Y
    536
    537  5+2   A308 35   06              PULS D
    538  5+1   A30A ED   46              STD 6,U
    539
    540  5+8   A30C 35   76              PULS D,X,Y,U
    541  5+6   A30E 36   36              PSHU D,X,Y
    542
    543  5+2   A310 35   06              PULS D
    544  5+1   A312 ED   46              STD 6,U
    545
    546  5+8   A314 35   76              PULS D,X,Y,U
    547  5+6   A316 36   36              PSHU D,X,Y
    548
    549  5+2   A318 35   06              PULS D
    550  5+1   A31A ED   46              STD 6,U
    551
    552  5+8   A31C 35   76              PULS D,X,Y,U
    553  5+6   A31E 36   36              PSHU D,X,Y
    554
    555  5+3   A320 35   12              PULS A,X
    556  4+1   A322 A7   48              STA 8,U
    557  5+1   A324 AF   46              STX 6,U
    558
    559  5+8   A326 35   76              PULS D,X,Y,U
    560  5+6   A328 36   36              PSHU D,X,Y
    561
    562  5+3   A32A 35   12              PULS A,X
    563  4+1   A32C A7   48              STA 8,U
    564  5+1   A32E AF   46              STX 6,U
    565
    566  5+8   A330 35   76              PULS D,X,Y,U
    567  5+6   A332 36   36              PSHU D,X,Y
    568
    569  5+2   A334 35   06              PULS D
    570  5+1   A336 ED   46              STD 6,U
    571
    572  5+8   A338 35   76              PULS D,X,Y,U
    573  5+6   A33A 36   36              PSHU D,X,Y
    574
    575  5+3   A33C 35   12              PULS A,X
    576  4+1   A33E A7   46              STA 6,U
    577  5+1   A340 AF   C8 26           STX 38,U
    578
    579  5+8   A343 35   76              PULS D,X,Y,U
    580  5+6   A345 36   36              PSHU D,X,Y
    581
    582  5+4   A347 35   16              PULS D,X
    583  5+1   A349 ED   C8 27           STD 39,U
    584  5+1   A34C AF   46              STX 6,U
    585
    586  5+8   A34E 35   76              PULS D,X,Y,U
    587  5+6   A350 36   36              PSHU D,X,Y
    588
    589  5+2   A352 35   06              PULS D
    590  5+1   A354 ED   46              STD 6,U
    591
    592  5+8   A356 35   76              PULS D,X,Y,U
    593  5+6   A358 36   36              PSHU D,X,Y
    594
    595  5+2   A35A 35   06              PULS D
    596  5+1   A35C ED   46              STD 6,U
    597
    598  5+8   A35E 35   76              PULS D,X,Y,U
    599  5+6   A360 36   36              PSHU D,X,Y
    600
    601  5+2   A362 35   06              PULS D
    602  5+1   A364 ED   46              STD 6,U
    603
    604  5+8   A366 35   76              PULS D,X,Y,U
    605  5+6   A368 36   36              PSHU D,X,Y
    606
    607  5+2   A36A 35   06              PULS D
    608  5+1   A36C ED   46              STD 6,U
    609
    610  5+8   A36E 35   76              PULS D,X,Y,U
    611  5+6   A370 36   36              PSHU D,X,Y
    612
    613  5+2   A372 35   06              PULS D
    614  5+1   A374 ED   46              STD 6,U
    615
    616  5+8   A376 35   76              PULS D,X,Y,U
    617  5+6   A378 36   36              PSHU D,X,Y
    618
    619  5+2   A37A 35   06              PULS D
    620  5+1   A37C ED   46              STD 6,U
    621
    622  5+8   A37E 35   76              PULS D,X,Y,U
    623  5+6   A380 36   36              PSHU D,X,Y
    624
    625  5+1   A382 35   02              PULS A
    626  4+1   A384 A7   46              STA 6,U
    627
    628  5+8   A386 35   76              PULS D,X,Y,U
    629  5+6   A388 36   36              PSHU D,X,Y
    630
    631  5+1   A38A 35   02              PULS A
    632  4+1   A38C A7   46              STA 6,U
    633
    634  5+5   A38E 35   52              PULS A,X,U
    635  5+3   A390 36   12              PSHU A,X
    636
    637  5+8   A392 35   76              PULS D,X,Y,U
    638  5+6   A394 36   36              PSHU D,X,Y
    639
    640  5+5   A396 35   52              PULS A,X,U
    641  5+3   A398 36   12              PSHU A,X
    642
    643  5+8   A39A 35   76              PULS D,X,Y,U
    644  5+6   A39C 36   36              PSHU D,X,Y
    645
    646  5+5   A39E 35   52              PULS A,X,U
    647  5+3   A3A0 36   12              PSHU A,X
    648
    649  5+8   A3A2 35   76              PULS D,X,Y,U
    650  5+6   A3A4 36   36              PSHU D,X,Y
    651
    652  5+5   A3A6 35   52              PULS A,X,U
    653  5+3   A3A8 36   12              PSHU A,X
    654
    655  5+8   A3AA 35   76              PULS D,X,Y,U
    656  5+6   A3AC 36   36              PSHU D,X,Y
    657
    658  5+5   A3AE 35   52              PULS A,X,U
    659  5+3   A3B0 36   12              PSHU A,X
    660
    661  5+8   A3B2 35   76              PULS D,X,Y,U
    662  5+6   A3B4 36   36              PSHU D,X,Y
    663
    664  5+8   A3B6 35   76              PULS D,X,Y,U
    665  5+6   A3B8 36   36              PSHU D,X,Y
    666
    667  5+3   A3BA 35   12              PULS A,X
    668  4+1   A3BC A7   48              STA 8,U
    669  5+1   A3BE AF   46              STX 6,U
    670
    671  5+8   A3C0 35   76              PULS D,X,Y,U
    672  5+6   A3C2 36   36              PSHU D,X,Y
    673
    674  5+3   A3C4 35   12              PULS A,X
    675  4+1   A3C6 A7   48              STA 8,U
    676  5+1   A3C8 AF   46              STX 6,U
    677
    678  5+8   A3CA 35   76              PULS D,X,Y,U
    679  5+6   A3CC 36   36              PSHU D,X,Y
    680
    681  5+2   A3CE 35   06              PULS D
    682  5+1   A3D0 ED   46              STD 6,U
    683
    684  5+8   A3D2 35   76              PULS D,X,Y,U
    685  5+6   A3D4 36   36              PSHU D,X,Y
    686
    687  5+2   A3D6 35   06              PULS D
    688  5+1   A3D8 ED   46              STD 6,U
    689
    690  5+8   A3DA 35   76              PULS D,X,Y,U
    691  5+6   A3DC 36   36              PSHU D,X,Y
    692
    693  5+2   A3DE 35   06              PULS D
    694  5+1   A3E0 ED   46              STD 6,U
    695
    696  5+8   A3E2 35   76              PULS D,X,Y,U
    697  5+6   A3E4 36   36              PSHU D,X,Y
    698
    699  5+2   A3E6 35   06              PULS D
    700  5+1   A3E8 ED   46              STD 6,U
    701
    702  5+8   A3EA 35   76              PULS D,X,Y,U
    703  5+6   A3EC 36   36              PSHU D,X,Y
    704
    705  5+2   A3EE 35   06              PULS D
    706  5+1   A3F0 ED   46              STD 6,U
    707
    708  5+8   A3F2 35   76              PULS D,X,Y,U
    709  5+6   A3F4 36   36              PSHU D,X,Y
    710
    711  5+2   A3F6 35   06              PULS D
    712  5+1   A3F8 ED   46              STD 6,U
    713
    714  5+8   A3FA 35   76              PULS D,X,Y,U
    715  5+6   A3FC 36   36              PSHU D,X,Y
    716
    717  5+2   A3FE 35   06              PULS D
    718  5+1   A400 ED   46              STD 6,U
    719
    720  5+8   A402 35   76              PULS D,X,Y,U
    721  5+6   A404 36   36              PSHU D,X,Y
    722
    723  5+1   A406 35   02              PULS A
    724  4+1   A408 A7   46              STA 6,U
    725
    726  5+8   A40A 35   76              PULS D,X,Y,U
    727  5+6   A40C 36   36              PSHU D,X,Y
    728
    729  5+1   A40E 35   02              PULS A
    730  4+1   A410 A7   46              STA 6,U
    731
    732  5+8   A412 35   76              PULS D,X,Y,U
    733  5+6   A414 36   36              PSHU D,X,Y
    734
    735  5+1   A416 35   02              PULS A
    736  4+1   A418 A7   46              STA 6,U
    737
    738  5+8   A41A 35   76              PULS D,X,Y,U
    739  5+6   A41C 36   36              PSHU D,X,Y
    740
    741  5+8   A41E 35   76              PULS D,X,Y,U
    742  5+6   A420 36   36              PSHU D,X,Y
    743
    744  5+8   A422 35   76              PULS D,X,Y,U
    745  5+6   A424 36   36              PSHU D,X,Y
    746
    747  5+1   A426 35   02              PULS A
    748  4+1   A428 A7   46              STA 6,U
    749
    750  5+8   A42A 35   76              PULS D,X,Y,U
    751  5+6   A42C 36   36              PSHU D,X,Y
    752
    753  5+1   A42E 35   02              PULS A
    754  4+1   A430 A7   46              STA 6,U
    755
    756  5+8   A432 35   76              PULS D,X,Y,U
    757  5+6   A434 36   36              PSHU D,X,Y
    758
    759  5+1   A436 35   02              PULS A
    760  4+1   A438 A7   46              STA 6,U
    761
    762  5+8   A43A 35   76              PULS D,X,Y,U
    763  5+6   A43C 36   36              PSHU D,X,Y
    764
    765  5+1   A43E 35   02              PULS A
    766  4+1   A440 A7   46              STA 6,U
    767
    768  5+8   A442 35   76              PULS D,X,Y,U
    769  5+6   A444 36   36              PSHU D,X,Y
    770
    771  5+1   A446 35   02              PULS A
    772  4+1   A448 A7   46              STA 6,U
    773
    774  5+8   A44A 35   76              PULS D,X,Y,U
    775  5+6   A44C 36   36              PSHU D,X,Y
    776
    777  5+1   A44E 35   02              PULS A
    778  4+1   A450 A7   46              STA 6,U
    779
    780  5+8   A452 35   76              PULS D,X,Y,U
    781  5+6   A454 36   36              PSHU D,X,Y
    782
    783  5+1   A456 35   02              PULS A
    784  4+1   A458 A7   46              STA 6,U
    785
    786  5+8   A45A 35   76              PULS D,X,Y,U
    787  5+6   A45C 36   36              PSHU D,X,Y
    788
    789  5+1   A45E 35   02              PULS A
    790  4+1   A460 A7   46              STA 6,U
    791
    792  5+8   A462 35   76              PULS D,X,Y,U
    793  5+6   A464 36   36              PSHU D,X,Y
    794
    795  5+1   A466 35   02              PULS A
    796  4+1   A468 A7   46              STA 6,U
    797
    798  5+8   A46A 35   76              PULS D,X,Y,U
    799  5+6   A46C 36   36              PSHU D,X,Y
    800
    801  5+1   A46E 35   02              PULS A
    802  4+1   A470 A7   46              STA 6,U
    803
    804  5+7   A472 35   72              PULS A,X,Y,U
    805  5+5   A474 36   32              PSHU A,X,Y
    806
    807  5+8   A476 35   76              PULS D,X,Y,U
    808  5+6   A478 36   36              PSHU D,X,Y
    809
    810  5+2   A47A 35   06              PULS D
    811  5+1   A47C ED   C8 27           STD 39,U
    812
    813  5+8   A47F 35   76              PULS D,X,Y,U
    814  5+6   A481 36   36              PSHU D,X,Y
    815
    816  5+8   A483 35   76              PULS D,X,Y,U
    817  5+6   A485 36   36              PSHU D,X,Y
    818
    819  5+1   A487 35   02              PULS A
    820  4+1   A489 A7   46              STA 6,U
    821
    822  5+8   A48B 35   76              PULS D,X,Y,U
    823  5+6   A48D 36   36              PSHU D,X,Y
    824
    825  5+8   A48F 35   76              PULS D,X,Y,U
    826  5+6   A491 36   36              PSHU D,X,Y
    827
    828  5+8   A493 35   76              PULS D,X,Y,U
    829  5+6   A495 36   36              PSHU D,X,Y
    830
    831  5+7   A497 35   72              PULS A,X,Y,U
    832  5+5   A499 36   32              PSHU A,X,Y
    833
    834  5+5   A49B 35   52              PULS A,X,U
    835  5+3   A49D 36   12              PSHU A,X
    836
    837  5+3   A49F 35   12              PULS A,X
    838  4+1   A4A1 A7   5E              STA -2,U
    839  5+1   A4A3 AF   C8 D8           STX -40,U
    840
    841  4+0   A4A6 33   E4              LEAU ,S
    842        A4A8               ERASE_SSAV_Img_sonic_2
    843  4     A4A8 10CE 0000            LDS #$0000
    844  5     A4AC 39                   RTS
    845
----------------
5222 cycle(s)
1197 byte(s)
----------------
    847

000000 Total Errors

000003 Total Symbols
     0x          Label A007 ERASE_CODE_Img_sonic_2_1
     0x          Label A000 ERASE_Img_sonic_2
     1x          Label A4A8 ERASE_SSAV_Img_sonic_2

