/*--------------------------------------------------------------*
 * Compilé avec C6809 v0.83                                     *
 *--------------------------------------------------------------*
 * Fichier source      : ./Sonic2/GeneratedCode/TitleScreen/Img_star_3_Erase.ASM
 * Fichier destination : ./Sonic2/GeneratedCode/TitleScreen/Img_star_3_Erase.BIN
 * Contenu :
 *     Main     0:IMGE.ASM     578
 *--------------------------------------------------------------*/

Macro Pass
Pass1
Pass2
      2        A000                      ORG $A000
      3                  FF              SETDP $FF
      4        A000               ERASE_Img_star_3
      5  6+5   A000 10EF 8D 0052         STS ERASE_SSAV_Img_star_3+1,PCR
      6
      7        A005               ERASE_CODE_Img_star_3_1
      8  5+3   A005 37   42              PULU A,S
      9  4+0   A007 A7   E4              STA ,S
     10
     11  5+3   A009 37   42              PULU A,S
     12  4+1   A00B A7   E8 78           STA 120,S
     13
     14  5+2   A00E 37   06              PULU A,B
     15  4+1   A010 A7   E8 50           STA 80,S
     16  4+1   A013 E7   E8 28           STB 40,S
     17
     18  5+2   A016 37   06              PULU A,B
     19  4+1   A018 A7   E8 D8           STA -40,S
     20  4+0   A01B E7   E4              STB ,S
     21
     22  5+3   A01D 37   12              PULU A,X
     23  4+1   A01F A7   E8 B0           STA -80,S
     24  5+1   A022 AF   E8 87           STX -121,S
     25
     26  5+4   A025 37   46              PULU A,B,S
     27  4+1   A027 A7   E8 50           STA 80,S
     28  4+1   A02A E7   E8 78           STB 120,S
     29
     30  5+2   A02D 37   06              PULU A,B
     31  4+1   A02F A7   E8 28           STA 40,S
     32  4+0   A032 E7   E4              STB ,S
     33
     34  5+2   A034 37   06              PULU A,B
     35  4+1   A036 A7   E8 D8           STA -40,S
     36  4+1   A039 E7   E8 B0           STB -80,S
     37
     38  5+1   A03C 37   02              PULU A
     39  4+1   A03E A7   E8 88           STA -120,S
     40
     41  5+3   A041 37   42              PULU A,S
     42  4+1   A043 A7   E8 50           STA 80,S
     43
     44  5+2   A046 37   06              PULU A,B
     45  4+1   A048 A7   E8 28           STA 40,S
     46  4+1   A04B E7   E8 D8           STB -40,S
     47
     48  5+3   A04E 37   12              PULU A,X
     49  4+1   A050 A7   E8 B0           STA -80,S
     50  5+0   A053 AF   E4              STX ,S
     51
     52        A055               ERASE_SSAV_Img_star_3
     53  4     A055 10CE 0000            LDS #$0000
     54  5     A059 39                   RTS
     55
----------------
208 cycle(s)
90 byte(s)
----------------
     57

000000 Total Errors

000003 Total Symbols
     0x          Label A005 ERASE_CODE_Img_star_3_1
     0x          Label A000 ERASE_Img_star_3
     1x          Label A055 ERASE_SSAV_Img_star_3

