/*--------------------------------------------------------------*
 * Compilé avec C6809 v0.83                                     *
 *--------------------------------------------------------------*
 * Fichier source      : ./Sonic2/GeneratedCode/TitleScreen/Img_emblemBack01_Draw.ASM
 * Fichier destination : ./Sonic2/GeneratedCode/TitleScreen/Img_emblemBack01_Draw.BIN
 * Contenu :
 *     Main     0:IMGD.ASM     4537
 *--------------------------------------------------------------*/

Macro Pass
Pass1
Pass2
      2        A000                      ORG $A000
      3                  FF              SETDP $FF
      4        A000               DRAW_Img_emblemBack01
      5  5+5   A000 ED   8D 01B3         STD DYN_POS+2,PCR
      6  4+0   A004 32   C4              LEAS ,U
      7  5+0   A006 EE   A4              LDU ,Y
      8  4+4   A008 33   C9 FC0B         LEAU -1013,U
      9
     10  4+1   A00C A6   C8 78           LDA 120,U
     11  2     A00F 84   F0              ANDA #$F0
     12  2     A011 8A   01              ORA #$01
     13  4+1   A013 A7   C8 78           STA 120,U
     14  4+1   A016 A6   C8 50           LDA 80,U
     15  2     A019 84   F0              ANDA #$F0
     16  2     A01B 8A   0E              ORA #$0e
     17  4+1   A01D A7   C8 50           STA 80,U
     18  2     A020 86   1D              LDA #$1d
     19  4+1   A022 A7   C8 28           STA 40,U
     20  2     A025 86   EC              LDA #$ec
     21  4+0   A027 A7   C4              STA ,U
     22  2     A029 86   DC              LDA #$dc
     23  4+1   A02B A7   C8 D8           STA -40,U
     24  2     A02E 86   CC              LDA #$cc
     25  4+1   A030 A7   C8 B0           STA -80,U
     26  2     A033 86   C0              LDA #$c0
     27  4+1   A035 A7   C8 88           STA -120,U
     28  4+4   A038 33   C9 FEE8         LEAU -280,U
     29
     30  4+1   A03C A7   C8 78           STA 120,U
     31  5+1   A03F EC   C8 27           LDD 39,U
     32  2     A042 84   F0              ANDA #$F0
     33  2     A044 8A   01              ORA #$01
     34  2     A046 C6   00              LDB #$00
     35  5+1   A048 ED   C8 27           STD 39,U
     36  5+1   A04B EC   5F              LDD -1,U
     37  2     A04D 84   F0              ANDA #$F0
     38  2     A04F 8A   01              ORA #$01
     39  2     A051 C6   00              LDB #$00
     40  5+1   A053 ED   5F              STD -1,U
     41  5+1   A055 EC   C8 D7           LDD -41,U
     42  2     A058 84   F0              ANDA #$F0
     43  2     A05A 8A   0E              ORA #$0e
     44  2     A05C C6   00              LDB #$00
     45  5+1   A05E ED   C8 D7           STD -41,U
     46  4+1   A061 E7   C8 50           STB 80,U
     47  3     A064 CC   1D00            LDD #$1d00
     48  5+1   A067 ED   C8 AF           STD -81,U
     49  5+1   A06A ED   C8 87           STD -121,U
     50  4+4   A06D 33   C9 FEE8         LEAU -280,U
     51
     52  2     A071 86   EC              LDA #$ec
     53  5+1   A073 ED   C8 77           STD 119,U
     54  2     A076 86   DC              LDA #$dc
     55  5+1   A078 ED   C8 4F           STD 79,U
     56  5+1   A07B ED   C8 27           STD 39,U
     57  2     A07E 86   C0              LDA #$c0
     58  5+1   A080 ED   5F              STD -1,U
     59  2     A082 C6   CC              LDB #$cc
     60  5+1   A084 ED   C8 D7           STD -41,U
     61  5+1   A087 EC   C8 AF           LDD -81,U
     62  2     A08A 86   CC              LDA #$cc
     63  2     A08C C4   0F              ANDB #$0F
     64  2     A08E CA   10              ORB #$10
     65  5+1   A090 ED   C8 AF           STD -81,U
     66  5+1   A093 EC   C8 87           LDD -121,U
     67  2     A096 86   CD              LDA #$cd
     68  2     A098 C4   F0              ANDB #$F0
     69  2     A09A CA   01              ORB #$01
     70  5+1   A09C ED   C8 87           STD -121,U
     71  4+4   A09F 33   C9 FEE8         LEAU -280,U
     72
     73  2     A0A3 86   ED              LDA #$ed
     74  4+1   A0A5 A7   C8 50           STA 80,U
     75  2     A0A8 86   DC              LDA #$dc
     76  4+1   A0AA A7   C8 28           STA 40,U
     77  2     A0AD 86   CC              LDA #$cc
     78  4+0   A0AF A7   C4              STA ,U
     79  2     A0B1 86   C0              LDA #$c0
     80  4+1   A0B3 A7   C8 D8           STA -40,U
     81  5+1   A0B6 EC   C8 AF           LDD -81,U
     82  2     A0B9 84   F0              ANDA #$F0
     83  2     A0BB 8A   01              ORA #$01
     84  2     A0BD C6   00              LDB #$00
     85  5+1   A0BF ED   C8 AF           STD -81,U
     86  2     A0C2 86   1E              LDA #$1e
     87  4+1   A0C4 A7   C8 78           STA 120,U
     88  5+1   A0C7 ED   C8 87           STD -121,U
     89  4+4   A0CA 33   C9 FF24         LEAU -220,U
     90
     91  2     A0CE 86   ED              LDA #$ed
     92  5+1   A0D0 ED   C8 3B           STD 59,U
     93  2     A0D3 86   DC              LDA #$dc
     94  5+1   A0D5 ED   C8 13           STD 19,U
     95  2     A0D8 86   CC              LDA #$cc
     96  5+1   A0DA ED   C8 EB           STD -21,U
     97  2     A0DD 86   C0              LDA #$c0
     98  5+1   A0DF ED   C8 C3           STD -61,U
     99  4+4   A0E2 33   C9 FF25         LEAU -219,U
    100
    101  2     A0E6 86   00              LDA #$00
    102  5+1   A0E8 ED   C8 76           STD 118,U
    103  5+1   A0EB ED   C8 4E           STD 78,U
    104  5+1   A0EE ED   C8 26           STD 38,U
    105  4+1   A0F1 A6   C8 4D           LDA 77,U
    106  2     A0F4 84   F0              ANDA #$F0
    107  2     A0F6 8A   01              ORA #$01
    108  4+1   A0F8 A7   C8 4D           STA 77,U
    109  4+1   A0FB A6   C8 25           LDA 37,U
    110  2     A0FE 84   F0              ANDA #$F0
    111  2     A100 8A   0E              ORA #$0e
    112  4+1   A102 A7   C8 25           STA 37,U
    113  2     A105 86   1D              LDA #$1d
    114  3     A107 8E   0000            LDX #$0000
    115  5+3   A10A 36   12              PSHU A,X
    116  4+1   A10C 33   C8 DB           LEAU -37,U
    117
    118  2     A10F 86   EC              LDA #$ec
    119  5+3   A111 36   12              PSHU A,X
    120  4+1   A113 33   C8 DB           LEAU -37,U
    121
    122  2     A116 86   DC              LDA #$dc
    123  5+3   A118 36   12              PSHU A,X
    124  4+1   A11A 33   C8 DB           LEAU -37,U
    125
    126  2     A11D 86   C0              LDA #$c0
    127  5+3   A11F 36   12              PSHU A,X
    128  4+1   A121 33   C8 DB           LEAU -37,U
    129
    130  5+3   A124 36   12              PSHU A,X
    131  4+1   A126 33   C8 DB           LEAU -37,U
    132
    133  5+3   A129 36   12              PSHU A,X
    134  4+1   A12B 33   C8 DB           LEAU -37,U
    135
    136  5+3   A12E 36   14              PSHU B,X
    137  4+1   A130 33   C8 DB           LEAU -37,U
    138
    139  4+1   A133 A6   5C              LDA -4,U
    140  2     A135 84   F0              ANDA #$F0
    141  2     A137 8A   01              ORA #$01
    142  4+1   A139 A7   5C              STA -4,U
    143  5+3   A13B 36   14              PSHU B,X
    144  4+1   A13D 33   C8 DB           LEAU -37,U
    145
    146  4+1   A140 A6   5C              LDA -4,U
    147  2     A142 84   F0              ANDA #$F0
    148  2     A144 8A   0E              ORA #$0e
    149  4+1   A146 A7   5C              STA -4,U
    150  5+3   A148 36   14              PSHU B,X
    151  4+1   A14A 33   C8 DB           LEAU -37,U
    152
    153  4+1   A14D A6   5C              LDA -4,U
    154  2     A14F 84   F0              ANDA #$F0
    155  2     A151 8A   0E              ORA #$0e
    156  4+1   A153 A7   5C              STA -4,U
    157  5+3   A155 36   14              PSHU B,X
    158  4+1   A157 33   C8 DB           LEAU -37,U
    159
    160  3     A15A CC   1D00            LDD #$1d00
    161  3     A15D 8E   000C            LDX #$000c
    162  5+4   A160 36   16              PSHU D,X
    163  4+1   A162 33   C8 DC           LEAU -36,U
    164
    165  5+1   A165 EC   C8 D6           LDD -42,U
    166  2     A168 86   00              LDA #$00
    167  2     A16A C4   0F              ANDB #$0F
    168  2     A16C CA   10              ORB #$10
    169  5+1   A16E ED   C8 D6           STD -42,U
    170  3     A171 CC   EC00            LDD #$ec00
    171  5+1   A174 ED   C8 D4           STD -44,U
    172  3     A177 8E   00CE            LDX #$00ce
    173  5+4   A17A 36   16              PSHU D,X
    174  4+1   A17C 33   C8 B3           LEAU -77,U
    175
    176  2     A17F 86   DC              LDA #$dc
    177  3     A181 8E   00CC            LDX #$00cc
    178  5+3   A184 36   12              PSHU A,X
    179  4+1   A186 33   C8 DB           LEAU -37,U
    180
    181  3     A189 CC   C00C            LDD #$c00c
    182  5+1   A18C ED   C8 D5           STD -43,U
    183  2     A18F C6   CD              LDB #$cd
    184  5+1   A191 ED   C8 AD           STD -83,U
    185  5+1   A194 EC   C8 85           LDD -123,U
    186  2     A197 86   C0              LDA #$c0
    187  2     A199 C4   0F              ANDB #$0F
    188  2     A19B CA   E0              ORB #$e0
    189  5+1   A19D ED   C8 85           STD -123,U
    190  2     A1A0 86   DC              LDA #$dc
    191  3     A1A2 8E   00D1            LDX #$00d1
    192  5+3   A1A5 36   12              PSHU A,X
    193  4+4   A1A7 33   C9 FF4C         LEAU -180,U
    194
    195  2     A1AB 86   CC              LDA #$cc
    196  4+1   A1AD A7   C8 14           STA 20,U
    197  2     A1B0 86   CE              LDA #$ce
    198  4+1   A1B2 A7   C8 EC           STA -20,U
    199        A1B5               DYN_POS
    200
    201  3     A1B5 CE   0000            LDU #$0000
    202  4+4   A1B8 33   C9 FB6B         LEAU -1173,U
    203
    204  4+1   A1BC A6   C8 78           LDA 120,U
    205  2     A1BF 84   F0              ANDA #$F0
    206  2     A1C1 8A   01              ORA #$01
    207  4+1   A1C3 A7   C8 78           STA 120,U
    208  4+1   A1C6 A6   C8 50           LDA 80,U
    209  2     A1C9 84   F0              ANDA #$F0
    210  2     A1CB 8A   0E              ORA #$0e
    211  4+1   A1CD A7   C8 50           STA 80,U
    212  4+1   A1D0 A6   C8 28           LDA 40,U
    213  2     A1D3 84   F0              ANDA #$F0
    214  2     A1D5 8A   0E              ORA #$0e
    215  4+1   A1D7 A7   C8 28           STA 40,U
    216  2     A1DA 86   1D              LDA #$1d
    217  4+0   A1DC A7   C4              STA ,U
    218  2     A1DE 86   EC              LDA #$ec
    219  4+1   A1E0 A7   C8 D8           STA -40,U
    220  2     A1E3 86   DC              LDA #$dc
    221  4+1   A1E5 A7   C8 B0           STA -80,U
    222  4+1   A1E8 A7   C8 88           STA -120,U
    223  4+4   A1EB 33   C9 FEE8         LEAU -280,U
    224
    225  2     A1EF 86   C0              LDA #$c0
    226  4+1   A1F1 A7   C8 78           STA 120,U
    227  4+1   A1F4 A7   C8 50           STA 80,U
    228  4+1   A1F7 A7   C8 28           STA 40,U
    229  5+1   A1FA EC   C8 D7           LDD -41,U
    230  2     A1FD 84   F0              ANDA #$F0
    231  2     A1FF 8A   01              ORA #$01
    232  2     A201 C6   00              LDB #$00
    233  5+1   A203 ED   C8 D7           STD -41,U
    234  5+1   A206 EC   C8 AF           LDD -81,U
    235  2     A209 84   F0              ANDA #$F0
    236  2     A20B 8A   01              ORA #$01
    237  2     A20D C6   00              LDB #$00
    238  5+1   A20F ED   C8 AF           STD -81,U
    239  5+1   A212 EC   C8 87           LDD -121,U
    240  2     A215 84   F0              ANDA #$F0
    241  2     A217 8A   0E              ORA #$0e
    242  2     A219 C6   00              LDB #$00
    243  5+1   A21B ED   C8 87           STD -121,U
    244  4+0   A21E E7   C4              STB ,U
    245  4+4   A220 33   C9 FEE8         LEAU -280,U
    246
    247  5+1   A224 EC   C8 77           LDD 119,U
    248  2     A227 84   F0              ANDA #$F0
    249  2     A229 8A   0E              ORA #$0e
    250  2     A22B C6   0C              LDB #$0c
    251  5+1   A22D ED   C8 77           STD 119,U
    252  3     A230 CC   1DCD            LDD #$1dcd
    253  5+1   A233 ED   C8 4F           STD 79,U
    254  5+1   A236 EC   C8 27           LDD 39,U
    255  2     A239 86   1D              LDA #$1d
    256  2     A23B C4   0F              ANDB #$0F
    257  2     A23D CA   10              ORB #$10
    258  5+1   A23F ED   C8 27           STD 39,U
    259  2     A242 86   EE              LDA #$ee
    260  4+1   A244 A7   5F              STA -1,U
    261  4+1   A246 A6   C8 B0           LDA -80,U
    262  2     A249 84   F0              ANDA #$F0
    263  2     A24B 8A   01              ORA #$01
    264  4+1   A24D A7   C8 B0           STA -80,U
    265  2     A250 86   1E              LDA #$1e
    266  4+1   A252 A7   C8 88           STA -120,U
    267  4+4   A255 33   C9 FEE8         LEAU -280,U
    268
    269  2     A259 86   ED              LDA #$ed
    270  4+1   A25B A7   C8 78           STA 120,U
    271  2     A25E 86   DC              LDA #$dc
    272  4+1   A260 A7   C8 50           STA 80,U
    273  5+1   A263 EC   C8 D7           LDD -41,U
    274  2     A266 84   F0              ANDA #$F0
    275  2     A268 8A   01              ORA #$01
    276  2     A26A C6   00              LDB #$00
    277  5+1   A26C ED   C8 D7           STD -41,U
    278  5+1   A26F EC   C8 AF           LDD -81,U
    279  2     A272 84   F0              ANDA #$F0
    280  2     A274 8A   0E              ORA #$0e
    281  2     A276 C6   00              LDB #$00
    282  5+1   A278 ED   C8 AF           STD -81,U
    283  2     A27B 86   CC              LDA #$cc
    284  4+1   A27D A7   C8 28           STA 40,U
    285  2     A280 86   C0              LDA #$c0
    286  4+0   A282 A7   C4              STA ,U
    287  2     A284 86   1D              LDA #$1d
    288  5+1   A286 ED   C8 87           STD -121,U
    289  4+4   A289 33   C9 FF24         LEAU -220,U
    290
    291  2     A28D 86   EC              LDA #$ec
    292  5+1   A28F ED   C8 3B           STD 59,U
    293  2     A292 86   DC              LDA #$dc
    294  5+1   A294 ED   C8 13           STD 19,U
    295  2     A297 86   C0              LDA #$c0
    296  5+1   A299 ED   C8 EB           STD -21,U
    297  5+1   A29C ED   C8 C3           STD -61,U
    298  4+4   A29F 33   C9 FF25         LEAU -219,U
    299
    300  2     A2A3 86   00              LDA #$00
    301  5+1   A2A5 ED   C8 76           STD 118,U
    302  5+1   A2A8 ED   C8 4E           STD 78,U
    303  5+1   A2AB ED   C8 26           STD 38,U
    304  4+1   A2AE A6   C8 4D           LDA 77,U
    305  2     A2B1 84   F0              ANDA #$F0
    306  2     A2B3 8A   01              ORA #$01
    307  4+1   A2B5 A7   C8 4D           STA 77,U
    308  4+1   A2B8 A6   C8 25           LDA 37,U
    309  2     A2BB 84   F0              ANDA #$F0
    310  2     A2BD 8A   0E              ORA #$0e
    311  4+1   A2BF A7   C8 25           STA 37,U
    312  2     A2C2 86   1D              LDA #$1d
    313  3     A2C4 8E   0000            LDX #$0000
    314  5+3   A2C7 36   12              PSHU A,X
    315  4+1   A2C9 33   C8 DB           LEAU -37,U
    316
    317  5+3   A2CC 36   12              PSHU A,X
    318  4+1   A2CE 33   C8 DB           LEAU -37,U
    319
    320  2     A2D1 86   EC              LDA #$ec
    321  5+3   A2D3 36   12              PSHU A,X
    322  4+1   A2D5 33   C8 DB           LEAU -37,U
    323
    324  2     A2D8 86   DC              LDA #$dc
    325  5+3   A2DA 36   12              PSHU A,X
    326  4+1   A2DC 33   C8 DB           LEAU -37,U
    327
    328  2     A2DF 86   C0              LDA #$c0
    329  5+3   A2E1 36   12              PSHU A,X
    330  4+1   A2E3 33   C8 DB           LEAU -37,U
    331
    332  5+3   A2E6 36   12              PSHU A,X
    333  4+1   A2E8 33   C8 DB           LEAU -37,U
    334
    335  5+3   A2EB 36   12              PSHU A,X
    336  4+1   A2ED 33   C8 DB           LEAU -37,U
    337
    338  3     A2F0 8E   000C            LDX #$000c
    339  5+3   A2F3 36   14              PSHU B,X
    340  4+1   A2F5 33   C8 DB           LEAU -37,U
    341
    342  5+1   A2F8 EC   C8 D6           LDD -42,U
    343  2     A2FB 86   00              LDA #$00
    344  2     A2FD C4   0F              ANDB #$0F
    345  2     A2FF CA   E0              ORB #$e0
    346  5+1   A301 ED   C8 D6           STD -42,U
    347  5+1   A304 EC   C8 D4           LDD -44,U
    348  2     A307 84   F0              ANDA #$F0
    349  2     A309 8A   01              ORA #$01
    350  2     A30B C6   00              LDB #$00
    351  5+1   A30D ED   C8 D4           STD -44,U
    352  5+1   A310 AF   C8 AD           STX -83,U
    353  4+1   A313 A6   C8 AC           LDA -84,U
    354  2     A316 84   F0              ANDA #$F0
    355  2     A318 8A   01              ORA #$01
    356  4+1   A31A A7   C8 AC           STA -84,U
    357  4+1   A31D A6   C8 84           LDA -124,U
    358  2     A320 84   F0              ANDA #$F0
    359  2     A322 8A   0E              ORA #$0e
    360  4+1   A324 A7   C8 84           STA -124,U
    361  3     A327 CC   00CE            LDD #$00ce
    362  5+1   A32A ED   C8 85           STD -123,U
    363  3     A32D 8E   00CD            LDX #$00cd
    364  5+3   A330 36   12              PSHU A,X
    365  4+4   A332 33   C9 FF10         LEAU -240,U
    366
    367  5+1   A336 EC   C8 50           LDD 80,U
    368  2     A339 86   00              LDA #$00
    369  2     A33B C4   0F              ANDB #$0F
    370  2     A33D CA   10              ORB #$10
    371  5+1   A33F ED   C8 50           STD 80,U
    372  4+1   A342 A6   C8 4F           LDA 79,U
    373  2     A345 84   F0              ANDA #$F0
    374  2     A347 8A   0E              ORA #$0e
    375  4+1   A349 A7   C8 4F           STA 79,U
    376  5+1   A34C EC   C8 27           LDD 39,U
    377  2     A34F 84   F0              ANDA #$F0
    378  2     A351 8A   0E              ORA #$0e
    379  2     A353 C6   CC              LDB #$cc
    380  5+1   A355 ED   C8 27           STD 39,U
    381  3     A358 CC   1DD1            LDD #$1dd1
    382  5+1   A35B ED   5F              STD -1,U
    383  4+1   A35D A7   C8 D7           STA -41,U
    384  2     A360 86   EE              LDA #$ee
    385  4+1   A362 A7   C8 AF           STA -81,U
    386  5     A365 39                   RTS
    387
----------------
1462 cycle(s)
870 byte(s)
----------------
    389

000000 Total Errors

000002 Total Symbols
     0x          Label A000 DRAW_Img_emblemBack01
     1x          Label A1B5 DYN_POS

