/*--------------------------------------------------------------*
 * Compilé avec C6809 v0.83                                     *
 *--------------------------------------------------------------*
 * Fichier source      : ./Sonic2/GeneratedCode/TitleScreen/Img_sonic_3_Erase.ASM
 * Fichier destination : ./Sonic2/GeneratedCode/TitleScreen/Img_sonic_3_Erase.BIN
 * Contenu :
 *     Main     0:IMGE.ASM     7785
 *--------------------------------------------------------------*/

Macro Pass
Pass1
Pass2
      2        A000                      ORG $A000
      3                  FF              SETDP $FF
      4        A000               ERASE_Img_sonic_3
      5  6+5   A000 10EF 8D 045C         STS ERASE_SSAV_Img_sonic_3+1,PCR
      6
      7  4+0   A005 32   C4              LEAS ,U
      8        A007               ERASE_CODE_Img_sonic_3_1
      9  5+6   A007 35   56              PULS D,X,U
     10  5+4   A009 36   16              PSHU D,X
     11
     12  5+6   A00B 35   36              PULS D,X,Y
     13  5+1   A00D ED   C8 52           STD 82,U
     14  5+1   A010 AF   C8 50           STX 80,U
     15  6+1   A013 10AF C8 28           STY 40,U
     16
     17  5+4   A017 35   16              PULS A,B,X
     18  4+1   A019 A7   C8 79           STA 121,U
     19  4+1   A01C E7   C8 7C           STB 124,U
     20  5+1   A01F AF   C8 2A           STX 42,U
     21
     22  5+2   A022 35   06              PULS A,B
     23  4+1   A024 A7   C8 54           STA 84,U
     24  4+1   A027 E7   C8 2C           STB 44,U
     25
     26  5+1   A02A 35   02              PULS A
     27  4+1   A02C A7   44              STA 4,U
     28
     29  5+6   A02E 35   56              PULS D,X,U
     30  5+4   A030 36   16              PSHU D,X
     31
     32  5+1   A032 35   02              PULS A
     33  4+1   A034 A7   44              STA 4,U
     34
     35  5+6   A036 35   56              PULS D,X,U
     36  5+4   A038 36   16              PSHU D,X
     37
     38  5+1   A03A 35   02              PULS A
     39  4+1   A03C A7   44              STA 4,U
     40
     41  5+6   A03E 35   56              PULS D,X,U
     42  5+4   A040 36   16              PSHU D,X
     43
     44  5+6   A042 35   56              PULS D,X,U
     45  5+4   A044 36   16              PSHU D,X
     46
     47  5+6   A046 35   56              PULS D,X,U
     48  5+4   A048 36   16              PSHU D,X
     49
     50  5+5   A04A 35   52              PULS A,X,U
     51  5+3   A04C 36   12              PSHU A,X
     52
     53  5+5   A04E 35   52              PULS A,X,U
     54  5+3   A050 36   12              PSHU A,X
     55
     56  5+2   A052 35   06              PULS D
     57  5+1   A054 ED   C8 26           STD 38,U
     58
     59  5+5   A057 35   52              PULS A,X,U
     60  5+3   A059 36   12              PSHU A,X
     61
     62  5+2   A05B 35   06              PULS D
     63  5+1   A05D ED   C8 26           STD 38,U
     64
     65  5+5   A060 35   52              PULS A,X,U
     66  5+3   A062 36   12              PSHU A,X
     67
     68  5+3   A064 35   12              PULS A,X
     69  4+1   A066 A7   44              STA 4,U
     70  5+1   A068 AF   C8 26           STX 38,U
     71
     72  5+8   A06B 35   76              PULS D,X,Y,U
     73  5+6   A06D 36   36              PSHU D,X,Y
     74
     75  5+2   A06F 35   06              PULS D
     76  5+1   A071 ED   C8 27           STD 39,U
     77
     78  5+8   A074 35   76              PULS D,X,Y,U
     79  5+6   A076 36   36              PSHU D,X,Y
     80
     81  5+8   A078 35   76              PULS D,X,Y,U
     82  5+6   A07A 36   36              PSHU D,X,Y
     83
     84  5+1   A07C 35   02              PULS A
     85  4+1   A07E A7   46              STA 6,U
     86
     87  5+8   A080 35   76              PULS D,X,Y,U
     88  5+6   A082 36   36              PSHU D,X,Y
     89
     90  5+1   A084 35   02              PULS A
     91  4+1   A086 A7   46              STA 6,U
     92
     93  5+8   A088 35   76              PULS D,X,Y,U
     94  5+6   A08A 36   36              PSHU D,X,Y
     95
     96  5+1   A08C 35   02              PULS A
     97  4+1   A08E A7   46              STA 6,U
     98
     99  5+8   A090 35   76              PULS D,X,Y,U
    100  5+6   A092 36   36              PSHU D,X,Y
    101
    102  5+8   A094 35   76              PULS D,X,Y,U
    103  5+6   A096 36   36              PSHU D,X,Y
    104
    105  5+4   A098 35   16              PULS D,X
    106  5+1   A09A ED   C8 28           STD 40,U
    107  5+1   A09D AF   46              STX 6,U
    108
    109  5+5   A09F 35   52              PULS A,X,U
    110  5+3   A0A1 36   12              PSHU A,X
    111
    112  5+8   A0A3 35   76              PULS D,X,Y,U
    113  5+6   A0A5 36   36              PSHU D,X,Y
    114
    115  5+5   A0A7 35   52              PULS A,X,U
    116  5+3   A0A9 36   12              PSHU A,X
    117
    118  5+8   A0AB 35   76              PULS D,X,Y,U
    119  5+6   A0AD 36   36              PSHU D,X,Y
    120
    121  5+8   A0AF 35   76              PULS D,X,Y,U
    122  5+6   A0B1 36   36              PSHU D,X,Y
    123
    124  5+3   A0B3 35   12              PULS A,X
    125  4+1   A0B5 A7   48              STA 8,U
    126  5+1   A0B7 AF   46              STX 6,U
    127
    128  5+8   A0B9 35   76              PULS D,X,Y,U
    129  5+6   A0BB 36   36              PSHU D,X,Y
    130
    131  5+3   A0BD 35   12              PULS A,X
    132  4+1   A0BF A7   48              STA 8,U
    133  5+1   A0C1 AF   46              STX 6,U
    134
    135  5+8   A0C3 35   76              PULS D,X,Y,U
    136  5+6   A0C5 36   36              PSHU D,X,Y
    137
    138  5+2   A0C7 35   06              PULS D
    139  5+1   A0C9 ED   46              STD 6,U
    140
    141  5+8   A0CB 35   76              PULS D,X,Y,U
    142  5+6   A0CD 36   36              PSHU D,X,Y
    143
    144  5+8   A0CF 35   76              PULS D,X,Y,U
    145  5+6   A0D1 36   36              PSHU D,X,Y
    146
    147  5+2   A0D3 35   06              PULS D
    148  5+1   A0D5 ED   C8 26           STD 38,U
    149
    150  5+8   A0D8 35   76              PULS D,X,Y,U
    151  5+6   A0DA 36   36              PSHU D,X,Y
    152
    153  5+2   A0DC 35   06              PULS D
    154  5+1   A0DE ED   C8 26           STD 38,U
    155
    156  5+8   A0E1 35   76              PULS D,X,Y,U
    157  5+6   A0E3 36   36              PSHU D,X,Y
    158
    159  5+4   A0E5 35   16              PULS D,X
    160  5+1   A0E7 ED   C8 28           STD 40,U
    161  5+1   A0EA AF   46              STX 6,U
    162
    163  5+8   A0EC 35   76              PULS D,X,Y,U
    164  5+6   A0EE 36   36              PSHU D,X,Y
    165
    166  5+2   A0F0 35   06              PULS D
    167  5+1   A0F2 ED   46              STD 6,U
    168
    169  5+8   A0F4 35   76              PULS D,X,Y,U
    170  5+6   A0F6 36   36              PSHU D,X,Y
    171
    172  5+2   A0F8 35   06              PULS D
    173  5+1   A0FA ED   46              STD 6,U
    174
    175  5+8   A0FC 35   76              PULS D,X,Y,U
    176  5+6   A0FE 36   36              PSHU D,X,Y
    177
    178  5+2   A100 35   06              PULS D
    179  5+1   A102 ED   46              STD 6,U
    180
    181  5+8   A104 35   76              PULS D,X,Y,U
    182  5+6   A106 36   36              PSHU D,X,Y
    183
    184  5+2   A108 35   06              PULS D
    185  5+1   A10A ED   46              STD 6,U
    186
    187  5+8   A10C 35   76              PULS D,X,Y,U
    188  5+6   A10E 36   36              PSHU D,X,Y
    189
    190  5+2   A110 35   06              PULS D
    191  5+1   A112 ED   46              STD 6,U
    192
    193  5+8   A114 35   76              PULS D,X,Y,U
    194  5+6   A116 36   36              PSHU D,X,Y
    195
    196  5+2   A118 35   06              PULS D
    197  5+1   A11A ED   46              STD 6,U
    198
    199  5+5   A11C 35   52              PULS A,X,U
    200  5+3   A11E 36   12              PSHU A,X
    201
    202  5+8   A120 35   76              PULS D,X,Y,U
    203  5+6   A122 36   36              PSHU D,X,Y
    204
    205  5+5   A124 35   52              PULS A,X,U
    206  5+3   A126 36   12              PSHU A,X
    207
    208  5+8   A128 35   76              PULS D,X,Y,U
    209  5+6   A12A 36   36              PSHU D,X,Y
    210
    211  5+5   A12C 35   52              PULS A,X,U
    212  5+3   A12E 36   12              PSHU A,X
    213
    214  5+8   A130 35   76              PULS D,X,Y,U
    215  5+6   A132 36   36              PSHU D,X,Y
    216
    217  5+5   A134 35   52              PULS A,X,U
    218  5+3   A136 36   12              PSHU A,X
    219
    220  5+8   A138 35   76              PULS D,X,Y,U
    221  5+6   A13A 36   36              PSHU D,X,Y
    222
    223  5+5   A13C 35   52              PULS A,X,U
    224  5+3   A13E 36   12              PSHU A,X
    225
    226  5+8   A140 35   76              PULS D,X,Y,U
    227  5+6   A142 36   36              PSHU D,X,Y
    228
    229  5+5   A144 35   52              PULS A,X,U
    230  5+3   A146 36   12              PSHU A,X
    231
    232  5+8   A148 35   76              PULS D,X,Y,U
    233  5+6   A14A 36   36              PSHU D,X,Y
    234
    235  5+8   A14C 35   76              PULS D,X,Y,U
    236  5+6   A14E 36   36              PSHU D,X,Y
    237
    238  5+3   A150 35   12              PULS A,X
    239  4+1   A152 A7   48              STA 8,U
    240  5+1   A154 AF   46              STX 6,U
    241
    242  5+8   A156 35   76              PULS D,X,Y,U
    243  5+6   A158 36   36              PSHU D,X,Y
    244
    245  5+3   A15A 35   12              PULS A,X
    246  4+1   A15C A7   48              STA 8,U
    247  5+1   A15E AF   46              STX 6,U
    248
    249  5+8   A160 35   76              PULS D,X,Y,U
    250  5+6   A162 36   36              PSHU D,X,Y
    251
    252  5+2   A164 35   06              PULS D
    253  5+1   A166 ED   46              STD 6,U
    254
    255  5+8   A168 35   76              PULS D,X,Y,U
    256  5+6   A16A 36   36              PSHU D,X,Y
    257
    258  5+2   A16C 35   06              PULS D
    259  5+1   A16E ED   46              STD 6,U
    260
    261  5+8   A170 35   76              PULS D,X,Y,U
    262  5+6   A172 36   36              PSHU D,X,Y
    263
    264  5+2   A174 35   06              PULS D
    265  5+1   A176 ED   46              STD 6,U
    266
    267  5+8   A178 35   76              PULS D,X,Y,U
    268  5+6   A17A 36   36              PSHU D,X,Y
    269
    270  5+2   A17C 35   06              PULS D
    271  5+1   A17E ED   46              STD 6,U
    272
    273  5+8   A180 35   76              PULS D,X,Y,U
    274  5+6   A182 36   36              PSHU D,X,Y
    275
    276  5+1   A184 35   02              PULS A
    277  4+1   A186 A7   46              STA 6,U
    278
    279  5+8   A188 35   76              PULS D,X,Y,U
    280  5+6   A18A 36   36              PSHU D,X,Y
    281
    282  5+1   A18C 35   02              PULS A
    283  4+1   A18E A7   46              STA 6,U
    284
    285  5+8   A190 35   76              PULS D,X,Y,U
    286  5+6   A192 36   36              PSHU D,X,Y
    287
    288  5+1   A194 35   02              PULS A
    289  4+1   A196 A7   46              STA 6,U
    290
    291  5+8   A198 35   76              PULS D,X,Y,U
    292  5+6   A19A 36   36              PSHU D,X,Y
    293
    294  5+1   A19C 35   02              PULS A
    295  4+1   A19E A7   46              STA 6,U
    296
    297  5+8   A1A0 35   76              PULS D,X,Y,U
    298  5+6   A1A2 36   36              PSHU D,X,Y
    299
    300  5+1   A1A4 35   02              PULS A
    301  4+1   A1A6 A7   46              STA 6,U
    302
    303  5+8   A1A8 35   76              PULS D,X,Y,U
    304  5+6   A1AA 36   36              PSHU D,X,Y
    305
    306  5+1   A1AC 35   02              PULS A
    307  4+1   A1AE A7   46              STA 6,U
    308
    309  5+8   A1B0 35   76              PULS D,X,Y,U
    310  5+6   A1B2 36   36              PSHU D,X,Y
    311
    312  5+1   A1B4 35   02              PULS A
    313  4+1   A1B6 A7   46              STA 6,U
    314
    315  5+8   A1B8 35   76              PULS D,X,Y,U
    316  5+6   A1BA 36   36              PSHU D,X,Y
    317
    318  5+1   A1BC 35   02              PULS A
    319  4+1   A1BE A7   46              STA 6,U
    320
    321  5+8   A1C0 35   76              PULS D,X,Y,U
    322  5+6   A1C2 36   36              PSHU D,X,Y
    323
    324  5+1   A1C4 35   02              PULS A
    325  4+1   A1C6 A7   46              STA 6,U
    326
    327  5+8   A1C8 35   76              PULS D,X,Y,U
    328  5+6   A1CA 36   36              PSHU D,X,Y
    329
    330  5+2   A1CC 35   06              PULS D
    331  5+1   A1CE ED   46              STD 6,U
    332
    333  5+8   A1D0 35   76              PULS D,X,Y,U
    334  5+6   A1D2 36   36              PSHU D,X,Y
    335
    336  5+2   A1D4 35   06              PULS D
    337  5+1   A1D6 ED   46              STD 6,U
    338
    339  5+8   A1D8 35   76              PULS D,X,Y,U
    340  5+6   A1DA 36   36              PSHU D,X,Y
    341
    342  5+8   A1DC 35   76              PULS D,X,Y,U
    343  5+6   A1DE 36   36              PSHU D,X,Y
    344
    345  5+3   A1E0 35   12              PULS A,X
    346  4+1   A1E2 A7   46              STA 6,U
    347  5+1   A1E4 AF   C8 27           STX 39,U
    348
    349  5+8   A1E7 35   76              PULS D,X,Y,U
    350  5+6   A1E9 36   36              PSHU D,X,Y
    351
    352  5+2   A1EB 35   06              PULS D
    353  5+1   A1ED ED   46              STD 6,U
    354
    355  5+8   A1EF 35   76              PULS D,X,Y,U
    356  5+6   A1F1 36   36              PSHU D,X,Y
    357
    358  5+8   A1F3 35   76              PULS D,X,Y,U
    359  5+6   A1F5 36   36              PSHU D,X,Y
    360
    361  5+3   A1F7 35   12              PULS A,X
    362  4+1   A1F9 A7   46              STA 6,U
    363  5+1   A1FB AF   C8 27           STX 39,U
    364
    365  5+8   A1FE 35   76              PULS D,X,Y,U
    366  5+6   A200 36   36              PSHU D,X,Y
    367
    368  5+1   A202 35   02              PULS A
    369  4+1   A204 A7   46              STA 6,U
    370
    371  5+8   A206 35   76              PULS D,X,Y,U
    372  5+6   A208 36   36              PSHU D,X,Y
    373
    374  5+8   A20A 35   76              PULS D,X,Y,U
    375  5+6   A20C 36   36              PSHU D,X,Y
    376
    377  5+6   A20E 35   56              PULS D,X,U
    378  5+4   A210 36   16              PSHU D,X
    379
    380  5+6   A212 35   56              PULS D,X,U
    381  5+4   A214 36   16              PSHU D,X
    382
    383  5+2   A216 35   06              PULS D
    384  5+1   A218 ED   C8 27           STD 39,U
    385
    386  5+6   A21B 35   56              PULS D,X,U
    387  5+4   A21D 36   16              PSHU D,X
    388
    389  5+6   A21F 35   36              PULS D,X,Y
    390  5+1   A221 ED   C8 DA           STD -38,U
    391  5+1   A224 AF   C8 D8           STX -40,U
    392  6+1   A227 10AF C8 B1           STY -79,U
    393
    394  5+6   A22B 35   56              PULS D,X,U
    395  5+4   A22D 36   16              PSHU D,X
    396
    397  5+2   A22F 35   06              PULS D
    398  5+1   A231 ED   C8 2A           STD 42,U
    399
    400  5+5   A234 35   32              PULS A,X,Y
    401  4+1   A236 A7   C8 53           STA 83,U
    402  5+1   A239 AF   C8 28           STX 40,U
    403  6+1   A23C 10AF C8 50           STY 80,U
    404
    405  5+6   A240 35   56              PULS D,X,U
    406  5+4   A242 36   16              PSHU D,X
    407
    408  5+6   A244 35   56              PULS D,X,U
    409  5+4   A246 36   16              PSHU D,X
    410
    411  5+7   A248 35   72              PULS A,X,Y,U
    412  5+5   A24A 36   32              PSHU A,X,Y
    413
    414  5+7   A24C 35   72              PULS A,X,Y,U
    415  5+5   A24E 36   32              PSHU A,X,Y
    416
    417  5+7   A250 35   72              PULS A,X,Y,U
    418  5+5   A252 36   32              PSHU A,X,Y
    419
    420  5+7   A254 35   72              PULS A,X,Y,U
    421  5+5   A256 36   32              PSHU A,X,Y
    422
    423  5+7   A258 35   72              PULS A,X,Y,U
    424  5+5   A25A 36   32              PSHU A,X,Y
    425
    426  5+6   A25C 35   56              PULS D,X,U
    427  5+4   A25E 36   16              PSHU D,X
    428
    429  5+1   A260 35   02              PULS A
    430  4+1   A262 A7   44              STA 4,U
    431
    432  5+6   A264 35   56              PULS D,X,U
    433  5+4   A266 36   16              PSHU D,X
    434
    435  5+1   A268 35   02              PULS A
    436  4+1   A26A A7   44              STA 4,U
    437
    438  5+7   A26C 35   72              PULS A,X,Y,U
    439  5+5   A26E 36   32              PSHU A,X,Y
    440
    441  5+1   A270 35   02              PULS A
    442  4+1   A272 A7   46              STA 6,U
    443
    444  5+8   A274 35   76              PULS D,X,Y,U
    445  5+6   A276 36   36              PSHU D,X,Y
    446
    447  5+1   A278 35   02              PULS A
    448  4+1   A27A A7   46              STA 6,U
    449
    450  5+8   A27C 35   76              PULS D,X,Y,U
    451  5+6   A27E 36   36              PSHU D,X,Y
    452
    453  5+1   A280 35   02              PULS A
    454  4+1   A282 A7   46              STA 6,U
    455
    456  5+8   A284 35   76              PULS D,X,Y,U
    457  5+6   A286 36   36              PSHU D,X,Y
    458
    459  5+1   A288 35   02              PULS A
    460  4+1   A28A A7   46              STA 6,U
    461
    462  5+7   A28C 35   72              PULS A,X,Y,U
    463  5+5   A28E 36   32              PSHU A,X,Y
    464
    465  5+1   A290 35   02              PULS A
    466  4+1   A292 A7   45              STA 5,U
    467
    468  5+8   A294 35   76              PULS D,X,Y,U
    469  5+6   A296 36   36              PSHU D,X,Y
    470
    471  5+4   A298 35   16              PULS D,X
    472  5+1   A29A ED   C8 28           STD 40,U
    473  5+1   A29D AF   46              STX 6,U
    474
    475  5+8   A29F 35   76              PULS D,X,Y,U
    476  5+6   A2A1 36   36              PSHU D,X,Y
    477
    478  5+2   A2A3 35   06              PULS D
    479  5+1   A2A5 ED   46              STD 6,U
    480
    481  5+8   A2A7 35   76              PULS D,X,Y,U
    482  5+6   A2A9 36   36              PSHU D,X,Y
    483
    484  5+1   A2AB 35   02              PULS A
    485  4+1   A2AD A7   46              STA 6,U
    486
    487  5+8   A2AF 35   76              PULS D,X,Y,U
    488  5+6   A2B1 36   36              PSHU D,X,Y
    489
    490  5+2   A2B3 35   06              PULS D
    491  5+1   A2B5 ED   46              STD 6,U
    492
    493  5+8   A2B7 35   76              PULS D,X,Y,U
    494  5+6   A2B9 36   36              PSHU D,X,Y
    495
    496  5+2   A2BB 35   06              PULS D
    497  5+1   A2BD ED   46              STD 6,U
    498
    499  5+8   A2BF 35   76              PULS D,X,Y,U
    500  5+6   A2C1 36   36              PSHU D,X,Y
    501
    502  5+2   A2C3 35   06              PULS D
    503  5+1   A2C5 ED   46              STD 6,U
    504
    505  5+8   A2C7 35   76              PULS D,X,Y,U
    506  5+6   A2C9 36   36              PSHU D,X,Y
    507
    508  5+2   A2CB 35   06              PULS D
    509  5+1   A2CD ED   46              STD 6,U
    510
    511  5+8   A2CF 35   76              PULS D,X,Y,U
    512  5+6   A2D1 36   36              PSHU D,X,Y
    513
    514  5+2   A2D3 35   06              PULS D
    515  5+1   A2D5 ED   46              STD 6,U
    516
    517  5+8   A2D7 35   76              PULS D,X,Y,U
    518  5+6   A2D9 36   36              PSHU D,X,Y
    519
    520  5+2   A2DB 35   06              PULS D
    521  5+1   A2DD ED   46              STD 6,U
    522
    523  5+8   A2DF 35   76              PULS D,X,Y,U
    524  5+6   A2E1 36   36              PSHU D,X,Y
    525
    526  5+2   A2E3 35   06              PULS D
    527  5+1   A2E5 ED   46              STD 6,U
    528
    529  5+8   A2E7 35   76              PULS D,X,Y,U
    530  5+6   A2E9 36   36              PSHU D,X,Y
    531
    532  5+2   A2EB 35   06              PULS D
    533  5+1   A2ED ED   46              STD 6,U
    534
    535  5+8   A2EF 35   76              PULS D,X,Y,U
    536  5+6   A2F1 36   36              PSHU D,X,Y
    537
    538  5+2   A2F3 35   06              PULS D
    539  5+1   A2F5 ED   46              STD 6,U
    540
    541  5+8   A2F7 35   76              PULS D,X,Y,U
    542  5+6   A2F9 36   36              PSHU D,X,Y
    543
    544  5+1   A2FB 35   02              PULS A
    545  4+1   A2FD A7   46              STA 6,U
    546
    547  5+8   A2FF 35   76              PULS D,X,Y,U
    548  5+6   A301 36   36              PSHU D,X,Y
    549
    550  5+1   A303 35   02              PULS A
    551  4+1   A305 A7   46              STA 6,U
    552
    553  5+8   A307 35   76              PULS D,X,Y,U
    554  5+6   A309 36   36              PSHU D,X,Y
    555
    556  5+1   A30B 35   02              PULS A
    557  4+1   A30D A7   46              STA 6,U
    558
    559  5+8   A30F 35   76              PULS D,X,Y,U
    560  5+6   A311 36   36              PSHU D,X,Y
    561
    562  5+8   A313 35   76              PULS D,X,Y,U
    563  5+6   A315 36   36              PSHU D,X,Y
    564
    565  5+2   A317 35   06              PULS D
    566  5+1   A319 ED   C8 26           STD 38,U
    567
    568  5+8   A31C 35   76              PULS D,X,Y,U
    569  5+6   A31E 36   36              PSHU D,X,Y
    570
    571  5+3   A320 35   12              PULS A,X
    572  4+1   A322 A7   46              STA 6,U
    573  5+1   A324 AF   C8 26           STX 38,U
    574
    575  5+8   A327 35   76              PULS D,X,Y,U
    576  5+6   A329 36   36              PSHU D,X,Y
    577
    578  5+4   A32B 35   16              PULS D,X
    579  5+1   A32D ED   C8 26           STD 38,U
    580  5+1   A330 AF   46              STX 6,U
    581
    582  5+8   A332 35   76              PULS D,X,Y,U
    583  5+6   A334 36   36              PSHU D,X,Y
    584
    585  5+4   A336 35   16              PULS D,X
    586  5+1   A338 ED   C8 26           STD 38,U
    587  5+1   A33B AF   46              STX 6,U
    588
    589  5+8   A33D 35   76              PULS D,X,Y,U
    590  5+6   A33F 36   36              PSHU D,X,Y
    591
    592  5+4   A341 35   16              PULS D,X
    593  5+1   A343 ED   C8 26           STD 38,U
    594  5+1   A346 AF   46              STX 6,U
    595
    596  5+8   A348 35   76              PULS D,X,Y,U
    597  5+6   A34A 36   36              PSHU D,X,Y
    598
    599  5+4   A34C 35   16              PULS D,X
    600  5+1   A34E ED   C8 26           STD 38,U
    601  5+1   A351 AF   46              STX 6,U
    602
    603  5+8   A353 35   76              PULS D,X,Y,U
    604  5+6   A355 36   36              PSHU D,X,Y
    605
    606  5+3   A357 35   12              PULS A,X
    607  4+1   A359 A7   46              STA 6,U
    608  5+1   A35B AF   C8 26           STX 38,U
    609
    610  5+8   A35E 35   76              PULS D,X,Y,U
    611  5+6   A360 36   36              PSHU D,X,Y
    612
    613  5+3   A362 35   12              PULS A,X
    614  4+1   A364 A7   46              STA 6,U
    615  5+1   A366 AF   C8 26           STX 38,U
    616
    617  5+8   A369 35   76              PULS D,X,Y,U
    618  5+6   A36B 36   36              PSHU D,X,Y
    619
    620  5+3   A36D 35   12              PULS A,X
    621  4+1   A36F A7   46              STA 6,U
    622  5+1   A371 AF   C8 26           STX 38,U
    623
    624  5+8   A374 35   76              PULS D,X,Y,U
    625  5+6   A376 36   36              PSHU D,X,Y
    626
    627  5+3   A378 35   12              PULS A,X
    628  4+1   A37A A7   46              STA 6,U
    629  5+1   A37C AF   C8 26           STX 38,U
    630
    631  5+8   A37F 35   76              PULS D,X,Y,U
    632  5+6   A381 36   36              PSHU D,X,Y
    633
    634  5+3   A383 35   12              PULS A,X
    635  4+1   A385 A7   46              STA 6,U
    636  5+1   A387 AF   C8 26           STX 38,U
    637
    638  5+8   A38A 35   76              PULS D,X,Y,U
    639  5+6   A38C 36   36              PSHU D,X,Y
    640
    641  5+3   A38E 35   12              PULS A,X
    642  4+1   A390 A7   46              STA 6,U
    643  5+1   A392 AF   C8 26           STX 38,U
    644
    645  5+8   A395 35   76              PULS D,X,Y,U
    646  5+6   A397 36   36              PSHU D,X,Y
    647
    648  5+3   A399 35   12              PULS A,X
    649  4+1   A39B A7   46              STA 6,U
    650  5+1   A39D AF   C8 27           STX 39,U
    651
    652  5+8   A3A0 35   76              PULS D,X,Y,U
    653  5+6   A3A2 36   36              PSHU D,X,Y
    654
    655  5+1   A3A4 35   02              PULS A
    656  4+1   A3A6 A7   46              STA 6,U
    657
    658  5+8   A3A8 35   76              PULS D,X,Y,U
    659  5+6   A3AA 36   36              PSHU D,X,Y
    660
    661  5+1   A3AC 35   02              PULS A
    662  4+1   A3AE A7   46              STA 6,U
    663
    664  5+8   A3B0 35   76              PULS D,X,Y,U
    665  5+6   A3B2 36   36              PSHU D,X,Y
    666
    667  5+1   A3B4 35   02              PULS A
    668  4+1   A3B6 A7   46              STA 6,U
    669
    670  5+8   A3B8 35   76              PULS D,X,Y,U
    671  5+6   A3BA 36   36              PSHU D,X,Y
    672
    673  5+8   A3BC 35   76              PULS D,X,Y,U
    674  5+6   A3BE 36   36              PSHU D,X,Y
    675
    676  5+8   A3C0 35   76              PULS D,X,Y,U
    677  5+6   A3C2 36   36              PSHU D,X,Y
    678
    679  5+1   A3C4 35   02              PULS A
    680  4+1   A3C6 A7   46              STA 6,U
    681
    682  5+8   A3C8 35   76              PULS D,X,Y,U
    683  5+6   A3CA 36   36              PSHU D,X,Y
    684
    685  5+1   A3CC 35   02              PULS A
    686  4+1   A3CE A7   46              STA 6,U
    687
    688  5+7   A3D0 35   72              PULS A,X,Y,U
    689  5+5   A3D2 36   32              PSHU A,X,Y
    690
    691  5+1   A3D4 35   02              PULS A
    692  4+1   A3D6 A7   45              STA 5,U
    693
    694  5+8   A3D8 35   76              PULS D,X,Y,U
    695  5+6   A3DA 36   36              PSHU D,X,Y
    696
    697  5+2   A3DC 35   06              PULS D
    698  5+1   A3DE ED   C8 26           STD 38,U
    699
    700  5+8   A3E1 35   76              PULS D,X,Y,U
    701  5+6   A3E3 36   36              PSHU D,X,Y
    702
    703  5+2   A3E5 35   06              PULS D
    704  5+1   A3E7 ED   C8 26           STD 38,U
    705
    706  5+8   A3EA 35   76              PULS D,X,Y,U
    707  5+6   A3EC 36   36              PSHU D,X,Y
    708
    709  5+2   A3EE 35   06              PULS D
    710  5+1   A3F0 ED   C8 26           STD 38,U
    711
    712  5+8   A3F3 35   76              PULS D,X,Y,U
    713  5+6   A3F5 36   36              PSHU D,X,Y
    714
    715  5+2   A3F7 35   06              PULS D
    716  5+1   A3F9 ED   C8 26           STD 38,U
    717
    718  5+8   A3FC 35   76              PULS D,X,Y,U
    719  5+6   A3FE 36   36              PSHU D,X,Y
    720
    721  5+3   A400 35   12              PULS A,X
    722  4+1   A402 A7   46              STA 6,U
    723  5+1   A404 AF   C8 26           STX 38,U
    724
    725  5+8   A407 35   76              PULS D,X,Y,U
    726  5+6   A409 36   36              PSHU D,X,Y
    727
    728  5+3   A40B 35   12              PULS A,X
    729  4+1   A40D A7   46              STA 6,U
    730  5+1   A40F AF   C8 26           STX 38,U
    731
    732  5+8   A412 35   76              PULS D,X,Y,U
    733  5+6   A414 36   36              PSHU D,X,Y
    734
    735  5+1   A416 35   02              PULS A
    736  4+1   A418 A7   46              STA 6,U
    737
    738  5+8   A41A 35   76              PULS D,X,Y,U
    739  5+6   A41C 36   36              PSHU D,X,Y
    740
    741  5+1   A41E 35   02              PULS A
    742  4+1   A420 A7   46              STA 6,U
    743
    744  5+8   A422 35   76              PULS D,X,Y,U
    745  5+6   A424 36   36              PSHU D,X,Y
    746
    747  5+1   A426 35   02              PULS A
    748  4+1   A428 A7   46              STA 6,U
    749
    750  5+8   A42A 35   76              PULS D,X,Y,U
    751  5+6   A42C 36   36              PSHU D,X,Y
    752
    753  5+1   A42E 35   02              PULS A
    754  4+1   A430 A7   46              STA 6,U
    755
    756  5+7   A432 35   72              PULS A,X,Y,U
    757  5+5   A434 36   32              PSHU A,X,Y
    758
    759  5+7   A436 35   72              PULS A,X,Y,U
    760  5+5   A438 36   32              PSHU A,X,Y
    761
    762  5+3   A43A 35   12              PULS A,X
    763  4+1   A43C A7   45              STA 5,U
    764  5+1   A43E AF   C8 27           STX 39,U
    765
    766  5+7   A441 35   72              PULS A,X,Y,U
    767  5+5   A443 36   32              PSHU A,X,Y
    768
    769  5+7   A445 35   72              PULS A,X,Y,U
    770  5+5   A447 36   32              PSHU A,X,Y
    771
    772  5+5   A449 35   52              PULS A,X,U
    773  5+3   A44B 36   12              PSHU A,X
    774
    775  5+1   A44D 35   02              PULS A
    776  4+1   A44F A7   43              STA 3,U
    777
    778  5+5   A451 35   52              PULS A,X,U
    779  5+3   A453 36   12              PSHU A,X
    780
    781  5+3   A455 35   12              PULS A,X
    782  4+1   A457 A7   C8 DA           STA -38,U
    783  5+1   A45A AF   C8 D8           STX -40,U
    784
    785  4+0   A45D 33   E4              LEAU ,S
    786        A45F               ERASE_SSAV_Img_sonic_3
    787  4     A45F 10CE 0000            LDS #$0000
    788  5     A463 39                   RTS
    789
----------------
4796 cycle(s)
1124 byte(s)
----------------
    791

000000 Total Errors

000003 Total Symbols
     0x          Label A007 ERASE_CODE_Img_sonic_3_1
     0x          Label A000 ERASE_Img_sonic_3
     1x          Label A45F ERASE_SSAV_Img_sonic_3

