/*--------------------------------------------------------------*
 * Compilé avec C6809 v0.83                                     *
 *--------------------------------------------------------------*
 * Fichier source      : ./Sonic2/GeneratedCode/TitleScreen/Img_emblemBack03_ND0.ASM
 * Fichier destination : ./Sonic2/GeneratedCode/TitleScreen/Img_emblemBack03_ND0.BIN
 * Contenu :
 *     Main     0:IMGD.ASM     5489
 *--------------------------------------------------------------*/

Macro Pass
Pass1
Pass2
      2        A000                      ORG $A000
      3                  FF              SETDP $FF
      4        A000               DRAW_Img_emblemBack03
      5  5+5   A000 ED   8D 01FC         STD DYN_POS+1,PCR
      6  5+0   A004 EE   A4              LDU ,Y
      7  4+1   A006 33   C8 46           LEAU 70,U
      8
      9  4+1   A009 A6   C8 28           LDA 40,U
     10  2     A00C 84   0F              ANDA #$0F
     11  2     A00E 8A   D0              ORA #$d0
     12  4+1   A010 A7   C8 28           STA 40,U
     13  4+0   A013 A6   C4              LDA ,U
     14  2     A015 84   0F              ANDA #$0F
     15  2     A017 8A   C0              ORA #$c0
     16  4+0   A019 A7   C4              STA ,U
     17  4+1   A01B A6   C8 D8           LDA -40,U
     18  2     A01E 84   0F              ANDA #$0F
     19  2     A020 8A   B0              ORA #$b0
     20  4+1   A022 A7   C8 D8           STA -40,U
     21  4+4   A025 33   C9 FF3A         LEAU -198,U
     22
     23  5+1   A029 EC   C8 75           LDD 117,U
     24  2     A02C 84   F0              ANDA #$F0
     25  2     A02E 8A   01              ORA #$01
     26  2     A030 C6   B0              LDB #$b0
     27  5+1   A032 ED   C8 75           STD 117,U
     28  5+1   A035 EC   C8 4D           LDD 77,U
     29  2     A038 84   F0              ANDA #$F0
     30  2     A03A 8A   0D              ORA #$0d
     31  2     A03C C6   00              LDB #$00
     32  5+1   A03E ED   C8 4D           STD 77,U
     33  3     A041 CC   1C00            LDD #$1c00
     34  5+1   A044 ED   C8 25           STD 37,U
     35  2     A047 86   CB              LDA #$cb
     36  5+1   A049 ED   C8 D5           STD -43,U
     37  5+1   A04C EC   C8 D7           LDD -41,U
     38  2     A04F 86   00              LDA #$00
     39  2     A051 C4   0F              ANDB #$0F
     40  2     A053 CA   C0              ORB #$c0
     41  5+1   A055 ED   C8 D7           STD -41,U
     42  2     A058 86   DB              LDA #$db
     43  3     A05A 8E   0000            LDX #$0000
     44  5+3   A05D 36   12              PSHU A,X
     45  4+1   A05F 33   C8 B5           LEAU -75,U
     46
     47  2     A062 86   B0              LDA #$b0
     48  4     A064 108E CD88            LDY #$cd88
     49  5+5   A068 36   32              PSHU A,X,Y
     50  4+1   A06A 33   C8 DE           LEAU -34,U
     51
     52  3     A06D CC   B000            LDD #$b000
     53  3     A070 8E   00CD            LDX #$00cd
     54  4     A073 108E 888D            LDY #$888d
     55  5+6   A077 36   36              PSHU D,X,Y
     56  4+1   A079 33   C8 DF           LEAU -33,U
     57
     58  4+1   A07C E7   59              STB -7,U
     59  2     A07E 86   00              LDA #$00
     60  3     A080 8E   CD88            LDX #$cd88
     61  4     A083 108E 8D99            LDY #$8d99
     62  5+6   A087 36   36              PSHU D,X,Y
     63  4+1   A089 33   C8 DE           LEAU -34,U
     64
     65  5+1   A08C EC   58              LDD -8,U
     66  2     A08E 84   F0              ANDA #$F0
     67  2     A090 8A   01              ORA #$01
     68  2     A092 C6   00              LDB #$00
     69  5+1   A094 ED   58              STD -8,U
     70  3     A096 CC   0000            LDD #$0000
     71  5+6   A099 36   36              PSHU D,X,Y
     72  4+1   A09B 33   C8 DE           LEAU -34,U
     73
     74  5+1   A09E EC   58              LDD -8,U
     75  2     A0A0 84   F0              ANDA #$F0
     76  2     A0A2 8A   0D              ORA #$0d
     77  2     A0A4 C6   00              LDB #$00
     78  5+1   A0A6 ED   58              STD -8,U
     79  3     A0A8 CC   0000            LDD #$0000
     80  5+6   A0AB 36   36              PSHU D,X,Y
     81  4+1   A0AD 33   C8 DE           LEAU -34,U
     82
     83  5+1   A0B0 EC   58              LDD -8,U
     84  2     A0B2 84   F0              ANDA #$F0
     85  2     A0B4 8A   0D              ORA #$0d
     86  2     A0B6 C6   0B              LDB #$0b
     87  5+1   A0B8 ED   58              STD -8,U
     88  3     A0BA CC   DC00            LDD #$dc00
     89  5+6   A0BD 36   36              PSHU D,X,Y
     90  4+1   A0BF 33   C8 DE           LEAU -34,U
     91
     92  3     A0C2 CC   1CBD            LDD #$1cbd
     93  5+1   A0C5 ED   58              STD -8,U
     94  3     A0C7 CC   CB00            LDD #$cb00
     95  5+6   A0CA 36   36              PSHU D,X,Y
     96  4+1   A0CC 33   C8 DE           LEAU -34,U
     97
     98  2     A0CF 86   DB              LDA #$db
     99  4+1   A0D1 A7   58              STA -8,U
    100  2     A0D3 86   BB              LDA #$bb
    101  5+6   A0D5 36   36              PSHU D,X,Y
    102  4+1   A0D7 33   C8 DE           LEAU -34,U
    103
    104  4+1   A0DA A6   59              LDA -7,U
    105  2     A0DC 84   F0              ANDA #$F0
    106  2     A0DE 8A   01              ORA #$01
    107  4+1   A0E0 A7   59              STA -7,U
    108  3     A0E2 CC   B000            LDD #$b000
    109  5+6   A0E5 36   36              PSHU D,X,Y
    110  4+1   A0E7 33   C8 DE           LEAU -34,U
    111
    112  2     A0EA 86   1D              LDA #$1d
    113  4+1   A0EC A7   59              STA -7,U
    114  2     A0EE 86   00              LDA #$00
    115  3     A0F0 8E   CD18            LDX #$cd18
    116  5+6   A0F3 36   36              PSHU D,X,Y
    117  4+1   A0F5 33   C8 DE           LEAU -34,U
    118
    119  2     A0F8 86   DC              LDA #$dc
    120  4+1   A0FA A7   59              STA -7,U
    121  2     A0FC 86   00              LDA #$00
    122  3     A0FE 8E   CDB8            LDX #$cdb8
    123  5+6   A101 36   36              PSHU D,X,Y
    124  4+1   A103 33   C8 DE           LEAU -34,U
    125
    126  2     A106 86   CB              LDA #$cb
    127  4+1   A108 A7   59              STA -7,U
    128  2     A10A 86   00              LDA #$00
    129  3     A10C 8E   CDB1            LDX #$cdb1
    130  5+6   A10F 36   36              PSHU D,X,Y
    131  4+1   A111 33   C8 DE           LEAU -34,U
    132
    133  2     A114 86   BB              LDA #$bb
    134  4+1   A116 A7   59              STA -7,U
    135  2     A118 86   00              LDA #$00
    136  3     A11A 8E   CDDD            LDX #$cddd
    137  5+6   A11D 36   36              PSHU D,X,Y
    138  4+1   A11F 33   C8 DE           LEAU -34,U
    139
    140  5+1   A122 EC   58              LDD -8,U
    141  2     A124 84   F0              ANDA #$F0
    142  2     A126 8A   01              ORA #$01
    143  2     A128 C6   B0              LDB #$b0
    144  5+1   A12A ED   58              STD -8,U
    145  3     A12C CC   0000            LDD #$0000
    146  3     A12F 8E   CDBD            LDX #$cdbd
    147  5+6   A132 36   36              PSHU D,X,Y
    148  4+1   A134 33   C8 DE           LEAU -34,U
    149
    150  5+1   A137 EC   58              LDD -8,U
    151  2     A139 84   F0              ANDA #$F0
    152  2     A13B 8A   0D              ORA #$0d
    153  2     A13D C6   00              LDB #$00
    154  5+1   A13F ED   58              STD -8,U
    155  3     A141 CC   0000            LDD #$0000
    156  3     A144 8E   CD8D            LDX #$cd8d
    157  5+6   A147 36   36              PSHU D,X,Y
    158  4+1   A149 33   C8 DE           LEAU -34,U
    159
    160  2     A14C 86   1C              LDA #$1c
    161  5+1   A14E ED   58              STD -8,U
    162  2     A150 86   00              LDA #$00
    163  5+6   A152 36   36              PSHU D,X,Y
    164  4+1   A154 33   C8 DE           LEAU -34,U
    165
    166  2     A157 86   DB              LDA #$db
    167  5+1   A159 ED   58              STD -8,U
    168  2     A15B 86   00              LDA #$00
    169  3     A15D 8E   CD8B            LDX #$cd8b
    170  4     A160 108E 8B99            LDY #$8b99
    171  5+6   A164 36   36              PSHU D,X,Y
    172  4+1   A166 33   C8 DE           LEAU -34,U
    173
    174  2     A169 86   CB              LDA #$cb
    175  5+1   A16B ED   58              STD -8,U
    176  2     A16D 86   00              LDA #$00
    177  3     A16F 8E   DC88            LDX #$dc88
    178  5+6   A172 36   36              PSHU D,X,Y
    179  4+1   A174 33   C8 DE           LEAU -34,U
    180
    181  2     A177 86   BB              LDA #$bb
    182  5+1   A179 ED   58              STD -8,U
    183  2     A17B 86   00              LDA #$00
    184  5+6   A17D 36   36              PSHU D,X,Y
    185  4+1   A17F 33   C8 DE           LEAU -34,U
    186
    187  2     A182 86   B0              LDA #$b0
    188  5+1   A184 ED   58              STD -8,U
    189  2     A186 86   00              LDA #$00
    190  5+6   A188 36   36              PSHU D,X,Y
    191  4+1   A18A 33   C8 DE           LEAU -34,U
    192
    193  2     A18D 86   B0              LDA #$b0
    194  5+1   A18F ED   58              STD -8,U
    195  2     A191 86   00              LDA #$00
    196  4     A193 108E 8899            LDY #$8899
    197  5+6   A197 36   36              PSHU D,X,Y
    198  4+1   A199 33   C8 DE           LEAU -34,U
    199
    200  5+1   A19C ED   58              STD -8,U
    201  5+6   A19E 36   36              PSHU D,X,Y
    202  4+1   A1A0 33   C8 DE           LEAU -34,U
    203
    204  5+1   A1A3 ED   58              STD -8,U
    205  3     A1A5 8E   BC88            LDX #$bc88
    206  4     A1A8 108E 88D9            LDY #$88d9
    207  5+6   A1AC 36   36              PSHU D,X,Y
    208  4+1   A1AE 33   C8 DE           LEAU -34,U
    209
    210  5+1   A1B1 ED   58              STD -8,U
    211  5+6   A1B3 36   36              PSHU D,X,Y
    212  4+1   A1B5 33   C8 DE           LEAU -34,U
    213
    214  5+1   A1B8 ED   58              STD -8,U
    215  5+6   A1BA 36   36              PSHU D,X,Y
    216  4+1   A1BC 33   C8 DE           LEAU -34,U
    217
    218  5+1   A1BF ED   58              STD -8,U
    219  4     A1C1 108E 88C9            LDY #$88c9
    220  5+6   A1C5 36   36              PSHU D,X,Y
    221  4+1   A1C7 33   C8 DE           LEAU -34,U
    222
    223  5+1   A1CA ED   58              STD -8,U
    224  3     A1CC 8E   0D88            LDX #$0d88
    225  5+6   A1CF 36   36              PSHU D,X,Y
    226  4+1   A1D1 33   C8 DE           LEAU -34,U
    227
    228  5+1   A1D4 ED   58              STD -8,U
    229  4     A1D6 108E 88CD            LDY #$88cd
    230  5+6   A1DA 36   36              PSHU D,X,Y
    231  4+1   A1DC 33   C8 DE           LEAU -34,U
    232
    233  5+1   A1DF ED   58              STD -8,U
    234  5+6   A1E1 36   36              PSHU D,X,Y
    235  4+1   A1E3 33   C8 DE           LEAU -34,U
    236
    237  5+1   A1E6 ED   58              STD -8,U
    238  3     A1E8 8E   0B68            LDX #$0b68
    239  4     A1EB 108E 88CC            LDY #$88cc
    240  5+6   A1EF 36   36              PSHU D,X,Y
    241  4+1   A1F1 33   C8 DE           LEAU -34,U
    242
    243  5+1   A1F4 ED   58              STD -8,U
    244  3     A1F6 8E   0B78            LDX #$0b78
    245  4     A1F9 108E 88DC            LDY #$88dc
    246  5+6   A1FD 36   36              PSHU D,X,Y
    247        A1FF               DYN_POS
    248
    249  3     A1FF CE   0000            LDU #$0000
    250  4+1   A202 33   C8 31           LEAU 49,U
    251
    252  4+1   A205 A6   C8 3C           LDA 60,U
    253  2     A208 84   F0              ANDA #$F0
    254  2     A20A 8A   01              ORA #$01
    255  4+1   A20C A7   C8 3C           STA 60,U
    256  4+1   A20F A6   C8 14           LDA 20,U
    257  2     A212 84   F0              ANDA #$F0
    258  2     A214 8A   0D              ORA #$0d
    259  4+1   A216 A7   C8 14           STA 20,U
    260  2     A219 86   1C              LDA #$1c
    261  4+1   A21B A7   C8 EC           STA -20,U
    262  2     A21E 86   DB              LDA #$db
    263  4+1   A220 A7   C8 C4           STA -60,U
    264  4+4   A223 33   C9 FF27         LEAU -217,U
    265
    266  5+1   A227 EC   C8 75           LDD 117,U
    267  2     A22A 86   CB              LDA #$cb
    268  2     A22C C4   0F              ANDB #$0F
    269  2     A22E CA   00              ORB #$00
    270  5+1   A230 ED   C8 75           STD 117,U
    271  3     A233 CC   B000            LDD #$b000
    272  5+1   A236 ED   C8 4D           STD 77,U
    273  2     A239 86   00              LDA #$00
    274  5+1   A23B ED   C8 25           STD 37,U
    275  4+1   A23E A6   5C              LDA -4,U
    276  2     A240 84   F0              ANDA #$F0
    277  2     A242 8A   01              ORA #$01
    278  4+1   A244 A7   5C              STA -4,U
    279  3     A246 8E   000B            LDX #$000b
    280  5+3   A249 36   14              PSHU B,X
    281  4+1   A24B 33   C8 DC           LEAU -36,U
    282
    283  4+1   A24E A6   5B              LDA -5,U
    284  2     A250 84   F0              ANDA #$F0
    285  2     A252 8A   0D              ORA #$0d
    286  4+1   A254 A7   5B              STA -5,U
    287  3     A256 CC   0000            LDD #$0000
    288  3     A259 8E   0B88            LDX #$0b88
    289  5+4   A25C 36   16              PSHU D,X
    290  4+1   A25E 33   C8 DD           LEAU -35,U
    291
    292  2     A261 86   1C              LDA #$1c
    293  3     A263 8E   000B            LDX #$000b
    294  4     A266 108E 8888            LDY #$8888
    295  5+6   A26A 36   36              PSHU D,X,Y
    296  4+1   A26C 33   C8 E0           LEAU -32,U
    297
    298  2     A26F 86   DB              LDA #$db
    299  5+1   A271 ED   58              STD -8,U
    300  3     A273 CC   000B            LDD #$000b
    301  3     A276 8E   8888            LDX #$8888
    302  4     A279 108E C999            LDY #$c999
    303  5+6   A27D 36   36              PSHU D,X,Y
    304  4+1   A27F 33   C8 DE           LEAU -34,U
    305
    306  3     A282 CC   CB00            LDD #$cb00
    307  5+1   A285 ED   58              STD -8,U
    308  3     A287 CC   000B            LDD #$000b
    309  5+6   A28A 36   36              PSHU D,X,Y
    310  4+1   A28C 33   C8 DE           LEAU -34,U
    311
    312  3     A28F CC   B000            LDD #$b000
    313  5+1   A292 ED   58              STD -8,U
    314  3     A294 CC   000B            LDD #$000b
    315  5+6   A297 36   36              PSHU D,X,Y
    316  4+1   A299 33   C8 DE           LEAU -34,U
    317
    318  3     A29C CC   B0B1            LDD #$b0b1
    319  5+1   A29F ED   58              STD -8,U
    320  3     A2A1 CC   BB0B            LDD #$bb0b
    321  5+6   A2A4 36   36              PSHU D,X,Y
    322  4+1   A2A6 33   C8 DE           LEAU -34,U
    323
    324  2     A2A9 C6   1D              LDB #$1d
    325  5+1   A2AB ED   58              STD -8,U
    326  3     A2AD CC   B00B            LDD #$b00b
    327  5+6   A2B0 36   36              PSHU D,X,Y
    328  4+1   A2B2 33   C8 DE           LEAU -34,U
    329
    330  3     A2B5 CC   C11C            LDD #$c11c
    331  5+1   A2B8 ED   58              STD -8,U
    332  3     A2BA CC   000B            LDD #$000b
    333  5+6   A2BD 36   36              PSHU D,X,Y
    334  4+1   A2BF 33   C8 DE           LEAU -34,U
    335
    336  2     A2C2 86   DB              LDA #$db
    337  4+1   A2C4 A7   59              STA -7,U
    338  2     A2C6 86   00              LDA #$00
    339  5+6   A2C8 36   36              PSHU D,X,Y
    340  4+1   A2CA 33   C8 DE           LEAU -34,U
    341
    342  2     A2CD 86   CB              LDA #$cb
    343  4+1   A2CF A7   59              STA -7,U
    344  2     A2D1 86   00              LDA #$00
    345  3     A2D3 8E   8818            LDX #$8818
    346  5+6   A2D6 36   36              PSHU D,X,Y
    347  4+1   A2D8 33   C8 DE           LEAU -34,U
    348
    349  5+1   A2DB EC   58              LDD -8,U
    350  2     A2DD 84   F0              ANDA #$F0
    351  2     A2DF 8A   01              ORA #$01
    352  2     A2E1 C6   B0              LDB #$b0
    353  5+1   A2E3 ED   58              STD -8,U
    354  3     A2E5 CC   000B            LDD #$000b
    355  3     A2E8 8E   88B8            LDX #$88b8
    356  5+6   A2EB 36   36              PSHU D,X,Y
    357  4+1   A2ED 33   C8 DE           LEAU -34,U
    358
    359  5+1   A2F0 EC   58              LDD -8,U
    360  2     A2F2 84   F0              ANDA #$F0
    361  2     A2F4 8A   0D              ORA #$0d
    362  2     A2F6 C6   00              LDB #$00
    363  5+1   A2F8 ED   58              STD -8,U
    364  3     A2FA CC   000B            LDD #$000b
    365  5+6   A2FD 36   36              PSHU D,X,Y
    366  4+1   A2FF 33   C8 DE           LEAU -34,U
    367
    368  3     A302 CC   1C00            LDD #$1c00
    369  5+1   A305 ED   58              STD -8,U
    370  3     A307 CC   000B            LDD #$000b
    371  3     A30A 8E   88D8            LDX #$88d8
    372  5+6   A30D 36   36              PSHU D,X,Y
    373  4+1   A30F 33   C8 DE           LEAU -34,U
    374
    375  3     A312 CC   DB00            LDD #$db00
    376  5+1   A315 ED   58              STD -8,U
    377  3     A317 CC   000B            LDD #$000b
    378  3     A31A 8E   81B1            LDX #$81b1
    379  5+6   A31D 36   36              PSHU D,X,Y
    380  4+1   A31F 33   C8 DE           LEAU -34,U
    381
    382  3     A322 CC   CB00            LDD #$cb00
    383  5+1   A325 ED   58              STD -8,U
    384  3     A327 CC   000B            LDD #$000b
    385  3     A32A 8E   8888            LDX #$8888
    386  5+6   A32D 36   36              PSHU D,X,Y
    387  4+1   A32F 33   C8 DE           LEAU -34,U
    388
    389  3     A332 CC   B000            LDD #$b000
    390  5+1   A335 ED   58              STD -8,U
    391  3     A337 CC   000B            LDD #$000b
    392  4     A33A 108E CD99            LDY #$cd99
    393  5+6   A33E 36   36              PSHU D,X,Y
    394  4+1   A340 33   C8 DE           LEAU -34,U
    395
    396  3     A343 CC   B000            LDD #$b000
    397  5+1   A346 ED   58              STD -8,U
    398  3     A348 CC   000B            LDD #$000b
    399  5+6   A34B 36   36              PSHU D,X,Y
    400  4+1   A34D 33   C8 DE           LEAU -34,U
    401
    402  2     A350 C6   00              LDB #$00
    403  5+1   A352 ED   58              STD -8,U
    404  3     A354 8E   6888            LDX #$6888
    405  5+6   A357 36   36              PSHU D,X,Y
    406  4+1   A359 33   C8 DE           LEAU -34,U
    407
    408  5+1   A35C ED   58              STD -8,U
    409  5+6   A35E 36   36              PSHU D,X,Y
    410  4+1   A360 33   C8 DE           LEAU -34,U
    411
    412  5+1   A363 ED   58              STD -8,U
    413  3     A365 8E   7888            LDX #$7888
    414  5+6   A368 36   36              PSHU D,X,Y
    415  4+1   A36A 33   C8 DE           LEAU -34,U
    416
    417  5+1   A36D ED   58              STD -8,U
    418  4     A36F 108E DC99            LDY #$dc99
    419  5+6   A373 36   36              PSHU D,X,Y
    420  4+1   A375 33   C8 DE           LEAU -34,U
    421
    422  5+1   A378 ED   58              STD -8,U
    423  5+6   A37A 36   36              PSHU D,X,Y
    424  4+1   A37C 33   C8 DE           LEAU -34,U
    425
    426  5+1   A37F ED   58              STD -8,U
    427  3     A381 8E   D888            LDX #$d888
    428  5+6   A384 36   36              PSHU D,X,Y
    429  4+1   A386 33   C8 DE           LEAU -34,U
    430
    431  5+1   A389 ED   58              STD -8,U
    432  4     A38B 108E BC99            LDY #$bc99
    433  5+6   A38F 36   36              PSHU D,X,Y
    434  4+1   A391 33   C8 DE           LEAU -34,U
    435
    436  5+1   A394 ED   58              STD -8,U
    437  3     A396 8E   D688            LDX #$d688
    438  5+6   A399 36   36              PSHU D,X,Y
    439  4+1   A39B 33   C8 DE           LEAU -34,U
    440
    441  5+1   A39E ED   58              STD -8,U
    442  3     A3A0 8E   D788            LDX #$d788
    443  5+6   A3A3 36   36              PSHU D,X,Y
    444  4+1   A3A5 33   C8 DE           LEAU -34,U
    445
    446  5+1   A3A8 ED   58              STD -8,U
    447  3     A3AA 8E   C788            LDX #$c788
    448  4     A3AD 108E 8D99            LDY #$8d99
    449  5+6   A3B1 36   36              PSHU D,X,Y
    450  4+1   A3B3 33   C8 DE           LEAU -34,U
    451
    452  5+1   A3B6 ED   58              STD -8,U
    453  5+6   A3B8 36   36              PSHU D,X,Y
    454  4+1   A3BA 33   C8 DE           LEAU -34,U
    455
    456  5+1   A3BD ED   58              STD -8,U
    457  3     A3BF 8E   CD88            LDX #$cd88
    458  4     A3C2 108E 8B99            LDY #$8b99
    459  5+6   A3C6 36   36              PSHU D,X,Y
    460  4+1   A3C8 33   C8 DE           LEAU -34,U
    461
    462  5+1   A3CB ED   58              STD -8,U
    463  5+6   A3CD 36   36              PSHU D,X,Y
    464  4+1   A3CF 33   C8 DE           LEAU -34,U
    465
    466  5+1   A3D2 ED   58              STD -8,U
    467  3     A3D4 8E   CC88            LDX #$cc88
    468  4     A3D7 108E 8899            LDY #$8899
    469  5+6   A3DB 36   36              PSHU D,X,Y
    470  5     A3DD 39                   RTS
    471
----------------
2032 cycle(s)
990 byte(s)
----------------
    473

000000 Total Errors

000002 Total Symbols
     0x          Label A000 DRAW_Img_emblemBack03
     1x          Label A1FF DYN_POS

