/*--------------------------------------------------------------*
 * Compilé avec C6809 v0.83                                     *
 *--------------------------------------------------------------*
 * Fichier source      : ./Sonic2/GeneratedCode/TitleScreen/Img_islandWater05_NB0_Erase.ASM
 * Fichier destination : ./Sonic2/GeneratedCode/TitleScreen/Img_islandWater05_NB0_Erase.BIN
 * Contenu :
 *     Main     0:IMGE.ASM     490
 *--------------------------------------------------------------*/

Macro Pass
Pass1
Pass2
      2        A000                      ORG $A000
      3                  FF              SETDP $FF
      4        A000               ERASE_Img_islandWater05
      5  6+5   A000 10EF 8D 002E         STS ERASE_SSAV_Img_islandWater05+1>>
      6
      7  4+0   A005 32   C4              LEAS ,U
      8        A007               ERASE_CODE_Img_islandWater05_1
      9  5+8   A007 35   76              PULS D,X,Y,U
     10  5+6   A009 36   36              PSHU D,X,Y
     11
     12  5+1   A00B 35   02              PULS A
     13  4+1   A00D A7   5E              STA -2,U
     14
     15  5+8   A00F 35   76              PULS D,X,Y,U
     16  5+6   A011 36   36              PSHU D,X,Y
     17
     18  5+2   A013 35   06              PULS A,B
     19  4+1   A015 A7   C8 13           STA 19,U
     20  4+1   A018 E7   C8 11           STB 17,U
     21
     22  5+2   A01B 35   06              PULS A,B
     23  4+1   A01D A7   4F              STA 15,U
     24  4+1   A01F E7   4B              STB 11,U
     25
     26  5+2   A021 35   06              PULS A,B
     27  4+1   A023 A7   47              STA 7,U
     28  4+1   A025 E7   5C              STB -4,U
     29
     30  5+4   A027 35   16              PULS A,B,X
     31  4+1   A029 A7   5A              STA -6,U
     32  4+1   A02B E7   56              STB -10,U
     33  5+1   A02D AF   5E              STX -2,U
     34
     35  4+0   A02F 33   E4              LEAU ,S
     36        A031               ERASE_SSAV_Img_islandWater05
     37  4     A031 10CE 0000            LDS #$0000
     38  5     A035 39                   RTS
     39
----------------
163 cycle(s)
54 byte(s)
----------------
     41
     42                  001B     DataSize equ $001B

000000 Total Errors

000004 Total Symbols
     0x          Equ   001B DataSize
     0x          Label A007 ERASE_CODE_Img_islandWater05_1
     0x          Label A000 ERASE_Img_islandWater05
     1x          Label A031 ERASE_SSAV_Img_islandWater05

