/*--------------------------------------------------------------*
 * Compilé avec C6809 v0.83                                     *
 *--------------------------------------------------------------*
 * Fichier source      : ./Sonic2/GeneratedCode/TitleScreen/Img_star_1_NB1_Erase.ASM
 * Fichier destination : ./Sonic2/GeneratedCode/TitleScreen/Img_star_1_NB1_Erase.BIN
 * Contenu :
 *     Main     0:IMGE.ASM     324
 *--------------------------------------------------------------*/

Macro Pass
Pass1
Pass2
      2        A000                      ORG $A000
      3                  FF              SETDP $FF
      4        A000               ERASE_Img_star_1
      5  6+5   A000 10EF 8D 001C         STS ERASE_SSAV_Img_star_1+1,PCR
      6
      7  4+0   A005 32   C4              LEAS ,U
      8        A007               ERASE_CODE_Img_star_1_1
      9  5+3   A007 35   42              PULS A,U
     10  4+1   A009 A7   C8 50           STA 80,U
     11
     12  5+1   A00C 35   02              PULS A
     13  4+1   A00E A7   C8 B0           STA -80,U
     14
     15  5+3   A011 35   42              PULS A,U
     16  4+1   A013 A7   C8 50           STA 80,U
     17
     18  5+2   A016 35   06              PULS A,B
     19  4+0   A018 A7   C4              STA ,U
     20  4+1   A01A E7   C8 B0           STB -80,U
     21
     22  4+0   A01D 33   E4              LEAU ,S
     23        A01F               ERASE_SSAV_Img_star_1
     24  4     A01F 10CE 0000            LDS #$0000
     25  5     A023 39                   RTS
     26
----------------
81 cycle(s)
36 byte(s)
----------------
     28
     29                  0009     DataSize equ $0009

000000 Total Errors

000004 Total Symbols
     0x          Equ   0009 DataSize
     0x          Label A007 ERASE_CODE_Img_star_1_1
     0x          Label A000 ERASE_Img_star_1
     1x          Label A01F ERASE_SSAV_Img_star_1

