/*--------------------------------------------------------------*
 * Compilé avec C6809 v0.83                                     *
 *--------------------------------------------------------------*
 * Fichier source      : ./Sonic2/GeneratedCode/TitleScreen/Img_islandWater15_NB1.ASM
 * Fichier destination : ./Sonic2/GeneratedCode/TitleScreen/Img_islandWater15_NB1.BIN
 * Contenu :
 *     Main     0:IMGD.ASM     294
 *--------------------------------------------------------------*/

Macro Pass
Pass1
Pass2
      2        A000                      ORG $A000
      3                  FF              SETDP $FF
      4        A000               BCKDRAW_Img_islandWater15
      5  6+5   A000 10EF 8D 001D         STS SSAV_Img_islandWater15+1,PCR
      6
      7  5+5   A005 ED   8D 0005         STD DYN_POS+1,PCR
      8  4+0   A009 32   C4              LEAS ,U
      9  5+0   A00B EE   A4              LDU ,Y
     10        A00D               DYN_POS
     11
     12  3     A00D CE   0000            LDU #$0000
     13  4+4   A010 33   C9 04D3         LEAU 1235,U
     14
     15  4+0   A014 A6   C4              LDA ,U
     16  5+3   A016 34   42              PSHS U,A
     17  2     A018 84   F0              ANDA #$F0
     18  2     A01A 8A   0C              ORA #$0c
     19  4+0   A01C A7   C4              STA ,U
     20  4+0   A01E 33   E4              LEAU ,S
     21        A020               SSAV_Img_islandWater15
     22  4     A020 10CE 0000            LDS #$0000
     23  5     A024 39                   RTS
     24
----------------
74 cycle(s)
37 byte(s)
----------------
     26

000000 Total Errors

000003 Total Symbols
     0x          Label A000 BCKDRAW_Img_islandWater15
     1x          Label A00D DYN_POS
     1x          Label A020 SSAV_Img_islandWater15

