/*--------------------------------------------------------------*
 * Compilé avec C6809 v0.83                                     *
 *--------------------------------------------------------------*
 * Fichier source      : ./Sonic2/GeneratedCode/TitleScreen/Img_star_1_NB0.ASM
 * Fichier destination : ./Sonic2/GeneratedCode/TitleScreen/Img_star_1_NB0.BIN
 * Contenu :
 *     Main     0:IMGD.ASM     513
 *--------------------------------------------------------------*/

Macro Pass
Pass1
Pass2
      2        A000                      ORG $A000
      3                  FF              SETDP $FF
      4        A000               BCKDRAW_Img_star_1
      5  6+5   A000 10EF 8D 004B         STS SSAV_Img_star_1+1,PCR
      6
      7  5+5   A005 ED   8D 0027         STD DYN_POS+1,PCR
      8  4+0   A009 32   C4              LEAS ,U
      9  5+0   A00B EE   A4              LDU ,Y
     10  4+1   A00D A6   C8 B0           LDA -80,U
     11  5+1   A010 34   02              PSHS A
     12  2     A012 84   F0              ANDA #$F0
     13  2     A014 8A   0C              ORA #$0c
     14  4+1   A016 A7   C8 B0           STA -80,U
     15  4+0   A019 A6   C4              LDA ,U
     16  5+1   A01B 34   02              PSHS A
     17  2     A01D 84   0F              ANDA #$0F
     18  2     A01F 8A   00              ORA #$00
     19  4+0   A021 A7   C4              STA ,U
     20  4+1   A023 A6   C8 50           LDA 80,U
     21  5+3   A026 34   42              PSHS U,A
     22  2     A028 84   F0              ANDA #$F0
     23  2     A02A 8A   0C              ORA #$0c
     24  4+1   A02C A7   C8 50           STA 80,U
     25        A02F               DYN_POS
     26
     27  3     A02F CE   0000            LDU #$0000
     28  4+1   A032 33   5F              LEAU -1,U
     29
     30  4+1   A034 A6   C8 B0           LDA -80,U
     31  5+1   A037 34   02              PSHS A
     32  2     A039 84   F0              ANDA #$F0
     33  2     A03B 8A   0C              ORA #$0c
     34  4+1   A03D A7   C8 B0           STA -80,U
     35  4+1   A040 A6   C8 50           LDA 80,U
     36  5+3   A043 34   42              PSHS U,A
     37  2     A045 84   F0              ANDA #$F0
     38  2     A047 8A   0C              ORA #$0c
     39  4+1   A049 A7   C8 50           STA 80,U
     40  4+0   A04C 33   E4              LEAU ,S
     41        A04E               SSAV_Img_star_1
     42  4     A04E 10CE 0000            LDS #$0000
     43  5     A052 39                   RTS
     44
----------------
153 cycle(s)
83 byte(s)
----------------
     46

000000 Total Errors

000003 Total Symbols
     0x          Label A000 BCKDRAW_Img_star_1
     1x          Label A02F DYN_POS
     1x          Label A04E SSAV_Img_star_1

