/*--------------------------------------------------------------*
 * Compilé avec C6809 v0.83                                     *
 *--------------------------------------------------------------*
 * Fichier source      : ./Sonic2/GeneratedCode/TitleScreen/Img_islandWater04_NB1.ASM
 * Fichier destination : ./Sonic2/GeneratedCode/TitleScreen/Img_islandWater04_NB1.BIN
 * Contenu :
 *     Main     0:IMGD.ASM     1896
 *--------------------------------------------------------------*/

Macro Pass
Pass1
Pass2
      2        A000                      ORG $A000
      3                  FF              SETDP $FF
      4        A000               BCKDRAW_Img_islandWater04
      5  6+5   A000 10EF 8D 013A         STS SSAV_Img_islandWater04+1,PCR
      6
      7  5+5   A005 ED   8D 008E         STD DYN_POS+1,PCR
      8  4+0   A009 32   C4              LEAS ,U
      9  5+0   A00B EE   A4              LDU ,Y
     10  4+4   A00D 33   C9 0319         LEAU 793,U
     11
     12  5+1   A011 EC   58              LDD -8,U
     13  5+2   A013 34   06              PSHS D
     14  2     A015 84   F0              ANDA #$F0
     15  2     A017 8A   0C              ORA #$0c
     16  2     A019 C6   C2              LDB #$c2
     17  5+1   A01B ED   58              STD -8,U
     18  5+1   A01D EC   5E              LDD -2,U
     19  5+2   A01F 34   06              PSHS D
     20  2     A021 84   F0              ANDA #$F0
     21  2     A023 8A   0C              ORA #$0c
     22  2     A025 C6   CC              LDB #$cc
     23  5+1   A027 ED   5E              STD -2,U
     24  5+1   A029 EC   4D              LDD 13,U
     25  5+2   A02B 34   06              PSHS D
     26  2     A02D 84   F0              ANDA #$F0
     27  2     A02F 8A   0C              ORA #$0c
     28  2     A031 C6   C2              LDB #$c2
     29  5+1   A033 ED   4D              STD 13,U
     30  4+1   A035 A6   5A              LDA -6,U
     31  4+1   A037 E6   5C              LDB -4,U
     32  5+2   A039 34   06              PSHS B,A
     33  2     A03B C4   F0              ANDB #$F0
     34  2     A03D CA   0C              ORB #$0c
     35  4+1   A03F E7   5C              STB -4,U
     36  4+1   A041 A6   4B              LDA 11,U
     37  5+1   A043 34   02              PSHS A
     38  2     A045 84   F0              ANDA #$F0
     39  2     A047 8A   0C              ORA #$0c
     40  4+1   A049 A7   4B              STA 11,U
     41  4+1   A04B A6   C8 11           LDA 17,U
     42  5+1   A04E 34   02              PSHS A
     43  2     A050 84   F0              ANDA #$F0
     44  2     A052 8A   0C              ORA #$0c
     45  4+1   A054 A7   C8 11           STA 17,U
     46  4+1   A057 A6   C8 13           LDA 19,U
     47  5+1   A05A 34   02              PSHS A
     48  2     A05C 84   F0              ANDA #$F0
     49  2     A05E 8A   0C              ORA #$0c
     50  4+1   A060 A7   C8 13           STA 19,U
     51  4+1   A063 A6   C8 15           LDA 21,U
     52  5+1   A066 34   02              PSHS A
     53  2     A068 84   F0              ANDA #$F0
     54  2     A06A 8A   0C              ORA #$0c
     55  4+1   A06C A7   C8 15           STA 21,U
     56  4+1   A06F A6   4F              LDA 15,U
     57  5+1   A071 AE   46              LDX 6,U
     58  6+1   A073 10AE 49              LDY 9,U
     59  5+5   A076 34   32              PSHS Y,X,A
     60  3     A078 CC   2822            LDD #$2822
     61  5+1   A07B ED   46              STD 6,U
     62  3     A07D CC   C2CC            LDD #$c2cc
     63  5+1   A080 ED   49              STD 9,U
     64  4+1   A082 E7   5A              STB -6,U
     65  4+1   A084 E7   4F              STB 15,U
     66  5+6   A086 37   36              PULU D,X,Y
     67  5+8   A088 34   76              PSHS U,Y,X,D
     68  3     A08A CC   CC0B            LDD #$cc0b
     69  3     A08D 8E   DB2D            LDX #$db2d
     70  4     A090 108E D282            LDY #$d282
     71  5+6   A094 36   36              PSHU D,X,Y
     72        A096               DYN_POS
     73
     74  3     A096 CE   0000            LDU #$0000
     75  4+4   A099 33   C9 0319         LEAU 793,U
     76
     77  5+1   A09D EC   5E              LDD -2,U
     78  5+2   A09F 34   06              PSHS D
     79  2     A0A1 84   0F              ANDA #$0F
     80  2     A0A3 C4   0F              ANDB #$0F
     81  4     A0A5 C3   C020            ADDD #$c020
     82  5+1   A0A8 ED   5E              STD -2,U
     83  5+1   A0AA EC   43              LDD 3,U
     84  5+2   A0AC 34   06              PSHS D
     85  2     A0AE 84   F0              ANDA #$F0
     86  2     A0B0 C4   0F              ANDB #$0F
     87  4     A0B2 C3   02B0            ADDD #$02b0
     88  5+1   A0B5 ED   43              STD 3,U
     89  4+1   A0B7 A6   56              LDA -10,U
     90  5+1   A0B9 34   02              PSHS A
     91  2     A0BB 84   0F              ANDA #$0F
     92  2     A0BD 8A   C0              ORA #$c0
     93  4+1   A0BF A7   56              STA -10,U
     94  4+1   A0C1 A6   5A              LDA -6,U
     95  5+1   A0C3 34   02              PSHS A
     96  2     A0C5 84   0F              ANDA #$0F
     97  2     A0C7 8A   C0              ORA #$c0
     98  4+1   A0C9 A7   5A              STA -6,U
     99  4+1   A0CB A6   5C              LDA -4,U
    100  5+1   A0CD 34   02              PSHS A
    101  2     A0CF 84   0F              ANDA #$0F
    102  2     A0D1 8A   C0              ORA #$c0
    103  4+1   A0D3 A7   5C              STA -4,U
    104  5+1   A0D5 EC   58              LDD -8,U
    105  5+2   A0D7 34   06              PSHS D
    106  2     A0D9 84   0F              ANDA #$0F
    107  2     A0DB 8A   C0              ORA #$c0
    108  2     A0DD C6   C2              LDB #$c2
    109  5+1   A0DF ED   58              STD -8,U
    110  5+3   A0E1 37   12              PULU A,X
    111  5+5   A0E3 34   52              PSHS U,X,A
    112  2     A0E5 86   28              LDA #$28
    113  3     A0E7 8E   2DD0            LDX #$2dd0
    114  5+3   A0EA 36   12              PSHU A,X
    115  4+1   A0EC 33   45              LEAU 5,U
    116
    117  5+1   A0EE EC   44              LDD 4,U
    118  5+2   A0F0 34   06              PSHS D
    119  2     A0F2 86   C2              LDA #$c2
    120  2     A0F4 C4   0F              ANDB #$0F
    121  2     A0F6 CA   C0              ORB #$c0
    122  5+1   A0F8 ED   44              STD 4,U
    123  4+1   A0FA A6   46              LDA 6,U
    124  5+1   A0FC 34   02              PSHS A
    125  2     A0FE 84   0F              ANDA #$0F
    126  2     A100 8A   C0              ORA #$c0
    127  4+1   A102 A7   46              STA 6,U
    128  4+1   A104 A6   4A              LDA 10,U
    129  5+1   A106 34   02              PSHS A
    130  2     A108 84   0F              ANDA #$0F
    131  2     A10A 8A   C0              ORA #$c0
    132  4+1   A10C A7   4A              STA 10,U
    133  4+1   A10E A6   4C              LDA 12,U
    134  5+1   A110 34   02              PSHS A
    135  2     A112 84   0F              ANDA #$0F
    136  2     A114 8A   C0              ORA #$c0
    137  4+1   A116 A7   4C              STA 12,U
    138  4+1   A118 A6   C8 10           LDA 16,U
    139  5+1   A11B 34   02              PSHS A
    140  2     A11D 84   0F              ANDA #$0F
    141  2     A11F 8A   C0              ORA #$c0
    142  4+1   A121 A7   C8 10           STA 16,U
    143  5+1   A124 EC   48              LDD 8,U
    144  5+2   A126 34   06              PSHS D
    145  2     A128 84   0F              ANDA #$0F
    146  2     A12A 8A   C0              ORA #$c0
    147  2     A12C C6   C2              LDB #$c2
    148  5+1   A12E ED   48              STD 8,U
    149  5+3   A130 37   12              PULU A,X
    150  5+5   A132 34   52              PSHS U,X,A
    151  2     A134 86   2D              LDA #$2d
    152  3     A136 8E   22CC            LDX #$22cc
    153  5+3   A139 36   12              PSHU A,X
    154  4+0   A13B 33   E4              LEAU ,S
    155        A13D               SSAV_Img_islandWater04
    156  4     A13D 10CE 0000            LDS #$0000
    157  5     A141 39                   RTS
    158
----------------
680 cycle(s)
322 byte(s)
----------------
    160

000000 Total Errors

000003 Total Symbols
     0x          Label A000 BCKDRAW_Img_islandWater04
     1x          Label A096 DYN_POS
     1x          Label A13D SSAV_Img_islandWater04

