/*--------------------------------------------------------------*
 * Compilé avec C6809 v0.83                                     *
 *--------------------------------------------------------------*
 * Fichier source      : ./Sonic2/GeneratedCode/TitleScreen/Img_islandMask_1_ND1.ASM
 * Fichier destination : ./Sonic2/GeneratedCode/TitleScreen/Img_islandMask_1_ND1.BIN
 * Contenu :
 *     Main     0:IMGD.ASM     3809
 *--------------------------------------------------------------*/

Macro Pass
Pass1
Pass2
      2        A000                      ORG $A000
      3                  FF              SETDP $FF
      4        A000               DRAW_Img_islandMask_1
      5  5+5   A000 ED   8D 01ED         STD DYN_POS+1,PCR
      6  5+0   A004 EE   A4              LDU ,Y
      7  4+4   A006 33   C9 0380         LEAU 896,U
      8
      9  5+0   A00A EC   C4              LDD ,U
     10  2     A00C 86   FF              LDA #$ff
     11  2     A00E C4   0F              ANDB #$0F
     12  2     A010 CA   F0              ORB #$f0
     13  5+0   A012 ED   C4              STD ,U
     14  3     A014 CC   FFFF            LDD #$ffff
     15  3     A017 8E   FFFF            LDX #$ffff
     16  4     A01A 108E FFFF            LDY #$ffff
     17  5+6   A01E 36   36              PSHU D,X,Y
     18  5+1   A020 EC   C8 DE           LDD -34,U
     19  2     A023 86   FF              LDA #$ff
     20  2     A025 C4   0F              ANDB #$0F
     21  2     A027 CA   F0              ORB #$f0
     22  5+1   A029 ED   C8 DE           STD -34,U
     23  5+4   A02C 36   30              PSHU X,Y
     24  4+1   A02E 33   C8 E2           LEAU -30,U
     25
     26  3     A031 CC   FFFF            LDD #$ffff
     27  5+6   A034 36   36              PSHU D,X,Y
     28  5+1   A036 EC   C8 DE           LDD -34,U
     29  2     A039 86   FF              LDA #$ff
     30  2     A03B C4   0F              ANDB #$0F
     31  2     A03D CA   F0              ORB #$f0
     32  5+1   A03F ED   C8 DE           STD -34,U
     33  5+4   A042 36   30              PSHU X,Y
     34  4+1   A044 33   C8 E2           LEAU -30,U
     35
     36  3     A047 CC   FFFF            LDD #$ffff
     37  5+6   A04A 36   36              PSHU D,X,Y
     38  5+1   A04C EC   C8 DE           LDD -34,U
     39  2     A04F 86   FF              LDA #$ff
     40  2     A051 C4   0F              ANDB #$0F
     41  2     A053 CA   F0              ORB #$f0
     42  5+1   A055 ED   C8 DE           STD -34,U
     43  5+4   A058 36   30              PSHU X,Y
     44  4+1   A05A 33   C8 E2           LEAU -30,U
     45
     46  3     A05D CC   FFFF            LDD #$ffff
     47  5+6   A060 36   36              PSHU D,X,Y
     48  5+1   A062 EC   C8 DE           LDD -34,U
     49  2     A065 86   FF              LDA #$ff
     50  2     A067 C4   0F              ANDB #$0F
     51  2     A069 CA   F0              ORB #$f0
     52  5+1   A06B ED   C8 DE           STD -34,U
     53  5+4   A06E 36   30              PSHU X,Y
     54  4+1   A070 33   C8 E2           LEAU -30,U
     55
     56  3     A073 CC   FFFF            LDD #$ffff
     57  5+6   A076 36   36              PSHU D,X,Y
     58  5+1   A078 EC   C8 DE           LDD -34,U
     59  2     A07B 86   FF              LDA #$ff
     60  2     A07D C4   0F              ANDB #$0F
     61  2     A07F CA   F0              ORB #$f0
     62  5+1   A081 ED   C8 DE           STD -34,U
     63  5+4   A084 36   30              PSHU X,Y
     64  4+1   A086 33   C8 E2           LEAU -30,U
     65
     66  3     A089 CC   FFFF            LDD #$ffff
     67  5+6   A08C 36   36              PSHU D,X,Y
     68  5+1   A08E EC   C8 DE           LDD -34,U
     69  2     A091 86   FF              LDA #$ff
     70  2     A093 C4   0F              ANDB #$0F
     71  2     A095 CA   F0              ORB #$f0
     72  5+1   A097 ED   C8 DE           STD -34,U
     73  5+4   A09A 36   30              PSHU X,Y
     74  4+1   A09C 33   C8 E2           LEAU -30,U
     75
     76  3     A09F CC   FFFF            LDD #$ffff
     77  5+6   A0A2 36   36              PSHU D,X,Y
     78  5+1   A0A4 EC   C8 DE           LDD -34,U
     79  2     A0A7 86   FF              LDA #$ff
     80  2     A0A9 C4   0F              ANDB #$0F
     81  2     A0AB CA   F0              ORB #$f0
     82  5+1   A0AD ED   C8 DE           STD -34,U
     83  5+4   A0B0 36   30              PSHU X,Y
     84  4+1   A0B2 33   C8 E2           LEAU -30,U
     85
     86  3     A0B5 CC   FFFF            LDD #$ffff
     87  5+6   A0B8 36   36              PSHU D,X,Y
     88  5+1   A0BA EC   C8 DE           LDD -34,U
     89  2     A0BD 86   FF              LDA #$ff
     90  2     A0BF C4   0F              ANDB #$0F
     91  2     A0C1 CA   F0              ORB #$f0
     92  5+1   A0C3 ED   C8 DE           STD -34,U
     93  5+4   A0C6 36   30              PSHU X,Y
     94  4+1   A0C8 33   C8 E2           LEAU -30,U
     95
     96  3     A0CB CC   FFFF            LDD #$ffff
     97  5+6   A0CE 36   36              PSHU D,X,Y
     98  5+1   A0D0 EC   C8 DE           LDD -34,U
     99  2     A0D3 86   FF              LDA #$ff
    100  2     A0D5 C4   0F              ANDB #$0F
    101  2     A0D7 CA   F0              ORB #$f0
    102  5+1   A0D9 ED   C8 DE           STD -34,U
    103  5+4   A0DC 36   30              PSHU X,Y
    104  4+1   A0DE 33   C8 E2           LEAU -30,U
    105
    106  3     A0E1 CC   FFFF            LDD #$ffff
    107  5+6   A0E4 36   36              PSHU D,X,Y
    108  5+1   A0E6 EC   C8 DE           LDD -34,U
    109  2     A0E9 86   FF              LDA #$ff
    110  2     A0EB C4   0F              ANDB #$0F
    111  2     A0ED CA   F0              ORB #$f0
    112  5+1   A0EF ED   C8 DE           STD -34,U
    113  5+4   A0F2 36   30              PSHU X,Y
    114  4+1   A0F4 33   C8 E2           LEAU -30,U
    115
    116  3     A0F7 CC   FFFF            LDD #$ffff
    117  5+6   A0FA 36   36              PSHU D,X,Y
    118  5+1   A0FC EC   C8 DE           LDD -34,U
    119  2     A0FF 86   FF              LDA #$ff
    120  2     A101 C4   0F              ANDB #$0F
    121  2     A103 CA   F0              ORB #$f0
    122  5+1   A105 ED   C8 DE           STD -34,U
    123  5+4   A108 36   30              PSHU X,Y
    124  4+1   A10A 33   C8 E2           LEAU -30,U
    125
    126  3     A10D CC   FFFF            LDD #$ffff
    127  5+6   A110 36   36              PSHU D,X,Y
    128  5+1   A112 EC   C8 DE           LDD -34,U
    129  2     A115 86   FF              LDA #$ff
    130  2     A117 C4   0F              ANDB #$0F
    131  2     A119 CA   F0              ORB #$f0
    132  5+1   A11B ED   C8 DE           STD -34,U
    133  5+4   A11E 36   30              PSHU X,Y
    134  4+1   A120 33   C8 E2           LEAU -30,U
    135
    136  3     A123 CC   FFFF            LDD #$ffff
    137  5+6   A126 36   36              PSHU D,X,Y
    138  5+1   A128 EC   C8 DE           LDD -34,U
    139  2     A12B 86   FF              LDA #$ff
    140  2     A12D C4   0F              ANDB #$0F
    141  2     A12F CA   F0              ORB #$f0
    142  5+1   A131 ED   C8 DE           STD -34,U
    143  5+4   A134 36   30              PSHU X,Y
    144  4+1   A136 33   C8 E2           LEAU -30,U
    145
    146  3     A139 CC   FFFF            LDD #$ffff
    147  5+6   A13C 36   36              PSHU D,X,Y
    148  5+1   A13E EC   C8 DE           LDD -34,U
    149  2     A141 86   FF              LDA #$ff
    150  2     A143 C4   0F              ANDB #$0F
    151  2     A145 CA   F0              ORB #$f0
    152  5+1   A147 ED   C8 DE           STD -34,U
    153  5+4   A14A 36   30              PSHU X,Y
    154  4+1   A14C 33   C8 E2           LEAU -30,U
    155
    156  3     A14F CC   FFFF            LDD #$ffff
    157  5+6   A152 36   36              PSHU D,X,Y
    158  5+1   A154 EC   C8 DE           LDD -34,U
    159  2     A157 86   FF              LDA #$ff
    160  2     A159 C4   0F              ANDB #$0F
    161  2     A15B CA   F0              ORB #$f0
    162  5+1   A15D ED   C8 DE           STD -34,U
    163  5+4   A160 36   30              PSHU X,Y
    164  4+1   A162 33   C8 E2           LEAU -30,U
    165
    166  3     A165 CC   FFFF            LDD #$ffff
    167  5+6   A168 36   36              PSHU D,X,Y
    168  5+1   A16A EC   C8 DE           LDD -34,U
    169  2     A16D 86   FF              LDA #$ff
    170  2     A16F C4   0F              ANDB #$0F
    171  2     A171 CA   F0              ORB #$f0
    172  5+1   A173 ED   C8 DE           STD -34,U
    173  5+4   A176 36   30              PSHU X,Y
    174  4+1   A178 33   C8 E2           LEAU -30,U
    175
    176  3     A17B CC   FFFF            LDD #$ffff
    177  5+6   A17E 36   36              PSHU D,X,Y
    178  5+1   A180 EC   C8 DE           LDD -34,U
    179  2     A183 86   FF              LDA #$ff
    180  2     A185 C4   0F              ANDB #$0F
    181  2     A187 CA   F0              ORB #$f0
    182  5+1   A189 ED   C8 DE           STD -34,U
    183  5+4   A18C 36   30              PSHU X,Y
    184  4+1   A18E 33   C8 E2           LEAU -30,U
    185
    186  3     A191 CC   FFFF            LDD #$ffff
    187  5+6   A194 36   36              PSHU D,X,Y
    188  5+1   A196 EC   C8 DE           LDD -34,U
    189  2     A199 86   FF              LDA #$ff
    190  2     A19B C4   0F              ANDB #$0F
    191  2     A19D CA   F0              ORB #$f0
    192  5+1   A19F ED   C8 DE           STD -34,U
    193  5+4   A1A2 36   30              PSHU X,Y
    194  4+1   A1A4 33   C8 E2           LEAU -30,U
    195
    196  3     A1A7 CC   FFFF            LDD #$ffff
    197  5+6   A1AA 36   36              PSHU D,X,Y
    198  5+1   A1AC EC   C8 DE           LDD -34,U
    199  2     A1AF 86   FF              LDA #$ff
    200  2     A1B1 C4   0F              ANDB #$0F
    201  2     A1B3 CA   F0              ORB #$f0
    202  5+1   A1B5 ED   C8 DE           STD -34,U
    203  5+4   A1B8 36   30              PSHU X,Y
    204  4+1   A1BA 33   C8 E2           LEAU -30,U
    205
    206  3     A1BD CC   FFFF            LDD #$ffff
    207  5+6   A1C0 36   36              PSHU D,X,Y
    208  5+1   A1C2 EC   C8 DE           LDD -34,U
    209  2     A1C5 86   FF              LDA #$ff
    210  2     A1C7 C4   0F              ANDB #$0F
    211  2     A1C9 CA   F0              ORB #$f0
    212  5+1   A1CB ED   C8 DE           STD -34,U
    213  5+4   A1CE 36   30              PSHU X,Y
    214  4+1   A1D0 33   C8 E2           LEAU -30,U
    215
    216  3     A1D3 CC   FFFF            LDD #$ffff
    217  5+6   A1D6 36   36              PSHU D,X,Y
    218  5+1   A1D8 EC   C8 DE           LDD -34,U
    219  2     A1DB 86   FF              LDA #$ff
    220  2     A1DD C4   0F              ANDB #$0F
    221  2     A1DF CA   F0              ORB #$f0
    222  5+1   A1E1 ED   C8 DE           STD -34,U
    223  5+4   A1E4 36   30              PSHU X,Y
    224  4+1   A1E6 33   C8 E2           LEAU -30,U
    225
    226  3     A1E9 CC   FFFF            LDD #$ffff
    227  5+6   A1EC 36   36              PSHU D,X,Y
    228  5+4   A1EE 36   16              PSHU D,X
    229        A1F0               DYN_POS
    230
    231  3     A1F0 CE   0000            LDU #$0000
    232  4+4   A1F3 33   C9 0381         LEAU 897,U
    233
    234  3     A1F7 CC   FFFF            LDD #$ffff
    235  3     A1FA 8E   FFFF            LDX #$ffff
    236  4     A1FD 108E FFFF            LDY #$ffff
    237  5+6   A201 36   36              PSHU D,X,Y
    238  5+6   A203 36   36              PSHU D,X,Y
    239  4+1   A205 33   C8 E4           LEAU -28,U
    240
    241  5+6   A208 36   36              PSHU D,X,Y
    242  5+6   A20A 36   36              PSHU D,X,Y
    243  4+1   A20C 33   C8 E4           LEAU -28,U
    244
    245  5+6   A20F 36   36              PSHU D,X,Y
    246  5+6   A211 36   36              PSHU D,X,Y
    247  4+1   A213 33   C8 E4           LEAU -28,U
    248
    249  5+6   A216 36   36              PSHU D,X,Y
    250  5+6   A218 36   36              PSHU D,X,Y
    251  4+1   A21A 33   C8 E4           LEAU -28,U
    252
    253  5+6   A21D 36   36              PSHU D,X,Y
    254  5+6   A21F 36   36              PSHU D,X,Y
    255  4+1   A221 33   C8 E4           LEAU -28,U
    256
    257  5+6   A224 36   36              PSHU D,X,Y
    258  5+6   A226 36   36              PSHU D,X,Y
    259  4+1   A228 33   C8 E4           LEAU -28,U
    260
    261  5+6   A22B 36   36              PSHU D,X,Y
    262  5+6   A22D 36   36              PSHU D,X,Y
    263  4+1   A22F 33   C8 E4           LEAU -28,U
    264
    265  5+6   A232 36   36              PSHU D,X,Y
    266  5+6   A234 36   36              PSHU D,X,Y
    267  4+1   A236 33   C8 E4           LEAU -28,U
    268
    269  5+6   A239 36   36              PSHU D,X,Y
    270  5+6   A23B 36   36              PSHU D,X,Y
    271  4+1   A23D 33   C8 E4           LEAU -28,U
    272
    273  5+6   A240 36   36              PSHU D,X,Y
    274  5+6   A242 36   36              PSHU D,X,Y
    275  4+1   A244 33   C8 E4           LEAU -28,U
    276
    277  5+6   A247 36   36              PSHU D,X,Y
    278  5+6   A249 36   36              PSHU D,X,Y
    279  4+1   A24B 33   C8 E4           LEAU -28,U
    280
    281  5+6   A24E 36   36              PSHU D,X,Y
    282  5+6   A250 36   36              PSHU D,X,Y
    283  4+1   A252 33   C8 E4           LEAU -28,U
    284
    285  5+6   A255 36   36              PSHU D,X,Y
    286  5+6   A257 36   36              PSHU D,X,Y
    287  4+1   A259 33   C8 E4           LEAU -28,U
    288
    289  5+6   A25C 36   36              PSHU D,X,Y
    290  5+6   A25E 36   36              PSHU D,X,Y
    291  4+1   A260 33   C8 E4           LEAU -28,U
    292
    293  5+6   A263 36   36              PSHU D,X,Y
    294  5+6   A265 36   36              PSHU D,X,Y
    295  4+1   A267 33   C8 E4           LEAU -28,U
    296
    297  5+6   A26A 36   36              PSHU D,X,Y
    298  5+6   A26C 36   36              PSHU D,X,Y
    299  4+1   A26E 33   C8 E4           LEAU -28,U
    300
    301  5+6   A271 36   36              PSHU D,X,Y
    302  5+6   A273 36   36              PSHU D,X,Y
    303  4+1   A275 33   C8 E4           LEAU -28,U
    304
    305  5+6   A278 36   36              PSHU D,X,Y
    306  5+6   A27A 36   36              PSHU D,X,Y
    307  4+1   A27C 33   C8 E4           LEAU -28,U
    308
    309  5+6   A27F 36   36              PSHU D,X,Y
    310  5+6   A281 36   36              PSHU D,X,Y
    311  4+1   A283 33   C8 E4           LEAU -28,U
    312
    313  5+6   A286 36   36              PSHU D,X,Y
    314  5+6   A288 36   36              PSHU D,X,Y
    315  4+1   A28A 33   C8 E4           LEAU -28,U
    316
    317  5+6   A28D 36   36              PSHU D,X,Y
    318  5+6   A28F 36   36              PSHU D,X,Y
    319  4+1   A291 33   C8 E4           LEAU -28,U
    320
    321  5+6   A294 36   36              PSHU D,X,Y
    322  5+6   A296 36   36              PSHU D,X,Y
    323  5     A298 39                   RTS
    324
----------------
1650 cycle(s)
665 byte(s)
----------------
    326

000000 Total Errors

000002 Total Symbols
     0x          Label A000 DRAW_Img_islandMask_1
     1x          Label A1F0 DYN_POS

