/*--------------------------------------------------------------*
 * Compilé avec C6809 v0.83                                     *
 *--------------------------------------------------------------*
 * Fichier source      : ./Sonic2/GeneratedCode/TitleScreen/Img_islandWater12_NB1.ASM
 * Fichier destination : ./Sonic2/GeneratedCode/TitleScreen/Img_islandWater12_NB1.BIN
 * Contenu :
 *     Main     0:IMGD.ASM     416
 *--------------------------------------------------------------*/

Macro Pass
Pass1
Pass2
      2        A000                      ORG $A000
      3                  FF              SETDP $FF
      4        A000               BCKDRAW_Img_islandWater12
      5  6+5   A000 10EF 8D 0033         STS SSAV_Img_islandWater12+1,PCR
      6
      7  5+5   A005 ED   8D 001D         STD DYN_POS+1,PCR
      8  4+0   A009 32   C4              LEAS ,U
      9  5+0   A00B EE   A4              LDU ,Y
     10  4+4   A00D 33   C9 045C         LEAU 1116,U
     11
     12  5+1   A011 EC   5E              LDD -2,U
     13  5+2   A013 34   06              PSHS D
     14  2     A015 84   0F              ANDA #$0F
     15  2     A017 8A   20              ORA #$20
     16  2     A019 C6   CC              LDB #$cc
     17  5+1   A01B ED   5E              STD -2,U
     18  4+1   A01D A6   41              LDA 1,U
     19  5+3   A01F 34   42              PSHS U,A
     20  2     A021 86   C2              LDA #$c2
     21  4+1   A023 A7   41              STA 1,U
     22        A025               DYN_POS
     23
     24  3     A025 CE   0000            LDU #$0000
     25  4+4   A028 33   C9 045B         LEAU 1115,U
     26
     27  4+0   A02C A6   C4              LDA ,U
     28  5+3   A02E 34   42              PSHS U,A
     29  2     A030 86   C2              LDA #$c2
     30  4+0   A032 A7   C4              STA ,U
     31  4+0   A034 33   E4              LEAU ,S
     32        A036               SSAV_Img_islandWater12
     33  4     A036 10CE 0000            LDS #$0000
     34  5     A03A 39                   RTS
     35
----------------
125 cycle(s)
59 byte(s)
----------------
     37

000000 Total Errors

000003 Total Symbols
     0x          Label A000 BCKDRAW_Img_islandWater12
     1x          Label A025 DYN_POS
     1x          Label A036 SSAV_Img_islandWater12

