/*--------------------------------------------------------------*
 * Compilé avec C6809 v0.83                                     *
 *--------------------------------------------------------------*
 * Fichier source      : ./Sonic2/GeneratedCode/TitleScreen/Img_islandWater08_NB1_Erase.ASM
 * Fichier destination : ./Sonic2/GeneratedCode/TitleScreen/Img_islandWater08_NB1_Erase.BIN
 * Contenu :
 *     Main     0:IMGE.ASM     331
 *--------------------------------------------------------------*/

Macro Pass
Pass1
Pass2
      2        A000                      ORG $A000
      3                  FF              SETDP $FF
      4        A000               ERASE_Img_islandWater08
      5  6+5   A000 10EF 8D 0016         STS ERASE_SSAV_Img_islandWater08+1>>
      6
      7  4+0   A005 32   C4              LEAS ,U
      8        A007               ERASE_CODE_Img_islandWater08_1
      9  5+3   A007 35   42              PULS A,U
     10  4+1   A009 A7   41              STA 1,U
     11
     12  5+2   A00B 35   06              PULS D
     13  5+1   A00D ED   5E              STD -2,U
     14
     15  5+3   A00F 35   42              PULS A,U
     16  4+1   A011 A7   5F              STA -1,U
     17
     18  5+2   A013 35   06              PULS D
     19  5+1   A015 ED   41              STD 1,U
     20
     21  4+0   A017 33   E4              LEAU ,S
     22        A019               ERASE_SSAV_Img_islandWater08
     23  4     A019 10CE 0000            LDS #$0000
     24  5     A01D 39                   RTS
     25
----------------
80 cycle(s)
30 byte(s)
----------------
     27
     28                  000A     DataSize equ $000A

000000 Total Errors

000004 Total Symbols
     0x          Equ   000A DataSize
     0x          Label A007 ERASE_CODE_Img_islandWater08_1
     0x          Label A000 ERASE_Img_islandWater08
     1x          Label A019 ERASE_SSAV_Img_islandWater08

