/*--------------------------------------------------------------*
 * Compilé avec C6809 v0.83                                     *
 *--------------------------------------------------------------*
 * Fichier source      : ./Sonic2/GeneratedCode/TitleScreen/Img_islandMask_2_ND1.ASM
 * Fichier destination : ./Sonic2/GeneratedCode/TitleScreen/Img_islandMask_2_ND1.BIN
 * Contenu :
 *     Main     0:IMGD.ASM     1563
 *--------------------------------------------------------------*/

Macro Pass
Pass1
Pass2
      2        A000                      ORG $A000
      3                  FF              SETDP $FF
      4        A000               DRAW_Img_islandMask_2
      5  5+5   A000 ED   8D 007C         STD DYN_POS+1,PCR
      6  5+0   A004 EE   A4              LDU ,Y
      7  4+4   A006 33   C9 037C         LEAU 892,U
      8
      9  3     A00A CC   FFFF            LDD #$ffff
     10  3     A00D 8E   FFFF            LDX #$ffff
     11  4     A010 108E FFFF            LDY #$ffff
     12  5+6   A014 36   36              PSHU D,X,Y
     13  4+1   A016 33   C8 DE           LEAU -34,U
     14
     15  5+6   A019 36   36              PSHU D,X,Y
     16  4+1   A01B 33   C8 DE           LEAU -34,U
     17
     18  5+6   A01E 36   36              PSHU D,X,Y
     19  4+1   A020 33   C8 DE           LEAU -34,U
     20
     21  5+6   A023 36   36              PSHU D,X,Y
     22  4+1   A025 33   C8 DE           LEAU -34,U
     23
     24  5+6   A028 36   36              PSHU D,X,Y
     25  4+1   A02A 33   C8 DE           LEAU -34,U
     26
     27  5+6   A02D 36   36              PSHU D,X,Y
     28  4+1   A02F 33   C8 DE           LEAU -34,U
     29
     30  5+6   A032 36   36              PSHU D,X,Y
     31  4+1   A034 33   C8 DE           LEAU -34,U
     32
     33  5+6   A037 36   36              PSHU D,X,Y
     34  4+1   A039 33   C8 DE           LEAU -34,U
     35
     36  5+6   A03C 36   36              PSHU D,X,Y
     37  4+1   A03E 33   C8 DE           LEAU -34,U
     38
     39  5+6   A041 36   36              PSHU D,X,Y
     40  4+1   A043 33   C8 DE           LEAU -34,U
     41
     42  5+6   A046 36   36              PSHU D,X,Y
     43  4+1   A048 33   C8 DE           LEAU -34,U
     44
     45  5+6   A04B 36   36              PSHU D,X,Y
     46  4+1   A04D 33   C8 DE           LEAU -34,U
     47
     48  5+6   A050 36   36              PSHU D,X,Y
     49  4+1   A052 33   C8 DE           LEAU -34,U
     50
     51  5+6   A055 36   36              PSHU D,X,Y
     52  4+1   A057 33   C8 DE           LEAU -34,U
     53
     54  5+6   A05A 36   36              PSHU D,X,Y
     55  4+1   A05C 33   C8 DE           LEAU -34,U
     56
     57  5+6   A05F 36   36              PSHU D,X,Y
     58  4+1   A061 33   C8 DE           LEAU -34,U
     59
     60  5+6   A064 36   36              PSHU D,X,Y
     61  4+1   A066 33   C8 DE           LEAU -34,U
     62
     63  5+6   A069 36   36              PSHU D,X,Y
     64  4+1   A06B 33   C8 DE           LEAU -34,U
     65
     66  5+6   A06E 36   36              PSHU D,X,Y
     67  4+1   A070 33   C8 DE           LEAU -34,U
     68
     69  5+6   A073 36   36              PSHU D,X,Y
     70  4+1   A075 33   C8 DE           LEAU -34,U
     71
     72  5+6   A078 36   36              PSHU D,X,Y
     73  4+1   A07A 33   C8 DE           LEAU -34,U
     74
     75  5+6   A07D 36   36              PSHU D,X,Y
     76        A07F               DYN_POS
     77
     78  3     A07F CE   0000            LDU #$0000
     79  4+4   A082 33   C9 037B         LEAU 891,U
     80
     81  3     A086 CC   FFFF            LDD #$ffff
     82  3     A089 8E   FFFF            LDX #$ffff
     83  4     A08C 108E FFFF            LDY #$ffff
     84  5+6   A090 36   36              PSHU D,X,Y
     85  4+1   A092 33   C8 DE           LEAU -34,U
     86
     87  5+6   A095 36   36              PSHU D,X,Y
     88  4+1   A097 33   C8 DE           LEAU -34,U
     89
     90  5+6   A09A 36   36              PSHU D,X,Y
     91  4+1   A09C 33   C8 DE           LEAU -34,U
     92
     93  5+6   A09F 36   36              PSHU D,X,Y
     94  4+1   A0A1 33   C8 DE           LEAU -34,U
     95
     96  5+6   A0A4 36   36              PSHU D,X,Y
     97  4+1   A0A6 33   C8 DE           LEAU -34,U
     98
     99  5+6   A0A9 36   36              PSHU D,X,Y
    100  4+1   A0AB 33   C8 DE           LEAU -34,U
    101
    102  5+6   A0AE 36   36              PSHU D,X,Y
    103  4+1   A0B0 33   C8 DE           LEAU -34,U
    104
    105  5+6   A0B3 36   36              PSHU D,X,Y
    106  4+1   A0B5 33   C8 DE           LEAU -34,U
    107
    108  5+6   A0B8 36   36              PSHU D,X,Y
    109  4+1   A0BA 33   C8 DE           LEAU -34,U
    110
    111  5+6   A0BD 36   36              PSHU D,X,Y
    112  4+1   A0BF 33   C8 DE           LEAU -34,U
    113
    114  5+6   A0C2 36   36              PSHU D,X,Y
    115  4+1   A0C4 33   C8 DE           LEAU -34,U
    116
    117  5+6   A0C7 36   36              PSHU D,X,Y
    118  4+1   A0C9 33   C8 DE           LEAU -34,U
    119
    120  5+6   A0CC 36   36              PSHU D,X,Y
    121  4+1   A0CE 33   C8 DE           LEAU -34,U
    122
    123  5+6   A0D1 36   36              PSHU D,X,Y
    124  4+1   A0D3 33   C8 DE           LEAU -34,U
    125
    126  5+6   A0D6 36   36              PSHU D,X,Y
    127  4+1   A0D8 33   C8 DE           LEAU -34,U
    128
    129  5+6   A0DB 36   36              PSHU D,X,Y
    130  4+1   A0DD 33   C8 DE           LEAU -34,U
    131
    132  5+6   A0E0 36   36              PSHU D,X,Y
    133  4+1   A0E2 33   C8 DE           LEAU -34,U
    134
    135  5+6   A0E5 36   36              PSHU D,X,Y
    136  4+1   A0E7 33   C8 DE           LEAU -34,U
    137
    138  5+6   A0EA 36   36              PSHU D,X,Y
    139  4+1   A0EC 33   C8 DE           LEAU -34,U
    140
    141  5+6   A0EF 36   36              PSHU D,X,Y
    142  4+1   A0F1 33   C8 DE           LEAU -34,U
    143
    144  5+6   A0F4 36   36              PSHU D,X,Y
    145  4+1   A0F6 33   C8 DE           LEAU -34,U
    146
    147  5+6   A0F9 36   36              PSHU D,X,Y
    148  5     A0FB 39                   RTS
    149
----------------
753 cycle(s)
252 byte(s)
----------------
    151

000000 Total Errors

000002 Total Symbols
     0x          Label A000 DRAW_Img_islandMask_2
     1x          Label A07F DYN_POS

