/*--------------------------------------------------------------*
 * Compilé avec C6809 v0.83                                     *
 *--------------------------------------------------------------*
 * Fichier source      : ./Sonic2/GeneratedCode/TitleScreen/Img_islandWater06_NB0.ASM
 * Fichier destination : ./Sonic2/GeneratedCode/TitleScreen/Img_islandWater06_NB0.BIN
 * Contenu :
 *     Main     0:IMGD.ASM     1243
 *--------------------------------------------------------------*/

Macro Pass
Pass1
Pass2
      2        A000                      ORG $A000
      3                  FF              SETDP $FF
      4        A000               BCKDRAW_Img_islandWater06
      5  6+5   A000 10EF 8D 00C4         STS SSAV_Img_islandWater06+1,PCR
      6
      7  5+5   A005 ED   8D 0081         STD DYN_POS+1,PCR
      8  4+0   A009 32   C4              LEAS ,U
      9  5+0   A00B EE   A4              LDU ,Y
     10  4+4   A00D 33   C9 036B         LEAU 875,U
     11
     12  5+1   A011 EC   5C              LDD -4,U
     13  5+2   A013 34   06              PSHS D
     14  2     A015 84   F0              ANDA #$F0
     15  2     A017 8A   02              ORA #$02
     16  2     A019 C6   CC              LDB #$cc
     17  5+1   A01B ED   5C              STD -4,U
     18  4+1   A01D A6   56              LDA -10,U
     19  5+1   A01F 34   02              PSHS A
     20  2     A021 84   F0              ANDA #$F0
     21  2     A023 8A   02              ORA #$02
     22  4+1   A025 A7   56              STA -10,U
     23  4+1   A027 A6   5A              LDA -6,U
     24  5+1   A029 34   02              PSHS A
     25  2     A02B 84   F0              ANDA #$F0
     26  2     A02D 8A   02              ORA #$02
     27  4+1   A02F A7   5A              STA -6,U
     28  4+1   A031 A6   44              LDA 4,U
     29  5+1   A033 34   02              PSHS A
     30  2     A035 84   0F              ANDA #$0F
     31  2     A037 8A   20              ORA #$20
     32  4+1   A039 A7   44              STA 4,U
     33  4+1   A03B A6   49              LDA 9,U
     34  5+1   A03D 34   02              PSHS A
     35  2     A03F 84   F0              ANDA #$F0
     36  2     A041 8A   02              ORA #$02
     37  4+1   A043 A7   49              STA 9,U
     38  4+1   A045 A6   4B              LDA 11,U
     39  5+1   A047 34   02              PSHS A
     40  2     A049 84   F0              ANDA #$F0
     41  2     A04B 8A   02              ORA #$02
     42  4+1   A04D A7   4B              STA 11,U
     43  4+1   A04F A6   4F              LDA 15,U
     44  5+1   A051 34   02              PSHS A
     45  2     A053 84   F0              ANDA #$F0
     46  2     A055 8A   02              ORA #$02
     47  4+1   A057 A7   4F              STA 15,U
     48  4+1   A059 A6   C8 11           LDA 17,U
     49  5+1   A05C 34   02              PSHS A
     50  2     A05E 84   F0              ANDA #$F0
     51  2     A060 8A   02              ORA #$02
     52  4+1   A062 A7   C8 11           STA 17,U
     53  4+1   A065 A6   C8 13           LDA 19,U
     54  5+1   A068 34   02              PSHS A
     55  2     A06A 84   F0              ANDA #$F0
     56  2     A06C 8A   02              ORA #$02
     57  4+1   A06E A7   C8 13           STA 19,U
     58  5+1   A071 EC   5E              LDD -2,U
     59  5+2   A073 34   06              PSHS D
     60  2     A075 86   2D              LDA #$2d
     61  2     A077 C4   0F              ANDB #$0F
     62  2     A079 CA   D0              ORB #$d0
     63  5+1   A07B ED   5E              STD -2,U
     64  5+4   A07D 37   30              PULU X,Y
     65  5+6   A07F 34   70              PSHS U,Y,X
     66  3     A081 CC   DD8C            LDD #$dd8c
     67  3     A084 8E   22DD            LDX #$22dd
     68  5+4   A087 36   16              PSHU D,X
     69        A089               DYN_POS
     70
     71  3     A089 CE   0000            LDU #$0000
     72  4+4   A08C 33   C9 036C         LEAU 876,U
     73
     74  5+1   A090 EC   41              LDD 1,U
     75  5+2   A092 34   06              PSHS D
     76  2     A094 84   F0              ANDA #$F0
     77  2     A096 C4   F0              ANDB #$F0
     78  4     A098 C3   0C02            ADDD #$0c02
     79  5+1   A09B ED   41              STD 1,U
     80  4+1   A09D A6   5D              LDA -3,U
     81  4+1   A09F E6   44              LDB 4,U
     82  5+2   A0A1 34   06              PSHS B,A
     83  2     A0A3 C4   0F              ANDB #$0F
     84  2     A0A5 CA   C0              ORB #$c0
     85  4+1   A0A7 E7   44              STB 4,U
     86  5+1   A0A9 EC   5B              LDD -5,U
     87  5+2   A0AB 34   06              PSHS D
     88  2     A0AD 84   F0              ANDA #$F0
     89  2     A0AF 8A   0C              ORA #$0c
     90  2     A0B1 C6   CB              LDB #$cb
     91  5+1   A0B3 ED   5B              STD -5,U
     92  5+1   A0B5 EC   5F              LDD -1,U
     93  5+4   A0B7 34   46              PSHS U,D
     94  2     A0B9 84   F0              ANDA #$F0
     95  2     A0BB 8A   0D              ORA #$0d
     96  2     A0BD C6   28              LDB #$28
     97  5+1   A0BF ED   5F              STD -1,U
     98  2     A0C1 86   DC              LDA #$dc
     99  4+1   A0C3 A7   5D              STA -3,U
    100  4+0   A0C5 33   E4              LEAU ,S
    101        A0C7               SSAV_Img_islandWater06
    102  4     A0C7 10CE 0000            LDS #$0000
    103  5     A0CB 39                   RTS
    104
----------------
419 cycle(s)
204 byte(s)
----------------
    106

000000 Total Errors

000003 Total Symbols
     0x          Label A000 BCKDRAW_Img_islandWater06
     1x          Label A089 DYN_POS
     1x          Label A0C7 SSAV_Img_islandWater06

