/*--------------------------------------------------------------*
 * Compilé avec C6809 v0.83                                     *
 *--------------------------------------------------------------*
 * Fichier source      : ./Sonic2/GeneratedCode/TitleScreen/Img_islandWater11_NB1.ASM
 * Fichier destination : ./Sonic2/GeneratedCode/TitleScreen/Img_islandWater11_NB1.BIN
 * Contenu :
 *     Main     0:IMGD.ASM     462
 *--------------------------------------------------------------*/

Macro Pass
Pass1
Pass2
      2        A000                      ORG $A000
      3                  FF              SETDP $FF
      4        A000               BCKDRAW_Img_islandWater11
      5  6+5   A000 10EF 8D 003B         STS SSAV_Img_islandWater11+1,PCR
      6
      7  5+5   A005 ED   8D 0020         STD DYN_POS+1,PCR
      8  4+0   A009 32   C4              LEAS ,U
      9  5+0   A00B EE   A4              LDU ,Y
     10  4+4   A00D 33   C9 0432         LEAU 1074,U
     11
     12  5+1   A011 EC   41              LDD 1,U
     13  5+2   A013 34   06              PSHS D
     14  2     A015 84   0F              ANDA #$0F
     15  2     A017 C4   0F              ANDB #$0F
     16  4     A019 C3   B0C0            ADDD #$b0c0
     17  5+1   A01C ED   41              STD 1,U
     18  4+1   A01E A6   5F              LDA -1,U
     19  5+3   A020 34   42              PSHS U,A
     20  2     A022 84   F0              ANDA #$F0
     21  2     A024 8A   0C              ORA #$0c
     22  4+1   A026 A7   5F              STA -1,U
     23        A028               DYN_POS
     24
     25  3     A028 CE   0000            LDU #$0000
     26  4+4   A02B 33   C9 0431         LEAU 1073,U
     27
     28  5+0   A02F EC   C4              LDD ,U
     29  5+4   A031 34   46              PSHS U,D
     30  2     A033 84   0F              ANDA #$0F
     31  2     A035 C4   0F              ANDB #$0F
     32  4     A037 C3   C020            ADDD #$c020
     33  5+0   A03A ED   C4              STD ,U
     34  4+0   A03C 33   E4              LEAU ,S
     35        A03E               SSAV_Img_islandWater11
     36  4     A03E 10CE 0000            LDS #$0000
     37  5     A042 39                   RTS
     38
----------------
138 cycle(s)
67 byte(s)
----------------
     40

000000 Total Errors

000003 Total Symbols
     0x          Label A000 BCKDRAW_Img_islandWater11
     1x          Label A028 DYN_POS
     1x          Label A03E SSAV_Img_islandWater11

