/*--------------------------------------------------------------*
 * Compilé avec C6809 v0.83                                     *
 *--------------------------------------------------------------*
 * Fichier source      : ./Sonic2/GeneratedCode/TitleScreen/Img_tails_5_NB0_Erase.ASM
 * Fichier destination : ./Sonic2/GeneratedCode/TitleScreen/Img_tails_5_NB0_Erase.BIN
 * Contenu :
 *     Main     0:IMGE.ASM     7181
 *--------------------------------------------------------------*/

Macro Pass
Pass1
Pass2
      2        A000                      ORG $A000
      3                  FF              SETDP $FF
      4        A000               ERASE_Img_tails_5
      5  6+5   A000 10EF 8D 046F         STS ERASE_SSAV_Img_tails_5+1,PCR
      6
      7  4+0   A005 32   C4              LEAS ,U
      8        A007               ERASE_CODE_Img_tails_5_1
      9  5+5   A007 35   52              PULS A,X,U
     10  5+3   A009 36   12              PSHU A,X
     11
     12  5+3   A00B 35   12              PULS A,X
     13  4+1   A00D A7   C8 50           STA 80,U
     14  5+1   A010 AF   C8 28           STX 40,U
     15
     16  5+8   A013 35   76              PULS D,X,Y,U
     17  5+6   A015 36   36              PSHU D,X,Y
     18
     19  5+8   A017 35   76              PULS D,X,Y,U
     20  5+6   A019 36   36              PSHU D,X,Y
     21
     22  5+2   A01B 35   06              PULS D
     23  5+1   A01D ED   46              STD 6,U
     24
     25  5+5   A01F 35   52              PULS A,X,U
     26  5+3   A021 36   12              PSHU A,X
     27
     28  5+5   A023 35   32              PULS A,X,Y
     29  4+1   A025 A7   47              STA 7,U
     30  5+1   A027 AF   45              STX 5,U
     31  6+1   A029 10AF 43              STY 3,U
     32
     33  5+5   A02C 35   52              PULS A,X,U
     34  5+3   A02E 36   12              PSHU A,X
     35
     36  5+5   A030 35   32              PULS A,X,Y
     37  4+1   A032 A7   47              STA 7,U
     38  5+1   A034 AF   43              STX 3,U
     39  6+1   A036 10AF 45              STY 5,U
     40
     41  5+5   A039 35   52              PULS A,X,U
     42  5+3   A03B 36   12              PSHU A,X
     43
     44  5+5   A03D 35   52              PULS A,X,U
     45  5+3   A03F 36   12              PSHU A,X
     46
     47  5+2   A041 35   06              PULS D
     48  5+1   A043 ED   43              STD 3,U
     49
     50  5+5   A045 35   52              PULS A,X,U
     51  5+3   A047 36   12              PSHU A,X
     52
     53  5+5   A049 35   32              PULS A,X,Y
     54  4+1   A04B A7   47              STA 7,U
     55  5+1   A04D AF   45              STX 5,U
     56  6+1   A04F 10AF 43              STY 3,U
     57
     58  5+5   A052 35   52              PULS A,X,U
     59  5+3   A054 36   12              PSHU A,X
     60
     61  5+1   A056 35   02              PULS A
     62  4+1   A058 A7   43              STA 3,U
     63
     64  5+5   A05A 35   52              PULS A,X,U
     65  5+3   A05C 36   12              PSHU A,X
     66
     67  5+6   A05E 35   56              PULS D,X,U
     68  5+4   A060 36   16              PSHU D,X
     69
     70  5+5   A062 35   52              PULS A,X,U
     71  5+3   A064 36   12              PSHU A,X
     72
     73  5+5   A066 35   52              PULS A,X,U
     74  5+3   A068 36   12              PSHU A,X
     75
     76  5+1   A06A 35   02              PULS A
     77  4+1   A06C A7   C8 21           STA 33,U
     78
     79  5+5   A06F 35   52              PULS A,X,U
     80  5+3   A071 36   12              PSHU A,X
     81
     82  5+2   A073 35   06              PULS D
     83  5+1   A075 ED   43              STD 3,U
     84
     85  5+5   A077 35   52              PULS A,X,U
     86  5+3   A079 36   12              PSHU A,X
     87
     88  5+2   A07B 35   06              PULS D
     89  5+1   A07D ED   C8 21           STD 33,U
     90
     91  5+6   A080 35   56              PULS D,X,U
     92  5+4   A082 36   16              PSHU D,X
     93
     94  5+2   A084 35   06              PULS D
     95  5+1   A086 ED   44              STD 4,U
     96
     97  5+6   A088 35   56              PULS D,X,U
     98  5+4   A08A 36   16              PSHU D,X
     99
    100  5+5   A08C 35   32              PULS A,X,Y
    101  4+1   A08E A7   48              STA 8,U
    102  5+1   A090 AF   46              STX 6,U
    103  6+1   A092 10AF 44              STY 4,U
    104
    105  5+8   A095 35   76              PULS D,X,Y,U
    106  5+6   A097 36   36              PSHU D,X,Y
    107
    108  5+2   A099 35   06              PULS D
    109  5+1   A09B ED   46              STD 6,U
    110
    111  5+6   A09D 35   56              PULS D,X,U
    112  5+4   A09F 36   16              PSHU D,X
    113
    114  5+4   A0A1 35   16              PULS D,X
    115  5+1   A0A3 ED   46              STD 6,U
    116  5+1   A0A5 AF   44              STX 4,U
    117
    118  5+8   A0A7 35   76              PULS D,X,Y,U
    119  5+6   A0A9 36   36              PSHU D,X,Y
    120
    121  5+2   A0AB 35   06              PULS D
    122  5+1   A0AD ED   46              STD 6,U
    123
    124  5+8   A0AF 35   76              PULS D,X,Y,U
    125  5+6   A0B1 36   36              PSHU D,X,Y
    126
    127  5+2   A0B3 35   06              PULS D
    128  5+1   A0B5 ED   46              STD 6,U
    129
    130  5+6   A0B7 35   56              PULS D,X,U
    131  5+4   A0B9 36   16              PSHU D,X
    132
    133  5+4   A0BB 35   16              PULS D,X
    134  5+1   A0BD ED   46              STD 6,U
    135  5+1   A0BF AF   44              STX 4,U
    136
    137  5+5   A0C1 35   52              PULS A,X,U
    138  5+3   A0C3 36   12              PSHU A,X
    139
    140  5+4   A0C5 35   16              PULS D,X
    141  5+1   A0C7 ED   45              STD 5,U
    142  5+1   A0C9 AF   43              STX 3,U
    143
    144  5+8   A0CB 35   76              PULS D,X,Y,U
    145  5+6   A0CD 36   36              PSHU D,X,Y
    146
    147  5+1   A0CF 35   02              PULS A
    148  4+1   A0D1 A7   46              STA 6,U
    149
    150  5+8   A0D3 35   76              PULS D,X,Y,U
    151  5+6   A0D5 36   36              PSHU D,X,Y
    152
    153  5+2   A0D7 35   06              PULS D
    154  5+1   A0D9 ED   46              STD 6,U
    155
    156  5+8   A0DB 35   76              PULS D,X,Y,U
    157  5+6   A0DD 36   36              PSHU D,X,Y
    158
    159  5+2   A0DF 35   06              PULS D
    160  5+1   A0E1 ED   46              STD 6,U
    161
    162  5+6   A0E3 35   56              PULS D,X,U
    163  5+4   A0E5 36   16              PSHU D,X
    164
    165  5+6   A0E7 35   56              PULS D,X,U
    166  5+4   A0E9 36   16              PSHU D,X
    167
    168  5+4   A0EB 35   16              PULS D,X
    169  5+1   A0ED ED   C8 24           STD 36,U
    170  5+1   A0F0 AF   C8 26           STX 38,U
    171
    172  5+6   A0F3 35   56              PULS D,X,U
    173  5+4   A0F5 36   16              PSHU D,X
    174
    175  5+4   A0F7 35   16              PULS D,X
    176  5+1   A0F9 ED   C8 24           STD 36,U
    177  5+1   A0FC AF   C8 26           STX 38,U
    178
    179  5+7   A0FF 35   72              PULS A,X,Y,U
    180  5+5   A101 36   32              PSHU A,X,Y
    181
    182  5+4   A103 35   16              PULS D,X
    183  5+1   A105 ED   C8 27           STD 39,U
    184  5+1   A108 AF   C8 25           STX 37,U
    185
    186  5+7   A10B 35   72              PULS A,X,Y,U
    187  5+5   A10D 36   32              PSHU A,X,Y
    188
    189  5+2   A10F 35   06              PULS D
    190  5+1   A111 ED   C8 25           STD 37,U
    191
    192  5+7   A114 35   72              PULS A,X,Y,U
    193  5+5   A116 36   32              PSHU A,X,Y
    194
    195  5+2   A118 35   06              PULS D
    196  5+1   A11A ED   C8 25           STD 37,U
    197
    198  5+7   A11D 35   72              PULS A,X,Y,U
    199  5+5   A11F 36   32              PSHU A,X,Y
    200
    201  5+2   A121 35   06              PULS D
    202  5+1   A123 ED   C8 25           STD 37,U
    203
    204  5+7   A126 35   72              PULS A,X,Y,U
    205  5+5   A128 36   32              PSHU A,X,Y
    206
    207  5+2   A12A 35   06              PULS D
    208  5+1   A12C ED   C8 25           STD 37,U
    209
    210  5+5   A12F 35   52              PULS A,X,U
    211  5+3   A131 36   12              PSHU A,X
    212
    213  5+7   A133 35   72              PULS A,X,Y,U
    214  5+5   A135 36   32              PSHU A,X,Y
    215
    216  5+6   A137 35   56              PULS D,X,U
    217  5+4   A139 36   16              PSHU D,X
    218
    219  5+4   A13B 35   16              PULS A,B,X
    220  4+1   A13D A7   C8 26           STA 38,U
    221  4+1   A140 E7   44              STB 4,U
    222  5+1   A142 AF   C8 24           STX 36,U
    223
    224  5+6   A145 35   56              PULS D,X,U
    225  5+4   A147 36   16              PSHU D,X
    226
    227  5+2   A149 35   06              PULS D
    228  5+1   A14B ED   C8 24           STD 36,U
    229
    230  5+6   A14E 35   56              PULS D,X,U
    231  5+4   A150 36   16              PSHU D,X
    232
    233  5+2   A152 35   06              PULS D
    234  5+1   A154 ED   C8 24           STD 36,U
    235
    236  5+6   A157 35   56              PULS D,X,U
    237  5+4   A159 36   16              PSHU D,X
    238
    239  5+6   A15B 35   56              PULS D,X,U
    240  5+4   A15D 36   16              PSHU D,X
    241
    242  5+6   A15F 35   56              PULS D,X,U
    243  5+4   A161 36   16              PSHU D,X
    244
    245  5+5   A163 35   52              PULS A,X,U
    246  5+3   A165 36   12              PSHU A,X
    247
    248  5+5   A167 35   52              PULS A,X,U
    249  5+3   A169 36   12              PSHU A,X
    250
    251  5+2   A16B 35   06              PULS D
    252  5+1   A16D ED   C8 26           STD 38,U
    253
    254  5+5   A170 35   52              PULS A,X,U
    255  5+3   A172 36   12              PSHU A,X
    256
    257  5+2   A174 35   06              PULS D
    258  5+1   A176 ED   C8 26           STD 38,U
    259
    260  5+7   A179 35   72              PULS A,X,Y,U
    261  5+5   A17B 36   32              PSHU A,X,Y
    262
    263  5+2   A17D 35   06              PULS D
    264  5+1   A17F ED   C8 28           STD 40,U
    265
    266  5+7   A182 35   72              PULS A,X,Y,U
    267  5+5   A184 36   32              PSHU A,X,Y
    268
    269  5+1   A186 35   02              PULS A
    270  4+1   A188 A7   47              STA 7,U
    271
    272  5+7   A18A 35   72              PULS A,X,Y,U
    273  5+5   A18C 36   32              PSHU A,X,Y
    274
    275  5+7   A18E 35   72              PULS A,X,Y,U
    276  5+5   A190 36   32              PSHU A,X,Y
    277
    278  5+7   A192 35   72              PULS A,X,Y,U
    279  5+5   A194 36   32              PSHU A,X,Y
    280
    281  5+7   A196 35   72              PULS A,X,Y,U
    282  5+5   A198 36   32              PSHU A,X,Y
    283
    284  5+1   A19A 35   02              PULS A
    285  4+1   A19C A7   46              STA 6,U
    286
    287  5+7   A19E 35   72              PULS A,X,Y,U
    288  5+5   A1A0 36   32              PSHU A,X,Y
    289
    290  5+2   A1A2 35   06              PULS D
    291  5+1   A1A4 ED   45              STD 5,U
    292
    293  5+8   A1A6 35   76              PULS D,X,Y,U
    294  5+6   A1A8 36   36              PSHU D,X,Y
    295
    296  5+1   A1AA 35   02              PULS A
    297  4+1   A1AC A7   46              STA 6,U
    298
    299  5+8   A1AE 35   76              PULS D,X,Y,U
    300  5+6   A1B0 36   36              PSHU D,X,Y
    301
    302  5+1   A1B2 35   02              PULS A
    303  4+1   A1B4 A7   46              STA 6,U
    304
    305  5+8   A1B6 35   76              PULS D,X,Y,U
    306  5+6   A1B8 36   36              PSHU D,X,Y
    307
    308  5+1   A1BA 35   02              PULS A
    309  4+1   A1BC A7   47              STA 7,U
    310
    311  5+8   A1BE 35   76              PULS D,X,Y,U
    312  5+6   A1C0 36   36              PSHU D,X,Y
    313
    314  5+8   A1C2 35   76              PULS D,X,Y,U
    315  5+6   A1C4 36   36              PSHU D,X,Y
    316
    317  5+1   A1C6 35   02              PULS A
    318  4+1   A1C8 A7   46              STA 6,U
    319
    320  5+8   A1CA 35   76              PULS D,X,Y,U
    321  5+6   A1CC 36   36              PSHU D,X,Y
    322
    323  5+1   A1CE 35   02              PULS A
    324  4+1   A1D0 A7   46              STA 6,U
    325
    326  5+8   A1D2 35   76              PULS D,X,Y,U
    327  5+6   A1D4 36   36              PSHU D,X,Y
    328
    329  5+5   A1D6 35   52              PULS A,X,U
    330  5+3   A1D8 36   12              PSHU A,X
    331
    332  5+6   A1DA 35   36              PULS A,B,X,Y
    333  4+1   A1DC A7   C8 AD           STA -83,U
    334  4+1   A1DF E7   C8 8B           STB -117,U
    335  5+1   A1E2 AF   C8 D9           STX -39,U
    336  6+1   A1E5 10AF C8 89           STY -119,U
    337
    338  5+5   A1E9 35   32              PULS A,X,Y
    339  4+1   A1EB A7   C8 D5           STA -43,U
    340  5+1   A1EE AF   C8 B1           STX -79,U
    341  6+1   A1F1 10AF 5D              STY -3,U
    342
    343  5+4   A1F4 35   46              PULS D,U
    344  5+1   A1F6 ED   C8 4F           STD 79,U
    345
    346  5+2   A1F9 35   06              PULS D
    347  5+1   A1FB ED   C8 27           STD 39,U
    348
    349  5+4   A1FE 35   16              PULS A,B,X
    350  4+1   A200 A7   C8 D8           STA -40,U
    351  4+1   A203 E7   C8 B0           STB -80,U
    352  5+1   A206 AF   5F              STX -1,U
    353
    354  5+6   A208 35   56              PULS D,X,U
    355  5+1   A20A ED   C8 C5           STD -59,U
    356  5+1   A20D AF   C8 ED           STX -19,U
    357
    358  5+6   A210 35   36              PULS A,B,X,Y
    359  4+1   A212 A7   C8 15           STA 21,U
    360  4+1   A215 E7   C8 3C           STB 60,U
    361  5+1   A218 AF   C8 13           STX 19,U
    362  6+1   A21B 10AF C8 EB           STY -21,U
    363
    364  5+4   A21F 35   16              PULS D,X
    365  5+1   A221 ED   C8 C7           STD -57,U
    366  5+1   A224 AF   C8 C3           STX -61,U
    367
    368  5+6   A227 35   56              PULS D,X,U
    369  5+4   A229 36   16              PSHU D,X
    370
    371  5+6   A22B 35   36              PULS D,X,Y
    372  5+1   A22D ED   C8 2A           STD 42,U
    373  5+1   A230 AF   46              STX 6,U
    374  6+1   A232 10AF C8 7E           STY 126,U
    375
    376  5+6   A236 35   36              PULS D,X,Y
    377  5+1   A238 ED   C8 2E           STD 46,U
    378  5+1   A23B AF   C8 52           STX 82,U
    379  6+1   A23E 10AF C8 7A           STY 122,U
    380
    381  5+6   A242 35   36              PULS D,X,Y
    382  5+1   A244 ED   C8 56           STD 86,U
    383  5+1   A247 AF   C8 7C           STX 124,U
    384  6+1   A24A 10AF C8 78           STY 120,U
    385
    386  5+6   A24E 35   36              PULS D,X,Y
    387  5+1   A250 ED   C8 54           STD 84,U
    388  5+1   A253 AF   C8 50           STX 80,U
    389  6+1   A256 10AF C8 2C           STY 44,U
    390
    391  5+4   A25A 35   16              PULS D,X
    392  5+1   A25C ED   C8 28           STD 40,U
    393  5+1   A25F AF   44              STX 4,U
    394
    395  5+6   A261 35   56              PULS D,X,U
    396  5+4   A263 36   16              PSHU D,X
    397
    398  5+4   A265 35   16              PULS D,X
    399  5+1   A267 ED   46              STD 6,U
    400  5+1   A269 AF   44              STX 4,U
    401
    402  5+6   A26B 35   56              PULS D,X,U
    403  5+4   A26D 36   16              PSHU D,X
    404
    405  5+4   A26F 35   16              PULS D,X
    406  5+1   A271 ED   46              STD 6,U
    407  5+1   A273 AF   44              STX 4,U
    408
    409  5+6   A275 35   56              PULS D,X,U
    410  5+4   A277 36   16              PSHU D,X
    411
    412  5+4   A279 35   16              PULS D,X
    413  5+1   A27B ED   44              STD 4,U
    414  5+1   A27D AF   46              STX 6,U
    415
    416  5+6   A27F 35   56              PULS D,X,U
    417  5+4   A281 36   16              PSHU D,X
    418
    419  5+4   A283 35   16              PULS D,X
    420  5+1   A285 ED   44              STD 4,U
    421  5+1   A287 AF   46              STX 6,U
    422
    423  5+5   A289 35   52              PULS A,X,U
    424  5+3   A28B 36   12              PSHU A,X
    425
    426  5+5   A28D 35   52              PULS A,X,U
    427  5+3   A28F 36   12              PSHU A,X
    428
    429  5+2   A291 35   06              PULS D
    430  5+1   A293 ED   43              STD 3,U
    431
    432  5+6   A295 35   56              PULS D,X,U
    433  5+4   A297 36   16              PSHU D,X
    434
    435  5+5   A299 35   32              PULS A,X,Y
    436  4+1   A29B A7   48              STA 8,U
    437  5+1   A29D AF   46              STX 6,U
    438  6+1   A29F 10AF 44              STY 4,U
    439
    440  5+6   A2A2 35   56              PULS D,X,U
    441  5+4   A2A4 36   16              PSHU D,X
    442
    443  5+5   A2A6 35   32              PULS A,X,Y
    444  4+1   A2A8 A7   48              STA 8,U
    445  5+1   A2AA AF   46              STX 6,U
    446  6+1   A2AC 10AF 44              STY 4,U
    447
    448  5+6   A2AF 35   56              PULS D,X,U
    449  5+4   A2B1 36   16              PSHU D,X
    450
    451  5+4   A2B3 35   16              PULS D,X
    452  5+1   A2B5 ED   46              STD 6,U
    453  5+1   A2B7 AF   44              STX 4,U
    454
    455  5+5   A2B9 35   52              PULS A,X,U
    456  5+3   A2BB 36   12              PSHU A,X
    457
    458  5+6   A2BD 35   36              PULS D,X,Y
    459  5+1   A2BF ED   C8 4D           STD 77,U
    460  5+1   A2C2 AF   C8 51           STX 81,U
    461  6+1   A2C5 10AF C8 25           STY 37,U
    462
    463  5+6   A2C9 35   36              PULS D,X,Y
    464  5+1   A2CB ED   C8 29           STD 41,U
    465  5+1   A2CE AF   C8 4F           STX 79,U
    466  6+1   A2D1 10AF C8 4B           STY 75,U
    467
    468  5+4   A2D5 35   16              PULS D,X
    469  5+1   A2D7 ED   C8 27           STD 39,U
    470  5+1   A2DA AF   C8 23           STX 35,U
    471
    472  5+5   A2DD 35   52              PULS A,X,U
    473  5+3   A2DF 36   12              PSHU A,X
    474
    475  5+2   A2E1 35   06              PULS D
    476  5+1   A2E3 ED   C8 26           STD 38,U
    477
    478  5+3   A2E6 35   12              PULS A,X
    479  4+1   A2E8 A7   43              STA 3,U
    480  5+1   A2EA AF   C8 24           STX 36,U
    481
    482  5+5   A2ED 35   52              PULS A,X,U
    483  5+3   A2EF 36   12              PSHU A,X
    484
    485  5+2   A2F1 35   06              PULS D
    486  5+1   A2F3 ED   C8 24           STD 36,U
    487
    488  5+6   A2F6 35   56              PULS D,X,U
    489  5+4   A2F8 36   16              PSHU D,X
    490
    491  5+4   A2FA 35   16              PULS D,X
    492  5+1   A2FC ED   C8 27           STD 39,U
    493  5+1   A2FF AF   C8 25           STX 37,U
    494
    495  5+6   A302 35   56              PULS D,X,U
    496  5+4   A304 36   16              PSHU D,X
    497
    498  5+2   A306 35   06              PULS D
    499  5+1   A308 ED   C8 25           STD 37,U
    500
    501  5+8   A30B 35   76              PULS D,X,Y,U
    502  5+6   A30D 36   36              PSHU D,X,Y
    503
    504  5+2   A30F 35   06              PULS D
    505  5+1   A311 ED   C8 27           STD 39,U
    506
    507  5+6   A314 35   56              PULS D,X,U
    508  5+4   A316 36   16              PSHU D,X
    509
    510  5+3   A318 35   12              PULS A,X
    511  4+1   A31A A7   44              STA 4,U
    512  5+1   A31C AF   C8 24           STX 36,U
    513
    514  5+6   A31F 35   56              PULS D,X,U
    515  5+4   A321 36   16              PSHU D,X
    516
    517  5+2   A323 35   06              PULS D
    518  5+1   A325 ED   C8 26           STD 38,U
    519
    520  5+3   A328 35   12              PULS A,X
    521  4+1   A32A A7   44              STA 4,U
    522  5+1   A32C AF   C8 24           STX 36,U
    523
    524  5+6   A32F 35   56              PULS D,X,U
    525  5+4   A331 36   16              PSHU D,X
    526
    527  5+4   A333 35   16              PULS A,B,X
    528  4+1   A335 A7   C8 26           STA 38,U
    529  4+1   A338 E7   44              STB 4,U
    530  5+1   A33A AF   C8 24           STX 36,U
    531
    532  5+6   A33D 35   56              PULS D,X,U
    533  5+4   A33F 36   16              PSHU D,X
    534
    535  5+3   A341 35   12              PULS A,X
    536  4+1   A343 A7   44              STA 4,U
    537  5+1   A345 AF   C8 25           STX 37,U
    538
    539  5+6   A348 35   56              PULS D,X,U
    540  5+4   A34A 36   16              PSHU D,X
    541
    542  5+4   A34C 35   16              PULS A,B,X
    543  4+1   A34E A7   C8 26           STA 38,U
    544  4+1   A351 E7   44              STB 4,U
    545  5+1   A353 AF   C8 24           STX 36,U
    546
    547  5+5   A356 35   52              PULS A,X,U
    548  5+3   A358 36   12              PSHU A,X
    549
    550  5+2   A35A 35   06              PULS D
    551  5+1   A35C ED   C8 25           STD 37,U
    552
    553  5+3   A35F 35   12              PULS A,X
    554  4+1   A361 A7   43              STA 3,U
    555  5+1   A363 AF   C8 23           STX 35,U
    556
    557  5+5   A366 35   52              PULS A,X,U
    558  5+3   A368 36   12              PSHU A,X
    559
    560  5+2   A36A 35   06              PULS D
    561  5+1   A36C ED   C8 24           STD 36,U
    562
    563  5+5   A36F 35   32              PULS A,X,Y
    564  4+1   A371 A7   43              STA 3,U
    565  5+1   A373 AF   C8 26           STX 38,U
    566  6+1   A376 10AF C8 22           STY 34,U
    567
    568  5+6   A37A 35   56              PULS D,X,U
    569  5+4   A37C 36   16              PSHU D,X
    570
    571  5+5   A37E 35   32              PULS A,X,Y
    572  4+1   A380 A7   C8 24           STA 36,U
    573  5+1   A383 AF   C8 26           STX 38,U
    574  6+1   A386 10AF C8 22           STY 34,U
    575
    576  5+6   A38A 35   56              PULS D,X,U
    577  5+4   A38C 36   16              PSHU D,X
    578
    579  5+5   A38E 35   32              PULS A,X,Y
    580  4+1   A390 A7   C8 24           STA 36,U
    581  5+1   A393 AF   C8 26           STX 38,U
    582  6+1   A396 10AF C8 22           STY 34,U
    583
    584  5+7   A39A 35   72              PULS A,X,Y,U
    585  5+5   A39C 36   32              PSHU A,X,Y
    586
    587  5+4   A39E 35   16              PULS D,X
    588  5+1   A3A0 ED   C8 28           STD 40,U
    589  5+1   A3A3 AF   C8 25           STX 37,U
    590
    591  5+7   A3A6 35   72              PULS A,X,Y,U
    592  5+5   A3A8 36   32              PSHU A,X,Y
    593
    594  5+1   A3AA 35   02              PULS A
    595  4+1   A3AC A7   C8 25           STA 37,U
    596
    597  5+7   A3AF 35   72              PULS A,X,Y,U
    598  5+5   A3B1 36   32              PSHU A,X,Y
    599
    600  5+7   A3B3 35   72              PULS A,X,Y,U
    601  5+5   A3B5 36   32              PSHU A,X,Y
    602
    603  5+7   A3B7 35   72              PULS A,X,Y,U
    604  5+5   A3B9 36   32              PSHU A,X,Y
    605
    606  5+7   A3BB 35   72              PULS A,X,Y,U
    607  5+5   A3BD 36   32              PSHU A,X,Y
    608
    609  5+7   A3BF 35   72              PULS A,X,Y,U
    610  5+5   A3C1 36   32              PSHU A,X,Y
    611
    612  5+7   A3C3 35   72              PULS A,X,Y,U
    613  5+5   A3C5 36   32              PSHU A,X,Y
    614
    615  5+7   A3C7 35   72              PULS A,X,Y,U
    616  5+5   A3C9 36   32              PSHU A,X,Y
    617
    618  5+7   A3CB 35   72              PULS A,X,Y,U
    619  5+5   A3CD 36   32              PSHU A,X,Y
    620
    621  5+7   A3CF 35   72              PULS A,X,Y,U
    622  5+5   A3D1 36   32              PSHU A,X,Y
    623
    624  5+6   A3D3 35   56              PULS D,X,U
    625  5+4   A3D5 36   16              PSHU D,X
    626
    627  5+1   A3D7 35   02              PULS A
    628  4+1   A3D9 A7   45              STA 5,U
    629
    630  5+6   A3DB 35   56              PULS D,X,U
    631  5+4   A3DD 36   16              PSHU D,X
    632
    633  5+3   A3DF 35   12              PULS A,X
    634  4+1   A3E1 A7   45              STA 5,U
    635  5+1   A3E3 AF   C8 26           STX 38,U
    636
    637  5+6   A3E6 35   56              PULS D,X,U
    638  5+4   A3E8 36   16              PSHU D,X
    639
    640  5+3   A3EA 35   12              PULS A,X
    641  4+1   A3EC A7   45              STA 5,U
    642  5+1   A3EE AF   C8 26           STX 38,U
    643
    644  5+6   A3F1 35   56              PULS D,X,U
    645  5+4   A3F3 36   16              PSHU D,X
    646
    647  5+2   A3F5 35   06              PULS D
    648  5+1   A3F7 ED   C8 26           STD 38,U
    649
    650  5+7   A3FA 35   72              PULS A,X,Y,U
    651  5+5   A3FC 36   32              PSHU A,X,Y
    652
    653  5+2   A3FE 35   06              PULS D
    654  5+1   A400 ED   C8 26           STD 38,U
    655
    656  5+8   A403 35   76              PULS D,X,Y,U
    657  5+6   A405 36   36              PSHU D,X,Y
    658
    659  5+3   A407 35   12              PULS A,X
    660  4+1   A409 A7   46              STA 6,U
    661  5+1   A40B AF   C8 28           STX 40,U
    662
    663  5+8   A40E 35   76              PULS D,X,Y,U
    664  5+6   A410 36   36              PSHU D,X,Y
    665
    666  5+1   A412 35   02              PULS A
    667  4+1   A414 A7   46              STA 6,U
    668
    669  5+8   A416 35   76              PULS D,X,Y,U
    670  5+6   A418 36   36              PSHU D,X,Y
    671
    672  5+2   A41A 35   06              PULS D
    673  5+1   A41C ED   46              STD 6,U
    674
    675  5+8   A41E 35   76              PULS D,X,Y,U
    676  5+6   A420 36   36              PSHU D,X,Y
    677
    678  5+2   A422 35   06              PULS D
    679  5+1   A424 ED   46              STD 6,U
    680
    681  5+8   A426 35   76              PULS D,X,Y,U
    682  5+6   A428 36   36              PSHU D,X,Y
    683
    684  5+1   A42A 35   02              PULS A
    685  4+1   A42C A7   46              STA 6,U
    686
    687  5+5   A42E 35   52              PULS A,X,U
    688  5+3   A430 36   12              PSHU A,X
    689
    690  5+5   A432 35   52              PULS A,X,U
    691  5+3   A434 36   12              PSHU A,X
    692
    693  5+4   A436 35   16              PULS D,X
    694  5+1   A438 ED   C8 27           STD 39,U
    695  5+1   A43B AF   C8 25           STX 37,U
    696
    697  5+5   A43E 35   52              PULS A,X,U
    698  5+3   A440 36   12              PSHU A,X
    699
    700  5+5   A442 35   32              PULS A,X,Y
    701  4+1   A444 A7   C8 2A           STA 42,U
    702  5+1   A447 AF   C8 D8           STX -40,U
    703  6+1   A44A 10AF C8 B0           STY -80,U
    704
    705  5+4   A44E 35   16              PULS D,X
    706  5+1   A450 ED   C8 28           STD 40,U
    707  5+1   A453 AF   C8 DA           STX -38,U
    708
    709  5+6   A456 35   36              PULS A,B,X,Y
    710  4+1   A458 A7   C8 89           STA -119,U
    711  4+1   A45B E7   5C              STB -4,U
    712  5+1   A45D AF   C8 24           STX 36,U
    713  6+1   A460 10AF C8 4C           STY 76,U
    714
    715  5+4   A464 35   46              PULS A,B,U
    716  4+0   A466 A7   C4              STA ,U
    717  4+1   A468 E7   C8 28           STB 40,U
    718
    719  5+1   A46B 35   02              PULS A
    720  4+1   A46D A7   C8 D8           STA -40,U
    721
    722  4+0   A470 33   E4              LEAU ,S
    723        A472               ERASE_SSAV_Img_tails_5
    724  4     A472 10CE 0000            LDS #$0000
    725  5     A476 39                   RTS
    726
----------------
4175 cycle(s)
1143 byte(s)
----------------
    728
    729                  03F4     DataSize equ $03F4

000000 Total Errors

000004 Total Symbols
     0x          Equ   03F4 DataSize
     0x          Label A007 ERASE_CODE_Img_tails_5_1
     0x          Label A000 ERASE_Img_tails_5
     1x          Label A472 ERASE_SSAV_Img_tails_5

