/*--------------------------------------------------------------*
 * Compilé avec C6809 v0.83                                     *
 *--------------------------------------------------------------*
 * Fichier source      : ./Sonic2/GeneratedCode/TitleScreen/Img_islandMask_1_ND0.ASM
 * Fichier destination : ./Sonic2/GeneratedCode/TitleScreen/Img_islandMask_1_ND0.BIN
 * Contenu :
 *     Main     0:IMGD.ASM     3551
 *--------------------------------------------------------------*/

Macro Pass
Pass1
Pass2
      2        A000                      ORG $A000
      3                  FF              SETDP $FF
      4        A000               DRAW_Img_islandMask_1
      5  5+5   A000 ED   8D 0197         STD DYN_POS+1,PCR
      6  5+0   A004 EE   A4              LDU ,Y
      7  4+4   A006 33   C9 0381         LEAU 897,U
      8
      9  3     A00A CC   FFFF            LDD #$ffff
     10  3     A00D 8E   FFFF            LDX #$ffff
     11  4     A010 108E FFFF            LDY #$ffff
     12  5+6   A014 36   36              PSHU D,X,Y
     13  4+1   A016 A6   5A              LDA -6,U
     14  2     A018 84   F0              ANDA #$F0
     15  2     A01A 8A   0F              ORA #$0f
     16  4+1   A01C A7   5A              STA -6,U
     17  5+5   A01E 36   34              PSHU B,X,Y
     18  4+1   A020 33   C8 E3           LEAU -29,U
     19
     20  3     A023 CC   FFFF            LDD #$ffff
     21  5+6   A026 36   36              PSHU D,X,Y
     22  4+1   A028 A6   5A              LDA -6,U
     23  2     A02A 84   F0              ANDA #$F0
     24  2     A02C 8A   0F              ORA #$0f
     25  4+1   A02E A7   5A              STA -6,U
     26  5+5   A030 36   34              PSHU B,X,Y
     27  4+1   A032 33   C8 E3           LEAU -29,U
     28
     29  3     A035 CC   FFFF            LDD #$ffff
     30  5+6   A038 36   36              PSHU D,X,Y
     31  4+1   A03A A6   5A              LDA -6,U
     32  2     A03C 84   F0              ANDA #$F0
     33  2     A03E 8A   0F              ORA #$0f
     34  4+1   A040 A7   5A              STA -6,U
     35  5+5   A042 36   34              PSHU B,X,Y
     36  4+1   A044 33   C8 E3           LEAU -29,U
     37
     38  3     A047 CC   FFFF            LDD #$ffff
     39  5+6   A04A 36   36              PSHU D,X,Y
     40  4+1   A04C A6   5A              LDA -6,U
     41  2     A04E 84   F0              ANDA #$F0
     42  2     A050 8A   0F              ORA #$0f
     43  4+1   A052 A7   5A              STA -6,U
     44  5+5   A054 36   34              PSHU B,X,Y
     45  4+1   A056 33   C8 E3           LEAU -29,U
     46
     47  3     A059 CC   FFFF            LDD #$ffff
     48  5+6   A05C 36   36              PSHU D,X,Y
     49  4+1   A05E A6   5A              LDA -6,U
     50  2     A060 84   F0              ANDA #$F0
     51  2     A062 8A   0F              ORA #$0f
     52  4+1   A064 A7   5A              STA -6,U
     53  5+5   A066 36   34              PSHU B,X,Y
     54  4+1   A068 33   C8 E3           LEAU -29,U
     55
     56  3     A06B CC   FFFF            LDD #$ffff
     57  5+6   A06E 36   36              PSHU D,X,Y
     58  4+1   A070 A6   5A              LDA -6,U
     59  2     A072 84   F0              ANDA #$F0
     60  2     A074 8A   0F              ORA #$0f
     61  4+1   A076 A7   5A              STA -6,U
     62  5+5   A078 36   34              PSHU B,X,Y
     63  4+1   A07A 33   C8 E3           LEAU -29,U
     64
     65  3     A07D CC   FFFF            LDD #$ffff
     66  5+6   A080 36   36              PSHU D,X,Y
     67  4+1   A082 A6   5A              LDA -6,U
     68  2     A084 84   F0              ANDA #$F0
     69  2     A086 8A   0F              ORA #$0f
     70  4+1   A088 A7   5A              STA -6,U
     71  5+5   A08A 36   34              PSHU B,X,Y
     72  4+1   A08C 33   C8 E3           LEAU -29,U
     73
     74  3     A08F CC   FFFF            LDD #$ffff
     75  5+6   A092 36   36              PSHU D,X,Y
     76  4+1   A094 A6   5A              LDA -6,U
     77  2     A096 84   F0              ANDA #$F0
     78  2     A098 8A   0F              ORA #$0f
     79  4+1   A09A A7   5A              STA -6,U
     80  5+5   A09C 36   34              PSHU B,X,Y
     81  4+1   A09E 33   C8 E3           LEAU -29,U
     82
     83  3     A0A1 CC   FFFF            LDD #$ffff
     84  5+6   A0A4 36   36              PSHU D,X,Y
     85  4+1   A0A6 A6   5A              LDA -6,U
     86  2     A0A8 84   F0              ANDA #$F0
     87  2     A0AA 8A   0F              ORA #$0f
     88  4+1   A0AC A7   5A              STA -6,U
     89  5+5   A0AE 36   34              PSHU B,X,Y
     90  4+1   A0B0 33   C8 E3           LEAU -29,U
     91
     92  3     A0B3 CC   FFFF            LDD #$ffff
     93  5+6   A0B6 36   36              PSHU D,X,Y
     94  4+1   A0B8 A6   5A              LDA -6,U
     95  2     A0BA 84   F0              ANDA #$F0
     96  2     A0BC 8A   0F              ORA #$0f
     97  4+1   A0BE A7   5A              STA -6,U
     98  5+5   A0C0 36   34              PSHU B,X,Y
     99  4+1   A0C2 33   C8 E3           LEAU -29,U
    100
    101  3     A0C5 CC   FFFF            LDD #$ffff
    102  5+6   A0C8 36   36              PSHU D,X,Y
    103  4+1   A0CA A6   5A              LDA -6,U
    104  2     A0CC 84   F0              ANDA #$F0
    105  2     A0CE 8A   0F              ORA #$0f
    106  4+1   A0D0 A7   5A              STA -6,U
    107  5+5   A0D2 36   34              PSHU B,X,Y
    108  4+1   A0D4 33   C8 E3           LEAU -29,U
    109
    110  3     A0D7 CC   FFFF            LDD #$ffff
    111  5+6   A0DA 36   36              PSHU D,X,Y
    112  4+1   A0DC A6   5A              LDA -6,U
    113  2     A0DE 84   F0              ANDA #$F0
    114  2     A0E0 8A   0F              ORA #$0f
    115  4+1   A0E2 A7   5A              STA -6,U
    116  5+5   A0E4 36   34              PSHU B,X,Y
    117  4+1   A0E6 33   C8 E3           LEAU -29,U
    118
    119  3     A0E9 CC   FFFF            LDD #$ffff
    120  5+6   A0EC 36   36              PSHU D,X,Y
    121  4+1   A0EE A6   5A              LDA -6,U
    122  2     A0F0 84   F0              ANDA #$F0
    123  2     A0F2 8A   0F              ORA #$0f
    124  4+1   A0F4 A7   5A              STA -6,U
    125  5+5   A0F6 36   34              PSHU B,X,Y
    126  4+1   A0F8 33   C8 E3           LEAU -29,U
    127
    128  3     A0FB CC   FFFF            LDD #$ffff
    129  5+6   A0FE 36   36              PSHU D,X,Y
    130  4+1   A100 A6   5A              LDA -6,U
    131  2     A102 84   F0              ANDA #$F0
    132  2     A104 8A   0F              ORA #$0f
    133  4+1   A106 A7   5A              STA -6,U
    134  5+5   A108 36   34              PSHU B,X,Y
    135  4+1   A10A 33   C8 E3           LEAU -29,U
    136
    137  3     A10D CC   FFFF            LDD #$ffff
    138  5+6   A110 36   36              PSHU D,X,Y
    139  4+1   A112 A6   5A              LDA -6,U
    140  2     A114 84   F0              ANDA #$F0
    141  2     A116 8A   0F              ORA #$0f
    142  4+1   A118 A7   5A              STA -6,U
    143  5+5   A11A 36   34              PSHU B,X,Y
    144  4+1   A11C 33   C8 E3           LEAU -29,U
    145
    146  3     A11F CC   FFFF            LDD #$ffff
    147  5+6   A122 36   36              PSHU D,X,Y
    148  4+1   A124 A6   5A              LDA -6,U
    149  2     A126 84   F0              ANDA #$F0
    150  2     A128 8A   0F              ORA #$0f
    151  4+1   A12A A7   5A              STA -6,U
    152  5+5   A12C 36   34              PSHU B,X,Y
    153  4+1   A12E 33   C8 E3           LEAU -29,U
    154
    155  3     A131 CC   FFFF            LDD #$ffff
    156  5+6   A134 36   36              PSHU D,X,Y
    157  4+1   A136 A6   5A              LDA -6,U
    158  2     A138 84   F0              ANDA #$F0
    159  2     A13A 8A   0F              ORA #$0f
    160  4+1   A13C A7   5A              STA -6,U
    161  5+5   A13E 36   34              PSHU B,X,Y
    162  4+1   A140 33   C8 E3           LEAU -29,U
    163
    164  3     A143 CC   FFFF            LDD #$ffff
    165  5+6   A146 36   36              PSHU D,X,Y
    166  4+1   A148 A6   5A              LDA -6,U
    167  2     A14A 84   F0              ANDA #$F0
    168  2     A14C 8A   0F              ORA #$0f
    169  4+1   A14E A7   5A              STA -6,U
    170  5+5   A150 36   34              PSHU B,X,Y
    171  4+1   A152 33   C8 E3           LEAU -29,U
    172
    173  3     A155 CC   FFFF            LDD #$ffff
    174  5+6   A158 36   36              PSHU D,X,Y
    175  4+1   A15A A6   5A              LDA -6,U
    176  2     A15C 84   F0              ANDA #$F0
    177  2     A15E 8A   0F              ORA #$0f
    178  4+1   A160 A7   5A              STA -6,U
    179  5+5   A162 36   34              PSHU B,X,Y
    180  4+1   A164 33   C8 E3           LEAU -29,U
    181
    182  3     A167 CC   FFFF            LDD #$ffff
    183  5+6   A16A 36   36              PSHU D,X,Y
    184  4+1   A16C A6   5A              LDA -6,U
    185  2     A16E 84   F0              ANDA #$F0
    186  2     A170 8A   0F              ORA #$0f
    187  4+1   A172 A7   5A              STA -6,U
    188  5+5   A174 36   34              PSHU B,X,Y
    189  4+1   A176 33   C8 E3           LEAU -29,U
    190
    191  3     A179 CC   FFFF            LDD #$ffff
    192  5+6   A17C 36   36              PSHU D,X,Y
    193  4+1   A17E A6   5A              LDA -6,U
    194  2     A180 84   F0              ANDA #$F0
    195  2     A182 8A   0F              ORA #$0f
    196  4+1   A184 A7   5A              STA -6,U
    197  5+5   A186 36   34              PSHU B,X,Y
    198  4+1   A188 33   C8 E3           LEAU -29,U
    199
    200  3     A18B CC   FFFF            LDD #$ffff
    201  5+6   A18E 36   36              PSHU D,X,Y
    202  4+1   A190 A6   5A              LDA -6,U
    203  2     A192 84   F0              ANDA #$F0
    204  2     A194 8A   0F              ORA #$0f
    205  4+1   A196 A7   5A              STA -6,U
    206  5+5   A198 36   34              PSHU B,X,Y
    207        A19A               DYN_POS
    208
    209  3     A19A CE   0000            LDU #$0000
    210  4+4   A19D 33   C9 0381         LEAU 897,U
    211
    212  3     A1A1 CC   FFFF            LDD #$ffff
    213  3     A1A4 8E   FFFF            LDX #$ffff
    214  4     A1A7 108E FFFF            LDY #$ffff
    215  5+6   A1AB 36   36              PSHU D,X,Y
    216  5+6   A1AD 36   36              PSHU D,X,Y
    217  4+1   A1AF 33   C8 E4           LEAU -28,U
    218
    219  5+6   A1B2 36   36              PSHU D,X,Y
    220  5+6   A1B4 36   36              PSHU D,X,Y
    221  4+1   A1B6 33   C8 E4           LEAU -28,U
    222
    223  5+6   A1B9 36   36              PSHU D,X,Y
    224  5+6   A1BB 36   36              PSHU D,X,Y
    225  4+1   A1BD 33   C8 E4           LEAU -28,U
    226
    227  5+6   A1C0 36   36              PSHU D,X,Y
    228  5+6   A1C2 36   36              PSHU D,X,Y
    229  4+1   A1C4 33   C8 E4           LEAU -28,U
    230
    231  5+6   A1C7 36   36              PSHU D,X,Y
    232  5+6   A1C9 36   36              PSHU D,X,Y
    233  4+1   A1CB 33   C8 E4           LEAU -28,U
    234
    235  5+6   A1CE 36   36              PSHU D,X,Y
    236  5+6   A1D0 36   36              PSHU D,X,Y
    237  4+1   A1D2 33   C8 E4           LEAU -28,U
    238
    239  5+6   A1D5 36   36              PSHU D,X,Y
    240  5+6   A1D7 36   36              PSHU D,X,Y
    241  4+1   A1D9 33   C8 E4           LEAU -28,U
    242
    243  5+6   A1DC 36   36              PSHU D,X,Y
    244  5+6   A1DE 36   36              PSHU D,X,Y
    245  4+1   A1E0 33   C8 E4           LEAU -28,U
    246
    247  5+6   A1E3 36   36              PSHU D,X,Y
    248  5+6   A1E5 36   36              PSHU D,X,Y
    249  4+1   A1E7 33   C8 E4           LEAU -28,U
    250
    251  5+6   A1EA 36   36              PSHU D,X,Y
    252  5+6   A1EC 36   36              PSHU D,X,Y
    253  4+1   A1EE 33   C8 E4           LEAU -28,U
    254
    255  5+6   A1F1 36   36              PSHU D,X,Y
    256  5+6   A1F3 36   36              PSHU D,X,Y
    257  4+1   A1F5 33   C8 E4           LEAU -28,U
    258
    259  5+6   A1F8 36   36              PSHU D,X,Y
    260  5+6   A1FA 36   36              PSHU D,X,Y
    261  4+1   A1FC 33   C8 E4           LEAU -28,U
    262
    263  5+6   A1FF 36   36              PSHU D,X,Y
    264  5+6   A201 36   36              PSHU D,X,Y
    265  4+1   A203 33   C8 E4           LEAU -28,U
    266
    267  5+6   A206 36   36              PSHU D,X,Y
    268  5+6   A208 36   36              PSHU D,X,Y
    269  4+1   A20A 33   C8 E4           LEAU -28,U
    270
    271  5+6   A20D 36   36              PSHU D,X,Y
    272  5+6   A20F 36   36              PSHU D,X,Y
    273  4+1   A211 33   C8 E4           LEAU -28,U
    274
    275  5+6   A214 36   36              PSHU D,X,Y
    276  5+6   A216 36   36              PSHU D,X,Y
    277  4+1   A218 33   C8 E4           LEAU -28,U
    278
    279  5+6   A21B 36   36              PSHU D,X,Y
    280  5+6   A21D 36   36              PSHU D,X,Y
    281  4+1   A21F 33   C8 E4           LEAU -28,U
    282
    283  5+6   A222 36   36              PSHU D,X,Y
    284  5+6   A224 36   36              PSHU D,X,Y
    285  4+1   A226 33   C8 E4           LEAU -28,U
    286
    287  5+6   A229 36   36              PSHU D,X,Y
    288  5+6   A22B 36   36              PSHU D,X,Y
    289  4+1   A22D 33   C8 E4           LEAU -28,U
    290
    291  5+6   A230 36   36              PSHU D,X,Y
    292  5+6   A232 36   36              PSHU D,X,Y
    293  4+1   A234 33   C8 E4           LEAU -28,U
    294
    295  5+6   A237 36   36              PSHU D,X,Y
    296  5+6   A239 36   36              PSHU D,X,Y
    297  4+1   A23B 33   C8 E4           LEAU -28,U
    298
    299  5+6   A23E 36   36              PSHU D,X,Y
    300  5+6   A240 36   36              PSHU D,X,Y
    301  5     A242 39                   RTS
    302
----------------
1586 cycle(s)
579 byte(s)
----------------
    304

000000 Total Errors

000002 Total Symbols
     0x          Label A000 DRAW_Img_islandMask_1
     1x          Label A19A DYN_POS

