/*--------------------------------------------------------------*
 * Compilé avec C6809 v0.83                                     *
 *--------------------------------------------------------------*
 * Fichier source      : ./Sonic2/GeneratedCode/TitleScreen/Img_islandWater13_NB0.ASM
 * Fichier destination : ./Sonic2/GeneratedCode/TitleScreen/Img_islandWater13_NB0.BIN
 * Contenu :
 *     Main     0:IMGD.ASM     334
 *--------------------------------------------------------------*/

Macro Pass
Pass1
Pass2
      2        A000                      ORG $A000
      3                  FF              SETDP $FF
      4        A000               BCKDRAW_Img_islandWater13
      5  6+5   A000 10EF 8D 0023         STS SSAV_Img_islandWater13+1,PCR
      6
      7  5+5   A005 ED   8D 0019         STD DYN_POS+1,PCR
      8  4+0   A009 32   C4              LEAS ,U
      9  5+0   A00B EE   A4              LDU ,Y
     10  4+4   A00D 33   C9 0483         LEAU 1155,U
     11
     12  4+1   A011 A6   5F              LDA -1,U
     13  4+1   A013 E6   41              LDB 1,U
     14  5+4   A015 34   46              PSHS U,B,A
     15  2     A017 C4   F0              ANDB #$F0
     16  2     A019 CA   02              ORB #$02
     17  4+1   A01B E7   41              STB 1,U
     18  2     A01D 86   22              LDA #$22
     19  4+1   A01F A7   5F              STA -1,U
     20        A021               DYN_POS
     21
     22  3     A021 CE   0000            LDU #$0000
     23  4+0   A024 33   E4              LEAU ,S
     24        A026               SSAV_Img_islandWater13
     25  4     A026 10CE 0000            LDS #$0000
     26  5     A02A 39                   RTS
     27
----------------
89 cycle(s)
43 byte(s)
----------------
     29

000000 Total Errors

000003 Total Symbols
     0x          Label A000 BCKDRAW_Img_islandWater13
     1x          Label A021 DYN_POS
     1x          Label A026 SSAV_Img_islandWater13

