/*--------------------------------------------------------------*
 * Compilé avec C6809 v0.83                                     *
 *--------------------------------------------------------------*
 * Fichier source      : ./Sonic2/GeneratedCode/TitleScreen/Img_islandWater04_NB0.ASM
 * Fichier destination : ./Sonic2/GeneratedCode/TitleScreen/Img_islandWater04_NB0.BIN
 * Contenu :
 *     Main     0:IMGD.ASM     1432
 *--------------------------------------------------------------*/

Macro Pass
Pass1
Pass2
      2        A000                      ORG $A000
      3                  FF              SETDP $FF
      4        A000               BCKDRAW_Img_islandWater04
      5  6+5   A000 10EF 8D 00E1         STS SSAV_Img_islandWater04+1,PCR
      6
      7  5+5   A005 ED   8D 007E         STD DYN_POS+1,PCR
      8  4+0   A009 32   C4              LEAS ,U
      9  5+0   A00B EE   A4              LDU ,Y
     10  4+4   A00D 33   C9 0311         LEAU 785,U
     11
     12  4+1   A011 A6   44              LDA 4,U
     13  4+1   A013 E6   5E              LDB -2,U
     14  5+2   A015 34   06              PSHS B,A
     15  2     A017 C4   F0              ANDB #$F0
     16  2     A019 CA   0C              ORB #$0c
     17  4+1   A01B E7   5E              STB -2,U
     18  2     A01D 86   CC              LDA #$cc
     19  4+1   A01F A7   44              STA 4,U
     20  5+3   A021 37   12              PULU A,X
     21  5+5   A023 34   52              PSHS U,X,A
     22  2     A025 86   CC              LDA #$cc
     23  3     A027 8E   2CCC            LDX #$2ccc
     24  5+3   A02A 36   12              PSHU A,X
     25  4+1   A02C 33   46              LEAU 6,U
     26
     27  5+1   A02E EC   45              LDD 5,U
     28  5+2   A030 34   06              PSHS D
     29  2     A032 84   0F              ANDA #$0F
     30  2     A034 8A   D0              ORA #$d0
     31  2     A036 C6   2B              LDB #$2b
     32  5+1   A038 ED   45              STD 5,U
     33  5+5   A03A 37   32              PULU A,X,Y
     34  5+7   A03C 34   72              PSHS U,Y,X,A
     35  2     A03E 86   CC              LDA #$cc
     36  3     A040 8E   C2C2            LDX #$c2c2
     37  4     A043 108E B2BD            LDY #$b2bd
     38  5+5   A047 36   32              PSHU A,X,Y
     39  4+1   A049 33   47              LEAU 7,U
     40
     41  5+3   A04B 37   12              PULU A,X
     42  5+5   A04D 34   52              PSHS U,X,A
     43  2     A04F 86   22              LDA #$22
     44  3     A051 8E   822C            LDX #$822c
     45  5+3   A054 36   12              PSHU A,X
     46  4+1   A056 33   44              LEAU 4,U
     47
     48  5+3   A058 37   12              PULU A,X
     49  5+5   A05A 34   52              PSHS U,X,A
     50  2     A05C 86   2C              LDA #$2c
     51  3     A05E 8E   CCCC            LDX #$cccc
     52  5+3   A061 36   12              PSHU A,X
     53  4+1   A063 33   44              LEAU 4,U
     54
     55  4+1   A065 A6   44              LDA 4,U
     56  4+1   A067 E6   46              LDB 6,U
     57  5+2   A069 34   06              PSHS B,A
     58  2     A06B C4   0F              ANDB #$0F
     59  2     A06D CA   C0              ORB #$c0
     60  4+1   A06F E7   46              STB 6,U
     61  4+1   A071 A6   48              LDA 8,U
     62  5+1   A073 34   02              PSHS A
     63  2     A075 86   CC              LDA #$cc
     64  4+1   A077 A7   44              STA 4,U
     65  4+1   A079 A7   48              STA 8,U
     66  5+3   A07B 37   12              PULU A,X
     67  5+5   A07D 34   52              PSHS U,X,A
     68  2     A07F 86   CC              LDA #$cc
     69  3     A081 8E   2CCC            LDX #$2ccc
     70  5+3   A084 36   12              PSHU A,X
     71        A086               DYN_POS
     72
     73  3     A086 CE   0000            LDU #$0000
     74  4+4   A089 33   C9 0319         LEAU 793,U
     75
     76  5+1   A08D EC   58              LDD -8,U
     77  5+2   A08F 34   06              PSHS D
     78  2     A091 84   F0              ANDA #$F0
     79  2     A093 8A   0C              ORA #$0c
     80  2     A095 C6   2C              LDB #$2c
     81  5+1   A097 ED   58              STD -8,U
     82  5+1   A099 EC   44              LDD 4,U
     83  5+2   A09B 34   06              PSHS D
     84  2     A09D 84   F0              ANDA #$F0
     85  2     A09F 8A   08              ORA #$08
     86  2     A0A1 C6   D2              LDB #$d2
     87  5+1   A0A3 ED   44              STD 4,U
     88  5+1   A0A5 EC   48              LDD 8,U
     89  5+2   A0A7 34   06              PSHS D
     90  2     A0A9 84   F0              ANDA #$F0
     91  2     A0AB 8A   0C              ORA #$0c
     92  2     A0AD C6   2C              LDB #$2c
     93  5+1   A0AF ED   48              STD 8,U
     94  5+1   A0B1 EC   4D              LDD 13,U
     95  5+2   A0B3 34   06              PSHS D
     96  2     A0B5 84   F0              ANDA #$F0
     97  2     A0B7 8A   0C              ORA #$0c
     98  2     A0B9 C6   2C              LDB #$2c
     99  5+1   A0BB ED   4D              STD 13,U
    100  5+1   A0BD EC   5E              LDD -2,U
    101  5+2   A0BF 34   06              PSHS D
    102  2     A0C1 84   F0              ANDA #$F0
    103  2     A0C3 C4   F0              ANDB #$F0
    104  4     A0C5 C3   0C0C            ADDD #$0c0c
    105  5+1   A0C8 ED   5E              STD -2,U
    106  5+1   A0CA EC   46              LDD 6,U
    107  5+2   A0CC 34   06              PSHS D
    108  2     A0CE 86   22              LDA #$22
    109  2     A0D0 C4   0F              ANDB #$0F
    110  2     A0D2 CA   C0              ORB #$c0
    111  5+1   A0D4 ED   46              STD 6,U
    112  5+4   A0D6 37   30              PULU X,Y
    113  5+6   A0D8 34   70              PSHS U,Y,X
    114  3     A0DA CC   80DD            LDD #$80dd
    115  3     A0DD 8E   022D            LDX #$022d
    116  5+4   A0E0 36   16              PSHU D,X
    117  4+0   A0E2 33   E4              LEAU ,S
    118        A0E4               SSAV_Img_islandWater04
    119  4     A0E4 10CE 0000            LDS #$0000
    120  5     A0E8 39                   RTS
    121
----------------
541 cycle(s)
233 byte(s)
----------------
    123

000000 Total Errors

000003 Total Symbols
     0x          Label A000 BCKDRAW_Img_islandWater04
     1x          Label A086 DYN_POS
     1x          Label A0E4 SSAV_Img_islandWater04

