/*--------------------------------------------------------------*
 * Compilé avec C6809 v0.83                                     *
 *--------------------------------------------------------------*
 * Fichier source      : ./Sonic2/GeneratedCode/TitleScreen/Img_tails_1_NB0_Erase.ASM
 * Fichier destination : ./Sonic2/GeneratedCode/TitleScreen/Img_tails_1_NB0_Erase.BIN
 * Contenu :
 *     Main     0:IMGE.ASM     5660
 *--------------------------------------------------------------*/

Macro Pass
Pass1
Pass2
      2        A000                      ORG $A000
      3                  FF              SETDP $FF
      4        A000               ERASE_Img_tails_1
      5  6+5   A000 10EF 8D 0366         STS ERASE_SSAV_Img_tails_1+1,PCR
      6
      7  4+0   A005 32   C4              LEAS ,U
      8        A007               ERASE_CODE_Img_tails_1_1
      9  5+5   A007 35   52              PULS A,X,U
     10  5+3   A009 36   12              PSHU A,X
     11
     12  5+5   A00B 35   52              PULS A,X,U
     13  5+3   A00D 36   12              PSHU A,X
     14
     15  5+5   A00F 35   52              PULS A,X,U
     16  5+3   A011 36   12              PSHU A,X
     17
     18  5+1   A013 35   02              PULS A
     19  4+1   A015 A7   43              STA 3,U
     20
     21  5+5   A017 35   52              PULS A,X,U
     22  5+3   A019 36   12              PSHU A,X
     23
     24  5+1   A01B 35   02              PULS A
     25  4+1   A01D A7   43              STA 3,U
     26
     27  5+5   A01F 35   52              PULS A,X,U
     28  5+3   A021 36   12              PSHU A,X
     29
     30  5+1   A023 35   02              PULS A
     31  4+1   A025 A7   43              STA 3,U
     32
     33  5+5   A027 35   52              PULS A,X,U
     34  5+3   A029 36   12              PSHU A,X
     35
     36  5+1   A02B 35   02              PULS A
     37  4+1   A02D A7   43              STA 3,U
     38
     39  5+5   A02F 35   52              PULS A,X,U
     40  5+3   A031 36   12              PSHU A,X
     41
     42  5+1   A033 35   02              PULS A
     43  4+1   A035 A7   43              STA 3,U
     44
     45  5+5   A037 35   52              PULS A,X,U
     46  5+3   A039 36   12              PSHU A,X
     47
     48  5+1   A03B 35   02              PULS A
     49  4+1   A03D A7   43              STA 3,U
     50
     51  5+5   A03F 35   52              PULS A,X,U
     52  5+3   A041 36   12              PSHU A,X
     53
     54  5+1   A043 35   02              PULS A
     55  4+1   A045 A7   43              STA 3,U
     56
     57  5+6   A047 35   56              PULS D,X,U
     58  5+4   A049 36   16              PSHU D,X
     59
     60  5+6   A04B 35   56              PULS D,X,U
     61  5+4   A04D 36   16              PSHU D,X
     62
     63  5+6   A04F 35   56              PULS D,X,U
     64  5+4   A051 36   16              PSHU D,X
     65
     66  5+6   A053 35   56              PULS D,X,U
     67  5+4   A055 36   16              PSHU D,X
     68
     69  5+6   A057 35   56              PULS D,X,U
     70  5+4   A059 36   16              PSHU D,X
     71
     72  5+6   A05B 35   56              PULS D,X,U
     73  5+4   A05D 36   16              PSHU D,X
     74
     75  5+5   A05F 35   52              PULS A,X,U
     76  5+3   A061 36   12              PSHU A,X
     77
     78  5+6   A063 35   56              PULS D,X,U
     79  5+4   A065 36   16              PSHU D,X
     80
     81  5+2   A067 35   06              PULS D
     82  5+1   A069 ED   C8 27           STD 39,U
     83
     84  5+7   A06C 35   72              PULS A,X,Y,U
     85  5+5   A06E 36   32              PSHU A,X,Y
     86
     87  5+2   A070 35   06              PULS D
     88  5+1   A072 ED   C8 27           STD 39,U
     89
     90  5+7   A075 35   72              PULS A,X,Y,U
     91  5+5   A077 36   32              PSHU A,X,Y
     92
     93  5+6   A079 35   56              PULS D,X,U
     94  5+4   A07B 36   16              PSHU D,X
     95
     96  5+5   A07D 35   52              PULS A,X,U
     97  5+3   A07F 36   12              PSHU A,X
     98
     99  5+3   A081 35   12              PULS A,X
    100  4+1   A083 A7   43              STA 3,U
    101  5+1   A085 AF   C8 26           STX 38,U
    102
    103  5+5   A088 35   52              PULS A,X,U
    104  5+3   A08A 36   12              PSHU A,X
    105
    106  5+3   A08C 35   12              PULS A,X
    107  4+1   A08E A7   43              STA 3,U
    108  5+1   A090 AF   C8 26           STX 38,U
    109
    110  5+6   A093 35   56              PULS D,X,U
    111  5+4   A095 36   16              PSHU D,X
    112
    113  5+3   A097 35   12              PULS A,X
    114  4+1   A099 A7   44              STA 4,U
    115  5+1   A09B AF   C8 27           STX 39,U
    116
    117  5+5   A09E 35   52              PULS A,X,U
    118  5+3   A0A0 36   12              PSHU A,X
    119
    120  5+5   A0A2 35   52              PULS A,X,U
    121  5+3   A0A4 36   12              PSHU A,X
    122
    123  5+2   A0A6 35   06              PULS D
    124  5+1   A0A8 ED   C8 26           STD 38,U
    125
    126  5+5   A0AB 35   52              PULS A,X,U
    127  5+3   A0AD 36   12              PSHU A,X
    128
    129  5+3   A0AF 35   12              PULS A,X
    130  4+1   A0B1 A7   43              STA 3,U
    131  5+1   A0B3 AF   C8 26           STX 38,U
    132
    133  5+6   A0B6 35   56              PULS D,X,U
    134  5+4   A0B8 36   16              PSHU D,X
    135
    136  5+3   A0BA 35   12              PULS A,X
    137  4+1   A0BC A7   44              STA 4,U
    138  5+1   A0BE AF   C8 27           STX 39,U
    139
    140  5+6   A0C1 35   56              PULS D,X,U
    141  5+4   A0C3 36   16              PSHU D,X
    142
    143  5+1   A0C5 35   02              PULS A
    144  4+1   A0C7 A7   C8 26           STA 38,U
    145
    146  5+7   A0CA 35   72              PULS A,X,Y,U
    147  5+5   A0CC 36   32              PSHU A,X,Y
    148
    149  5+1   A0CE 35   02              PULS A
    150  4+1   A0D0 A7   C8 26           STA 38,U
    151
    152  5+7   A0D3 35   72              PULS A,X,Y,U
    153  5+5   A0D5 36   32              PSHU A,X,Y
    154
    155  5+1   A0D7 35   02              PULS A
    156  4+1   A0D9 A7   C8 26           STA 38,U
    157
    158  5+6   A0DC 35   56              PULS D,X,U
    159  5+4   A0DE 36   16              PSHU D,X
    160
    161  5+2   A0E0 35   06              PULS A,B
    162  4+1   A0E2 A7   C8 26           STA 38,U
    163  4+1   A0E5 E7   44              STB 4,U
    164
    165  5+6   A0E7 35   56              PULS D,X,U
    166  5+4   A0E9 36   16              PSHU D,X
    167
    168  5+2   A0EB 35   06              PULS A,B
    169  4+1   A0ED A7   C8 26           STA 38,U
    170  4+1   A0F0 E7   44              STB 4,U
    171
    172  5+6   A0F2 35   56              PULS D,X,U
    173  5+4   A0F4 36   16              PSHU D,X
    174
    175  5+7   A0F6 35   72              PULS A,X,Y,U
    176  5+5   A0F8 36   32              PSHU A,X,Y
    177
    178  5+6   A0FA 35   56              PULS D,X,U
    179  5+4   A0FC 36   16              PSHU D,X
    180
    181  5+1   A0FE 35   02              PULS A
    182  4+1   A100 A7   C8 26           STA 38,U
    183
    184  5+6   A103 35   56              PULS D,X,U
    185  5+4   A105 36   16              PSHU D,X
    186
    187  5+2   A107 35   06              PULS A,B
    188  4+1   A109 A7   C8 26           STA 38,U
    189  4+1   A10C E7   44              STB 4,U
    190
    191  5+7   A10E 35   72              PULS A,X,Y,U
    192  5+5   A110 36   32              PSHU A,X,Y
    193
    194  5+2   A112 35   06              PULS D
    195  5+1   A114 ED   C8 26           STD 38,U
    196
    197  5+6   A117 35   56              PULS D,X,U
    198  5+4   A119 36   16              PSHU D,X
    199
    200  5+2   A11B 35   06              PULS D
    201  5+1   A11D ED   C8 26           STD 38,U
    202
    203  5+6   A120 35   56              PULS D,X,U
    204  5+4   A122 36   16              PSHU D,X
    205
    206  5+2   A124 35   06              PULS D
    207  5+1   A126 ED   C8 26           STD 38,U
    208
    209  5+6   A129 35   56              PULS D,X,U
    210  5+4   A12B 36   16              PSHU D,X
    211
    212  5+2   A12D 35   06              PULS D
    213  5+1   A12F ED   C8 26           STD 38,U
    214
    215  5+6   A132 35   56              PULS D,X,U
    216  5+4   A134 36   16              PSHU D,X
    217
    218  5+2   A136 35   06              PULS D
    219  5+1   A138 ED   C8 26           STD 38,U
    220
    221  5+6   A13B 35   56              PULS D,X,U
    222  5+4   A13D 36   16              PSHU D,X
    223
    224  5+3   A13F 35   12              PULS A,X
    225  4+1   A141 A7   44              STA 4,U
    226  5+1   A143 AF   C8 26           STX 38,U
    227
    228  5+8   A146 35   76              PULS D,X,Y,U
    229  5+6   A148 36   36              PSHU D,X,Y
    230
    231  5+2   A14A 35   06              PULS D
    232  5+1   A14C ED   C8 28           STD 40,U
    233
    234  5+6   A14F 35   56              PULS D,X,U
    235  5+4   A151 36   16              PSHU D,X
    236
    237  5+6   A153 35   56              PULS D,X,U
    238  5+4   A155 36   16              PSHU D,X
    239
    240  5+2   A157 35   06              PULS D
    241  5+1   A159 ED   C8 26           STD 38,U
    242
    243  5+6   A15C 35   56              PULS D,X,U
    244  5+4   A15E 36   16              PSHU D,X
    245
    246  5+2   A160 35   06              PULS D
    247  5+1   A162 ED   C8 26           STD 38,U
    248
    249  5+6   A165 35   56              PULS D,X,U
    250  5+4   A167 36   16              PSHU D,X
    251
    252  5+2   A169 35   06              PULS D
    253  5+1   A16B ED   C8 26           STD 38,U
    254
    255  5+6   A16E 35   56              PULS D,X,U
    256  5+4   A170 36   16              PSHU D,X
    257
    258  5+2   A172 35   06              PULS D
    259  5+1   A174 ED   C8 26           STD 38,U
    260
    261  5+6   A177 35   56              PULS D,X,U
    262  5+4   A179 36   16              PSHU D,X
    263
    264  5+2   A17B 35   06              PULS D
    265  5+1   A17D ED   C8 26           STD 38,U
    266
    267  5+6   A180 35   56              PULS D,X,U
    268  5+4   A182 36   16              PSHU D,X
    269
    270  5+2   A184 35   06              PULS D
    271  5+1   A186 ED   C8 26           STD 38,U
    272
    273  5+6   A189 35   56              PULS D,X,U
    274  5+4   A18B 36   16              PSHU D,X
    275
    276  5+2   A18D 35   06              PULS D
    277  5+1   A18F ED   C8 26           STD 38,U
    278
    279  5+6   A192 35   56              PULS D,X,U
    280  5+4   A194 36   16              PSHU D,X
    281
    282  5+1   A196 35   02              PULS A
    283  4+1   A198 A7   C8 26           STA 38,U
    284
    285  5+6   A19B 35   56              PULS D,X,U
    286  5+4   A19D 36   16              PSHU D,X
    287
    288  5+6   A19F 35   56              PULS D,X,U
    289  5+4   A1A1 36   16              PSHU D,X
    290
    291  5+5   A1A3 35   52              PULS A,X,U
    292  5+3   A1A5 36   12              PSHU A,X
    293
    294  5+4   A1A7 35   16              PULS D,X
    295  5+1   A1A9 ED   C8 27           STD 39,U
    296  5+1   A1AC AF   C8 29           STX 41,U
    297
    298  5+5   A1AF 35   52              PULS A,X,U
    299  5+3   A1B1 36   12              PSHU A,X
    300
    301  5+2   A1B3 35   06              PULS D
    302  5+1   A1B5 ED   C8 D8           STD -40,U
    303
    304  5+5   A1B8 35   32              PULS A,X,Y
    305  4+1   A1BA A7   C8 DA           STA -38,U
    306  5+1   A1BD AF   C8 89           STX -119,U
    307  6+1   A1C0 10AF C8 B1           STY -79,U
    308
    309  5+4   A1C4 35   46              PULS A,B,U
    310  4+1   A1C6 A7   C8 EC           STA -20,U
    311  4+1   A1C9 E7   C8 14           STB 20,U
    312
    313  5+2   A1CC 35   06              PULS D
    314  5+1   A1CE ED   C8 3B           STD 59,U
    315
    316  5+1   A1D1 35   02              PULS A
    317  4+1   A1D3 A7   C8 C4           STA -60,U
    318
    319  5+6   A1D6 35   56              PULS D,X,U
    320  5+4   A1D8 36   16              PSHU D,X
    321
    322  5+6   A1DA 35   56              PULS D,X,U
    323  5+4   A1DC 36   16              PSHU D,X
    324
    325  5+6   A1DE 35   36              PULS D,X,Y
    326  5+1   A1E0 ED   C8 DA           STD -38,U
    327  5+1   A1E3 AF   C8 8A           STX -118,U
    328  6+1   A1E6 10AF C8 B2           STY -78,U
    329
    330  5+6   A1EA 35   36              PULS D,X,Y
    331  5+1   A1EC ED   C8 D8           STD -40,U
    332  5+1   A1EF AF   C8 B0           STX -80,U
    333  6+1   A1F2 10AF C8 88           STY -120,U
    334
    335  5+6   A1F6 35   56              PULS D,X,U
    336  5+4   A1F8 36   16              PSHU D,X
    337
    338  5+6   A1FA 35   36              PULS D,X,Y
    339  5+1   A1FC ED   C8 7A           STD 122,U
    340  5+1   A1FF AF   C8 2A           STX 42,U
    341  6+1   A202 10AF C8 52           STY 82,U
    342
    343  5+6   A206 35   36              PULS D,X,Y
    344  5+1   A208 ED   C8 78           STD 120,U
    345  5+1   A20B AF   C8 50           STX 80,U
    346  6+1   A20E 10AF C8 28           STY 40,U
    347
    348  5+6   A212 35   56              PULS D,X,U
    349  5+4   A214 36   16              PSHU D,X
    350
    351  5+6   A216 35   56              PULS D,X,U
    352  5+4   A218 36   16              PSHU D,X
    353
    354  5+6   A21A 35   56              PULS D,X,U
    355  5+4   A21C 36   16              PSHU D,X
    356
    357  5+6   A21E 35   56              PULS D,X,U
    358  5+4   A220 36   16              PSHU D,X
    359
    360  5+5   A222 35   52              PULS A,X,U
    361  5+3   A224 36   12              PSHU A,X
    362
    363  5+5   A226 35   52              PULS A,X,U
    364  5+3   A228 36   12              PSHU A,X
    365
    366  5+2   A22A 35   06              PULS D
    367  5+1   A22C ED   C8 26           STD 38,U
    368
    369  5+7   A22F 35   72              PULS A,X,Y,U
    370  5+5   A231 36   32              PSHU A,X,Y
    371
    372  5+2   A233 35   06              PULS D
    373  5+1   A235 ED   C8 28           STD 40,U
    374
    375  5+5   A238 35   52              PULS A,X,U
    376  5+3   A23A 36   12              PSHU A,X
    377
    378  5+5   A23C 35   52              PULS A,X,U
    379  5+3   A23E 36   12              PSHU A,X
    380
    381  5+2   A240 35   06              PULS D
    382  5+1   A242 ED   C8 26           STD 38,U
    383
    384  5+7   A245 35   72              PULS A,X,Y,U
    385  5+5   A247 36   32              PSHU A,X,Y
    386
    387  5+2   A249 35   06              PULS D
    388  5+1   A24B ED   C8 28           STD 40,U
    389
    390  5+7   A24E 35   72              PULS A,X,Y,U
    391  5+5   A250 36   32              PSHU A,X,Y
    392
    393  5+7   A252 35   72              PULS A,X,Y,U
    394  5+5   A254 36   32              PSHU A,X,Y
    395
    396  5+7   A256 35   72              PULS A,X,Y,U
    397  5+5   A258 36   32              PSHU A,X,Y
    398
    399  5+7   A25A 35   72              PULS A,X,Y,U
    400  5+5   A25C 36   32              PSHU A,X,Y
    401
    402  5+7   A25E 35   72              PULS A,X,Y,U
    403  5+5   A260 36   32              PSHU A,X,Y
    404
    405  5+6   A262 35   56              PULS D,X,U
    406  5+4   A264 36   16              PSHU D,X
    407
    408  5+7   A266 35   72              PULS A,X,Y,U
    409  5+5   A268 36   32              PSHU A,X,Y
    410
    411  5+7   A26A 35   72              PULS A,X,Y,U
    412  5+5   A26C 36   32              PSHU A,X,Y
    413
    414  5+6   A26E 35   56              PULS D,X,U
    415  5+4   A270 36   16              PSHU D,X
    416
    417  5+6   A272 35   56              PULS D,X,U
    418  5+4   A274 36   16              PSHU D,X
    419
    420  5+6   A276 35   56              PULS D,X,U
    421  5+4   A278 36   16              PSHU D,X
    422
    423  5+5   A27A 35   52              PULS A,X,U
    424  5+3   A27C 36   12              PSHU A,X
    425
    426  5+1   A27E 35   02              PULS A
    427  4+1   A280 A7   C8 24           STA 36,U
    428
    429  5+5   A283 35   52              PULS A,X,U
    430  5+3   A285 36   12              PSHU A,X
    431
    432  5+3   A287 35   12              PULS A,X
    433  4+1   A289 A7   C8 24           STA 36,U
    434  5+1   A28C AF   C8 26           STX 38,U
    435
    436  5+5   A28F 35   52              PULS A,X,U
    437  5+3   A291 36   12              PSHU A,X
    438
    439  5+4   A293 35   16              PULS D,X
    440  5+1   A295 ED   C8 26           STD 38,U
    441  5+1   A298 AF   C8 24           STX 36,U
    442
    443  5+6   A29B 35   56              PULS D,X,U
    444  5+4   A29D 36   16              PSHU D,X
    445
    446  5+4   A29F 35   16              PULS D,X
    447  5+1   A2A1 ED   C8 27           STD 39,U
    448  5+1   A2A4 AF   C8 25           STX 37,U
    449
    450  5+6   A2A7 35   56              PULS D,X,U
    451  5+4   A2A9 36   16              PSHU D,X
    452
    453  5+2   A2AB 35   06              PULS D
    454  5+1   A2AD ED   C8 26           STD 38,U
    455
    456  5+7   A2B0 35   72              PULS A,X,Y,U
    457  5+5   A2B2 36   32              PSHU A,X,Y
    458
    459  5+2   A2B4 35   06              PULS D
    460  5+1   A2B6 ED   C8 27           STD 39,U
    461
    462  5+7   A2B9 35   72              PULS A,X,Y,U
    463  5+5   A2BB 36   32              PSHU A,X,Y
    464
    465  5+2   A2BD 35   06              PULS D
    466  5+1   A2BF ED   C8 26           STD 38,U
    467
    468  5+5   A2C2 35   52              PULS A,X,U
    469  5+3   A2C4 36   12              PSHU A,X
    470
    471  5+3   A2C6 35   12              PULS A,X
    472  4+1   A2C8 A7   43              STA 3,U
    473  5+1   A2CA AF   C8 25           STX 37,U
    474
    475  5+7   A2CD 35   72              PULS A,X,Y,U
    476  5+5   A2CF 36   32              PSHU A,X,Y
    477
    478  5+2   A2D1 35   06              PULS D
    479  5+1   A2D3 ED   C8 27           STD 39,U
    480
    481  5+7   A2D6 35   72              PULS A,X,Y,U
    482  5+5   A2D8 36   32              PSHU A,X,Y
    483
    484  5+2   A2DA 35   06              PULS D
    485  5+1   A2DC ED   C8 26           STD 38,U
    486
    487  5+7   A2DF 35   72              PULS A,X,Y,U
    488  5+5   A2E1 36   32              PSHU A,X,Y
    489
    490  5+2   A2E3 35   06              PULS D
    491  5+1   A2E5 ED   C8 26           STD 38,U
    492
    493  5+8   A2E8 35   76              PULS D,X,Y,U
    494  5+6   A2EA 36   36              PSHU D,X,Y
    495
    496  5+2   A2EC 35   06              PULS D
    497  5+1   A2EE ED   C8 27           STD 39,U
    498
    499  5+7   A2F1 35   72              PULS A,X,Y,U
    500  5+5   A2F3 36   32              PSHU A,X,Y
    501
    502  5+1   A2F5 35   02              PULS A
    503  4+1   A2F7 A7   45              STA 5,U
    504
    505  5+7   A2F9 35   72              PULS A,X,Y,U
    506  5+5   A2FB 36   32              PSHU A,X,Y
    507
    508  5+1   A2FD 35   02              PULS A
    509  4+1   A2FF A7   45              STA 5,U
    510
    511  5+7   A301 35   72              PULS A,X,Y,U
    512  5+5   A303 36   32              PSHU A,X,Y
    513
    514  5+1   A305 35   02              PULS A
    515  4+1   A307 A7   45              STA 5,U
    516
    517  5+8   A309 35   76              PULS D,X,Y,U
    518  5+6   A30B 36   36              PSHU D,X,Y
    519
    520  5+8   A30D 35   76              PULS D,X,Y,U
    521  5+6   A30F 36   36              PSHU D,X,Y
    522
    523  5+8   A311 35   76              PULS D,X,Y,U
    524  5+6   A313 36   36              PSHU D,X,Y
    525
    526  5+8   A315 35   76              PULS D,X,Y,U
    527  5+6   A317 36   36              PSHU D,X,Y
    528
    529  5+8   A319 35   76              PULS D,X,Y,U
    530  5+6   A31B 36   36              PSHU D,X,Y
    531
    532  5+6   A31D 35   56              PULS D,X,U
    533  5+4   A31F 36   16              PSHU D,X
    534
    535  5+5   A321 35   52              PULS A,X,U
    536  5+3   A323 36   12              PSHU A,X
    537
    538  5+2   A325 35   06              PULS D
    539  5+1   A327 ED   C8 25           STD 37,U
    540
    541  5+6   A32A 35   56              PULS D,X,U
    542  5+4   A32C 36   16              PSHU D,X
    543
    544  5+2   A32E 35   06              PULS D
    545  5+1   A330 ED   C8 27           STD 39,U
    546
    547  5+6   A333 35   56              PULS D,X,U
    548  5+4   A335 36   16              PSHU D,X
    549
    550  5+6   A337 35   56              PULS D,X,U
    551  5+4   A339 36   16              PSHU D,X
    552
    553  5+6   A33B 35   56              PULS D,X,U
    554  5+4   A33D 36   16              PSHU D,X
    555
    556  5+5   A33F 35   52              PULS A,X,U
    557  5+3   A341 36   12              PSHU A,X
    558
    559  5+5   A343 35   32              PULS A,X,Y
    560  4+1   A345 A7   C8 DA           STA -38,U
    561  5+1   A348 AF   C8 29           STX 41,U
    562  6+1   A34B 10AF C8 27           STY 39,U
    563
    564  5+6   A34F 35   36              PULS D,X,Y
    565  5+1   A351 ED   C8 D8           STD -40,U
    566  5+1   A354 AF   C8 89           STX -119,U
    567  6+1   A357 10AF C8 B1           STY -79,U
    568
    569  5+5   A35B 35   52              PULS A,X,U
    570  4+1   A35D A7   C8 D8           STA -40,U
    571  5+1   A360 AF   C8 27           STX 39,U
    572
    573  5+2   A363 35   06              PULS D
    574  5+1   A365 ED   5F              STD -1,U
    575
    576  4+0   A367 33   E4              LEAU ,S
    577        A369               ERASE_SSAV_Img_tails_1
    578  4     A369 10CE 0000            LDS #$0000
    579  5     A36D 39                   RTS
    580
----------------
3303 cycle(s)
878 byte(s)
----------------
    582
    583                  0338     DataSize equ $0338

000000 Total Errors

000004 Total Symbols
     0x          Equ   0338 DataSize
     0x          Label A007 ERASE_CODE_Img_tails_1_1
     0x          Label A000 ERASE_Img_tails_1
     1x          Label A369 ERASE_SSAV_Img_tails_1

