/*--------------------------------------------------------------*
 * Compilé avec C6809 v0.83                                     *
 *--------------------------------------------------------------*
 * Fichier source      : ./Sonic2/GeneratedCode/TitleScreen/Img_sonic_3_NB0.ASM
 * Fichier destination : ./Sonic2/GeneratedCode/TitleScreen/Img_sonic_3_NB0.BIN
 * Contenu :
 *     Main     0:IMGD.ASM     21526
 *--------------------------------------------------------------*/

Macro Pass
Pass1
Pass2
      2        A000                      ORG $A000
      3                  FF              SETDP $FF
      4        A000               BCKDRAW_Img_sonic_3
      5  6+5   A000 10EF 8D 0F88         STS SSAV_Img_sonic_3+1,PCR
      6
      7  5+5   A005 ED   8D 078F         STD DYN_POS+1,PCR
      8  4+0   A009 32   C4              LEAS ,U
      9  5+0   A00B EE   A4              LDU ,Y
     10  4+4   A00D 33   C9 025E         LEAU 606,U
     11
     12  5+1   A011 AE   C8 B1           LDX -79,U
     13  5+2   A014 34   10              PSHS X
     14  3     A016 CC   EEEE            LDD #$eeee
     15  5+1   A019 ED   C8 B1           STD -79,U
     16  5+1   A01C EC   C8 D8           LDD -40,U
     17  5+2   A01F 34   06              PSHS D
     18  2     A021 84   F0              ANDA #$F0
     19  2     A023 8A   0E              ORA #$0e
     20  2     A025 C6   EE              LDB #$ee
     21  5+1   A027 ED   C8 D8           STD -40,U
     22  5+1   A02A EC   C8 DA           LDD -38,U
     23  5+2   A02D 34   06              PSHS D
     24  2     A02F 86   EE              LDA #$ee
     25  2     A031 C4   0F              ANDB #$0F
     26  2     A033 CA   E0              ORB #$e0
     27  5+1   A035 ED   C8 DA           STD -38,U
     28  5+4   A038 37   30              PULU X,Y
     29  5+6   A03A 34   70              PSHS U,Y,X
     30  3     A03C CC   ED1E            LDD #$ed1e
     31  3     A03F 8E   EEEE            LDX #$eeee
     32  5+4   A042 36   16              PSHU D,X
     33  4+1   A044 33   C8 28           LEAU 40,U
     34
     35  5+1   A047 EC   C8 27           LDD 39,U
     36  5+2   A04A 34   06              PSHS D
     37  2     A04C 84   F0              ANDA #$F0
     38  2     A04E 8A   0E              ORA #$0e
     39  2     A050 C6   D3              LDB #$d3
     40  5+1   A052 ED   C8 27           STD 39,U
     41  5+4   A055 37   30              PULU X,Y
     42  5+6   A057 34   70              PSHS U,Y,X
     43  3     A059 CC   DCEE            LDD #$dcee
     44  3     A05C 8E   EEEE            LDX #$eeee
     45  5+4   A05F 36   16              PSHU D,X
     46  4+1   A061 33   C8 29           LEAU 41,U
     47
     48  5+4   A064 37   30              PULU X,Y
     49  5+6   A066 34   70              PSHS U,Y,X
     50  2     A068 86   EE              LDA #$ee
     51  3     A06A 8E   EEEE            LDX #$eeee
     52  5+4   A06D 36   16              PSHU D,X
     53  4+1   A06F 33   C8 26           LEAU 38,U
     54
     55  5+6   A072 37   36              PULU D,X,Y
     56  5+8   A074 34   76              PSHS U,Y,X,D
     57  3     A076 CC   EED3            LDD #$eed3
     58  3     A079 8E   E1EE            LDX #$e1ee
     59  4     A07C 108E EEEE            LDY #$eeee
     60  5+6   A080 36   36              PSHU D,X,Y
     61  4+1   A082 33   C8 28           LEAU 40,U
     62
     63  5+6   A085 37   36              PULU D,X,Y
     64  5+8   A087 34   76              PSHS U,Y,X,D
     65  3     A089 CC   EE35            LDD #$ee35
     66  3     A08C 8E   E1EE            LDX #$e1ee
     67  4     A08F 108E EEEE            LDY #$eeee
     68  5+6   A093 36   36              PSHU D,X,Y
     69  4+1   A095 33   C8 28           LEAU 40,U
     70
     71  4+1   A098 A6   46              LDA 6,U
     72  5+1   A09A 34   02              PSHS A
     73  2     A09C 84   0F              ANDA #$0F
     74  2     A09E 8A   E0              ORA #$e0
     75  4+1   A0A0 A7   46              STA 6,U
     76  5+6   A0A2 37   36              PULU D,X,Y
     77  5+8   A0A4 34   76              PSHS U,Y,X,D
     78  3     A0A6 CC   DE34            LDD #$de34
     79  3     A0A9 8E   E1EE            LDX #$e1ee
     80  4     A0AC 108E EEEE            LDY #$eeee
     81  5+6   A0B0 36   36              PSHU D,X,Y
     82  4+1   A0B2 33   C8 28           LEAU 40,U
     83
     84  5+1   A0B5 EC   C8 27           LDD 39,U
     85  5+2   A0B8 34   06              PSHS D
     86  2     A0BA 84   F0              ANDA #$F0
     87  2     A0BC 8A   0E              ORA #$0e
     88  2     A0BE C6   EE              LDB #$ee
     89  5+1   A0C0 ED   C8 27           STD 39,U
     90  4+1   A0C3 A6   46              LDA 6,U
     91  5+1   A0C5 34   02              PSHS A
     92  4+1   A0C7 E7   46              STB 6,U
     93  5+6   A0C9 37   36              PULU D,X,Y
     94  5+8   A0CB 34   76              PSHS U,Y,X,D
     95  3     A0CD CC   EE54            LDD #$ee54
     96  3     A0D0 8E   E1EE            LDX #$e1ee
     97  4     A0D3 108E EEEE            LDY #$eeee
     98  5+6   A0D7 36   36              PSHU D,X,Y
     99  4+1   A0D9 33   C8 29           LEAU 41,U
    100
    101  5+6   A0DC 37   36              PULU D,X,Y
    102  5+8   A0DE 34   76              PSHS U,Y,X,D
    103  3     A0E0 CC   54EE            LDD #$54ee
    104  3     A0E3 8E   EEEE            LDX #$eeee
    105  4     A0E6 108E EEEE            LDY #$eeee
    106  5+6   A0EA 36   36              PSHU D,X,Y
    107  4+1   A0EC 33   C8 26           LEAU 38,U
    108
    109  5+1   A0EF AE   46              LDX 6,U
    110  5+2   A0F1 34   10              PSHS X
    111  3     A0F3 CC   EE11            LDD #$ee11
    112  5+1   A0F6 ED   46              STD 6,U
    113  5+6   A0F8 37   36              PULU D,X,Y
    114  5+8   A0FA 34   76              PSHS U,Y,X,D
    115  3     A0FC CC   EEEE            LDD #$eeee
    116  3     A0FF 8E   44EE            LDX #$44ee
    117  4     A102 108E EEEE            LDY #$eeee
    118  5+6   A106 36   36              PSHU D,X,Y
    119  4+1   A108 33   C8 28           LEAU 40,U
    120
    121  5+1   A10B EC   C8 27           LDD 39,U
    122  5+2   A10E 34   06              PSHS D
    123  2     A110 84   0F              ANDA #$0F
    124  2     A112 8A   10              ORA #$10
    125  2     A114 C6   DD              LDB #$dd
    126  5+1   A116 ED   C8 27           STD 39,U
    127  4+1   A119 A6   46              LDA 6,U
    128  5+1   A11B 34   02              PSHS A
    129  2     A11D 86   EE              LDA #$ee
    130  4+1   A11F A7   46              STA 6,U
    131  5+6   A121 37   36              PULU D,X,Y
    132  5+8   A123 34   76              PSHS U,Y,X,D
    133  3     A125 CC   EDEE            LDD #$edee
    134  3     A128 8E   44EE            LDX #$44ee
    135  4     A12B 108E EEEE            LDY #$eeee
    136  5+6   A12F 36   36              PSHU D,X,Y
    137  4+1   A131 33   C8 29           LEAU 41,U
    138
    139  5+6   A134 37   36              PULU D,X,Y
    140  5+8   A136 34   76              PSHS U,Y,X,D
    141  3     A138 CC   EE44            LDD #$ee44
    142  3     A13B 8E   DEEE            LDX #$deee
    143  4     A13E 108E EEE1            LDY #$eee1
    144  5+6   A142 36   36              PSHU D,X,Y
    145  4+1   A144 33   C8 26           LEAU 38,U
    146
    147  5+1   A147 AE   46              LDX 6,U
    148  5+2   A149 34   10              PSHS X
    149  2     A14B C6   11              LDB #$11
    150  5+1   A14D ED   46              STD 6,U
    151  5+6   A14F 37   36              PULU D,X,Y
    152  5+8   A151 34   76              PSHS U,Y,X,D
    153  3     A153 CC   11DE            LDD #$11de
    154  3     A156 8E   EEE4            LDX #$eee4
    155  4     A159 108E DEEE            LDY #$deee
    156  5+6   A15D 36   36              PSHU D,X,Y
    157  4+1   A15F 33   C8 28           LEAU 40,U
    158
    159  5+1   A162 EC   46              LDD 6,U
    160  5+2   A164 34   06              PSHS D
    161  2     A166 86   EE              LDA #$ee
    162  2     A168 C4   0F              ANDB #$0F
    163  2     A16A CA   10              ORB #$10
    164  5+1   A16C ED   46              STD 6,U
    165  5+6   A16E 37   36              PULU D,X,Y
    166  5+8   A170 34   76              PSHS U,Y,X,D
    167  3     A172 CC   E1DE            LDD #$e1de
    168  3     A175 8E   EEEE            LDX #$eeee
    169  4     A178 108E DEEE            LDY #$deee
    170  5+6   A17C 36   36              PSHU D,X,Y
    171  4+1   A17E 33   C8 28           LEAU 40,U
    172
    173  4+1   A181 A6   46              LDA 6,U
    174  5+1   A183 34   02              PSHS A
    175  2     A185 86   E1              LDA #$e1
    176  4+1   A187 A7   46              STA 6,U
    177  5+6   A189 37   36              PULU D,X,Y
    178  5+8   A18B 34   76              PSHS U,Y,X,D
    179  3     A18D CC   EEEE            LDD #$eeee
    180  3     A190 8E   EEEE            LDX #$eeee
    181  4     A193 108E DEEE            LDY #$deee
    182  5+6   A197 36   36              PSHU D,X,Y
    183  4+1   A199 33   C8 28           LEAU 40,U
    184
    185  4+1   A19C A6   46              LDA 6,U
    186  5+1   A19E 34   02              PSHS A
    187  2     A1A0 86   11              LDA #$11
    188  4+1   A1A2 A7   46              STA 6,U
    189  5+6   A1A4 37   36              PULU D,X,Y
    190  5+8   A1A6 34   76              PSHS U,Y,X,D
    191  3     A1A8 CC   EEEE            LDD #$eeee
    192  3     A1AB 8E   EEEE            LDX #$eeee
    193  4     A1AE 108E DEEE            LDY #$deee
    194  5+6   A1B2 36   36              PSHU D,X,Y
    195  4+1   A1B4 33   C8 28           LEAU 40,U
    196
    197  4+1   A1B7 A6   46              LDA 6,U
    198  5+1   A1B9 34   02              PSHS A
    199  2     A1BB 86   11              LDA #$11
    200  4+1   A1BD A7   46              STA 6,U
    201  5+6   A1BF 37   36              PULU D,X,Y
    202  5+8   A1C1 34   76              PSHS U,Y,X,D
    203  3     A1C3 CC   EEEE            LDD #$eeee
    204  3     A1C6 8E   EEEE            LDX #$eeee
    205  4     A1C9 108E EEEE            LDY #$eeee
    206  5+6   A1CD 36   36              PSHU D,X,Y
    207  4+1   A1CF 33   C8 28           LEAU 40,U
    208
    209  4+1   A1D2 A6   46              LDA 6,U
    210  5+1   A1D4 34   02              PSHS A
    211  2     A1D6 86   11              LDA #$11
    212  4+1   A1D8 A7   46              STA 6,U
    213  5+6   A1DA 37   36              PULU D,X,Y
    214  5+8   A1DC 34   76              PSHS U,Y,X,D
    215  3     A1DE CC   EEEE            LDD #$eeee
    216  3     A1E1 8E   EEEE            LDX #$eeee
    217  4     A1E4 108E EEEE            LDY #$eeee
    218  5+6   A1E8 36   36              PSHU D,X,Y
    219  4+1   A1EA 33   C8 28           LEAU 40,U
    220
    221  4+1   A1ED A6   46              LDA 6,U
    222  5+1   A1EF 34   02              PSHS A
    223  2     A1F1 86   11              LDA #$11
    224  4+1   A1F3 A7   46              STA 6,U
    225  5+6   A1F5 37   36              PULU D,X,Y
    226  5+8   A1F7 34   76              PSHS U,Y,X,D
    227  3     A1F9 CC   EEEE            LDD #$eeee
    228  3     A1FC 8E   EEEE            LDX #$eeee
    229  4     A1FF 108E EEEE            LDY #$eeee
    230  5+6   A203 36   36              PSHU D,X,Y
    231  4+1   A205 33   C8 28           LEAU 40,U
    232
    233  4+1   A208 A6   46              LDA 6,U
    234  5+1   A20A 34   02              PSHS A
    235  2     A20C 86   11              LDA #$11
    236  4+1   A20E A7   46              STA 6,U
    237  5+6   A210 37   36              PULU D,X,Y
    238  5+8   A212 34   76              PSHS U,Y,X,D
    239  3     A214 CC   EDEE            LDD #$edee
    240  3     A217 8E   EEEE            LDX #$eeee
    241  4     A21A 108E EEEE            LDY #$eeee
    242  5+6   A21E 36   36              PSHU D,X,Y
    243  4+1   A220 33   C8 28           LEAU 40,U
    244
    245  4+1   A223 A6   46              LDA 6,U
    246  5+1   A225 34   02              PSHS A
    247  2     A227 86   11              LDA #$11
    248  4+1   A229 A7   46              STA 6,U
    249  5+6   A22B 37   36              PULU D,X,Y
    250  5+8   A22D 34   76              PSHS U,Y,X,D
    251  3     A22F CC   EDEE            LDD #$edee
    252  3     A232 8E   EEEE            LDX #$eeee
    253  4     A235 108E EEDE            LDY #$eede
    254  5+6   A239 36   36              PSHU D,X,Y
    255  4+1   A23B 33   C8 28           LEAU 40,U
    256
    257  4+1   A23E A6   46              LDA 6,U
    258  5+1   A240 34   02              PSHS A
    259  4+1   A242 E7   46              STB 6,U
    260  5+6   A244 37   36              PULU D,X,Y
    261  5+8   A246 34   76              PSHS U,Y,X,D
    262  3     A248 CC   EEEE            LDD #$eeee
    263  3     A24B 8E   EEEE            LDX #$eeee
    264  4     A24E 108E EECD            LDY #$eecd
    265  5+6   A252 36   36              PSHU D,X,Y
    266  4+1   A254 33   C8 28           LEAU 40,U
    267
    268  4+1   A257 A6   46              LDA 6,U
    269  5+1   A259 34   02              PSHS A
    270  4+1   A25B E7   46              STB 6,U
    271  5+6   A25D 37   36              PULU D,X,Y
    272  5+8   A25F 34   76              PSHS U,Y,X,D
    273  3     A261 CC   EEEE            LDD #$eeee
    274  3     A264 8E   EEEE            LDX #$eeee
    275  4     A267 108E EE0D            LDY #$ee0d
    276  5+6   A26B 36   36              PSHU D,X,Y
    277  4+1   A26D 33   C8 28           LEAU 40,U
    278
    279  5+1   A270 EC   46              LDD 6,U
    280  5+2   A272 34   06              PSHS D
    281  2     A274 86   EE              LDA #$ee
    282  2     A276 C4   0F              ANDB #$0F
    283  2     A278 CA   E0              ORB #$e0
    284  5+1   A27A ED   46              STD 6,U
    285  5+6   A27C 37   36              PULU D,X,Y
    286  5+8   A27E 34   76              PSHS U,Y,X,D
    287  3     A280 CC   EEEE            LDD #$eeee
    288  3     A283 8E   EEEE            LDX #$eeee
    289  4     A286 108E EE0D            LDY #$ee0d
    290  5+6   A28A 36   36              PSHU D,X,Y
    291  4+1   A28C 33   C8 28           LEAU 40,U
    292
    293  5+1   A28F AE   46              LDX 6,U
    294  5+2   A291 34   10              PSHS X
    295  5+1   A293 ED   46              STD 6,U
    296  5+6   A295 37   36              PULU D,X,Y
    297  5+8   A297 34   76              PSHS U,Y,X,D
    298  3     A299 CC   EEEE            LDD #$eeee
    299  3     A29C 8E   EEDE            LDX #$eede
    300  4     A29F 108E EECD            LDY #$eecd
    301  5+6   A2A3 36   36              PSHU D,X,Y
    302  4+1   A2A5 33   C8 28           LEAU 40,U
    303
    304  5+1   A2A8 AE   46              LDX 6,U
    305  5+2   A2AA 34   10              PSHS X
    306  5+1   A2AC ED   46              STD 6,U
    307  5+6   A2AE 37   36              PULU D,X,Y
    308  5+8   A2B0 34   76              PSHS U,Y,X,D
    309  3     A2B2 CC   EEEE            LDD #$eeee
    310  3     A2B5 8E   EDDD            LDX #$eddd
    311  4     A2B8 108E EEDE            LDY #$eede
    312  5+6   A2BC 36   36              PSHU D,X,Y
    313  4+1   A2BE 33   C8 28           LEAU 40,U
    314
    315  5+1   A2C1 AE   46              LDX 6,U
    316  5+2   A2C3 34   10              PSHS X
    317  5+1   A2C5 ED   46              STD 6,U
    318  5+6   A2C7 37   36              PULU D,X,Y
    319  5+8   A2C9 34   76              PSHS U,Y,X,D
    320  3     A2CB CC   EEEE            LDD #$eeee
    321  3     A2CE 8E   EDBD            LDX #$edbd
    322  4     A2D1 108E EEEE            LDY #$eeee
    323  5+6   A2D5 36   36              PSHU D,X,Y
    324  4+1   A2D7 33   C8 28           LEAU 40,U
    325
    326  5+1   A2DA AE   46              LDX 6,U
    327  5+2   A2DC 34   10              PSHS X
    328  5+1   A2DE ED   46              STD 6,U
    329  4+1   A2E0 A6   48              LDA 8,U
    330  5+1   A2E2 34   02              PSHS A
    331  2     A2E4 84   0F              ANDA #$0F
    332  2     A2E6 8A   E0              ORA #$e0
    333  4+1   A2E8 A7   48              STA 8,U
    334  5+6   A2EA 37   36              PULU D,X,Y
    335  5+8   A2EC 34   76              PSHS U,Y,X,D
    336  3     A2EE CC   EEEE            LDD #$eeee
    337  3     A2F1 8E   DB0D            LDX #$db0d
    338  4     A2F4 108E EEEE            LDY #$eeee
    339  5+6   A2F8 36   36              PSHU D,X,Y
    340  4+1   A2FA 33   C8 28           LEAU 40,U
    341
    342  5+1   A2FD AE   46              LDX 6,U
    343  5+2   A2FF 34   10              PSHS X
    344  5+1   A301 ED   46              STD 6,U
    345  4+1   A303 A6   48              LDA 8,U
    346  5+1   A305 34   02              PSHS A
    347  2     A307 84   0F              ANDA #$0F
    348  2     A309 8A   E0              ORA #$e0
    349  4+1   A30B A7   48              STA 8,U
    350  5+6   A30D 37   36              PULU D,X,Y
    351  5+8   A30F 34   76              PSHS U,Y,X,D
    352  3     A311 CC   EEEE            LDD #$eeee
    353  3     A314 8E   D00B            LDX #$d00b
    354  4     A317 108E EEEE            LDY #$eeee
    355  5+6   A31B 36   36              PSHU D,X,Y
    356  4+1   A31D 33   C8 28           LEAU 40,U
    357
    358  5+6   A320 37   36              PULU D,X,Y
    359  5+8   A322 34   76              PSHS U,Y,X,D
    360  3     A324 CC   EEEE            LDD #$eeee
    361  3     A327 8E   D000            LDX #$d000
    362  4     A32A 108E EEEE            LDY #$eeee
    363  5+6   A32E 36   36              PSHU D,X,Y
    364  4+1   A330 33   46              LEAU 6,U
    365
    366  5+3   A332 37   12              PULU A,X
    367  5+5   A334 34   52              PSHS U,X,A
    368  5+3   A336 36   24              PSHU B,Y
    369  4+1   A338 33   C8 22           LEAU 34,U
    370
    371  5+6   A33B 37   36              PULU D,X,Y
    372  5+8   A33D 34   76              PSHS U,Y,X,D
    373  3     A33F CC   EEEE            LDD #$eeee
    374  3     A342 8E   B000            LDX #$b000
    375  4     A345 108E EEEE            LDY #$eeee
    376  5+6   A349 36   36              PSHU D,X,Y
    377  4+1   A34B 33   46              LEAU 6,U
    378
    379  5+3   A34D 37   12              PULU A,X
    380  5+5   A34F 34   52              PSHS U,X,A
    381  5+3   A351 36   24              PSHU B,Y
    382  4+1   A353 33   C8 22           LEAU 34,U
    383
    384  5+6   A356 37   36              PULU D,X,Y
    385  5+8   A358 34   76              PSHS U,Y,X,D
    386  3     A35A CC   DEEE            LDD #$deee
    387  3     A35D 8E   0000            LDX #$0000
    388  4     A360 108E EEEE            LDY #$eeee
    389  5+6   A364 36   36              PSHU D,X,Y
    390  4+1   A366 33   46              LEAU 6,U
    391
    392  5+3   A368 37   12              PULU A,X
    393  5+5   A36A 34   52              PSHS U,X,A
    394  5+3   A36C 36   24              PSHU B,Y
    395  4+1   A36E 33   C8 22           LEAU 34,U
    396
    397  5+6   A371 37   36              PULU D,X,Y
    398  5+8   A373 34   76              PSHS U,Y,X,D
    399  3     A375 CC   DEEE            LDD #$deee
    400  3     A378 8E   00D0            LDX #$00d0
    401  4     A37B 108E EEEE            LDY #$eeee
    402  5+6   A37F 36   36              PSHU D,X,Y
    403  4+1   A381 33   46              LEAU 6,U
    404
    405  5+3   A383 37   12              PULU A,X
    406  5+5   A385 34   52              PSHS U,X,A
    407  5+3   A387 36   24              PSHU B,Y
    408  4+1   A389 33   C8 22           LEAU 34,U
    409
    410  5+6   A38C 37   36              PULU D,X,Y
    411  5+8   A38E 34   76              PSHS U,Y,X,D
    412  3     A390 CC   DEEE            LDD #$deee
    413  3     A393 8E   0010            LDX #$0010
    414  4     A396 108E EEEE            LDY #$eeee
    415  5+6   A39A 36   36              PSHU D,X,Y
    416  4+1   A39C 33   46              LEAU 6,U
    417
    418  5+3   A39E 37   12              PULU A,X
    419  5+5   A3A0 34   52              PSHS U,X,A
    420  3     A3A2 8E   1EEE            LDX #$1eee
    421  5+3   A3A5 36   14              PSHU B,X
    422  4+1   A3A7 33   C8 22           LEAU 34,U
    423
    424  5+6   A3AA 37   36              PULU D,X,Y
    425  5+8   A3AC 34   76              PSHS U,Y,X,D
    426  3     A3AE CC   BEEE            LDD #$beee
    427  3     A3B1 8E   001D            LDX #$001d
    428  4     A3B4 108E EEEE            LDY #$eeee
    429  5+6   A3B8 36   36              PSHU D,X,Y
    430  4+1   A3BA 33   46              LEAU 6,U
    431
    432  5+3   A3BC 37   12              PULU A,X
    433  5+5   A3BE 34   52              PSHS U,X,A
    434  3     A3C0 8E   1111            LDX #$1111
    435  5+3   A3C3 36   14              PSHU B,X
    436  4+1   A3C5 33   C8 22           LEAU 34,U
    437
    438  5+1   A3C8 AE   46              LDX 6,U
    439  5+2   A3CA 34   10              PSHS X
    440  3     A3CC CC   EE11            LDD #$ee11
    441  5+1   A3CF ED   46              STD 6,U
    442  5+6   A3D1 37   36              PULU D,X,Y
    443  5+8   A3D3 34   76              PSHS U,Y,X,D
    444  3     A3D5 CC   BEEE            LDD #$beee
    445  3     A3D8 8E   001D            LDX #$001d
    446  4     A3DB 108E EEEE            LDY #$eeee
    447  5+6   A3DF 36   36              PSHU D,X,Y
    448  4+1   A3E1 33   C8 28           LEAU 40,U
    449
    450  5+1   A3E4 AE   46              LDX 6,U
    451  5+2   A3E6 34   10              PSHS X
    452  3     A3E8 CC   EE11            LDD #$ee11
    453  5+1   A3EB ED   46              STD 6,U
    454  5+6   A3ED 37   36              PULU D,X,Y
    455  5+8   A3EF 34   76              PSHS U,Y,X,D
    456  3     A3F1 CC   BDEE            LDD #$bdee
    457  3     A3F4 8E   001D            LDX #$001d
    458  4     A3F7 108E EEEE            LDY #$eeee
    459  5+6   A3FB 36   36              PSHU D,X,Y
    460  4+1   A3FD 33   C8 28           LEAU 40,U
    461
    462  5+1   A400 EC   46              LDD 6,U
    463  5+2   A402 34   06              PSHS D
    464  2     A404 86   EE              LDA #$ee
    465  2     A406 C4   0F              ANDB #$0F
    466  2     A408 CA   10              ORB #$10
    467  5+1   A40A ED   46              STD 6,U
    468  5+6   A40C 37   36              PULU D,X,Y
    469  5+8   A40E 34   76              PSHS U,Y,X,D
    470  3     A410 CC   0DEE            LDD #$0dee
    471  3     A413 8E   001D            LDX #$001d
    472  4     A416 108E EEEE            LDY #$eeee
    473  5+6   A41A 36   36              PSHU D,X,Y
    474  4+1   A41C 33   C8 28           LEAU 40,U
    475
    476  5+1   A41F EC   46              LDD 6,U
    477  5+2   A421 34   06              PSHS D
    478  2     A423 86   EE              LDA #$ee
    479  2     A425 C4   0F              ANDB #$0F
    480  2     A427 CA   10              ORB #$10
    481  5+1   A429 ED   46              STD 6,U
    482  5+6   A42B 37   36              PULU D,X,Y
    483  5+8   A42D 34   76              PSHS U,Y,X,D
    484  3     A42F CC   BBEE            LDD #$bbee
    485  3     A432 8E   001D            LDX #$001d
    486  4     A435 108E EEEE            LDY #$eeee
    487  5+6   A439 36   36              PSHU D,X,Y
    488  4+1   A43B 33   C8 28           LEAU 40,U
    489
    490  5+1   A43E EC   46              LDD 6,U
    491  5+2   A440 34   06              PSHS D
    492  2     A442 86   EE              LDA #$ee
    493  2     A444 C4   0F              ANDB #$0F
    494  2     A446 CA   E0              ORB #$e0
    495  5+1   A448 ED   46              STD 6,U
    496  5+6   A44A 37   36              PULU D,X,Y
    497  5+8   A44C 34   76              PSHS U,Y,X,D
    498  3     A44E CC   BBEE            LDD #$bbee
    499  3     A451 8E   001D            LDX #$001d
    500  4     A454 108E 4EEE            LDY #$4eee
    501  5+6   A458 36   36              PSHU D,X,Y
    502  4+1   A45A 33   C8 28           LEAU 40,U
    503
    504  5+1   A45D AE   46              LDX 6,U
    505  5+2   A45F 34   10              PSHS X
    506  2     A461 86   EE              LDA #$ee
    507  5+1   A463 ED   46              STD 6,U
    508  5+6   A465 37   36              PULU D,X,Y
    509  5+8   A467 34   76              PSHS U,Y,X,D
    510  3     A469 CC   E0ED            LDD #$e0ed
    511  3     A46C 8E   001D            LDX #$001d
    512  4     A46F 108E 04EE            LDY #$04ee
    513  5+6   A473 36   36              PSHU D,X,Y
    514  4+1   A475 33   C8 28           LEAU 40,U
    515
    516  5+1   A478 AE   46              LDX 6,U
    517  5+2   A47A 34   10              PSHS X
    518  3     A47C CC   EEEE            LDD #$eeee
    519  5+1   A47F ED   46              STD 6,U
    520  5+1   A481 EC   C8 28           LDD 40,U
    521  5+2   A484 34   06              PSHS D
    522  2     A486 84   F0              ANDA #$F0
    523  2     A488 8A   00              ORA #$00
    524  2     A48A C6   DB              LDB #$db
    525  5+1   A48C ED   C8 28           STD 40,U
    526  5+6   A48F 37   36              PULU D,X,Y
    527  5+8   A491 34   76              PSHS U,Y,X,D
    528  3     A493 CC   E0ED            LDD #$e0ed
    529  3     A496 8E   00D0            LDX #$00d0
    530  4     A499 108E 04EE            LDY #$04ee
    531  5+6   A49D 36   36              PSHU D,X,Y
    532  4+1   A49F 33   C8 2A           LEAU 42,U
    533
    534  5+1   A4A2 EC   C8 26           LDD 38,U
    535  5+2   A4A5 34   06              PSHS D
    536  2     A4A7 84   F0              ANDA #$F0
    537  2     A4A9 8A   0E              ORA #$0e
    538  2     A4AB C6   B0              LDB #$b0
    539  5+1   A4AD ED   C8 26           STD 38,U
    540  5+6   A4B0 37   36              PULU D,X,Y
    541  5+8   A4B2 34   76              PSHS U,Y,X,D
    542  3     A4B4 CC   0004            LDD #$0004
    543  3     A4B7 8E   44EE            LDX #$44ee
    544  4     A4BA 108E EEEE            LDY #$eeee
    545  5+6   A4BE 36   36              PSHU D,X,Y
    546  4+1   A4C0 33   C8 28           LEAU 40,U
    547
    548  5+1   A4C3 EC   C8 26           LDD 38,U
    549  5+2   A4C6 34   06              PSHS D
    550  2     A4C8 84   F0              ANDA #$F0
    551  2     A4CA 8A   0E              ORA #$0e
    552  2     A4CC C6   00              LDB #$00
    553  5+1   A4CE ED   C8 26           STD 38,U
    554  5+6   A4D1 37   36              PULU D,X,Y
    555  5+8   A4D3 34   76              PSHS U,Y,X,D
    556  3     A4D5 CC   0004            LDD #$0004
    557  3     A4D8 8E   44EE            LDX #$44ee
    558  4     A4DB 108E EEEE            LDY #$eeee
    559  5+6   A4DF 36   36              PSHU D,X,Y
    560  4+1   A4E1 33   C8 28           LEAU 40,U
    561
    562  5+6   A4E4 37   36              PULU D,X,Y
    563  5+8   A4E6 34   76              PSHS U,Y,X,D
    564  3     A4E8 CC   0044            LDD #$0044
    565  3     A4EB 8E   44EE            LDX #$44ee
    566  4     A4EE 108E EE3E            LDY #$ee3e
    567  5+6   A4F2 36   36              PSHU D,X,Y
    568  4+1   A4F4 33   C8 27           LEAU 39,U
    569
    570  5+1   A4F7 EC   46              LDD 6,U
    571  5+2   A4F9 34   06              PSHS D
    572  2     A4FB 86   43              LDA #$43
    573  2     A4FD C4   0F              ANDB #$0F
    574  2     A4FF CA   E0              ORB #$e0
    575  5+1   A501 ED   46              STD 6,U
    576  5+6   A503 37   36              PULU D,X,Y
    577  5+8   A505 34   76              PSHS U,Y,X,D
    578  3     A507 CC   5400            LDD #$5400
    579  3     A50A 8E   4454            LDX #$4454
    580  4     A50D 108E EEE3            LDY #$eee3
    581  5+6   A511 36   36              PSHU D,X,Y
    582  4+1   A513 33   C8 27           LEAU 39,U
    583
    584  5+1   A516 AE   46              LDX 6,U
    585  5+2   A518 34   10              PSHS X
    586  3     A51A CC   3545            LDD #$3545
    587  5+1   A51D ED   46              STD 6,U
    588  4+1   A51F A6   48              LDA 8,U
    589  5+1   A521 34   02              PSHS A
    590  2     A523 84   0F              ANDA #$0F
    591  2     A525 8A   E0              ORA #$e0
    592  4+1   A527 A7   48              STA 8,U
    593  5+6   A529 37   36              PULU D,X,Y
    594  5+8   A52B 34   76              PSHS U,Y,X,D
    595  3     A52D CC   1114            LDD #$1114
    596  3     A530 8E   4444            LDX #$4444
    597  4     A533 108E 44EE            LDY #$44ee
    598  5+6   A537 36   36              PSHU D,X,Y
    599  4+1   A539 33   C8 28           LEAU 40,U
    600
    601  5+1   A53C AE   46              LDX 6,U
    602  5+2   A53E 34   10              PSHS X
    603  3     A540 CC   D545            LDD #$d545
    604  5+1   A543 ED   46              STD 6,U
    605  4+1   A545 A6   48              LDA 8,U
    606  5+1   A547 34   02              PSHS A
    607  2     A549 84   0F              ANDA #$0F
    608  2     A54B 8A   E0              ORA #$e0
    609  4+1   A54D A7   48              STA 8,U
    610  5+6   A54F 37   36              PULU D,X,Y
    611  5+8   A551 34   76              PSHS U,Y,X,D
    612  3     A553 CC   0D14            LDD #$0d14
    613  3     A556 8E   4444            LDX #$4444
    614  4     A559 108E 44ED            LDY #$44ed
    615  5+6   A55D 36   36              PSHU D,X,Y
    616  4+1   A55F 33   C8 28           LEAU 40,U
    617
    618  5+6   A562 37   36              PULU D,X,Y
    619  5+8   A564 34   76              PSHS U,Y,X,D
    620  3     A566 CC   1134            LDD #$1134
    621  3     A569 8E   4445            LDX #$4445
    622  4     A56C 108E 4DDB            LDY #$4ddb
    623  5+6   A570 36   36              PSHU D,X,Y
    624  4+1   A572 33   46              LEAU 6,U
    625
    626  5+3   A574 37   12              PULU A,X
    627  5+5   A576 34   52              PSHS U,X,A
    628  2     A578 86   0D              LDA #$0d
    629  3     A57A 8E   45EE            LDX #$45ee
    630  5+3   A57D 36   12              PSHU A,X
    631  4+1   A57F 33   C8 22           LEAU 34,U
    632
    633  5+6   A582 37   36              PULU D,X,Y
    634  5+8   A584 34   76              PSHS U,Y,X,D
    635  3     A586 CC   D134            LDD #$d134
    636  3     A589 8E   4444            LDX #$4444
    637  4     A58C 108E DBBD            LDY #$dbbd
    638  5+6   A590 36   36              PSHU D,X,Y
    639  4+1   A592 33   46              LEAU 6,U
    640
    641  5+3   A594 37   12              PULU A,X
    642  5+5   A596 34   52              PSHS U,X,A
    643  2     A598 86   00              LDA #$00
    644  3     A59A 8E   43EE            LDX #$43ee
    645  5+3   A59D 36   12              PSHU A,X
    646  4+1   A59F 33   C8 23           LEAU 35,U
    647
    648  5+1   A5A2 AE   46              LDX 6,U
    649  5+2   A5A4 34   10              PSHS X
    650  3     A5A6 CC   5EEE            LDD #$5eee
    651  5+1   A5A9 ED   46              STD 6,U
    652  5+1   A5AB EC   C8 28           LDD 40,U
    653  5+2   A5AE 34   06              PSHS D
    654  2     A5B0 84   F0              ANDA #$F0
    655  2     A5B2 8A   05              ORA #$05
    656  2     A5B4 C6   44              LDB #$44
    657  5+1   A5B6 ED   C8 28           STD 40,U
    658  5+6   A5B9 37   36              PULU D,X,Y
    659  5+8   A5BB 34   76              PSHS U,Y,X,D
    660  3     A5BD CC   3544            LDD #$3544
    661  3     A5C0 8E   44BB            LDX #$44bb
    662  4     A5C3 108E BB00            LDY #$bb00
    663  5+6   A5C7 36   36              PSHU D,X,Y
    664  4+1   A5C9 33   C8 2A           LEAU 42,U
    665
    666  5+6   A5CC 37   36              PULU D,X,Y
    667  5+8   A5CE 34   76              PSHS U,Y,X,D
    668  3     A5D0 CC   4400            LDD #$4400
    669  3     A5D3 8E   0000            LDX #$0000
    670  4     A5D6 108E 3EEE            LDY #$3eee
    671  5+6   A5DA 36   36              PSHU D,X,Y
    672  4+1   A5DC 33   C8 27           LEAU 39,U
    673
    674  4+1   A5DF A6   46              LDA 6,U
    675  5+1   A5E1 34   02              PSHS A
    676  2     A5E3 86   EE              LDA #$ee
    677  4+1   A5E5 A7   46              STA 6,U
    678  5+6   A5E7 37   36              PULU D,X,Y
    679  5+8   A5E9 34   76              PSHS U,Y,X,D
    680  3     A5EB CC   444D            LDD #$444d
    681  3     A5EE 8E   0000            LDX #$0000
    682  4     A5F1 108E 001E            LDY #$001e
    683  5+6   A5F5 36   36              PSHU D,X,Y
    684  4+1   A5F7 33   C8 28           LEAU 40,U
    685
    686  4+1   A5FA A6   46              LDA 6,U
    687  5+1   A5FC 34   02              PSHS A
    688  2     A5FE 86   EE              LDA #$ee
    689  4+1   A600 A7   46              STA 6,U
    690  5+6   A602 37   36              PULU D,X,Y
    691  5+8   A604 34   76              PSHS U,Y,X,D
    692  3     A606 CC   44DD            LDD #$44dd
    693  3     A609 8E   0000            LDX #$0000
    694  4     A60C 108E D011            LDY #$d011
    695  5+6   A610 36   36              PSHU D,X,Y
    696  4+1   A612 33   C8 28           LEAU 40,U
    697
    698  4+1   A615 A6   46              LDA 6,U
    699  5+1   A617 34   02              PSHS A
    700  2     A619 86   EE              LDA #$ee
    701  4+1   A61B A7   46              STA 6,U
    702  5+6   A61D 37   36              PULU D,X,Y
    703  5+8   A61F 34   76              PSHS U,Y,X,D
    704  3     A621 CC   55BB            LDD #$55bb
    705  3     A624 8E   0000            LDX #$0000
    706  4     A627 108E DB11            LDY #$db11
    707  5+6   A62B 36   36              PSHU D,X,Y
    708  4+1   A62D 33   C8 29           LEAU 41,U
    709
    710  5+6   A630 37   36              PULU D,X,Y
    711  5+8   A632 34   76              PSHS U,Y,X,D
    712  3     A634 CC   D000            LDD #$d000
    713  3     A637 8E   00DB            LDX #$00db
    714  4     A63A 108E 111E            LDY #$111e
    715  5+6   A63E 36   36              PSHU D,X,Y
    716  4+1   A640 33   C8 28           LEAU 40,U
    717
    718  5+1   A643 EC   C8 27           LDD 39,U
    719  5+2   A646 34   06              PSHS D
    720  2     A648 84   F0              ANDA #$F0
    721  2     A64A 8A   0D              ORA #$0d
    722  2     A64C C6   00              LDB #$00
    723  5+1   A64E ED   C8 27           STD 39,U
    724  5+6   A651 37   36              PULU D,X,Y
    725  5+8   A653 34   76              PSHS U,Y,X,D
    726  3     A655 CC   0000            LDD #$0000
    727  3     A658 8E   00DD            LDX #$00dd
    728  4     A65B 108E 1111            LDY #$1111
    729  5+6   A65F 36   36              PSHU D,X,Y
    730  4+1   A661 33   C8 29           LEAU 41,U
    731
    732  5+1   A664 EC   C8 26           LDD 38,U
    733  5+2   A667 34   06              PSHS D
    734  2     A669 84   F0              ANDA #$F0
    735  2     A66B 8A   0D              ORA #$0d
    736  2     A66D C6   00              LDB #$00
    737  5+1   A66F ED   C8 26           STD 38,U
    738  4+1   A672 A6   44              LDA 4,U
    739  5+1   A674 34   02              PSHS A
    740  2     A676 84   F0              ANDA #$F0
    741  2     A678 8A   01              ORA #$01
    742  4+1   A67A A7   44              STA 4,U
    743  5+3   A67C 37   12              PULU A,X
    744  5+5   A67E 34   52              PSHS U,X,A
    745  3     A680 8E   00DD            LDX #$00dd
    746  5+3   A683 36   14              PSHU B,X
    747  4+1   A685 33   C8 28           LEAU 40,U
    748
    749  5+1   A688 EC   C8 26           LDD 38,U
    750  5+2   A68B 34   06              PSHS D
    751  2     A68D 84   F0              ANDA #$F0
    752  2     A68F 8A   0D              ORA #$0d
    753  2     A691 C6   00              LDB #$00
    754  5+1   A693 ED   C8 26           STD 38,U
    755  5+3   A696 37   12              PULU A,X
    756  5+5   A698 34   52              PSHS U,X,A
    757  3     A69A 8E   00DD            LDX #$00dd
    758  5+3   A69D 36   14              PSHU B,X
    759  4+1   A69F 33   C8 28           LEAU 40,U
    760
    761  5+1   A6A2 EC   C8 26           LDD 38,U
    762  5+2   A6A5 34   06              PSHS D
    763  2     A6A7 84   F0              ANDA #$F0
    764  2     A6A9 8A   0D              ORA #$0d
    765  2     A6AB C6   0B              LDB #$0b
    766  5+1   A6AD ED   C8 26           STD 38,U
    767  5+3   A6B0 37   12              PULU A,X
    768  5+5   A6B2 34   52              PSHS U,X,A
    769  2     A6B4 86   00              LDA #$00
    770  3     A6B6 8E   00DD            LDX #$00dd
    771  5+3   A6B9 36   12              PSHU A,X
    772  4+1   A6BB 33   C8 28           LEAU 40,U
    773
    774  5+3   A6BE 37   12              PULU A,X
    775  5+5   A6C0 34   52              PSHS U,X,A
    776  2     A6C2 86   00              LDA #$00
    777  3     A6C4 8E   00D1            LDX #$00d1
    778  5+3   A6C7 36   12              PSHU A,X
    779  4+1   A6C9 33   C8 27           LEAU 39,U
    780
    781  5+4   A6CC 37   30              PULU X,Y
    782  5+6   A6CE 34   70              PSHS U,Y,X
    783  3     A6D0 CC   BD00            LDD #$bd00
    784  3     A6D3 8E   0011            LDX #$0011
    785  5+4   A6D6 36   16              PSHU D,X
    786  4+1   A6D8 33   C8 28           LEAU 40,U
    787
    788  5+4   A6DB 37   30              PULU X,Y
    789  5+6   A6DD 34   70              PSHS U,Y,X
    790  3     A6DF 8E   0011            LDX #$0011
    791  5+4   A6E2 36   16              PSHU D,X
    792  4+1   A6E4 33   C8 28           LEAU 40,U
    793
    794  5+4   A6E7 37   30              PULU X,Y
    795  5+6   A6E9 34   70              PSHS U,Y,X
    796  3     A6EB CC   DBB0            LDD #$dbb0
    797  3     A6EE 8E   001E            LDX #$001e
    798  5+4   A6F1 36   16              PSHU D,X
    799  4+1   A6F3 33   C8 28           LEAU 40,U
    800
    801  4+1   A6F6 A6   44              LDA 4,U
    802  5+1   A6F8 34   02              PSHS A
    803  2     A6FA 84   0F              ANDA #$0F
    804  2     A6FC 8A   10              ORA #$10
    805  4+1   A6FE A7   44              STA 4,U
    806  5+4   A700 37   30              PULU X,Y
    807  5+6   A702 34   70              PSHS U,Y,X
    808  3     A704 CC   DBBB            LDD #$dbbb
    809  3     A707 8E   0B1E            LDX #$0b1e
    810  5+4   A70A 36   16              PSHU D,X
    811  4+1   A70C 33   C8 28           LEAU 40,U
    812
    813  4+1   A70F A6   44              LDA 4,U
    814  5+1   A711 34   02              PSHS A
    815  2     A713 84   0F              ANDA #$0F
    816  2     A715 8A   10              ORA #$10
    817  4+1   A717 A7   44              STA 4,U
    818  5+4   A719 37   30              PULU X,Y
    819  5+6   A71B 34   70              PSHS U,Y,X
    820  3     A71D CC   DBBB            LDD #$dbbb
    821  3     A720 8E   BD1E            LDX #$bd1e
    822  5+4   A723 36   16              PSHU D,X
    823  4+1   A725 33   C8 28           LEAU 40,U
    824
    825  4+1   A728 A6   44              LDA 4,U
    826  5+1   A72A 34   02              PSHS A
    827  2     A72C 84   0F              ANDA #$0F
    828  2     A72E 8A   E0              ORA #$e0
    829  4+1   A730 A7   44              STA 4,U
    830  4+1   A732 A6   C8 2C           LDA 44,U
    831  5+1   A735 34   02              PSHS A
    832  2     A737 84   0F              ANDA #$0F
    833  2     A739 8A   E0              ORA #$e0
    834  4+1   A73B A7   C8 2C           STA 44,U
    835  4+1   A73E A6   C8 54           LDA 84,U
    836  5+1   A741 34   02              PSHS A
    837  2     A743 84   0F              ANDA #$0F
    838  2     A745 8A   E0              ORA #$e0
    839  4+1   A747 A7   C8 54           STA 84,U
    840  4+1   A74A A6   C8 79           LDA 121,U
    841  4+1   A74D E6   C8 7C           LDB 124,U
    842  5+1   A750 AE   C8 2A           LDX 42,U
    843  5+4   A753 34   16              PSHS X,B,A
    844  5+1   A755 EC   C8 28           LDD 40,U
    845  5+2   A758 34   06              PSHS D
    846  2     A75A 84   F0              ANDA #$F0
    847  2     A75C 8A   0D              ORA #$0d
    848  2     A75E C6   DD              LDB #$dd
    849  5+1   A760 ED   C8 28           STD 40,U
    850  5+1   A763 EC   C8 50           LDD 80,U
    851  5+2   A766 34   06              PSHS D
    852  2     A768 84   F0              ANDA #$F0
    853  2     A76A 8A   0D              ORA #$0d
    854  2     A76C C6   DD              LDB #$dd
    855  5+1   A76E ED   C8 50           STD 80,U
    856  5+1   A771 EC   C8 52           LDD 82,U
    857  5+2   A774 34   06              PSHS D
    858  2     A776 84   0F              ANDA #$0F
    859  2     A778 8A   D0              ORA #$d0
    860  2     A77A C6   EE              LDB #$ee
    861  5+1   A77C ED   C8 52           STD 82,U
    862  2     A77F 86   E1              LDA #$e1
    863  4+1   A781 A7   C8 7C           STA 124,U
    864  2     A784 86   DD              LDA #$dd
    865  5+1   A786 ED   C8 2A           STD 42,U
    866  4+1   A789 A7   C8 79           STA 121,U
    867  5+4   A78C 37   30              PULU X,Y
    868  5+6   A78E 34   70              PSHS U,Y,X
    869  2     A790 C6   DB              LDB #$db
    870  3     A792 8E   DDEE            LDX #$ddee
    871  5+4   A795 36   16              PSHU D,X
    872        A797               DYN_POS
    873
    874  3     A797 CE   0000            LDU #$0000
    875  4+4   A79A 33   C9 0236         LEAU 566,U
    876
    877  5+1   A79E AE   C8 D8           LDX -40,U
    878  5+2   A7A1 34   10              PSHS X
    879  3     A7A3 CC   E1EE            LDD #$e1ee
    880  5+1   A7A6 ED   C8 D8           STD -40,U
    881  4+1   A7A9 A6   C8 DA           LDA -38,U
    882  5+1   A7AC 34   02              PSHS A
    883  2     A7AE 84   0F              ANDA #$0F
    884  2     A7B0 8A   E0              ORA #$e0
    885  4+1   A7B2 A7   C8 DA           STA -38,U
    886  5+3   A7B5 37   12              PULU A,X
    887  5+5   A7B7 34   52              PSHS U,X,A
    888  2     A7B9 86   DE              LDA #$de
    889  3     A7BB 8E   EEEE            LDX #$eeee
    890  5+3   A7BE 36   12              PSHU A,X
    891  4+1   A7C0 33   C8 28           LEAU 40,U
    892
    893  4+1   A7C3 A6   43              LDA 3,U
    894  5+1   A7C5 34   02              PSHS A
    895  2     A7C7 84   0F              ANDA #$0F
    896  2     A7C9 8A   E0              ORA #$e0
    897  4+1   A7CB A7   43              STA 3,U
    898  5+3   A7CD 37   12              PULU A,X
    899  5+5   A7CF 34   52              PSHS U,X,A
    900  2     A7D1 86   CD              LDA #$cd
    901  3     A7D3 8E   EEEE            LDX #$eeee
    902  5+3   A7D6 36   12              PSHU A,X
    903  4+1   A7D8 33   C8 27           LEAU 39,U
    904
    905  5+5   A7DB 37   32              PULU A,X,Y
    906  5+7   A7DD 34   72              PSHS U,Y,X,A
    907  3     A7DF 8E   1DEE            LDX #$1dee
    908  4     A7E2 108E EEEE            LDY #$eeee
    909  5+5   A7E6 36   34              PSHU B,X,Y
    910  4+1   A7E8 33   C8 28           LEAU 40,U
    911
    912  5+5   A7EB 37   32              PULU A,X,Y
    913  5+7   A7ED 34   72              PSHS U,Y,X,A
    914  3     A7EF 8E   3CEE            LDX #$3cee
    915  4     A7F2 108E EEEE            LDY #$eeee
    916  5+5   A7F6 36   34              PSHU B,X,Y
    917  4+1   A7F8 33   C8 28           LEAU 40,U
    918
    919  5+1   A7FB EC   C8 27           LDD 39,U
    920  5+2   A7FE 34   06              PSHS D
    921  2     A800 84   F0              ANDA #$F0
    922  2     A802 8A   0E              ORA #$0e
    923  2     A804 C6   ED              LDB #$ed
    924  5+1   A806 ED   C8 27           STD 39,U
    925  4+1   A809 A6   45              LDA 5,U
    926  5+1   A80B 34   02              PSHS A
    927  2     A80D 84   0F              ANDA #$0F
    928  2     A80F 8A   E0              ORA #$e0
    929  4+1   A811 A7   45              STA 5,U
    930  5+5   A813 37   32              PULU A,X,Y
    931  5+7   A815 34   72              PSHS U,Y,X,A
    932  2     A817 86   EE              LDA #$ee
    933  3     A819 8E   5CEE            LDX #$5cee
    934  4     A81C 108E EEEE            LDY #$eeee
    935  5+5   A820 36   32              PSHU A,X,Y
    936  4+1   A822 33   C8 29           LEAU 41,U
    937
    938  5+5   A825 37   32              PULU A,X,Y
    939  5+7   A827 34   72              PSHS U,Y,X,A
    940  2     A829 86   4C              LDA #$4c
    941  3     A82B 8E   EEEE            LDX #$eeee
    942  4     A82E 108E EEEE            LDY #$eeee
    943  5+5   A832 36   32              PSHU A,X,Y
    944  4+1   A834 33   C8 26           LEAU 38,U
    945
    946  4+1   A837 A6   46              LDA 6,U
    947  5+1   A839 34   02              PSHS A
    948  2     A83B 86   EE              LDA #$ee
    949  4+1   A83D A7   46              STA 6,U
    950  5+6   A83F 37   36              PULU D,X,Y
    951  5+8   A841 34   76              PSHS U,Y,X,D
    952  3     A843 CC   EEED            LDD #$eeed
    953  3     A846 8E   4DEE            LDX #$4dee
    954  4     A849 108E EEEE            LDY #$eeee
    955  5+6   A84D 36   36              PSHU D,X,Y
    956  4+1   A84F 33   C8 28           LEAU 40,U
    957
    958  4+1   A852 A6   46              LDA 6,U
    959  5+1   A854 34   02              PSHS A
    960  2     A856 86   EE              LDA #$ee
    961  4+1   A858 A7   46              STA 6,U
    962  5+6   A85A 37   36              PULU D,X,Y
    963  5+8   A85C 34   76              PSHS U,Y,X,D
    964  3     A85E CC   EDED            LDD #$eded
    965  3     A861 8E   45EE            LDX #$45ee
    966  4     A864 108E EEEE            LDY #$eeee
    967  5+6   A868 36   36              PSHU D,X,Y
    968  4+1   A86A 33   C8 28           LEAU 40,U
    969
    970  4+1   A86D A6   46              LDA 6,U
    971  5+1   A86F 34   02              PSHS A
    972  2     A871 86   EE              LDA #$ee
    973  4+1   A873 A7   46              STA 6,U
    974  5+6   A875 37   36              PULU D,X,Y
    975  5+8   A877 34   76              PSHS U,Y,X,D
    976  3     A879 CC   DEE3            LDD #$dee3
    977  3     A87C 8E   45EE            LDX #$45ee
    978  4     A87F 108E EEEE            LDY #$eeee
    979  5+6   A883 36   36              PSHU D,X,Y
    980  4+1   A885 33   C8 28           LEAU 40,U
    981
    982  4+1   A888 A6   46              LDA 6,U
    983  5+1   A88A 34   02              PSHS A
    984  2     A88C 86   EE              LDA #$ee
    985  4+1   A88E A7   46              STA 6,U
    986  5+6   A890 37   36              PULU D,X,Y
    987  5+8   A892 34   76              PSHS U,Y,X,D
    988  3     A894 CC   DED5            LDD #$ded5
    989  3     A897 8E   45EE            LDX #$45ee
    990  4     A89A 108E EEEE            LDY #$eeee
    991  5+6   A89E 36   36              PSHU D,X,Y
    992  4+1   A8A0 33   C8 28           LEAU 40,U
    993
    994  5+1   A8A3 EC   C8 26           LDD 38,U
    995  5+2   A8A6 34   06              PSHS D
    996  2     A8A8 84   F0              ANDA #$F0
    997  2     A8AA C4   F0              ANDB #$F0
    998  4     A8AC C3   0E0E            ADDD #$0e0e
    999  5+1   A8AF ED   C8 26           STD 38,U
   1000  4+1   A8B2 A6   46              LDA 6,U
   1001  5+1   A8B4 34   02              PSHS A
   1002  2     A8B6 86   11              LDA #$11
   1003  4+1   A8B8 A7   46              STA 6,U
   1004  5+6   A8BA 37   36              PULU D,X,Y
   1005  5+8   A8BC 34   76              PSHS U,Y,X,D
   1006  3     A8BE CC   EED5            LDD #$eed5
   1007  3     A8C1 8E   45EE            LDX #$45ee
   1008  4     A8C4 108E EEEE            LDY #$eeee
   1009  5+6   A8C8 36   36              PSHU D,X,Y
   1010  4+1   A8CA 33   C8 28           LEAU 40,U
   1011
   1012  5+1   A8CD EC   C8 26           LDD 38,U
   1013  5+2   A8D0 34   06              PSHS D
   1014  2     A8D2 84   F0              ANDA #$F0
   1015  2     A8D4 8A   0E              ORA #$0e
   1016  2     A8D6 C6   1E              LDB #$1e
   1017  5+1   A8D8 ED   C8 26           STD 38,U
   1018  4+1   A8DB A6   46              LDA 6,U
   1019  5+1   A8DD 34   02              PSHS A
   1020  2     A8DF 84   0F              ANDA #$0F
   1021  2     A8E1 8A   10              ORA #$10
   1022  4+1   A8E3 A7   46              STA 6,U
   1023  5+6   A8E5 37   36              PULU D,X,Y
   1024  5+8   A8E7 34   76              PSHS U,Y,X,D
   1025  3     A8E9 CC   EE35            LDD #$ee35
   1026  3     A8EC 8E   44EE            LDX #$44ee
   1027  4     A8EF 108E EEEE            LDY #$eeee
   1028  5+6   A8F3 36   36              PSHU D,X,Y
   1029  4+1   A8F5 33   C8 28           LEAU 40,U
   1030
   1031  5+1   A8F8 EC   C8 26           LDD 38,U
   1032  5+2   A8FB 34   06              PSHS D
   1033  2     A8FD 84   F0              ANDA #$F0
   1034  2     A8FF 8A   0E              ORA #$0e
   1035  2     A901 C6   1D              LDB #$1d
   1036  5+1   A903 ED   C8 26           STD 38,U
   1037  5+6   A906 37   36              PULU D,X,Y
   1038  5+8   A908 34   76              PSHS U,Y,X,D
   1039  3     A90A CC   EEEE            LDD #$eeee
   1040  3     A90D 8E   44EE            LDX #$44ee
   1041  4     A910 108E EEEE            LDY #$eeee
   1042  5+6   A914 36   36              PSHU D,X,Y
   1043  4+1   A916 33   C8 28           LEAU 40,U
   1044
   1045  5+1   A919 EC   C8 26           LDD 38,U
   1046  5+2   A91C 34   06              PSHS D
   1047  2     A91E 84   F0              ANDA #$F0
   1048  2     A920 8A   0E              ORA #$0e
   1049  2     A922 C6   ED              LDB #$ed
   1050  5+1   A924 ED   C8 26           STD 38,U
   1051  5+6   A927 37   36              PULU D,X,Y
   1052  5+8   A929 34   76              PSHS U,Y,X,D
   1053  3     A92B CC   EEEE            LDD #$eeee
   1054  3     A92E 8E   44EE            LDX #$44ee
   1055  4     A931 108E EEE1            LDY #$eee1
   1056  5+6   A935 36   36              PSHU D,X,Y
   1057  4+1   A937 33   C8 28           LEAU 40,U
   1058
   1059  5+1   A93A EC   C8 26           LDD 38,U
   1060  5+2   A93D 34   06              PSHS D
   1061  2     A93F 84   F0              ANDA #$F0
   1062  2     A941 8A   0E              ORA #$0e
   1063  2     A943 C6   ED              LDB #$ed
   1064  5+1   A945 ED   C8 26           STD 38,U
   1065  5+6   A948 37   36              PULU D,X,Y
   1066  5+8   A94A 34   76              PSHS U,Y,X,D
   1067  3     A94C CC   EEEE            LDD #$eeee
   1068  3     A94F 8E   E4EE            LDX #$e4ee
   1069  4     A952 108E EE11            LDY #$ee11
   1070  5+6   A956 36   36              PSHU D,X,Y
   1071  4+1   A958 33   C8 28           LEAU 40,U
   1072
   1073  5+1   A95B EC   C8 26           LDD 38,U
   1074  5+2   A95E 34   06              PSHS D
   1075  2     A960 84   F0              ANDA #$F0
   1076  2     A962 8A   0E              ORA #$0e
   1077  2     A964 C6   DE              LDB #$de
   1078  5+1   A966 ED   C8 26           STD 38,U
   1079  5+6   A969 37   36              PULU D,X,Y
   1080  5+8   A96B 34   76              PSHS U,Y,X,D
   1081  3     A96D CC   EEEE            LDD #$eeee
   1082  3     A970 8E   E4EE            LDX #$e4ee
   1083  4     A973 108E EE11            LDY #$ee11
   1084  5+6   A977 36   36              PSHU D,X,Y
   1085  4+1   A979 33   C8 28           LEAU 40,U
   1086
   1087  4+1   A97C A6   45              LDA 5,U
   1088  5+1   A97E 34   02              PSHS A
   1089  2     A980 84   0F              ANDA #$0F
   1090  2     A982 8A   10              ORA #$10
   1091  4+1   A984 A7   45              STA 5,U
   1092  5+5   A986 37   32              PULU A,X,Y
   1093  5+7   A988 34   72              PSHS U,Y,X,A
   1094  3     A98A 8E   EEEE            LDX #$eeee
   1095  4     A98D 108E EE11            LDY #$ee11
   1096  5+5   A991 36   34              PSHU B,X,Y
   1097  4+1   A993 33   C8 27           LEAU 39,U
   1098
   1099  4+1   A996 A6   46              LDA 6,U
   1100  5+1   A998 34   02              PSHS A
   1101  2     A99A 84   0F              ANDA #$0F
   1102  2     A99C 8A   10              ORA #$10
   1103  4+1   A99E A7   46              STA 6,U
   1104  5+6   A9A0 37   36              PULU D,X,Y
   1105  5+8   A9A2 34   76              PSHS U,Y,X,D
   1106  3     A9A4 CC   DEEE            LDD #$deee
   1107  3     A9A7 8E   EEEE            LDX #$eeee
   1108  4     A9AA 108E EE11            LDY #$ee11
   1109  5+6   A9AE 36   36              PSHU D,X,Y
   1110  4+1   A9B0 33   C8 28           LEAU 40,U
   1111
   1112  4+1   A9B3 A6   46              LDA 6,U
   1113  5+1   A9B5 34   02              PSHS A
   1114  2     A9B7 84   0F              ANDA #$0F
   1115  2     A9B9 8A   10              ORA #$10
   1116  4+1   A9BB A7   46              STA 6,U
   1117  5+6   A9BD 37   36              PULU D,X,Y
   1118  5+8   A9BF 34   76              PSHS U,Y,X,D
   1119  3     A9C1 CC   EEEE            LDD #$eeee
   1120  3     A9C4 8E   EEEE            LDX #$eeee
   1121  4     A9C7 108E EEE1            LDY #$eee1
   1122  5+6   A9CB 36   36              PSHU D,X,Y
   1123  4+1   A9CD 33   C8 28           LEAU 40,U
   1124
   1125  5+6   A9D0 37   36              PULU D,X,Y
   1126  5+8   A9D2 34   76              PSHS U,Y,X,D
   1127  3     A9D4 CC   EEEE            LDD #$eeee
   1128  3     A9D7 8E   EEEE            LDX #$eeee
   1129  4     A9DA 108E EEEE            LDY #$eeee
   1130  5+6   A9DE 36   36              PSHU D,X,Y
   1131  4+1   A9E0 33   C8 28           LEAU 40,U
   1132
   1133  5+6   A9E3 37   36              PULU D,X,Y
   1134  5+8   A9E5 34   76              PSHS U,Y,X,D
   1135  3     A9E7 CC   EEEE            LDD #$eeee
   1136  3     A9EA 8E   EEEE            LDX #$eeee
   1137  4     A9ED 108E EEEE            LDY #$eeee
   1138  5+6   A9F1 36   36              PSHU D,X,Y
   1139  4+1   A9F3 33   C8 28           LEAU 40,U
   1140
   1141  4+1   A9F6 A6   46              LDA 6,U
   1142  5+1   A9F8 34   02              PSHS A
   1143  2     A9FA 84   0F              ANDA #$0F
   1144  2     A9FC 8A   E0              ORA #$e0
   1145  4+1   A9FE A7   46              STA 6,U
   1146  5+6   AA00 37   36              PULU D,X,Y
   1147  5+8   AA02 34   76              PSHS U,Y,X,D
   1148  3     AA04 CC   EEEE            LDD #$eeee
   1149  3     AA07 8E   EEEE            LDX #$eeee
   1150  4     AA0A 108E EDEE            LDY #$edee
   1151  5+6   AA0E 36   36              PSHU D,X,Y
   1152  4+1   AA10 33   C8 28           LEAU 40,U
   1153
   1154  4+1   AA13 A6   46              LDA 6,U
   1155  5+1   AA15 34   02              PSHS A
   1156  4+1   AA17 E7   46              STB 6,U
   1157  5+6   AA19 37   36              PULU D,X,Y
   1158  5+8   AA1B 34   76              PSHS U,Y,X,D
   1159  3     AA1D CC   EEEE            LDD #$eeee
   1160  3     AA20 8E   EEEE            LDX #$eeee
   1161  4     AA23 108E EDEE            LDY #$edee
   1162  5+6   AA27 36   36              PSHU D,X,Y
   1163  4+1   AA29 33   C8 28           LEAU 40,U
   1164
   1165  4+1   AA2C A6   46              LDA 6,U
   1166  5+1   AA2E 34   02              PSHS A
   1167  4+1   AA30 E7   46              STB 6,U
   1168  5+6   AA32 37   36              PULU D,X,Y
   1169  5+8   AA34 34   76              PSHS U,Y,X,D
   1170  3     AA36 CC   EEEE            LDD #$eeee
   1171  3     AA39 8E   EEEE            LDX #$eeee
   1172  4     AA3C 108E EDEE            LDY #$edee
   1173  5+6   AA40 36   36              PSHU D,X,Y
   1174  4+1   AA42 33   C8 28           LEAU 40,U
   1175
   1176  5+1   AA45 EC   C8 27           LDD 39,U
   1177  5+2   AA48 34   06              PSHS D
   1178  2     AA4A 84   F0              ANDA #$F0
   1179  2     AA4C 8A   0E              ORA #$0e
   1180  2     AA4E C6   EE              LDB #$ee
   1181  5+1   AA50 ED   C8 27           STD 39,U
   1182  4+1   AA53 A6   46              LDA 6,U
   1183  5+1   AA55 34   02              PSHS A
   1184  4+1   AA57 E7   46              STB 6,U
   1185  5+6   AA59 37   36              PULU D,X,Y
   1186  5+8   AA5B 34   76              PSHS U,Y,X,D
   1187  3     AA5D CC   EEEE            LDD #$eeee
   1188  3     AA60 8E   DDEE            LDX #$ddee
   1189  4     AA63 108E EDEE            LDY #$edee
   1190  5+6   AA67 36   36              PSHU D,X,Y
   1191  4+1   AA69 33   C8 29           LEAU 41,U
   1192
   1193  5+1   AA6C EC   C8 26           LDD 38,U
   1194  5+2   AA6F 34   06              PSHS D
   1195  2     AA71 84   F0              ANDA #$F0
   1196  2     AA73 8A   0E              ORA #$0e
   1197  2     AA75 C6   EE              LDB #$ee
   1198  5+1   AA77 ED   C8 26           STD 38,U
   1199  4+1   AA7A A6   46              LDA 6,U
   1200  5+1   AA7C 34   02              PSHS A
   1201  2     AA7E 84   0F              ANDA #$0F
   1202  2     AA80 8A   E0              ORA #$e0
   1203  4+1   AA82 A7   46              STA 6,U
   1204  5+6   AA84 37   36              PULU D,X,Y
   1205  5+8   AA86 34   76              PSHS U,Y,X,D
   1206  3     AA88 CC   EEDD            LDD #$eedd
   1207  3     AA8B 8E   EEEE            LDX #$eeee
   1208  4     AA8E 108E EEEE            LDY #$eeee
   1209  5+6   AA92 36   36              PSHU D,X,Y
   1210  4+1   AA94 33   C8 28           LEAU 40,U
   1211
   1212  5+1   AA97 EC   C8 26           LDD 38,U
   1213  5+2   AA9A 34   06              PSHS D
   1214  2     AA9C 84   F0              ANDA #$F0
   1215  2     AA9E 8A   0E              ORA #$0e
   1216  2     AAA0 C6   EE              LDB #$ee
   1217  5+1   AAA2 ED   C8 26           STD 38,U
   1218  4+1   AAA5 A6   46              LDA 6,U
   1219  5+1   AAA7 34   02              PSHS A
   1220  4+1   AAA9 E7   46              STB 6,U
   1221  5+6   AAAB 37   36              PULU D,X,Y
   1222  5+8   AAAD 34   76              PSHS U,Y,X,D
   1223  3     AAAF CC   EE00            LDD #$ee00
   1224  3     AAB2 8E   EEEE            LDX #$eeee
   1225  4     AAB5 108E EEEE            LDY #$eeee
   1226  5+6   AAB9 36   36              PSHU D,X,Y
   1227  4+1   AABB 33   C8 28           LEAU 40,U
   1228
   1229  5+1   AABE EC   C8 26           LDD 38,U
   1230  5+2   AAC1 34   06              PSHS D
   1231  2     AAC3 84   F0              ANDA #$F0
   1232  2     AAC5 8A   0E              ORA #$0e
   1233  2     AAC7 C6   EE              LDB #$ee
   1234  5+1   AAC9 ED   C8 26           STD 38,U
   1235  4+1   AACC A6   46              LDA 6,U
   1236  5+1   AACE 34   02              PSHS A
   1237  4+1   AAD0 E7   46              STB 6,U
   1238  5+6   AAD2 37   36              PULU D,X,Y
   1239  5+8   AAD4 34   76              PSHS U,Y,X,D
   1240  3     AAD6 CC   EE00            LDD #$ee00
   1241  3     AAD9 8E   DEEE            LDX #$deee
   1242  4     AADC 108E EEEE            LDY #$eeee
   1243  5+6   AAE0 36   36              PSHU D,X,Y
   1244  4+1   AAE2 33   C8 28           LEAU 40,U
   1245
   1246  5+1   AAE5 EC   C8 26           LDD 38,U
   1247  5+2   AAE8 34   06              PSHS D
   1248  2     AAEA 84   F0              ANDA #$F0
   1249  2     AAEC 8A   0E              ORA #$0e
   1250  2     AAEE C6   EE              LDB #$ee
   1251  5+1   AAF0 ED   C8 26           STD 38,U
   1252  4+1   AAF3 A6   46              LDA 6,U
   1253  5+1   AAF5 34   02              PSHS A
   1254  4+1   AAF7 E7   46              STB 6,U
   1255  5+6   AAF9 37   36              PULU D,X,Y
   1256  5+8   AAFB 34   76              PSHS U,Y,X,D
   1257  3     AAFD CC   EE00            LDD #$ee00
   1258  3     AB00 8E   DEEE            LDX #$deee
   1259  4     AB03 108E EEEE            LDY #$eeee
   1260  5+6   AB07 36   36              PSHU D,X,Y
   1261  4+1   AB09 33   C8 28           LEAU 40,U
   1262
   1263  5+1   AB0C EC   C8 26           LDD 38,U
   1264  5+2   AB0F 34   06              PSHS D
   1265  2     AB11 84   F0              ANDA #$F0
   1266  2     AB13 8A   0E              ORA #$0e
   1267  2     AB15 C6   EE              LDB #$ee
   1268  5+1   AB17 ED   C8 26           STD 38,U
   1269  4+1   AB1A A6   46              LDA 6,U
   1270  5+1   AB1C 34   02              PSHS A
   1271  4+1   AB1E E7   46              STB 6,U
   1272  5+6   AB20 37   36              PULU D,X,Y
   1273  5+8   AB22 34   76              PSHS U,Y,X,D
   1274  3     AB24 CC   EE00            LDD #$ee00
   1275  3     AB27 8E   DEEE            LDX #$deee
   1276  4     AB2A 108E EEEE            LDY #$eeee
   1277  5+6   AB2E 36   36              PSHU D,X,Y
   1278  4+1   AB30 33   C8 28           LEAU 40,U
   1279
   1280  5+1   AB33 EC   C8 26           LDD 38,U
   1281  5+2   AB36 34   06              PSHS D
   1282  2     AB38 84   F0              ANDA #$F0
   1283  2     AB3A 8A   0E              ORA #$0e
   1284  2     AB3C C6   EE              LDB #$ee
   1285  5+1   AB3E ED   C8 26           STD 38,U
   1286  4+1   AB41 A6   46              LDA 6,U
   1287  5+1   AB43 34   02              PSHS A
   1288  4+1   AB45 E7   46              STB 6,U
   1289  5+6   AB47 37   36              PULU D,X,Y
   1290  5+8   AB49 34   76              PSHS U,Y,X,D
   1291  3     AB4B CC   EE00            LDD #$ee00
   1292  3     AB4E 8E   BEEE            LDX #$beee
   1293  4     AB51 108E DEEE            LDY #$deee
   1294  5+6   AB55 36   36              PSHU D,X,Y
   1295  4+1   AB57 33   C8 28           LEAU 40,U
   1296
   1297  5+1   AB5A EC   46              LDD 6,U
   1298  5+2   AB5C 34   06              PSHS D
   1299  2     AB5E 86   EE              LDA #$ee
   1300  2     AB60 C4   0F              ANDB #$0F
   1301  2     AB62 CA   E0              ORB #$e0
   1302  5+1   AB64 ED   46              STD 6,U
   1303  5+1   AB66 EC   C8 26           LDD 38,U
   1304  5+2   AB69 34   06              PSHS D
   1305  2     AB6B 84   F0              ANDA #$F0
   1306  2     AB6D 8A   0E              ORA #$0e
   1307  2     AB6F C6   EE              LDB #$ee
   1308  5+1   AB71 ED   C8 26           STD 38,U
   1309  5+6   AB74 37   36              PULU D,X,Y
   1310  5+8   AB76 34   76              PSHS U,Y,X,D
   1311  3     AB78 CC   ED0D            LDD #$ed0d
   1312  3     AB7B 8E   0EEE            LDX #$0eee
   1313  4     AB7E 108E EEEE            LDY #$eeee
   1314  5+6   AB82 36   36              PSHU D,X,Y
   1315  4+1   AB84 33   C8 28           LEAU 40,U
   1316
   1317  5+1   AB87 EC   46              LDD 6,U
   1318  5+2   AB89 34   06              PSHS D
   1319  2     AB8B 86   EE              LDA #$ee
   1320  2     AB8D C4   0F              ANDB #$0F
   1321  2     AB8F CA   E0              ORB #$e0
   1322  5+1   AB91 ED   46              STD 6,U
   1323  5+1   AB93 EC   C8 26           LDD 38,U
   1324  5+2   AB96 34   06              PSHS D
   1325  2     AB98 84   F0              ANDA #$F0
   1326  2     AB9A 8A   0E              ORA #$0e
   1327  2     AB9C C6   EE              LDB #$ee
   1328  5+1   AB9E ED   C8 26           STD 38,U
   1329  5+6   ABA1 37   36              PULU D,X,Y
   1330  5+8   ABA3 34   76              PSHS U,Y,X,D
   1331  3     ABA5 CC   ED01            LDD #$ed01
   1332  3     ABA8 8E   0EEE            LDX #$0eee
   1333  4     ABAB 108E EEEE            LDY #$eeee
   1334  5+6   ABAF 36   36              PSHU D,X,Y
   1335  4+1   ABB1 33   C8 28           LEAU 40,U
   1336
   1337  5+1   ABB4 EC   46              LDD 6,U
   1338  5+2   ABB6 34   06              PSHS D
   1339  2     ABB8 86   EE              LDA #$ee
   1340  2     ABBA C4   0F              ANDB #$0F
   1341  2     ABBC CA   E0              ORB #$e0
   1342  5+1   ABBE ED   46              STD 6,U
   1343  5+1   ABC0 EC   C8 26           LDD 38,U
   1344  5+2   ABC3 34   06              PSHS D
   1345  2     ABC5 84   F0              ANDA #$F0
   1346  2     ABC7 8A   0E              ORA #$0e
   1347  2     ABC9 C6   EE              LDB #$ee
   1348  5+1   ABCB ED   C8 26           STD 38,U
   1349  5+6   ABCE 37   36              PULU D,X,Y
   1350  5+8   ABD0 34   76              PSHS U,Y,X,D
   1351  3     ABD2 CC   EB0D            LDD #$eb0d
   1352  3     ABD5 8E   0EEE            LDX #$0eee
   1353  4     ABD8 108E EE11            LDY #$ee11
   1354  5+6   ABDC 36   36              PSHU D,X,Y
   1355  4+1   ABDE 33   C8 28           LEAU 40,U
   1356
   1357  5+1   ABE1 EC   46              LDD 6,U
   1358  5+2   ABE3 34   06              PSHS D
   1359  2     ABE5 86   11              LDA #$11
   1360  2     ABE7 C4   0F              ANDB #$0F
   1361  2     ABE9 CA   10              ORB #$10
   1362  5+1   ABEB ED   46              STD 6,U
   1363  5+1   ABED EC   C8 26           LDD 38,U
   1364  5+2   ABF0 34   06              PSHS D
   1365  2     ABF2 84   F0              ANDA #$F0
   1366  2     ABF4 8A   0E              ORA #$0e
   1367  2     ABF6 C6   EE              LDB #$ee
   1368  5+1   ABF8 ED   C8 26           STD 38,U
   1369  5+6   ABFB 37   36              PULU D,X,Y
   1370  5+8   ABFD 34   76              PSHS U,Y,X,D
   1371  3     ABFF CC   EB0B            LDD #$eb0b
   1372  3     AC02 8E   0EEE            LDX #$0eee
   1373  4     AC05 108E EE11            LDY #$ee11
   1374  5+6   AC09 36   36              PSHU D,X,Y
   1375  4+1   AC0B 33   C8 28           LEAU 40,U
   1376
   1377  5+1   AC0E EC   C8 26           LDD 38,U
   1378  5+2   AC11 34   06              PSHS D
   1379  2     AC13 84   F0              ANDA #$F0
   1380  2     AC15 8A   0E              ORA #$0e
   1381  2     AC17 C6   EE              LDB #$ee
   1382  5+1   AC19 ED   C8 26           STD 38,U
   1383  4+1   AC1C A6   46              LDA 6,U
   1384  5+1   AC1E 34   02              PSHS A
   1385  2     AC20 86   11              LDA #$11
   1386  4+1   AC22 A7   46              STA 6,U
   1387  5+6   AC24 37   36              PULU D,X,Y
   1388  5+8   AC26 34   76              PSHS U,Y,X,D
   1389  3     AC28 CC   D000            LDD #$d000
   1390  3     AC2B 8E   0EEE            LDX #$0eee
   1391  4     AC2E 108E EE11            LDY #$ee11
   1392  5+6   AC32 36   36              PSHU D,X,Y
   1393  4+1   AC34 33   C8 28           LEAU 40,U
   1394
   1395  5+1   AC37 EC   C8 26           LDD 38,U
   1396  5+2   AC3A 34   06              PSHS D
   1397  2     AC3C 84   F0              ANDA #$F0
   1398  2     AC3E 8A   0E              ORA #$0e
   1399  2     AC40 C6   EE              LDB #$ee
   1400  5+1   AC42 ED   C8 26           STD 38,U
   1401  5+6   AC45 37   36              PULU D,X,Y
   1402  5+8   AC47 34   76              PSHS U,Y,X,D
   1403  3     AC49 CC   D00D            LDD #$d00d
   1404  3     AC4C 8E   0EEE            LDX #$0eee
   1405  4     AC4F 108E EE11            LDY #$ee11
   1406  5+6   AC53 36   36              PSHU D,X,Y
   1407  4+1   AC55 33   C8 28           LEAU 40,U
   1408
   1409  5+6   AC58 37   36              PULU D,X,Y
   1410  5+8   AC5A 34   76              PSHS U,Y,X,D
   1411  3     AC5C CC   B001            LDD #$b001
   1412  3     AC5F 8E   0EEE            LDX #$0eee
   1413  4     AC62 108E EE11            LDY #$ee11
   1414  5+6   AC66 36   36              PSHU D,X,Y
   1415  4+1   AC68 33   C8 27           LEAU 39,U
   1416
   1417  4+1   AC6B A6   46              LDA 6,U
   1418  5+1   AC6D 34   02              PSHS A
   1419  2     AC6F 86   11              LDA #$11
   1420  4+1   AC71 A7   46              STA 6,U
   1421  5+6   AC73 37   36              PULU D,X,Y
   1422  5+8   AC75 34   76              PSHS U,Y,X,D
   1423  3     AC77 CC   EEB0            LDD #$eeb0
   1424  3     AC7A 8E   0D0E            LDX #$0d0e
   1425  4     AC7D 108E EEEE            LDY #$eeee
   1426  5+6   AC81 36   36              PSHU D,X,Y
   1427  4+1   AC83 33   C8 28           LEAU 40,U
   1428
   1429  4+1   AC86 A6   46              LDA 6,U
   1430  5+1   AC88 34   02              PSHS A
   1431  2     AC8A 86   1E              LDA #$1e
   1432  4+1   AC8C A7   46              STA 6,U
   1433  5+6   AC8E 37   36              PULU D,X,Y
   1434  5+8   AC90 34   76              PSHS U,Y,X,D
   1435  3     AC92 CC   EEB0            LDD #$eeb0
   1436  3     AC95 8E   0D04            LDX #$0d04
   1437  4     AC98 108E EEEE            LDY #$eeee
   1438  5+6   AC9C 36   36              PSHU D,X,Y
   1439  4+1   AC9E 33   C8 28           LEAU 40,U
   1440
   1441  4+1   ACA1 A6   46              LDA 6,U
   1442  5+1   ACA3 34   02              PSHS A
   1443  2     ACA5 86   EE              LDA #$ee
   1444  4+1   ACA7 A7   46              STA 6,U
   1445  5+6   ACA9 37   36              PULU D,X,Y
   1446  5+8   ACAB 34   76              PSHS U,Y,X,D
   1447  3     ACAD CC   BE00            LDD #$be00
   1448  3     ACB0 8E   0044            LDX #$0044
   1449  4     ACB3 108E EEEE            LDY #$eeee
   1450  5+6   ACB7 36   36              PSHU D,X,Y
   1451  4+1   ACB9 33   C8 28           LEAU 40,U
   1452
   1453  5+1   ACBC EC   46              LDD 6,U
   1454  5+2   ACBE 34   06              PSHS D
   1455  2     ACC0 86   EE              LDA #$ee
   1456  2     ACC2 C4   0F              ANDB #$0F
   1457  2     ACC4 CA   E0              ORB #$e0
   1458  5+1   ACC6 ED   46              STD 6,U
   1459  5+6   ACC8 37   36              PULU D,X,Y
   1460  5+8   ACCA 34   76              PSHS U,Y,X,D
   1461  3     ACCC CC   DE00            LDD #$de00
   1462  3     ACCF 8E   0040            LDX #$0040
   1463  4     ACD2 108E EEEE            LDY #$eeee
   1464  5+6   ACD6 36   36              PSHU D,X,Y
   1465  4+1   ACD8 33   C8 28           LEAU 40,U
   1466
   1467  5+1   ACDB EC   46              LDD 6,U
   1468  5+2   ACDD 34   06              PSHS D
   1469  2     ACDF 86   EE              LDA #$ee
   1470  2     ACE1 C4   0F              ANDB #$0F
   1471  2     ACE3 CA   E0              ORB #$e0
   1472  5+1   ACE5 ED   46              STD 6,U
   1473  5+6   ACE7 37   36              PULU D,X,Y
   1474  5+8   ACE9 34   76              PSHS U,Y,X,D
   1475  3     ACEB CC   1100            LDD #$1100
   1476  3     ACEE 8E   0044            LDX #$0044
   1477  4     ACF1 108E 4EEE            LDY #$4eee
   1478  5+6   ACF5 36   36              PSHU D,X,Y
   1479  4+1   ACF7 33   C8 28           LEAU 40,U
   1480
   1481  5+1   ACFA AE   46              LDX 6,U
   1482  5+2   ACFC 34   10              PSHS X
   1483  3     ACFE CC   EEEE            LDD #$eeee
   1484  5+1   AD01 ED   46              STD 6,U
   1485  5+6   AD03 37   36              PULU D,X,Y
   1486  5+8   AD05 34   76              PSHS U,Y,X,D
   1487  3     AD07 CC   1100            LDD #$1100
   1488  3     AD0A 8E   0044            LDX #$0044
   1489  4     AD0D 108E 4EEE            LDY #$4eee
   1490  5+6   AD11 36   36              PSHU D,X,Y
   1491  4+1   AD13 33   C8 28           LEAU 40,U
   1492
   1493  5+1   AD16 AE   46              LDX 6,U
   1494  5+2   AD18 34   10              PSHS X
   1495  3     AD1A CC   33EE            LDD #$33ee
   1496  5+1   AD1D ED   46              STD 6,U
   1497  5+6   AD1F 37   36              PULU D,X,Y
   1498  5+8   AD21 34   76              PSHS U,Y,X,D
   1499  3     AD23 CC   0100            LDD #$0100
   1500  3     AD26 8E   0044            LDX #$0044
   1501  4     AD29 108E 4EEE            LDY #$4eee
   1502  5+6   AD2D 36   36              PSHU D,X,Y
   1503  4+1   AD2F 33   C8 28           LEAU 40,U
   1504
   1505  5+1   AD32 AE   46              LDX 6,U
   1506  5+2   AD34 34   10              PSHS X
   1507  3     AD36 CC   50EE            LDD #$50ee
   1508  5+1   AD39 ED   46              STD 6,U
   1509  5+6   AD3B 37   36              PULU D,X,Y
   1510  5+8   AD3D 34   76              PSHS U,Y,X,D
   1511  3     AD3F CC   0B40            LDD #$0b40
   1512  3     AD42 8E   4444            LDX #$4444
   1513  4     AD45 108E 4EEE            LDY #$4eee
   1514  5+6   AD49 36   36              PSHU D,X,Y
   1515  4+1   AD4B 33   C8 28           LEAU 40,U
   1516
   1517  5+1   AD4E AE   46              LDX 6,U
   1518  5+2   AD50 34   10              PSHS X
   1519  3     AD52 CC   40EE            LDD #$40ee
   1520  5+1   AD55 ED   46              STD 6,U
   1521  5+6   AD57 37   36              PULU D,X,Y
   1522  5+8   AD59 34   76              PSHS U,Y,X,D
   1523  3     AD5B CC   1144            LDD #$1144
   1524  3     AD5E 8E   4444            LDX #$4444
   1525  4     AD61 108E 4EDD            LDY #$4edd
   1526  5+6   AD65 36   36              PSHU D,X,Y
   1527  4+1   AD67 33   C8 28           LEAU 40,U
   1528
   1529  5+1   AD6A AE   46              LDX 6,U
   1530  5+2   AD6C 34   10              PSHS X
   1531  3     AD6E CC   34EE            LDD #$34ee
   1532  5+1   AD71 ED   46              STD 6,U
   1533  5+6   AD73 37   36              PULU D,X,Y
   1534  5+8   AD75 34   76              PSHS U,Y,X,D
   1535  3     AD77 CC   1144            LDD #$1144
   1536  3     AD7A 8E   4445            LDX #$4445
   1537  4     AD7D 108E 3EBB            LDY #$3ebb
   1538  5+6   AD81 36   36              PSHU D,X,Y
   1539  4+1   AD83 33   C8 28           LEAU 40,U
   1540
   1541  5+1   AD86 AE   46              LDX 6,U
   1542  5+2   AD88 34   10              PSHS X
   1543  3     AD8A CC   44EE            LDD #$44ee
   1544  5+1   AD8D ED   46              STD 6,U
   1545  5+6   AD8F 37   36              PULU D,X,Y
   1546  5+8   AD91 34   76              PSHS U,Y,X,D
   1547  3     AD93 CC   1144            LDD #$1144
   1548  3     AD96 8E   4454            LDX #$4454
   1549  4     AD99 108E DD00            LDY #$dd00
   1550  5+6   AD9D 36   36              PSHU D,X,Y
   1551  4+1   AD9F 33   C8 28           LEAU 40,U
   1552
   1553  5+1   ADA2 AE   46              LDX 6,U
   1554  5+2   ADA4 34   10              PSHS X
   1555  3     ADA6 CC   44EE            LDD #$44ee
   1556  5+1   ADA9 ED   46              STD 6,U
   1557  5+6   ADAB 37   36              PULU D,X,Y
   1558  5+8   ADAD 34   76              PSHS U,Y,X,D
   1559  3     ADAF CC   DB44            LDD #$db44
   1560  3     ADB2 8E   4444            LDX #$4444
   1561  4     ADB5 108E BBB0            LDY #$bbb0
   1562  5+6   ADB9 36   36              PSHU D,X,Y
   1563  4+1   ADBB 33   C8 29           LEAU 41,U
   1564
   1565  4+1   ADBE A6   46              LDA 6,U
   1566  5+1   ADC0 34   02              PSHS A
   1567  2     ADC2 86   EE              LDA #$ee
   1568  4+1   ADC4 A7   46              STA 6,U
   1569  5+6   ADC6 37   36              PULU D,X,Y
   1570  5+8   ADC8 34   76              PSHS U,Y,X,D
   1571  3     ADCA CC   4444            LDD #$4444
   1572  3     ADCD 8E   4D00            LDX #$4d00
   1573  4     ADD0 108E D0D4            LDY #$d0d4
   1574  5+6   ADD4 36   36              PSHU D,X,Y
   1575  4+1   ADD6 33   C8 28           LEAU 40,U
   1576
   1577  5+1   ADD9 EC   46              LDD 6,U
   1578  5+2   ADDB 34   06              PSHS D
   1579  2     ADDD 86   EE              LDA #$ee
   1580  2     ADDF C4   0F              ANDB #$0F
   1581  2     ADE1 CA   E0              ORB #$e0
   1582  5+1   ADE3 ED   46              STD 6,U
   1583  5+6   ADE5 37   36              PULU D,X,Y
   1584  5+8   ADE7 34   76              PSHS U,Y,X,D
   1585  3     ADE9 CC   4444            LDD #$4444
   1586  3     ADEC 8E   DB00            LDX #$db00
   1587  4     ADEF 108E BBD4            LDY #$bbd4
   1588  5+6   ADF3 36   36              PSHU D,X,Y
   1589  4+1   ADF5 33   C8 28           LEAU 40,U
   1590
   1591  5+1   ADF8 EC   46              LDD 6,U
   1592  5+2   ADFA 34   06              PSHS D
   1593  2     ADFC 86   EE              LDA #$ee
   1594  2     ADFE C4   0F              ANDB #$0F
   1595  2     AE00 CA   E0              ORB #$e0
   1596  5+1   AE02 ED   46              STD 6,U
   1597  5+1   AE04 EC   C8 28           LDD 40,U
   1598  5+2   AE07 34   06              PSHS D
   1599  2     AE09 84   F0              ANDA #$F0
   1600  2     AE0B 8A   05              ORA #$05
   1601  2     AE0D C6   44              LDB #$44
   1602  5+1   AE0F ED   C8 28           STD 40,U
   1603  5+6   AE12 37   36              PULU D,X,Y
   1604  5+8   AE14 34   76              PSHS U,Y,X,D
   1605  3     AE16 CC   5444            LDD #$5444
   1606  3     AE19 8E   B000            LDX #$b000
   1607  4     AE1C 108E BDD5            LDY #$bdd5
   1608  5+6   AE20 36   36              PSHU D,X,Y
   1609  4+1   AE22 33   C8 2A           LEAU 42,U
   1610
   1611  4+1   AE25 A6   45              LDA 5,U
   1612  5+1   AE27 34   02              PSHS A
   1613  2     AE29 84   0F              ANDA #$0F
   1614  2     AE2B 8A   E0              ORA #$e0
   1615  4+1   AE2D A7   45              STA 5,U
   1616  5+5   AE2F 37   32              PULU A,X,Y
   1617  5+7   AE31 34   72              PSHS U,Y,X,A
   1618  2     AE33 86   00              LDA #$00
   1619  3     AE35 8E   000D            LDX #$000d
   1620  4     AE38 108E D3EE            LDY #$d3ee
   1621  5+5   AE3C 36   32              PSHU A,X,Y
   1622  4+1   AE3E 33   C8 27           LEAU 39,U
   1623
   1624  4+1   AE41 A6   46              LDA 6,U
   1625  5+1   AE43 34   02              PSHS A
   1626  2     AE45 84   0F              ANDA #$0F
   1627  2     AE47 8A   E0              ORA #$e0
   1628  4+1   AE49 A7   46              STA 6,U
   1629  5+6   AE4B 37   36              PULU D,X,Y
   1630  5+8   AE4D 34   76              PSHS U,Y,X,D
   1631  3     AE4F CC   5D00            LDD #$5d00
   1632  3     AE52 8E   000B            LDX #$000b
   1633  4     AE55 108E D111            LDY #$d111
   1634  5+6   AE59 36   36              PSHU D,X,Y
   1635  4+1   AE5B 33   C8 28           LEAU 40,U
   1636
   1637  4+1   AE5E A6   46              LDA 6,U
   1638  5+1   AE60 34   02              PSHS A
   1639  2     AE62 86   EE              LDA #$ee
   1640  4+1   AE64 A7   46              STA 6,U
   1641  5+6   AE66 37   36              PULU D,X,Y
   1642  5+8   AE68 34   76              PSHS U,Y,X,D
   1643  3     AE6A CC   DB00            LDD #$db00
   1644  3     AE6D 8E   000B            LDX #$000b
   1645  4     AE70 108E D111            LDY #$d111
   1646  5+6   AE74 36   36              PSHU D,X,Y
   1647  4+1   AE76 33   C8 28           LEAU 40,U
   1648
   1649  4+1   AE79 A6   46              LDA 6,U
   1650  5+1   AE7B 34   02              PSHS A
   1651  2     AE7D 86   EE              LDA #$ee
   1652  4+1   AE7F A7   46              STA 6,U
   1653  5+6   AE81 37   36              PULU D,X,Y
   1654  5+8   AE83 34   76              PSHS U,Y,X,D
   1655  3     AE85 CC   D000            LDD #$d000
   1656  3     AE88 8E   000B            LDX #$000b
   1657  4     AE8B 108E D111            LDY #$d111
   1658  5+6   AE8F 36   36              PSHU D,X,Y
   1659  4+1   AE91 33   C8 28           LEAU 40,U
   1660
   1661  4+1   AE94 A6   46              LDA 6,U
   1662  5+1   AE96 34   02              PSHS A
   1663  2     AE98 86   1E              LDA #$1e
   1664  4+1   AE9A A7   46              STA 6,U
   1665  5+5   AE9C 37   32              PULU A,X,Y
   1666  5+7   AE9E 34   72              PSHS U,Y,X,A
   1667  2     AEA0 86   BD              LDA #$bd
   1668  3     AEA2 8E   B000            LDX #$b000
   1669  4     AEA5 108E 0BD1            LDY #$0bd1
   1670  5+5   AEA9 36   32              PSHU A,X,Y
   1671  4+1   AEAB 33   C8 28           LEAU 40,U
   1672
   1673  4+1   AEAE A6   44              LDA 4,U
   1674  5+1   AEB0 34   02              PSHS A
   1675  2     AEB2 84   0F              ANDA #$0F
   1676  2     AEB4 8A   10              ORA #$10
   1677  4+1   AEB6 A7   44              STA 4,U
   1678  5+4   AEB8 37   30              PULU X,Y
   1679  5+6   AEBA 34   70              PSHS U,Y,X
   1680  3     AEBC CC   D0D0            LDD #$d0d0
   1681  3     AEBF 8E   000B            LDX #$000b
   1682  5+4   AEC2 36   16              PSHU D,X
   1683  4+1   AEC4 33   C8 28           LEAU 40,U
   1684
   1685  4+1   AEC7 A6   44              LDA 4,U
   1686  5+1   AEC9 34   02              PSHS A
   1687  2     AECB 84   0F              ANDA #$0F
   1688  2     AECD 8A   10              ORA #$10
   1689  4+1   AECF A7   44              STA 4,U
   1690  5+4   AED1 37   30              PULU X,Y
   1691  5+6   AED3 34   70              PSHS U,Y,X
   1692  3     AED5 CC   D0B0            LDD #$d0b0
   1693  3     AED8 8E   000B            LDX #$000b
   1694  5+4   AEDB 36   16              PSHU D,X
   1695  4+1   AEDD 33   C8 28           LEAU 40,U
   1696
   1697  5+5   AEE0 37   32              PULU A,X,Y
   1698  5+7   AEE2 34   72              PSHS U,Y,X,A
   1699  2     AEE4 86   DB              LDA #$db
   1700  3     AEE6 8E   B000            LDX #$b000
   1701  4     AEE9 108E 0BE1            LDY #$0be1
   1702  5+5   AEED 36   32              PSHU A,X,Y
   1703  4+1   AEEF 33   C8 28           LEAU 40,U
   1704
   1705  5+5   AEF2 37   32              PULU A,X,Y
   1706  5+7   AEF4 34   72              PSHS U,Y,X,A
   1707  2     AEF6 86   DB              LDA #$db
   1708  3     AEF8 8E   0000            LDX #$0000
   1709  4     AEFB 108E BBEE            LDY #$bbee
   1710  5+5   AEFF 36   32              PSHU A,X,Y
   1711  4+1   AF01 33   C8 28           LEAU 40,U
   1712
   1713  5+5   AF04 37   32              PULU A,X,Y
   1714  5+7   AF06 34   72              PSHS U,Y,X,A
   1715  2     AF08 86   DB              LDA #$db
   1716  3     AF0A 8E   0000            LDX #$0000
   1717  4     AF0D 108E BDEE            LDY #$bdee
   1718  5+5   AF11 36   32              PSHU A,X,Y
   1719  4+1   AF13 33   C8 28           LEAU 40,U
   1720
   1721  5+5   AF16 37   32              PULU A,X,Y
   1722  5+7   AF18 34   72              PSHS U,Y,X,A
   1723  2     AF1A 86   DB              LDA #$db
   1724  3     AF1C 8E   B000            LDX #$b000
   1725  4     AF1F 108E BDEE            LDY #$bdee
   1726  5+5   AF23 36   32              PSHU A,X,Y
   1727  4+1   AF25 33   C8 28           LEAU 40,U
   1728
   1729  5+5   AF28 37   32              PULU A,X,Y
   1730  5+7   AF2A 34   72              PSHS U,Y,X,A
   1731  2     AF2C 86   DD              LDA #$dd
   1732  3     AF2E 8E   BB00            LDX #$bb00
   1733  4     AF31 108E DDEE            LDY #$ddee
   1734  5+5   AF35 36   32              PSHU A,X,Y
   1735  4+1   AF37 33   C8 29           LEAU 41,U
   1736
   1737  5+4   AF3A 37   30              PULU X,Y
   1738  5+6   AF3C 34   70              PSHS U,Y,X
   1739  2     AF3E C6   BB              LDB #$bb
   1740  3     AF40 8E   D1EE            LDX #$d1ee
   1741  5+4   AF43 36   16              PSHU D,X
   1742  4+1   AF45 33   C8 28           LEAU 40,U
   1743
   1744  5+4   AF48 37   30              PULU X,Y
   1745  5+6   AF4A 34   70              PSHS U,Y,X
   1746  3     AF4C 8E   D1EE            LDX #$d1ee
   1747  5+4   AF4F 36   16              PSHU D,X
   1748  4+1   AF51 33   C8 28           LEAU 40,U
   1749
   1750  5+1   AF54 AE   C8 28           LDX 40,U
   1751  6+1   AF57 10AE C8 50           LDY 80,U
   1752  5+4   AF5B 34   30              PSHS Y,X
   1753  4+1   AF5D A6   C8 53           LDA 83,U
   1754  5+1   AF60 34   02              PSHS A
   1755  2     AF62 84   F0              ANDA #$F0
   1756  2     AF64 8A   0E              ORA #$0e
   1757  4+1   AF66 A7   C8 53           STA 83,U
   1758  5+1   AF69 EC   C8 2A           LDD 42,U
   1759  5+2   AF6C 34   06              PSHS D
   1760  2     AF6E 84   F0              ANDA #$F0
   1761  2     AF70 8A   0E              ORA #$0e
   1762  2     AF72 C6   EE              LDB #$ee
   1763  5+1   AF74 ED   C8 2A           STD 42,U
   1764  3     AF77 CC   DDDD            LDD #$dddd
   1765  5+1   AF7A ED   C8 28           STD 40,U
   1766  5+1   AF7D ED   C8 50           STD 80,U
   1767  5+4   AF80 37   30              PULU X,Y
   1768  5+6   AF82 34   70              PSHS U,Y,X
   1769  3     AF84 8E   1EEE            LDX #$1eee
   1770  5+4   AF87 36   16              PSHU D,X
   1771  4+0   AF89 33   E4              LEAU ,S
   1772        AF8B               SSAV_Img_sonic_3
   1773  4     AF8B 10CE 0000            LDS #$0000
   1774  5     AF8F 39                   RTS
   1775
----------------
9703 cycle(s)
3984 byte(s)
----------------
   1777

000000 Total Errors

000003 Total Symbols
     0x          Label A000 BCKDRAW_Img_sonic_3
     1x          Label A797 DYN_POS
     1x          Label AF8B SSAV_Img_sonic_3

