/*--------------------------------------------------------------*
 * Compilé avec C6809 v0.83                                     *
 *--------------------------------------------------------------*
 * Fichier source      : ./Sonic2/GeneratedCode/TitleScreen/Img_tails_1_NB0.ASM
 * Fichier destination : ./Sonic2/GeneratedCode/TitleScreen/Img_tails_1_NB0.BIN
 * Contenu :
 *     Main     0:IMGD.ASM     15790
 *--------------------------------------------------------------*/

Macro Pass
Pass1
Pass2
      2        A000                      ORG $A000
      3                  FF              SETDP $FF
      4        A000               BCKDRAW_Img_tails_1
      5  6+5   A000 10EF 8D 0B6C         STS SSAV_Img_tails_1+1,PCR
      6
      7  5+5   A005 ED   8D 057C         STD DYN_POS+1,PCR
      8  4+0   A009 32   C4              LEAS ,U
      9  5+0   A00B EE   A4              LDU ,Y
     10  4+4   A00D 33   C9 02D9         LEAU 729,U
     11
     12  5+1   A011 EC   5F              LDD -1,U
     13  5+2   A013 34   06              PSHS D
     14  2     A015 84   F0              ANDA #$F0
     15  2     A017 8A   05              ORA #$05
     16  2     A019 C6   63              LDB #$63
     17  5+1   A01B ED   5F              STD -1,U
     18  4+1   A01D A6   C8 D8           LDA -40,U
     19  5+1   A020 AE   C8 27           LDX 39,U
     20  5+5   A023 34   52              PSHS U,X,A
     21  2     A025 86   53              LDA #$53
     22  4+1   A027 A7   C8 D8           STA -40,U
     23  2     A02A 86   56              LDA #$56
     24  5+1   A02C ED   C8 27           STD 39,U
     25  4+4   A02F 33   C9 00C6         LEAU 198,U
     26
     27  5+1   A033 AE   C8 89           LDX -119,U
     28  2     A036 86   66              LDA #$66
     29  5+1   A038 ED   C8 89           STD -119,U
     30  6+1   A03B 10AE C8 B1           LDY -79,U
     31  5+4   A03F 34   30              PSHS Y,X
     32  2     A041 86   63              LDA #$63
     33  5+1   A043 ED   C8 B1           STD -79,U
     34  5+1   A046 EC   C8 D8           LDD -40,U
     35  5+2   A049 34   06              PSHS D
     36  2     A04B 84   F0              ANDA #$F0
     37  2     A04D 8A   05              ORA #$05
     38  2     A04F C6   3D              LDB #$3d
     39  5+1   A051 ED   C8 D8           STD -40,U
     40  5+1   A054 EC   C8 27           LDD 39,U
     41  5+2   A057 34   06              PSHS D
     42  2     A059 84   F0              ANDA #$F0
     43  2     A05B 8A   05              ORA #$05
     44  2     A05D C6   76              LDB #$76
     45  5+1   A05F ED   C8 27           STD 39,U
     46  4+1   A062 A6   C8 DA           LDA -38,U
     47  5+1   A065 AE   C8 29           LDX 41,U
     48  5+3   A068 34   12              PSHS X,A
     49  3     A06A CC   CB63            LDD #$cb63
     50  5+1   A06D ED   C8 29           STD 41,U
     51  4+1   A070 E7   C8 DA           STB -38,U
     52  5+3   A073 37   12              PULU A,X
     53  5+5   A075 34   52              PSHS U,X,A
     54  2     A077 86   56              LDA #$56
     55  3     A079 8E   DC63            LDX #$dc63
     56  5+3   A07C 36   12              PSHU A,X
     57  4+1   A07E 33   C8 4F           LEAU 79,U
     58
     59  5+4   A081 37   30              PULU X,Y
     60  5+6   A083 34   70              PSHS U,Y,X
     61  2     A085 C6   77              LDB #$77
     62  3     A087 8E   B063            LDX #$b063
     63  5+4   A08A 36   16              PSHU D,X
     64  4+1   A08C 33   C8 28           LEAU 40,U
     65
     66  5+4   A08F 37   30              PULU X,Y
     67  5+6   A091 34   70              PSHS U,Y,X
     68  3     A093 CC   6667            LDD #$6667
     69  3     A096 8E   BB63            LDX #$bb63
     70  5+4   A099 36   16              PSHU D,X
     71  4+1   A09B 33   C8 28           LEAU 40,U
     72
     73  5+4   A09E 37   30              PULU X,Y
     74  5+6   A0A0 34   70              PSHS U,Y,X
     75  2     A0A2 C6   66              LDB #$66
     76  3     A0A4 8E   5B63            LDX #$5b63
     77  5+4   A0A7 36   16              PSHU D,X
     78  4+1   A0A9 33   C8 28           LEAU 40,U
     79
     80  5+1   A0AC EC   C8 27           LDD 39,U
     81  5+2   A0AF 34   06              PSHS D
     82  2     A0B1 84   F0              ANDA #$F0
     83  2     A0B3 8A   05              ORA #$05
     84  2     A0B5 C6   66              LDB #$66
     85  5+1   A0B7 ED   C8 27           STD 39,U
     86  5+4   A0BA 37   30              PULU X,Y
     87  5+6   A0BC 34   70              PSHS U,Y,X
     88  3     A0BE CC   6666            LDD #$6666
     89  3     A0C1 8E   7563            LDX #$7563
     90  5+4   A0C4 36   16              PSHU D,X
     91  4+1   A0C6 33   C8 29           LEAU 41,U
     92
     93  5+1   A0C9 EC   C8 25           LDD 37,U
     94  5+2   A0CC 34   06              PSHS D
     95  2     A0CE 86   33              LDA #$33
     96  2     A0D0 C4   F0              ANDB #$F0
     97  2     A0D2 CA   06              ORB #$06
     98  5+1   A0D4 ED   C8 25           STD 37,U
     99  5+3   A0D7 37   12              PULU A,X
    100  5+5   A0D9 34   52              PSHS U,X,A
    101  2     A0DB 86   66              LDA #$66
    102  3     A0DD 8E   7763            LDX #$7763
    103  5+3   A0E0 36   12              PSHU A,X
    104  4+1   A0E2 33   C8 27           LEAU 39,U
    105
    106  5+4   A0E5 37   30              PULU X,Y
    107  5+6   A0E7 34   70              PSHS U,Y,X
    108  3     A0E9 CC   6666            LDD #$6666
    109  3     A0EC 8E   7763            LDX #$7763
    110  5+4   A0EF 36   16              PSHU D,X
    111  4+1   A0F1 33   C8 26           LEAU 38,U
    112
    113  5+6   A0F4 37   36              PULU D,X,Y
    114  5+8   A0F6 34   76              PSHS U,Y,X,D
    115  3     A0F8 CC   6656            LDD #$6656
    116  3     A0FB 8E   6666            LDX #$6666
    117  4     A0FE 108E 7763            LDY #$7763
    118  5+6   A102 36   36              PSHU D,X,Y
    119  4+1   A104 33   C8 28           LEAU 40,U
    120
    121  5+6   A107 37   36              PULU D,X,Y
    122  5+8   A109 34   76              PSHS U,Y,X,D
    123  3     A10B CC   3656            LDD #$3656
    124  3     A10E 8E   6666            LDX #$6666
    125  4     A111 108E 7753            LDY #$7753
    126  5+6   A115 36   36              PSHU D,X,Y
    127  4+1   A117 33   C8 28           LEAU 40,U
    128
    129  5+6   A11A 37   36              PULU D,X,Y
    130  5+8   A11C 34   76              PSHS U,Y,X,D
    131  3     A11E CC   B570            LDD #$b570
    132  3     A121 8E   6666            LDX #$6666
    133  4     A124 108E 7753            LDY #$7753
    134  5+6   A128 36   36              PSHU D,X,Y
    135  4+1   A12A 33   C8 28           LEAU 40,U
    136
    137  5+6   A12D 37   36              PULU D,X,Y
    138  5+8   A12F 34   76              PSHS U,Y,X,D
    139  3     A131 CC   5660            LDD #$5660
    140  3     A134 8E   6666            LDX #$6666
    141  4     A137 108E 7753            LDY #$7753
    142  5+6   A13B 36   36              PSHU D,X,Y
    143  4+1   A13D 33   C8 28           LEAU 40,U
    144
    145  5+6   A140 37   36              PULU D,X,Y
    146  5+8   A142 34   76              PSHS U,Y,X,D
    147  3     A144 CC   6666            LDD #$6666
    148  3     A147 8E   6666            LDX #$6666
    149  4     A14A 108E 6753            LDY #$6753
    150  5+6   A14E 36   36              PSHU D,X,Y
    151  4+1   A150 33   C8 28           LEAU 40,U
    152
    153  4+1   A153 A6   45              LDA 5,U
    154  5+1   A155 34   02              PSHS A
    155  2     A157 84   0F              ANDA #$0F
    156  2     A159 8A   50              ORA #$50
    157  4+1   A15B A7   45              STA 5,U
    158  5+5   A15D 37   32              PULU A,X,Y
    159  5+7   A15F 34   72              PSHS U,Y,X,A
    160  2     A161 86   63              LDA #$63
    161  3     A163 8E   6666            LDX #$6666
    162  4     A166 108E 7667            LDY #$7667
    163  5+5   A16A 36   32              PSHU A,X,Y
    164  4+1   A16C 33   C8 28           LEAU 40,U
    165
    166  4+1   A16F A6   45              LDA 5,U
    167  5+1   A171 34   02              PSHS A
    168  2     A173 84   0F              ANDA #$0F
    169  2     A175 8A   50              ORA #$50
    170  4+1   A177 A7   45              STA 5,U
    171  5+5   A179 37   32              PULU A,X,Y
    172  5+7   A17B 34   72              PSHS U,Y,X,A
    173  2     A17D 86   3B              LDA #$3b
    174  3     A17F 8E   6667            LDX #$6667
    175  4     A182 108E 0667            LDY #$0667
    176  5+5   A186 36   32              PSHU A,X,Y
    177  4+1   A188 33   C8 28           LEAU 40,U
    178
    179  4+1   A18B A6   45              LDA 5,U
    180  5+1   A18D 34   02              PSHS A
    181  2     A18F 84   0F              ANDA #$0F
    182  2     A191 8A   50              ORA #$50
    183  4+1   A193 A7   45              STA 5,U
    184  5+5   A195 37   32              PULU A,X,Y
    185  5+7   A197 34   72              PSHS U,Y,X,A
    186  2     A199 86   37              LDA #$37
    187  3     A19B 8E   6667            LDX #$6667
    188  4     A19E 108E 0767            LDY #$0767
    189  5+5   A1A2 36   32              PSHU A,X,Y
    190  4+1   A1A4 33   C8 28           LEAU 40,U
    191
    192  5+1   A1A7 EC   C8 27           LDD 39,U
    193  5+2   A1AA 34   06              PSHS D
    194  2     A1AC 84   F0              ANDA #$F0
    195  2     A1AE 8A   05              ORA #$05
    196  2     A1B0 C6   73              LDB #$73
    197  5+1   A1B2 ED   C8 27           STD 39,U
    198  5+6   A1B5 37   36              PULU D,X,Y
    199  5+8   A1B7 34   76              PSHS U,Y,X,D
    200  3     A1B9 CC   7666            LDD #$7666
    201  3     A1BC 8E   670B            LDX #$670b
    202  4     A1BF 108E 673D            LDY #$673d
    203  5+6   A1C3 36   36              PSHU D,X,Y
    204  4+1   A1C5 33   C8 29           LEAU 41,U
    205
    206  5+1   A1C8 EC   C8 26           LDD 38,U
    207  5+2   A1CB 34   06              PSHS D
    208  2     A1CD 84   F0              ANDA #$F0
    209  2     A1CF 8A   05              ORA #$05
    210  2     A1D1 C6   37              LDB #$37
    211  5+1   A1D3 ED   C8 26           STD 38,U
    212  5+5   A1D6 37   32              PULU A,X,Y
    213  5+7   A1D8 34   72              PSHS U,Y,X,A
    214  2     A1DA 86   66              LDA #$66
    215  3     A1DC 8E   6700            LDX #$6700
    216  4     A1DF 108E 77DB            LDY #$77db
    217  5+5   A1E3 36   32              PSHU A,X,Y
    218  4+1   A1E5 33   C8 28           LEAU 40,U
    219
    220  5+1   A1E8 EC   C8 26           LDD 38,U
    221  5+2   A1EB 34   06              PSHS D
    222  2     A1ED 84   F0              ANDA #$F0
    223  2     A1EF C4   F0              ANDB #$F0
    224  4     A1F1 C3   0306            ADDD #$0306
    225  5+1   A1F4 ED   C8 26           STD 38,U
    226  5+5   A1F7 37   32              PULU A,X,Y
    227  5+7   A1F9 34   72              PSHS U,Y,X,A
    228  2     A1FB 86   66              LDA #$66
    229  3     A1FD 8E   6700            LDX #$6700
    230  4     A200 108E 77BD            LDY #$77bd
    231  5+5   A204 36   32              PSHU A,X,Y
    232  4+1   A206 33   C8 28           LEAU 40,U
    233
    234  5+1   A209 EC   C8 27           LDD 39,U
    235  5+2   A20C 34   06              PSHS D
    236  2     A20E 84   F0              ANDA #$F0
    237  2     A210 8A   06              ORA #$06
    238  2     A212 C6   66              LDB #$66
    239  5+1   A214 ED   C8 27           STD 39,U
    240  5+5   A217 37   32              PULU A,X,Y
    241  5+7   A219 34   72              PSHS U,Y,X,A
    242  3     A21B 8E   6701            LDX #$6701
    243  4     A21E 108E 77BD            LDY #$77bd
    244  5+5   A222 36   34              PSHU B,X,Y
    245  4+1   A224 33   C8 29           LEAU 41,U
    246
    247  5+1   A227 EC   C8 25           LDD 37,U
    248  5+2   A22A 34   06              PSHS D
    249  2     A22C 84   0F              ANDA #$0F
    250  2     A22E 8A   30              ORA #$30
    251  2     A230 C6   53              LDB #$53
    252  5+1   A232 ED   C8 25           STD 37,U
    253  4+1   A235 A6   43              LDA 3,U
    254  5+1   A237 34   02              PSHS A
    255  2     A239 84   0F              ANDA #$0F
    256  2     A23B 8A   D0              ORA #$d0
    257  4+1   A23D A7   43              STA 3,U
    258  5+3   A23F 37   12              PULU A,X
    259  5+5   A241 34   52              PSHS U,X,A
    260  2     A243 86   66              LDA #$66
    261  3     A245 8E   B077            LDX #$b077
    262  5+3   A248 36   12              PSHU A,X
    263  4+1   A24A 33   C8 27           LEAU 39,U
    264
    265  5+1   A24D EC   C8 26           LDD 38,U
    266  5+2   A250 34   06              PSHS D
    267  2     A252 84   0F              ANDA #$0F
    268  2     A254 C4   0F              ANDB #$0F
    269  4     A256 C3   3070            ADDD #$3070
    270  5+1   A259 ED   C8 26           STD 38,U
    271  5+5   A25C 37   32              PULU A,X,Y
    272  5+7   A25E 34   72              PSHS U,Y,X,A
    273  2     A260 86   76              LDA #$76
    274  3     A262 8E   6610            LDX #$6610
    275  4     A265 108E 75DD            LDY #$75dd
    276  5+5   A269 36   32              PSHU A,X,Y
    277  4+1   A26B 33   C8 28           LEAU 40,U
    278
    279  5+1   A26E EC   C8 27           LDD 39,U
    280  5+2   A271 34   06              PSHS D
    281  2     A273 84   0F              ANDA #$0F
    282  2     A275 8A   60              ORA #$60
    283  2     A277 C6   57              LDB #$57
    284  5+1   A279 ED   C8 27           STD 39,U
    285  5+5   A27C 37   32              PULU A,X,Y
    286  5+7   A27E 34   72              PSHS U,Y,X,A
    287  2     A280 86   77              LDA #$77
    288  3     A282 8E   6600            LDX #$6600
    289  4     A285 108E 75BC            LDY #$75bc
    290  5+5   A289 36   32              PSHU A,X,Y
    291  4+1   A28B 33   C8 29           LEAU 41,U
    292
    293  5+1   A28E EC   C8 26           LDD 38,U
    294  5+2   A291 34   06              PSHS D
    295  2     A293 84   0F              ANDA #$0F
    296  2     A295 8A   30              ORA #$30
    297  2     A297 C6   57              LDB #$57
    298  5+1   A299 ED   C8 26           STD 38,U
    299  5+4   A29C 37   30              PULU X,Y
    300  5+6   A29E 34   70              PSHS U,Y,X
    301  3     A2A0 CC   6600            LDD #$6600
    302  3     A2A3 8E   5DBD            LDX #$5dbd
    303  5+4   A2A6 36   16              PSHU D,X
    304  4+1   A2A8 33   C8 28           LEAU 40,U
    305
    306  5+1   A2AB EC   C8 25           LDD 37,U
    307  5+2   A2AE 34   06              PSHS D
    308  2     A2B0 84   F0              ANDA #$F0
    309  2     A2B2 C4   0F              ANDB #$0F
    310  4     A2B4 C3   0530            ADDD #$0530
    311  5+1   A2B7 ED   C8 25           STD 37,U
    312  5+1   A2BA EC   C8 27           LDD 39,U
    313  5+2   A2BD 34   06              PSHS D
    314  2     A2BF 84   F0              ANDA #$F0
    315  2     A2C1 8A   05              ORA #$05
    316  2     A2C3 C6   67              LDB #$67
    317  5+1   A2C5 ED   C8 27           STD 39,U
    318  5+4   A2C8 37   30              PULU X,Y
    319  5+6   A2CA 34   70              PSHS U,Y,X
    320  3     A2CC CC   6700            LDD #$6700
    321  3     A2CF 8E   5BDD            LDX #$5bdd
    322  5+4   A2D2 36   16              PSHU D,X
    323  4+1   A2D4 33   C8 29           LEAU 41,U
    324
    325  5+1   A2D7 EC   C8 24           LDD 36,U
    326  5+2   A2DA 34   06              PSHS D
    327  2     A2DC 84   F0              ANDA #$F0
    328  2     A2DE C4   0F              ANDB #$0F
    329  4     A2E0 C3   0530            ADDD #$0530
    330  5+1   A2E3 ED   C8 24           STD 36,U
    331  5+1   A2E6 EC   C8 26           LDD 38,U
    332  5+2   A2E9 34   06              PSHS D
    333  2     A2EB 84   F0              ANDA #$F0
    334  2     A2ED 8A   05              ORA #$05
    335  2     A2EF C6   01              LDB #$01
    336  5+1   A2F1 ED   C8 26           STD 38,U
    337  5+3   A2F4 37   12              PULU A,X
    338  5+5   A2F6 34   52              PSHS U,X,A
    339  2     A2F8 86   00              LDA #$00
    340  3     A2FA 8E   CABB            LDX #$cabb
    341  5+3   A2FD 36   12              PSHU A,X
    342  4+1   A2FF 33   C8 28           LEAU 40,U
    343
    344  5+1   A302 EC   C8 26           LDD 38,U
    345  5+2   A305 34   06              PSHS D
    346  2     A307 84   F0              ANDA #$F0
    347  2     A309 8A   05              ORA #$05
    348  2     A30B C6   D1              LDB #$d1
    349  5+1   A30D ED   C8 26           STD 38,U
    350  4+1   A310 A6   C8 24           LDA 36,U
    351  5+1   A313 34   02              PSHS A
    352  2     A315 84   F0              ANDA #$F0
    353  2     A317 8A   03              ORA #$03
    354  4+1   A319 A7   C8 24           STA 36,U
    355  5+3   A31C 37   12              PULU A,X
    356  5+5   A31E 34   52              PSHS U,X,A
    357  2     A320 86   B0              LDA #$b0
    358  3     A322 8E   A0AB            LDX #$a0ab
    359  5+3   A325 36   12              PSHU A,X
    360  4+1   A327 33   C8 28           LEAU 40,U
    361
    362  4+1   A32A A6   C8 24           LDA 36,U
    363  5+1   A32D 34   02              PSHS A
    364  2     A32F 84   F0              ANDA #$F0
    365  2     A331 8A   03              ORA #$03
    366  4+1   A333 A7   C8 24           STA 36,U
    367  5+3   A336 37   12              PULU A,X
    368  5+5   A338 34   52              PSHS U,X,A
    369  2     A33A 86   0A              LDA #$0a
    370  3     A33C 8E   00AB            LDX #$00ab
    371  5+3   A33F 36   12              PSHU A,X
    372  4+1   A341 33   C8 27           LEAU 39,U
    373
    374  5+4   A344 37   30              PULU X,Y
    375  5+6   A346 34   70              PSHS U,Y,X
    376  3     A348 CC   1B00            LDD #$1b00
    377  3     A34B 8E   00BC            LDX #$00bc
    378  5+4   A34E 36   16              PSHU D,X
    379  4+1   A350 33   C8 28           LEAU 40,U
    380
    381  5+4   A353 37   30              PULU X,Y
    382  5+6   A355 34   70              PSHS U,Y,X
    383  2     A357 86   00              LDA #$00
    384  3     A359 8E   00BD            LDX #$00bd
    385  5+4   A35C 36   16              PSHU D,X
    386  4+1   A35E 33   C8 28           LEAU 40,U
    387
    388  5+4   A361 37   30              PULU X,Y
    389  5+6   A363 34   70              PSHS U,Y,X
    390  3     A365 8E   00BB            LDX #$00bb
    391  5+4   A368 36   16              PSHU D,X
    392  4+1   A36A 33   C8 27           LEAU 39,U
    393
    394  5+5   A36D 37   32              PULU A,X,Y
    395  5+7   A36F 34   72              PSHS U,Y,X,A
    396  2     A371 86   CC              LDA #$cc
    397  3     A373 8E   A000            LDX #$a000
    398  4     A376 108E 00CC            LDY #$00cc
    399  5+5   A37A 36   32              PSHU A,X,Y
    400  4+1   A37C 33   C8 28           LEAU 40,U
    401
    402  5+5   A37F 37   32              PULU A,X,Y
    403  5+7   A381 34   72              PSHS U,Y,X,A
    404  2     A383 86   BB              LDA #$bb
    405  3     A385 8E   0000            LDX #$0000
    406  4     A388 108E 00DD            LDY #$00dd
    407  5+5   A38C 36   32              PSHU A,X,Y
    408  4+1   A38E 33   C8 28           LEAU 40,U
    409
    410  5+4   A391 37   30              PULU X,Y
    411  5+6   A393 34   70              PSHS U,Y,X
    412  2     A395 86   CB              LDA #$cb
    413  3     A397 8E   0000            LDX #$0000
    414  5+4   A39A 36   16              PSHU D,X
    415  4+1   A39C 33   C8 28           LEAU 40,U
    416
    417  5+5   A39F 37   32              PULU A,X,Y
    418  5+7   A3A1 34   72              PSHS U,Y,X,A
    419  2     A3A3 86   DB              LDA #$db
    420  3     A3A5 8E   0000            LDX #$0000
    421  4     A3A8 108E 0B33            LDY #$0b33
    422  5+5   A3AC 36   32              PSHU A,X,Y
    423  4+1   A3AE 33   C8 28           LEAU 40,U
    424
    425  5+5   A3B1 37   32              PULU A,X,Y
    426  5+7   A3B3 34   72              PSHS U,Y,X,A
    427  2     A3B5 86   BA              LDA #$ba
    428  3     A3B7 8E   0000            LDX #$0000
    429  4     A3BA 108E 0C55            LDY #$0c55
    430  5+5   A3BE 36   32              PSHU A,X,Y
    431  4+1   A3C0 33   C8 28           LEAU 40,U
    432
    433  5+5   A3C3 37   32              PULU A,X,Y
    434  5+7   A3C5 34   72              PSHS U,Y,X,A
    435  2     A3C7 86   DC              LDA #$dc
    436  3     A3C9 8E   0000            LDX #$0000
    437  4     A3CC 108E BD07            LDY #$bd07
    438  5+5   A3D0 36   32              PSHU A,X,Y
    439  4+1   A3D2 33   C8 28           LEAU 40,U
    440
    441  5+5   A3D5 37   32              PULU A,X,Y
    442  5+7   A3D7 34   72              PSHS U,Y,X,A
    443  2     A3D9 86   DB              LDA #$db
    444  3     A3DB 8E   0000            LDX #$0000
    445  4     A3DE 108E C3B5            LDY #$c3b5
    446  5+5   A3E2 36   32              PSHU A,X,Y
    447  4+1   A3E4 33   C8 28           LEAU 40,U
    448
    449  5+5   A3E7 37   32              PULU A,X,Y
    450  5+7   A3E9 34   72              PSHS U,Y,X,A
    451  2     A3EB 86   DA              LDA #$da
    452  3     A3ED 8E   000B            LDX #$000b
    453  4     A3F0 108E D3B0            LDY #$d3b0
    454  5+5   A3F4 36   32              PSHU A,X,Y
    455  4+1   A3F6 33   C8 28           LEAU 40,U
    456
    457  5+1   A3F9 EC   C8 28           LDD 40,U
    458  5+2   A3FC 34   06              PSHS D
    459  2     A3FE 84   F0              ANDA #$F0
    460  2     A400 8A   0B              ORA #$0b
    461  2     A402 C6   DD              LDB #$dd
    462  5+1   A404 ED   C8 28           STD 40,U
    463  5+5   A407 37   32              PULU A,X,Y
    464  5+7   A409 34   72              PSHS U,Y,X,A
    465  2     A40B 86   DA              LDA #$da
    466  3     A40D 8E   BBBB            LDX #$bbbb
    467  4     A410 108E 35BB            LDY #$35bb
    468  5+5   A414 36   32              PSHU A,X,Y
    469  4+1   A416 33   C8 2A           LEAU 42,U
    470
    471  5+1   A419 EC   C8 26           LDD 38,U
    472  5+2   A41C 34   06              PSHS D
    473  2     A41E 84   F0              ANDA #$F0
    474  2     A420 8A   0B              ORA #$0b
    475  2     A422 C6   35              LDB #$35
    476  5+1   A424 ED   C8 26           STD 38,U
    477  5+3   A427 37   12              PULU A,X
    478  5+5   A429 34   52              PSHS U,X,A
    479  2     A42B 86   DD              LDA #$dd
    480  3     A42D 8E   5DBB            LDX #$5dbb
    481  5+3   A430 36   12              PSHU A,X
    482  4+1   A432 33   C8 28           LEAU 40,U
    483
    484  5+3   A435 37   12              PULU A,X
    485  5+5   A437 34   52              PSHS U,X,A
    486  2     A439 86   DD              LDA #$dd
    487  3     A43B 8E   DC0B            LDX #$dc0b
    488  5+3   A43E 36   12              PSHU A,X
    489  4+1   A440 33   C8 26           LEAU 38,U
    490
    491  5+1   A443 EC   C8 28           LDD 40,U
    492  5+2   A446 34   06              PSHS D
    493  2     A448 84   0F              ANDA #$0F
    494  2     A44A 8A   D0              ORA #$d0
    495  2     A44C C6   66              LDB #$66
    496  5+1   A44E ED   C8 28           STD 40,U
    497  5+5   A451 37   32              PULU A,X,Y
    498  5+7   A453 34   72              PSHS U,Y,X,A
    499  2     A455 86   DC              LDA #$dc
    500  3     A457 8E   57CC            LDX #$57cc
    501  4     A45A 108E CB03            LDY #$cb03
    502  5+5   A45E 36   32              PSHU A,X,Y
    503  4+1   A460 33   C8 2A           LEAU 42,U
    504
    505  5+1   A463 EC   C8 26           LDD 38,U
    506  5+2   A466 34   06              PSHS D
    507  2     A468 84   0F              ANDA #$0F
    508  2     A46A 8A   D0              ORA #$d0
    509  2     A46C C6   66              LDB #$66
    510  5+1   A46E ED   C8 26           STD 38,U
    511  5+3   A471 37   12              PULU A,X
    512  5+5   A473 34   52              PSHS U,X,A
    513  2     A475 86   DC              LDA #$dc
    514  3     A477 8E   BA03            LDX #$ba03
    515  5+3   A47A 36   12              PSHU A,X
    516  4+1   A47C 33   C8 28           LEAU 40,U
    517
    518  5+3   A47F 37   12              PULU A,X
    519  5+5   A481 34   52              PSHS U,X,A
    520  2     A483 86   AB              LDA #$ab
    521  3     A485 8E   A0B0            LDX #$a0b0
    522  5+3   A488 36   12              PSHU A,X
    523  4+1   A48A 33   C8 27           LEAU 39,U
    524
    525  5+4   A48D 37   30              PULU X,Y
    526  5+6   A48F 34   70              PSHS U,Y,X
    527  3     A491 CC   66AB            LDD #$66ab
    528  3     A494 8E   A0BA            LDX #$a0ba
    529  5+4   A497 36   16              PSHU D,X
    530  4+1   A499 33   C8 28           LEAU 40,U
    531
    532  5+4   A49C 37   30              PULU X,Y
    533  5+6   A49E 34   70              PSHS U,Y,X
    534  2     A4A0 C6   DA              LDB #$da
    535  3     A4A2 8E   000A            LDX #$000a
    536  5+4   A4A5 36   16              PSHU D,X
    537  4+1   A4A7 33   C8 28           LEAU 40,U
    538
    539  5+4   A4AA 37   30              PULU X,Y
    540  5+6   A4AC 34   70              PSHS U,Y,X
    541  3     A4AE CC   5600            LDD #$5600
    542  3     A4B1 8E   000C            LDX #$000c
    543  5+4   A4B4 36   16              PSHU D,X
    544  4+1   A4B6 33   C8 28           LEAU 40,U
    545
    546  5+4   A4B9 37   30              PULU X,Y
    547  5+6   A4BB 34   70              PSHS U,Y,X
    548  2     A4BD C6   A0              LDB #$a0
    549  3     A4BF 8E   00AC            LDX #$00ac
    550  5+4   A4C2 36   16              PSHU D,X
    551  4+1   A4C4 33   C8 28           LEAU 40,U
    552
    553  5+1   A4C7 EC   C8 28           LDD 40,U
    554  5+2   A4CA 34   06              PSHS D
    555  2     A4CC 84   F0              ANDA #$F0
    556  2     A4CE 8A   06              ORA #$06
    557  2     A4D0 C6   CA              LDB #$ca
    558  5+1   A4D2 ED   C8 28           STD 40,U
    559  5+1   A4D5 EC   C8 50           LDD 80,U
    560  5+2   A4D8 34   06              PSHS D
    561  2     A4DA 84   F0              ANDA #$F0
    562  2     A4DC 8A   06              ORA #$06
    563  2     A4DE C6   CB              LDB #$cb
    564  5+1   A4E0 ED   C8 50           STD 80,U
    565  5+1   A4E3 EC   C8 78           LDD 120,U
    566  5+2   A4E6 34   06              PSHS D
    567  2     A4E8 84   F0              ANDA #$F0
    568  2     A4EA 8A   05              ORA #$05
    569  2     A4EC C6   3B              LDB #$3b
    570  5+1   A4EE ED   C8 78           STD 120,U
    571  5+1   A4F1 AE   C8 2A           LDX 42,U
    572  3     A4F4 CC   00B5            LDD #$00b5
    573  5+1   A4F7 ED   C8 2A           STD 42,U
    574  6+1   A4FA 10AE C8 52           LDY 82,U
    575  5+4   A4FE 34   30              PSHS Y,X
    576  5+1   A500 EC   C8 7A           LDD 122,U
    577  5+2   A503 34   06              PSHS D
    578  3     A505 CC   A0C5            LDD #$a0c5
    579  5+1   A508 ED   C8 52           STD 82,U
    580  2     A50B 86   AA              LDA #$aa
    581  5+1   A50D ED   C8 7A           STD 122,U
    582  5+4   A510 37   30              PULU X,Y
    583  5+6   A512 34   70              PSHS U,Y,X
    584  3     A514 CC   56B0            LDD #$56b0
    585  3     A517 8E   00AC            LDX #$00ac
    586  5+4   A51A 36   16              PSHU D,X
    587  4+4   A51C 33   C9 0118         LEAU 280,U
    588
    589  5+1   A520 EC   C8 88           LDD -120,U
    590  5+2   A523 34   06              PSHS D
    591  2     A525 84   F0              ANDA #$F0
    592  2     A527 8A   03              ORA #$03
    593  2     A529 C6   3C              LDB #$3c
    594  5+1   A52B ED   C8 88           STD -120,U
    595  5+1   A52E EC   C8 B0           LDD -80,U
    596  5+2   A531 34   06              PSHS D
    597  2     A533 84   F0              ANDA #$F0
    598  2     A535 8A   03              ORA #$03
    599  2     A537 C6   5C              LDB #$5c
    600  5+1   A539 ED   C8 B0           STD -80,U
    601  5+1   A53C EC   C8 D8           LDD -40,U
    602  5+2   A53F 34   06              PSHS D
    603  2     A541 84   F0              ANDA #$F0
    604  2     A543 8A   03              ORA #$03
    605  2     A545 C6   7C              LDB #$7c
    606  5+1   A547 ED   C8 D8           STD -40,U
    607  5+1   A54A AE   C8 8A           LDX -118,U
    608  3     A54D CC   BAD5            LDD #$bad5
    609  5+1   A550 ED   C8 8A           STD -118,U
    610  6+1   A553 10AE C8 B2           LDY -78,U
    611  5+4   A557 34   30              PSHS Y,X
    612  2     A559 86   BB              LDA #$bb
    613  5+1   A55B ED   C8 B2           STD -78,U
    614  5+1   A55E EC   C8 DA           LDD -38,U
    615  5+2   A561 34   06              PSHS D
    616  3     A563 CC   BC35            LDD #$bc35
    617  5+1   A566 ED   C8 DA           STD -38,U
    618  5+4   A569 37   30              PULU X,Y
    619  5+6   A56B 34   70              PSHS U,Y,X
    620  3     A56D CC   3373            LDD #$3373
    621  3     A570 8E   CC35            LDX #$cc35
    622  5+4   A573 36   16              PSHU D,X
    623  4+1   A575 33   C8 28           LEAU 40,U
    624
    625  5+4   A578 37   30              PULU X,Y
    626  5+6   A57A 34   70              PSHS U,Y,X
    627  3     A57C CC   5375            LDD #$5375
    628  3     A57F 8E   CD33            LDX #$cd33
    629  5+4   A582 36   16              PSHU D,X
    630        A584               DYN_POS
    631
    632  3     A584 CE   0000            LDU #$0000
    633  4+4   A587 33   C9 02EC         LEAU 748,U
    634
    635  4+1   A58B A6   C8 C4           LDA -60,U
    636  5+1   A58E 34   02              PSHS A
    637  2     A590 84   F0              ANDA #$F0
    638  2     A592 8A   05              ORA #$05
    639  4+1   A594 A7   C8 C4           STA -60,U
    640  5+1   A597 EC   C8 3B           LDD 59,U
    641  5+2   A59A 34   06              PSHS D
    642  2     A59C 84   F0              ANDA #$F0
    643  2     A59E 8A   05              ORA #$05
    644  2     A5A0 C6   3D              LDB #$3d
    645  5+1   A5A2 ED   C8 3B           STD 59,U
    646  4+1   A5A5 A6   C8 EC           LDA -20,U
    647  4+1   A5A8 E6   C8 14           LDB 20,U
    648  5+4   A5AB 34   46              PSHS U,B,A
    649  2     A5AD 86   56              LDA #$56
    650  4+1   A5AF A7   C8 EC           STA -20,U
    651  2     A5B2 86   63              LDA #$63
    652  4+1   A5B4 A7   C8 14           STA 20,U
    653  4+4   A5B7 33   C9 00DA         LEAU 218,U
    654
    655  4+1   A5BB A6   C8 DA           LDA -38,U
    656  5+1   A5BE AE   C8 89           LDX -119,U
    657  6+1   A5C1 10AE C8 B1           LDY -79,U
    658  5+5   A5C5 34   32              PSHS Y,X,A
    659  3     A5C7 CC   56DC            LDD #$56dc
    660  5+1   A5CA ED   C8 89           STD -119,U
    661  3     A5CD CC   66CB            LDD #$66cb
    662  5+1   A5D0 ED   C8 B1           STD -79,U
    663  5+1   A5D3 EC   C8 D8           LDD -40,U
    664  5+2   A5D6 34   06              PSHS D
    665  2     A5D8 84   F0              ANDA #$F0
    666  2     A5DA 8A   05              ORA #$05
    667  2     A5DC C6   63              LDB #$63
    668  5+1   A5DE ED   C8 D8           STD -40,U
    669  2     A5E1 86   BB              LDA #$bb
    670  4+1   A5E3 A7   C8 DA           STA -38,U
    671  5+3   A5E6 37   12              PULU A,X
    672  5+5   A5E8 34   52              PSHS U,X,A
    673  2     A5EA 86   57              LDA #$57
    674  3     A5EC 8E   3D0B            LDX #$3d0b
    675  5+3   A5EF 36   12              PSHU A,X
    676  4+1   A5F1 33   C8 28           LEAU 40,U
    677
    678  5+1   A5F4 AE   C8 29           LDX 41,U
    679  5+2   A5F7 34   10              PSHS X
    680  3     A5F9 CC   77B0            LDD #$77b0
    681  5+1   A5FC ED   C8 29           STD 41,U
    682  5+1   A5FF EC   C8 27           LDD 39,U
    683  5+2   A602 34   06              PSHS D
    684  2     A604 84   F0              ANDA #$F0
    685  2     A606 8A   05              ORA #$05
    686  2     A608 C6   66              LDB #$66
    687  5+1   A60A ED   C8 27           STD 39,U
    688  5+3   A60D 37   12              PULU A,X
    689  5+5   A60F 34   52              PSHS U,X,A
    690  3     A611 8E   75C0            LDX #$75c0
    691  5+3   A614 36   14              PSHU B,X
    692  4+1   A616 33   C8 4F           LEAU 79,U
    693
    694  5+4   A619 37   30              PULU X,Y
    695  5+6   A61B 34   70              PSHS U,Y,X
    696  3     A61D CC   5666            LDD #$5666
    697  3     A620 8E   770C            LDX #$770c
    698  5+4   A623 36   16              PSHU D,X
    699  4+1   A625 33   C8 28           LEAU 40,U
    700
    701  5+4   A628 37   30              PULU X,Y
    702  5+6   A62A 34   70              PSHS U,Y,X
    703  2     A62C 86   66              LDA #$66
    704  3     A62E 8E   670D            LDX #$670d
    705  5+4   A631 36   16              PSHU D,X
    706  4+1   A633 33   C8 28           LEAU 40,U
    707
    708  4+1   A636 A6   C8 26           LDA 38,U
    709  5+1   A639 34   02              PSHS A
    710  2     A63B 84   F0              ANDA #$F0
    711  2     A63D 8A   03              ORA #$03
    712  4+1   A63F A7   C8 26           STA 38,U
    713  5+4   A642 37   30              PULU X,Y
    714  5+6   A644 34   70              PSHS U,Y,X
    715  3     A646 CC   6666            LDD #$6666
    716  3     A649 8E   67CD            LDX #$67cd
    717  5+4   A64C 36   16              PSHU D,X
    718  4+1   A64E 33   C8 28           LEAU 40,U
    719
    720  5+1   A651 EC   C8 26           LDD 38,U
    721  5+2   A654 34   06              PSHS D
    722  2     A656 84   F0              ANDA #$F0
    723  2     A658 8A   06              ORA #$06
    724  2     A65A C6   35              LDB #$35
    725  5+1   A65C ED   C8 26           STD 38,U
    726  5+4   A65F 37   30              PULU X,Y
    727  5+6   A661 34   70              PSHS U,Y,X
    728  3     A663 CC   6666            LDD #$6666
    729  3     A666 8E   675D            LDX #$675d
    730  5+4   A669 36   16              PSHU D,X
    731  4+1   A66B 33   C8 28           LEAU 40,U
    732
    733  5+1   A66E EC   C8 26           LDD 38,U
    734  5+2   A671 34   06              PSHS D
    735  2     A673 84   F0              ANDA #$F0
    736  2     A675 8A   06              ORA #$06
    737  2     A677 C6   57              LDB #$57
    738  5+1   A679 ED   C8 26           STD 38,U
    739  5+4   A67C 37   30              PULU X,Y
    740  5+6   A67E 34   70              PSHS U,Y,X
    741  3     A680 CC   6666            LDD #$6666
    742  3     A683 8E   667D            LDX #$667d
    743  5+4   A686 36   16              PSHU D,X
    744  4+1   A688 33   C8 28           LEAU 40,U
    745
    746  5+1   A68B EC   C8 26           LDD 38,U
    747  5+2   A68E 34   06              PSHS D
    748  2     A690 84   F0              ANDA #$F0
    749  2     A692 8A   06              ORA #$06
    750  2     A694 C6   66              LDB #$66
    751  5+1   A696 ED   C8 26           STD 38,U
    752  5+4   A699 37   30              PULU X,Y
    753  5+6   A69B 34   70              PSHS U,Y,X
    754  3     A69D CC   6666            LDD #$6666
    755  3     A6A0 8E   6675            LDX #$6675
    756  5+4   A6A3 36   16              PSHU D,X
    757  4+1   A6A5 33   C8 28           LEAU 40,U
    758
    759  5+1   A6A8 EC   C8 26           LDD 38,U
    760  5+2   A6AB 34   06              PSHS D
    761  2     A6AD 84   F0              ANDA #$F0
    762  2     A6AF 8A   06              ORA #$06
    763  2     A6B1 C6   66              LDB #$66
    764  5+1   A6B3 ED   C8 26           STD 38,U
    765  5+4   A6B6 37   30              PULU X,Y
    766  5+6   A6B8 34   70              PSHS U,Y,X
    767  3     A6BA CC   6666            LDD #$6666
    768  3     A6BD 8E   6677            LDX #$6677
    769  5+4   A6C0 36   16              PSHU D,X
    770  4+1   A6C2 33   C8 28           LEAU 40,U
    771
    772  5+1   A6C5 EC   C8 26           LDD 38,U
    773  5+2   A6C8 34   06              PSHS D
    774  2     A6CA 84   F0              ANDA #$F0
    775  2     A6CC 8A   05              ORA #$05
    776  2     A6CE C6   33              LDB #$33
    777  5+1   A6D0 ED   C8 26           STD 38,U
    778  5+4   A6D3 37   30              PULU X,Y
    779  5+6   A6D5 34   70              PSHS U,Y,X
    780  3     A6D7 CC   6666            LDD #$6666
    781  3     A6DA 8E   6677            LDX #$6677
    782  5+4   A6DD 36   16              PSHU D,X
    783  4+1   A6DF 33   C8 28           LEAU 40,U
    784
    785  5+1   A6E2 EC   C8 26           LDD 38,U
    786  5+2   A6E5 34   06              PSHS D
    787  2     A6E7 84   F0              ANDA #$F0
    788  2     A6E9 8A   05              ORA #$05
    789  2     A6EB C6   B7              LDB #$b7
    790  5+1   A6ED ED   C8 26           STD 38,U
    791  5+4   A6F0 37   30              PULU X,Y
    792  5+6   A6F2 34   70              PSHS U,Y,X
    793  3     A6F4 CC   6677            LDD #$6677
    794  3     A6F7 8E   6677            LDX #$6677
    795  5+4   A6FA 36   16              PSHU D,X
    796  4+1   A6FC 33   C8 28           LEAU 40,U
    797
    798  5+1   A6FF EC   C8 26           LDD 38,U
    799  5+2   A702 34   06              PSHS D
    800  2     A704 84   F0              ANDA #$F0
    801  2     A706 8A   06              ORA #$06
    802  2     A708 C6   76              LDB #$76
    803  5+1   A70A ED   C8 26           STD 38,U
    804  5+4   A70D 37   30              PULU X,Y
    805  5+6   A70F 34   70              PSHS U,Y,X
    806  3     A711 CC   66BB            LDD #$66bb
    807  3     A714 8E   6677            LDX #$6677
    808  5+4   A717 36   16              PSHU D,X
    809  4+1   A719 33   C8 28           LEAU 40,U
    810
    811  5+4   A71C 37   30              PULU X,Y
    812  5+6   A71E 34   70              PSHS U,Y,X
    813  2     A720 C6   00              LDB #$00
    814  3     A722 8E   6675            LDX #$6675
    815  5+4   A725 36   16              PSHU D,X
    816  4+1   A727 33   C8 26           LEAU 38,U
    817
    818  5+1   A72A EC   C8 28           LDD 40,U
    819  5+2   A72D 34   06              PSHS D
    820  2     A72F 84   0F              ANDA #$0F
    821  2     A731 8A   70              ORA #$70
    822  2     A733 C6   C6              LDB #$c6
    823  5+1   A735 ED   C8 28           STD 40,U
    824  5+6   A738 37   36              PULU D,X,Y
    825  5+8   A73A 34   76              PSHS U,Y,X,D
    826  3     A73C CC   5333            LDD #$5333
    827  3     A73F 8E   6600            LDX #$6600
    828  4     A742 108E 6675            LDY #$6675
    829  5+6   A746 36   36              PSHU D,X,Y
    830  4+1   A748 33   C8 2A           LEAU 42,U
    831
    832  5+1   A74B EC   C8 26           LDD 38,U
    833  5+2   A74E 34   06              PSHS D
    834  2     A750 84   0F              ANDA #$0F
    835  2     A752 8A   30              ORA #$30
    836  2     A754 C6   66              LDB #$66
    837  5+1   A756 ED   C8 26           STD 38,U
    838  4+1   A759 A6   44              LDA 4,U
    839  5+1   A75B 34   02              PSHS A
    840  2     A75D 84   0F              ANDA #$0F
    841  2     A75F 8A   D0              ORA #$d0
    842  4+1   A761 A7   44              STA 4,U
    843  5+4   A763 37   30              PULU X,Y
    844  5+6   A765 34   70              PSHS U,Y,X
    845  3     A767 CC   6600            LDD #$6600
    846  3     A76A 8E   6675            LDX #$6675
    847  5+4   A76D 36   16              PSHU D,X
    848  4+1   A76F 33   C8 28           LEAU 40,U
    849
    850  5+1   A772 EC   C8 26           LDD 38,U
    851  5+2   A775 34   06              PSHS D
    852  2     A777 84   F0              ANDA #$F0
    853  2     A779 8A   05              ORA #$05
    854  2     A77B C6   66              LDB #$66
    855  5+1   A77D ED   C8 26           STD 38,U
    856  5+4   A780 37   30              PULU X,Y
    857  5+6   A782 34   70              PSHS U,Y,X
    858  3     A784 CC   6600            LDD #$6600
    859  3     A787 8E   7675            LDX #$7675
    860  5+4   A78A 36   16              PSHU D,X
    861  4+1   A78C 33   C8 28           LEAU 40,U
    862
    863  5+1   A78F EC   C8 26           LDD 38,U
    864  5+2   A792 34   06              PSHS D
    865  2     A794 84   F0              ANDA #$F0
    866  2     A796 8A   06              ORA #$06
    867  2     A798 C6   37              LDB #$37
    868  5+1   A79A ED   C8 26           STD 38,U
    869  5+4   A79D 37   30              PULU X,Y
    870  5+6   A79F 34   70              PSHS U,Y,X
    871  3     A7A1 CC   7600            LDD #$7600
    872  3     A7A4 8E   0655            LDX #$0655
    873  5+4   A7A7 36   16              PSHU D,X
    874  4+1   A7A9 33   C8 28           LEAU 40,U
    875
    876  5+1   A7AC EC   C8 26           LDD 38,U
    877  5+2   A7AF 34   06              PSHS D
    878  2     A7B1 84   F0              ANDA #$F0
    879  2     A7B3 8A   07              ORA #$07
    880  2     A7B5 C6   35              LDB #$35
    881  5+1   A7B7 ED   C8 26           STD 38,U
    882  5+4   A7BA 37   30              PULU X,Y
    883  5+6   A7BC 34   70              PSHS U,Y,X
    884  3     A7BE CC   0600            LDD #$0600
    885  3     A7C1 8E   065D            LDX #$065d
    886  5+4   A7C4 36   16              PSHU D,X
    887  4+1   A7C6 33   C8 28           LEAU 40,U
    888
    889  5+1   A7C9 EC   C8 26           LDD 38,U
    890  5+2   A7CC 34   06              PSHS D
    891  2     A7CE 86   53              LDA #$53
    892  2     A7D0 C4   F0              ANDB #$F0
    893  2     A7D2 CA   05              ORB #$05
    894  5+1   A7D4 ED   C8 26           STD 38,U
    895  5+4   A7D7 37   30              PULU X,Y
    896  5+6   A7D9 34   70              PSHS U,Y,X
    897  3     A7DB CC   0700            LDD #$0700
    898  3     A7DE 8E   055B            LDX #$055b
    899  5+4   A7E1 36   16              PSHU D,X
    900  4+1   A7E3 33   C8 28           LEAU 40,U
    901
    902  5+1   A7E6 EC   C8 26           LDD 38,U
    903  5+2   A7E9 34   06              PSHS D
    904  2     A7EB 84   0F              ANDA #$0F
    905  2     A7ED C4   F0              ANDB #$F0
    906  4     A7EF C3   5005            ADDD #$5005
    907  5+1   A7F2 ED   C8 26           STD 38,U
    908  5+5   A7F5 37   32              PULU A,X,Y
    909  5+7   A7F7 34   72              PSHS U,Y,X,A
    910  2     A7F9 86   07              LDA #$07
    911  3     A7FB 8E   0005            LDX #$0005
    912  4     A7FE 108E DBDD            LDY #$dbdd
    913  5+5   A802 36   32              PSHU A,X,Y
    914  4+1   A804 33   C8 28           LEAU 40,U
    915
    916  4+1   A807 A6   44              LDA 4,U
    917  5+1   A809 34   02              PSHS A
    918  2     A80B 84   0F              ANDA #$0F
    919  2     A80D 8A   D0              ORA #$d0
    920  4+1   A80F A7   44              STA 4,U
    921  4+1   A811 A6   C8 26           LDA 38,U
    922  5+1   A814 34   02              PSHS A
    923  2     A816 84   0F              ANDA #$0F
    924  2     A818 8A   30              ORA #$30
    925  4+1   A81A A7   C8 26           STA 38,U
    926  5+4   A81D 37   30              PULU X,Y
    927  5+6   A81F 34   70              PSHS U,Y,X
    928  3     A821 CC   0060            LDD #$0060
    929  3     A824 8E   05BB            LDX #$05bb
    930  5+4   A827 36   16              PSHU D,X
    931  4+1   A829 33   C8 28           LEAU 40,U
    932
    933  4+1   A82C A6   C8 26           LDA 38,U
    934  5+1   A82F 34   02              PSHS A
    935  2     A831 84   0F              ANDA #$0F
    936  2     A833 8A   30              ORA #$30
    937  4+1   A835 A7   C8 26           STA 38,U
    938  5+4   A838 37   30              PULU X,Y
    939  5+6   A83A 34   70              PSHS U,Y,X
    940  3     A83C CC   0061            LDD #$0061
    941  3     A83F 8E   05BA            LDX #$05ba
    942  5+4   A842 36   16              PSHU D,X
    943  4+1   A844 33   C8 28           LEAU 40,U
    944
    945  5+5   A847 37   32              PULU A,X,Y
    946  5+7   A849 34   72              PSHS U,Y,X,A
    947  2     A84B 86   70              LDA #$70
    948  3     A84D 8E   6B05            LDX #$6b05
    949  4     A850 108E AADD            LDY #$aadd
    950  5+5   A854 36   32              PSHU A,X,Y
    951  4+1   A856 33   C8 28           LEAU 40,U
    952
    953  5+4   A859 37   30              PULU X,Y
    954  5+6   A85B 34   70              PSHS U,Y,X
    955  2     A85D C6   70              LDB #$70
    956  3     A85F 8E   0CAA            LDX #$0caa
    957  5+4   A862 36   16              PSHU D,X
    958  4+1   A864 33   C8 28           LEAU 40,U
    959
    960  4+1   A867 A6   44              LDA 4,U
    961  5+1   A869 34   02              PSHS A
    962  2     A86B 84   0F              ANDA #$0F
    963  2     A86D 8A   D0              ORA #$d0
    964  4+1   A86F A7   44              STA 4,U
    965  4+1   A871 A6   C8 26           LDA 38,U
    966  5+1   A874 34   02              PSHS A
    967  2     A876 84   F0              ANDA #$F0
    968  2     A878 8A   05              ORA #$05
    969  4+1   A87A A7   C8 26           STA 38,U
    970  5+4   A87D 37   30              PULU X,Y
    971  5+6   A87F 34   70              PSHS U,Y,X
    972  3     A881 CC   7100            LDD #$7100
    973  3     A884 8E   BBAA            LDX #$bbaa
    974  5+4   A887 36   16              PSHU D,X
    975  4+1   A889 33   C8 28           LEAU 40,U
    976
    977  4+1   A88C A6   44              LDA 4,U
    978  5+1   A88E 34   02              PSHS A
    979  2     A890 84   0F              ANDA #$0F
    980  2     A892 8A   C0              ORA #$c0
    981  4+1   A894 A7   44              STA 4,U
    982  4+1   A896 A6   C8 26           LDA 38,U
    983  5+1   A899 34   02              PSHS A
    984  2     A89B 84   F0              ANDA #$F0
    985  2     A89D 8A   05              ORA #$05
    986  4+1   A89F A7   C8 26           STA 38,U
    987  5+4   A8A2 37   30              PULU X,Y
    988  5+6   A8A4 34   70              PSHS U,Y,X
    989  3     A8A6 CC   5B00            LDD #$5b00
    990  3     A8A9 8E   000A            LDX #$000a
    991  5+4   A8AC 36   16              PSHU D,X
    992  4+1   A8AE 33   C8 28           LEAU 40,U
    993
    994  4+1   A8B1 A6   C8 26           LDA 38,U
    995  5+1   A8B4 34   02              PSHS A
    996  2     A8B6 84   F0              ANDA #$F0
    997  2     A8B8 8A   03              ORA #$03
    998  4+1   A8BA A7   C8 26           STA 38,U
    999  5+5   A8BD 37   32              PULU A,X,Y
   1000  5+7   A8BF 34   72              PSHS U,Y,X,A
   1001  2     A8C1 86   50              LDA #$50
   1002  3     A8C3 8E   0000            LDX #$0000
   1003  4     A8C6 108E 0ACD            LDY #$0acd
   1004  5+5   A8CA 36   32              PSHU A,X,Y
   1005  4+1   A8CC 33   C8 28           LEAU 40,U
   1006
   1007  4+1   A8CF A6   C8 26           LDA 38,U
   1008  5+1   A8D2 34   02              PSHS A
   1009  2     A8D4 84   F0              ANDA #$F0
   1010  2     A8D6 8A   03              ORA #$03
   1011  4+1   A8D8 A7   C8 26           STA 38,U
   1012  5+5   A8DB 37   32              PULU A,X,Y
   1013  5+7   A8DD 34   72              PSHS U,Y,X,A
   1014  2     A8DF 86   55              LDA #$55
   1015  3     A8E1 8E   0000            LDX #$0000
   1016  4     A8E4 108E 0ADD            LDY #$0add
   1017  5+5   A8E8 36   32              PSHU A,X,Y
   1018  4+1   A8EA 33   C8 28           LEAU 40,U
   1019
   1020  4+1   A8ED A6   C8 26           LDA 38,U
   1021  5+1   A8F0 34   02              PSHS A
   1022  2     A8F2 84   F0              ANDA #$F0
   1023  2     A8F4 8A   03              ORA #$03
   1024  4+1   A8F6 A7   C8 26           STA 38,U
   1025  5+4   A8F9 37   30              PULU X,Y
   1026  5+6   A8FB 34   70              PSHS U,Y,X
   1027  3     A8FD CC   5500            LDD #$5500
   1028  3     A900 8E   000B            LDX #$000b
   1029  5+4   A903 36   16              PSHU D,X
   1030  4+1   A905 33   C8 28           LEAU 40,U
   1031
   1032  5+1   A908 EC   C8 27           LDD 39,U
   1033  5+2   A90B 34   06              PSHS D
   1034  2     A90D 84   F0              ANDA #$F0
   1035  2     A90F 8A   0C              ORA #$0c
   1036  2     A911 C6   A0              LDB #$a0
   1037  5+1   A913 ED   C8 27           STD 39,U
   1038  4+1   A916 A6   44              LDA 4,U
   1039  5+1   A918 34   02              PSHS A
   1040  2     A91A 84   0F              ANDA #$0F
   1041  2     A91C 8A   D0              ORA #$d0
   1042  4+1   A91E A7   44              STA 4,U
   1043  5+4   A920 37   30              PULU X,Y
   1044  5+6   A922 34   70              PSHS U,Y,X
   1045  3     A924 CC   BA0B            LDD #$ba0b
   1046  3     A927 8E   00AC            LDX #$00ac
   1047  5+4   A92A 36   16              PSHU D,X
   1048  4+1   A92C 33   C8 29           LEAU 41,U
   1049
   1050  5+1   A92F EC   C8 26           LDD 38,U
   1051  5+2   A932 34   06              PSHS D
   1052  2     A934 84   F0              ANDA #$F0
   1053  2     A936 8A   0D              ORA #$0d
   1054  2     A938 C6   A0              LDB #$a0
   1055  5+1   A93A ED   C8 26           STD 38,U
   1056  4+1   A93D A6   43              LDA 3,U
   1057  5+1   A93F 34   02              PSHS A
   1058  2     A941 84   0F              ANDA #$0F
   1059  2     A943 8A   D0              ORA #$d0
   1060  4+1   A945 A7   43              STA 3,U
   1061  5+3   A947 37   12              PULU A,X
   1062  5+5   A949 34   52              PSHS U,X,A
   1063  2     A94B 86   0D              LDA #$0d
   1064  3     A94D 8E   00BC            LDX #$00bc
   1065  5+3   A950 36   12              PSHU A,X
   1066  4+1   A952 33   C8 28           LEAU 40,U
   1067
   1068  5+1   A955 EC   C8 26           LDD 38,U
   1069  5+2   A958 34   06              PSHS D
   1070  2     A95A 84   0F              ANDA #$0F
   1071  2     A95C 8A   C0              ORA #$c0
   1072  2     A95E C6   00              LDB #$00
   1073  5+1   A960 ED   C8 26           STD 38,U
   1074  5+3   A963 37   12              PULU A,X
   1075  5+5   A965 34   52              PSHS U,X,A
   1076  3     A967 8E   00CD            LDX #$00cd
   1077  5+3   A96A 36   14              PSHU B,X
   1078  4+1   A96C 33   C8 28           LEAU 40,U
   1079
   1080  5+3   A96F 37   12              PULU A,X
   1081  5+5   A971 34   52              PSHS U,X,A
   1082  3     A973 8E   00D3            LDX #$00d3
   1083  5+3   A976 36   14              PSHU B,X
   1084  4+1   A978 33   C8 27           LEAU 39,U
   1085
   1086  5+1   A97B EC   C8 27           LDD 39,U
   1087  5+2   A97E 34   06              PSHS D
   1088  2     A980 84   F0              ANDA #$F0
   1089  2     A982 8A   0D              ORA #$0d
   1090  2     A984 C6   A0              LDB #$a0
   1091  5+1   A986 ED   C8 27           STD 39,U
   1092  4+1   A989 A6   44              LDA 4,U
   1093  5+1   A98B 34   02              PSHS A
   1094  2     A98D 84   0F              ANDA #$0F
   1095  2     A98F 8A   30              ORA #$30
   1096  4+1   A991 A7   44              STA 4,U
   1097  5+4   A993 37   30              PULU X,Y
   1098  5+6   A995 34   70              PSHS U,Y,X
   1099  3     A997 CC   A000            LDD #$a000
   1100  3     A99A 8E   0033            LDX #$0033
   1101  5+4   A99D 36   16              PSHU D,X
   1102  4+1   A99F 33   C8 29           LEAU 41,U
   1103
   1104  5+1   A9A2 EC   C8 26           LDD 38,U
   1105  5+2   A9A5 34   06              PSHS D
   1106  2     A9A7 84   F0              ANDA #$F0
   1107  2     A9A9 8A   0D              ORA #$0d
   1108  2     A9AB C6   00              LDB #$00
   1109  5+1   A9AD ED   C8 26           STD 38,U
   1110  4+1   A9B0 A6   43              LDA 3,U
   1111  5+1   A9B2 34   02              PSHS A
   1112  2     A9B4 84   0F              ANDA #$0F
   1113  2     A9B6 8A   50              ORA #$50
   1114  4+1   A9B8 A7   43              STA 3,U
   1115  5+3   A9BA 37   12              PULU A,X
   1116  5+5   A9BC 34   52              PSHS U,X,A
   1117  3     A9BE 8E   0035            LDX #$0035
   1118  5+3   A9C1 36   14              PSHU B,X
   1119  4+1   A9C3 33   C8 28           LEAU 40,U
   1120
   1121  5+1   A9C6 EC   C8 26           LDD 38,U
   1122  5+2   A9C9 34   06              PSHS D
   1123  2     A9CB 84   F0              ANDA #$F0
   1124  2     A9CD 8A   0D              ORA #$0d
   1125  2     A9CF C6   B0              LDB #$b0
   1126  5+1   A9D1 ED   C8 26           STD 38,U
   1127  4+1   A9D4 A6   43              LDA 3,U
   1128  5+1   A9D6 34   02              PSHS A
   1129  2     A9D8 84   0F              ANDA #$0F
   1130  2     A9DA 8A   50              ORA #$50
   1131  4+1   A9DC A7   43              STA 3,U
   1132  5+3   A9DE 37   12              PULU A,X
   1133  5+5   A9E0 34   52              PSHS U,X,A
   1134  2     A9E2 86   00              LDA #$00
   1135  3     A9E4 8E   0B55            LDX #$0b55
   1136  5+3   A9E7 36   12              PSHU A,X
   1137  4+1   A9E9 33   C8 28           LEAU 40,U
   1138
   1139  5+4   A9EC 37   30              PULU X,Y
   1140  5+6   A9EE 34   70              PSHS U,Y,X
   1141  2     A9F0 C6   BC              LDB #$bc
   1142  3     A9F2 8E   5B53            LDX #$5b53
   1143  5+4   A9F5 36   16              PSHU D,X
   1144  4+1   A9F7 33   C8 27           LEAU 39,U
   1145
   1146  5+5   A9FA 37   32              PULU A,X,Y
   1147  5+7   A9FC 34   72              PSHS U,Y,X,A
   1148  2     A9FE 86   BB              LDA #$bb
   1149  3     AA00 8E   BBBD            LDX #$bbbd
   1150  4     AA03 108E CA53            LDY #$ca53
   1151  5+5   AA07 36   32              PSHU A,X,Y
   1152  4+1   AA09 33   C8 28           LEAU 40,U
   1153
   1154  5+1   AA0C EC   C8 27           LDD 39,U
   1155  5+2   AA0F 34   06              PSHS D
   1156  2     AA11 84   F0              ANDA #$F0
   1157  2     AA13 8A   0D              ORA #$0d
   1158  2     AA15 C6   DD              LDB #$dd
   1159  5+1   AA17 ED   C8 27           STD 39,U
   1160  5+5   AA1A 37   32              PULU A,X,Y
   1161  5+7   AA1C 34   72              PSHS U,Y,X,A
   1162  2     AA1E 86   CC              LDA #$cc
   1163  3     AA20 8E   DDD5            LDX #$ddd5
   1164  4     AA23 108E BA53            LDY #$ba53
   1165  5+5   AA27 36   32              PSHU A,X,Y
   1166  4+1   AA29 33   C8 29           LEAU 41,U
   1167
   1168  5+1   AA2C EC   C8 27           LDD 39,U
   1169  5+2   AA2F 34   06              PSHS D
   1170  2     AA31 84   0F              ANDA #$0F
   1171  2     AA33 8A   D0              ORA #$d0
   1172  2     AA35 C6   5D              LDB #$5d
   1173  5+1   AA37 ED   C8 27           STD 39,U
   1174  5+4   AA3A 37   30              PULU X,Y
   1175  5+6   AA3C 34   70              PSHS U,Y,X
   1176  3     AA3E CC   33D5            LDD #$33d5
   1177  3     AA41 8E   A053            LDX #$a053
   1178  5+4   AA44 36   16              PSHU D,X
   1179  4+1   AA46 33   C8 29           LEAU 41,U
   1180
   1181  5+3   AA49 37   12              PULU A,X
   1182  5+5   AA4B 34   52              PSHS U,X,A
   1183  2     AA4D 86   DD              LDA #$dd
   1184  3     AA4F 8E   A073            LDX #$a073
   1185  5+3   AA52 36   12              PSHU A,X
   1186  4+1   AA54 33   C8 27           LEAU 39,U
   1187
   1188  5+4   AA57 37   30              PULU X,Y
   1189  5+6   AA59 34   70              PSHS U,Y,X
   1190  3     AA5B CC   7DCC            LDD #$7dcc
   1191  3     AA5E 8E   0073            LDX #$0073
   1192  5+4   AA61 36   16              PSHU D,X
   1193  4+1   AA63 33   C8 28           LEAU 40,U
   1194
   1195  5+4   AA66 37   30              PULU X,Y
   1196  5+6   AA68 34   70              PSHS U,Y,X
   1197  2     AA6A C6   BB              LDB #$bb
   1198  3     AA6C 8E   0073            LDX #$0073
   1199  5+4   AA6F 36   16              PSHU D,X
   1200  4+1   AA71 33   C8 28           LEAU 40,U
   1201
   1202  5+4   AA74 37   30              PULU X,Y
   1203  5+6   AA76 34   70              PSHS U,Y,X
   1204  3     AA78 CC   65AA            LDD #$65aa
   1205  3     AA7B 8E   0073            LDX #$0073
   1206  5+4   AA7E 36   16              PSHU D,X
   1207  4+1   AA80 33   C8 28           LEAU 40,U
   1208
   1209  5+4   AA83 37   30              PULU X,Y
   1210  5+6   AA85 34   70              PSHS U,Y,X
   1211  3     AA87 CC   6D00            LDD #$6d00
   1212  3     AA8A 8E   0073            LDX #$0073
   1213  5+4   AA8D 36   16              PSHU D,X
   1214  4+1   AA8F 33   C8 28           LEAU 40,U
   1215
   1216  5+4   AA92 37   30              PULU X,Y
   1217  5+6   AA94 34   70              PSHS U,Y,X
   1218  3     AA96 8E   0073            LDX #$0073
   1219  5+4   AA99 36   16              PSHU D,X
   1220  4+1   AA9B 33   C8 28           LEAU 40,U
   1221
   1222  5+4   AA9E 37   30              PULU X,Y
   1223  5+6   AAA0 34   70              PSHS U,Y,X
   1224  2     AAA2 86   63              LDA #$63
   1225  3     AAA4 8E   0053            LDX #$0053
   1226  5+4   AAA7 36   16              PSHU D,X
   1227  4+1   AAA9 33   C8 28           LEAU 40,U
   1228
   1229  4+1   AAAC A6   43              LDA 3,U
   1230  5+1   AAAE 34   02              PSHS A
   1231  2     AAB0 84   0F              ANDA #$0F
   1232  2     AAB2 8A   50              ORA #$50
   1233  4+1   AAB4 A7   43              STA 3,U
   1234  5+3   AAB6 37   12              PULU A,X
   1235  5+5   AAB8 34   52              PSHS U,X,A
   1236  2     AABA 86   65              LDA #$65
   1237  3     AABC 8E   000A            LDX #$000a
   1238  5+3   AABF 36   12              PSHU A,X
   1239  4+1   AAC1 33   C8 28           LEAU 40,U
   1240
   1241  4+1   AAC4 A6   43              LDA 3,U
   1242  5+1   AAC6 34   02              PSHS A
   1243  2     AAC8 84   0F              ANDA #$0F
   1244  2     AACA 8A   50              ORA #$50
   1245  4+1   AACC A7   43              STA 3,U
   1246  5+3   AACE 37   12              PULU A,X
   1247  5+5   AAD0 34   52              PSHS U,X,A
   1248  2     AAD2 86   67              LDA #$67
   1249  3     AAD4 8E   000A            LDX #$000a
   1250  5+3   AAD7 36   12              PSHU A,X
   1251  4+1   AAD9 33   C8 28           LEAU 40,U
   1252
   1253  4+1   AADC A6   43              LDA 3,U
   1254  5+1   AADE 34   02              PSHS A
   1255  2     AAE0 84   0F              ANDA #$0F
   1256  2     AAE2 8A   50              ORA #$50
   1257  4+1   AAE4 A7   43              STA 3,U
   1258  5+3   AAE6 37   12              PULU A,X
   1259  5+5   AAE8 34   52              PSHS U,X,A
   1260  2     AAEA 86   67              LDA #$67
   1261  3     AAEC 8E   A0AA            LDX #$a0aa
   1262  5+3   AAEF 36   12              PSHU A,X
   1263  4+1   AAF1 33   C8 28           LEAU 40,U
   1264
   1265  4+1   AAF4 A6   43              LDA 3,U
   1266  5+1   AAF6 34   02              PSHS A
   1267  2     AAF8 84   0F              ANDA #$0F
   1268  2     AAFA 8A   30              ORA #$30
   1269  4+1   AAFC A7   43              STA 3,U
   1270  5+3   AAFE 37   12              PULU A,X
   1271  5+5   AB00 34   52              PSHS U,X,A
   1272  2     AB02 86   67              LDA #$67
   1273  3     AB04 8E   BAAB            LDX #$baab
   1274  5+3   AB07 36   12              PSHU A,X
   1275  4+1   AB09 33   C8 28           LEAU 40,U
   1276
   1277  4+1   AB0C A6   43              LDA 3,U
   1278  5+1   AB0E 34   02              PSHS A
   1279  2     AB10 84   0F              ANDA #$0F
   1280  2     AB12 8A   30              ORA #$30
   1281  4+1   AB14 A7   43              STA 3,U
   1282  5+3   AB16 37   12              PULU A,X
   1283  5+5   AB18 34   52              PSHS U,X,A
   1284  2     AB1A 86   66              LDA #$66
   1285  3     AB1C 8E   BBBC            LDX #$bbbc
   1286  5+3   AB1F 36   12              PSHU A,X
   1287  4+1   AB21 33   C8 28           LEAU 40,U
   1288
   1289  4+1   AB24 A6   43              LDA 3,U
   1290  5+1   AB26 34   02              PSHS A
   1291  2     AB28 84   0F              ANDA #$0F
   1292  2     AB2A 8A   30              ORA #$30
   1293  4+1   AB2C A7   43              STA 3,U
   1294  5+3   AB2E 37   12              PULU A,X
   1295  5+5   AB30 34   52              PSHS U,X,A
   1296  2     AB32 86   66              LDA #$66
   1297  3     AB34 8E   BBBC            LDX #$bbbc
   1298  5+3   AB37 36   12              PSHU A,X
   1299  4+1   AB39 33   C8 28           LEAU 40,U
   1300
   1301  4+1   AB3C A6   43              LDA 3,U
   1302  5+1   AB3E 34   02              PSHS A
   1303  2     AB40 84   0F              ANDA #$0F
   1304  2     AB42 8A   30              ORA #$30
   1305  4+1   AB44 A7   43              STA 3,U
   1306  5+3   AB46 37   12              PULU A,X
   1307  5+5   AB48 34   52              PSHS U,X,A
   1308  2     AB4A 86   56              LDA #$56
   1309  3     AB4C 8E   CCCD            LDX #$cccd
   1310  5+3   AB4F 36   12              PSHU A,X
   1311  4+1   AB51 33   C8 28           LEAU 40,U
   1312
   1313  5+3   AB54 37   12              PULU A,X
   1314  5+5   AB56 34   52              PSHS U,X,A
   1315  2     AB58 86   56              LDA #$56
   1316  3     AB5A 8E   CCCD            LDX #$cccd
   1317  5+3   AB5D 36   12              PSHU A,X
   1318  4+1   AB5F 33   C8 28           LEAU 40,U
   1319
   1320  5+3   AB62 37   12              PULU A,X
   1321  5+5   AB64 34   52              PSHS U,X,A
   1322  2     AB66 86   36              LDA #$36
   1323  3     AB68 8E   DCDD            LDX #$dcdd
   1324  5+3   AB6B 36   12              PSHU A,X
   1325  4+0   AB6D 33   E4              LEAU ,S
   1326        AB6F               SSAV_Img_tails_1
   1327  4     AB6F 10CE 0000            LDS #$0000
   1328  5     AB73 39                   RTS
   1329
----------------
6715 cycle(s)
2932 byte(s)
----------------
   1331

000000 Total Errors

000003 Total Symbols
     0x          Label A000 BCKDRAW_Img_tails_1
     1x          Label A584 DYN_POS
     1x          Label AB6F SSAV_Img_tails_1

