/*--------------------------------------------------------------*
 * Compilé avec C6809 v0.83                                     *
 *--------------------------------------------------------------*
 * Fichier source      : ./Sonic2/GeneratedCode/TitleScreen/Img_star_2_NB1.ASM
 * Fichier destination : ./Sonic2/GeneratedCode/TitleScreen/Img_star_2_NB1.BIN
 * Contenu :
 *     Main     0:IMGD.ASM     655
 *--------------------------------------------------------------*/

Macro Pass
Pass1
Pass2
      2        A000                      ORG $A000
      3                  FF              SETDP $FF
      4        A000               BCKDRAW_Img_star_2
      5  6+5   A000 10EF 8D 0067         STS SSAV_Img_star_2+1,PCR
      6
      7  5+5   A005 ED   8D 0053         STD DYN_POS+1,PCR
      8  4+0   A009 32   C4              LEAS ,U
      9  5+0   A00B EE   A4              LDU ,Y
     10  4+0   A00D A6   C4              LDA ,U
     11  4+1   A00F E6   C8 88           LDB -120,U
     12  5+2   A012 34   06              PSHS B,A
     13  2     A014 C4   F0              ANDB #$F0
     14  2     A016 CA   0D              ORB #$0d
     15  4+1   A018 E7   C8 88           STB -120,U
     16  4+1   A01B A6   C8 B0           LDA -80,U
     17  5+1   A01E 34   02              PSHS A
     18  2     A020 84   F0              ANDA #$F0
     19  2     A022 8A   0C              ORA #$0c
     20  4+1   A024 A7   C8 B0           STA -80,U
     21  4+1   A027 A6   C8 D8           LDA -40,U
     22  5+1   A02A 34   02              PSHS A
     23  2     A02C 84   F0              ANDA #$F0
     24  2     A02E 8A   0B              ORA #$0b
     25  4+1   A030 A7   C8 D8           STA -40,U
     26  4+1   A033 A6   C8 28           LDA 40,U
     27  5+1   A036 34   02              PSHS A
     28  2     A038 84   F0              ANDA #$F0
     29  2     A03A 8A   0B              ORA #$0b
     30  4+1   A03C A7   C8 28           STA 40,U
     31  4+1   A03F A6   C8 50           LDA 80,U
     32  5+1   A042 34   02              PSHS A
     33  2     A044 84   F0              ANDA #$F0
     34  2     A046 8A   0C              ORA #$0c
     35  4+1   A048 A7   C8 50           STA 80,U
     36  4+1   A04B A6   C8 78           LDA 120,U
     37  5+3   A04E 34   42              PSHS U,A
     38  2     A050 84   F0              ANDA #$F0
     39  2     A052 8A   0D              ORA #$0d
     40  4+1   A054 A7   C8 78           STA 120,U
     41  2     A057 86   C0              LDA #$c0
     42  4+0   A059 A7   C4              STA ,U
     43        A05B               DYN_POS
     44
     45  3     A05B CE   0000            LDU #$0000
     46  4+0   A05E A6   C4              LDA ,U
     47  5+3   A060 34   42              PSHS U,A
     48  2     A062 84   0F              ANDA #$0F
     49  2     A064 8A   C0              ORA #$c0
     50  4+0   A066 A7   C4              STA ,U
     51  4+0   A068 33   E4              LEAU ,S
     52        A06A               SSAV_Img_star_2
     53  4     A06A 10CE 0000            LDS #$0000
     54  5     A06E 39                   RTS
     55
----------------
199 cycle(s)
111 byte(s)
----------------
     57

000000 Total Errors

000003 Total Symbols
     0x          Label A000 BCKDRAW_Img_star_2
     1x          Label A05B DYN_POS
     1x          Label A06A SSAV_Img_star_2

