/*--------------------------------------------------------------*
 * Compilé avec C6809 v0.83                                     *
 *--------------------------------------------------------------*
 * Fichier source      : ./Sonic2/GeneratedCode/TitleScreen/Img_emblemBack08_ND0.ASM
 * Fichier destination : ./Sonic2/GeneratedCode/TitleScreen/Img_emblemBack08_ND0.BIN
 * Contenu :
 *     Main     0:IMGD.ASM     6107
 *--------------------------------------------------------------*/

Macro Pass
Pass1
Pass2
      2        A000                      ORG $A000
      3                  FF              SETDP $FF
      4        A000               DRAW_Img_emblemBack08
      5  5+5   A000 ED   8D 0242         STD DYN_POS+1,PCR
      6  5+0   A004 EE   A4              LDU ,Y
      7  4+1   A006 33   C8 46           LEAU 70,U
      8
      9  4+1   A009 A6   C8 64           LDA 100,U
     10  2     A00C 84   0F              ANDA #$0F
     11  2     A00E 8A   10              ORA #$10
     12  4+1   A010 A7   C8 64           STA 100,U
     13  4+1   A013 A6   C8 3C           LDA 60,U
     14  2     A016 84   0F              ANDA #$0F
     15  2     A018 8A   D0              ORA #$d0
     16  4+1   A01A A7   C8 3C           STA 60,U
     17  2     A01D 86   C1              LDA #$c1
     18  4+1   A01F A7   C8 14           STA 20,U
     19  2     A022 86   BD              LDA #$bd
     20  4+1   A024 A7   C8 EC           STA -20,U
     21  2     A027 86   BC              LDA #$bc
     22  4+1   A029 A7   C8 C4           STA -60,U
     23  2     A02C 86   0B              LDA #$0b
     24  4+1   A02E A7   C8 9C           STA -100,U
     25  4+4   A031 33   C9 FEFE         LEAU -258,U
     26
     27  3     A035 CC   000B            LDD #$000b
     28  5+1   A038 ED   C8 75           STD 117,U
     29  5+1   A03B EC   C8 4E           LDD 78,U
     30  2     A03E 86   00              LDA #$00
     31  2     A040 C4   0F              ANDB #$0F
     32  2     A042 CA   10              ORB #$10
     33  5+1   A044 ED   C8 4E           STD 78,U
     34  5+1   A047 EC   C8 26           LDD 38,U
     35  2     A04A 86   00              LDA #$00
     36  2     A04C C4   0F              ANDB #$0F
     37  2     A04E CA   D0              ORB #$d0
     38  5+1   A050 ED   C8 26           STD 38,U
     39  4+1   A053 A7   C8 4D           STA 77,U
     40  3     A056 CC   D000            LDD #$d000
     41  5+1   A059 ED   C8 24           STD 36,U
     42  2     A05C 86   88              LDA #$88
     43  3     A05E 8E   D000            LDX #$d000
     44  4     A061 108E 00C1            LDY #$00c1
     45  5+5   A065 36   32              PSHU A,X,Y
     46  4+1   A067 33   C8 DD           LEAU -35,U
     47
     48  2     A06A C6   88              LDB #$88
     49  4     A06C 108E 00BD            LDY #$00bd
     50  5+6   A070 36   36              PSHU D,X,Y
     51  4+1   A072 33   C8 DE           LEAU -34,U
     52
     53  3     A075 CC   9999            LDD #$9999
     54  5+1   A078 ED   58              STD -8,U
     55  3     A07A CC   8888            LDD #$8888
     56  4     A07D 108E 00BC            LDY #$00bc
     57  5+6   A081 36   36              PSHU D,X,Y
     58  4+1   A083 33   C8 DE           LEAU -34,U
     59
     60  3     A086 CC   999D            LDD #$999d
     61  5+1   A089 ED   58              STD -8,U
     62  3     A08B CC   8888            LDD #$8888
     63  4     A08E 108E 000B            LDY #$000b
     64  5+6   A092 36   36              PSHU D,X,Y
     65  4+1   A094 33   C8 DE           LEAU -34,U
     66
     67  3     A097 CC   999D            LDD #$999d
     68  5+1   A09A ED   58              STD -8,U
     69  3     A09C CC   8888            LDD #$8888
     70  5+6   A09F 36   36              PSHU D,X,Y
     71  4+1   A0A1 33   C8 DE           LEAU -34,U
     72
     73  3     A0A4 CC   999D            LDD #$999d
     74  5+1   A0A7 ED   58              STD -8,U
     75  3     A0A9 CC   8888            LDD #$8888
     76  3     A0AC 8E   D00B            LDX #$d00b
     77  4     A0AF 108E 1B0B            LDY #$1b0b
     78  5+6   A0B3 36   36              PSHU D,X,Y
     79  4+1   A0B5 33   C8 DE           LEAU -34,U
     80
     81  3     A0B8 CC   999D            LDD #$999d
     82  5+1   A0BB ED   58              STD -8,U
     83  5+1   A0BD EC   C8 D6           LDD -42,U
     84  2     A0C0 86   CD              LDA #$cd
     85  2     A0C2 C4   F0              ANDB #$F0
     86  2     A0C4 CA   0D              ORB #$0d
     87  5+1   A0C6 ED   C8 D6           STD -42,U
     88  3     A0C9 CC   8888            LDD #$8888
     89  3     A0CC 8E   D000            LDX #$d000
     90  4     A0CF 108E D1BB            LDY #$d1bb
     91  5+6   A0D3 36   36              PSHU D,X,Y
     92  4+1   A0D5 33   C8 DC           LEAU -36,U
     93
     94  3     A0D8 CC   999D            LDD #$999d
     95  3     A0DB 8E   8888            LDX #$8888
     96  4     A0DE 108E D000            LDY #$d000
     97  5+6   A0E2 36   36              PSHU D,X,Y
     98  4+1   A0E4 33   C8 DF           LEAU -33,U
     99
    100  4+1   A0E7 A7   59              STA -7,U
    101  3     A0E9 CC   9D81            LDD #$9d81
    102  3     A0EC 8E   18D0            LDX #$18d0
    103  4     A0EF 108E 00BC            LDY #$00bc
    104  5+6   A0F3 36   36              PSHU D,X,Y
    105  4+1   A0F5 33   C8 DE           LEAU -34,U
    106
    107  2     A0F8 86   99              LDA #$99
    108  4+1   A0FA A7   59              STA -7,U
    109  5+1   A0FC EC   C8 D7           LDD -41,U
    110  2     A0FF 86   0B              LDA #$0b
    111  2     A101 C4   0F              ANDB #$0F
    112  2     A103 CA   10              ORB #$10
    113  5+1   A105 ED   C8 D7           STD -41,U
    114  3     A108 CC   9D8B            LDD #$9d8b
    115  3     A10B 8E   B8D0            LDX #$b8d0
    116  4     A10E 108E 000B            LDY #$000b
    117  5+6   A112 36   36              PSHU D,X,Y
    118  4+1   A114 33   C8 DD           LEAU -35,U
    119
    120  3     A117 CC   999D            LDD #$999d
    121  3     A11A 8E   8BB8            LDX #$8bb8
    122  4     A11D 108E D000            LDY #$d000
    123  5+6   A121 36   36              PSHU D,X,Y
    124  4+1   A123 33   C8 E0           LEAU -32,U
    125
    126  5+1   A126 ED   58              STD -8,U
    127  3     A128 CC   8888            LDD #$8888
    128  3     A12B 8E   D000            LDX #$d000
    129  4     A12E 108E 00D1            LDY #$00d1
    130  5+6   A132 36   36              PSHU D,X,Y
    131  4+1   A134 33   C8 DE           LEAU -34,U
    132
    133  3     A137 CC   999D            LDD #$999d
    134  5+1   A13A ED   58              STD -8,U
    135  3     A13C CC   8118            LDD #$8118
    136  4     A13F 108E 00CD            LDY #$00cd
    137  5+6   A143 36   36              PSHU D,X,Y
    138  4+1   A145 33   C8 DE           LEAU -34,U
    139
    140  3     A148 CC   999D            LDD #$999d
    141  5+1   A14B ED   58              STD -8,U
    142  3     A14D CC   8BB8            LDD #$8bb8
    143  4     A150 108E 00BC            LDY #$00bc
    144  5+6   A154 36   36              PSHU D,X,Y
    145  4+1   A156 33   C8 DE           LEAU -34,U
    146
    147  3     A159 CC   999D            LDD #$999d
    148  5+1   A15C ED   58              STD -8,U
    149  3     A15E CC   8888            LDD #$8888
    150  4     A161 108E 00BB            LDY #$00bb
    151  5+6   A165 36   36              PSHU D,X,Y
    152  4+1   A167 33   C8 DE           LEAU -34,U
    153
    154  3     A16A CC   999C            LDD #$999c
    155  5+1   A16D ED   58              STD -8,U
    156  3     A16F CC   8888            LDD #$8888
    157  4     A172 108E 000B            LDY #$000b
    158  5+6   A176 36   36              PSHU D,X,Y
    159  4+1   A178 33   C8 DE           LEAU -34,U
    160
    161  3     A17B CC   999C            LDD #$999c
    162  5+1   A17E ED   58              STD -8,U
    163  3     A180 CC   8888            LDD #$8888
    164  4     A183 108E 0000            LDY #$0000
    165  5+6   A187 36   36              PSHU D,X,Y
    166  4+1   A189 33   C8 DE           LEAU -34,U
    167
    168  3     A18C CC   999C            LDD #$999c
    169  5+1   A18F ED   58              STD -8,U
    170  3     A191 CC   8888            LDD #$8888
    171  3     A194 8E   B000            LDX #$b000
    172  5+6   A197 36   36              PSHU D,X,Y
    173  4+1   A199 33   C8 DE           LEAU -34,U
    174
    175  3     A19C CC   999C            LDD #$999c
    176  5+1   A19F ED   58              STD -8,U
    177  3     A1A1 CC   8888            LDD #$8888
    178  5+6   A1A4 36   36              PSHU D,X,Y
    179  4+1   A1A6 33   C8 DE           LEAU -34,U
    180
    181  3     A1A9 CC   999C            LDD #$999c
    182  5+1   A1AC ED   58              STD -8,U
    183  3     A1AE CC   8888            LDD #$8888
    184  5+6   A1B1 36   36              PSHU D,X,Y
    185  4+1   A1B3 33   C8 DE           LEAU -34,U
    186
    187  3     A1B6 CC   99DC            LDD #$99dc
    188  5+1   A1B9 ED   58              STD -8,U
    189  3     A1BB CC   8888            LDD #$8888
    190  5+6   A1BE 36   36              PSHU D,X,Y
    191  4+1   A1C0 33   C8 DE           LEAU -34,U
    192
    193  3     A1C3 CC   99DC            LDD #$99dc
    194  5+1   A1C6 ED   58              STD -8,U
    195  3     A1C8 CC   8888            LDD #$8888
    196  5+6   A1CB 36   36              PSHU D,X,Y
    197  4+1   A1CD 33   C8 DE           LEAU -34,U
    198
    199  3     A1D0 CC   99CC            LDD #$99cc
    200  5+1   A1D3 ED   58              STD -8,U
    201  3     A1D5 CC   8886            LDD #$8886
    202  3     A1D8 8E   0000            LDX #$0000
    203  5+6   A1DB 36   36              PSHU D,X,Y
    204  4+1   A1DD 33   C8 DE           LEAU -34,U
    205
    206  3     A1E0 CC   99CD            LDD #$99cd
    207  5+1   A1E3 ED   58              STD -8,U
    208  3     A1E5 CC   8887            LDD #$8887
    209  5+6   A1E8 36   36              PSHU D,X,Y
    210  4+1   A1EA 33   C8 DE           LEAU -34,U
    211
    212  3     A1ED CC   99CD            LDD #$99cd
    213  5+1   A1F0 ED   58              STD -8,U
    214  3     A1F2 CC   8887            LDD #$8887
    215  5+6   A1F5 36   36              PSHU D,X,Y
    216  4+1   A1F7 33   C8 DE           LEAU -34,U
    217
    218  3     A1FA CC   99CD            LDD #$99cd
    219  5+1   A1FD ED   58              STD -8,U
    220  3     A1FF CC   8887            LDD #$8887
    221  5+6   A202 36   36              PSHU D,X,Y
    222  4+1   A204 33   C8 DE           LEAU -34,U
    223
    224  3     A207 CC   99CB            LDD #$99cb
    225  5+1   A20A ED   58              STD -8,U
    226  3     A20C CC   886D            LDD #$886d
    227  5+6   A20F 36   36              PSHU D,X,Y
    228  4+1   A211 33   C8 DE           LEAU -34,U
    229
    230  3     A214 CC   99CB            LDD #$99cb
    231  5+1   A217 ED   58              STD -8,U
    232  3     A219 CC   887D            LDD #$887d
    233  5+6   A21C 36   36              PSHU D,X,Y
    234  4+1   A21E 33   C8 DE           LEAU -34,U
    235
    236  3     A221 CC   99D8            LDD #$99d8
    237  5+1   A224 ED   58              STD -8,U
    238  3     A226 CC   887C            LDD #$887c
    239  5+6   A229 36   36              PSHU D,X,Y
    240  4+1   A22B 33   C8 DE           LEAU -34,U
    241
    242  3     A22E CC   99D8            LDD #$99d8
    243  5+1   A231 ED   58              STD -8,U
    244  3     A233 CC   887C            LDD #$887c
    245  5+6   A236 36   36              PSHU D,X,Y
    246  4+1   A238 33   C8 DE           LEAU -34,U
    247
    248  3     A23B CC   99B8            LDD #$99b8
    249  5+1   A23E ED   58              STD -8,U
    250  3     A240 CC   81DC            LDD #$81dc
    251  5+6   A243 36   36              PSHU D,X,Y
    252        A245               DYN_POS
    253
    254  3     A245 CE   0000            LDU #$0000
    255  4+1   A248 33   C8 32           LEAU 50,U
    256
    257  5+1   A24B EC   5F              LDD -1,U
    258  2     A24D 84   F0              ANDA #$F0
    259  2     A24F C4   0F              ANDB #$0F
    260  4     A251 C3   0B10            ADDD #$0b10
    261  5+1   A254 ED   5F              STD -1,U
    262  4+4   A256 33   C9 FF61         LEAU -159,U
    263
    264  5+1   A25A EC   C8 76           LDD 118,U
    265  2     A25D 84   F0              ANDA #$F0
    266  2     A25F C4   0F              ANDB #$0F
    267  4     A261 C3   00D0            ADDD #$00d0
    268  5+1   A264 ED   C8 76           STD 118,U
    269  3     A267 CC   00C1            LDD #$00c1
    270  5+1   A26A ED   C8 4E           STD 78,U
    271  2     A26D C6   BD              LDB #$bd
    272  5+1   A26F ED   C8 26           STD 38,U
    273  3     A272 8E   00BC            LDX #$00bc
    274  5+3   A275 36   12              PSHU A,X
    275  4+1   A277 33   C8 DB           LEAU -37,U
    276
    277  4+1   A27A A6   5C              LDA -4,U
    278  2     A27C 84   F0              ANDA #$F0
    279  2     A27E 8A   0C              ORA #$0c
    280  4+1   A280 A7   5C              STA -4,U
    281  2     A282 86   00              LDA #$00
    282  3     A284 8E   000B            LDX #$000b
    283  5+3   A287 36   12              PSHU A,X
    284  4+1   A289 33   C8 DB           LEAU -37,U
    285
    286  4+1   A28C A6   5B              LDA -5,U
    287  2     A28E 84   F0              ANDA #$F0
    288  2     A290 8A   08              ORA #$08
    289  4+1   A292 A7   5B              STA -5,U
    290  3     A294 CC   6C00            LDD #$6c00
    291  5+4   A297 36   16              PSHU D,X
    292  4+1   A299 33   C8 DC           LEAU -36,U
    293
    294  4+1   A29C A6   5A              LDA -6,U
    295  2     A29E 84   F0              ANDA #$F0
    296  2     A2A0 8A   0B              ORA #$0b
    297  4+1   A2A2 A7   5A              STA -6,U
    298  5+1   A2A4 EC   C8 D7           LDD -41,U
    299  2     A2A7 86   00              LDA #$00
    300  2     A2A9 C4   0F              ANDB #$0F
    301  2     A2AB CA   10              ORB #$10
    302  5+1   A2AD ED   C8 D7           STD -41,U
    303  2     A2B0 86   88              LDA #$88
    304  3     A2B2 8E   6C00            LDX #$6c00
    305  4     A2B5 108E 0000            LDY #$0000
    306  5+5   A2B9 36   32              PSHU A,X,Y
    307  4+1   A2BB 33   C8 DC           LEAU -36,U
    308
    309  5+1   A2BE EC   C8 D8           LDD -40,U
    310  2     A2C1 86   00              LDA #$00
    311  2     A2C3 C4   0F              ANDB #$0F
    312  2     A2C5 CA   D0              ORB #$d0
    313  5+1   A2C7 ED   C8 D8           STD -40,U
    314  3     A2CA CC   99CB            LDD #$99cb
    315  3     A2CD 8E   886C            LDX #$886c
    316  5+6   A2D0 36   36              PSHU D,X,Y
    317  4+1   A2D2 33   C8 DE           LEAU -34,U
    318
    319  5+6   A2D5 36   36              PSHU D,X,Y
    320  4+1   A2D7 33   C8 E0           LEAU -32,U
    321
    322  5+1   A2DA ED   58              STD -8,U
    323  3     A2DC CC   886C            LDD #$886c
    324  3     A2DF 8E   0000            LDX #$0000
    325  4     A2E2 108E 00C1            LDY #$00c1
    326  5+6   A2E6 36   36              PSHU D,X,Y
    327  4+1   A2E8 33   C8 DE           LEAU -34,U
    328
    329  3     A2EB CC   99CB            LDD #$99cb
    330  5+1   A2EE ED   58              STD -8,U
    331  3     A2F0 CC   886C            LDD #$886c
    332  3     A2F3 8E   00CD            LDX #$00cd
    333  4     A2F6 108E BBC1            LDY #$bbc1
    334  5+6   A2FA 36   36              PSHU D,X,Y
    335  4+1   A2FC 33   C8 DE           LEAU -34,U
    336
    337  3     A2FF CC   99CB            LDD #$99cb
    338  5+1   A302 ED   58              STD -8,U
    339  5+1   A304 EC   C8 D6           LDD -42,U
    340  2     A307 84   0F              ANDA #$0F
    341  2     A309 8A   10              ORA #$10
    342  2     A30B C6   BC              LDB #$bc
    343  5+1   A30D ED   C8 D6           STD -42,U
    344  3     A310 CC   886C            LDD #$886c
    345  3     A313 8E   00BC            LDX #$00bc
    346  4     A316 108E 1CBD            LDY #$1cbd
    347  5+6   A31A 36   36              PSHU D,X,Y
    348  4+1   A31C 33   C8 DC           LEAU -36,U
    349
    350  3     A31F CC   99CB            LDD #$99cb
    351  3     A322 8E   886C            LDX #$886c
    352  4     A325 108E 000B            LDY #$000b
    353  5+6   A329 36   36              PSHU D,X,Y
    354  4+1   A32B 33   C8 DF           LEAU -33,U
    355
    356  4+1   A32E A7   59              STA -7,U
    357  3     A330 CC   CB88            LDD #$cb88
    358  3     A333 8E   6C00            LDX #$6c00
    359  4     A336 108E 00D1            LDY #$00d1
    360  5+6   A33A 36   36              PSHU D,X,Y
    361  4+1   A33C 33   C8 DE           LEAU -34,U
    362
    363  2     A33F 86   99              LDA #$99
    364  4+1   A341 A7   59              STA -7,U
    365  2     A343 86   CB              LDA #$cb
    366  4     A345 108E 00CD            LDY #$00cd
    367  5+6   A349 36   36              PSHU D,X,Y
    368  4+1   A34B 33   C8 DE           LEAU -34,U
    369
    370  2     A34E 86   99              LDA #$99
    371  4+1   A350 A7   59              STA -7,U
    372  3     A352 CC   CB11            LDD #$cb11
    373  4     A355 108E 00BC            LDY #$00bc
    374  5+6   A359 36   36              PSHU D,X,Y
    375  4+1   A35B 33   C8 DE           LEAU -34,U
    376
    377  2     A35E 86   99              LDA #$99
    378  4+1   A360 A7   59              STA -7,U
    379  3     A362 CC   CBDD            LDD #$cbdd
    380  4     A365 108E 00BB            LDY #$00bb
    381  5+6   A369 36   36              PSHU D,X,Y
    382  4+1   A36B 33   C8 DE           LEAU -34,U
    383
    384  2     A36E 86   99              LDA #$99
    385  4+1   A370 A7   59              STA -7,U
    386  5+1   A372 EC   C8 D7           LDD -41,U
    387  2     A375 86   00              LDA #$00
    388  2     A377 C4   0F              ANDB #$0F
    389  2     A379 CA   10              ORB #$10
    390  5+1   A37B ED   C8 D7           STD -41,U
    391  3     A37E CC   CBDD            LDD #$cbdd
    392  4     A381 108E 000B            LDY #$000b
    393  5+6   A385 36   36              PSHU D,X,Y
    394  4+1   A387 33   C8 DD           LEAU -35,U
    395
    396  3     A38A CC   99CB            LDD #$99cb
    397  3     A38D 8E   BB7C            LDX #$bb7c
    398  4     A390 108E 0000            LDY #$0000
    399  5+6   A394 36   36              PSHU D,X,Y
    400  4+1   A396 33   C8 E0           LEAU -32,U
    401
    402  5+1   A399 ED   58              STD -8,U
    403  3     A39B CC   DD7C            LDD #$dd7c
    404  3     A39E 8E   0000            LDX #$0000
    405  4     A3A1 108E 00D1            LDY #$00d1
    406  5+6   A3A5 36   36              PSHU D,X,Y
    407  4+1   A3A7 33   C8 DE           LEAU -34,U
    408
    409  3     A3AA CC   99CB            LDD #$99cb
    410  5+1   A3AD ED   58              STD -8,U
    411  3     A3AF CC   BB7C            LDD #$bb7c
    412  4     A3B2 108E 00CD            LDY #$00cd
    413  5+6   A3B6 36   36              PSHU D,X,Y
    414  4+1   A3B8 33   C8 DE           LEAU -34,U
    415
    416  3     A3BB CC   99D8            LDD #$99d8
    417  5+1   A3BE ED   58              STD -8,U
    418  3     A3C0 CC   887C            LDD #$887c
    419  4     A3C3 108E 00BC            LDY #$00bc
    420  5+6   A3C7 36   36              PSHU D,X,Y
    421  4+1   A3C9 33   C8 DE           LEAU -34,U
    422
    423  3     A3CC CC   99D8            LDD #$99d8
    424  5+1   A3CF ED   58              STD -8,U
    425  3     A3D1 CC   88DC            LDD #$88dc
    426  4     A3D4 108E 00BB            LDY #$00bb
    427  5+6   A3D8 36   36              PSHU D,X,Y
    428  4+1   A3DA 33   C8 DE           LEAU -34,U
    429
    430  3     A3DD CC   99D8            LDD #$99d8
    431  5+1   A3E0 ED   58              STD -8,U
    432  3     A3E2 CC   88DC            LDD #$88dc
    433  4     A3E5 108E 000B            LDY #$000b
    434  5+6   A3E9 36   36              PSHU D,X,Y
    435  4+1   A3EB 33   C8 DE           LEAU -34,U
    436
    437  3     A3EE CC   99D8            LDD #$99d8
    438  5+1   A3F1 ED   58              STD -8,U
    439  3     A3F3 CC   88DC            LDD #$88dc
    440  5+6   A3F6 36   36              PSHU D,X,Y
    441  4+1   A3F8 33   C8 DE           LEAU -34,U
    442
    443  3     A3FB CC   99B8            LDD #$99b8
    444  5+1   A3FE ED   58              STD -8,U
    445  3     A400 CC   88DC            LDD #$88dc
    446  4     A403 108E 0000            LDY #$0000
    447  5+6   A407 36   36              PSHU D,X,Y
    448  4+1   A409 33   C8 DE           LEAU -34,U
    449
    450  3     A40C CC   99B8            LDD #$99b8
    451  5+1   A40F ED   58              STD -8,U
    452  3     A411 CC   88DC            LDD #$88dc
    453  5+6   A414 36   36              PSHU D,X,Y
    454  4+1   A416 33   C8 DE           LEAU -34,U
    455
    456  3     A419 CC   99B8            LDD #$99b8
    457  5+1   A41C ED   58              STD -8,U
    458  3     A41E CC   88CD            LDD #$88cd
    459  5+6   A421 36   36              PSHU D,X,Y
    460  4+1   A423 33   C8 DE           LEAU -34,U
    461
    462  3     A426 CC   9988            LDD #$9988
    463  5+1   A429 ED   58              STD -8,U
    464  3     A42B CC   88CD            LDD #$88cd
    465  5+6   A42E 36   36              PSHU D,X,Y
    466  4+1   A430 33   C8 DE           LEAU -34,U
    467
    468  3     A433 CC   9988            LDD #$9988
    469  5+1   A436 ED   58              STD -8,U
    470  3     A438 CC   88CD            LDD #$88cd
    471  5+6   A43B 36   36              PSHU D,X,Y
    472  4+1   A43D 33   C8 DE           LEAU -34,U
    473
    474  3     A440 CC   9D88            LDD #$9d88
    475  5+1   A443 ED   58              STD -8,U
    476  3     A445 CC   88CD            LDD #$88cd
    477  5+6   A448 36   36              PSHU D,X,Y
    478  4+1   A44A 33   C8 DE           LEAU -34,U
    479
    480  3     A44D CC   9D88            LDD #$9d88
    481  5+1   A450 ED   58              STD -8,U
    482  3     A452 CC   88CB            LDD #$88cb
    483  5+6   A455 36   36              PSHU D,X,Y
    484  4+1   A457 33   C8 DE           LEAU -34,U
    485
    486  3     A45A CC   9C88            LDD #$9c88
    487  5+1   A45D ED   58              STD -8,U
    488  3     A45F CC   88CB            LDD #$88cb
    489  5+6   A462 36   36              PSHU D,X,Y
    490  4+1   A464 33   C8 DE           LEAU -34,U
    491
    492  3     A467 CC   9C88            LDD #$9c88
    493  5+1   A46A ED   58              STD -8,U
    494  3     A46C CC   88CB            LDD #$88cb
    495  5+6   A46F 36   36              PSHU D,X,Y
    496  4+1   A471 33   C8 DE           LEAU -34,U
    497
    498  3     A474 CC   DC88            LDD #$dc88
    499  5+1   A477 ED   58              STD -8,U
    500  3     A479 CC   88D0            LDD #$88d0
    501  5+6   A47C 36   36              PSHU D,X,Y
    502  4+1   A47E 33   C8 DE           LEAU -34,U
    503
    504  3     A481 CC   DC18            LDD #$dc18
    505  5+1   A484 ED   58              STD -8,U
    506  3     A486 CC   88D0            LDD #$88d0
    507  5+6   A489 36   36              PSHU D,X,Y
    508  5     A48B 39                   RTS
    509
----------------
2192 cycle(s)
1164 byte(s)
----------------
    511

000000 Total Errors

000002 Total Symbols
     0x          Label A000 DRAW_Img_emblemBack08
     1x          Label A245 DYN_POS

