/*--------------------------------------------------------------*
 * Compilé avec C6809 v0.83                                     *
 *--------------------------------------------------------------*
 * Fichier source      : ./Sonic2/GeneratedCode/TitleScreen/Img_tails_3_NB0.ASM
 * Fichier destination : ./Sonic2/GeneratedCode/TitleScreen/Img_tails_3_NB0.BIN
 * Contenu :
 *     Main     0:IMGD.ASM     19786
 *--------------------------------------------------------------*/

Macro Pass
Pass1
Pass2
      2        A000                      ORG $A000
      3                  FF              SETDP $FF
      4        A000               BCKDRAW_Img_tails_3
      5  6+5   A000 10EF 8D 0E55         STS SSAV_Img_tails_3+1,PCR
      6
      7  5+5   A005 ED   8D 0687         STD DYN_POS+1,PCR
      8  4+0   A009 32   C4              LEAS ,U
      9  5+0   A00B EE   A4              LDU ,Y
     10  4+4   A00D 33   C9 0312         LEAU 786,U
     11
     12  4+1   A011 A6   C8 EC           LDA -20,U
     13  4+1   A014 E6   C8 3C           LDB 60,U
     14  5+2   A017 34   06              PSHS B,A
     15  4+1   A019 A6   C8 C4           LDA -60,U
     16  4+1   A01C E6   C8 9C           LDB -100,U
     17  5+2   A01F 34   06              PSHS B,A
     18  2     A021 C4   0F              ANDB #$0F
     19  2     A023 CA   30              ORB #$30
     20  4+1   A025 E7   C8 9C           STB -100,U
     21  4+1   A028 A6   C8 64           LDA 100,U
     22  4+1   A02B E6   C8 14           LDB 20,U
     23  5+4   A02E 34   46              PSHS U,B,A
     24  2     A030 86   DD              LDA #$dd
     25  4+1   A032 A7   C8 64           STA 100,U
     26  2     A035 86   63              LDA #$63
     27  4+1   A037 A7   C8 C4           STA -60,U
     28  2     A03A 86   65              LDA #$65
     29  4+1   A03C A7   C8 EC           STA -20,U
     30  2     A03F 86   D6              LDA #$d6
     31  4+1   A041 A7   C8 14           STA 20,U
     32  4+1   A044 A7   C8 3C           STA 60,U
     33  4+4   A047 33   C9 0104         LEAU 260,U
     34
     35  5+1   A04B EC   C8 88           LDD -120,U
     36  5+2   A04E 34   06              PSHS D
     37  2     A050 86   DC              LDA #$dc
     38  2     A052 C4   0F              ANDB #$0F
     39  2     A054 CA   30              ORB #$30
     40  5+1   A056 ED   C8 88           STD -120,U
     41  5+1   A059 EC   C8 B0           LDD -80,U
     42  5+2   A05C 34   06              PSHS D
     43  2     A05E 86   CC              LDA #$cc
     44  2     A060 C4   0F              ANDB #$0F
     45  2     A062 CA   50              ORB #$50
     46  5+1   A064 ED   C8 B0           STD -80,U
     47  4+1   A067 A6   C8 DA           LDA -38,U
     48  5+1   A06A 34   02              PSHS A
     49  2     A06C 84   0F              ANDA #$0F
     50  2     A06E 8A   50              ORA #$50
     51  4+1   A070 A7   C8 DA           STA -38,U
     52  4+1   A073 A6   C8 DC           LDA -36,U
     53  5+1   A076 34   02              PSHS A
     54  2     A078 84   F0              ANDA #$F0
     55  2     A07A 8A   05              ORA #$05
     56  4+1   A07C A7   C8 DC           STA -36,U
     57  4+1   A07F A6   44              LDA 4,U
     58  5+1   A081 AE   C8 D8           LDX -40,U
     59  5+3   A084 34   12              PSHS X,A
     60  3     A086 CC   CB63            LDD #$cb63
     61  5+1   A089 ED   C8 D8           STD -40,U
     62  2     A08C 86   56              LDA #$56
     63  4+1   A08E A7   44              STA 4,U
     64  5+3   A090 37   12              PULU A,X
     65  5+5   A092 34   52              PSHS U,X,A
     66  2     A094 86   BA              LDA #$ba
     67  3     A096 8E   6575            LDX #$6575
     68  5+3   A099 36   12              PSHU A,X
     69  4+1   A09B 33   C8 28           LEAU 40,U
     70
     71  5+5   A09E 37   32              PULU A,X,Y
     72  5+7   A0A0 34   72              PSHS U,Y,X,A
     73  2     A0A2 86   BA              LDA #$ba
     74  3     A0A4 8E   6666            LDX #$6666
     75  4     A0A7 108E 5563            LDY #$5563
     76  5+5   A0AB 36   32              PSHU A,X,Y
     77  4+1   A0AD 33   C8 28           LEAU 40,U
     78
     79  5+5   A0B0 37   32              PULU A,X,Y
     80  5+7   A0B2 34   72              PSHS U,Y,X,A
     81  2     A0B4 86   BB              LDA #$bb
     82  3     A0B6 8E   D666            LDX #$d666
     83  4     A0B9 108E 773D            LDY #$773d
     84  5+5   A0BD 36   32              PSHU A,X,Y
     85  4+1   A0BF 33   C8 28           LEAU 40,U
     86
     87  5+5   A0C2 37   32              PULU A,X,Y
     88  5+7   A0C4 34   72              PSHS U,Y,X,A
     89  2     A0C6 86   5B              LDA #$5b
     90  3     A0C8 8E   D566            LDX #$d566
     91  4     A0CB 108E 773D            LDY #$773d
     92  5+5   A0CF 36   32              PSHU A,X,Y
     93  4+1   A0D1 33   C8 28           LEAU 40,U
     94
     95  5+5   A0D4 37   32              PULU A,X,Y
     96  5+7   A0D6 34   72              PSHS U,Y,X,A
     97  2     A0D8 86   5B              LDA #$5b
     98  3     A0DA 8E   D666            LDX #$d666
     99  4     A0DD 108E 6755            LDY #$6755
    100  5+5   A0E1 36   32              PSHU A,X,Y
    101  4+1   A0E3 33   C8 28           LEAU 40,U
    102
    103  5+5   A0E6 37   32              PULU A,X,Y
    104  5+7   A0E8 34   72              PSHS U,Y,X,A
    105  2     A0EA 86   5C              LDA #$5c
    106  3     A0EC 8E   5666            LDX #$5666
    107  4     A0EF 108E 6766            LDY #$6766
    108  5+5   A0F3 36   32              PSHU A,X,Y
    109  4+1   A0F5 33   C8 28           LEAU 40,U
    110
    111  4+1   A0F8 A6   45              LDA 5,U
    112  5+1   A0FA 34   02              PSHS A
    113  2     A0FC 84   0F              ANDA #$0F
    114  2     A0FE 8A   50              ORA #$50
    115  4+1   A100 A7   45              STA 5,U
    116  5+5   A102 37   32              PULU A,X,Y
    117  5+7   A104 34   72              PSHS U,Y,X,A
    118  2     A106 86   5B              LDA #$5b
    119  3     A108 8E   6666            LDX #$6666
    120  4     A10B 108E 6677            LDY #$6677
    121  5+5   A10F 36   32              PSHU A,X,Y
    122  4+1   A111 33   C8 28           LEAU 40,U
    123
    124  5+6   A114 37   36              PULU D,X,Y
    125  5+8   A116 34   76              PSHS U,Y,X,D
    126  3     A118 CC   6066            LDD #$6066
    127  3     A11B 8E   6666            LDX #$6666
    128  4     A11E 108E 7675            LDY #$7675
    129  5+6   A122 36   36              PSHU D,X,Y
    130  4+1   A124 33   C8 28           LEAU 40,U
    131
    132  5+6   A127 37   36              PULU D,X,Y
    133  5+8   A129 34   76              PSHS U,Y,X,D
    134  3     A12B CC   6066            LDD #$6066
    135  3     A12E 8E   6666            LDX #$6666
    136  4     A131 108E 7637            LDY #$7637
    137  5+6   A135 36   36              PSHU D,X,Y
    138  4+1   A137 33   C8 28           LEAU 40,U
    139
    140  4+1   A13A A6   45              LDA 5,U
    141  5+1   A13C 34   02              PSHS A
    142  2     A13E 84   F0              ANDA #$F0
    143  2     A140 8A   03              ORA #$03
    144  4+1   A142 A7   45              STA 5,U
    145  5+5   A144 37   32              PULU A,X,Y
    146  5+7   A146 34   72              PSHS U,Y,X,A
    147  2     A148 86   6C              LDA #$6c
    148  3     A14A 8E   6666            LDX #$6666
    149  4     A14D 108E 6676            LDY #$6676
    150  5+5   A151 36   32              PSHU A,X,Y
    151  4+1   A153 33   C8 28           LEAU 40,U
    152
    153  4+1   A156 A6   45              LDA 5,U
    154  5+1   A158 34   02              PSHS A
    155  2     A15A 84   0F              ANDA #$0F
    156  2     A15C 8A   50              ORA #$50
    157  4+1   A15E A7   45              STA 5,U
    158  5+5   A160 37   32              PULU A,X,Y
    159  5+7   A162 34   72              PSHS U,Y,X,A
    160  2     A164 86   65              LDA #$65
    161  3     A166 8E   6666            LDX #$6666
    162  4     A169 108E 6676            LDY #$6676
    163  5+5   A16D 36   32              PSHU A,X,Y
    164  4+1   A16F 33   C8 28           LEAU 40,U
    165
    166  4+1   A172 A6   45              LDA 5,U
    167  5+1   A174 34   02              PSHS A
    168  2     A176 84   0F              ANDA #$0F
    169  2     A178 8A   60              ORA #$60
    170  4+1   A17A A7   45              STA 5,U
    171  5+5   A17C 37   32              PULU A,X,Y
    172  5+7   A17E 34   72              PSHS U,Y,X,A
    173  2     A180 86   77              LDA #$77
    174  3     A182 8E   6666            LDX #$6666
    175  4     A185 108E 6677            LDY #$6677
    176  5+5   A189 36   32              PSHU A,X,Y
    177  4+1   A18B 33   C8 28           LEAU 40,U
    178
    179  5+6   A18E 37   36              PULU D,X,Y
    180  5+8   A190 34   76              PSHS U,Y,X,D
    181  3     A192 CC   7766            LDD #$7766
    182  3     A195 8E   6766            LDX #$6766
    183  4     A198 108E 7335            LDY #$7335
    184  5+6   A19C 36   36              PSHU D,X,Y
    185  4+1   A19E 33   C8 28           LEAU 40,U
    186
    187  5+1   A1A1 EC   44              LDD 4,U
    188  5+2   A1A3 34   06              PSHS D
    189  2     A1A5 84   0F              ANDA #$0F
    190  2     A1A7 C4   F0              ANDB #$F0
    191  4     A1A9 C3   7007            ADDD #$7007
    192  5+1   A1AC ED   44              STD 4,U
    193  5+4   A1AE 37   30              PULU X,Y
    194  5+6   A1B0 34   70              PSHS U,Y,X
    195  3     A1B2 CC   7766            LDD #$7766
    196  3     A1B5 8E   7A66            LDX #$7a66
    197  5+4   A1B8 36   16              PSHU D,X
    198  4+1   A1BA 33   C8 28           LEAU 40,U
    199
    200  5+1   A1BD EC   44              LDD 4,U
    201  5+2   A1BF 34   06              PSHS D
    202  2     A1C1 84   0F              ANDA #$0F
    203  2     A1C3 C4   F0              ANDB #$F0
    204  4     A1C5 C3   7003            ADDD #$7003
    205  5+1   A1C8 ED   44              STD 4,U
    206  5+4   A1CA 37   30              PULU X,Y
    207  5+6   A1CC 34   70              PSHS U,Y,X
    208  3     A1CE CC   7766            LDD #$7766
    209  3     A1D1 8E   AA66            LDX #$aa66
    210  5+4   A1D4 36   16              PSHU D,X
    211  4+1   A1D6 33   C8 28           LEAU 40,U
    212
    213  4+1   A1D9 A6   44              LDA 4,U
    214  5+1   A1DB 34   02              PSHS A
    215  2     A1DD 84   0F              ANDA #$0F
    216  2     A1DF 8A   70              ORA #$70
    217  4+1   A1E1 A7   44              STA 4,U
    218  5+4   A1E3 37   30              PULU X,Y
    219  5+6   A1E5 34   70              PSHS U,Y,X
    220  3     A1E7 CC   7766            LDD #$7766
    221  3     A1EA 8E   0066            LDX #$0066
    222  5+4   A1ED 36   16              PSHU D,X
    223  4+1   A1EF 33   C8 28           LEAU 40,U
    224
    225  4+1   A1F2 A6   44              LDA 4,U
    226  5+1   A1F4 34   02              PSHS A
    227  2     A1F6 84   0F              ANDA #$0F
    228  2     A1F8 8A   70              ORA #$70
    229  4+1   A1FA A7   44              STA 4,U
    230  5+4   A1FC 37   30              PULU X,Y
    231  5+6   A1FE 34   70              PSHS U,Y,X
    232  3     A200 CC   7766            LDD #$7766
    233  3     A203 8E   0066            LDX #$0066
    234  5+4   A206 36   16              PSHU D,X
    235  4+1   A208 33   C8 28           LEAU 40,U
    236
    237  4+1   A20B A6   44              LDA 4,U
    238  5+1   A20D 34   02              PSHS A
    239  2     A20F 84   0F              ANDA #$0F
    240  2     A211 8A   70              ORA #$70
    241  4+1   A213 A7   44              STA 4,U
    242  5+4   A215 37   30              PULU X,Y
    243  5+6   A217 34   70              PSHS U,Y,X
    244  3     A219 CC   7766            LDD #$7766
    245  3     A21C 8E   0066            LDX #$0066
    246  5+4   A21F 36   16              PSHU D,X
    247  4+1   A221 33   C8 28           LEAU 40,U
    248
    249  4+1   A224 A6   44              LDA 4,U
    250  5+1   A226 34   02              PSHS A
    251  2     A228 84   0F              ANDA #$0F
    252  2     A22A 8A   30              ORA #$30
    253  4+1   A22C A7   44              STA 4,U
    254  5+4   A22E 37   30              PULU X,Y
    255  5+6   A230 34   70              PSHS U,Y,X
    256  3     A232 CC   5766            LDD #$5766
    257  3     A235 8E   0066            LDX #$0066
    258  5+4   A238 36   16              PSHU D,X
    259  4+1   A23A 33   C8 28           LEAU 40,U
    260
    261  4+1   A23D A6   44              LDA 4,U
    262  5+1   A23F 34   02              PSHS A
    263  2     A241 84   0F              ANDA #$0F
    264  2     A243 8A   30              ORA #$30
    265  4+1   A245 A7   44              STA 4,U
    266  4+1   A247 A6   C8 26           LDA 38,U
    267  5+1   A24A 34   02              PSHS A
    268  2     A24C 84   F0              ANDA #$F0
    269  2     A24E 8A   06              ORA #$06
    270  4+1   A250 A7   C8 26           STA 38,U
    271  5+4   A253 37   30              PULU X,Y
    272  5+6   A255 34   70              PSHS U,Y,X
    273  3     A257 CC   5766            LDD #$5766
    274  3     A25A 8E   006D            LDX #$006d
    275  5+4   A25D 36   16              PSHU D,X
    276  4+1   A25F 33   C8 28           LEAU 40,U
    277
    278  4+1   A262 A6   45              LDA 5,U
    279  5+1   A264 34   02              PSHS A
    280  2     A266 84   F0              ANDA #$F0
    281  2     A268 8A   00              ORA #$00
    282  4+1   A26A A7   45              STA 5,U
    283  4+1   A26C A6   C8 26           LDA 38,U
    284  5+1   A26F 34   02              PSHS A
    285  2     A271 84   F0              ANDA #$F0
    286  2     A273 8A   00              ORA #$00
    287  4+1   A275 A7   C8 26           STA 38,U
    288  5+4   A278 37   30              PULU X,Y
    289  5+6   A27A 34   70              PSHS U,Y,X
    290  3     A27C CC   5766            LDD #$5766
    291  3     A27F 8E   0061            LDX #$0061
    292  5+4   A282 36   16              PSHU D,X
    293  4+1   A284 33   C8 28           LEAU 40,U
    294
    295  5+1   A287 EC   C8 28           LDD 40,U
    296  5+2   A28A 34   06              PSHS D
    297  2     A28C 84   F0              ANDA #$F0
    298  2     A28E 8A   07              ORA #$07
    299  2     A290 C6   66              LDB #$66
    300  5+1   A292 ED   C8 28           STD 40,U
    301  5+1   A295 EC   C8 4B           LDD 75,U
    302  5+2   A298 34   06              PSHS D
    303  2     A29A 84   F0              ANDA #$F0
    304  2     A29C 8A   0C              ORA #$0c
    305  2     A29E C6   AB              LDB #$ab
    306  5+1   A2A0 ED   C8 4B           STD 75,U
    307  5+1   A2A3 EC   C8 50           LDD 80,U
    308  5+2   A2A6 34   06              PSHS D
    309  2     A2A8 84   F0              ANDA #$F0
    310  2     A2AA 8A   07              ORA #$07
    311  2     A2AC C6   66              LDB #$66
    312  5+1   A2AE ED   C8 50           STD 80,U
    313  5+1   A2B1 EC   C8 73           LDD 115,U
    314  5+2   A2B4 34   06              PSHS D
    315  2     A2B6 84   0F              ANDA #$0F
    316  2     A2B8 8A   C0              ORA #$c0
    317  2     A2BA C6   AA              LDB #$aa
    318  5+1   A2BC ED   C8 73           STD 115,U
    319  4+1   A2BF A6   C8 24           LDA 36,U
    320  4+1   A2C2 E6   45              LDB 5,U
    321  5+2   A2C4 34   06              PSHS B,A
    322  2     A2C6 C4   F0              ANDB #$F0
    323  2     A2C8 CA   06              ORB #$06
    324  4+1   A2CA E7   45              STB 5,U
    325  4+1   A2CC A6   C8 26           LDA 38,U
    326  5+1   A2CF 34   02              PSHS A
    327  2     A2D1 84   F0              ANDA #$F0
    328  2     A2D3 8A   00              ORA #$00
    329  4+1   A2D5 A7   C8 26           STA 38,U
    330  4+1   A2D8 A6   C8 4E           LDA 78,U
    331  5+1   A2DB 34   02              PSHS A
    332  2     A2DD 84   F0              ANDA #$F0
    333  2     A2DF 8A   00              ORA #$00
    334  4+1   A2E1 A7   C8 4E           STA 78,U
    335  2     A2E4 86   CC              LDA #$cc
    336  4+1   A2E6 A7   C8 24           STA 36,U
    337  5+1   A2E9 AE   C8 2A           LDX 42,U
    338  3     A2EC CC   0061            LDD #$0061
    339  5+1   A2EF ED   C8 2A           STD 42,U
    340  6+1   A2F2 10AE C8 52           LDY 82,U
    341  5+4   A2F6 34   30              PSHS Y,X
    342  2     A2F8 C6   D1              LDB #$d1
    343  5+1   A2FA ED   C8 52           STD 82,U
    344  5+1   A2FD EC   C8 75           LDD 117,U
    345  5+2   A300 34   06              PSHS D
    346  2     A302 84   0F              ANDA #$0F
    347  2     A304 C4   F0              ANDB #$F0
    348  4     A306 C3   C006            ADDD #$c006
    349  5+1   A309 ED   C8 75           STD 117,U
    350  5+4   A30C 37   30              PULU X,Y
    351  5+6   A30E 34   70              PSHS U,Y,X
    352  3     A310 CC   5766            LDD #$5766
    353  3     A313 8E   0061            LDX #$0061
    354  5+4   A316 36   16              PSHU D,X
    355  4+1   A318 33   C8 78           LEAU 120,U
    356
    357  5+1   A31B AE   C8 24           LDX 36,U
    358  5+2   A31E 34   10              PSHS X
    359  3     A320 CC   BABC            LDD #$babc
    360  5+1   A323 ED   C8 24           STD 36,U
    361  5+4   A326 37   16              PULU D,X
    362  5+6   A328 34   56              PSHS U,X,D
    363  3     A32A CC   BB76            LDD #$bb76
    364  3     A32D 8E   00DD            LDX #$00dd
    365  5+4   A330 36   16              PSHU D,X
    366  4+1   A332 33   C8 28           LEAU 40,U
    367
    368  5+1   A335 AE   C8 24           LDX 36,U
    369  5+2   A338 34   10              PSHS X
    370  4+1   A33A A6   44              LDA 4,U
    371  5+1   A33C 34   02              PSHS A
    372  2     A33E 84   F0              ANDA #$F0
    373  2     A340 8A   01              ORA #$01
    374  4+1   A342 A7   44              STA 4,U
    375  3     A344 CC   CA0B            LDD #$ca0b
    376  5+1   A347 ED   C8 24           STD 36,U
    377  5+4   A34A 37   30              PULU X,Y
    378  5+6   A34C 34   70              PSHS U,Y,X
    379  3     A34E CC   CB77            LDD #$cb77
    380  3     A351 8E   001B            LDX #$001b
    381  5+4   A354 36   16              PSHU D,X
    382  4+1   A356 33   C8 28           LEAU 40,U
    383
    384  5+1   A359 AE   C8 24           LDX 36,U
    385  5+2   A35C 34   10              PSHS X
    386  3     A35E CC   DB00            LDD #$db00
    387  5+1   A361 ED   C8 24           STD 36,U
    388  5+5   A364 37   32              PULU A,X,Y
    389  5+7   A366 34   72              PSHS U,Y,X,A
    390  2     A368 86   C0              LDA #$c0
    391  3     A36A 8E   AA00            LDX #$aa00
    392  4     A36D 108E 0B1D            LDY #$0b1d
    393  5+5   A371 36   32              PSHU A,X,Y
    394  4+1   A373 33   C8 28           LEAU 40,U
    395
    396  5+1   A376 EC   C8 24           LDD 36,U
    397  5+2   A379 34   06              PSHS D
    398  2     A37B 84   F0              ANDA #$F0
    399  2     A37D 8A   0B              ORA #$0b
    400  2     A37F C6   00              LDB #$00
    401  5+1   A381 ED   C8 24           STD 36,U
    402  5+5   A384 37   32              PULU A,X,Y
    403  5+7   A386 34   72              PSHS U,Y,X,A
    404  2     A388 86   B0              LDA #$b0
    405  3     A38A 8E   0000            LDX #$0000
    406  4     A38D 108E 0AB1            LDY #$0ab1
    407  5+5   A391 36   32              PSHU A,X,Y
    408  4+1   A393 33   C8 28           LEAU 40,U
    409
    410  5+1   A396 EC   C8 24           LDD 36,U
    411  5+2   A399 34   06              PSHS D
    412  2     A39B 84   F0              ANDA #$F0
    413  2     A39D 8A   0C              ORA #$0c
    414  2     A39F C6   00              LDB #$00
    415  5+1   A3A1 ED   C8 24           STD 36,U
    416  4+1   A3A4 A6   C8 26           LDA 38,U
    417  5+1   A3A7 34   02              PSHS A
    418  2     A3A9 84   0F              ANDA #$0F
    419  2     A3AB 8A   C0              ORA #$c0
    420  4+1   A3AD A7   C8 26           STA 38,U
    421  5+5   A3B0 37   32              PULU A,X,Y
    422  5+7   A3B2 34   72              PSHS U,Y,X,A
    423  2     A3B4 86   BB              LDA #$bb
    424  3     A3B6 8E   0000            LDX #$0000
    425  4     A3B9 108E 00CC            LDY #$00cc
    426  5+5   A3BD 36   32              PSHU A,X,Y
    427  4+1   A3BF 33   C8 28           LEAU 40,U
    428
    429  5+1   A3C2 EC   C8 24           LDD 36,U
    430  5+2   A3C5 34   06              PSHS D
    431  2     A3C7 84   F0              ANDA #$F0
    432  2     A3C9 8A   0D              ORA #$0d
    433  2     A3CB C6   00              LDB #$00
    434  5+1   A3CD ED   C8 24           STD 36,U
    435  4+1   A3D0 A6   C8 26           LDA 38,U
    436  5+1   A3D3 34   02              PSHS A
    437  2     A3D5 84   0F              ANDA #$0F
    438  2     A3D7 8A   B0              ORA #$b0
    439  4+1   A3D9 A7   C8 26           STA 38,U
    440  5+5   A3DC 37   32              PULU A,X,Y
    441  5+7   A3DE 34   72              PSHS U,Y,X,A
    442  2     A3E0 86   DD              LDA #$dd
    443  3     A3E2 8E   0000            LDX #$0000
    444  4     A3E5 108E 00CC            LDY #$00cc
    445  5+5   A3E9 36   32              PSHU A,X,Y
    446  4+1   A3EB 33   C8 28           LEAU 40,U
    447
    448  5+1   A3EE EC   C8 23           LDD 35,U
    449  5+2   A3F1 34   06              PSHS D
    450  2     A3F3 86   DD              LDA #$dd
    451  2     A3F5 C4   F0              ANDB #$F0
    452  2     A3F7 CA   0D              ORB #$0d
    453  5+1   A3F9 ED   C8 23           STD 35,U
    454  5+1   A3FC AE   C8 25           LDX 37,U
    455  5+2   A3FF 34   10              PSHS X
    456  3     A401 CC   00BC            LDD #$00bc
    457  5+1   A404 ED   C8 25           STD 37,U
    458  5+5   A407 37   32              PULU A,X,Y
    459  5+7   A409 34   72              PSHS U,Y,X,A
    460  2     A40B 86   BB              LDA #$bb
    461  3     A40D 8E   0000            LDX #$0000
    462  4     A410 108E 00CC            LDY #$00cc
    463  5+5   A414 36   32              PSHU A,X,Y
    464  4+1   A416 33   C8 28           LEAU 40,U
    465
    466  5+1   A419 EC   C8 23           LDD 35,U
    467  5+2   A41C 34   06              PSHS D
    468  2     A41E 84   F0              ANDA #$F0
    469  2     A420 C4   F0              ANDB #$F0
    470  4     A422 C3   0D0D            ADDD #$0d0d
    471  5+1   A425 ED   C8 23           STD 35,U
    472  5+1   A428 AE   C8 25           LDX 37,U
    473  5+2   A42B 34   10              PSHS X
    474  3     A42D CC   00AB            LDD #$00ab
    475  5+1   A430 ED   C8 25           STD 37,U
    476  5+5   A433 37   32              PULU A,X,Y
    477  5+7   A435 34   72              PSHS U,Y,X,A
    478  2     A437 86   00              LDA #$00
    479  3     A439 8E   00C0            LDX #$00c0
    480  4     A43C 108E 00BC            LDY #$00bc
    481  5+5   A440 36   32              PSHU A,X,Y
    482  4+1   A442 33   C8 28           LEAU 40,U
    483
    484  5+1   A445 EC   C8 24           LDD 36,U
    485  5+2   A448 34   06              PSHS D
    486  2     A44A 84   F0              ANDA #$F0
    487  2     A44C 8A   0D              ORA #$0d
    488  2     A44E C6   00              LDB #$00
    489  5+1   A450 ED   C8 24           STD 36,U
    490  4+1   A453 A6   C8 26           LDA 38,U
    491  5+1   A456 34   02              PSHS A
    492  2     A458 86   AB              LDA #$ab
    493  4+1   A45A A7   C8 26           STA 38,U
    494  5+5   A45D 37   32              PULU A,X,Y
    495  5+7   A45F 34   72              PSHS U,Y,X,A
    496  2     A461 86   DB              LDA #$db
    497  3     A463 8E   000D            LDX #$000d
    498  4     A466 108E 00BD            LDY #$00bd
    499  5+5   A46A 36   32              PSHU A,X,Y
    500  4+1   A46C 33   C8 28           LEAU 40,U
    501
    502  4+1   A46F A6   44              LDA 4,U
    503  5+1   A471 34   02              PSHS A
    504  2     A473 84   0F              ANDA #$0F
    505  2     A475 8A   C0              ORA #$c0
    506  4+1   A477 A7   44              STA 4,U
    507  5+4   A479 37   30              PULU X,Y
    508  5+6   A47B 34   70              PSHS U,Y,X
    509  3     A47D CC   DB00            LDD #$db00
    510  3     A480 8E   0000            LDX #$0000
    511  5+4   A483 36   16              PSHU D,X
    512  4+1   A485 33   C8 24           LEAU 36,U
    513
    514  5+3   A488 37   12              PULU A,X
    515  5+5   A48A 34   52              PSHS U,X,A
    516  2     A48C 86   DD              LDA #$dd
    517  3     A48E 8E   000A            LDX #$000a
    518  5+3   A491 36   12              PSHU A,X
    519  4+1   A493 33   44              LEAU 4,U
    520
    521  4+1   A495 A6   44              LDA 4,U
    522  5+1   A497 34   02              PSHS A
    523  2     A499 84   0F              ANDA #$0F
    524  2     A49B 8A   D0              ORA #$d0
    525  4+1   A49D A7   44              STA 4,U
    526  5+4   A49F 37   30              PULU X,Y
    527  5+6   A4A1 34   70              PSHS U,Y,X
    528  3     A4A3 CC   C0A0            LDD #$c0a0
    529  3     A4A6 8E   000A            LDX #$000a
    530  5+4   A4A9 36   16              PSHU D,X
    531  4+1   A4AB 33   C8 24           LEAU 36,U
    532
    533  5+3   A4AE 37   12              PULU A,X
    534  5+5   A4B0 34   52              PSHS U,X,A
    535  2     A4B2 86   BD              LDA #$bd
    536  3     A4B4 8E   000A            LDX #$000a
    537  5+3   A4B7 36   12              PSHU A,X
    538  4+1   A4B9 33   44              LEAU 4,U
    539
    540  5+4   A4BB 37   30              PULU X,Y
    541  5+6   A4BD 34   70              PSHS U,Y,X
    542  3     A4BF CC   BBAA            LDD #$bbaa
    543  3     A4C2 8E   00AA            LDX #$00aa
    544  5+4   A4C5 36   16              PSHU D,X
    545  4+1   A4C7 33   C8 24           LEAU 36,U
    546
    547  5+3   A4CA 37   12              PULU A,X
    548  5+5   A4CC 34   52              PSHS U,X,A
    549  2     A4CE 86   BB              LDA #$bb
    550  3     A4D0 8E   000A            LDX #$000a
    551  5+3   A4D3 36   12              PSHU A,X
    552  4+1   A4D5 33   44              LEAU 4,U
    553
    554  5+4   A4D7 37   30              PULU X,Y
    555  5+6   A4D9 34   70              PSHS U,Y,X
    556  3     A4DB CC   DDBB            LDD #$ddbb
    557  3     A4DE 8E   00AD            LDX #$00ad
    558  5+4   A4E1 36   16              PSHU D,X
    559  4+1   A4E3 33   C8 24           LEAU 36,U
    560
    561  5+1   A4E6 AE   45              LDX 5,U
    562  5+2   A4E8 34   10              PSHS X
    563  2     A4EA C6   00              LDB #$00
    564  5+1   A4EC ED   45              STD 5,U
    565  4+1   A4EE A6   47              LDA 7,U
    566  5+1   A4F0 34   02              PSHS A
    567  2     A4F2 84   0F              ANDA #$0F
    568  2     A4F4 8A   D0              ORA #$d0
    569  4+1   A4F6 A7   47              STA 7,U
    570  5+3   A4F8 37   12              PULU A,X
    571  5+5   A4FA 34   52              PSHS U,X,A
    572  2     A4FC 86   CB              LDA #$cb
    573  3     A4FE 8E   A000            LDX #$a000
    574  5+3   A501 36   12              PSHU A,X
    575  4+1   A503 33   C8 28           LEAU 40,U
    576
    577  5+1   A506 AE   45              LDX 5,U
    578  5+2   A508 34   10              PSHS X
    579  3     A50A CC   33CC            LDD #$33cc
    580  5+1   A50D ED   45              STD 5,U
    581  4+1   A50F A6   47              LDA 7,U
    582  5+1   A511 34   02              PSHS A
    583  2     A513 84   0F              ANDA #$0F
    584  2     A515 8A   30              ORA #$30
    585  4+1   A517 A7   47              STA 7,U
    586  5+3   A519 37   12              PULU A,X
    587  5+5   A51B 34   52              PSHS U,X,A
    588  2     A51D 86   CB              LDA #$cb
    589  3     A51F 8E   A000            LDX #$a000
    590  5+3   A522 36   12              PSHU A,X
    591  4+1   A524 33   C8 28           LEAU 40,U
    592
    593  4+1   A527 A6   43              LDA 3,U
    594  5+1   A529 34   02              PSHS A
    595  2     A52B 84   0F              ANDA #$0F
    596  2     A52D 8A   C0              ORA #$c0
    597  4+1   A52F A7   43              STA 3,U
    598  5+3   A531 37   12              PULU A,X
    599  5+5   A533 34   52              PSHS U,X,A
    600  2     A535 86   CB              LDA #$cb
    601  3     A537 8E   A000            LDX #$a000
    602  5+3   A53A 36   12              PSHU A,X
    603  4+1   A53C 33   45              LEAU 5,U
    604
    605  5+3   A53E 37   12              PULU A,X
    606  5+5   A540 34   52              PSHS U,X,A
    607  2     A542 86   57              LDA #$57
    608  3     A544 8E   DDDD            LDX #$dddd
    609  5+3   A547 36   12              PSHU A,X
    610  4+1   A549 33   C8 23           LEAU 35,U
    611
    612  4+1   A54C A6   43              LDA 3,U
    613  5+1   A54E 34   02              PSHS A
    614  2     A550 84   0F              ANDA #$0F
    615  2     A552 8A   C0              ORA #$c0
    616  4+1   A554 A7   43              STA 3,U
    617  5+3   A556 37   12              PULU A,X
    618  5+5   A558 34   52              PSHS U,X,A
    619  2     A55A 86   CB              LDA #$cb
    620  3     A55C 8E   A000            LDX #$a000
    621  5+3   A55F 36   12              PSHU A,X
    622  4+1   A561 33   45              LEAU 5,U
    623
    624  4+1   A563 A6   43              LDA 3,U
    625  5+1   A565 34   02              PSHS A
    626  2     A567 84   0F              ANDA #$0F
    627  2     A569 8A   B0              ORA #$b0
    628  4+1   A56B A7   43              STA 3,U
    629  5+3   A56D 37   12              PULU A,X
    630  5+5   A56F 34   52              PSHS U,X,A
    631  2     A571 86   76              LDA #$76
    632  3     A573 8E   CCAB            LDX #$ccab
    633  5+3   A576 36   12              PSHU A,X
    634  4+1   A578 33   C8 23           LEAU 35,U
    635
    636  4+1   A57B A6   43              LDA 3,U
    637  5+1   A57D 34   02              PSHS A
    638  2     A57F 84   0F              ANDA #$0F
    639  2     A581 8A   B0              ORA #$b0
    640  4+1   A583 A7   43              STA 3,U
    641  5+3   A585 37   12              PULU A,X
    642  5+5   A587 34   52              PSHS U,X,A
    643  3     A589 8E   A000            LDX #$a000
    644  5+3   A58C 36   14              PSHU B,X
    645  4+1   A58E 33   45              LEAU 5,U
    646
    647  4+1   A590 A6   43              LDA 3,U
    648  5+1   A592 34   02              PSHS A
    649  2     A594 84   0F              ANDA #$0F
    650  2     A596 8A   D0              ORA #$d0
    651  4+1   A598 A7   43              STA 3,U
    652  5+3   A59A 37   12              PULU A,X
    653  5+5   A59C 34   52              PSHS U,X,A
    654  2     A59E 86   66              LDA #$66
    655  3     A5A0 8E   BCA0            LDX #$bca0
    656  5+3   A5A3 36   12              PSHU A,X
    657  4+1   A5A5 33   C8 23           LEAU 35,U
    658
    659  5+4   A5A8 37   30              PULU X,Y
    660  5+6   A5AA 34   70              PSHS U,Y,X
    661  3     A5AC CC   CCBA            LDD #$ccba
    662  3     A5AF 8E   0ABC            LDX #$0abc
    663  5+4   A5B2 36   16              PSHU D,X
    664  4+1   A5B4 33   45              LEAU 5,U
    665
    666  5+3   A5B6 37   12              PULU A,X
    667  5+5   A5B8 34   52              PSHS U,X,A
    668  2     A5BA 86   66              LDA #$66
    669  3     A5BC 8E   BB00            LDX #$bb00
    670  5+3   A5BF 36   12              PSHU A,X
    671  4+1   A5C1 33   C8 23           LEAU 35,U
    672
    673  5+4   A5C4 37   30              PULU X,Y
    674  5+6   A5C6 34   70              PSHS U,Y,X
    675  2     A5C8 86   CC              LDA #$cc
    676  3     A5CA 8E   0ABC            LDX #$0abc
    677  5+4   A5CD 36   16              PSHU D,X
    678  4+1   A5CF 33   45              LEAU 5,U
    679
    680  5+3   A5D1 37   12              PULU A,X
    681  5+5   A5D3 34   52              PSHS U,X,A
    682  2     A5D5 86   66              LDA #$66
    683  3     A5D7 8E   AB00            LDX #$ab00
    684  5+3   A5DA 36   12              PSHU A,X
    685  4+1   A5DC 33   C8 23           LEAU 35,U
    686
    687  5+4   A5DF 37   30              PULU X,Y
    688  5+6   A5E1 34   70              PSHS U,Y,X
    689  2     A5E3 86   CC              LDA #$cc
    690  3     A5E5 8E   ABBC            LDX #$abbc
    691  5+4   A5E8 36   16              PSHU D,X
    692  4+1   A5EA 33   45              LEAU 5,U
    693
    694  5+3   A5EC 37   12              PULU A,X
    695  5+5   A5EE 34   52              PSHS U,X,A
    696  2     A5F0 86   66              LDA #$66
    697  3     A5F2 8E   AA00            LDX #$aa00
    698  5+3   A5F5 36   12              PSHU A,X
    699  4+1   A5F7 33   C8 23           LEAU 35,U
    700
    701  5+4   A5FA 37   30              PULU X,Y
    702  5+6   A5FC 34   70              PSHS U,Y,X
    703  2     A5FE 86   CC              LDA #$cc
    704  3     A600 8E   BBB5            LDX #$bbb5
    705  5+4   A603 36   16              PSHU D,X
    706  4+1   A605 33   45              LEAU 5,U
    707
    708  5+3   A607 37   12              PULU A,X
    709  5+5   A609 34   52              PSHS U,X,A
    710  2     A60B 86   76              LDA #$76
    711  3     A60D 8E   5000            LDX #$5000
    712  5+3   A610 36   12              PSHU A,X
    713  4+1   A612 33   C8 23           LEAU 35,U
    714
    715  5+4   A615 37   30              PULU X,Y
    716  5+6   A617 34   70              PSHS U,Y,X
    717  3     A619 CC   DCBB            LDD #$dcbb
    718  3     A61C 8E   B0B7            LDX #$b0b7
    719  5+4   A61F 36   16              PSHU D,X
    720  4+1   A621 33   45              LEAU 5,U
    721
    722  5+3   A623 37   12              PULU A,X
    723  5+5   A625 34   52              PSHS U,X,A
    724  2     A627 86   76              LDA #$76
    725  3     A629 8E   5A00            LDX #$5a00
    726  5+3   A62C 36   12              PSHU A,X
    727  4+1   A62E 33   C8 23           LEAU 35,U
    728
    729  4+1   A631 A6   45              LDA 5,U
    730  4+1   A633 E6   C8 52           LDB 82,U
    731  5+1   A636 AE   C8 2A           LDX 42,U
    732  5+4   A639 34   16              PSHS X,B,A
    733  2     A63B 86   76              LDA #$76
    734  4+1   A63D A7   45              STA 5,U
    735  5+1   A63F EC   C8 28           LDD 40,U
    736  5+2   A642 34   06              PSHS D
    737  2     A644 84   F0              ANDA #$F0
    738  2     A646 8A   0C              ORA #$0c
    739  2     A648 C6   B7              LDB #$b7
    740  5+1   A64A ED   C8 28           STD 40,U
    741  5+1   A64D EC   C8 50           LDD 80,U
    742  5+2   A650 34   06              PSHS D
    743  2     A652 84   F0              ANDA #$F0
    744  2     A654 8A   0C              ORA #$0c
    745  2     A656 C6   B7              LDB #$b7
    746  5+1   A658 ED   C8 50           STD 80,U
    747  3     A65B CC   6B67            LDD #$6b67
    748  5+1   A65E ED   C8 2A           STD 42,U
    749  2     A661 86   66              LDA #$66
    750  4+1   A663 A7   C8 52           STA 82,U
    751  5+1   A666 EC   C8 78           LDD 120,U
    752  5+2   A669 34   06              PSHS D
    753  2     A66B 84   F0              ANDA #$F0
    754  2     A66D C4   0F              ANDB #$0F
    755  4     A66F C3   0CB0            ADDD #$0cb0
    756  5+1   A672 ED   C8 78           STD 120,U
    757  5+4   A675 37   30              PULU X,Y
    758  5+6   A677 34   70              PSHS U,Y,X
    759  3     A679 CC   DCBB            LDD #$dcbb
    760  3     A67C 8E   6B67            LDX #$6b67
    761  5+4   A67F 36   16              PSHU D,X
    762  4+4   A681 33   C9 00A0         LEAU 160,U
    763
    764  4+0   A685 A6   C4              LDA ,U
    765  5+3   A687 34   42              PSHS U,A
    766  2     A689 84   F0              ANDA #$F0
    767  2     A68B 8A   0D              ORA #$0d
    768  4+0   A68D A7   C4              STA ,U
    769        A68F               DYN_POS
    770
    771  3     A68F CE   0000            LDU #$0000
    772  4+4   A692 33   C9 0325         LEAU 805,U
    773
    774  5+0   A696 EC   C4              LDD ,U
    775  5+2   A698 34   06              PSHS D
    776  2     A69A 84   F0              ANDA #$F0
    777  2     A69C C4   0F              ANDB #$0F
    778  4     A69E C3   0630            ADDD #$0630
    779  5+0   A6A1 ED   C4              STD ,U
    780  4+1   A6A3 A6   C8 88           LDA -120,U
    781  5+1   A6A6 34   02              PSHS A
    782  2     A6A8 84   F0              ANDA #$F0
    783  2     A6AA 8A   03              ORA #$03
    784  4+1   A6AC A7   C8 88           STA -120,U
    785  4+1   A6AF A6   C8 B0           LDA -80,U
    786  5+1   A6B2 34   02              PSHS A
    787  2     A6B4 84   F0              ANDA #$F0
    788  2     A6B6 8A   06              ORA #$06
    789  4+1   A6B8 A7   C8 B0           STA -80,U
    790  4+1   A6BB A6   C8 D8           LDA -40,U
    791  5+1   A6BE 34   02              PSHS A
    792  2     A6C0 84   F0              ANDA #$F0
    793  2     A6C2 8A   06              ORA #$06
    794  4+1   A6C4 A7   C8 D8           STA -40,U
    795  5+1   A6C7 EC   C8 28           LDD 40,U
    796  5+2   A6CA 34   06              PSHS D
    797  2     A6CC 84   F0              ANDA #$F0
    798  2     A6CE 8A   06              ORA #$06
    799  2     A6D0 C6   53              LDB #$53
    800  5+1   A6D2 ED   C8 28           STD 40,U
    801  5+1   A6D5 EC   C8 50           LDD 80,U
    802  5+2   A6D8 34   06              PSHS D
    803  2     A6DA 84   F0              ANDA #$F0
    804  2     A6DC 8A   06              ORA #$06
    805  2     A6DE C6   65              LDB #$65
    806  5+1   A6E0 ED   C8 50           STD 80,U
    807  5+1   A6E3 EC   C8 78           LDD 120,U
    808  5+4   A6E6 34   46              PSHS U,D
    809  2     A6E8 84   F0              ANDA #$F0
    810  2     A6EA 8A   06              ORA #$06
    811  2     A6EC C6   66              LDB #$66
    812  5+1   A6EE ED   C8 78           STD 120,U
    813  4+4   A6F1 33   C9 011A         LEAU 282,U
    814
    815  4+1   A6F5 A6   C8 B3           LDA -77,U
    816  4+1   A6F8 E6   C8 DB           LDB -37,U
    817  5+1   A6FB AE   C8 D8           LDX -40,U
    818  5+4   A6FE 34   16              PSHS X,B,A
    819  5+1   A700 EC   C8 86           LDD -122,U
    820  5+2   A703 34   06              PSHS D
    821  2     A705 84   F0              ANDA #$F0
    822  2     A707 8A   06              ORA #$06
    823  2     A709 C6   D6              LDB #$d6
    824  5+1   A70B ED   C8 86           STD -122,U
    825  5+1   A70E EC   C8 AE           LDD -82,U
    826  5+2   A711 34   06              PSHS D
    827  2     A713 84   F0              ANDA #$F0
    828  2     A715 8A   06              ORA #$06
    829  2     A717 C6   C6              LDB #$c6
    830  5+1   A719 ED   C8 AE           STD -82,U
    831  5+1   A71C EC   C8 D6           LDD -42,U
    832  5+2   A71F 34   06              PSHS D
    833  2     A721 84   F0              ANDA #$F0
    834  2     A723 8A   06              ORA #$06
    835  2     A725 C6   CD              LDB #$cd
    836  5+1   A727 ED   C8 D6           STD -42,U
    837  5+1   A72A EC   5E              LDD -2,U
    838  5+2   A72C 34   06              PSHS D
    839  2     A72E 84   F0              ANDA #$F0
    840  2     A730 8A   06              ORA #$06
    841  2     A732 C6   BD              LDB #$bd
    842  5+1   A734 ED   5E              STD -2,U
    843  5+1   A736 EC   C8 26           LDD 38,U
    844  5+2   A739 34   06              PSHS D
    845  2     A73B 84   F0              ANDA #$F0
    846  2     A73D 8A   06              ORA #$06
    847  2     A73F C6   DC              LDB #$dc
    848  5+1   A741 ED   C8 26           STD 38,U
    849  2     A744 86   53              LDA #$53
    850  4+1   A746 A7   C8 B3           STA -77,U
    851  3     A749 CC   7755            LDD #$7755
    852  5+1   A74C ED   C8 D8           STD -40,U
    853  2     A74F 86   63              LDA #$63
    854  4+1   A751 A7   C8 DB           STA -37,U
    855  4+1   A754 A6   C8 B0           LDA -80,U
    856  4+1   A757 E7   C8 B0           STB -80,U
    857  5+4   A75A 37   30              PULU X,Y
    858  5+7   A75C 34   72              PSHS U,Y,X,A
    859  3     A75E CC   7667            LDD #$7667
    860  3     A761 8E   5533            LDX #$5533
    861  5+4   A764 36   16              PSHU D,X
    862  4+1   A766 33   C8 28           LEAU 40,U
    863
    864  5+1   A769 EC   C8 26           LDD 38,U
    865  5+2   A76C 34   06              PSHS D
    866  2     A76E 84   F0              ANDA #$F0
    867  2     A770 8A   06              ORA #$06
    868  2     A772 C6   BB              LDB #$bb
    869  5+1   A774 ED   C8 26           STD 38,U
    870  5+4   A777 37   30              PULU X,Y
    871  5+6   A779 34   70              PSHS U,Y,X
    872  3     A77B CC   6667            LDD #$6667
    873  3     A77E 8E   56D3            LDX #$56d3
    874  5+4   A781 36   16              PSHU D,X
    875  4+1   A783 33   C8 28           LEAU 40,U
    876
    877  5+1   A786 EC   C8 26           LDD 38,U
    878  5+2   A789 34   06              PSHS D
    879  2     A78B 84   F0              ANDA #$F0
    880  2     A78D 8A   06              ORA #$06
    881  2     A78F C6   0C              LDB #$0c
    882  5+1   A791 ED   C8 26           STD 38,U
    883  4+1   A794 A6   43              LDA 3,U
    884  5+1   A796 34   02              PSHS A
    885  2     A798 84   0F              ANDA #$0F
    886  2     A79A 8A   60              ORA #$60
    887  4+1   A79C A7   43              STA 3,U
    888  5+3   A79E 37   12              PULU A,X
    889  5+5   A7A0 34   52              PSHS U,X,A
    890  2     A7A2 86   66              LDA #$66
    891  3     A7A4 8E   6675            LDX #$6675
    892  5+3   A7A7 36   12              PSHU A,X
    893  4+1   A7A9 33   C8 28           LEAU 40,U
    894
    895  5+1   A7AC EC   C8 26           LDD 38,U
    896  5+2   A7AF 34   06              PSHS D
    897  2     A7B1 84   F0              ANDA #$F0
    898  2     A7B3 8A   06              ORA #$06
    899  2     A7B5 C6   0D              LDB #$0d
    900  5+1   A7B7 ED   C8 26           STD 38,U
    901  4+1   A7BA A6   43              LDA 3,U
    902  5+1   A7BC 34   02              PSHS A
    903  2     A7BE 84   0F              ANDA #$0F
    904  2     A7C0 8A   50              ORA #$50
    905  4+1   A7C2 A7   43              STA 3,U
    906  5+3   A7C4 37   12              PULU A,X
    907  5+5   A7C6 34   52              PSHS U,X,A
    908  2     A7C8 86   66              LDA #$66
    909  3     A7CA 8E   6676            LDX #$6676
    910  5+3   A7CD 36   12              PSHU A,X
    911  4+1   A7CF 33   C8 28           LEAU 40,U
    912
    913  5+1   A7D2 EC   C8 26           LDD 38,U
    914  5+2   A7D5 34   06              PSHS D
    915  2     A7D7 84   F0              ANDA #$F0
    916  2     A7D9 8A   05              ORA #$05
    917  2     A7DB C6   C5              LDB #$c5
    918  5+1   A7DD ED   C8 26           STD 38,U
    919  5+4   A7E0 37   30              PULU X,Y
    920  5+6   A7E2 34   70              PSHS U,Y,X
    921  3     A7E4 CC   6666            LDD #$6666
    922  3     A7E7 8E   7765            LDX #$7765
    923  5+4   A7EA 36   16              PSHU D,X
    924  4+1   A7EC 33   C8 28           LEAU 40,U
    925
    926  5+1   A7EF EC   C8 26           LDD 38,U
    927  5+2   A7F2 34   06              PSHS D
    928  2     A7F4 84   F0              ANDA #$F0
    929  2     A7F6 8A   05              ORA #$05
    930  2     A7F8 C6   D6              LDB #$d6
    931  5+1   A7FA ED   C8 26           STD 38,U
    932  5+4   A7FD 37   30              PULU X,Y
    933  5+6   A7FF 34   70              PSHS U,Y,X
    934  3     A801 CC   6666            LDD #$6666
    935  3     A804 8E   7766            LDX #$7766
    936  5+4   A807 36   16              PSHU D,X
    937  4+1   A809 33   C8 28           LEAU 40,U
    938
    939  5+1   A80C EC   C8 26           LDD 38,U
    940  5+2   A80F 34   06              PSHS D
    941  2     A811 84   F0              ANDA #$F0
    942  2     A813 8A   05              ORA #$05
    943  2     A815 C6   56              LDB #$56
    944  5+1   A817 ED   C8 26           STD 38,U
    945  5+4   A81A 37   30              PULU X,Y
    946  5+6   A81C 34   70              PSHS U,Y,X
    947  3     A81E CC   6666            LDD #$6666
    948  3     A821 8E   7733            LDX #$7733
    949  5+4   A824 36   16              PSHU D,X
    950  4+1   A826 33   C8 28           LEAU 40,U
    951
    952  5+1   A829 EC   C8 26           LDD 38,U
    953  5+2   A82C 34   06              PSHS D
    954  2     A82E 84   F0              ANDA #$F0
    955  2     A830 8A   05              ORA #$05
    956  2     A832 C6   76              LDB #$76
    957  5+1   A834 ED   C8 26           STD 38,U
    958  5+4   A837 37   30              PULU X,Y
    959  5+6   A839 34   70              PSHS U,Y,X
    960  3     A83B CC   6666            LDD #$6666
    961  3     A83E 8E   6755            LDX #$6755
    962  5+4   A841 36   16              PSHU D,X
    963  4+1   A843 33   C8 28           LEAU 40,U
    964
    965  5+1   A846 EC   C8 26           LDD 38,U
    966  5+2   A849 34   06              PSHS D
    967  2     A84B 84   F0              ANDA #$F0
    968  2     A84D 8A   05              ORA #$05
    969  2     A84F C6   76              LDB #$76
    970  5+1   A851 ED   C8 26           STD 38,U
    971  4+1   A854 A6   44              LDA 4,U
    972  5+1   A856 34   02              PSHS A
    973  2     A858 84   0F              ANDA #$0F
    974  2     A85A 8A   50              ORA #$50
    975  4+1   A85C A7   44              STA 4,U
    976  5+4   A85E 37   30              PULU X,Y
    977  5+6   A860 34   70              PSHS U,Y,X
    978  3     A862 CC   6666            LDD #$6666
    979  3     A865 8E   6765            LDX #$6765
    980  5+4   A868 36   16              PSHU D,X
    981  4+1   A86A 33   C8 28           LEAU 40,U
    982
    983  5+1   A86D EC   C8 26           LDD 38,U
    984  5+2   A870 34   06              PSHS D
    985  2     A872 84   F0              ANDA #$F0
    986  2     A874 8A   05              ORA #$05
    987  2     A876 C6   76              LDB #$76
    988  5+1   A878 ED   C8 26           STD 38,U
    989  4+1   A87B A6   44              LDA 4,U
    990  5+1   A87D 34   02              PSHS A
    991  2     A87F 84   0F              ANDA #$0F
    992  2     A881 8A   30              ORA #$30
    993  4+1   A883 A7   44              STA 4,U
    994  5+4   A885 37   30              PULU X,Y
    995  5+6   A887 34   70              PSHS U,Y,X
    996  3     A889 CC   6666            LDD #$6666
    997  3     A88C 8E   6736            LDX #$6736
    998  5+4   A88F 36   16              PSHU D,X
    999  4+1   A891 33   C8 28           LEAU 40,U
   1000
   1001  5+1   A894 EC   C8 26           LDD 38,U
   1002  5+2   A897 34   06              PSHS D
   1003  2     A899 84   F0              ANDA #$F0
   1004  2     A89B 8A   05              ORA #$05
   1005  2     A89D C6   76              LDB #$76
   1006  5+1   A89F ED   C8 26           STD 38,U
   1007  4+1   A8A2 A6   44              LDA 4,U
   1008  5+1   A8A4 34   02              PSHS A
   1009  2     A8A6 84   F0              ANDA #$F0
   1010  2     A8A8 8A   05              ORA #$05
   1011  4+1   A8AA A7   44              STA 4,U
   1012  5+4   A8AC 37   30              PULU X,Y
   1013  5+6   A8AE 34   70              PSHS U,Y,X
   1014  3     A8B0 CC   6666            LDD #$6666
   1015  3     A8B3 8E   6753            LDX #$6753
   1016  5+4   A8B6 36   16              PSHU D,X
   1017  4+1   A8B8 33   C8 28           LEAU 40,U
   1018
   1019  5+1   A8BB EC   43              LDD 3,U
   1020  5+2   A8BD 34   06              PSHS D
   1021  2     A8BF 84   0F              ANDA #$0F
   1022  2     A8C1 C4   F0              ANDB #$F0
   1023  4     A8C3 C3   5003            ADDD #$5003
   1024  5+1   A8C6 ED   43              STD 3,U
   1025  5+3   A8C8 37   12              PULU A,X
   1026  5+5   A8CA 34   52              PSHS U,X,A
   1027  2     A8CC 86   66              LDA #$66
   1028  3     A8CE 8E   6667            LDX #$6667
   1029  5+3   A8D1 36   12              PSHU A,X
   1030  4+1   A8D3 33   C8 27           LEAU 39,U
   1031
   1032  4+1   A8D6 A6   44              LDA 4,U
   1033  5+1   A8D8 34   02              PSHS A
   1034  2     A8DA 84   0F              ANDA #$0F
   1035  2     A8DC 8A   60              ORA #$60
   1036  4+1   A8DE A7   44              STA 4,U
   1037  5+4   A8E0 37   30              PULU X,Y
   1038  5+6   A8E2 34   70              PSHS U,Y,X
   1039  3     A8E4 CC   6666            LDD #$6666
   1040  3     A8E7 8E   7667            LDX #$7667
   1041  5+4   A8EA 36   16              PSHU D,X
   1042  4+1   A8EC 33   C8 28           LEAU 40,U
   1043
   1044  4+1   A8EF A6   44              LDA 4,U
   1045  5+1   A8F1 34   02              PSHS A
   1046  2     A8F3 84   0F              ANDA #$0F
   1047  2     A8F5 8A   70              ORA #$70
   1048  4+1   A8F7 A7   44              STA 4,U
   1049  5+4   A8F9 37   30              PULU X,Y
   1050  5+6   A8FB 34   70              PSHS U,Y,X
   1051  3     A8FD CC   6666            LDD #$6666
   1052  3     A900 8E   7667            LDX #$7667
   1053  5+4   A903 36   16              PSHU D,X
   1054  4+1   A905 33   C8 28           LEAU 40,U
   1055
   1056  4+1   A908 A6   45              LDA 5,U
   1057  5+1   A90A 34   02              PSHS A
   1058  2     A90C 84   0F              ANDA #$0F
   1059  2     A90E 8A   50              ORA #$50
   1060  4+1   A910 A7   45              STA 5,U
   1061  4+1   A912 A6   C8 25           LDA 37,U
   1062  5+1   A915 34   02              PSHS A
   1063  2     A917 84   0F              ANDA #$0F
   1064  2     A919 8A   60              ORA #$60
   1065  4+1   A91B A7   C8 25           STA 37,U
   1066  5+5   A91E 37   32              PULU A,X,Y
   1067  5+7   A920 34   72              PSHS U,Y,X,A
   1068  3     A922 8E   6766            LDX #$6766
   1069  4     A925 108E 7735            LDY #$7735
   1070  5+5   A929 36   34              PSHU B,X,Y
   1071  4+1   A92B 33   C8 28           LEAU 40,U
   1072
   1073  4+1   A92E A6   C8 25           LDA 37,U
   1074  4+1   A931 E6   45              LDB 5,U
   1075  5+2   A933 34   06              PSHS B,A
   1076  2     A935 C4   0F              ANDB #$0F
   1077  2     A937 CA   30              ORB #$30
   1078  4+1   A939 E7   45              STB 5,U
   1079  2     A93B 86   06              LDA #$06
   1080  4+1   A93D A7   C8 25           STA 37,U
   1081  5+5   A940 37   32              PULU A,X,Y
   1082  5+7   A942 34   72              PSHS U,Y,X,A
   1083  2     A944 86   66              LDA #$66
   1084  3     A946 8E   6A66            LDX #$6a66
   1085  4     A949 108E 0735            LDY #$0735
   1086  5+5   A94D 36   32              PSHU A,X,Y
   1087  4+1   A94F 33   C8 28           LEAU 40,U
   1088
   1089  4+1   A952 A6   C8 25           LDA 37,U
   1090  4+1   A955 E6   44              LDB 4,U
   1091  5+2   A957 34   06              PSHS B,A
   1092  2     A959 C4   F0              ANDB #$F0
   1093  2     A95B CA   05              ORB #$05
   1094  4+1   A95D E7   44              STB 4,U
   1095  2     A95F 86   06              LDA #$06
   1096  4+1   A961 A7   C8 25           STA 37,U
   1097  5+4   A964 37   30              PULU X,Y
   1098  5+6   A966 34   70              PSHS U,Y,X
   1099  3     A968 CC   6660            LDD #$6660
   1100  3     A96B 8E   6607            LDX #$6607
   1101  5+4   A96E 36   16              PSHU D,X
   1102  4+1   A970 33   C8 28           LEAU 40,U
   1103
   1104  5+1   A973 EC   44              LDD 4,U
   1105  5+2   A975 34   06              PSHS D
   1106  2     A977 84   F0              ANDA #$F0
   1107  2     A979 C4   F0              ANDB #$F0
   1108  4     A97B C3   0503            ADDD #$0503
   1109  5+1   A97E ED   44              STD 4,U
   1110  4+1   A980 A6   C8 25           LDA 37,U
   1111  5+1   A983 34   02              PSHS A
   1112  2     A985 84   0F              ANDA #$0F
   1113  2     A987 8A   60              ORA #$60
   1114  4+1   A989 A7   C8 25           STA 37,U
   1115  5+4   A98C 37   30              PULU X,Y
   1116  5+6   A98E 34   70              PSHS U,Y,X
   1117  3     A990 CC   7661            LDD #$7661
   1118  3     A993 8E   6607            LDX #$6607
   1119  5+4   A996 36   16              PSHU D,X
   1120  4+1   A998 33   C8 28           LEAU 40,U
   1121
   1122  4+1   A99B A6   44              LDA 4,U
   1123  5+1   A99D 34   02              PSHS A
   1124  2     A99F 84   F0              ANDA #$F0
   1125  2     A9A1 8A   03              ORA #$03
   1126  4+1   A9A3 A7   44              STA 4,U
   1127  4+1   A9A5 A6   C8 26           LDA 38,U
   1128  5+1   A9A8 34   02              PSHS A
   1129  2     A9AA 84   0F              ANDA #$0F
   1130  2     A9AC 8A   60              ORA #$60
   1131  4+1   A9AE A7   C8 26           STA 38,U
   1132  5+4   A9B1 37   30              PULU X,Y
   1133  5+6   A9B3 34   70              PSHS U,Y,X
   1134  3     A9B5 CC   767B            LDD #$767b
   1135  3     A9B8 8E   6607            LDX #$6607
   1136  5+4   A9BB 36   16              PSHU D,X
   1137  4+1   A9BD 33   C8 28           LEAU 40,U
   1138
   1139  4+1   A9C0 A6   44              LDA 4,U
   1140  5+1   A9C2 34   02              PSHS A
   1141  2     A9C4 84   F0              ANDA #$F0
   1142  2     A9C6 8A   03              ORA #$03
   1143  4+1   A9C8 A7   44              STA 4,U
   1144  4+1   A9CA A6   C8 26           LDA 38,U
   1145  5+1   A9CD 34   02              PSHS A
   1146  2     A9CF 84   0F              ANDA #$0F
   1147  2     A9D1 8A   00              ORA #$00
   1148  4+1   A9D3 A7   C8 26           STA 38,U
   1149  5+4   A9D6 37   30              PULU X,Y
   1150  5+6   A9D8 34   70              PSHS U,Y,X
   1151  3     A9DA CC   7670            LDD #$7670
   1152  3     A9DD 8E   66B7            LDX #$66b7
   1153  5+4   A9E0 36   16              PSHU D,X
   1154  4+1   A9E2 33   C8 28           LEAU 40,U
   1155
   1156  4+1   A9E5 A6   C8 23           LDA 35,U
   1157  4+1   A9E8 E6   C8 26           LDB 38,U
   1158  5+2   A9EB 34   06              PSHS B,A
   1159  2     A9ED C4   0F              ANDB #$0F
   1160  2     A9EF CA   00              ORB #$00
   1161  4+1   A9F1 E7   C8 26           STB 38,U
   1162  2     A9F4 86   CC              LDA #$cc
   1163  4+1   A9F6 A7   C8 23           STA 35,U
   1164  5+4   A9F9 37   30              PULU X,Y
   1165  5+6   A9FB 34   70              PSHS U,Y,X
   1166  3     A9FD CC   7710            LDD #$7710
   1167  3     AA00 8E   66B7            LDX #$66b7
   1168  5+4   AA03 36   16              PSHU D,X
   1169  4+1   AA05 33   C8 28           LEAU 40,U
   1170
   1171  5+1   AA08 AE   C8 23           LDX 35,U
   1172  5+2   AA0B 34   10              PSHS X
   1173  3     AA0D CC   CBCC            LDD #$cbcc
   1174  5+1   AA10 ED   C8 23           STD 35,U
   1175  4+1   AA13 A6   C8 26           LDA 38,U
   1176  5+1   AA16 34   02              PSHS A
   1177  2     AA18 84   0F              ANDA #$0F
   1178  2     AA1A 8A   00              ORA #$00
   1179  4+1   AA1C A7   C8 26           STA 38,U
   1180  5+4   AA1F 37   30              PULU X,Y
   1181  5+6   AA21 34   70              PSHS U,Y,X
   1182  3     AA23 CC   7711            LDD #$7711
   1183  3     AA26 8E   6673            LDX #$6673
   1184  5+4   AA29 36   16              PSHU D,X
   1185  4+1   AA2B 33   C8 28           LEAU 40,U
   1186
   1187  4+1   AA2E A6   45              LDA 5,U
   1188  5+1   AA30 AE   C8 23           LDX 35,U
   1189  5+3   AA33 34   12              PSHS X,A
   1190  2     AA35 86   66              LDA #$66
   1191  4+1   AA37 A7   45              STA 5,U
   1192  3     AA39 CC   DCAB            LDD #$dcab
   1193  5+1   AA3C ED   C8 23           STD 35,U
   1194  5+1   AA3F EC   C8 26           LDD 38,U
   1195  5+2   AA42 34   06              PSHS D
   1196  2     AA44 84   0F              ANDA #$0F
   1197  2     AA46 C4   F0              ANDB #$F0
   1198  4     AA48 C3   600C            ADDD #$600c
   1199  5+1   AA4B ED   C8 26           STD 38,U
   1200  5+4   AA4E 37   30              PULU X,Y
   1201  5+6   AA50 34   70              PSHS U,Y,X
   1202  3     AA52 CC   7711            LDD #$7711
   1203  3     AA55 8E   6673            LDX #$6673
   1204  5+4   AA58 36   16              PSHU D,X
   1205  4+1   AA5A 33   C8 28           LEAU 40,U
   1206
   1207  5+1   AA5D EC   C8 23           LDD 35,U
   1208  5+2   AA60 34   06              PSHS D
   1209  2     AA62 84   F0              ANDA #$F0
   1210  2     AA64 8A   0D              ORA #$0d
   1211  2     AA66 C6   A0              LDB #$a0
   1212  5+1   AA68 ED   C8 23           STD 35,U
   1213  4+1   AA6B A6   45              LDA 5,U
   1214  4+1   AA6D E6   43              LDB 3,U
   1215  5+2   AA6F 34   06              PSHS B,A
   1216  2     AA71 C4   0F              ANDB #$0F
   1217  2     AA73 CA   70              ORB #$70
   1218  4+1   AA75 E7   43              STB 3,U
   1219  2     AA77 86   00              LDA #$00
   1220  4+1   AA79 A7   45              STA 5,U
   1221  5+3   AA7B 37   12              PULU A,X
   1222  5+5   AA7D 34   52              PSHS U,X,A
   1223  2     AA7F 86   77              LDA #$77
   1224  3     AA81 8E   1166            LDX #$1166
   1225  5+3   AA84 36   12              PSHU A,X
   1226  4+1   AA86 33   C8 27           LEAU 39,U
   1227
   1228  5+1   AA89 EC   44              LDD 4,U
   1229  5+2   AA8B 34   06              PSHS D
   1230  2     AA8D 84   0F              ANDA #$0F
   1231  2     AA8F C4   0F              ANDB #$0F
   1232  4     AA91 C3   7010            ADDD #$7010
   1233  5+1   AA94 ED   44              STD 4,U
   1234  4+1   AA96 A6   46              LDA 6,U
   1235  5+1   AA98 34   02              PSHS A
   1236  2     AA9A 86   66              LDA #$66
   1237  4+1   AA9C A7   46              STA 6,U
   1238  5+1   AA9E EC   C8 25           LDD 37,U
   1239  5+2   AAA1 34   06              PSHS D
   1240  2     AAA3 86   00              LDA #$00
   1241  2     AAA5 C4   0F              ANDB #$0F
   1242  2     AAA7 CA   C0              ORB #$c0
   1243  5+1   AAA9 ED   C8 25           STD 37,U
   1244  5+4   AAAC 37   30              PULU X,Y
   1245  5+6   AAAE 34   70              PSHS U,Y,X
   1246  3     AAB0 CC   CCAA            LDD #$ccaa
   1247  3     AAB3 8E   1D66            LDX #$1d66
   1248  5+4   AAB6 36   16              PSHU D,X
   1249  4+1   AAB8 33   C8 29           LEAU 41,U
   1250
   1251  5+1   AABB AE   C8 24           LDX 36,U
   1252  5+2   AABE 34   10              PSHS X
   1253  4+1   AAC0 A6   44              LDA 4,U
   1254  5+1   AAC2 34   02              PSHS A
   1255  2     AAC4 84   0F              ANDA #$0F
   1256  2     AAC6 8A   10              ORA #$10
   1257  4+1   AAC8 A7   44              STA 4,U
   1258  5+1   AACA EC   C8 27           LDD 39,U
   1259  5+2   AACD 34   06              PSHS D
   1260  2     AACF 84   F0              ANDA #$F0
   1261  2     AAD1 8A   0C              ORA #$0c
   1262  2     AAD3 C6   00              LDB #$00
   1263  5+1   AAD5 ED   C8 27           STD 39,U
   1264  3     AAD8 CC   00BC            LDD #$00bc
   1265  5+1   AADB ED   C8 24           STD 36,U
   1266  5+4   AADE 37   30              PULU X,Y
   1267  5+6   AAE0 34   70              PSHS U,Y,X
   1268  2     AAE2 C6   60              LDB #$60
   1269  3     AAE4 8E   A0BC            LDX #$a0bc
   1270  5+4   AAE7 36   16              PSHU D,X
   1271  4+1   AAE9 33   C8 29           LEAU 41,U
   1272
   1273  5+1   AAEC AE   C8 23           LDX 35,U
   1274  5+2   AAEF 34   10              PSHS X
   1275  4+1   AAF1 A6   43              LDA 3,U
   1276  5+1   AAF3 34   02              PSHS A
   1277  2     AAF5 84   0F              ANDA #$0F
   1278  2     AAF7 8A   10              ORA #$10
   1279  4+1   AAF9 A7   43              STA 3,U
   1280  3     AAFB CC   A0AC            LDD #$a0ac
   1281  5+1   AAFE ED   C8 23           STD 35,U
   1282  5+3   AB01 37   12              PULU A,X
   1283  5+5   AB03 34   52              PSHS U,X,A
   1284  2     AB05 86   AA              LDA #$aa
   1285  3     AB07 8E   00AB            LDX #$00ab
   1286  5+3   AB0A 36   12              PSHU A,X
   1287  4+1   AB0C 33   C8 26           LEAU 38,U
   1288
   1289  5+1   AB0F AE   C8 25           LDX 37,U
   1290  5+2   AB12 34   10              PSHS X
   1291  4+1   AB14 A6   45              LDA 5,U
   1292  5+1   AB16 34   02              PSHS A
   1293  2     AB18 84   0F              ANDA #$0F
   1294  2     AB1A 8A   D0              ORA #$d0
   1295  4+1   AB1C A7   45              STA 5,U
   1296  3     AB1E CC   A00A            LDD #$a00a
   1297  5+1   AB21 ED   C8 25           STD 37,U
   1298  5+5   AB24 37   32              PULU A,X,Y
   1299  5+7   AB26 34   72              PSHS U,Y,X,A
   1300  2     AB28 86   CC              LDA #$cc
   1301  3     AB2A 8E   0000            LDX #$0000
   1302  4     AB2D 108E 000A            LDY #$000a
   1303  5+5   AB31 36   32              PSHU A,X,Y
   1304  4+1   AB33 33   C8 29           LEAU 41,U
   1305
   1306  5+1   AB36 EC   C8 27           LDD 39,U
   1307  5+2   AB39 34   06              PSHS D
   1308  2     AB3B 84   F0              ANDA #$F0
   1309  2     AB3D 8A   0C              ORA #$0c
   1310  2     AB3F C6   00              LDB #$00
   1311  5+1   AB41 ED   C8 27           STD 39,U
   1312  4+1   AB44 A6   44              LDA 4,U
   1313  5+1   AB46 34   02              PSHS A
   1314  2     AB48 84   0F              ANDA #$0F
   1315  2     AB4A 8A   D0              ORA #$d0
   1316  4+1   AB4C A7   44              STA 4,U
   1317  5+1   AB4E AE   C8 24           LDX 36,U
   1318  5+2   AB51 34   10              PSHS X
   1319  3     AB53 CC   A00A            LDD #$a00a
   1320  5+1   AB56 ED   C8 24           STD 36,U
   1321  5+4   AB59 37   16              PULU D,X
   1322  5+6   AB5B 34   56              PSHS U,X,D
   1323  3     AB5D CC   B000            LDD #$b000
   1324  5+4   AB60 36   26              PSHU D,Y
   1325  4+1   AB62 33   C8 29           LEAU 41,U
   1326
   1327  5+1   AB65 AE   C8 23           LDX 35,U
   1328  5+2   AB68 34   10              PSHS X
   1329  5+1   AB6A ED   C8 23           STD 35,U
   1330  4+1   AB6D A6   43              LDA 3,U
   1331  5+1   AB6F 34   02              PSHS A
   1332  2     AB71 84   0F              ANDA #$0F
   1333  2     AB73 8A   D0              ORA #$d0
   1334  4+1   AB75 A7   43              STA 3,U
   1335  5+1   AB77 EC   C8 26           LDD 38,U
   1336  5+2   AB7A 34   06              PSHS D
   1337  2     AB7C 84   F0              ANDA #$F0
   1338  2     AB7E 8A   0B              ORA #$0b
   1339  2     AB80 C6   00              LDB #$00
   1340  5+1   AB82 ED   C8 26           STD 38,U
   1341  5+3   AB85 37   12              PULU A,X
   1342  5+5   AB87 34   52              PSHS U,X,A
   1343  5+3   AB89 36   24              PSHU B,Y
   1344  4+1   AB8B 33   C8 28           LEAU 40,U
   1345
   1346  5+3   AB8E 37   12              PULU A,X
   1347  5+5   AB90 34   52              PSHS U,X,A
   1348  5+3   AB92 36   24              PSHU B,Y
   1349  4+1   AB94 33   C8 22           LEAU 34,U
   1350
   1351  5+1   AB97 EC   44              LDD 4,U
   1352  5+2   AB99 34   06              PSHS D
   1353  2     AB9B 84   F0              ANDA #$F0
   1354  2     AB9D 8A   0D              ORA #$0d
   1355  2     AB9F C6   00              LDB #$00
   1356  5+1   ABA1 ED   44              STD 4,U
   1357  5+3   ABA3 37   12              PULU A,X
   1358  5+5   ABA5 34   52              PSHS U,X,A
   1359  2     ABA7 86   CD              LDA #$cd
   1360  3     ABA9 8E   BA00            LDX #$ba00
   1361  5+3   ABAC 36   12              PSHU A,X
   1362  4+1   ABAE 33   46              LEAU 6,U
   1363
   1364  5+3   ABB0 37   12              PULU A,X
   1365  5+5   ABB2 34   52              PSHS U,X,A
   1366  3     ABB4 8E   00AB            LDX #$00ab
   1367  5+3   ABB7 36   14              PSHU B,X
   1368  4+1   ABB9 33   C8 22           LEAU 34,U
   1369
   1370  5+1   ABBC EC   44              LDD 4,U
   1371  5+2   ABBE 34   06              PSHS D
   1372  2     ABC0 84   0F              ANDA #$0F
   1373  2     ABC2 8A   D0              ORA #$d0
   1374  2     ABC4 C6   00              LDB #$00
   1375  5+1   ABC6 ED   44              STD 4,U
   1376  5+3   ABC8 37   12              PULU A,X
   1377  5+5   ABCA 34   52              PSHS U,X,A
   1378  2     ABCC 86   CB              LDA #$cb
   1379  3     ABCE 8E   CA00            LDX #$ca00
   1380  5+3   ABD1 36   12              PSHU A,X
   1381  4+1   ABD3 33   46              LEAU 6,U
   1382
   1383  5+3   ABD5 37   12              PULU A,X
   1384  5+5   ABD7 34   52              PSHS U,X,A
   1385  3     ABD9 8E   00AB            LDX #$00ab
   1386  5+3   ABDC 36   14              PSHU B,X
   1387  4+1   ABDE 33   C8 22           LEAU 34,U
   1388
   1389  4+1   ABE1 A6   43              LDA 3,U
   1390  5+1   ABE3 34   02              PSHS A
   1391  2     ABE5 84   0F              ANDA #$0F
   1392  2     ABE7 8A   C0              ORA #$c0
   1393  4+1   ABE9 A7   43              STA 3,U
   1394  5+3   ABEB 37   12              PULU A,X
   1395  5+5   ABED 34   52              PSHS U,X,A
   1396  2     ABEF 86   DC              LDA #$dc
   1397  3     ABF1 8E   CA00            LDX #$ca00
   1398  5+3   ABF4 36   12              PSHU A,X
   1399  4+1   ABF6 33   45              LEAU 5,U
   1400
   1401  5+1   ABF8 EC   C8 23           LDD 35,U
   1402  5+2   ABFB 34   06              PSHS D
   1403  2     ABFD 84   F0              ANDA #$F0
   1404  2     ABFF 8A   0C              ORA #$0c
   1405  2     AC01 C6   CB              LDB #$cb
   1406  5+1   AC03 ED   C8 23           STD 35,U
   1407  5+1   AC06 EC   C8 27           LDD 39,U
   1408  5+2   AC09 34   06              PSHS D
   1409  2     AC0B 84   F0              ANDA #$F0
   1410  2     AC0D 8A   0D              ORA #$0d
   1411  2     AC0F C6   BB              LDB #$bb
   1412  5+1   AC11 ED   C8 27           STD 39,U
   1413  5+1   AC14 EC   C8 4B           LDD 75,U
   1414  5+2   AC17 34   06              PSHS D
   1415  2     AC19 84   F0              ANDA #$F0
   1416  2     AC1B 8A   0C              ORA #$0c
   1417  2     AC1D C6   CB              LDB #$cb
   1418  5+1   AC1F ED   C8 4B           STD 75,U
   1419  5+1   AC22 EC   C8 4F           LDD 79,U
   1420  5+2   AC25 34   06              PSHS D
   1421  2     AC27 84   F0              ANDA #$F0
   1422  2     AC29 8A   0B              ORA #$0b
   1423  2     AC2B C6   DD              LDB #$dd
   1424  5+1   AC2D ED   C8 4F           STD 79,U
   1425  5+1   AC30 EC   C8 73           LDD 115,U
   1426  5+2   AC33 34   06              PSHS D
   1427  2     AC35 84   F0              ANDA #$F0
   1428  2     AC37 8A   0C              ORA #$0c
   1429  2     AC39 C6   CB              LDB #$cb
   1430  5+1   AC3B ED   C8 73           STD 115,U
   1431  5+1   AC3E EC   C8 25           LDD 37,U
   1432  5+2   AC41 34   06              PSHS D
   1433  2     AC43 86   00              LDA #$00
   1434  2     AC45 C4   0F              ANDB #$0F
   1435  2     AC47 CA   C0              ORB #$c0
   1436  5+1   AC49 ED   C8 25           STD 37,U
   1437  5+1   AC4C EC   C8 4D           LDD 77,U
   1438  5+2   AC4F 34   06              PSHS D
   1439  2     AC51 86   00              LDA #$00
   1440  2     AC53 C4   0F              ANDB #$0F
   1441  2     AC55 CA   B0              ORB #$b0
   1442  5+1   AC57 ED   C8 4D           STD 77,U
   1443  4+1   AC5A A6   C8 2B           LDA 43,U
   1444  5+1   AC5D 34   02              PSHS A
   1445  2     AC5F 84   0F              ANDA #$0F
   1446  2     AC61 8A   D0              ORA #$d0
   1447  4+1   AC63 A7   C8 2B           STA 43,U
   1448  4+1   AC66 A6   C8 77           LDA 119,U
   1449  5+1   AC69 34   02              PSHS A
   1450  2     AC6B 84   F0              ANDA #$F0
   1451  2     AC6D 8A   0D              ORA #$0d
   1452  4+1   AC6F A7   C8 77           STA 119,U
   1453  5+1   AC72 AE   C8 29           LDX 41,U
   1454  6+1   AC75 10AE C8 79           LDY 121,U
   1455  5+4   AC79 34   30              PSHS Y,X
   1456  5+1   AC7B EC   C8 51           LDD 81,U
   1457  5+1   AC7E AE   C8 75           LDX 117,U
   1458  5+4   AC81 34   16              PSHS X,D
   1459  3     AC83 CC   BA0C            LDD #$ba0c
   1460  5+1   AC86 ED   C8 79           STD 121,U
   1461  3     AC89 CC   00AC            LDD #$00ac
   1462  5+1   AC8C ED   C8 75           STD 117,U
   1463  2     AC8F C6   00              LDB #$00
   1464  5+1   AC91 ED   C8 29           STD 41,U
   1465  5+1   AC94 ED   C8 51           STD 81,U
   1466  5+4   AC97 37   30              PULU X,Y
   1467  5+6   AC99 34   70              PSHS U,Y,X
   1468  2     AC9B 86   AA              LDA #$aa
   1469  3     AC9D 8E   00BD            LDX #$00bd
   1470  5+4   ACA0 36   16              PSHU D,X
   1471  4+4   ACA2 33   C9 0114         LEAU 276,U
   1472
   1473  5+1   ACA6 AE   46              LDX 6,U
   1474  6+1   ACA8 10AE C8 8D           LDY -115,U
   1475  5+4   ACAC 34   30              PSHS Y,X
   1476  3     ACAE CC   1DCD            LDD #$1dcd
   1477  5+1   ACB1 ED   C8 8D           STD -115,U
   1478  5+1   ACB4 EC   C8 D9           LDD -39,U
   1479  5+1   ACB7 AE   C8 DE           LDX -34,U
   1480  6+1   ACBA 10AE C8 89           LDY -119,U
   1481  5+6   ACBE 34   36              PSHS Y,X,D
   1482  5+1   ACC0 EC   C8 B6           LDD -74,U
   1483  5+2   ACC3 34   06              PSHS D
   1484  2     ACC5 86   DD              LDA #$dd
   1485  2     ACC7 C4   0F              ANDB #$0F
   1486  2     ACC9 CA   B0              ORB #$b0
   1487  5+1   ACCB ED   C8 B6           STD -74,U
   1488  5+1   ACCE AE   C8 B1           LDX -79,U
   1489  5+2   ACD1 34   10              PSHS X
   1490  4+1   ACD3 A6   C8 8B           LDA -117,U
   1491  5+1   ACD6 34   02              PSHS A
   1492  2     ACD8 84   0F              ANDA #$0F
   1493  2     ACDA 8A   C0              ORA #$c0
   1494  4+1   ACDC A7   C8 8B           STA -117,U
   1495  4+1   ACDF A6   C8 8F           LDA -113,U
   1496  5+1   ACE2 34   02              PSHS A
   1497  2     ACE4 84   F0              ANDA #$F0
   1498  2     ACE6 8A   0B              ORA #$0b
   1499  4+1   ACE8 A7   C8 8F           STA -113,U
   1500  5+1   ACEB EC   C8 87           LDD -121,U
   1501  5+2   ACEE 34   06              PSHS D
   1502  2     ACF0 84   F0              ANDA #$F0
   1503  2     ACF2 8A   0D              ORA #$0d
   1504  2     ACF4 C6   CB              LDB #$cb
   1505  5+1   ACF6 ED   C8 87           STD -121,U
   1506  5+1   ACF9 EC   C8 AF           LDD -81,U
   1507  5+2   ACFC 34   06              PSHS D
   1508  2     ACFE 84   F0              ANDA #$F0
   1509  2     AD00 8A   0D              ORA #$0d
   1510  2     AD02 C6   CB              LDB #$cb
   1511  5+1   AD04 ED   C8 AF           STD -81,U
   1512  5+1   AD07 EC   C8 B4           LDD -76,U
   1513  5+2   AD0A 34   06              PSHS D
   1514  2     AD0C 84   F0              ANDA #$F0
   1515  2     AD0E 8A   03              ORA #$03
   1516  2     AD10 C6   33              LDB #$33
   1517  5+1   AD12 ED   C8 B4           STD -76,U
   1518  5+1   AD15 EC   C8 D7           LDD -41,U
   1519  5+2   AD18 34   06              PSHS D
   1520  2     AD1A 84   F0              ANDA #$F0
   1521  2     AD1C 8A   0D              ORA #$0d
   1522  2     AD1E C6   CB              LDB #$cb
   1523  5+1   AD20 ED   C8 D7           STD -41,U
   1524  5+1   AD23 EC   C8 DC           LDD -36,U
   1525  5+2   AD26 34   06              PSHS D
   1526  2     AD28 84   F0              ANDA #$F0
   1527  2     AD2A 8A   03              ORA #$03
   1528  2     AD2C C6   7D              LDB #$7d
   1529  5+1   AD2E ED   C8 DC           STD -36,U
   1530  5+1   AD31 EC   44              LDD 4,U
   1531  5+2   AD33 34   06              PSHS D
   1532  2     AD35 84   F0              ANDA #$F0
   1533  2     AD37 8A   05              ORA #$05
   1534  2     AD39 C6   6D              LDB #$6d
   1535  5+1   AD3B ED   44              STD 4,U
   1536  3     AD3D CC   00AB            LDD #$00ab
   1537  5+1   AD40 ED   C8 89           STD -119,U
   1538  2     AD43 C6   0B              LDB #$0b
   1539  5+1   AD45 ED   C8 B1           STD -79,U
   1540  2     AD48 C6   0A              LDB #$0a
   1541  5+1   AD4A ED   C8 D9           STD -39,U
   1542  2     AD4D 86   CB              LDA #$cb
   1543  5+1   AD4F ED   46              STD 6,U
   1544  2     AD51 C6   AA              LDB #$aa
   1545  5+1   AD53 ED   C8 DE           STD -34,U
   1546  5+3   AD56 37   12              PULU A,X
   1547  5+5   AD58 34   52              PSHS U,X,A
   1548  2     AD5A 86   CB              LDA #$cb
   1549  3     AD5C 8E   000A            LDX #$000a
   1550  5+3   AD5F 36   12              PSHU A,X
   1551  4+1   AD61 33   C8 28           LEAU 40,U
   1552
   1553  5+1   AD64 EC   44              LDD 4,U
   1554  5+2   AD66 34   06              PSHS D
   1555  2     AD68 84   F0              ANDA #$F0
   1556  2     AD6A 8A   07              ORA #$07
   1557  2     AD6C C6   65              LDB #$65
   1558  5+1   AD6E ED   44              STD 4,U
   1559  5+1   AD70 AE   46              LDX 6,U
   1560  5+2   AD72 34   10              PSHS X
   1561  3     AD74 CC   BA0A            LDD #$ba0a
   1562  5+1   AD77 ED   46              STD 6,U
   1563  5+3   AD79 37   12              PULU A,X
   1564  5+5   AD7B 34   52              PSHS U,X,A
   1565  2     AD7D 86   CB              LDA #$cb
   1566  3     AD7F 8E   000A            LDX #$000a
   1567  5+3   AD82 36   12              PSHU A,X
   1568  4+1   AD84 33   C8 28           LEAU 40,U
   1569
   1570  5+1   AD87 EC   44              LDD 4,U
   1571  5+2   AD89 34   06              PSHS D
   1572  2     AD8B 84   F0              ANDA #$F0
   1573  2     AD8D 8A   07              ORA #$07
   1574  2     AD8F C6   66              LDB #$66
   1575  5+1   AD91 ED   44              STD 4,U
   1576  5+1   AD93 AE   46              LDX 6,U
   1577  5+2   AD95 34   10              PSHS X
   1578  3     AD97 CC   AAAD            LDD #$aaad
   1579  5+1   AD9A ED   46              STD 6,U
   1580  5+3   AD9C 37   12              PULU A,X
   1581  5+5   AD9E 34   52              PSHS U,X,A
   1582  2     ADA0 86   CB              LDA #$cb
   1583  3     ADA2 8E   0AA0            LDX #$0aa0
   1584  5+3   ADA5 36   12              PSHU A,X
   1585  4+1   ADA7 33   C8 28           LEAU 40,U
   1586
   1587  5+1   ADAA AE   46              LDX 6,U
   1588  5+2   ADAC 34   10              PSHS X
   1589  2     ADAE 86   A0              LDA #$a0
   1590  5+1   ADB0 ED   46              STD 6,U
   1591  5+1   ADB2 EC   44              LDD 4,U
   1592  5+2   ADB4 34   06              PSHS D
   1593  2     ADB6 84   F0              ANDA #$F0
   1594  2     ADB8 8A   07              ORA #$07
   1595  2     ADBA C6   66              LDB #$66
   1596  5+1   ADBC ED   44              STD 4,U
   1597  5+3   ADBE 37   12              PULU A,X
   1598  5+5   ADC0 34   52              PSHS U,X,A
   1599  2     ADC2 86   CB              LDA #$cb
   1600  3     ADC4 8E   00BB            LDX #$00bb
   1601  5+3   ADC7 36   12              PSHU A,X
   1602  4+1   ADC9 33   C8 28           LEAU 40,U
   1603
   1604  5+1   ADCC EC   44              LDD 4,U
   1605  5+2   ADCE 34   06              PSHS D
   1606  2     ADD0 84   F0              ANDA #$F0
   1607  2     ADD2 8A   05              ORA #$05
   1608  2     ADD4 C6   66              LDB #$66
   1609  5+1   ADD6 ED   44              STD 4,U
   1610  5+1   ADD8 AE   46              LDX 6,U
   1611  5+2   ADDA 34   10              PSHS X
   1612  3     ADDC CC   00AD            LDD #$00ad
   1613  5+1   ADDF ED   46              STD 6,U
   1614  5+3   ADE1 37   12              PULU A,X
   1615  5+5   ADE3 34   52              PSHS U,X,A
   1616  2     ADE5 86   DB              LDA #$db
   1617  3     ADE7 8E   00B6            LDX #$00b6
   1618  5+3   ADEA 36   12              PSHU A,X
   1619  4+1   ADEC 33   C8 28           LEAU 40,U
   1620
   1621  5+1   ADEF EC   43              LDD 3,U
   1622  5+2   ADF1 34   06              PSHS D
   1623  2     ADF3 84   0F              ANDA #$0F
   1624  2     ADF5 C4   F0              ANDB #$F0
   1625  4     ADF7 C3   3005            ADDD #$3005
   1626  5+1   ADFA ED   43              STD 3,U
   1627  5+3   ADFC 37   12              PULU A,X
   1628  5+5   ADFE 34   52              PSHS U,X,A
   1629  2     AE00 86   DC              LDA #$dc
   1630  3     AE02 8E   A066            LDX #$a066
   1631  5+3   AE05 36   12              PSHU A,X
   1632  4+1   AE07 33   45              LEAU 5,U
   1633
   1634  5+3   AE09 37   12              PULU A,X
   1635  5+5   AE0B 34   52              PSHS U,X,A
   1636  2     AE0D 86   66              LDA #$66
   1637  3     AE0F 8E   00AD            LDX #$00ad
   1638  5+3   AE12 36   12              PSHU A,X
   1639  4+1   AE14 33   C8 23           LEAU 35,U
   1640
   1641  5+1   AE17 EC   43              LDD 3,U
   1642  5+2   AE19 34   06              PSHS D
   1643  2     AE1B 84   0F              ANDA #$0F
   1644  2     AE1D C4   F0              ANDB #$F0
   1645  4     AE1F C3   3003            ADDD #$3003
   1646  5+1   AE22 ED   43              STD 3,U
   1647  4+1   AE24 A6   45              LDA 5,U
   1648  5+1   AE26 34   02              PSHS A
   1649  2     AE28 86   66              LDA #$66
   1650  4+1   AE2A A7   45              STA 5,U
   1651  5+3   AE2C 37   12              PULU A,X
   1652  5+5   AE2E 34   52              PSHS U,X,A
   1653  2     AE30 86   DC              LDA #$dc
   1654  3     AE32 8E   A06B            LDX #$a06b
   1655  5+3   AE35 36   12              PSHU A,X
   1656  4+1   AE37 33   C8 28           LEAU 40,U
   1657
   1658  4+1   AE3A A6   C8 50           LDA 80,U
   1659  5+1   AE3D AE   C8 28           LDX 40,U
   1660  5+3   AE40 34   12              PSHS X,A
   1661  3     AE42 CC   CCA6            LDD #$cca6
   1662  5+1   AE45 ED   C8 28           STD 40,U
   1663  4+1   AE48 A7   C8 50           STA 80,U
   1664  5+3   AE4B 37   12              PULU A,X
   1665  5+5   AE4D 34   52              PSHS U,X,A
   1666  2     AE4F 86   DC              LDA #$dc
   1667  3     AE51 8E   A066            LDX #$a066
   1668  5+3   AE54 36   12              PSHU A,X
   1669  4+0   AE56 33   E4              LEAU ,S
   1670        AE58               SSAV_Img_tails_3
   1671  4     AE58 10CE 0000            LDS #$0000
   1672  5     AE5C 39                   RTS
   1673
----------------
8151 cycle(s)
3677 byte(s)
----------------
   1675

000000 Total Errors

000003 Total Symbols
     0x          Label A000 BCKDRAW_Img_tails_3
     1x          Label A68F DYN_POS
     1x          Label AE58 SSAV_Img_tails_3

