/*--------------------------------------------------------------*
 * Compilé avec C6809 v0.83                                     *
 *--------------------------------------------------------------*
 * Fichier source      : ./Sonic2/GeneratedCode/TitleScreen/Img_emblemFront04_ND0.ASM
 * Fichier destination : ./Sonic2/GeneratedCode/TitleScreen/Img_emblemFront04_ND0.BIN
 * Contenu :
 *     Main     0:IMGD.ASM     4099
 *--------------------------------------------------------------*/

Macro Pass
Pass1
Pass2
      2        A000                      ORG $A000
      3                  FF              SETDP $FF
      4        A000               DRAW_Img_emblemFront04
      5  5+5   A000 ED   8D 0185         STD DYN_POS+1,PCR
      6  5+0   A004 EE   A4              LDU ,Y
      7  4+4   A006 33   C9 046B         LEAU 1131,U
      8
      9  2     A00A 86   22              LDA #$22
     10  4+1   A00C A7   59              STA -7,U
     11  3     A00E CC   2222            LDD #$2222
     12  3     A011 8E   1111            LDX #$1111
     13  4     A014 108E 2233            LDY #$2233
     14  5+6   A018 36   36              PSHU D,X,Y
     15  4+1   A01A 33   C8 DE           LEAU -34,U
     16
     17  4+1   A01D A7   59              STA -7,U
     18  5+1   A01F EC   C8 D6           LDD -42,U
     19  2     A022 86   00              LDA #$00
     20  2     A024 C4   0F              ANDB #$0F
     21  2     A026 CA   20              ORB #$20
     22  5+1   A028 ED   C8 D6           STD -42,U
     23  3     A02B CC   2222            LDD #$2222
     24  4     A02E 108E 2232            LDY #$2232
     25  5+6   A032 36   36              PSHU D,X,Y
     26  4+1   A034 33   C8 DC           LEAU -36,U
     27
     28  2     A037 86   11              LDA #$11
     29  3     A039 8E   2221            LDX #$2221
     30  4     A03C 108E 1101            LDY #$1101
     31  5+5   A040 36   32              PSHU A,X,Y
     32  4+1   A042 33   C8 DE           LEAU -34,U
     33
     34  3     A045 8E   1100            LDX #$1100
     35  4     A048 108E 6000            LDY #$6000
     36  5+6   A04C 36   36              PSHU D,X,Y
     37  4+1   A04E 33   C8 DE           LEAU -34,U
     38
     39  2     A051 C6   12              LDB #$12
     40  3     A053 8E   1166            LDX #$1166
     41  4     A056 108E 66C0            LDY #$66c0
     42  5+6   A05A 36   36              PSHU D,X,Y
     43  4+1   A05C 33   C8 DE           LEAU -34,U
     44
     45  2     A05F 86   00              LDA #$00
     46  4     A061 108E 66EC            LDY #$66ec
     47  5+6   A065 36   36              PSHU D,X,Y
     48  4+1   A067 33   C8 DE           LEAU -34,U
     49
     50  3     A06A CC   6610            LDD #$6610
     51  4     A06D 108E 66EE            LDY #$66ee
     52  5+6   A071 36   36              PSHU D,X,Y
     53  4+1   A073 33   C8 DE           LEAU -34,U
     54
     55  3     A076 8E   1677            LDX #$1677
     56  4     A079 108E 76EE            LDY #$76ee
     57  5+6   A07D 36   36              PSHU D,X,Y
     58  4+1   A07F 33   C8 DE           LEAU -34,U
     59
     60  3     A082 8E   1777            LDX #$1777
     61  4     A085 108E 77EE            LDY #$77ee
     62  5+6   A089 36   36              PSHU D,X,Y
     63  4+1   A08B 33   C8 DE           LEAU -34,U
     64
     65  3     A08E 8E   1771            LDX #$1771
     66  4     A091 108E 73EE            LDY #$73ee
     67  5+6   A095 36   36              PSHU D,X,Y
     68  4+1   A097 33   C8 DE           LEAU -34,U
     69
     70  2     A09A 86   77              LDA #$77
     71  3     A09C 8E   1330            LDX #$1330
     72  4     A09F 108E 13EE            LDY #$13ee
     73  5+6   A0A3 36   36              PSHU D,X,Y
     74  4+1   A0A5 33   C8 DE           LEAU -34,U
     75
     76  3     A0A8 8E   1310            LDX #$1310
     77  4     A0AB 108E 03EE            LDY #$03ee
     78  5+6   A0AF 36   36              PSHU D,X,Y
     79  4+1   A0B1 33   C8 DE           LEAU -34,U
     80
     81  2     A0B4 86   33              LDA #$33
     82  3     A0B6 8E   3610            LDX #$3610
     83  4     A0B9 108E 01EE            LDY #$01ee
     84  5+6   A0BD 36   36              PSHU D,X,Y
     85  4+1   A0BF 33   C8 DE           LEAU -34,U
     86
     87  3     A0C2 8E   0010            LDX #$0010
     88  4     A0C5 108E 00EE            LDY #$00ee
     89  5+6   A0C9 36   36              PSHU D,X,Y
     90  4+1   A0CB 33   C8 DE           LEAU -34,U
     91
     92  3     A0CE 8E   0C10            LDX #$0c10
     93  5+6   A0D1 36   36              PSHU D,X,Y
     94  4+1   A0D3 33   C8 DE           LEAU -34,U
     95
     96  2     A0D6 86   00              LDA #$00
     97  3     A0D8 8E   CC10            LDX #$cc10
     98  4     A0DB 108E 000E            LDY #$000e
     99  5+6   A0DF 36   36              PSHU D,X,Y
    100  4+1   A0E1 33   C8 DE           LEAU -34,U
    101
    102  3     A0E4 8E   CCC0            LDX #$ccc0
    103  4     A0E7 108E 0002            LDY #$0002
    104  5+6   A0EB 36   36              PSHU D,X,Y
    105  4+1   A0ED 33   C8 DE           LEAU -34,U
    106
    107  2     A0F0 86   CC              LDA #$cc
    108  3     A0F2 8E   CCC1            LDX #$ccc1
    109  4     A0F5 108E 0022            LDY #$0022
    110  5+6   A0F9 36   36              PSHU D,X,Y
    111  4+1   A0FB 33   C8 DE           LEAU -34,U
    112
    113  3     A0FE 8E   1CC1            LDX #$1cc1
    114  4     A101 108E 0222            LDY #$0222
    115  5+6   A105 36   36              PSHU D,X,Y
    116  4+1   A107 33   C8 DE           LEAU -34,U
    117
    118  3     A10A 8E   1CCC            LDX #$1ccc
    119  4     A10D 108E 2122            LDY #$2122
    120  5+6   A111 36   36              PSHU D,X,Y
    121  4+1   A113 33   C8 DE           LEAU -34,U
    122
    123  4     A116 108E 1122            LDY #$1122
    124  5+6   A11A 36   36              PSHU D,X,Y
    125  4+1   A11C 33   C8 DE           LEAU -34,U
    126
    127  2     A11F C6   12              LDB #$12
    128  5+6   A121 36   36              PSHU D,X,Y
    129  4+1   A123 33   C8 DE           LEAU -34,U
    130
    131  4     A126 108E CC22            LDY #$cc22
    132  5+6   A12A 36   36              PSHU D,X,Y
    133  4+1   A12C 33   C8 DE           LEAU -34,U
    134
    135  3     A12F 8E   21DD            LDX #$21dd
    136  4     A132 108E DD22            LDY #$dd22
    137  5+6   A136 36   36              PSHU D,X,Y
    138  4+1   A138 33   C8 DE           LEAU -34,U
    139
    140  5+6   A13B 36   36              PSHU D,X,Y
    141  4+1   A13D 33   C8 DE           LEAU -34,U
    142
    143  3     A140 8E   22DD            LDX #$22dd
    144  5+6   A143 36   36              PSHU D,X,Y
    145  4+1   A145 33   C8 DE           LEAU -34,U
    146
    147  2     A148 86   DD              LDA #$dd
    148  3     A14A 8E   22EE            LDX #$22ee
    149  4     A14D 108E EE22            LDY #$ee22
    150  5+6   A151 36   36              PSHU D,X,Y
    151  4+1   A153 33   C8 DE           LEAU -34,U
    152
    153  5+6   A156 36   36              PSHU D,X,Y
    154  4+1   A158 33   C8 DE           LEAU -34,U
    155
    156  3     A15B 8E   2200            LDX #$2200
    157  4     A15E 108E E022            LDY #$e022
    158  5+6   A162 36   36              PSHU D,X,Y
    159  4+1   A164 33   C8 DE           LEAU -34,U
    160
    161  2     A167 86   EE              LDA #$ee
    162  3     A169 8E   2222            LDX #$2222
    163  4     A16C 108E 0222            LDY #$0222
    164  5+6   A170 36   36              PSHU D,X,Y
    165  4+1   A172 33   C8 DD           LEAU -35,U
    166
    167  3     A175 8E   1222            LDX #$1222
    168  4     A178 108E 2222            LDY #$2222
    169  5+5   A17C 36   32              PSHU A,X,Y
    170  4+1   A17E 33   C8 DD           LEAU -35,U
    171
    172  2     A181 86   00              LDA #$00
    173  3     A183 8E   0222            LDX #$0222
    174  5+5   A186 36   32              PSHU A,X,Y
    175        A188               DYN_POS
    176
    177  3     A188 CE   0000            LDU #$0000
    178  4+4   A18B 33   C9 046B         LEAU 1131,U
    179
    180  2     A18F 86   22              LDA #$22
    181  4+1   A191 A7   59              STA -7,U
    182  3     A193 CC   2221            LDD #$2221
    183  3     A196 8E   1122            LDX #$1122
    184  4     A199 108E 1722            LDY #$1722
    185  5+6   A19D 36   36              PSHU D,X,Y
    186  4+1   A19F 33   C8 DD           LEAU -35,U
    187
    188  2     A1A2 C6   22              LDB #$22
    189  3     A1A4 8E   1111            LDX #$1111
    190  4     A1A7 108E 1217            LDY #$1217
    191  5+6   A1AB 36   36              PSHU D,X,Y
    192  4+1   A1AD 33   C8 DE           LEAU -34,U
    193
    194  2     A1B0 86   11              LDA #$11
    195  3     A1B2 8E   1100            LDX #$1100
    196  5+6   A1B5 36   36              PSHU D,X,Y
    197  4+1   A1B7 33   C8 DE           LEAU -34,U
    198
    199  3     A1BA 8E   1166            LDX #$1166
    200  4     A1BD 108E 0117            LDY #$0117
    201  5+6   A1C1 36   36              PSHU D,X,Y
    202  4+1   A1C3 33   C8 DE           LEAU -34,U
    203
    204  3     A1C6 8E   1066            LDX #$1066
    205  4     A1C9 108E 61E7            LDY #$61e7
    206  5+6   A1CD 36   36              PSHU D,X,Y
    207  4+1   A1CF 33   C8 DE           LEAU -34,U
    208
    209  2     A1D2 86   00              LDA #$00
    210  3     A1D4 8E   0666            LDX #$0666
    211  4     A1D7 108E 6117            LDY #$6117
    212  5+6   A1DB 36   36              PSHU D,X,Y
    213  4+1   A1DD 33   C8 DE           LEAU -34,U
    214
    215  3     A1E0 CC   6601            LDD #$6601
    216  3     A1E3 8E   6666            LDX #$6666
    217  5+6   A1E6 36   36              PSHU D,X,Y
    218  4+1   A1E8 33   C8 DE           LEAU -34,U
    219
    220  3     A1EB 8E   6777            LDX #$6777
    221  4     A1EE 108E 6017            LDY #$6017
    222  5+6   A1F2 36   36              PSHU D,X,Y
    223  4+1   A1F4 33   C8 DE           LEAU -34,U
    224
    225  3     A1F7 8E   7777            LDX #$7777
    226  4     A1FA 108E 7011            LDY #$7011
    227  5+6   A1FE 36   36              PSHU D,X,Y
    228  4+1   A200 33   C8 DE           LEAU -34,U
    229
    230  3     A203 8E   3311            LDX #$3311
    231  4     A206 108E 3011            LDY #$3011
    232  5+6   A20A 36   36              PSHU D,X,Y
    233  4+1   A20C 33   C8 DE           LEAU -34,U
    234
    235  2     A20F 86   76              LDA #$76
    236  3     A211 8E   3300            LDX #$3300
    237  5+6   A214 36   36              PSHU D,X,Y
    238  4+1   A216 33   C8 DE           LEAU -34,U
    239
    240  2     A219 86   77              LDA #$77
    241  4     A21B 108E 1017            LDY #$1017
    242  5+6   A21F 36   36              PSHU D,X,Y
    243  4+1   A221 33   C8 DE           LEAU -34,U
    244
    245  2     A224 86   37              LDA #$37
    246  3     A226 8E   0000            LDX #$0000
    247  4     A229 108E 1E17            LDY #$1e17
    248  5+6   A22D 36   36              PSHU D,X,Y
    249  4+1   A22F 33   C8 DE           LEAU -34,U
    250
    251  2     A232 86   33              LDA #$33
    252  4     A234 108E 1E12            LDY #$1e12
    253  5+6   A238 36   36              PSHU D,X,Y
    254  4+1   A23A 33   C8 DE           LEAU -34,U
    255
    256  3     A23D 8E   CC00            LDX #$cc00
    257  4     A240 108E 1E13            LDY #$1e13
    258  5+6   A244 36   36              PSHU D,X,Y
    259  4+1   A246 33   C8 DE           LEAU -34,U
    260
    261  2     A249 86   07              LDA #$07
    262  4     A24B 108E E013            LDY #$e013
    263  5+6   A24F 36   36              PSHU D,X,Y
    264  4+1   A251 33   C8 DE           LEAU -34,U
    265
    266  2     A254 86   00              LDA #$00
    267  4     A256 108E 0013            LDY #$0013
    268  5+6   A25A 36   36              PSHU D,X,Y
    269  4+1   A25C 33   C8 DE           LEAU -34,U
    270
    271  2     A25F 86   C0              LDA #$c0
    272  4     A261 108E 0213            LDY #$0213
    273  5+6   A265 36   36              PSHU D,X,Y
    274  4+1   A267 33   C8 DE           LEAU -34,U
    275
    276  2     A26A 86   CC              LDA #$cc
    277  4     A26C 108E 1213            LDY #$1213
    278  5+6   A270 36   36              PSHU D,X,Y
    279  4+1   A272 33   C8 DE           LEAU -34,U
    280
    281  3     A275 8E   CC12            LDX #$cc12
    282  4     A278 108E 1233            LDY #$1233
    283  5+6   A27C 36   36              PSHU D,X,Y
    284  4+1   A27E 33   C8 DE           LEAU -34,U
    285
    286  2     A281 C6   00              LDB #$00
    287  3     A283 8E   CC11            LDX #$cc11
    288  5+6   A286 36   36              PSHU D,X,Y
    289  4+1   A288 33   C8 DE           LEAU -34,U
    290
    291  2     A28B C6   22              LDB #$22
    292  3     A28D 8E   CCC1            LDX #$ccc1
    293  4     A290 108E C133            LDY #$c133
    294  5+6   A294 36   36              PSHU D,X,Y
    295  4+1   A296 33   C8 DE           LEAU -34,U
    296
    297  3     A299 8E   CCCC            LDX #$cccc
    298  5+6   A29C 36   36              PSHU D,X,Y
    299  4+1   A29E 33   C8 DE           LEAU -34,U
    300
    301  3     A2A1 8E   DDDD            LDX #$dddd
    302  4     A2A4 108E D133            LDY #$d133
    303  5+6   A2A8 36   36              PSHU D,X,Y
    304  4+1   A2AA 33   C8 DE           LEAU -34,U
    305
    306  4     A2AD 108E DD33            LDY #$dd33
    307  5+6   A2B1 36   36              PSHU D,X,Y
    308  4+1   A2B3 33   C8 DE           LEAU -34,U
    309
    310  4     A2B6 108E DD32            LDY #$dd32
    311  5+6   A2BA 36   36              PSHU D,X,Y
    312  4+1   A2BC 33   C8 DE           LEAU -34,U
    313
    314  5+1   A2BF EC   C8 D6           LDD -42,U
    315  2     A2C2 86   EE              LDA #$ee
    316  2     A2C4 C4   0F              ANDB #$0F
    317  2     A2C6 CA   30              ORB #$30
    318  5+1   A2C8 ED   C8 D6           STD -42,U
    319  3     A2CB CC   DD22            LDD #$dd22
    320  3     A2CE 8E   0EEE            LDX #$0eee
    321  4     A2D1 108E EE32            LDY #$ee32
    322  5+6   A2D5 36   36              PSHU D,X,Y
    323  4+1   A2D7 33   C8 DC           LEAU -36,U
    324
    325  5+1   A2DA EC   C8 D8           LDD -40,U
    326  2     A2DD 86   00              LDA #$00
    327  2     A2DF C4   0F              ANDB #$0F
    328  2     A2E1 CA   20              ORB #$20
    329  5+1   A2E3 ED   C8 D8           STD -40,U
    330  3     A2E6 CC   DD22            LDD #$dd22
    331  3     A2E9 8E   20EE            LDX #$20ee
    332  5+4   A2EC 36   16              PSHU D,X
    333  4+1   A2EE 33   C8 DC           LEAU -36,U
    334
    335  3     A2F1 8E   22EE            LDX #$22ee
    336  5+4   A2F4 36   16              PSHU D,X
    337  4+1   A2F6 33   C8 DD           LEAU -35,U
    338
    339  2     A2F9 86   EE              LDA #$ee
    340  3     A2FB 8E   2222            LDX #$2222
    341  4     A2FE 108E 0022            LDY #$0022
    342  5+5   A302 36   32              PSHU A,X,Y
    343  4+1   A304 33   C8 DD           LEAU -35,U
    344
    345  4     A307 108E 2222            LDY #$2222
    346  5+5   A30B 36   32              PSHU A,X,Y
    347  4+1   A30D 33   C8 DC           LEAU -36,U
    348
    349  2     A310 86   00              LDA #$00
    350  5+4   A312 36   16              PSHU D,X
    351  5     A314 39                   RTS
    352
----------------
1526 cycle(s)
789 byte(s)
----------------
    354

000000 Total Errors

000002 Total Symbols
     0x          Label A000 DRAW_Img_emblemFront04
     1x          Label A188 DYN_POS

