/*--------------------------------------------------------------*
 * Compilé avec C6809 v0.83                                     *
 *--------------------------------------------------------------*
 * Fichier source      : ./Sonic2/GeneratedCode/TitleScreen/Img_islandWater02_NB0_Erase.ASM
 * Fichier destination : ./Sonic2/GeneratedCode/TitleScreen/Img_islandWater02_NB0_Erase.BIN
 * Contenu :
 *     Main     0:IMGE.ASM     641
 *--------------------------------------------------------------*/

Macro Pass
Pass1
Pass2
      2        A000                      ORG $A000
      3                  FF              SETDP $FF
      4        A000               ERASE_Img_islandWater02
      5  6+5   A000 10EF 8D 003A         STS ERASE_SSAV_Img_islandWater02+1>>
      6
      7  4+0   A005 32   C4              LEAS ,U
      8        A007               ERASE_CODE_Img_islandWater02_1
      9  5+8   A007 35   76              PULS D,X,Y,U
     10  5+6   A009 36   36              PSHU D,X,Y
     11
     12  5+8   A00B 35   76              PULS D,X,Y,U
     13  5+6   A00D 36   36              PSHU D,X,Y
     14
     15  5+8   A00F 35   76              PULS D,X,Y,U
     16  5+6   A011 36   36              PSHU D,X,Y
     17
     18  5+8   A013 35   76              PULS D,X,Y,U
     19  5+6   A015 36   36              PSHU D,X,Y
     20
     21  5+5   A017 35   52              PULS A,X,U
     22  5+3   A019 36   12              PSHU A,X
     23
     24  5+8   A01B 35   76              PULS D,X,Y,U
     25  5+6   A01D 36   36              PSHU D,X,Y
     26
     27  5+7   A01F 35   72              PULS A,X,Y,U
     28  5+5   A021 36   32              PSHU A,X,Y
     29
     30  5+8   A023 35   76              PULS D,X,Y,U
     31  5+6   A025 36   36              PSHU D,X,Y
     32
     33  5+8   A027 35   76              PULS D,X,Y,U
     34  5+6   A029 36   36              PSHU D,X,Y
     35
     36  5+8   A02B 35   76              PULS D,X,Y,U
     37  5+6   A02D 36   36              PSHU D,X,Y
     38
     39  5+5   A02F 35   52              PULS A,X,U
     40  5+3   A031 36   12              PSHU A,X
     41
     42  5+2   A033 35   06              PULS D
     43  5+1   A035 ED   43              STD 3,U
     44
     45  5+8   A037 35   76              PULS D,X,Y,U
     46  5+6   A039 36   36              PSHU D,X,Y
     47
     48  4+0   A03B 33   E4              LEAU ,S
     49        A03D               ERASE_SSAV_Img_islandWater02
     50  4     A03D 10CE 0000            LDS #$0000
     51  5     A041 39                   RTS
     52
----------------
315 cycle(s)
66 byte(s)
----------------
     54
     55                  005B     DataSize equ $005B

000000 Total Errors

000004 Total Symbols
     0x          Equ   005B DataSize
     0x          Label A007 ERASE_CODE_Img_islandWater02_1
     0x          Label A000 ERASE_Img_islandWater02
     1x          Label A03D ERASE_SSAV_Img_islandWater02

