/*--------------------------------------------------------------*
 * Compilé avec C6809 v0.83                                     *
 *--------------------------------------------------------------*
 * Fichier source      : ./Sonic2/GeneratedCode/TitleScreen/Img_tails_3_NB0_Erase.ASM
 * Fichier destination : ./Sonic2/GeneratedCode/TitleScreen/Img_tails_3_NB0_Erase.BIN
 * Contenu :
 *     Main     0:IMGE.ASM     7006
 *--------------------------------------------------------------*/

Macro Pass
Pass1
Pass2
      2        A000                      ORG $A000
      3                  FF              SETDP $FF
      4        A000               ERASE_Img_tails_3
      5  6+5   A000 10EF 8D 0464         STS ERASE_SSAV_Img_tails_3+1,PCR
      6
      7  4+0   A005 32   C4              LEAS ,U
      8        A007               ERASE_CODE_Img_tails_3_1
      9  5+5   A007 35   52              PULS A,X,U
     10  5+3   A009 36   12              PSHU A,X
     11
     12  5+3   A00B 35   12              PULS A,X
     13  4+1   A00D A7   C8 50           STA 80,U
     14  5+1   A010 AF   C8 28           STX 40,U
     15
     16  5+5   A013 35   52              PULS A,X,U
     17  5+3   A015 36   12              PSHU A,X
     18
     19  5+3   A017 35   12              PULS A,X
     20  4+1   A019 A7   45              STA 5,U
     21  5+1   A01B AF   43              STX 3,U
     22
     23  5+5   A01D 35   52              PULS A,X,U
     24  5+3   A01F 36   12              PSHU A,X
     25
     26  5+5   A021 35   52              PULS A,X,U
     27  5+3   A023 36   12              PSHU A,X
     28
     29  5+2   A025 35   06              PULS D
     30  5+1   A027 ED   43              STD 3,U
     31
     32  5+5   A029 35   52              PULS A,X,U
     33  5+3   A02B 36   12              PSHU A,X
     34
     35  5+4   A02D 35   16              PULS D,X
     36  5+1   A02F ED   46              STD 6,U
     37  5+1   A031 AF   44              STX 4,U
     38
     39  5+5   A033 35   52              PULS A,X,U
     40  5+3   A035 36   12              PSHU A,X
     41
     42  5+4   A037 35   16              PULS D,X
     43  5+1   A039 ED   44              STD 4,U
     44  5+1   A03B AF   46              STX 6,U
     45
     46  5+5   A03D 35   52              PULS A,X,U
     47  5+3   A03F 36   12              PSHU A,X
     48
     49  5+4   A041 35   16              PULS D,X
     50  5+1   A043 ED   46              STD 6,U
     51  5+1   A045 AF   44              STX 4,U
     52
     53  5+5   A047 35   52              PULS A,X,U
     54  5+3   A049 36   12              PSHU A,X
     55
     56  5+4   A04B 35   16              PULS D,X
     57  5+1   A04D ED   46              STD 6,U
     58  5+1   A04F AF   44              STX 4,U
     59
     60  5+5   A051 35   52              PULS A,X,U
     61  5+3   A053 36   12              PSHU A,X
     62
     63  5+6   A055 35   36              PULS D,X,Y
     64  5+1   A057 ED   44              STD 4,U
     65  5+1   A059 AF   C8 DC           STX -36,U
     66  6+1   A05C 10AF C8 D7           STY -41,U
     67
     68  5+6   A060 35   36              PULS D,X,Y
     69  5+1   A062 ED   C8 B4           STD -76,U
     70  5+1   A065 AF   C8 AF           STX -81,U
     71  6+1   A068 10AF C8 87           STY -121,U
     72
     73  5+6   A06C 35   36              PULS A,B,X,Y
     74  4+1   A06E A7   C8 8F           STA -113,U
     75  4+1   A071 E7   C8 8B           STB -117,U
     76  5+1   A074 AF   C8 B1           STX -79,U
     77  6+1   A077 10AF C8 B6           STY -74,U
     78
     79  5+6   A07B 35   36              PULS D,X,Y
     80  5+1   A07D ED   C8 D9           STD -39,U
     81  5+1   A080 AF   C8 DE           STX -34,U
     82  6+1   A083 10AF C8 89           STY -119,U
     83
     84  5+4   A087 35   16              PULS D,X
     85  5+1   A089 ED   46              STD 6,U
     86  5+1   A08B AF   C8 8D           STX -115,U
     87
     88  5+6   A08E 35   56              PULS D,X,U
     89  5+4   A090 36   16              PSHU D,X
     90
     91  5+6   A092 35   36              PULS D,X,Y
     92  5+1   A094 ED   C8 51           STD 81,U
     93  5+1   A097 AF   C8 75           STX 117,U
     94  6+1   A09A 10AF C8 29           STY 41,U
     95
     96  5+2   A09E 35   06              PULS D
     97  5+1   A0A0 ED   C8 79           STD 121,U
     98
     99  5+6   A0A3 35   36              PULS A,B,X,Y
    100  4+1   A0A5 A7   C8 77           STA 119,U
    101  4+1   A0A8 E7   C8 2B           STB 43,U
    102  5+1   A0AB AF   C8 4D           STX 77,U
    103  6+1   A0AE 10AF C8 25           STY 37,U
    104
    105  5+6   A0B2 35   36              PULS D,X,Y
    106  5+1   A0B4 ED   C8 73           STD 115,U
    107  5+1   A0B7 AF   C8 4F           STX 79,U
    108  6+1   A0BA 10AF C8 4B           STY 75,U
    109
    110  5+4   A0BE 35   16              PULS D,X
    111  5+1   A0C0 ED   C8 27           STD 39,U
    112  5+1   A0C3 AF   C8 23           STX 35,U
    113
    114  5+5   A0C6 35   52              PULS A,X,U
    115  5+3   A0C8 36   12              PSHU A,X
    116
    117  5+1   A0CA 35   02              PULS A
    118  4+1   A0CC A7   43              STA 3,U
    119
    120  5+5   A0CE 35   52              PULS A,X,U
    121  5+3   A0D0 36   12              PSHU A,X
    122
    123  5+5   A0D2 35   52              PULS A,X,U
    124  5+3   A0D4 36   12              PSHU A,X
    125
    126  5+2   A0D6 35   06              PULS D
    127  5+1   A0D8 ED   44              STD 4,U
    128
    129  5+5   A0DA 35   52              PULS A,X,U
    130  5+3   A0DC 36   12              PSHU A,X
    131
    132  5+5   A0DE 35   52              PULS A,X,U
    133  5+3   A0E0 36   12              PSHU A,X
    134
    135  5+2   A0E2 35   06              PULS D
    136  5+1   A0E4 ED   44              STD 4,U
    137
    138  5+5   A0E6 35   52              PULS A,X,U
    139  5+3   A0E8 36   12              PSHU A,X
    140
    141  5+5   A0EA 35   52              PULS A,X,U
    142  5+3   A0EC 36   12              PSHU A,X
    143
    144  5+2   A0EE 35   06              PULS D
    145  5+1   A0F0 ED   C8 26           STD 38,U
    146
    147  5+3   A0F3 35   12              PULS A,X
    148  4+1   A0F5 A7   43              STA 3,U
    149  5+1   A0F7 AF   C8 23           STX 35,U
    150
    151  5+6   A0FA 35   56              PULS D,X,U
    152  5+4   A0FC 36   16              PSHU D,X
    153
    154  5+2   A0FE 35   06              PULS D
    155  5+1   A100 ED   C8 24           STD 36,U
    156
    157  5+3   A103 35   12              PULS A,X
    158  4+1   A105 A7   44              STA 4,U
    159  5+1   A107 AF   C8 27           STX 39,U
    160
    161  5+7   A10A 35   72              PULS A,X,Y,U
    162  5+5   A10C 36   32              PSHU A,X,Y
    163
    164  5+3   A10E 35   12              PULS A,X
    165  4+1   A110 A7   45              STA 5,U
    166  5+1   A112 AF   C8 25           STX 37,U
    167
    168  5+5   A115 35   52              PULS A,X,U
    169  5+3   A117 36   12              PSHU A,X
    170
    171  5+3   A119 35   12              PULS A,X
    172  4+1   A11B A7   43              STA 3,U
    173  5+1   A11D AF   C8 23           STX 35,U
    174
    175  5+6   A120 35   56              PULS D,X,U
    176  5+4   A122 36   16              PSHU D,X
    177
    178  5+2   A124 35   06              PULS D
    179  5+1   A126 ED   C8 27           STD 39,U
    180
    181  5+3   A129 35   12              PULS A,X
    182  4+1   A12B A7   44              STA 4,U
    183  5+1   A12D AF   C8 24           STX 36,U
    184
    185  5+6   A130 35   56              PULS D,X,U
    186  5+4   A132 36   16              PSHU D,X
    187
    188  5+2   A134 35   06              PULS D
    189  5+1   A136 ED   C8 25           STD 37,U
    190
    191  5+3   A139 35   12              PULS A,X
    192  4+1   A13B A7   46              STA 6,U
    193  5+1   A13D AF   44              STX 4,U
    194
    195  5+5   A13F 35   52              PULS A,X,U
    196  5+3   A141 36   12              PSHU A,X
    197
    198  5+4   A143 35   16              PULS A,B,X
    199  4+1   A145 A7   45              STA 5,U
    200  4+1   A147 E7   43              STB 3,U
    201  5+1   A149 AF   C8 23           STX 35,U
    202
    203  5+6   A14C 35   56              PULS D,X,U
    204  5+4   A14E 36   16              PSHU D,X
    205
    206  5+2   A150 35   06              PULS D
    207  5+1   A152 ED   C8 26           STD 38,U
    208
    209  5+3   A155 35   12              PULS A,X
    210  4+1   A157 A7   45              STA 5,U
    211  5+1   A159 AF   C8 23           STX 35,U
    212
    213  5+6   A15C 35   56              PULS D,X,U
    214  5+4   A15E 36   16              PSHU D,X
    215
    216  5+3   A160 35   12              PULS A,X
    217  4+1   A162 A7   C8 26           STA 38,U
    218  5+1   A165 AF   C8 23           STX 35,U
    219
    220  5+6   A168 35   56              PULS D,X,U
    221  5+4   A16A 36   16              PSHU D,X
    222
    223  5+2   A16C 35   06              PULS A,B
    224  4+1   A16E A7   C8 23           STA 35,U
    225  4+1   A171 E7   C8 26           STB 38,U
    226
    227  5+6   A174 35   56              PULS D,X,U
    228  5+4   A176 36   16              PSHU D,X
    229
    230  5+2   A178 35   06              PULS A,B
    231  4+1   A17A A7   C8 26           STA 38,U
    232  4+1   A17D E7   44              STB 4,U
    233
    234  5+6   A17F 35   56              PULS D,X,U
    235  5+4   A181 36   16              PSHU D,X
    236
    237  5+2   A183 35   06              PULS A,B
    238  4+1   A185 A7   C8 26           STA 38,U
    239  4+1   A188 E7   44              STB 4,U
    240
    241  5+6   A18A 35   56              PULS D,X,U
    242  5+4   A18C 36   16              PSHU D,X
    243
    244  5+3   A18E 35   12              PULS A,X
    245  4+1   A190 A7   C8 25           STA 37,U
    246  5+1   A193 AF   44              STX 4,U
    247
    248  5+6   A195 35   56              PULS D,X,U
    249  5+4   A197 36   16              PSHU D,X
    250
    251  5+2   A199 35   06              PULS A,B
    252  4+1   A19B A7   C8 25           STA 37,U
    253  4+1   A19E E7   44              STB 4,U
    254
    255  5+7   A1A0 35   72              PULS A,X,Y,U
    256  5+5   A1A2 36   32              PSHU A,X,Y
    257
    258  5+2   A1A4 35   06              PULS A,B
    259  4+1   A1A6 A7   C8 25           STA 37,U
    260  4+1   A1A9 E7   45              STB 5,U
    261
    262  5+7   A1AB 35   72              PULS A,X,Y,U
    263  5+5   A1AD 36   32              PSHU A,X,Y
    264
    265  5+2   A1AF 35   06              PULS A,B
    266  4+1   A1B1 A7   C8 25           STA 37,U
    267  4+1   A1B4 E7   45              STB 5,U
    268
    269  5+6   A1B6 35   56              PULS D,X,U
    270  5+4   A1B8 36   16              PSHU D,X
    271
    272  5+1   A1BA 35   02              PULS A
    273  4+1   A1BC A7   44              STA 4,U
    274
    275  5+6   A1BE 35   56              PULS D,X,U
    276  5+4   A1C0 36   16              PSHU D,X
    277
    278  5+1   A1C2 35   02              PULS A
    279  4+1   A1C4 A7   44              STA 4,U
    280
    281  5+5   A1C6 35   52              PULS A,X,U
    282  5+3   A1C8 36   12              PSHU A,X
    283
    284  5+2   A1CA 35   06              PULS D
    285  5+1   A1CC ED   43              STD 3,U
    286
    287  5+6   A1CE 35   56              PULS D,X,U
    288  5+4   A1D0 36   16              PSHU D,X
    289
    290  5+3   A1D2 35   12              PULS A,X
    291  4+1   A1D4 A7   44              STA 4,U
    292  5+1   A1D6 AF   C8 26           STX 38,U
    293
    294  5+6   A1D9 35   56              PULS D,X,U
    295  5+4   A1DB 36   16              PSHU D,X
    296
    297  5+3   A1DD 35   12              PULS A,X
    298  4+1   A1DF A7   44              STA 4,U
    299  5+1   A1E1 AF   C8 26           STX 38,U
    300
    301  5+6   A1E4 35   56              PULS D,X,U
    302  5+4   A1E6 36   16              PSHU D,X
    303
    304  5+3   A1E8 35   12              PULS A,X
    305  4+1   A1EA A7   44              STA 4,U
    306  5+1   A1EC AF   C8 26           STX 38,U
    307
    308  5+6   A1EF 35   56              PULS D,X,U
    309  5+4   A1F1 36   16              PSHU D,X
    310
    311  5+2   A1F3 35   06              PULS D
    312  5+1   A1F5 ED   C8 26           STD 38,U
    313
    314  5+6   A1F8 35   56              PULS D,X,U
    315  5+4   A1FA 36   16              PSHU D,X
    316
    317  5+2   A1FC 35   06              PULS D
    318  5+1   A1FE ED   C8 26           STD 38,U
    319
    320  5+6   A201 35   56              PULS D,X,U
    321  5+4   A203 36   16              PSHU D,X
    322
    323  5+2   A205 35   06              PULS D
    324  5+1   A207 ED   C8 26           STD 38,U
    325
    326  5+6   A20A 35   56              PULS D,X,U
    327  5+4   A20C 36   16              PSHU D,X
    328
    329  5+2   A20E 35   06              PULS D
    330  5+1   A210 ED   C8 26           STD 38,U
    331
    332  5+5   A213 35   52              PULS A,X,U
    333  5+3   A215 36   12              PSHU A,X
    334
    335  5+3   A217 35   12              PULS A,X
    336  4+1   A219 A7   43              STA 3,U
    337  5+1   A21B AF   C8 26           STX 38,U
    338
    339  5+5   A21E 35   52              PULS A,X,U
    340  5+3   A220 36   12              PSHU A,X
    341
    342  5+3   A222 35   12              PULS A,X
    343  4+1   A224 A7   43              STA 3,U
    344  5+1   A226 AF   C8 26           STX 38,U
    345
    346  5+6   A229 35   56              PULS D,X,U
    347  5+4   A22B 36   16              PSHU D,X
    348
    349  5+2   A22D 35   06              PULS D
    350  5+1   A22F ED   C8 26           STD 38,U
    351
    352  5+7   A232 35   72              PULS A,X,Y,U
    353  5+4   A234 36   30              PSHU X,Y
    354  4+1   A236 A7   C8 B0           STA -80,U
    355
    356  5+6   A239 35   36              PULS D,X,Y
    357  5+1   A23B ED   C8 26           STD 38,U
    358  5+1   A23E AF   5E              STX -2,U
    359  6+1   A240 10AF C8 D6           STY -42,U
    360
    361  5+4   A244 35   16              PULS D,X
    362  5+1   A246 ED   C8 AE           STD -82,U
    363  5+1   A249 AF   C8 86           STX -122,U
    364
    365  5+4   A24C 35   16              PULS A,B,X
    366  4+1   A24E A7   C8 B3           STA -77,U
    367  4+1   A251 E7   C8 DB           STB -37,U
    368  5+1   A254 AF   C8 D8           STX -40,U
    369
    370  5+4   A257 35   46              PULS D,U
    371  5+1   A259 ED   C8 78           STD 120,U
    372
    373  5+4   A25C 35   16              PULS D,X
    374  5+1   A25E ED   C8 50           STD 80,U
    375  5+1   A261 AF   C8 28           STX 40,U
    376
    377  5+2   A264 35   06              PULS A,B
    378  4+1   A266 A7   C8 D8           STA -40,U
    379  4+1   A269 E7   C8 B0           STB -80,U
    380
    381  5+3   A26C 35   12              PULS A,X
    382  4+1   A26E A7   C8 88           STA -120,U
    383  5+0   A271 AF   C4              STX ,U
    384
    385  5+3   A273 35   42              PULS A,U
    386  4+0   A275 A7   C4              STA ,U
    387
    388  5+6   A277 35   56              PULS D,X,U
    389  5+4   A279 36   16              PSHU D,X
    390
    391  5+6   A27B 35   36              PULS D,X,Y
    392  5+1   A27D ED   C8 78           STD 120,U
    393  5+1   A280 AF   C8 50           STX 80,U
    394  6+1   A283 10AF C8 28           STY 40,U
    395
    396  5+4   A287 35   16              PULS A,B,X
    397  4+1   A289 A7   45              STA 5,U
    398  4+1   A28B E7   C8 52           STB 82,U
    399  5+1   A28E AF   C8 2A           STX 42,U
    400
    401  5+5   A291 35   52              PULS A,X,U
    402  5+3   A293 36   12              PSHU A,X
    403
    404  5+6   A295 35   56              PULS D,X,U
    405  5+4   A297 36   16              PSHU D,X
    406
    407  5+5   A299 35   52              PULS A,X,U
    408  5+3   A29B 36   12              PSHU A,X
    409
    410  5+6   A29D 35   56              PULS D,X,U
    411  5+4   A29F 36   16              PSHU D,X
    412
    413  5+5   A2A1 35   52              PULS A,X,U
    414  5+3   A2A3 36   12              PSHU A,X
    415
    416  5+6   A2A5 35   56              PULS D,X,U
    417  5+4   A2A7 36   16              PSHU D,X
    418
    419  5+5   A2A9 35   52              PULS A,X,U
    420  5+3   A2AB 36   12              PSHU A,X
    421
    422  5+6   A2AD 35   56              PULS D,X,U
    423  5+4   A2AF 36   16              PSHU D,X
    424
    425  5+5   A2B1 35   52              PULS A,X,U
    426  5+3   A2B3 36   12              PSHU A,X
    427
    428  5+6   A2B5 35   56              PULS D,X,U
    429  5+4   A2B7 36   16              PSHU D,X
    430
    431  5+5   A2B9 35   52              PULS A,X,U
    432  5+3   A2BB 36   12              PSHU A,X
    433
    434  5+1   A2BD 35   02              PULS A
    435  4+1   A2BF A7   43              STA 3,U
    436
    437  5+5   A2C1 35   52              PULS A,X,U
    438  5+3   A2C3 36   12              PSHU A,X
    439
    440  5+1   A2C5 35   02              PULS A
    441  4+1   A2C7 A7   43              STA 3,U
    442
    443  5+5   A2C9 35   52              PULS A,X,U
    444  5+3   A2CB 36   12              PSHU A,X
    445
    446  5+1   A2CD 35   02              PULS A
    447  4+1   A2CF A7   43              STA 3,U
    448
    449  5+5   A2D1 35   52              PULS A,X,U
    450  5+3   A2D3 36   12              PSHU A,X
    451
    452  5+1   A2D5 35   02              PULS A
    453  4+1   A2D7 A7   43              STA 3,U
    454
    455  5+5   A2D9 35   52              PULS A,X,U
    456  5+3   A2DB 36   12              PSHU A,X
    457
    458  5+5   A2DD 35   52              PULS A,X,U
    459  5+3   A2DF 36   12              PSHU A,X
    460
    461  5+1   A2E1 35   02              PULS A
    462  4+1   A2E3 A7   43              STA 3,U
    463
    464  5+5   A2E5 35   52              PULS A,X,U
    465  5+3   A2E7 36   12              PSHU A,X
    466
    467  5+3   A2E9 35   12              PULS A,X
    468  4+1   A2EB A7   47              STA 7,U
    469  5+1   A2ED AF   45              STX 5,U
    470
    471  5+5   A2EF 35   52              PULS A,X,U
    472  5+3   A2F1 36   12              PSHU A,X
    473
    474  5+3   A2F3 35   12              PULS A,X
    475  4+1   A2F5 A7   47              STA 7,U
    476  5+1   A2F7 AF   45              STX 5,U
    477
    478  5+6   A2F9 35   56              PULS D,X,U
    479  5+4   A2FB 36   16              PSHU D,X
    480
    481  5+5   A2FD 35   52              PULS A,X,U
    482  5+3   A2FF 36   12              PSHU A,X
    483
    484  5+6   A301 35   56              PULS D,X,U
    485  5+4   A303 36   16              PSHU D,X
    486
    487  5+5   A305 35   52              PULS A,X,U
    488  5+3   A307 36   12              PSHU A,X
    489
    490  5+6   A309 35   56              PULS D,X,U
    491  5+4   A30B 36   16              PSHU D,X
    492
    493  5+1   A30D 35   02              PULS A
    494  4+1   A30F A7   44              STA 4,U
    495
    496  5+5   A311 35   52              PULS A,X,U
    497  5+3   A313 36   12              PSHU A,X
    498
    499  5+6   A315 35   56              PULS D,X,U
    500  5+4   A317 36   16              PSHU D,X
    501
    502  5+1   A319 35   02              PULS A
    503  4+1   A31B A7   44              STA 4,U
    504
    505  5+7   A31D 35   72              PULS A,X,Y,U
    506  5+5   A31F 36   32              PSHU A,X,Y
    507
    508  5+3   A321 35   12              PULS A,X
    509  4+1   A323 A7   C8 26           STA 38,U
    510  5+1   A326 AF   C8 24           STX 36,U
    511
    512  5+7   A329 35   72              PULS A,X,Y,U
    513  5+5   A32B 36   32              PSHU A,X,Y
    514
    515  5+4   A32D 35   16              PULS D,X
    516  5+1   A32F ED   C8 25           STD 37,U
    517  5+1   A332 AF   C8 23           STX 35,U
    518
    519  5+7   A335 35   72              PULS A,X,Y,U
    520  5+5   A337 36   32              PSHU A,X,Y
    521
    522  5+4   A339 35   16              PULS D,X
    523  5+1   A33B ED   C8 25           STD 37,U
    524  5+1   A33E AF   C8 23           STX 35,U
    525
    526  5+7   A341 35   72              PULS A,X,Y,U
    527  5+5   A343 36   32              PSHU A,X,Y
    528
    529  5+3   A345 35   12              PULS A,X
    530  4+1   A347 A7   C8 26           STA 38,U
    531  5+1   A34A AF   C8 24           STX 36,U
    532
    533  5+7   A34D 35   72              PULS A,X,Y,U
    534  5+5   A34F 36   32              PSHU A,X,Y
    535
    536  5+3   A351 35   12              PULS A,X
    537  4+1   A353 A7   C8 26           STA 38,U
    538  5+1   A356 AF   C8 24           STX 36,U
    539
    540  5+7   A359 35   72              PULS A,X,Y,U
    541  5+5   A35B 36   32              PSHU A,X,Y
    542
    543  5+2   A35D 35   06              PULS D
    544  5+1   A35F ED   C8 24           STD 36,U
    545
    546  5+7   A362 35   72              PULS A,X,Y,U
    547  5+5   A364 36   32              PSHU A,X,Y
    548
    549  5+2   A366 35   06              PULS D
    550  5+1   A368 ED   C8 24           STD 36,U
    551
    552  5+6   A36B 35   56              PULS D,X,U
    553  5+4   A36D 36   16              PSHU D,X
    554
    555  5+3   A36F 35   12              PULS A,X
    556  4+1   A371 A7   44              STA 4,U
    557  5+1   A373 AF   C8 24           STX 36,U
    558
    559  5+6   A376 35   56              PULS D,X,U
    560  5+4   A378 36   16              PSHU D,X
    561
    562  5+2   A37A 35   06              PULS D
    563  5+1   A37C ED   C8 24           STD 36,U
    564
    565  5+6   A37F 35   56              PULS D,X,U
    566  5+4   A381 36   16              PSHU D,X
    567
    568  5+6   A383 35   36              PULS D,X,Y
    569  5+1   A385 ED   C8 75           STD 117,U
    570  5+1   A388 AF   C8 2A           STX 42,U
    571  6+1   A38B 10AF C8 52           STY 82,U
    572
    573  5+2   A38F 35   06              PULS A,B
    574  4+1   A391 A7   C8 4E           STA 78,U
    575  4+1   A394 E7   C8 26           STB 38,U
    576
    577  5+6   A397 35   36              PULS A,B,X,Y
    578  4+1   A399 A7   C8 24           STA 36,U
    579  4+1   A39C E7   45              STB 5,U
    580  5+1   A39E AF   C8 73           STX 115,U
    581  6+1   A3A1 10AF C8 50           STY 80,U
    582
    583  5+4   A3A5 35   16              PULS D,X
    584  5+1   A3A7 ED   C8 4B           STD 75,U
    585  5+1   A3AA AF   C8 28           STX 40,U
    586
    587  5+6   A3AD 35   56              PULS D,X,U
    588  5+4   A3AF 36   16              PSHU D,X
    589
    590  5+2   A3B1 35   06              PULS A,B
    591  4+1   A3B3 A7   C8 26           STA 38,U
    592  4+1   A3B6 E7   45              STB 5,U
    593
    594  5+6   A3B8 35   56              PULS D,X,U
    595  5+4   A3BA 36   16              PSHU D,X
    596
    597  5+2   A3BC 35   06              PULS A,B
    598  4+1   A3BE A7   C8 26           STA 38,U
    599  4+1   A3C1 E7   44              STB 4,U
    600
    601  5+6   A3C3 35   56              PULS D,X,U
    602  5+4   A3C5 36   16              PSHU D,X
    603
    604  5+1   A3C7 35   02              PULS A
    605  4+1   A3C9 A7   44              STA 4,U
    606
    607  5+6   A3CB 35   56              PULS D,X,U
    608  5+4   A3CD 36   16              PSHU D,X
    609
    610  5+1   A3CF 35   02              PULS A
    611  4+1   A3D1 A7   44              STA 4,U
    612
    613  5+6   A3D3 35   56              PULS D,X,U
    614  5+4   A3D5 36   16              PSHU D,X
    615
    616  5+1   A3D7 35   02              PULS A
    617  4+1   A3D9 A7   44              STA 4,U
    618
    619  5+6   A3DB 35   56              PULS D,X,U
    620  5+4   A3DD 36   16              PSHU D,X
    621
    622  5+1   A3DF 35   02              PULS A
    623  4+1   A3E1 A7   44              STA 4,U
    624
    625  5+6   A3E3 35   56              PULS D,X,U
    626  5+4   A3E5 36   16              PSHU D,X
    627
    628  5+2   A3E7 35   06              PULS D
    629  5+1   A3E9 ED   44              STD 4,U
    630
    631  5+6   A3EB 35   56              PULS D,X,U
    632  5+4   A3ED 36   16              PSHU D,X
    633
    634  5+2   A3EF 35   06              PULS D
    635  5+1   A3F1 ED   44              STD 4,U
    636
    637  5+8   A3F3 35   76              PULS D,X,Y,U
    638  5+6   A3F5 36   36              PSHU D,X,Y
    639
    640  5+7   A3F7 35   72              PULS A,X,Y,U
    641  5+5   A3F9 36   32              PSHU A,X,Y
    642
    643  5+1   A3FB 35   02              PULS A
    644  4+1   A3FD A7   45              STA 5,U
    645
    646  5+7   A3FF 35   72              PULS A,X,Y,U
    647  5+5   A401 36   32              PSHU A,X,Y
    648
    649  5+1   A403 35   02              PULS A
    650  4+1   A405 A7   45              STA 5,U
    651
    652  5+7   A407 35   72              PULS A,X,Y,U
    653  5+5   A409 36   32              PSHU A,X,Y
    654
    655  5+1   A40B 35   02              PULS A
    656  4+1   A40D A7   45              STA 5,U
    657
    658  5+8   A40F 35   76              PULS D,X,Y,U
    659  5+6   A411 36   36              PSHU D,X,Y
    660
    661  5+8   A413 35   76              PULS D,X,Y,U
    662  5+6   A415 36   36              PSHU D,X,Y
    663
    664  5+7   A417 35   72              PULS A,X,Y,U
    665  5+5   A419 36   32              PSHU A,X,Y
    666
    667  5+1   A41B 35   02              PULS A
    668  4+1   A41D A7   45              STA 5,U
    669
    670  5+7   A41F 35   72              PULS A,X,Y,U
    671  5+5   A421 36   32              PSHU A,X,Y
    672
    673  5+7   A423 35   72              PULS A,X,Y,U
    674  5+5   A425 36   32              PSHU A,X,Y
    675
    676  5+7   A427 35   72              PULS A,X,Y,U
    677  5+5   A429 36   32              PSHU A,X,Y
    678
    679  5+7   A42B 35   72              PULS A,X,Y,U
    680  5+5   A42D 36   32              PSHU A,X,Y
    681
    682  5+7   A42F 35   72              PULS A,X,Y,U
    683  5+5   A431 36   32              PSHU A,X,Y
    684
    685  5+5   A433 35   52              PULS A,X,U
    686  5+3   A435 36   12              PSHU A,X
    687
    688  5+3   A437 35   12              PULS A,X
    689  4+1   A439 A7   44              STA 4,U
    690  5+1   A43B AF   C8 D8           STX -40,U
    691
    692  5+6   A43E 35   36              PULS A,B,X,Y
    693  4+1   A440 A7   C8 DC           STA -36,U
    694  4+1   A443 E7   C8 DA           STB -38,U
    695  5+1   A446 AF   C8 B0           STX -80,U
    696  6+1   A449 10AF C8 88           STY -120,U
    697
    698  5+4   A44D 35   46              PULS A,B,U
    699  4+1   A44F A7   C8 64           STA 100,U
    700  4+1   A452 E7   C8 14           STB 20,U
    701
    702  5+2   A455 35   06              PULS A,B
    703  4+1   A457 A7   C8 C4           STA -60,U
    704  4+1   A45A E7   C8 9C           STB -100,U
    705
    706  5+2   A45D 35   06              PULS A,B
    707  4+1   A45F A7   C8 EC           STA -20,U
    708  4+1   A462 E7   C8 3C           STB 60,U
    709
    710  4+0   A465 33   E4              LEAU ,S
    711        A467               ERASE_SSAV_Img_tails_3
    712  4     A467 10CE 0000            LDS #$0000
    713  5     A46B 39                   RTS
    714
----------------
3913 cycle(s)
1132 byte(s)
----------------
    716
    717                  0383     DataSize equ $0383

000000 Total Errors

000004 Total Symbols
     0x          Equ   0383 DataSize
     0x          Label A007 ERASE_CODE_Img_tails_3_1
     0x          Label A000 ERASE_Img_tails_3
     1x          Label A467 ERASE_SSAV_Img_tails_3

