/*--------------------------------------------------------------*
 * Compilé avec C6809 v0.83                                     *
 *--------------------------------------------------------------*
 * Fichier source      : ./Sonic2/GeneratedCode/TitleScreen/Img_sonic_4_NB0.ASM
 * Fichier destination : ./Sonic2/GeneratedCode/TitleScreen/Img_sonic_4_NB0.BIN
 * Contenu :
 *     Main     0:IMGD.ASM     20649
 *--------------------------------------------------------------*/

Macro Pass
Pass1
Pass2
      2        A000                      ORG $A000
      3                  FF              SETDP $FF
      4        A000               BCKDRAW_Img_sonic_4
      5  6+5   A000 10EF 8D 0ED7         STS SSAV_Img_sonic_4+1,PCR
      6
      7  5+5   A005 ED   8D 0784         STD DYN_POS+1,PCR
      8  4+0   A009 32   C4              LEAS ,U
      9  5+0   A00B EE   A4              LDU ,Y
     10  4+4   A00D 33   C9 01BF         LEAU 447,U
     11
     12  4+1   A011 A6   C8 D9           LDA -39,U
     13  5+1   A014 34   02              PSHS A
     14  2     A016 86   DD              LDA #$dd
     15  4+1   A018 A7   C8 D9           STA -39,U
     16  5+3   A01B 37   12              PULU A,X
     17  5+5   A01D 34   52              PSHS U,X,A
     18  2     A01F 86   DD              LDA #$dd
     19  3     A021 8E   DDDD            LDX #$dddd
     20  5+3   A024 36   12              PSHU A,X
     21  4+1   A026 33   C8 28           LEAU 40,U
     22
     23  5+1   A029 EC   C8 27           LDD 39,U
     24  5+2   A02C 34   06              PSHS D
     25  2     A02E 84   F0              ANDA #$F0
     26  2     A030 8A   0D              ORA #$0d
     27  2     A032 C6   DB              LDB #$db
     28  5+1   A034 ED   C8 27           STD 39,U
     29  5+1   A037 AE   C8 29           LDX 41,U
     30  5+2   A03A 34   10              PSHS X
     31  3     A03C CC   DDDD            LDD #$dddd
     32  5+1   A03F ED   C8 29           STD 41,U
     33  4+1   A042 A6   C8 2B           LDA 43,U
     34  5+1   A045 34   02              PSHS A
     35  2     A047 84   0F              ANDA #$0F
     36  2     A049 8A   D0              ORA #$d0
     37  4+1   A04B A7   C8 2B           STA 43,U
     38  5+3   A04E 37   12              PULU A,X
     39  5+5   A050 34   52              PSHS U,X,A
     40  2     A052 86   D1              LDA #$d1
     41  3     A054 8E   DDDD            LDX #$dddd
     42  5+3   A057 36   12              PSHU A,X
     43  4+1   A059 33   C8 4F           LEAU 79,U
     44
     45  5+5   A05C 37   32              PULU A,X,Y
     46  5+7   A05E 34   72              PSHS U,Y,X,A
     47  3     A060 8E   CDDD            LDX #$cddd
     48  4     A063 108E DDDD            LDY #$dddd
     49  5+5   A067 36   34              PSHU B,X,Y
     50  4+1   A069 33   C8 28           LEAU 40,U
     51
     52  5+5   A06C 37   32              PULU A,X,Y
     53  5+7   A06E 34   72              PSHS U,Y,X,A
     54  3     A070 8E   D5DD            LDX #$d5dd
     55  4     A073 108E DDDD            LDY #$dddd
     56  5+5   A077 36   34              PSHU B,X,Y
     57  4+1   A079 33   C8 28           LEAU 40,U
     58
     59  5+1   A07C EC   C8 27           LDD 39,U
     60  5+2   A07F 34   06              PSHS D
     61  2     A081 84   F0              ANDA #$F0
     62  2     A083 8A   0D              ORA #$0d
     63  2     A085 C6   DD              LDB #$dd
     64  5+1   A087 ED   C8 27           STD 39,U
     65  5+5   A08A 37   32              PULU A,X,Y
     66  5+7   A08C 34   72              PSHS U,Y,X,A
     67  3     A08E 8E   D5DD            LDX #$d5dd
     68  4     A091 108E DDDD            LDY #$dddd
     69  5+5   A095 36   34              PSHU B,X,Y
     70  4+1   A097 33   C8 29           LEAU 41,U
     71
     72  4+1   A09A A6   44              LDA 4,U
     73  5+1   A09C 34   02              PSHS A
     74  2     A09E 84   0F              ANDA #$0F
     75  2     A0A0 8A   D0              ORA #$d0
     76  4+1   A0A2 A7   44              STA 4,U
     77  5+4   A0A4 37   30              PULU X,Y
     78  5+6   A0A6 34   70              PSHS U,Y,X
     79  3     A0A8 CC   55DD            LDD #$55dd
     80  3     A0AB 8E   DDDD            LDX #$dddd
     81  5+4   A0AE 36   16              PSHU D,X
     82  4+1   A0B0 33   C8 26           LEAU 38,U
     83
     84  4+1   A0B3 A6   46              LDA 6,U
     85  5+1   A0B5 34   02              PSHS A
     86  4+1   A0B7 E7   46              STB 6,U
     87  5+6   A0B9 37   36              PULU D,X,Y
     88  5+8   A0BB 34   76              PSHS U,Y,X,D
     89  3     A0BD CC   DCDD            LDD #$dcdd
     90  3     A0C0 8E   54DD            LDX #$54dd
     91  4     A0C3 108E DDDD            LDY #$dddd
     92  5+6   A0C7 36   36              PSHU D,X,Y
     93  4+1   A0C9 33   C8 28           LEAU 40,U
     94
     95  4+1   A0CC A6   46              LDA 6,U
     96  5+1   A0CE 34   02              PSHS A
     97  4+1   A0D0 E7   46              STB 6,U
     98  5+6   A0D2 37   36              PULU D,X,Y
     99  5+8   A0D4 34   76              PSHS U,Y,X,D
    100  3     A0D6 CC   DCDD            LDD #$dcdd
    101  3     A0D9 8E   44DD            LDX #$44dd
    102  4     A0DC 108E DDDD            LDY #$dddd
    103  5+6   A0E0 36   36              PSHU D,X,Y
    104  4+1   A0E2 33   C8 28           LEAU 40,U
    105
    106  4+1   A0E5 A6   46              LDA 6,U
    107  5+1   A0E7 34   02              PSHS A
    108  4+1   A0E9 E7   46              STB 6,U
    109  5+6   A0EB 37   36              PULU D,X,Y
    110  5+8   A0ED 34   76              PSHS U,Y,X,D
    111  3     A0EF CC   CDDD            LDD #$cddd
    112  3     A0F2 8E   44DD            LDX #$44dd
    113  4     A0F5 108E DDDD            LDY #$dddd
    114  5+6   A0F9 36   36              PSHU D,X,Y
    115  4+1   A0FB 33   C8 28           LEAU 40,U
    116
    117  5+1   A0FE EC   C8 27           LDD 39,U
    118  5+2   A101 34   06              PSHS D
    119  2     A103 84   F0              ANDA #$F0
    120  2     A105 8A   0D              ORA #$0d
    121  2     A107 C6   DD              LDB #$dd
    122  5+1   A109 ED   C8 27           STD 39,U
    123  4+1   A10C A6   46              LDA 6,U
    124  5+1   A10E 34   02              PSHS A
    125  2     A110 86   D1              LDA #$d1
    126  4+1   A112 A7   46              STA 6,U
    127  5+6   A114 37   36              PULU D,X,Y
    128  5+8   A116 34   76              PSHS U,Y,X,D
    129  3     A118 CC   DDDD            LDD #$dddd
    130  3     A11B 8E   44DD            LDX #$44dd
    131  4     A11E 108E DDDD            LDY #$dddd
    132  5+6   A122 36   36              PSHU D,X,Y
    133  4+1   A124 33   C8 29           LEAU 41,U
    134
    135  5+1   A127 EC   C8 26           LDD 38,U
    136  5+2   A12A 34   06              PSHS D
    137  2     A12C 84   F0              ANDA #$F0
    138  2     A12E 8A   0D              ORA #$0d
    139  2     A130 C6   DD              LDB #$dd
    140  5+1   A132 ED   C8 26           STD 38,U
    141  4+1   A135 A6   45              LDA 5,U
    142  5+1   A137 34   02              PSHS A
    143  2     A139 84   0F              ANDA #$0F
    144  2     A13B 8A   10              ORA #$10
    145  4+1   A13D A7   45              STA 5,U
    146  5+5   A13F 37   32              PULU A,X,Y
    147  5+7   A141 34   72              PSHS U,Y,X,A
    148  3     A143 8E   441D            LDX #$441d
    149  4     A146 108E DDDD            LDY #$dddd
    150  5+5   A14A 36   34              PSHU B,X,Y
    151  4+1   A14C 33   C8 28           LEAU 40,U
    152
    153  5+5   A14F 37   32              PULU A,X,Y
    154  5+7   A151 34   72              PSHS U,Y,X,A
    155  3     A153 8E   441D            LDX #$441d
    156  4     A156 108E DDDD            LDY #$dddd
    157  5+5   A15A 36   34              PSHU B,X,Y
    158  4+1   A15C 33   C8 26           LEAU 38,U
    159
    160  5+1   A15F EC   C8 27           LDD 39,U
    161  5+2   A162 34   06              PSHS D
    162  2     A164 84   F0              ANDA #$F0
    163  2     A166 8A   01              ORA #$01
    164  2     A168 C6   DC              LDB #$dc
    165  5+1   A16A ED   C8 27           STD 39,U
    166  4+1   A16D A6   46              LDA 6,U
    167  5+1   A16F 34   02              PSHS A
    168  2     A171 86   DD              LDA #$dd
    169  4+1   A173 A7   46              STA 6,U
    170  5+6   A175 37   36              PULU D,X,Y
    171  5+8   A177 34   76              PSHS U,Y,X,D
    172  3     A179 CC   DDDD            LDD #$dddd
    173  3     A17C 8E   DD44            LDX #$dd44
    174  4     A17F 108E 1DDD            LDY #$1ddd
    175  5+6   A183 36   36              PSHU D,X,Y
    176  4+1   A185 33   C8 29           LEAU 41,U
    177
    178  5+6   A188 37   36              PULU D,X,Y
    179  5+8   A18A 34   76              PSHS U,Y,X,D
    180  3     A18C CC   DDDD            LDD #$dddd
    181  3     A18F 8E   D4DD            LDX #$d4dd
    182  4     A192 108E DDD1            LDY #$ddd1
    183  5+6   A196 36   36              PSHU D,X,Y
    184  4+1   A198 33   C8 26           LEAU 38,U
    185
    186  5+1   A19B AE   46              LDX 6,U
    187  5+2   A19D 34   10              PSHS X
    188  2     A19F C6   11              LDB #$11
    189  5+1   A1A1 ED   46              STD 6,U
    190  5+6   A1A3 37   36              PULU D,X,Y
    191  5+8   A1A5 34   76              PSHS U,Y,X,D
    192  3     A1A7 CC   DDDD            LDD #$dddd
    193  3     A1AA 8E   DDDD            LDX #$dddd
    194  4     A1AD 108E DDDD            LDY #$dddd
    195  5+6   A1B1 36   36              PSHU D,X,Y
    196  4+1   A1B3 33   C8 28           LEAU 40,U
    197
    198  5+1   A1B6 EC   46              LDD 6,U
    199  5+2   A1B8 34   06              PSHS D
    200  2     A1BA 86   DD              LDA #$dd
    201  2     A1BC C4   0F              ANDB #$0F
    202  2     A1BE CA   10              ORB #$10
    203  5+1   A1C0 ED   46              STD 6,U
    204  5+6   A1C2 37   36              PULU D,X,Y
    205  5+8   A1C4 34   76              PSHS U,Y,X,D
    206  3     A1C6 CC   DDCD            LDD #$ddcd
    207  3     A1C9 8E   DDDD            LDX #$dddd
    208  4     A1CC 108E DDDD            LDY #$dddd
    209  5+6   A1D0 36   36              PSHU D,X,Y
    210  4+1   A1D2 33   C8 28           LEAU 40,U
    211
    212  4+1   A1D5 A6   46              LDA 6,U
    213  5+1   A1D7 34   02              PSHS A
    214  2     A1D9 86   DD              LDA #$dd
    215  4+1   A1DB A7   46              STA 6,U
    216  5+6   A1DD 37   36              PULU D,X,Y
    217  5+8   A1DF 34   76              PSHS U,Y,X,D
    218  3     A1E1 CC   DDDD            LDD #$dddd
    219  3     A1E4 8E   DDDD            LDX #$dddd
    220  4     A1E7 108E DDDD            LDY #$dddd
    221  5+6   A1EB 36   36              PSHU D,X,Y
    222  4+1   A1ED 33   C8 28           LEAU 40,U
    223
    224  4+1   A1F0 A6   46              LDA 6,U
    225  5+1   A1F2 34   02              PSHS A
    226  2     A1F4 86   D1              LDA #$d1
    227  4+1   A1F6 A7   46              STA 6,U
    228  5+6   A1F8 37   36              PULU D,X,Y
    229  5+8   A1FA 34   76              PSHS U,Y,X,D
    230  3     A1FC CC   DDDD            LDD #$dddd
    231  3     A1FF 8E   DDDD            LDX #$dddd
    232  4     A202 108E DDDD            LDY #$dddd
    233  5+6   A206 36   36              PSHU D,X,Y
    234  4+1   A208 33   C8 28           LEAU 40,U
    235
    236  4+1   A20B A6   46              LDA 6,U
    237  5+1   A20D 34   02              PSHS A
    238  2     A20F 86   11              LDA #$11
    239  4+1   A211 A7   46              STA 6,U
    240  5+6   A213 37   36              PULU D,X,Y
    241  5+8   A215 34   76              PSHS U,Y,X,D
    242  3     A217 CC   DDDD            LDD #$dddd
    243  3     A21A 8E   DDDD            LDX #$dddd
    244  4     A21D 108E DDDD            LDY #$dddd
    245  5+6   A221 36   36              PSHU D,X,Y
    246  4+1   A223 33   C8 28           LEAU 40,U
    247
    248  4+1   A226 A6   46              LDA 6,U
    249  5+1   A228 34   02              PSHS A
    250  2     A22A 86   11              LDA #$11
    251  4+1   A22C A7   46              STA 6,U
    252  5+6   A22E 37   36              PULU D,X,Y
    253  5+8   A230 34   76              PSHS U,Y,X,D
    254  3     A232 CC   DDDD            LDD #$dddd
    255  3     A235 8E   DDDD            LDX #$dddd
    256  4     A238 108E DDDD            LDY #$dddd
    257  5+6   A23C 36   36              PSHU D,X,Y
    258  4+1   A23E 33   C8 28           LEAU 40,U
    259
    260  4+1   A241 A6   46              LDA 6,U
    261  5+1   A243 34   02              PSHS A
    262  2     A245 86   11              LDA #$11
    263  4+1   A247 A7   46              STA 6,U
    264  5+6   A249 37   36              PULU D,X,Y
    265  5+8   A24B 34   76              PSHS U,Y,X,D
    266  3     A24D CC   DDDD            LDD #$dddd
    267  3     A250 8E   DDDD            LDX #$dddd
    268  4     A253 108E DDDD            LDY #$dddd
    269  5+6   A257 36   36              PSHU D,X,Y
    270  4+1   A259 33   C8 28           LEAU 40,U
    271
    272  5+1   A25C EC   C8 28           LDD 40,U
    273  5+2   A25F 34   06              PSHS D
    274  2     A261 84   F0              ANDA #$F0
    275  2     A263 8A   0D              ORA #$0d
    276  2     A265 C6   DD              LDB #$dd
    277  5+1   A267 ED   C8 28           STD 40,U
    278  4+1   A26A A6   46              LDA 6,U
    279  5+1   A26C 34   02              PSHS A
    280  2     A26E 86   11              LDA #$11
    281  4+1   A270 A7   46              STA 6,U
    282  5+6   A272 37   36              PULU D,X,Y
    283  5+8   A274 34   76              PSHS U,Y,X,D
    284  3     A276 CC   DDDD            LDD #$dddd
    285  3     A279 8E   DDDD            LDX #$dddd
    286  4     A27C 108E DDDD            LDY #$dddd
    287  5+6   A280 36   36              PSHU D,X,Y
    288  4+1   A282 33   C8 2A           LEAU 42,U
    289
    290  5+1   A285 EC   C8 26           LDD 38,U
    291  5+2   A288 34   06              PSHS D
    292  2     A28A 84   F0              ANDA #$F0
    293  2     A28C 8A   0D              ORA #$0d
    294  2     A28E C6   DD              LDB #$dd
    295  5+1   A290 ED   C8 26           STD 38,U
    296  5+5   A293 37   32              PULU A,X,Y
    297  5+7   A295 34   72              PSHS U,Y,X,A
    298  3     A297 8E   DDDD            LDX #$dddd
    299  4     A29A 108E DC11            LDY #$dc11
    300  5+5   A29E 36   34              PSHU B,X,Y
    301  4+1   A2A0 33   C8 28           LEAU 40,U
    302
    303  5+1   A2A3 EC   C8 26           LDD 38,U
    304  5+2   A2A6 34   06              PSHS D
    305  2     A2A8 84   F0              ANDA #$F0
    306  2     A2AA 8A   0D              ORA #$0d
    307  2     A2AC C6   DD              LDB #$dd
    308  5+1   A2AE ED   C8 26           STD 38,U
    309  5+5   A2B1 37   32              PULU A,X,Y
    310  5+7   A2B3 34   72              PSHS U,Y,X,A
    311  3     A2B5 8E   DCDD            LDX #$dcdd
    312  4     A2B8 108E DBD1            LDY #$dbd1
    313  5+5   A2BC 36   34              PSHU B,X,Y
    314  4+1   A2BE 33   C8 28           LEAU 40,U
    315
    316  5+5   A2C1 37   32              PULU A,X,Y
    317  5+7   A2C3 34   72              PSHS U,Y,X,A
    318  3     A2C5 8E   BBDD            LDX #$bbdd
    319  4     A2C8 108E DBDD            LDY #$dbdd
    320  5+5   A2CC 36   34              PSHU B,X,Y
    321  4+1   A2CE 33   C8 26           LEAU 38,U
    322
    323  5+1   A2D1 EC   46              LDD 6,U
    324  5+2   A2D3 34   06              PSHS D
    325  2     A2D5 86   DD              LDA #$dd
    326  2     A2D7 C4   0F              ANDB #$0F
    327  2     A2D9 CA   D0              ORB #$d0
    328  5+1   A2DB ED   46              STD 6,U
    329  5+6   A2DD 37   36              PULU D,X,Y
    330  5+8   A2DF 34   76              PSHS U,Y,X,D
    331  3     A2E1 CC   DDDD            LDD #$dddd
    332  3     A2E4 8E   DDB0            LDX #$ddb0
    333  4     A2E7 108E DDDC            LDY #$dddc
    334  5+6   A2EB 36   36              PSHU D,X,Y
    335  4+1   A2ED 33   C8 28           LEAU 40,U
    336
    337  5+1   A2F0 AE   46              LDX 6,U
    338  5+2   A2F2 34   10              PSHS X
    339  5+1   A2F4 ED   46              STD 6,U
    340  5+6   A2F6 37   36              PULU D,X,Y
    341  5+8   A2F8 34   76              PSHS U,Y,X,D
    342  3     A2FA CC   DDDD            LDD #$dddd
    343  3     A2FD 8E   DD00            LDX #$dd00
    344  4     A300 108E CDDC            LDY #$cddc
    345  5+6   A304 36   36              PSHU D,X,Y
    346  4+1   A306 33   C8 28           LEAU 40,U
    347
    348  5+1   A309 AE   46              LDX 6,U
    349  5+2   A30B 34   10              PSHS X
    350  5+1   A30D ED   46              STD 6,U
    351  5+6   A30F 37   36              PULU D,X,Y
    352  5+8   A311 34   76              PSHS U,Y,X,D
    353  3     A313 CC   DDDD            LDD #$dddd
    354  3     A316 8E   DD00            LDX #$dd00
    355  4     A319 108E BDDD            LDY #$bddd
    356  5+6   A31D 36   36              PSHU D,X,Y
    357  4+1   A31F 33   C8 28           LEAU 40,U
    358
    359  5+1   A322 AE   46              LDX 6,U
    360  5+2   A324 34   10              PSHS X
    361  5+1   A326 ED   46              STD 6,U
    362  5+6   A328 37   36              PULU D,X,Y
    363  5+8   A32A 34   76              PSHS U,Y,X,D
    364  3     A32C CC   DDDD            LDD #$dddd
    365  3     A32F 8E   DD00            LDX #$dd00
    366  4     A332 108E 0DDD            LDY #$0ddd
    367  5+6   A336 36   36              PSHU D,X,Y
    368  4+1   A338 33   C8 28           LEAU 40,U
    369
    370  5+1   A33B AE   46              LDX 6,U
    371  5+2   A33D 34   10              PSHS X
    372  5+1   A33F ED   46              STD 6,U
    373  4+1   A341 A6   48              LDA 8,U
    374  5+1   A343 34   02              PSHS A
    375  2     A345 84   0F              ANDA #$0F
    376  2     A347 8A   D0              ORA #$d0
    377  4+1   A349 A7   48              STA 8,U
    378  5+6   A34B 37   36              PULU D,X,Y
    379  5+8   A34D 34   76              PSHS U,Y,X,D
    380  3     A34F CC   DDDD            LDD #$dddd
    381  3     A352 8E   DD00            LDX #$dd00
    382  4     A355 108E 0CDD            LDY #$0cdd
    383  5+6   A359 36   36              PSHU D,X,Y
    384  4+1   A35B 33   C8 28           LEAU 40,U
    385
    386  5+6   A35E 37   36              PULU D,X,Y
    387  5+8   A360 34   76              PSHS U,Y,X,D
    388  3     A362 CC   DCDD            LDD #$dcdd
    389  3     A365 8E   DDBC            LDX #$ddbc
    390  4     A368 108E 0BDD            LDY #$0bdd
    391  5+6   A36C 36   36              PSHU D,X,Y
    392  4+1   A36E 33   46              LEAU 6,U
    393
    394  5+3   A370 37   12              PULU A,X
    395  5+5   A372 34   52              PSHS U,X,A
    396  3     A374 8E   DDDD            LDX #$dddd
    397  5+3   A377 36   14              PSHU B,X
    398  4+1   A379 33   C8 22           LEAU 34,U
    399
    400  5+6   A37C 37   36              PULU D,X,Y
    401  5+8   A37E 34   76              PSHS U,Y,X,D
    402  3     A380 CC   DCDD            LDD #$dcdd
    403  3     A383 8E   DDC1            LDX #$ddc1
    404  4     A386 108E 0BDD            LDY #$0bdd
    405  5+6   A38A 36   36              PSHU D,X,Y
    406  4+1   A38C 33   46              LEAU 6,U
    407
    408  5+3   A38E 37   12              PULU A,X
    409  5+5   A390 34   52              PSHS U,X,A
    410  3     A392 8E   DDDD            LDX #$dddd
    411  5+3   A395 36   14              PSHU B,X
    412  4+1   A397 33   C8 22           LEAU 34,U
    413
    414  5+6   A39A 37   36              PULU D,X,Y
    415  5+8   A39C 34   76              PSHS U,Y,X,D
    416  3     A39E CC   DCDD            LDD #$dcdd
    417  3     A3A1 8E   DBB1            LDX #$dbb1
    418  4     A3A4 108E 0BDD            LDY #$0bdd
    419  5+6   A3A8 36   36              PSHU D,X,Y
    420  4+1   A3AA 33   46              LEAU 6,U
    421
    422  5+3   A3AC 37   12              PULU A,X
    423  5+5   A3AE 34   52              PSHS U,X,A
    424  3     A3B0 8E   DDDD            LDX #$dddd
    425  5+3   A3B3 36   14              PSHU B,X
    426  4+1   A3B5 33   C8 22           LEAU 34,U
    427
    428  5+6   A3B8 37   36              PULU D,X,Y
    429  5+8   A3BA 34   76              PSHS U,Y,X,D
    430  3     A3BC CC   DCDD            LDD #$dcdd
    431  3     A3BF 8E   DBBC            LDX #$dbbc
    432  4     A3C2 108E 0BDD            LDY #$0bdd
    433  5+6   A3C6 36   36              PSHU D,X,Y
    434  4+1   A3C8 33   46              LEAU 6,U
    435
    436  5+1   A3CA EC   C8 22           LDD 34,U
    437  5+2   A3CD 34   06              PSHS D
    438  2     A3CF 84   F0              ANDA #$F0
    439  2     A3D1 8A   0C              ORA #$0c
    440  2     A3D3 C6   DD              LDB #$dd
    441  5+1   A3D5 ED   C8 22           STD 34,U
    442  5+3   A3D8 37   12              PULU A,X
    443  5+5   A3DA 34   52              PSHS U,X,A
    444  3     A3DC 8E   DDDD            LDX #$dddd
    445  5+3   A3DF 36   14              PSHU B,X
    446  4+1   A3E1 33   C8 24           LEAU 36,U
    447
    448  5+1   A3E4 EC   C8 26           LDD 38,U
    449  5+2   A3E7 34   06              PSHS D
    450  2     A3E9 84   F0              ANDA #$F0
    451  2     A3EB 8A   0C              ORA #$0c
    452  2     A3ED C6   DD              LDB #$dd
    453  5+1   A3EF ED   C8 26           STD 38,U
    454  4+1   A3F2 A6   46              LDA 6,U
    455  5+1   A3F4 34   02              PSHS A
    456  4+1   A3F6 E7   46              STB 6,U
    457  5+6   A3F8 37   36              PULU D,X,Y
    458  5+8   A3FA 34   76              PSHS U,Y,X,D
    459  3     A3FC CC   D0BB            LDD #$d0bb
    460  3     A3FF 8E   0BDD            LDX #$0bdd
    461  4     A402 108E DDDD            LDY #$dddd
    462  5+6   A406 36   36              PSHU D,X,Y
    463  4+1   A408 33   C8 28           LEAU 40,U
    464
    465  5+1   A40B EC   C8 26           LDD 38,U
    466  5+2   A40E 34   06              PSHS D
    467  2     A410 84   F0              ANDA #$F0
    468  2     A412 8A   0D              ORA #$0d
    469  2     A414 C6   DD              LDB #$dd
    470  5+1   A416 ED   C8 26           STD 38,U
    471  4+1   A419 A6   46              LDA 6,U
    472  5+1   A41B 34   02              PSHS A
    473  4+1   A41D E7   46              STB 6,U
    474  5+6   A41F 37   36              PULU D,X,Y
    475  5+8   A421 34   76              PSHS U,Y,X,D
    476  3     A423 CC   D00C            LDD #$d00c
    477  3     A426 8E   0BDD            LDX #$0bdd
    478  4     A429 108E DDDD            LDY #$dddd
    479  5+6   A42D 36   36              PSHU D,X,Y
    480  4+1   A42F 33   C8 28           LEAU 40,U
    481
    482  5+1   A432 EC   C8 26           LDD 38,U
    483  5+2   A435 34   06              PSHS D
    484  2     A437 84   F0              ANDA #$F0
    485  2     A439 8A   0D              ORA #$0d
    486  2     A43B C6   BD              LDB #$bd
    487  5+1   A43D ED   C8 26           STD 38,U
    488  4+1   A440 A6   46              LDA 6,U
    489  5+1   A442 34   02              PSHS A
    490  2     A444 86   DD              LDA #$dd
    491  4+1   A446 A7   46              STA 6,U
    492  5+6   A448 37   36              PULU D,X,Y
    493  5+8   A44A 34   76              PSHS U,Y,X,D
    494  3     A44C CC   B001            LDD #$b001
    495  3     A44F 8E   0BDD            LDX #$0bdd
    496  4     A452 108E DDDD            LDY #$dddd
    497  5+6   A456 36   36              PSHU D,X,Y
    498  4+1   A458 33   C8 28           LEAU 40,U
    499
    500  4+1   A45B A6   46              LDA 6,U
    501  5+1   A45D 34   02              PSHS A
    502  2     A45F 86   D1              LDA #$d1
    503  4+1   A461 A7   46              STA 6,U
    504  5+6   A463 37   36              PULU D,X,Y
    505  5+8   A465 34   76              PSHS U,Y,X,D
    506  3     A467 CC   B001            LDD #$b001
    507  3     A46A 8E   0B5D            LDX #$0b5d
    508  4     A46D 108E DDDD            LDY #$dddd
    509  5+6   A471 36   36              PSHU D,X,Y
    510  4+1   A473 33   C8 27           LEAU 39,U
    511
    512  5+1   A476 EC   46              LDD 6,U
    513  5+2   A478 34   06              PSHS D
    514  2     A47A 86   DD              LDA #$dd
    515  2     A47C C4   0F              ANDB #$0F
    516  2     A47E CA   10              ORB #$10
    517  5+1   A480 ED   46              STD 6,U
    518  5+6   A482 37   36              PULU D,X,Y
    519  5+8   A484 34   76              PSHS U,Y,X,D
    520  3     A486 CC   BD00            LDD #$bd00
    521  3     A489 8E   010B            LDX #$010b
    522  4     A48C 108E 45DD            LDY #$45dd
    523  5+6   A490 36   36              PSHU D,X,Y
    524  4+1   A492 33   C8 28           LEAU 40,U
    525
    526  4+1   A495 A6   46              LDA 6,U
    527  5+1   A497 34   02              PSHS A
    528  2     A499 86   DD              LDA #$dd
    529  4+1   A49B A7   46              STA 6,U
    530  5+6   A49D 37   36              PULU D,X,Y
    531  5+8   A49F 34   76              PSHS U,Y,X,D
    532  3     A4A1 CC   0100            LDD #$0100
    533  3     A4A4 8E   0104            LDX #$0104
    534  4     A4A7 108E 44DD            LDY #$44dd
    535  5+6   A4AB 36   36              PSHU D,X,Y
    536  4+1   A4AD 33   C8 28           LEAU 40,U
    537
    538  4+1   A4B0 A6   46              LDA 6,U
    539  5+1   A4B2 34   02              PSHS A
    540  2     A4B4 86   DD              LDA #$dd
    541  4+1   A4B6 A7   46              STA 6,U
    542  5+6   A4B8 37   36              PULU D,X,Y
    543  5+8   A4BA 34   76              PSHS U,Y,X,D
    544  3     A4BC CC   0100            LDD #$0100
    545  3     A4BF 8E   0B04            LDX #$0b04
    546  4     A4C2 108E 44DD            LDY #$44dd
    547  5+6   A4C6 36   36              PSHU D,X,Y
    548  4+1   A4C8 33   C8 28           LEAU 40,U
    549
    550  4+1   A4CB A6   46              LDA 6,U
    551  5+1   A4CD 34   02              PSHS A
    552  2     A4CF 86   DD              LDA #$dd
    553  4+1   A4D1 A7   46              STA 6,U
    554  5+6   A4D3 37   36              PULU D,X,Y
    555  5+8   A4D5 34   76              PSHS U,Y,X,D
    556  3     A4D7 CC   0B00            LDD #$0b00
    557  3     A4DA 8E   0044            LDX #$0044
    558  4     A4DD 108E 44DD            LDY #$44dd
    559  5+6   A4E1 36   36              PSHU D,X,Y
    560  4+1   A4E3 33   C8 28           LEAU 40,U
    561
    562  4+1   A4E6 A6   46              LDA 6,U
    563  5+1   A4E8 34   02              PSHS A
    564  2     A4EA 86   D1              LDA #$d1
    565  4+1   A4EC A7   46              STA 6,U
    566  5+6   A4EE 37   36              PULU D,X,Y
    567  5+8   A4F0 34   76              PSHS U,Y,X,D
    568  3     A4F2 CC   0000            LDD #$0000
    569  3     A4F5 8E   0044            LDX #$0044
    570  4     A4F8 108E 44DD            LDY #$44dd
    571  5+6   A4FC 36   36              PSHU D,X,Y
    572  4+1   A4FE 33   C8 28           LEAU 40,U
    573
    574  4+1   A501 A6   46              LDA 6,U
    575  5+1   A503 34   02              PSHS A
    576  2     A505 84   0F              ANDA #$0F
    577  2     A507 8A   D0              ORA #$d0
    578  4+1   A509 A7   46              STA 6,U
    579  5+6   A50B 37   36              PULU D,X,Y
    580  5+8   A50D 34   76              PSHS U,Y,X,D
    581  3     A50F CC   0000            LDD #$0000
    582  3     A512 8E   0044            LDX #$0044
    583  4     A515 108E 44DD            LDY #$44dd
    584  5+6   A519 36   36              PSHU D,X,Y
    585  4+1   A51B 33   C8 28           LEAU 40,U
    586
    587  4+1   A51E A6   46              LDA 6,U
    588  5+1   A520 34   02              PSHS A
    589  2     A522 86   DD              LDA #$dd
    590  4+1   A524 A7   46              STA 6,U
    591  5+6   A526 37   36              PULU D,X,Y
    592  5+8   A528 34   76              PSHS U,Y,X,D
    593  3     A52A CC   B000            LDD #$b000
    594  3     A52D 8E   0044            LDX #$0044
    595  4     A530 108E 44DD            LDY #$44dd
    596  5+6   A534 36   36              PSHU D,X,Y
    597  4+1   A536 33   C8 28           LEAU 40,U
    598
    599  4+1   A539 A6   46              LDA 6,U
    600  5+1   A53B 34   02              PSHS A
    601  2     A53D 86   DD              LDA #$dd
    602  4+1   A53F A7   46              STA 6,U
    603  5+6   A541 37   36              PULU D,X,Y
    604  5+8   A543 34   76              PSHS U,Y,X,D
    605  3     A545 CC   D040            LDD #$d040
    606  3     A548 8E   0044            LDX #$0044
    607  4     A54B 108E 45DD            LDY #$45dd
    608  5+6   A54F 36   36              PSHU D,X,Y
    609  4+1   A551 33   C8 28           LEAU 40,U
    610
    611  4+1   A554 A6   46              LDA 6,U
    612  5+1   A556 34   02              PSHS A
    613  2     A558 86   DD              LDA #$dd
    614  4+1   A55A A7   46              STA 6,U
    615  5+6   A55C 37   36              PULU D,X,Y
    616  5+8   A55E 34   76              PSHS U,Y,X,D
    617  3     A560 CC   1144            LDD #$1144
    618  3     A563 8E   0445            LDX #$0445
    619  4     A566 108E 4DDD            LDY #$4ddd
    620  5+6   A56A 36   36              PSHU D,X,Y
    621  4+1   A56C 33   C8 28           LEAU 40,U
    622
    623  4+1   A56F A6   46              LDA 6,U
    624  5+1   A571 34   02              PSHS A
    625  2     A573 86   DD              LDA #$dd
    626  4+1   A575 A7   46              STA 6,U
    627  5+6   A577 37   36              PULU D,X,Y
    628  5+8   A579 34   76              PSHS U,Y,X,D
    629  3     A57B CC   0144            LDD #$0144
    630  3     A57E 8E   4444            LDX #$4444
    631  4     A581 108E 4DDD            LDY #$4ddd
    632  5+6   A585 36   36              PSHU D,X,Y
    633  4+1   A587 33   C8 28           LEAU 40,U
    634
    635  4+1   A58A A6   46              LDA 6,U
    636  5+1   A58C 34   02              PSHS A
    637  2     A58E 86   DD              LDA #$dd
    638  4+1   A590 A7   46              STA 6,U
    639  5+6   A592 37   36              PULU D,X,Y
    640  5+8   A594 34   76              PSHS U,Y,X,D
    641  3     A596 CC   1144            LDD #$1144
    642  3     A599 8E   4444            LDX #$4444
    643  4     A59C 108E 5DDD            LDY #$5ddd
    644  5+6   A5A0 36   36              PSHU D,X,Y
    645  4+1   A5A2 33   C8 28           LEAU 40,U
    646
    647  4+1   A5A5 A6   46              LDA 6,U
    648  5+1   A5A7 34   02              PSHS A
    649  2     A5A9 86   DD              LDA #$dd
    650  4+1   A5AB A7   46              STA 6,U
    651  5+6   A5AD 37   36              PULU D,X,Y
    652  5+8   A5AF 34   76              PSHS U,Y,X,D
    653  3     A5B1 CC   1144            LDD #$1144
    654  3     A5B4 8E   4444            LDX #$4444
    655  4     A5B7 108E DDDD            LDY #$dddd
    656  5+6   A5BB 36   36              PSHU D,X,Y
    657  4+1   A5BD 33   C8 28           LEAU 40,U
    658
    659  4+1   A5C0 A6   46              LDA 6,U
    660  5+1   A5C2 34   02              PSHS A
    661  2     A5C4 86   DD              LDA #$dd
    662  4+1   A5C6 A7   46              STA 6,U
    663  5+6   A5C8 37   36              PULU D,X,Y
    664  5+8   A5CA 34   76              PSHS U,Y,X,D
    665  3     A5CC CC   CB44            LDD #$cb44
    666  3     A5CF 8E   4444            LDX #$4444
    667  4     A5D2 108E DDDD            LDY #$dddd
    668  5+6   A5D6 36   36              PSHU D,X,Y
    669  4+1   A5D8 33   C8 29           LEAU 41,U
    670
    671  5+6   A5DB 37   36              PULU D,X,Y
    672  5+8   A5DD 34   76              PSHS U,Y,X,D
    673  3     A5DF CC   4444            LDD #$4444
    674  3     A5E2 8E   441D            LDX #$441d
    675  4     A5E5 108E DDDD            LDY #$dddd
    676  5+6   A5E9 36   36              PSHU D,X,Y
    677  4+1   A5EB 33   C8 28           LEAU 40,U
    678
    679  5+6   A5EE 37   36              PULU D,X,Y
    680  5+8   A5F0 34   76              PSHS U,Y,X,D
    681  3     A5F2 CC   4444            LDD #$4444
    682  3     A5F5 8E   44DD            LDX #$44dd
    683  4     A5F8 108E DDDD            LDY #$dddd
    684  5+6   A5FC 36   36              PSHU D,X,Y
    685  4+1   A5FE 33   C8 28           LEAU 40,U
    686
    687  4+1   A601 A6   46              LDA 6,U
    688  5+1   A603 34   02              PSHS A
    689  2     A605 84   0F              ANDA #$0F
    690  2     A607 8A   D0              ORA #$d0
    691  4+1   A609 A7   46              STA 6,U
    692  5+6   A60B 37   36              PULU D,X,Y
    693  5+8   A60D 34   76              PSHS U,Y,X,D
    694  3     A60F CC   5544            LDD #$5544
    695  3     A612 8E   53DD            LDX #$53dd
    696  4     A615 108E DDDD            LDY #$dddd
    697  5+6   A619 36   36              PSHU D,X,Y
    698  4+1   A61B 33   C8 29           LEAU 41,U
    699
    700  4+1   A61E A6   45              LDA 5,U
    701  5+1   A620 34   02              PSHS A
    702  2     A622 84   0F              ANDA #$0F
    703  2     A624 8A   D0              ORA #$d0
    704  4+1   A626 A7   45              STA 5,U
    705  5+5   A628 37   32              PULU A,X,Y
    706  5+7   A62A 34   72              PSHS U,Y,X,A
    707  3     A62C 8E   33DD            LDX #$33dd
    708  4     A62F 108E DDDD            LDY #$dddd
    709  5+5   A633 36   34              PSHU B,X,Y
    710  4+1   A635 33   C8 28           LEAU 40,U
    711
    712  4+1   A638 A6   45              LDA 5,U
    713  5+1   A63A 34   02              PSHS A
    714  2     A63C 84   0F              ANDA #$0F
    715  2     A63E 8A   D0              ORA #$d0
    716  4+1   A640 A7   45              STA 5,U
    717  5+5   A642 37   32              PULU A,X,Y
    718  5+7   A644 34   72              PSHS U,Y,X,A
    719  2     A646 86   55              LDA #$55
    720  3     A648 8E   3DDD            LDX #$3ddd
    721  4     A64B 108E 1DDD            LDY #$1ddd
    722  5+5   A64F 36   32              PSHU A,X,Y
    723  4+1   A651 33   C8 28           LEAU 40,U
    724
    725  4+1   A654 A6   45              LDA 5,U
    726  5+1   A656 34   02              PSHS A
    727  2     A658 84   0F              ANDA #$0F
    728  2     A65A 8A   D0              ORA #$d0
    729  4+1   A65C A7   45              STA 5,U
    730  5+5   A65E 37   32              PULU A,X,Y
    731  5+7   A660 34   72              PSHS U,Y,X,A
    732  2     A662 86   11              LDA #$11
    733  3     A664 8E   55DD            LDX #$55dd
    734  4     A667 108E 51DD            LDY #$51dd
    735  5+5   A66B 36   32              PSHU A,X,Y
    736  4+1   A66D 33   C8 28           LEAU 40,U
    737
    738  5+6   A670 37   36              PULU D,X,Y
    739  5+8   A672 34   76              PSHS U,Y,X,D
    740  3     A674 CC   1344            LDD #$1344
    741  3     A677 8E   DD41            LDX #$dd41
    742  4     A67A 108E DDDD            LDY #$dddd
    743  5+6   A67E 36   36              PSHU D,X,Y
    744  4+1   A680 33   C8 28           LEAU 40,U
    745
    746  5+6   A683 37   36              PULU D,X,Y
    747  5+8   A685 34   76              PSHS U,Y,X,D
    748  3     A687 CC   5544            LDD #$5544
    749  3     A68A 8E   5D45            LDX #$5d45
    750  4     A68D 108E 1DDD            LDY #$1ddd
    751  5+6   A691 36   36              PSHU D,X,Y
    752  4+1   A693 33   C8 28           LEAU 40,U
    753
    754  5+6   A696 37   36              PULU D,X,Y
    755  5+8   A698 34   76              PSHS U,Y,X,D
    756  3     A69A CC   5544            LDD #$5544
    757  3     A69D 8E   4D04            LDX #$4d04
    758  4     A6A0 108E 11DD            LDY #$11dd
    759  5+6   A6A4 36   36              PSHU D,X,Y
    760  4+1   A6A6 33   C8 28           LEAU 40,U
    761
    762  5+6   A6A9 37   36              PULU D,X,Y
    763  5+8   A6AB 34   76              PSHS U,Y,X,D
    764  3     A6AD CC   5444            LDD #$5444
    765  3     A6B0 8E   4544            LDX #$4544
    766  4     A6B3 108E 11DD            LDY #$11dd
    767  5+6   A6B7 36   36              PSHU D,X,Y
    768  4+1   A6B9 33   C8 28           LEAU 40,U
    769
    770  4+1   A6BC A6   45              LDA 5,U
    771  5+1   A6BE 34   02              PSHS A
    772  2     A6C0 86   1D              LDA #$1d
    773  4+1   A6C2 A7   45              STA 5,U
    774  5+4   A6C4 37   30              PULU X,Y
    775  5+6   A6C6 34   70              PSHS U,Y,X
    776  2     A6C8 86   54              LDA #$54
    777  3     A6CA 8E   0544            LDX #$0544
    778  5+4   A6CD 36   16              PSHU D,X
    779  4+1   A6CF 33   C8 28           LEAU 40,U
    780
    781  4+1   A6D2 A6   45              LDA 5,U
    782  5+1   A6D4 34   02              PSHS A
    783  2     A6D6 84   F0              ANDA #$F0
    784  2     A6D8 8A   01              ORA #$01
    785  4+1   A6DA A7   45              STA 5,U
    786  5+4   A6DC 37   30              PULU X,Y
    787  5+6   A6DE 34   70              PSHS U,Y,X
    788  3     A6E0 CC   4444            LDD #$4444
    789  3     A6E3 8E   0444            LDX #$0444
    790  5+4   A6E6 36   16              PSHU D,X
    791  4+1   A6E8 33   C8 28           LEAU 40,U
    792
    793  5+4   A6EB 37   30              PULU X,Y
    794  5+6   A6ED 34   70              PSHS U,Y,X
    795  3     A6EF 8E   4444            LDX #$4444
    796  5+4   A6F2 36   16              PSHU D,X
    797  4+1   A6F4 33   C8 28           LEAU 40,U
    798
    799  4+1   A6F7 A6   44              LDA 4,U
    800  5+1   A6F9 34   02              PSHS A
    801  2     A6FB 84   0F              ANDA #$0F
    802  2     A6FD 8A   50              ORA #$50
    803  4+1   A6FF A7   44              STA 4,U
    804  5+4   A701 37   30              PULU X,Y
    805  5+6   A703 34   70              PSHS U,Y,X
    806  3     A705 CC   4444            LDD #$4444
    807  3     A708 8E   4444            LDX #$4444
    808  5+4   A70B 36   16              PSHU D,X
    809  4+1   A70D 33   C8 28           LEAU 40,U
    810
    811  4+1   A710 A6   44              LDA 4,U
    812  5+1   A712 34   02              PSHS A
    813  2     A714 84   0F              ANDA #$0F
    814  2     A716 8A   40              ORA #$40
    815  4+1   A718 A7   44              STA 4,U
    816  5+4   A71A 37   30              PULU X,Y
    817  5+6   A71C 34   70              PSHS U,Y,X
    818  3     A71E CC   4444            LDD #$4444
    819  3     A721 8E   4454            LDX #$4454
    820  5+4   A724 36   16              PSHU D,X
    821  4+1   A726 33   C8 28           LEAU 40,U
    822
    823  5+5   A729 37   32              PULU A,X,Y
    824  5+7   A72B 34   72              PSHS U,Y,X,A
    825  3     A72D 8E   4444            LDX #$4444
    826  4     A730 108E 3445            LDY #$3445
    827  5+5   A734 36   34              PSHU B,X,Y
    828  4+1   A736 33   C8 28           LEAU 40,U
    829
    830  5+5   A739 37   32              PULU A,X,Y
    831  5+7   A73B 34   72              PSHS U,Y,X,A
    832  3     A73D 8E   4444            LDX #$4444
    833  4     A740 108E 1544            LDY #$1544
    834  5+5   A744 36   34              PSHU B,X,Y
    835  4+1   A746 33   C8 28           LEAU 40,U
    836
    837  5+1   A749 EC   C8 28           LDD 40,U
    838  5+2   A74C 34   06              PSHS D
    839  2     A74E 84   F0              ANDA #$F0
    840  2     A750 8A   04              ORA #$04
    841  2     A752 C6   44              LDB #$44
    842  5+1   A754 ED   C8 28           STD 40,U
    843  5+5   A757 37   32              PULU A,X,Y
    844  5+7   A759 34   72              PSHS U,Y,X,A
    845  3     A75B 8E   4445            LDX #$4445
    846  4     A75E 108E D344            LDY #$d344
    847  5+5   A762 36   34              PSHU B,X,Y
    848  4+1   A764 33   C8 2A           LEAU 42,U
    849
    850  5+1   A767 EC   C8 29           LDD 41,U
    851  5+2   A76A 34   06              PSHS D
    852  2     A76C 86   DD              LDA #$dd
    853  2     A76E C4   0F              ANDB #$0F
    854  2     A770 CA   40              ORB #$40
    855  5+1   A772 ED   C8 29           STD 41,U
    856  4+1   A775 A6   C8 52           LDA 82,U
    857  5+1   A778 34   02              PSHS A
    858  2     A77A 84   0F              ANDA #$0F
    859  2     A77C 8A   40              ORA #$40
    860  4+1   A77E A7   C8 52           STA 82,U
    861  5+3   A781 37   12              PULU A,X
    862  5+5   A783 34   52              PSHS U,X,A
    863  2     A785 86   45              LDA #$45
    864  3     A787 8E   DD44            LDX #$dd44
    865  5+3   A78A 36   12              PSHU A,X
    866        A78C               DYN_POS
    867
    868  3     A78C CE   0000            LDU #$0000
    869  4+4   A78F 33   C9 01E6         LEAU 486,U
    870
    871  5+1   A793 AE   C8 B1           LDX -79,U
    872  6+1   A796 10AE C8 D9           LDY -39,U
    873  5+4   A79A 34   30              PSHS Y,X
    874  3     A79C CC   DDDD            LDD #$dddd
    875  5+1   A79F ED   C8 B1           STD -79,U
    876  5+1   A7A2 ED   C8 D9           STD -39,U
    877  4+1   A7A5 A6   43              LDA 3,U
    878  5+1   A7A7 34   02              PSHS A
    879  2     A7A9 84   0F              ANDA #$0F
    880  2     A7AB 8A   D0              ORA #$d0
    881  4+1   A7AD A7   43              STA 3,U
    882  5+3   A7AF 37   12              PULU A,X
    883  5+5   A7B1 34   52              PSHS U,X,A
    884  3     A7B3 8E   DDDD            LDX #$dddd
    885  5+3   A7B6 36   14              PSHU B,X
    886  4+1   A7B8 33   C8 28           LEAU 40,U
    887
    888  5+4   A7BB 37   30              PULU X,Y
    889  5+6   A7BD 34   70              PSHS U,Y,X
    890  3     A7BF CC   DD1D            LDD #$dd1d
    891  3     A7C2 8E   DDDD            LDX #$dddd
    892  5+4   A7C5 36   16              PSHU D,X
    893  4+1   A7C7 33   C8 28           LEAU 40,U
    894
    895  5+1   A7CA EC   C8 27           LDD 39,U
    896  5+2   A7CD 34   06              PSHS D
    897  2     A7CF 84   F0              ANDA #$F0
    898  2     A7D1 8A   0D              ORA #$0d
    899  2     A7D3 C6   DD              LDB #$dd
    900  5+1   A7D5 ED   C8 27           STD 39,U
    901  5+4   A7D8 37   30              PULU X,Y
    902  5+6   A7DA 34   70              PSHS U,Y,X
    903  3     A7DC CC   DDDD            LDD #$dddd
    904  3     A7DF 8E   DDDD            LDX #$dddd
    905  5+4   A7E2 36   16              PSHU D,X
    906  4+1   A7E4 33   C8 29           LEAU 41,U
    907
    908  4+1   A7E7 A6   43              LDA 3,U
    909  5+1   A7E9 34   02              PSHS A
    910  2     A7EB 84   0F              ANDA #$0F
    911  2     A7ED 8A   D0              ORA #$d0
    912  4+1   A7EF A7   43              STA 3,U
    913  5+3   A7F1 37   12              PULU A,X
    914  5+5   A7F3 34   52              PSHS U,X,A
    915  3     A7F5 8E   DDDD            LDX #$dddd
    916  5+3   A7F8 36   14              PSHU B,X
    917  4+1   A7FA 33   C8 26           LEAU 38,U
    918
    919  5+6   A7FD 37   36              PULU D,X,Y
    920  5+8   A7FF 34   76              PSHS U,Y,X,D
    921  3     A801 CC   DDDC            LDD #$dddc
    922  3     A804 8E   D1DD            LDX #$d1dd
    923  4     A807 108E DDDD            LDY #$dddd
    924  5+6   A80B 36   36              PSHU D,X,Y
    925  4+1   A80D 33   C8 28           LEAU 40,U
    926
    927  5+6   A810 37   36              PULU D,X,Y
    928  5+8   A812 34   76              PSHS U,Y,X,D
    929  3     A814 CC   DDDD            LDD #$dddd
    930  3     A817 8E   D1DD            LDX #$d1dd
    931  4     A81A 108E DDDD            LDY #$dddd
    932  5+6   A81E 36   36              PSHU D,X,Y
    933  4+1   A820 33   C8 28           LEAU 40,U
    934
    935  5+1   A823 EC   C8 27           LDD 39,U
    936  5+2   A826 34   06              PSHS D
    937  2     A828 84   F0              ANDA #$F0
    938  2     A82A 8A   0D              ORA #$0d
    939  2     A82C C6   DD              LDB #$dd
    940  5+1   A82E ED   C8 27           STD 39,U
    941  5+6   A831 37   36              PULU D,X,Y
    942  5+8   A833 34   76              PSHS U,Y,X,D
    943  3     A835 CC   CDCD            LDD #$cdcd
    944  3     A838 8E   51DD            LDX #$51dd
    945  4     A83B 108E DDDD            LDY #$dddd
    946  5+6   A83F 36   36              PSHU D,X,Y
    947  4+1   A841 33   C8 29           LEAU 41,U
    948
    949  5+1   A844 EC   C8 26           LDD 38,U
    950  5+2   A847 34   06              PSHS D
    951  2     A849 84   F0              ANDA #$F0
    952  2     A84B 8A   0D              ORA #$0d
    953  2     A84D C6   DD              LDB #$dd
    954  5+1   A84F ED   C8 26           STD 38,U
    955  4+1   A852 A6   45              LDA 5,U
    956  5+1   A854 34   02              PSHS A
    957  2     A856 84   0F              ANDA #$0F
    958  2     A858 8A   D0              ORA #$d0
    959  4+1   A85A A7   45              STA 5,U
    960  5+5   A85C 37   32              PULU A,X,Y
    961  5+7   A85E 34   72              PSHS U,Y,X,A
    962  2     A860 86   C5              LDA #$c5
    963  3     A862 8E   5DDD            LDX #$5ddd
    964  4     A865 108E DDDD            LDY #$dddd
    965  5+5   A869 36   32              PSHU A,X,Y
    966  4+1   A86B 33   C8 28           LEAU 40,U
    967
    968  4+1   A86E A6   45              LDA 5,U
    969  5+1   A870 34   02              PSHS A
    970  2     A872 84   0F              ANDA #$0F
    971  2     A874 8A   10              ORA #$10
    972  4+1   A876 A7   45              STA 5,U
    973  5+5   A878 37   32              PULU A,X,Y
    974  5+7   A87A 34   72              PSHS U,Y,X,A
    975  2     A87C 86   D5              LDA #$d5
    976  3     A87E 8E   5DDD            LDX #$5ddd
    977  4     A881 108E DDDD            LDY #$dddd
    978  5+5   A885 36   32              PSHU A,X,Y
    979  4+1   A887 33   C8 26           LEAU 38,U
    980
    981  4+1   A88A A6   46              LDA 6,U
    982  5+1   A88C 34   02              PSHS A
    983  4+1   A88E E7   46              STB 6,U
    984  5+6   A890 37   36              PULU D,X,Y
    985  5+8   A892 34   76              PSHS U,Y,X,D
    986  3     A894 CC   DCDD            LDD #$dcdd
    987  3     A897 8E   544D            LDX #$544d
    988  4     A89A 108E DDDD            LDY #$dddd
    989  5+6   A89E 36   36              PSHU D,X,Y
    990  4+1   A8A0 33   C8 28           LEAU 40,U
    991
    992  4+1   A8A3 A6   46              LDA 6,U
    993  5+1   A8A5 34   02              PSHS A
    994  4+1   A8A7 E7   46              STB 6,U
    995  5+6   A8A9 37   36              PULU D,X,Y
    996  5+8   A8AB 34   76              PSHS U,Y,X,D
    997  3     A8AD CC   DCDD            LDD #$dcdd
    998  3     A8B0 8E   544D            LDX #$544d
    999  4     A8B3 108E DDDD            LDY #$dddd
   1000  5+6   A8B7 36   36              PSHU D,X,Y
   1001  4+1   A8B9 33   C8 28           LEAU 40,U
   1002
   1003  4+1   A8BC A6   46              LDA 6,U
   1004  5+1   A8BE 34   02              PSHS A
   1005  2     A8C0 86   D1              LDA #$d1
   1006  4+1   A8C2 A7   46              STA 6,U
   1007  5+6   A8C4 37   36              PULU D,X,Y
   1008  5+8   A8C6 34   76              PSHS U,Y,X,D
   1009  3     A8C8 CC   CDDD            LDD #$cddd
   1010  3     A8CB 8E   444D            LDX #$444d
   1011  4     A8CE 108E DDDD            LDY #$dddd
   1012  5+6   A8D2 36   36              PSHU D,X,Y
   1013  4+1   A8D4 33   C8 28           LEAU 40,U
   1014
   1015  4+1   A8D7 A6   46              LDA 6,U
   1016  5+1   A8D9 34   02              PSHS A
   1017  2     A8DB 84   0F              ANDA #$0F
   1018  2     A8DD 8A   10              ORA #$10
   1019  4+1   A8DF A7   46              STA 6,U
   1020  5+6   A8E1 37   36              PULU D,X,Y
   1021  5+8   A8E3 34   76              PSHS U,Y,X,D
   1022  3     A8E5 CC   DDDD            LDD #$dddd
   1023  3     A8E8 8E   DD4D            LDX #$dd4d
   1024  4     A8EB 108E DDDD            LDY #$dddd
   1025  5+6   A8EF 36   36              PSHU D,X,Y
   1026  4+1   A8F1 33   C8 27           LEAU 39,U
   1027
   1028  4+1   A8F4 A6   46              LDA 6,U
   1029  5+1   A8F6 34   02              PSHS A
   1030  4+1   A8F8 E7   46              STB 6,U
   1031  5+6   A8FA 37   36              PULU D,X,Y
   1032  5+8   A8FC 34   76              PSHS U,Y,X,D
   1033  3     A8FE CC   11DD            LDD #$11dd
   1034  3     A901 8E   DDDD            LDX #$dddd
   1035  4     A904 108E 4DDD            LDY #$4ddd
   1036  5+6   A908 36   36              PSHU D,X,Y
   1037  4+1   A90A 33   C8 28           LEAU 40,U
   1038
   1039  4+1   A90D A6   46              LDA 6,U
   1040  5+1   A90F 34   02              PSHS A
   1041  4+1   A911 E7   46              STB 6,U
   1042  5+6   A913 37   36              PULU D,X,Y
   1043  5+8   A915 34   76              PSHS U,Y,X,D
   1044  3     A917 CC   11DD            LDD #$11dd
   1045  3     A91A 8E   DDDD            LDX #$dddd
   1046  4     A91D 108E 4DDD            LDY #$4ddd
   1047  5+6   A921 36   36              PSHU D,X,Y
   1048  4+1   A923 33   C8 28           LEAU 40,U
   1049
   1050  4+1   A926 A6   46              LDA 6,U
   1051  5+1   A928 34   02              PSHS A
   1052  4+1   A92A E7   46              STB 6,U
   1053  5+6   A92C 37   36              PULU D,X,Y
   1054  5+8   A92E 34   76              PSHS U,Y,X,D
   1055  3     A930 CC   1DDD            LDD #$1ddd
   1056  3     A933 8E   DDDD            LDX #$dddd
   1057  4     A936 108E 4DDD            LDY #$4ddd
   1058  5+6   A93A 36   36              PSHU D,X,Y
   1059  4+1   A93C 33   C8 28           LEAU 40,U
   1060
   1061  4+1   A93F A6   46              LDA 6,U
   1062  5+1   A941 34   02              PSHS A
   1063  2     A943 86   D1              LDA #$d1
   1064  4+1   A945 A7   46              STA 6,U
   1065  5+6   A947 37   36              PULU D,X,Y
   1066  5+8   A949 34   76              PSHS U,Y,X,D
   1067  3     A94B CC   DDDD            LDD #$dddd
   1068  3     A94E 8E   DDDD            LDX #$dddd
   1069  4     A951 108E DDDD            LDY #$dddd
   1070  5+6   A955 36   36              PSHU D,X,Y
   1071  4+1   A957 33   C8 28           LEAU 40,U
   1072
   1073  4+1   A95A A6   46              LDA 6,U
   1074  5+1   A95C 34   02              PSHS A
   1075  2     A95E 84   0F              ANDA #$0F
   1076  2     A960 8A   10              ORA #$10
   1077  4+1   A962 A7   46              STA 6,U
   1078  5+6   A964 37   36              PULU D,X,Y
   1079  5+8   A966 34   76              PSHS U,Y,X,D
   1080  3     A968 CC   DDDD            LDD #$dddd
   1081  3     A96B 8E   DDDD            LDX #$dddd
   1082  4     A96E 108E DDDD            LDY #$dddd
   1083  5+6   A972 36   36              PSHU D,X,Y
   1084  4+1   A974 33   C8 28           LEAU 40,U
   1085
   1086  4+1   A977 A6   46              LDA 6,U
   1087  5+1   A979 34   02              PSHS A
   1088  2     A97B 84   0F              ANDA #$0F
   1089  2     A97D 8A   10              ORA #$10
   1090  4+1   A97F A7   46              STA 6,U
   1091  5+6   A981 37   36              PULU D,X,Y
   1092  5+8   A983 34   76              PSHS U,Y,X,D
   1093  3     A985 CC   DDDD            LDD #$dddd
   1094  3     A988 8E   DDDD            LDX #$dddd
   1095  4     A98B 108E DDD1            LDY #$ddd1
   1096  5+6   A98F 36   36              PSHU D,X,Y
   1097  4+1   A991 33   C8 28           LEAU 40,U
   1098
   1099  4+1   A994 A6   46              LDA 6,U
   1100  5+1   A996 34   02              PSHS A
   1101  2     A998 84   0F              ANDA #$0F
   1102  2     A99A 8A   10              ORA #$10
   1103  4+1   A99C A7   46              STA 6,U
   1104  5+6   A99E 37   36              PULU D,X,Y
   1105  5+8   A9A0 34   76              PSHS U,Y,X,D
   1106  3     A9A2 CC   DDDD            LDD #$dddd
   1107  3     A9A5 8E   DDDD            LDX #$dddd
   1108  4     A9A8 108E DDD1            LDY #$ddd1
   1109  5+6   A9AC 36   36              PSHU D,X,Y
   1110  4+1   A9AE 33   C8 28           LEAU 40,U
   1111
   1112  5+6   A9B1 37   36              PULU D,X,Y
   1113  5+8   A9B3 34   76              PSHS U,Y,X,D
   1114  3     A9B5 CC   DDDD            LDD #$dddd
   1115  3     A9B8 8E   DDDD            LDX #$dddd
   1116  4     A9BB 108E DDDD            LDY #$dddd
   1117  5+6   A9BF 36   36              PSHU D,X,Y
   1118  4+1   A9C1 33   C8 28           LEAU 40,U
   1119
   1120  5+6   A9C4 37   36              PULU D,X,Y
   1121  5+8   A9C6 34   76              PSHS U,Y,X,D
   1122  3     A9C8 CC   DDDD            LDD #$dddd
   1123  3     A9CB 8E   DDDD            LDX #$dddd
   1124  4     A9CE 108E DDDD            LDY #$dddd
   1125  5+6   A9D2 36   36              PSHU D,X,Y
   1126  4+1   A9D4 33   C8 28           LEAU 40,U
   1127
   1128  5+6   A9D7 37   36              PULU D,X,Y
   1129  5+8   A9D9 34   76              PSHS U,Y,X,D
   1130  3     A9DB CC   DDDD            LDD #$dddd
   1131  3     A9DE 8E   DDDD            LDX #$dddd
   1132  4     A9E1 108E DDCD            LDY #$ddcd
   1133  5+6   A9E5 36   36              PSHU D,X,Y
   1134  4+1   A9E7 33   C8 28           LEAU 40,U
   1135
   1136  5+6   A9EA 37   36              PULU D,X,Y
   1137  5+8   A9EC 34   76              PSHS U,Y,X,D
   1138  3     A9EE CC   DDDD            LDD #$dddd
   1139  3     A9F1 8E   DDCD            LDX #$ddcd
   1140  4     A9F4 108E DDBD            LDY #$ddbd
   1141  5+6   A9F8 36   36              PSHU D,X,Y
   1142  4+1   A9FA 33   C8 28           LEAU 40,U
   1143
   1144  4+1   A9FD A6   46              LDA 6,U
   1145  5+1   A9FF 34   02              PSHS A
   1146  2     AA01 84   0F              ANDA #$0F
   1147  2     AA03 8A   D0              ORA #$d0
   1148  4+1   AA05 A7   46              STA 6,U
   1149  5+6   AA07 37   36              PULU D,X,Y
   1150  5+8   AA09 34   76              PSHS U,Y,X,D
   1151  3     AA0B CC   DDDD            LDD #$dddd
   1152  3     AA0E 8E   DDBC            LDX #$ddbc
   1153  4     AA11 108E DDBD            LDY #$ddbd
   1154  5+6   AA15 36   36              PSHU D,X,Y
   1155  4+1   AA17 33   C8 28           LEAU 40,U
   1156
   1157  4+1   AA1A A6   46              LDA 6,U
   1158  5+1   AA1C 34   02              PSHS A
   1159  4+1   AA1E E7   46              STB 6,U
   1160  5+6   AA20 37   36              PULU D,X,Y
   1161  5+8   AA22 34   76              PSHS U,Y,X,D
   1162  3     AA24 CC   DDDD            LDD #$dddd
   1163  3     AA27 8E   DD0B            LDX #$dd0b
   1164  4     AA2A 108E DDCD            LDY #$ddcd
   1165  5+6   AA2E 36   36              PSHU D,X,Y
   1166  4+1   AA30 33   C8 28           LEAU 40,U
   1167
   1168  5+1   AA33 EC   46              LDD 6,U
   1169  5+2   AA35 34   06              PSHS D
   1170  2     AA37 86   DD              LDA #$dd
   1171  2     AA39 C4   0F              ANDB #$0F
   1172  2     AA3B CA   D0              ORB #$d0
   1173  5+1   AA3D ED   46              STD 6,U
   1174  5+6   AA3F 37   36              PULU D,X,Y
   1175  5+8   AA41 34   76              PSHS U,Y,X,D
   1176  3     AA43 CC   DDDD            LDD #$dddd
   1177  3     AA46 8E   DB00            LDX #$db00
   1178  4     AA49 108E DDCD            LDY #$ddcd
   1179  5+6   AA4D 36   36              PSHU D,X,Y
   1180  4+1   AA4F 33   C8 28           LEAU 40,U
   1181
   1182  5+1   AA52 AE   46              LDX 6,U
   1183  5+2   AA54 34   10              PSHS X
   1184  5+1   AA56 ED   46              STD 6,U
   1185  5+6   AA58 37   36              PULU D,X,Y
   1186  5+8   AA5A 34   76              PSHS U,Y,X,D
   1187  3     AA5C CC   DDDD            LDD #$dddd
   1188  3     AA5F 8E   DB00            LDX #$db00
   1189  4     AA62 108E DDDD            LDY #$dddd
   1190  5+6   AA66 36   36              PSHU D,X,Y
   1191  4+1   AA68 33   C8 28           LEAU 40,U
   1192
   1193  5+1   AA6B AE   46              LDX 6,U
   1194  5+2   AA6D 34   10              PSHS X
   1195  5+1   AA6F ED   46              STD 6,U
   1196  5+6   AA71 37   36              PULU D,X,Y
   1197  5+8   AA73 34   76              PSHS U,Y,X,D
   1198  3     AA75 CC   DDDD            LDD #$dddd
   1199  3     AA78 8E   D000            LDX #$d000
   1200  4     AA7B 108E DDDD            LDY #$dddd
   1201  5+6   AA7F 36   36              PSHU D,X,Y
   1202  4+1   AA81 33   C8 28           LEAU 40,U
   1203
   1204  5+1   AA84 AE   46              LDX 6,U
   1205  5+2   AA86 34   10              PSHS X
   1206  5+1   AA88 ED   46              STD 6,U
   1207  5+6   AA8A 37   36              PULU D,X,Y
   1208  5+8   AA8C 34   76              PSHS U,Y,X,D
   1209  3     AA8E CC   DDDD            LDD #$dddd
   1210  3     AA91 8E   B000            LDX #$b000
   1211  4     AA94 108E DDDD            LDY #$dddd
   1212  5+6   AA98 36   36              PSHU D,X,Y
   1213  4+1   AA9A 33   C8 28           LEAU 40,U
   1214
   1215  5+1   AA9D AE   46              LDX 6,U
   1216  5+2   AA9F 34   10              PSHS X
   1217  5+1   AAA1 ED   46              STD 6,U
   1218  5+6   AAA3 37   36              PULU D,X,Y
   1219  5+8   AAA5 34   76              PSHS U,Y,X,D
   1220  3     AAA7 CC   DDDD            LDD #$dddd
   1221  3     AAAA 8E   0000            LDX #$0000
   1222  4     AAAD 108E DDDD            LDY #$dddd
   1223  5+6   AAB1 36   36              PSHU D,X,Y
   1224  4+1   AAB3 33   C8 28           LEAU 40,U
   1225
   1226  5+1   AAB6 AE   46              LDX 6,U
   1227  5+2   AAB8 34   10              PSHS X
   1228  5+1   AABA ED   46              STD 6,U
   1229  5+6   AABC 37   36              PULU D,X,Y
   1230  5+8   AABE 34   76              PSHS U,Y,X,D
   1231  3     AAC0 CC   DDDD            LDD #$dddd
   1232  3     AAC3 8E   0000            LDX #$0000
   1233  4     AAC6 108E DDDD            LDY #$dddd
   1234  5+6   AACA 36   36              PSHU D,X,Y
   1235  4+1   AACC 33   C8 28           LEAU 40,U
   1236
   1237  5+1   AACF AE   46              LDX 6,U
   1238  5+2   AAD1 34   10              PSHS X
   1239  5+1   AAD3 ED   46              STD 6,U
   1240  4+1   AAD5 A6   48              LDA 8,U
   1241  5+1   AAD7 34   02              PSHS A
   1242  2     AAD9 84   0F              ANDA #$0F
   1243  2     AADB 8A   D0              ORA #$d0
   1244  4+1   AADD A7   48              STA 8,U
   1245  5+6   AADF 37   36              PULU D,X,Y
   1246  5+8   AAE1 34   76              PSHS U,Y,X,D
   1247  3     AAE3 CC   BDDD            LDD #$bddd
   1248  3     AAE6 8E   00C0            LDX #$00c0
   1249  4     AAE9 108E DDDD            LDY #$dddd
   1250  5+6   AAED 36   36              PSHU D,X,Y
   1251  4+1   AAEF 33   C8 28           LEAU 40,U
   1252
   1253  5+1   AAF2 AE   46              LDX 6,U
   1254  5+2   AAF4 34   10              PSHS X
   1255  6+1   AAF6 10AF 46              STY 6,U
   1256  4+1   AAF9 A6   48              LDA 8,U
   1257  5+1   AAFB 34   02              PSHS A
   1258  2     AAFD 84   0F              ANDA #$0F
   1259  2     AAFF 8A   D0              ORA #$d0
   1260  4+1   AB01 A7   48              STA 8,U
   1261  5+6   AB03 37   36              PULU D,X,Y
   1262  5+8   AB05 34   76              PSHS U,Y,X,D
   1263  3     AB07 CC   BDDD            LDD #$bddd
   1264  3     AB0A 8E   00C0            LDX #$00c0
   1265  4     AB0D 108E DDDD            LDY #$dddd
   1266  5+6   AB11 36   36              PSHU D,X,Y
   1267  4+1   AB13 33   C8 28           LEAU 40,U
   1268
   1269  5+1   AB16 AE   46              LDX 6,U
   1270  5+2   AB18 34   10              PSHS X
   1271  6+1   AB1A 10AF 46              STY 6,U
   1272  4+1   AB1D A6   48              LDA 8,U
   1273  5+1   AB1F 34   02              PSHS A
   1274  2     AB21 84   0F              ANDA #$0F
   1275  2     AB23 8A   D0              ORA #$d0
   1276  4+1   AB25 A7   48              STA 8,U
   1277  5+6   AB27 37   36              PULU D,X,Y
   1278  5+8   AB29 34   76              PSHS U,Y,X,D
   1279  3     AB2B CC   BDDD            LDD #$bddd
   1280  3     AB2E 8E   0010            LDX #$0010
   1281  4     AB31 108E DDDD            LDY #$dddd
   1282  5+6   AB35 36   36              PSHU D,X,Y
   1283  4+1   AB37 33   C8 28           LEAU 40,U
   1284
   1285  5+6   AB3A 37   36              PULU D,X,Y
   1286  5+8   AB3C 34   76              PSHS U,Y,X,D
   1287  3     AB3E CC   0BDD            LDD #$0bdd
   1288  3     AB41 8E   0010            LDX #$0010
   1289  4     AB44 108E DDDD            LDY #$dddd
   1290  5+6   AB48 36   36              PSHU D,X,Y
   1291  4+1   AB4A 33   46              LEAU 6,U
   1292
   1293  5+3   AB4C 37   12              PULU A,X
   1294  5+5   AB4E 34   52              PSHS U,X,A
   1295  5+3   AB50 36   24              PSHU B,Y
   1296  4+1   AB52 33   C8 22           LEAU 34,U
   1297
   1298  5+6   AB55 37   36              PULU D,X,Y
   1299  5+8   AB57 34   76              PSHS U,Y,X,D
   1300  3     AB59 CC   0BDD            LDD #$0bdd
   1301  3     AB5C 8E   0010            LDX #$0010
   1302  4     AB5F 108E DDDD            LDY #$dddd
   1303  5+6   AB63 36   36              PSHU D,X,Y
   1304  4+1   AB65 33   46              LEAU 6,U
   1305
   1306  5+3   AB67 37   12              PULU A,X
   1307  5+5   AB69 34   52              PSHS U,X,A
   1308  3     AB6B 8E   DD1D            LDX #$dd1d
   1309  5+3   AB6E 36   14              PSHU B,X
   1310  4+1   AB70 33   C8 22           LEAU 34,U
   1311
   1312  5+1   AB73 AE   46              LDX 6,U
   1313  5+2   AB75 34   10              PSHS X
   1314  6+1   AB77 10AF 46              STY 6,U
   1315  5+6   AB7A 37   36              PULU D,X,Y
   1316  5+8   AB7C 34   76              PSHS U,Y,X,D
   1317  3     AB7E CC   B0DD            LDD #$b0dd
   1318  3     AB81 8E   0010            LDX #$0010
   1319  4     AB84 108E 44DD            LDY #$44dd
   1320  5+6   AB88 36   36              PSHU D,X,Y
   1321  4+1   AB8A 33   C8 28           LEAU 40,U
   1322
   1323  5+1   AB8D AE   46              LDX 6,U
   1324  5+2   AB8F 34   10              PSHS X
   1325  2     AB91 86   DD              LDA #$dd
   1326  5+1   AB93 ED   46              STD 6,U
   1327  5+6   AB95 37   36              PULU D,X,Y
   1328  5+8   AB97 34   76              PSHS U,Y,X,D
   1329  3     AB99 CC   C0DD            LDD #$c0dd
   1330  3     AB9C 8E   0010            LDX #$0010
   1331  4     AB9F 108E 40DD            LDY #$40dd
   1332  5+6   ABA3 36   36              PSHU D,X,Y
   1333  4+1   ABA5 33   C8 28           LEAU 40,U
   1334
   1335  5+1   ABA8 AE   46              LDX 6,U
   1336  5+2   ABAA 34   10              PSHS X
   1337  3     ABAC CC   DDD1            LDD #$ddd1
   1338  5+1   ABAF ED   46              STD 6,U
   1339  5+6   ABB1 37   36              PULU D,X,Y
   1340  5+8   ABB3 34   76              PSHS U,Y,X,D
   1341  3     ABB5 CC   D0DD            LDD #$d0dd
   1342  3     ABB8 8E   0010            LDX #$0010
   1343  4     ABBB 108E 40DD            LDY #$40dd
   1344  5+6   ABBF 36   36              PSHU D,X,Y
   1345  4+1   ABC1 33   C8 28           LEAU 40,U
   1346
   1347  5+1   ABC4 EC   46              LDD 6,U
   1348  5+2   ABC6 34   06              PSHS D
   1349  2     ABC8 86   DD              LDA #$dd
   1350  2     ABCA C4   0F              ANDB #$0F
   1351  2     ABCC CA   10              ORB #$10
   1352  5+1   ABCE ED   46              STD 6,U
   1353  5+1   ABD0 EC   C8 28           LDD 40,U
   1354  5+2   ABD3 34   06              PSHS D
   1355  2     ABD5 84   F0              ANDA #$F0
   1356  2     ABD7 8A   00              ORA #$00
   1357  2     ABD9 C6   10              LDB #$10
   1358  5+1   ABDB ED   C8 28           STD 40,U
   1359  5+6   ABDE 37   36              PULU D,X,Y
   1360  5+8   ABE0 34   76              PSHS U,Y,X,D
   1361  3     ABE2 CC   D0BB            LDD #$d0bb
   1362  3     ABE5 8E   0010            LDX #$0010
   1363  4     ABE8 108E 44DD            LDY #$44dd
   1364  5+6   ABEC 36   36              PSHU D,X,Y
   1365  4+1   ABEE 33   C8 2A           LEAU 42,U
   1366
   1367  5+1   ABF1 EC   C8 26           LDD 38,U
   1368  5+2   ABF4 34   06              PSHS D
   1369  2     ABF6 84   F0              ANDA #$F0
   1370  2     ABF8 8A   0C              ORA #$0c
   1371  2     ABFA C6   10              LDB #$10
   1372  5+1   ABFC ED   C8 26           STD 38,U
   1373  4+1   ABFF A6   45              LDA 5,U
   1374  5+1   AC01 34   02              PSHS A
   1375  2     AC03 84   0F              ANDA #$0F
   1376  2     AC05 8A   10              ORA #$10
   1377  4+1   AC07 A7   45              STA 5,U
   1378  5+5   AC09 37   32              PULU A,X,Y
   1379  5+7   AC0B 34   72              PSHS U,Y,X,A
   1380  2     AC0D 86   00              LDA #$00
   1381  3     AC0F 8E   C044            LDX #$c044
   1382  4     AC12 108E DDDD            LDY #$dddd
   1383  5+5   AC16 36   32              PSHU A,X,Y
   1384  4+1   AC18 33   C8 28           LEAU 40,U
   1385
   1386  5+1   AC1B EC   C8 26           LDD 38,U
   1387  5+2   AC1E 34   06              PSHS D
   1388  2     AC20 84   F0              ANDA #$F0
   1389  2     AC22 8A   0D              ORA #$0d
   1390  2     AC24 C6   10              LDB #$10
   1391  5+1   AC26 ED   C8 26           STD 38,U
   1392  5+5   AC29 37   32              PULU A,X,Y
   1393  5+7   AC2B 34   72              PSHS U,Y,X,A
   1394  2     AC2D 86   00              LDA #$00
   1395  3     AC2F 8E   0045            LDX #$0045
   1396  4     AC32 108E DDDD            LDY #$dddd
   1397  5+5   AC36 36   32              PSHU A,X,Y
   1398  4+1   AC38 33   C8 28           LEAU 40,U
   1399
   1400  5+5   AC3B 37   32              PULU A,X,Y
   1401  5+7   AC3D 34   72              PSHS U,Y,X,A
   1402  2     AC3F 86   00              LDA #$00
   1403  3     AC41 8E   0044            LDX #$0044
   1404  4     AC44 108E DDDD            LDY #$dddd
   1405  5+5   AC48 36   32              PSHU A,X,Y
   1406  4+1   AC4A 33   C8 27           LEAU 39,U
   1407
   1408  5+6   AC4D 37   36              PULU D,X,Y
   1409  5+8   AC4F 34   76              PSHS U,Y,X,D
   1410  3     AC51 CC   1400            LDD #$1400
   1411  3     AC54 8E   0444            LDX #$0444
   1412  4     AC57 108E DDDD            LDY #$dddd
   1413  5+6   AC5B 36   36              PSHU D,X,Y
   1414  4+1   AC5D 33   C8 28           LEAU 40,U
   1415
   1416  5+6   AC60 37   36              PULU D,X,Y
   1417  5+8   AC62 34   76              PSHS U,Y,X,D
   1418  3     AC64 CC   BC00            LDD #$bc00
   1419  3     AC67 8E   4454            LDX #$4454
   1420  4     AC6A 108E DDDD            LDY #$dddd
   1421  5+6   AC6E 36   36              PSHU D,X,Y
   1422  4+1   AC70 33   C8 27           LEAU 39,U
   1423
   1424  5+1   AC73 EC   46              LDD 6,U
   1425  5+2   AC75 34   06              PSHS D
   1426  2     AC77 86   DD              LDA #$dd
   1427  2     AC79 C4   0F              ANDB #$0F
   1428  2     AC7B CA   D0              ORB #$d0
   1429  5+1   AC7D ED   46              STD 6,U
   1430  5+6   AC7F 37   36              PULU D,X,Y
   1431  5+8   AC81 34   76              PSHS U,Y,X,D
   1432  3     AC83 CC   C114            LDD #$c114
   1433  3     AC86 8E   B044            LDX #$b044
   1434  4     AC89 108E 44DD            LDY #$44dd
   1435  5+6   AC8D 36   36              PSHU D,X,Y
   1436  4+1   AC8F 33   C8 28           LEAU 40,U
   1437
   1438  5+1   AC92 EC   46              LDD 6,U
   1439  5+2   AC94 34   06              PSHS D
   1440  2     AC96 86   DD              LDA #$dd
   1441  2     AC98 C4   0F              ANDB #$0F
   1442  2     AC9A CA   D0              ORB #$d0
   1443  5+1   AC9C ED   46              STD 6,U
   1444  5+6   AC9E 37   36              PULU D,X,Y
   1445  5+8   ACA0 34   76              PSHS U,Y,X,D
   1446  3     ACA2 CC   1014            LDD #$1014
   1447  3     ACA5 8E   4444            LDX #$4444
   1448  4     ACA8 108E 44DD            LDY #$44dd
   1449  5+6   ACAC 36   36              PSHU D,X,Y
   1450  4+1   ACAE 33   C8 28           LEAU 40,U
   1451
   1452  5+1   ACB1 EC   46              LDD 6,U
   1453  5+2   ACB3 34   06              PSHS D
   1454  2     ACB5 86   DD              LDA #$dd
   1455  2     ACB7 C4   0F              ANDB #$0F
   1456  2     ACB9 CA   D0              ORB #$d0
   1457  5+1   ACBB ED   46              STD 6,U
   1458  5+1   ACBD EC   C8 28           LDD 40,U
   1459  5+2   ACC0 34   06              PSHS D
   1460  2     ACC2 84   F0              ANDA #$F0
   1461  2     ACC4 8A   01              ORA #$01
   1462  2     ACC6 C6   C4              LDB #$c4
   1463  5+1   ACC8 ED   C8 28           STD 40,U
   1464  5+6   ACCB 37   36              PULU D,X,Y
   1465  5+8   ACCD 34   76              PSHS U,Y,X,D
   1466  3     ACCF CC   1114            LDD #$1114
   1467  3     ACD2 8E   4444            LDX #$4444
   1468  4     ACD5 108E 44DD            LDY #$44dd
   1469  5+6   ACD9 36   36              PSHU D,X,Y
   1470  4+1   ACDB 33   C8 2A           LEAU 42,U
   1471
   1472  5+1   ACDE EC   C8 26           LDD 38,U
   1473  5+2   ACE1 34   06              PSHS D
   1474  2     ACE3 84   F0              ANDA #$F0
   1475  2     ACE5 8A   0B              ORA #$0b
   1476  2     ACE7 C6   34              LDB #$34
   1477  5+1   ACE9 ED   C8 26           STD 38,U
   1478  5+6   ACEC 37   36              PULU D,X,Y
   1479  5+8   ACEE 34   76              PSHS U,Y,X,D
   1480  3     ACF0 CC   4444            LDD #$4444
   1481  3     ACF3 8E   44DD            LDX #$44dd
   1482  4     ACF6 108E DDDD            LDY #$dddd
   1483  5+6   ACFA 36   36              PSHU D,X,Y
   1484  4+1   ACFC 33   C8 28           LEAU 40,U
   1485
   1486  5+1   ACFF EC   C8 27           LDD 39,U
   1487  5+2   AD02 34   06              PSHS D
   1488  2     AD04 84   F0              ANDA #$F0
   1489  2     AD06 8A   03              ORA #$03
   1490  2     AD08 C6   44              LDB #$44
   1491  5+1   AD0A ED   C8 27           STD 39,U
   1492  5+6   AD0D 37   36              PULU D,X,Y
   1493  5+8   AD0F 34   76              PSHS U,Y,X,D
   1494  3     AD11 CC   4444            LDD #$4444
   1495  3     AD14 8E   45DD            LDX #$45dd
   1496  4     AD17 108E DDDD            LDY #$dddd
   1497  5+6   AD1B 36   36              PSHU D,X,Y
   1498  4+1   AD1D 33   C8 29           LEAU 41,U
   1499
   1500  5+5   AD20 37   32              PULU A,X,Y
   1501  5+7   AD22 34   72              PSHS U,Y,X,A
   1502  3     AD24 8E   5DDD            LDX #$5ddd
   1503  4     AD27 108E DDDD            LDY #$dddd
   1504  5+5   AD2B 36   34              PSHU B,X,Y
   1505  4+1   AD2D 33   C8 27           LEAU 39,U
   1506
   1507  5+6   AD30 37   36              PULU D,X,Y
   1508  5+8   AD32 34   76              PSHS U,Y,X,D
   1509  3     AD34 CC   4444            LDD #$4444
   1510  3     AD37 8E   31DD            LDX #$31dd
   1511  4     AD3A 108E DDDD            LDY #$dddd
   1512  5+6   AD3E 36   36              PSHU D,X,Y
   1513  4+1   AD40 33   C8 28           LEAU 40,U
   1514
   1515  5+6   AD43 37   36              PULU D,X,Y
   1516  5+8   AD45 34   76              PSHS U,Y,X,D
   1517  3     AD47 CC   4444            LDD #$4444
   1518  3     AD4A 8E   1DD1            LDX #$1dd1
   1519  4     AD4D 108E DDDD            LDY #$dddd
   1520  5+6   AD51 36   36              PSHU D,X,Y
   1521  4+1   AD53 33   C8 28           LEAU 40,U
   1522
   1523  5+1   AD56 EC   C8 28           LDD 40,U
   1524  5+2   AD59 34   06              PSHS D
   1525  2     AD5B 84   F0              ANDA #$F0
   1526  2     AD5D 8A   05              ORA #$05
   1527  2     AD5F C6   31              LDB #$31
   1528  5+1   AD61 ED   C8 28           STD 40,U
   1529  5+6   AD64 37   36              PULU D,X,Y
   1530  5+8   AD66 34   76              PSHS U,Y,X,D
   1531  3     AD68 CC   5445            LDD #$5445
   1532  3     AD6B 8E   1DD1            LDX #$1dd1
   1533  4     AD6E 108E DDDD            LDY #$dddd
   1534  5+6   AD72 36   36              PSHU D,X,Y
   1535  4+1   AD74 33   C8 2A           LEAU 42,U
   1536
   1537  5+4   AD77 37   30              PULU X,Y
   1538  5+6   AD79 34   70              PSHS U,Y,X
   1539  3     AD7B CC   DDD5            LDD #$ddd5
   1540  3     AD7E 8E   DDDD            LDX #$dddd
   1541  5+4   AD81 36   16              PSHU D,X
   1542  4+1   AD83 33   C8 27           LEAU 39,U
   1543
   1544  5+5   AD86 37   32              PULU A,X,Y
   1545  5+7   AD88 34   72              PSHS U,Y,X,A
   1546  2     AD8A 86   33              LDA #$33
   1547  3     AD8C 8E   5D54            LDX #$5d54
   1548  4     AD8F 108E DDDD            LDY #$dddd
   1549  5+5   AD93 36   32              PSHU A,X,Y
   1550  4+1   AD95 33   C8 28           LEAU 40,U
   1551
   1552  5+1   AD98 EC   C8 27           LDD 39,U
   1553  5+2   AD9B 34   06              PSHS D
   1554  2     AD9D 84   F0              ANDA #$F0
   1555  2     AD9F 8A   03              ORA #$03
   1556  2     ADA1 C6   54              LDB #$54
   1557  5+1   ADA3 ED   C8 27           STD 39,U
   1558  5+5   ADA6 37   32              PULU A,X,Y
   1559  5+7   ADA8 34   72              PSHS U,Y,X,A
   1560  2     ADAA 86   55              LDA #$55
   1561  3     ADAC 8E   4540            LDX #$4540
   1562  4     ADAF 108E 11DD            LDY #$11dd
   1563  5+5   ADB3 36   32              PSHU A,X,Y
   1564  4+1   ADB5 33   C8 29           LEAU 41,U
   1565
   1566  5+1   ADB8 EC   C8 26           LDD 38,U
   1567  5+2   ADBB 34   06              PSHS D
   1568  2     ADBD 84   F0              ANDA #$F0
   1569  2     ADBF 8A   03              ORA #$03
   1570  2     ADC1 C6   44              LDB #$44
   1571  5+1   ADC3 ED   C8 26           STD 38,U
   1572  5+4   ADC6 37   30              PULU X,Y
   1573  5+6   ADC8 34   70              PSHS U,Y,X
   1574  3     ADCA CC   4440            LDD #$4440
   1575  3     ADCD 8E   11DD            LDX #$11dd
   1576  5+4   ADD0 36   16              PSHU D,X
   1577  4+1   ADD2 33   C8 28           LEAU 40,U
   1578
   1579  5+1   ADD5 EC   C8 26           LDD 38,U
   1580  5+2   ADD8 34   06              PSHS D
   1581  2     ADDA 84   F0              ANDA #$F0
   1582  2     ADDC 8A   05              ORA #$05
   1583  2     ADDE C6   44              LDB #$44
   1584  5+1   ADE0 ED   C8 26           STD 38,U
   1585  5+4   ADE3 37   30              PULU X,Y
   1586  5+6   ADE5 34   70              PSHS U,Y,X
   1587  3     ADE7 CC   4444            LDD #$4444
   1588  3     ADEA 8E   11DD            LDX #$11dd
   1589  5+4   ADED 36   16              PSHU D,X
   1590  4+1   ADEF 33   C8 28           LEAU 40,U
   1591
   1592  5+4   ADF2 37   30              PULU X,Y
   1593  5+6   ADF4 34   70              PSHS U,Y,X
   1594  3     ADF6 CC   4054            LDD #$4054
   1595  3     ADF9 8E   511D            LDX #$511d
   1596  5+4   ADFC 36   16              PSHU D,X
   1597  4+1   ADFE 33   C8 26           LEAU 38,U
   1598
   1599  5+1   AE01 EC   45              LDD 5,U
   1600  5+2   AE03 34   06              PSHS D
   1601  2     AE05 84   F0              ANDA #$F0
   1602  2     AE07 C4   0F              ANDB #$0F
   1603  4     AE09 C3   01D0            ADDD #$01d0
   1604  5+1   AE0C ED   45              STD 5,U
   1605  5+5   AE0E 37   32              PULU A,X,Y
   1606  5+7   AE10 34   72              PSHS U,Y,X,A
   1607  2     AE12 86   35              LDA #$35
   1608  3     AE14 8E   4400            LDX #$4400
   1609  4     AE17 108E 3441            LDY #$3441
   1610  5+5   AE1B 36   32              PSHU A,X,Y
   1611  4+1   AE1D 33   C8 28           LEAU 40,U
   1612
   1613  4+1   AE20 A6   46              LDA 6,U
   1614  5+1   AE22 34   02              PSHS A
   1615  2     AE24 84   0F              ANDA #$0F
   1616  2     AE26 8A   D0              ORA #$d0
   1617  4+1   AE28 A7   46              STA 6,U
   1618  5+5   AE2A 37   32              PULU A,X,Y
   1619  5+7   AE2C 34   72              PSHS U,Y,X,A
   1620  2     AE2E 86   35              LDA #$35
   1621  3     AE30 8E   4400            LDX #$4400
   1622  4     AE33 108E 3445            LDY #$3445
   1623  5+5   AE37 36   32              PSHU A,X,Y
   1624  4+1   AE39 33   C8 28           LEAU 40,U
   1625
   1626  4+1   AE3C A6   46              LDA 6,U
   1627  5+1   AE3E 34   02              PSHS A
   1628  2     AE40 84   0F              ANDA #$0F
   1629  2     AE42 8A   10              ORA #$10
   1630  4+1   AE44 A7   46              STA 6,U
   1631  5+5   AE46 37   32              PULU A,X,Y
   1632  5+7   AE48 34   72              PSHS U,Y,X,A
   1633  2     AE4A 86   55              LDA #$55
   1634  3     AE4C 8E   4440            LDX #$4440
   1635  4     AE4F 108E 1544            LDY #$1544
   1636  5+5   AE53 36   32              PSHU A,X,Y
   1637  4+1   AE55 33   C8 28           LEAU 40,U
   1638
   1639  5+5   AE58 37   32              PULU A,X,Y
   1640  5+7   AE5A 34   72              PSHS U,Y,X,A
   1641  2     AE5C 86   54              LDA #$54
   1642  3     AE5E 8E   4444            LDX #$4444
   1643  4     AE61 108E 1344            LDY #$1344
   1644  5+5   AE65 36   32              PSHU A,X,Y
   1645  4+1   AE67 33   C8 28           LEAU 40,U
   1646
   1647  5+5   AE6A 37   32              PULU A,X,Y
   1648  5+7   AE6C 34   72              PSHS U,Y,X,A
   1649  2     AE6E 86   54              LDA #$54
   1650  3     AE70 8E   4444            LDX #$4444
   1651  4     AE73 108E D144            LDY #$d144
   1652  5+5   AE77 36   32              PSHU A,X,Y
   1653  4+1   AE79 33   C8 28           LEAU 40,U
   1654
   1655  5+5   AE7C 37   32              PULU A,X,Y
   1656  5+7   AE7E 34   72              PSHS U,Y,X,A
   1657  2     AE80 86   54              LDA #$54
   1658  3     AE82 8E   4444            LDX #$4444
   1659  4     AE85 108E DD44            LDY #$dd44
   1660  5+5   AE89 36   32              PSHU A,X,Y
   1661  4+1   AE8B 33   C8 28           LEAU 40,U
   1662
   1663  5+5   AE8E 37   32              PULU A,X,Y
   1664  5+7   AE90 34   72              PSHS U,Y,X,A
   1665  2     AE92 86   44              LDA #$44
   1666  3     AE94 8E   4444            LDX #$4444
   1667  4     AE97 108E DD44            LDY #$dd44
   1668  5+5   AE9B 36   32              PSHU A,X,Y
   1669  4+1   AE9D 33   C8 28           LEAU 40,U
   1670
   1671  5+5   AEA0 37   32              PULU A,X,Y
   1672  5+7   AEA2 34   72              PSHS U,Y,X,A
   1673  2     AEA4 86   44              LDA #$44
   1674  3     AEA6 8E   4444            LDX #$4444
   1675  4     AEA9 108E DD44            LDY #$dd44
   1676  5+5   AEAD 36   32              PSHU A,X,Y
   1677  4+1   AEAF 33   C8 29           LEAU 41,U
   1678
   1679  5+1   AEB2 EC   C8 2A           LDD 42,U
   1680  5+2   AEB5 34   06              PSHS D
   1681  2     AEB7 84   F0              ANDA #$F0
   1682  2     AEB9 8A   0D              ORA #$0d
   1683  2     AEBB C6   14              LDB #$14
   1684  5+1   AEBD ED   C8 2A           STD 42,U
   1685  4+1   AEC0 A6   C8 53           LDA 83,U
   1686  5+1   AEC3 34   02              PSHS A
   1687  2     AEC5 84   F0              ANDA #$F0
   1688  2     AEC7 8A   05              ORA #$05
   1689  4+1   AEC9 A7   C8 53           STA 83,U
   1690  5+4   AECC 37   30              PULU X,Y
   1691  5+6   AECE 34   70              PSHS U,Y,X
   1692  3     AED0 CC   4444            LDD #$4444
   1693  3     AED3 8E   DD54            LDX #$dd54
   1694  5+4   AED6 36   16              PSHU D,X
   1695  4+0   AED8 33   E4              LEAU ,S
   1696        AEDA               SSAV_Img_sonic_4
   1697  4     AEDA 10CE 0000            LDS #$0000
   1698  5     AEDE 39                   RTS
   1699
----------------
9405 cycle(s)
3807 byte(s)
----------------
   1701

000000 Total Errors

000003 Total Symbols
     0x          Label A000 BCKDRAW_Img_sonic_4
     1x          Label A78C DYN_POS
     1x          Label AEDA SSAV_Img_sonic_4

