/*--------------------------------------------------------------*
 * Compilé avec C6809 v0.83                                     *
 *--------------------------------------------------------------*
 * Fichier source      : ./Sonic2/GeneratedCode/TitleScreen/Img_star_3_NB0_Erase.ASM
 * Fichier destination : ./Sonic2/GeneratedCode/TitleScreen/Img_star_3_NB0_Erase.BIN
 * Contenu :
 *     Main     0:IMGE.ASM     630
 *--------------------------------------------------------------*/

Macro Pass
Pass1
Pass2
      2        A000                      ORG $A000
      3                  FF              SETDP $FF
      4        A000               ERASE_Img_star_3
      5  6+5   A000 10EF 8D 0056         STS ERASE_SSAV_Img_star_3+1,PCR
      6
      7  4+0   A005 32   C4              LEAS ,U
      8        A007               ERASE_CODE_Img_star_3_1
      9  5+3   A007 35   42              PULS A,U
     10  4+1   A009 A7   C8 50           STA 80,U
     11
     12  5+2   A00C 35   06              PULS A,B
     13  4+1   A00E A7   C8 28           STA 40,U
     14  4+1   A011 E7   C8 D8           STB -40,U
     15
     16  5+3   A014 35   12              PULS A,X
     17  4+1   A016 A7   C8 B0           STA -80,U
     18  5+0   A019 AF   C4              STX ,U
     19
     20  5+3   A01B 35   42              PULS A,U
     21  4+0   A01D A7   C4              STA ,U
     22
     23  5+3   A01F 35   42              PULS A,U
     24  4+1   A021 A7   C8 78           STA 120,U
     25
     26  5+2   A024 35   06              PULS A,B
     27  4+1   A026 A7   C8 50           STA 80,U
     28  4+1   A029 E7   C8 28           STB 40,U
     29
     30  5+2   A02C 35   06              PULS A,B
     31  4+1   A02E A7   C8 D8           STA -40,U
     32  4+0   A031 E7   C4              STB ,U
     33
     34  5+3   A033 35   12              PULS A,X
     35  4+1   A035 A7   C8 B0           STA -80,U
     36  5+1   A038 AF   C8 87           STX -121,U
     37
     38  5+4   A03B 35   46              PULS A,B,U
     39  4+1   A03D A7   C8 50           STA 80,U
     40  4+1   A040 E7   C8 78           STB 120,U
     41
     42  5+2   A043 35   06              PULS A,B
     43  4+1   A045 A7   C8 28           STA 40,U
     44  4+0   A048 E7   C4              STB ,U
     45
     46  5+2   A04A 35   06              PULS A,B
     47  4+1   A04C A7   C8 D8           STA -40,U
     48  4+1   A04F E7   C8 B0           STB -80,U
     49
     50  5+1   A052 35   02              PULS A
     51  4+1   A054 A7   C8 88           STA -120,U
     52
     53  4+0   A057 33   E4              LEAU ,S
     54        A059               ERASE_SSAV_Img_star_3
     55  4     A059 10CE 0000            LDS #$0000
     56  5     A05D 39                   RTS
     57
----------------
216 cycle(s)
94 byte(s)
----------------
     59
     60                  001E     DataSize equ $001E

000000 Total Errors

000004 Total Symbols
     0x          Equ   001E DataSize
     0x          Label A007 ERASE_CODE_Img_star_3_1
     0x          Label A000 ERASE_Img_star_3
     1x          Label A059 ERASE_SSAV_Img_star_3

