/*--------------------------------------------------------------*
 * Compilé avec C6809 v0.83                                     *
 *--------------------------------------------------------------*
 * Fichier source      : ./Sonic2/GeneratedCode/TitleScreen/Img_islandWater02_NB1.ASM
 * Fichier destination : ./Sonic2/GeneratedCode/TitleScreen/Img_islandWater02_NB1.BIN
 * Contenu :
 *     Main     0:IMGD.ASM     1510
 *--------------------------------------------------------------*/

Macro Pass
Pass1
Pass2
      2        A000                      ORG $A000
      3                  FF              SETDP $FF
      4        A000               BCKDRAW_Img_islandWater02
      5  6+5   A000 10EF 8D 00F6         STS SSAV_Img_islandWater02+1,PCR
      6
      7  5+5   A005 ED   8D 0088         STD DYN_POS+1,PCR
      8  4+0   A009 32   C4              LEAS ,U
      9  5+0   A00B EE   A4              LDU ,Y
     10  4+4   A00D 33   C9 02C1         LEAU 705,U
     11
     12  5+1   A011 EC   5E              LDD -2,U
     13  5+2   A013 34   06              PSHS D
     14  2     A015 84   F0              ANDA #$F0
     15  2     A017 8A   02              ORA #$02
     16  2     A019 C6   C2              LDB #$c2
     17  5+1   A01B ED   5E              STD -2,U
     18  5+1   A01D EC   48              LDD 8,U
     19  5+2   A01F 34   06              PSHS D
     20  2     A021 84   F0              ANDA #$F0
     21  2     A023 8A   08              ORA #$08
     22  2     A025 C6   C0              LDB #$c0
     23  5+1   A027 ED   48              STD 8,U
     24  5+1   A029 AE   46              LDX 6,U
     25  5+2   A02B 34   10              PSHS X
     26  3     A02D CC   C2C2            LDD #$c2c2
     27  5+1   A030 ED   46              STD 6,U
     28  5+6   A032 37   36              PULU D,X,Y
     29  5+8   A034 34   76              PSHS U,Y,X,D
     30  3     A036 CC   C2C2            LDD #$c2c2
     31  3     A039 8E   C2C2            LDX #$c2c2
     32  4     A03C 108E C2C2            LDY #$c2c2
     33  5+6   A040 36   36              PSHU D,X,Y
     34  4+1   A042 33   4A              LEAU 10,U
     35
     36  5+6   A044 37   36              PULU D,X,Y
     37  5+8   A046 34   76              PSHS U,Y,X,D
     38  3     A048 CC   2288            LDD #$2288
     39  3     A04B 8E   2C2D            LDX #$2c2d
     40  4     A04E 108E 2B2D            LDY #$2b2d
     41  5+6   A052 36   36              PSHU D,X,Y
     42  4+1   A054 33   46              LEAU 6,U
     43
     44  5+6   A056 37   36              PULU D,X,Y
     45  5+8   A058 34   76              PSHS U,Y,X,D
     46  3     A05A CC   C2C2            LDD #$c2c2
     47  3     A05D 8E   C2C2            LDX #$c2c2
     48  4     A060 108E C2C2            LDY #$c2c2
     49  5+6   A064 36   36              PSHU D,X,Y
     50  4+1   A066 33   46              LEAU 6,U
     51
     52  5+6   A068 37   36              PULU D,X,Y
     53  5+8   A06A 34   76              PSHS U,Y,X,D
     54  3     A06C CC   C2C2            LDD #$c2c2
     55  3     A06F 8E   C2C2            LDX #$c2c2
     56  4     A072 108E C2C2            LDY #$c2c2
     57  5+6   A076 36   36              PSHU D,X,Y
     58  4+1   A078 33   46              LEAU 6,U
     59
     60  4+1   A07A A6   44              LDA 4,U
     61  5+1   A07C 34   02              PSHS A
     62  2     A07E 84   0F              ANDA #$0F
     63  2     A080 8A   C0              ORA #$c0
     64  4+1   A082 A7   44              STA 4,U
     65  5+4   A084 37   30              PULU X,Y
     66  5+6   A086 34   70              PSHS U,Y,X
     67  3     A088 CC   C2C2            LDD #$c2c2
     68  3     A08B 8E   C2C2            LDX #$c2c2
     69  5+4   A08E 36   16              PSHU D,X
     70        A090               DYN_POS
     71
     72  3     A090 CE   0000            LDU #$0000
     73  4+4   A093 33   C9 02BF         LEAU 703,U
     74
     75  5+6   A097 37   36              PULU D,X,Y
     76  5+8   A099 34   76              PSHS U,Y,X,D
     77  3     A09B CC   CCCC            LDD #$cccc
     78  3     A09E 8E   CC22            LDX #$cc22
     79  4     A0A1 108E CCCC            LDY #$cccc
     80  5+6   A0A5 36   36              PSHU D,X,Y
     81  4+1   A0A7 33   46              LEAU 6,U
     82
     83  5+3   A0A9 37   12              PULU A,X
     84  5+5   A0AB 34   52              PSHS U,X,A
     85  5+3   A0AD 36   24              PSHU B,Y
     86  4+1   A0AF 33   44              LEAU 4,U
     87
     88  5+6   A0B1 37   36              PULU D,X,Y
     89  5+8   A0B3 34   76              PSHS U,Y,X,D
     90  3     A0B5 CC   88DD            LDD #$88dd
     91  3     A0B8 8E   D22D            LDX #$d22d
     92  4     A0BB 108E 2DDD            LDY #$2ddd
     93  5+6   A0BF 36   36              PSHU D,X,Y
     94  4+1   A0C1 33   46              LEAU 6,U
     95
     96  5+6   A0C3 37   36              PULU D,X,Y
     97  5+8   A0C5 34   76              PSHS U,Y,X,D
     98  3     A0C7 CC   D22D            LDD #$d22d
     99  3     A0CA 8E   CC22            LDX #$cc22
    100  4     A0CD 108E CCCC            LDY #$cccc
    101  5+6   A0D1 36   36              PSHU D,X,Y
    102  4+1   A0D3 33   46              LEAU 6,U
    103
    104  5+6   A0D5 37   36              PULU D,X,Y
    105  5+8   A0D7 34   76              PSHS U,Y,X,D
    106  3     A0D9 CC   CCCC            LDD #$cccc
    107  3     A0DC 8E   22CC            LDX #$22cc
    108  4     A0DF 108E CCCC            LDY #$cccc
    109  5+6   A0E3 36   36              PSHU D,X,Y
    110  4+1   A0E5 33   46              LEAU 6,U
    111
    112  5+6   A0E7 37   36              PULU D,X,Y
    113  5+8   A0E9 34   76              PSHS U,Y,X,D
    114  3     A0EB CC   CCCC            LDD #$cccc
    115  3     A0EE 8E   CCCC            LDX #$cccc
    116  4     A0F1 108E CCCC            LDY #$cccc
    117  5+6   A0F5 36   36              PSHU D,X,Y
    118  4+0   A0F7 33   E4              LEAU ,S
    119        A0F9               SSAV_Img_islandWater02
    120  4     A0F9 10CE 0000            LDS #$0000
    121  5     A0FD 39                   RTS
    122
----------------
665 cycle(s)
254 byte(s)
----------------
    124

000000 Total Errors

000003 Total Symbols
     0x          Label A000 BCKDRAW_Img_islandWater02
     1x          Label A090 DYN_POS
     1x          Label A0F9 SSAV_Img_islandWater02

