/*--------------------------------------------------------------*
 * Compilé avec C6809 v0.83                                     *
 *--------------------------------------------------------------*
 * Fichier source      : tmp/HJL4.ASM
 * Fichier destination : tmp/HJL4.BIN
 * Contenu :
 *     Main     0:IMG.ASM      8345
 *--------------------------------------------------------------*/

Macro Pass
Pass1
Pass2
      2        A575                      ORG $A575
      3        A575               DRAW_HJL4
      4  5+3   A575 34   48              PSHS U,DP
      5  7     A577 10FF A91E            STS SSAV_HJL4+2
      6
      7  7     A57B 10FE 9F00            LDS $9F00
      8  7     A57F 10FF A92A            STS ERASE_POS_HJL4_1+2
      9  3     A583 CE   AAAA            LDU #ERASE_DATA_HJL4_2
     10  4+4   A586 32   E9 0283         LEAS 643,S
     11  5+1   A58A EC   E8 AF           LDD -81,S
     12  5+2   A58D 36   06              PSHU D
     13  2     A58F 84   F0              ANDA #$F0
     14  2     A591 C4   F0              ANDB #$F0
     15  4     A593 C3   0C0A            ADDD #$0c0a
     16  5+1   A596 ED   E8 AF           STD -81,S
     17  4+1   A599 A6   E8 87           LDA -121,S
     18  5+1   A59C 36   02              PSHU A
     19  2     A59E 84   F0              ANDA #$F0
     20  2     A5A0 8A   0A              ORA #$0a
     21  4+1   A5A2 A7   E8 87           STA -121,S
     22  5+1   A5A5 EC   E8 26           LDD 38,S
     23  5+2   A5A8 36   06              PSHU D
     24  2     A5AA 84   F0              ANDA #$F0
     25  2     A5AC 8A   0A              ORA #$0a
     26  2     A5AE C6   AC              LDB #$ac
     27  5+1   A5B0 ED   E8 26           STD 38,S
     28  5+1   A5B3 EC   E8 4E           LDD 78,S
     29  5+4   A5B6 36   46              PSHU D,S
     30  2     A5B8 84   F0              ANDA #$F0
     31  2     A5BA 8A   0A              ORA #$0a
     32  2     A5BC C6   AC              LDB #$ac
     33  5+1   A5BE ED   E8 4E           STD 78,S
     34  5+1   A5C1 EC   E8 76           LDD 118,S
     35  5+2   A5C4 36   06              PSHU D
     36  2     A5C6 84   F0              ANDA #$F0
     37  2     A5C8 8A   0A              ORA #$0a
     38  2     A5CA C6   AC              LDB #$ac
     39  5+1   A5CC ED   E8 76           STD 118,S
     40  5+1   A5CF EC   E8 78           LDD 120,S
     41  5+2   A5D2 36   06              PSHU D
     42  2     A5D4 86   CD              LDA #$cd
     43  2     A5D6 C4   0F              ANDB #$0F
     44  2     A5D8 CA   D0              ORB #$d0
     45  5+1   A5DA ED   E8 78           STD 120,S
     46  4+4   A5DD 32   E9 0117         LEAS 279,S
     47  5+1   A5E1 EC   E8 AF           LDD -81,S
     48  5+2   A5E4 36   06              PSHU D
     49  2     A5E6 84   F0              ANDA #$F0
     50  2     A5E8 8A   0A              ORA #$0a
     51  2     A5EA C6   AC              LDB #$ac
     52  5+1   A5EC ED   E8 AF           STD -81,S
     53  5+1   A5EF EC   E8 87           LDD -121,S
     54  5+2   A5F2 36   06              PSHU D
     55  2     A5F4 84   F0              ANDA #$F0
     56  2     A5F6 8A   0A              ORA #$0a
     57  2     A5F8 C6   AC              LDB #$ac
     58  5+1   A5FA ED   E8 87           STD -121,S
     59  5+1   A5FD EC   E8 B1           LDD -79,S
     60  5+2   A600 36   06              PSHU D
     61  2     A602 86   DD              LDA #$dd
     62  2     A604 C4   F0              ANDB #$F0
     63  2     A606 CA   0D              ORB #$0d
     64  5+1   A608 ED   E8 B1           STD -79,S
     65  5+1   A60B EC   E8 D7           LDD -41,S
     66  5+2   A60E 36   06              PSHU D
     67  2     A610 84   F0              ANDA #$F0
     68  2     A612 8A   0A              ORA #$0a
     69  2     A614 C6   BA              LDB #$ba
     70  5+1   A616 ED   E8 D7           STD -41,S
     71  5+1   A619 EC   7F              LDD -1,S
     72  5+2   A61B 36   06              PSHU D
     73  2     A61D 84   F0              ANDA #$F0
     74  2     A61F 8A   0A              ORA #$0a
     75  2     A621 C6   BA              LDB #$ba
     76  5+1   A623 ED   7F              STD -1,S
     77  5+1   A625 EC   E8 27           LDD 39,S
     78  5+4   A628 36   46              PSHU D,S
     79  2     A62A 84   F0              ANDA #$F0
     80  2     A62C 8A   0A              ORA #$0a
     81  2     A62E C6   BA              LDB #$ba
     82  5+1   A630 ED   E8 27           STD 39,S
     83  5+1   A633 EC   E8 4F           LDD 79,S
     84  5+2   A636 36   06              PSHU D
     85  2     A638 84   F0              ANDA #$F0
     86  2     A63A 8A   0A              ORA #$0a
     87  2     A63C C6   AC              LDB #$ac
     88  5+1   A63E ED   E8 4F           STD 79,S
     89  5+1   A641 EC   E8 77           LDD 119,S
     90  5+2   A644 36   06              PSHU D
     91  2     A646 84   F0              ANDA #$F0
     92  2     A648 8A   0A              ORA #$0a
     93  2     A64A C6   AC              LDB #$ac
     94  5+1   A64C ED   E8 77           STD 119,S
     95  4+4   A64F 32   E9 00B4         LEAS 180,S
     96  5+1   A653 EC   E8 13           LDD 19,S
     97  5+4   A656 36   46              PSHU D,S
     98  2     A658 84   F0              ANDA #$F0
     99  2     A65A 8A   0A              ORA #$0a
    100  2     A65C C6   CC              LDB #$cc
    101  5+1   A65E ED   E8 13           STD 19,S
    102  5+1   A661 EC   E8 EB           LDD -21,S
    103  5+2   A664 36   06              PSHU D
    104  2     A666 84   F0              ANDA #$F0
    105  2     A668 8A   0A              ORA #$0a
    106  2     A66A C6   AC              LDB #$ac
    107  5+1   A66C ED   E8 EB           STD -21,S
    108  4+4   A66F 32   E9 00B4         LEAS 180,S
    109  5+1   A673 EC   E8 AF           LDD -81,S
    110  5+2   A676 36   06              PSHU D
    111  2     A678 84   F0              ANDA #$F0
    112  2     A67A 8A   03              ORA #$03
    113  2     A67C C6   CC              LDB #$cc
    114  5+1   A67E ED   E8 AF           STD -81,S
    115  5+1   A681 EC   E8 87           LDD -121,S
    116  5+2   A684 36   06              PSHU D
    117  2     A686 84   F0              ANDA #$F0
    118  2     A688 8A   0C              ORA #$0c
    119  2     A68A C6   CC              LDB #$cc
    120  5+1   A68C ED   E8 87           STD -121,S
    121  5+1   A68F EC   E8 D7           LDD -41,S
    122  5+2   A692 36   06              PSHU D
    123  2     A694 84   F0              ANDA #$F0
    124  2     A696 8A   0C              ORA #$0c
    125  2     A698 C6   CD              LDB #$cd
    126  5+1   A69A ED   E8 D7           STD -41,S
    127  5+3   A69D 35   12              PULS A,X
    128  5+3   A69F 36   12              PSHU A,X
    129  2     A6A1 86   DA              LDA #$da
    130  3     A6A3 8E   3A1A            LDX #$3a1a
    131  5+3   A6A6 34   12              PSHS A,X
    132  5+1   A6A8 EC   E8 27           LDD 39,S
    133  5+4   A6AB 36   46              PSHU D,S
    134  2     A6AD 84   F0              ANDA #$F0
    135  2     A6AF 8A   0C              ORA #$0c
    136  2     A6B1 C6   9A              LDB #$9a
    137  5+1   A6B3 ED   E8 27           STD 39,S
    138  4+1   A6B6 32   E8 50           LEAS 80,S
    139  2     A6B9 86   CA              LDA #$ca
    140  3     A6BB 8E   2AF1            LDX #$2af1
    141  5+3   A6BE 34   12              PSHS A,X
    142  5+3   A6C0 35   12              PULS A,X
    143  5+5   A6C2 36   52              PSHU A,X,S
    144  4+1   A6C4 32   E8 28           LEAS 40,S
    145  5+3   A6C7 35   12              PULS A,X
    146  5+3   A6C9 36   12              PSHU A,X
    147  4+1   A6CB A6   E8 52           LDA 82,S
    148  5+1   A6CE 36   02              PSHU A
    149  2     A6D0 84   0F              ANDA #$0F
    150  2     A6D2 8A   10              ORA #$10
    151  4+1   A6D4 A7   E8 52           STA 82,S
    152  5+1   A6D7 EC   E8 28           LDD 40,S
    153  5+4   A6DA 36   46              PSHU D,S
    154  2     A6DC 86   CC              LDA #$cc
    155  2     A6DE C4   F0              ANDB #$F0
    156  2     A6E0 CA   09              ORB #$09
    157  5+1   A6E2 ED   E8 28           STD 40,S
    158  5+1   A6E5 EC   E8 50           LDD 80,S
    159  5+2   A6E8 36   06              PSHU D
    160  2     A6EA 86   DC              LDA #$dc
    161  2     A6EC C4   F0              ANDB #$F0
    162  2     A6EE CA   0A              ORB #$0a
    163  5+1   A6F0 ED   E8 50           STD 80,S
    164  2     A6F3 86   CA              LDA #$ca
    165  3     A6F5 8E   1A11            LDX #$1a11
    166  5+3   A6F8 34   12              PSHS A,X
    167  4+1   A6FA A6   E8 7A           LDA 122,S
    168  5+1   A6FD 36   02              PSHU A
    169  2     A6FF 84   0F              ANDA #$0F
    170  2     A701 8A   E0              ORA #$e0
    171  4+1   A703 A7   E8 7A           STA 122,S
    172  4+4   A706 32   E9 00B5         LEAS 181,S
    173  4+1   A70A A6   E8 EC           LDA -20,S
    174  5+3   A70D 36   42              PSHU A,S
    175  2     A70F 84   F0              ANDA #$F0
    176  2     A711 8A   0F              ORA #$0f
    177  4+1   A713 A7   E8 EC           STA -20,S
    178
    179  7     A716 10FE 9F02            LDS $9F00+2
    180  7     A71A 10FF A99E            STS ERASE_POS_HJL4_2+2
    181  3     A71E CE   AB1F            LDU #ERASE_DATA_HJL4_END
    182
    183  4+4   A721 32   E9 0232         LEAS 562,S
    184  5+0   A725 EC   E4              LDD ,S
    185  5+2   A727 36   06              PSHU D
    186  2     A729 84   0F              ANDA #$0F
    187  2     A72B 8A   C0              ORA #$c0
    188  2     A72D C6   CD              LDB #$cd
    189  5+0   A72F ED   E4              STD ,S
    190  4+1   A731 A6   E8 29           LDA 41,S
    191  5+1   A734 36   02              PSHU A
    192  2     A736 84   0F              ANDA #$0F
    193  2     A738 8A   D0              ORA #$d0
    194  4+1   A73A A7   E8 29           STA 41,S
    195  4+1   A73D A6   E8 D8           LDA -40,S
    196  5+1   A740 36   02              PSHU A
    197  2     A742 84   0F              ANDA #$0F
    198  2     A744 8A   C0              ORA #$c0
    199  4+1   A746 A7   E8 D8           STA -40,S
    200  5+1   A749 EC   E8 27           LDD 39,S
    201  5+4   A74C 36   46              PSHU D,S
    202  2     A74E 84   0F              ANDA #$0F
    203  2     A750 C4   0F              ANDB #$0F
    204  4     A752 C3   A0D0            ADDD #$a0d0
    205  5+1   A755 ED   E8 27           STD 39,S
    206  4+1   A758 A6   E8 50           LDA 80,S
    207  5+1   A75B 36   02              PSHU A
    208  2     A75D 84   0F              ANDA #$0F
    209  2     A75F 8A   D0              ORA #$d0
    210  4+1   A761 A7   E8 50           STA 80,S
    211  4+4   A764 32   E9 00EF         LEAS 239,S
    212  5+3   A768 35   12              PULS A,X
    213  5+3   A76A 36   12              PSHU A,X
    214  4+1   A76C A6   E8 DA           LDA -38,S
    215  5+1   A76F 36   02              PSHU A
    216  2     A771 84   F0              ANDA #$F0
    217  2     A773 8A   0C              ORA #$0c
    218  4+1   A775 A7   E8 DA           STA -38,S
    219  5+1   A778 EC   E8 B0           LDD -80,S
    220  5+4   A77B 36   46              PSHU D,S
    221  2     A77D 84   0F              ANDA #$0F
    222  2     A77F 8A   D0              ORA #$d0
    223  2     A781 C6   DC              LDB #$dc
    224  5+1   A783 ED   E8 B0           STD -80,S
    225  2     A786 86   CA              LDA #$ca
    226  3     A788 8E   ACCD            LDX #$accd
    227  5+3   A78B 34   12              PSHS A,X
    228  4+1   A78D 32   E8 28           LEAS 40,S
    229  3     A790 8E   ACDD            LDX #$acdd
    230  5+3   A793 34   12              PSHS A,X
    231  5+3   A795 35   12              PULS A,X
    232  5+5   A797 36   52              PSHU A,X,S
    233  4+1   A799 32   E8 28           LEAS 40,S
    234  2     A79C 86   AA              LDA #$aa
    235  3     A79E 8E   CCDA            LDX #$ccda
    236  5+3   A7A1 34   12              PSHS A,X
    237  5+3   A7A3 35   12              PULS A,X
    238  5+5   A7A5 36   52              PSHU A,X,S
    239  4+1   A7A7 A6   63              LDA 3,S
    240  5+1   A7A9 36   02              PSHU A
    241  2     A7AB 84   0F              ANDA #$0F
    242  2     A7AD 8A   D0              ORA #$d0
    243  4+1   A7AF A7   63              STA 3,S
    244  4+1   A7B1 32   E8 28           LEAS 40,S
    245  2     A7B4 86   AA              LDA #$aa
    246  3     A7B6 8E   CCAC            LDX #$ccac
    247  5+3   A7B9 34   12              PSHS A,X
    248  5+3   A7BB 35   12              PULS A,X
    249  5+5   A7BD 36   52              PSHU A,X,S
    250  4+1   A7BF A6   63              LDA 3,S
    251  5+1   A7C1 36   02              PSHU A
    252  2     A7C3 84   0F              ANDA #$0F
    253  2     A7C5 8A   D0              ORA #$d0
    254  4+1   A7C7 A7   63              STA 3,S
    255  4+1   A7C9 32   E8 28           LEAS 40,S
    256  2     A7CC 86   AA              LDA #$aa
    257  3     A7CE 8E   CACC            LDX #$cacc
    258  5+3   A7D1 34   12              PSHS A,X
    259  5+3   A7D3 35   12              PULS A,X
    260  5+5   A7D5 36   52              PSHU A,X,S
    261  4+1   A7D7 A6   63              LDA 3,S
    262  5+1   A7D9 36   02              PSHU A
    263  2     A7DB 84   0F              ANDA #$0F
    264  2     A7DD 8A   D0              ORA #$d0
    265  4+1   A7DF A7   63              STA 3,S
    266  4+1   A7E1 32   E8 28           LEAS 40,S
    267  2     A7E4 86   AA              LDA #$aa
    268  3     A7E6 8E   CCDC            LDX #$ccdc
    269  5+3   A7E9 34   12              PSHS A,X
    270  5+3   A7EB 35   12              PULS A,X
    271  5+5   A7ED 36   52              PSHU A,X,S
    272  4+1   A7EF A6   63              LDA 3,S
    273  5+1   A7F1 36   02              PSHU A
    274  2     A7F3 84   0F              ANDA #$0F
    275  2     A7F5 8A   C0              ORA #$c0
    276  4+1   A7F7 A7   63              STA 3,S
    277  4+1   A7F9 32   E8 28           LEAS 40,S
    278  2     A7FC 86   CA              LDA #$ca
    279  3     A7FE 8E   CCD3            LDX #$ccd3
    280  5+3   A801 34   12              PSHS A,X
    281  5+3   A803 35   12              PULS A,X
    282  5+5   A805 36   52              PSHU A,X,S
    283  4+1   A807 A6   63              LDA 3,S
    284  5+1   A809 36   02              PSHU A
    285  2     A80B 84   0F              ANDA #$0F
    286  2     A80D 8A   00              ORA #$00
    287  4+1   A80F A7   63              STA 3,S
    288  4+1   A811 32   E8 28           LEAS 40,S
    289  2     A814 86   AA              LDA #$aa
    290  3     A816 8E   CCDC            LDX #$ccdc
    291  5+3   A819 34   12              PSHS A,X
    292  5+3   A81B 35   12              PULS A,X
    293  5+5   A81D 36   52              PSHU A,X,S
    294  4+1   A81F A6   63              LDA 3,S
    295  5+1   A821 36   02              PSHU A
    296  2     A823 84   0F              ANDA #$0F
    297  2     A825 8A   E0              ORA #$e0
    298  4+1   A827 A7   63              STA 3,S
    299  4+1   A829 32   E8 28           LEAS 40,S
    300  2     A82C 86   AA              LDA #$aa
    301  3     A82E 8E   C2D0            LDX #$c2d0
    302  5+3   A831 34   12              PSHS A,X
    303  5+3   A833 35   12              PULS A,X
    304  5+5   A835 36   52              PSHU A,X,S
    305  4+1   A837 A6   63              LDA 3,S
    306  5+1   A839 36   02              PSHU A
    307  2     A83B 84   0F              ANDA #$0F
    308  2     A83D 8A   E0              ORA #$e0
    309  4+1   A83F A7   63              STA 3,S
    310  4+1   A841 32   E8 28           LEAS 40,S
    311  2     A844 86   AA              LDA #$aa
    312  3     A846 8E   C290            LDX #$c290
    313  5+3   A849 34   12              PSHS A,X
    314  5+3   A84B 35   12              PULS A,X
    315  5+5   A84D 36   52              PSHU A,X,S
    316  4+1   A84F A6   63              LDA 3,S
    317  5+1   A851 36   02              PSHU A
    318  2     A853 84   0F              ANDA #$0F
    319  2     A855 8A   E0              ORA #$e0
    320  4+1   A857 A7   63              STA 3,S
    321  4+1   A859 32   E8 28           LEAS 40,S
    322  2     A85C 86   AA              LDA #$aa
    323  3     A85E 8E   C3AA            LDX #$c3aa
    324  5+3   A861 34   12              PSHS A,X
    325  5+3   A863 35   12              PULS A,X
    326  5+5   A865 36   52              PSHU A,X,S
    327  4+1   A867 A6   63              LDA 3,S
    328  5+1   A869 36   02              PSHU A
    329  2     A86B 84   0F              ANDA #$0F
    330  2     A86D 8A   E0              ORA #$e0
    331  4+1   A86F A7   63              STA 3,S
    332  4+1   A871 32   E8 28           LEAS 40,S
    333  2     A874 86   CC              LDA #$cc
    334  3     A876 8E   DCAA            LDX #$dcaa
    335  5+3   A879 34   12              PSHS A,X
    336  5+3   A87B 35   12              PULS A,X
    337  5+5   A87D 36   52              PSHU A,X,S
    338  4+1   A87F A6   63              LDA 3,S
    339  5+1   A881 36   02              PSHU A
    340  2     A883 84   0F              ANDA #$0F
    341  2     A885 8A   00              ORA #$00
    342  4+1   A887 A7   63              STA 3,S
    343  4+1   A889 32   E8 28           LEAS 40,S
    344  2     A88C 86   CC              LDA #$cc
    345  3     A88E 8E   ADA9            LDX #$ada9
    346  5+3   A891 34   12              PSHS A,X
    347  5+3   A893 35   12              PULS A,X
    348  5+5   A895 36   52              PSHU A,X,S
    349  4+1   A897 A6   63              LDA 3,S
    350  5+1   A899 36   02              PSHU A
    351  2     A89B 84   0F              ANDA #$0F
    352  2     A89D 8A   00              ORA #$00
    353  4+1   A89F A7   63              STA 3,S
    354  4+1   A8A1 32   E8 28           LEAS 40,S
    355  2     A8A4 86   CC              LDA #$cc
    356  3     A8A6 8E   AAA0            LDX #$aaa0
    357  5+3   A8A9 34   12              PSHS A,X
    358  5+3   A8AB 35   12              PULS A,X
    359  5+5   A8AD 36   52              PSHU A,X,S
    360  4+1   A8AF A6   63              LDA 3,S
    361  5+1   A8B1 36   02              PSHU A
    362  2     A8B3 84   0F              ANDA #$0F
    363  2     A8B5 8A   00              ORA #$00
    364  4+1   A8B7 A7   63              STA 3,S
    365  4+1   A8B9 32   E8 28           LEAS 40,S
    366  5+1   A8BC EC   E8 28           LDD 40,S
    367  5+2   A8BF 36   06              PSHU D
    368  2     A8C1 84   F0              ANDA #$F0
    369  2     A8C3 8A   0C              ORA #$0c
    370  2     A8C5 C6   03              LDB #$03
    371  5+1   A8C7 ED   E8 28           STD 40,S
    372  5+1   A8CA EC   E8 50           LDD 80,S
    373  5+2   A8CD 36   06              PSHU D
    374  2     A8CF 84   F0              ANDA #$F0
    375  2     A8D1 8A   0D              ORA #$0d
    376  2     A8D3 C6   9A              LDB #$9a
    377  5+1   A8D5 ED   E8 50           STD 80,S
    378  5+3   A8D8 35   12              PULS A,X
    379  5+3   A8DA 36   12              PSHU A,X
    380  4+1   A8DC A6   E8 2A           LDA 42,S
    381  5+1   A8DF 36   02              PSHU A
    382  2     A8E1 84   0F              ANDA #$0F
    383  2     A8E3 8A   90              ORA #$90
    384  4+1   A8E5 A7   E8 2A           STA 42,S
    385  2     A8E8 86   CC              LDA #$cc
    386  3     A8EA 8E   AAA0            LDX #$aaa0
    387  5+3   A8ED 34   12              PSHS A,X
    388  5+1   A8EF EC   E8 79           LDD 121,S
    389  5+4   A8F2 36   46              PSHU D,S
    390  2     A8F4 84   F0              ANDA #$F0
    391  2     A8F6 C4   F0              ANDB #$F0
    392  4     A8F8 C3   090F            ADDD #$090f
    393  5+1   A8FB ED   E8 79           STD 121,S
    394  4+4   A8FE 32   E9 00CA         LEAS 202,S
    395  4+1   A902 A6   E8 28           LDA 40,S
    396  5+1   A905 36   02              PSHU A
    397  2     A907 84   0F              ANDA #$0F
    398  2     A909 8A   E0              ORA #$e0
    399  4+1   A90B A7   E8 28           STA 40,S
    400  5+1   A90E EC   E8 D7           LDD -41,S
    401  5+4   A911 36   46              PSHU D,S
    402  2     A913 84   F0              ANDA #$F0
    403  2     A915 8A   00              ORA #$00
    404  2     A917 C6   F1              LDB #$f1
    405  5+1   A919 ED   E8 D7           STD -41,S
    406        A91C               SSAV_HJL4
    407  4     A91C 10CE 0000            LDS #$0000
    408  5+5   A920 35   C8              PULS DP,U,PC * Ajout du PC au PULS>>
    409
    410        A922               ERASE_HJL4
    411  5+3   A922 34   48              PSHS U,DP
    412  7     A924 10FF AA41            STS ERASE_SSAV_HJL4+2
    413
    414        A928               ERASE_POS_HJL4_1
    415  4     A928 10CE 0000            LDS #$0000
    416  3     A92C CE   AA45            LDU #ERASE_DATA_HJL4_1
    417
    418        A92F               ERASE_CODE_HJL4_1
    419  5+3   A92F 37   42              PULU A,S
    420  4+1   A931 A7   E8 EC           STA -20,S
    421
    422  5+7   A934 37   72              PULU A,X,Y,S
    423  4+1   A936 A7   E8 7A           STA 122,S
    424  5+1   A939 AF   E8 50           STX 80,S
    425  6+1   A93C 10AF E8 28           STY 40,S
    426
    427  5+4   A940 37   16              PULU A,B,X
    428  4+1   A942 A7   E8 52           STA 82,S
    429
    430  5+5   A945 37   54              PULU B,X,S
    431  5+3   A947 34   14              PSHS B,X
    432
    433  5+4   A949 37   46              PULU D,S
    434  5+1   A94B ED   E8 27           STD 39,S
    435
    436  5+3   A94E 37   14              PULU B,X
    437
    438  5+6   A950 37   36              PULU D,X,Y
    439  5+1   A952 ED   E8 D7           STD -41,S
    440  5+1   A955 AF   E8 87           STX -121,S
    441  6+1   A958 10AF E8 AF           STY -81,S
    442
    443  5+6   A95C 37   56              PULU D,X,S
    444  5+1   A95E ED   E8 EB           STD -21,S
    445  5+1   A961 AF   E8 13           STX 19,S
    446
    447  5+8   A964 37   76              PULU D,X,Y,S
    448  5+1   A966 ED   E8 77           STD 119,S
    449  5+1   A969 AF   E8 4F           STX 79,S
    450  6+1   A96C 10AF E8 27           STY 39,S
    451
    452  5+6   A970 37   36              PULU D,X,Y
    453  5+1   A972 ED   7F              STD -1,S
    454  5+1   A974 AF   E8 D7           STX -41,S
    455  6+1   A977 10AF E8 B1           STY -79,S
    456
    457  5+4   A97B 37   16              PULU D,X
    458  5+1   A97D ED   E8 87           STD -121,S
    459  5+1   A980 AF   E8 AF           STX -81,S
    460
    461  5+8   A983 37   76              PULU D,X,Y,S
    462  5+1   A985 ED   E8 78           STD 120,S
    463  5+1   A988 AF   E8 76           STX 118,S
    464  6+1   A98B 10AF E8 4E           STY 78,S
    465
    466  5+2   A98F 37   06              PULU D
    467  5+1   A991 ED   E8 26           STD 38,S
    468
    469  5+3   A994 37   12              PULU A,X
    470  4+1   A996 A7   E8 87           STA -121,S
    471  5+1   A999 AF   E8 AF           STX -81,S
    472
    473        A99C               ERASE_POS_HJL4_2
    474  4     A99C 10CE 0000            LDS #$0000
    475  3     A9A0 CE   AAAA            LDU #ERASE_DATA_HJL4_2
    476
    477        A9A3               ERASE_CODE_HJL4_2
    478  5+4   A9A3 37   46              PULU D,S
    479  5+1   A9A5 ED   E8 D7           STD -41,S
    480
    481  5+1   A9A8 37   02              PULU A
    482  4+1   A9AA A7   E8 28           STA 40,S
    483
    484  5+4   A9AD 37   46              PULU D,S
    485  5+1   A9AF ED   E8 79           STD 121,S
    486
    487  5+4   A9B2 37   16              PULU A,B,X
    488  4+1   A9B4 A7   E8 2A           STA 42,S
    489
    490  5+4   A9B7 37   16              PULU D,X
    491  5+1   A9B9 ED   E8 50           STD 80,S
    492  5+1   A9BC AF   E8 28           STX 40,S
    493
    494  5+6   A9BF 37   56              PULU A,B,X,S
    495  4+1   A9C1 A7   63              STA 3,S
    496  4+1   A9C3 E7   61              STB 1,S
    497  5+1   A9C5 AF   63              STX 3,S
    498
    499  5+6   A9C7 37   56              PULU A,B,X,S
    500  4+1   A9C9 A7   63              STA 3,S
    501  4+1   A9CB E7   61              STB 1,S
    502  5+1   A9CD AF   63              STX 3,S
    503
    504  5+6   A9CF 37   56              PULU A,B,X,S
    505  4+1   A9D1 A7   63              STA 3,S
    506  4+1   A9D3 E7   61              STB 1,S
    507  5+1   A9D5 AF   63              STX 3,S
    508
    509  5+6   A9D7 37   56              PULU A,B,X,S
    510  4+1   A9D9 A7   63              STA 3,S
    511  4+1   A9DB E7   61              STB 1,S
    512  5+1   A9DD AF   63              STX 3,S
    513
    514  5+6   A9DF 37   56              PULU A,B,X,S
    515  4+1   A9E1 A7   63              STA 3,S
    516  4+1   A9E3 E7   61              STB 1,S
    517  5+1   A9E5 AF   63              STX 3,S
    518
    519  5+6   A9E7 37   56              PULU A,B,X,S
    520  4+1   A9E9 A7   63              STA 3,S
    521  4+1   A9EB E7   61              STB 1,S
    522  5+1   A9ED AF   63              STX 3,S
    523
    524  5+6   A9EF 37   56              PULU A,B,X,S
    525  4+1   A9F1 A7   63              STA 3,S
    526  4+1   A9F3 E7   61              STB 1,S
    527  5+1   A9F5 AF   63              STX 3,S
    528
    529  5+6   A9F7 37   56              PULU A,B,X,S
    530  4+1   A9F9 A7   63              STA 3,S
    531  4+1   A9FB E7   61              STB 1,S
    532  5+1   A9FD AF   63              STX 3,S
    533
    534  5+6   A9FF 37   56              PULU A,B,X,S
    535  4+1   AA01 A7   63              STA 3,S
    536  4+1   AA03 E7   61              STB 1,S
    537  5+1   AA05 AF   63              STX 3,S
    538
    539  5+6   AA07 37   56              PULU A,B,X,S
    540  4+1   AA09 A7   63              STA 3,S
    541  4+1   AA0B E7   61              STB 1,S
    542  5+1   AA0D AF   63              STX 3,S
    543
    544  5+6   AA0F 37   56              PULU A,B,X,S
    545  4+1   AA11 A7   63              STA 3,S
    546  4+1   AA13 E7   61              STB 1,S
    547  5+1   AA15 AF   63              STX 3,S
    548
    549  5+6   AA17 37   56              PULU A,B,X,S
    550  4+1   AA19 A7   63              STA 3,S
    551  4+1   AA1B E7   61              STB 1,S
    552  5+1   AA1D AF   63              STX 3,S
    553
    554  5+5   AA1F 37   54              PULU B,X,S
    555  5+3   AA21 34   14              PSHS B,X
    556
    557  5+4   AA23 37   46              PULU D,S
    558  5+1   AA25 ED   E8 B0           STD -80,S
    559
    560  5+4   AA28 37   16              PULU A,B,X
    561  4+1   AA2A A7   E8 DA           STA -38,S
    562
    563  5+5   AA2D 37   52              PULU A,X,S
    564  4+1   AA2F A7   E8 50           STA 80,S
    565  5+1   AA32 AF   E8 27           STX 39,S
    566
    567  5+4   AA35 37   16              PULU A,B,X
    568  4+1   AA37 A7   E8 D8           STA -40,S
    569  4+1   AA3A E7   E8 29           STB 41,S
    570  5+0   AA3D AF   E4              STX ,S
    571
    572        AA3F               ERASE_SSAV_HJL4
    573  4     AA3F 10CE 0000            LDS #$0000
    574  5+5   AA43 35   C8              PULS DP,U,PC * Ajout du PC au PULS>>
    575
    576        AA45               ERASE_DATA_HJL4_1
    577        AA45 0000                 FDB $0000
    578        AA47 0000                 FDB $0000
    579        AA49 0000                 FDB $0000
    580        AA4B 0000                 FDB $0000
    581        AA4D 0000                 FDB $0000
    582        AA4F 0000                 FDB $0000
    583        AA51 0000                 FDB $0000
    584        AA53 0000                 FDB $0000
    585        AA55 0000                 FDB $0000
    586        AA57 0000                 FDB $0000
    587        AA59 0000                 FDB $0000
    588        AA5B 0000                 FDB $0000
    589        AA5D 0000                 FDB $0000
    590        AA5F 0000                 FDB $0000
    591        AA61 0000                 FDB $0000
    592        AA63 0000                 FDB $0000
    593        AA65 0000                 FDB $0000
    594        AA67 0000                 FDB $0000
    595        AA69 0000                 FDB $0000
    596        AA6B 0000                 FDB $0000
    597        AA6D 0000                 FDB $0000
    598        AA6F 0000                 FDB $0000
    599        AA71 0000                 FDB $0000
    600        AA73 0000                 FDB $0000
    601        AA75 0000                 FDB $0000
    602        AA77 0000                 FDB $0000
    603        AA79 0000                 FDB $0000
    604        AA7B 0000                 FDB $0000
    605        AA7D 0000                 FDB $0000
    606        AA7F 0000                 FDB $0000
    607        AA81 0000                 FDB $0000
    608        AA83 0000                 FDB $0000
    609        AA85 0000                 FDB $0000
    610        AA87 0000                 FDB $0000
    611        AA89 0000                 FDB $0000
    612        AA8B 0000                 FDB $0000
    613        AA8D 0000                 FDB $0000
    614        AA8F 0000                 FDB $0000
    615        AA91 0000                 FDB $0000
    616        AA93 0000                 FDB $0000
    617        AA95 0000                 FDB $0000
    618        AA97 0000                 FDB $0000
    619        AA99 0000                 FDB $0000
    620        AA9B 0000                 FDB $0000
    621        AA9D 0000                 FDB $0000
    622        AA9F 0000                 FDB $0000
    623        AAA1 0000                 FDB $0000
    624        AAA3 0000                 FDB $0000
    625        AAA5 0000                 FDB $0000
    626        AAA7 0000                 FDB $0000
    627        AAA9 00                   FCB $00
    628        AAAA               ERASE_DATA_HJL4_2
    629        AAAA 0000                 FDB $0000
    630        AAAC 0000                 FDB $0000
    631        AAAE 0000                 FDB $0000
    632        AAB0 0000                 FDB $0000
    633        AAB2 0000                 FDB $0000
    634        AAB4 0000                 FDB $0000
    635        AAB6 0000                 FDB $0000
    636        AAB8 0000                 FDB $0000
    637        AABA 0000                 FDB $0000
    638        AABC 0000                 FDB $0000
    639        AABE 0000                 FDB $0000
    640        AAC0 0000                 FDB $0000
    641        AAC2 0000                 FDB $0000
    642        AAC4 0000                 FDB $0000
    643        AAC6 0000                 FDB $0000
    644        AAC8 0000                 FDB $0000
    645        AACA 0000                 FDB $0000
    646        AACC 0000                 FDB $0000
    647        AACE 0000                 FDB $0000
    648        AAD0 0000                 FDB $0000
    649        AAD2 0000                 FDB $0000
    650        AAD4 0000                 FDB $0000
    651        AAD6 0000                 FDB $0000
    652        AAD8 0000                 FDB $0000
    653        AADA 0000                 FDB $0000
    654        AADC 0000                 FDB $0000
    655        AADE 0000                 FDB $0000
    656        AAE0 0000                 FDB $0000
    657        AAE2 0000                 FDB $0000
    658        AAE4 0000                 FDB $0000
    659        AAE6 0000                 FDB $0000
    660        AAE8 0000                 FDB $0000
    661        AAEA 0000                 FDB $0000
    662        AAEC 0000                 FDB $0000
    663        AAEE 0000                 FDB $0000
    664        AAF0 0000                 FDB $0000
    665        AAF2 0000                 FDB $0000
    666        AAF4 0000                 FDB $0000
    667        AAF6 0000                 FDB $0000
    668        AAF8 0000                 FDB $0000
    669        AAFA 0000                 FDB $0000
    670        AAFC 0000                 FDB $0000
    671        AAFE 0000                 FDB $0000
    672        AB00 0000                 FDB $0000
    673        AB02 0000                 FDB $0000
    674        AB04 0000                 FDB $0000
    675        AB06 0000                 FDB $0000
    676        AB08 0000                 FDB $0000
    677        AB0A 0000                 FDB $0000
    678        AB0C 0000                 FDB $0000
    679        AB0E 0000                 FDB $0000
    680        AB10 0000                 FDB $0000
    681        AB12 0000                 FDB $0000
    682        AB14 0000                 FDB $0000
    683        AB16 0000                 FDB $0000
    684        AB18 0000                 FDB $0000
    685        AB1A 0000                 FDB $0000
    686        AB1C 0000                 FDB $0000
    687        AB1E 00                   FCB $00
    688        AB1F               ERASE_DATA_HJL4_END

000000 Total Errors

000011 Total Symbols
     0x          Label A575 DRAW_HJL4
     0x          Label A92F ERASE_CODE_HJL4_1
     0x          Label A9A3 ERASE_CODE_HJL4_2
     1x          Label AA45 ERASE_DATA_HJL4_1
     2x          Label AAAA ERASE_DATA_HJL4_2
     1x          Label AB1F ERASE_DATA_HJL4_END
     0x          Label A922 ERASE_HJL4
     1x          Label A928 ERASE_POS_HJL4_1
     1x          Label A99C ERASE_POS_HJL4_2
     1x          Label AA3F ERASE_SSAV_HJL4
     1x          Label A91C SSAV_HJL4

