/*--------------------------------------------------------------*
 * Compilé avec C6809 v0.83                                     *
 *--------------------------------------------------------------*
 * Fichier source      : tmp/HJR0.ASM
 * Fichier destination : tmp/HJR0.BIN
 * Contenu :
 *     Main     0:IMG.ASM      10208
 *--------------------------------------------------------------*/

Macro Pass
Pass1
Pass2
      2        C20F                      ORG $C20F
      3        C20F               DRAW_HJR0
      4  5+3   C20F 34   48              PSHS U,DP
      5  7     C211 10FF C655            STS SSAV_HJR0+2
      6
      7  7     C215 10FE 9F00            LDS $9F00
      8  7     C219 10FF C661            STS ERASE_POS_HJR0_1+2
      9  3     C21D CE   C884            LDU #ERASE_DATA_HJR0_2
     10  4+4   C220 32   E9 020B         LEAS 523,S
     11
     12  4+0   C224 A6   E4              LDA ,S
     13  5+3   C226 36   42              PSHU S,A
     14  2     C228 86   CC              LDA #$cc
     15  4+0   C22A A7   E4              STA ,S
     16  4+4   C22C 32   E9 009F         LEAS 159,S
     17
     18  5+1   C230 EC   E8 88           LDD -120,S
     19  5+2   C233 36   06              PSHU D
     20  2     C235 84   F0              ANDA #$F0
     21  2     C237 8A   0C              ORA #$0c
     22  2     C239 C6   CC              LDB #$cc
     23  5+1   C23B ED   E8 88           STD -120,S
     24  5+1   C23E AE   E8 B0           LDX -80,S
     25  6+1   C241 10AE E8 D8           LDY -40,S
     26  5+4   C245 36   30              PSHU Y,X
     27  3     C247 CC   DDCC            LDD #$ddcc
     28  5+1   C24A ED   E8 B0           STD -80,S
     29  5+1   C24D ED   E8 D8           STD -40,S
     30  4+1   C250 A6   E8 DA           LDA -38,S
     31  5+1   C253 36   02              PSHU A
     32  2     C255 84   0F              ANDA #$0F
     33  2     C257 8A   C0              ORA #$c0
     34  4+1   C259 A7   E8 DA           STA -38,S
     35  5+3   C25C 35   14              PULS B,X
     36  5+5   C25E 36   54              PSHU S,X,B
     37  2     C260 86   DC              LDA #$dc
     38  3     C262 8E   CCCC            LDX #$cccc
     39  5+3   C265 34   12              PSHS A,X
     40  4+1   C267 32   E8 28           LEAS 40,S
     41
     42  5+3   C26A 35   12              PULS A,X
     43  5+5   C26C 36   52              PSHU S,X,A
     44  2     C26E 86   DC              LDA #$dc
     45  3     C270 8E   CCCC            LDX #$cccc
     46  5+3   C273 34   12              PSHS A,X
     47  4+1   C275 32   E8 28           LEAS 40,S
     48
     49  5+3   C278 35   12              PULS A,X
     50  5+5   C27A 36   52              PSHU S,X,A
     51  2     C27C 86   CC              LDA #$cc
     52  3     C27E 8E   CCCC            LDX #$cccc
     53  5+3   C281 34   12              PSHS A,X
     54  4+1   C283 32   E8 28           LEAS 40,S
     55
     56  5+1   C286 EC   E8 27           LDD 39,S
     57  5+2   C289 36   06              PSHU D
     58  2     C28B 84   F0              ANDA #$F0
     59  2     C28D 8A   0D              ORA #$0d
     60  2     C28F C6   CC              LDB #$cc
     61  5+1   C291 ED   E8 27           STD 39,S
     62  5+1   C294 EC   E8 4F           LDD 79,S
     63  5+2   C297 36   06              PSHU D
     64  2     C299 84   F0              ANDA #$F0
     65  2     C29B 8A   0D              ORA #$0d
     66  2     C29D C6   CC              LDB #$cc
     67  5+1   C29F ED   E8 4F           STD 79,S
     68  5+1   C2A2 EC   E8 77           LDD 119,S
     69  5+2   C2A5 36   06              PSHU D
     70  2     C2A7 84   F0              ANDA #$F0
     71  2     C2A9 8A   0D              ORA #$0d
     72  2     C2AB C6   CC              LDB #$cc
     73  5+1   C2AD ED   E8 77           STD 119,S
     74  5+1   C2B0 AE   E8 29           LDX 41,S
     75  6+1   C2B3 10AE E8 51           LDY 81,S
     76  5+4   C2B7 36   30              PSHU Y,X
     77  5+1   C2B9 EC   E8 79           LDD 121,S
     78  5+2   C2BC 36   06              PSHU D
     79  3     C2BE CC   CAAA            LDD #$caaa
     80  5+1   C2C1 ED   E8 79           STD 121,S
     81  3     C2C4 CC   CCAC            LDD #$ccac
     82  5+1   C2C7 ED   E8 51           STD 81,S
     83  2     C2CA C6   CC              LDB #$cc
     84  5+1   C2CC ED   E8 29           STD 41,S
     85  5+3   C2CF 35   12              PULS A,X
     86  5+5   C2D1 36   52              PSHU S,X,A
     87  3     C2D3 8E   CCCC            LDX #$cccc
     88  5+3   C2D6 34   14              PSHS B,X
     89  4+4   C2D8 32   E9 0118         LEAS 280,S
     90
     91  5+1   C2DC AE   E8 89           LDX -119,S
     92  6+1   C2DF 10AE E8 B1           LDY -79,S
     93  5+4   C2E3 36   30              PSHU Y,X
     94  5+1   C2E5 EC   E8 29           LDD 41,S
     95  5+1   C2E8 AE   E8 79           LDX 121,S
     96  6+1   C2EB 10AE E8 D9           LDY -39,S
     97  5+6   C2EF 36   36              PSHU Y,X,D
     98  5+1   C2F1 EC   E8 51           LDD 81,S
     99  5+1   C2F4 AE   61              LDX 1,S
    100  5+4   C2F6 36   16              PSHU X,D
    101  3     C2F8 CC   CCAC            LDD #$ccac
    102  5+1   C2FB ED   E8 89           STD -119,S
    103  2     C2FE C6   CC              LDB #$cc
    104  5+1   C300 ED   E8 B1           STD -79,S
    105  5+1   C303 ED   E8 D9           STD -39,S
    106  5+1   C306 ED   61              STD 1,S
    107  5+1   C308 ED   E8 29           STD 41,S
    108  5+1   C30B ED   E8 51           STD 81,S
    109  5+1   C30E ED   E8 79           STD 121,S
    110  5+1   C311 EC   E8 87           LDD -121,S
    111  5+2   C314 36   06              PSHU D
    112  2     C316 84   F0              ANDA #$F0
    113  2     C318 8A   0D              ORA #$0d
    114  2     C31A C6   CC              LDB #$cc
    115  5+1   C31C ED   E8 87           STD -121,S
    116  5+1   C31F EC   E8 AF           LDD -81,S
    117  5+2   C322 36   06              PSHU D
    118  2     C324 84   F0              ANDA #$F0
    119  2     C326 8A   0D              ORA #$0d
    120  2     C328 C6   CC              LDB #$cc
    121  5+1   C32A ED   E8 AF           STD -81,S
    122  5+1   C32D EC   E8 D7           LDD -41,S
    123  5+2   C330 36   06              PSHU D
    124  2     C332 84   F0              ANDA #$F0
    125  2     C334 8A   0D              ORA #$0d
    126  2     C336 C6   CC              LDB #$cc
    127  5+1   C338 ED   E8 D7           STD -41,S
    128  5+1   C33B EC   7F              LDD -1,S
    129  5+2   C33D 36   06              PSHU D
    130  2     C33F 84   F0              ANDA #$F0
    131  2     C341 8A   0D              ORA #$0d
    132  2     C343 C6   CC              LDB #$cc
    133  5+1   C345 ED   7F              STD -1,S
    134  5+1   C347 EC   E8 27           LDD 39,S
    135  5+2   C34A 36   06              PSHU D
    136  2     C34C 84   F0              ANDA #$F0
    137  2     C34E 8A   0D              ORA #$0d
    138  2     C350 C6   CC              LDB #$cc
    139  5+1   C352 ED   E8 27           STD 39,S
    140  5+1   C355 EC   E8 4F           LDD 79,S
    141  5+2   C358 36   06              PSHU D
    142  2     C35A 84   F0              ANDA #$F0
    143  2     C35C 8A   0D              ORA #$0d
    144  2     C35E C6   CC              LDB #$cc
    145  5+1   C360 ED   E8 4F           STD 79,S
    146  5+1   C363 EC   E8 77           LDD 119,S
    147  5+4   C366 36   46              PSHU S,D
    148  2     C368 84   F0              ANDA #$F0
    149  2     C36A 8A   0D              ORA #$0d
    150  2     C36C C6   CC              LDB #$cc
    151  5+1   C36E ED   E8 77           STD 119,S
    152  4+4   C371 32   E9 00A0         LEAS 160,S
    153
    154  5+1   C375 EC   7F              LDD -1,S
    155  5+2   C377 36   06              PSHU D
    156  2     C379 84   F0              ANDA #$F0
    157  2     C37B 8A   0D              ORA #$0d
    158  2     C37D C6   CC              LDB #$cc
    159  5+1   C37F ED   7F              STD -1,S
    160  5+1   C381 AE   61              LDX 1,S
    161  5+4   C383 36   50              PSHU S,X
    162  3     C385 CC   CCCC            LDD #$cccc
    163  5+1   C388 ED   61              STD 1,S
    164  4+4   C38A 32   E9 00A0         LEAS 160,S
    165
    166  5+1   C38E EC   E8 87           LDD -121,S
    167  5+2   C391 36   06              PSHU D
    168  2     C393 84   F0              ANDA #$F0
    169  2     C395 8A   0D              ORA #$0d
    170  2     C397 C6   CC              LDB #$cc
    171  5+1   C399 ED   E8 87           STD -121,S
    172  5+1   C39C EC   E8 AF           LDD -81,S
    173  5+2   C39F 36   06              PSHU D
    174  2     C3A1 84   F0              ANDA #$F0
    175  2     C3A3 8A   0D              ORA #$0d
    176  2     C3A5 C6   DC              LDB #$dc
    177  5+1   C3A7 ED   E8 AF           STD -81,S
    178  5+1   C3AA EC   E8 D7           LDD -41,S
    179  5+2   C3AD 36   06              PSHU D
    180  2     C3AF 84   F0              ANDA #$F0
    181  2     C3B1 8A   0D              ORA #$0d
    182  2     C3B3 C6   DC              LDB #$dc
    183  5+1   C3B5 ED   E8 D7           STD -41,S
    184  5+1   C3B8 AE   E8 89           LDX -119,S
    185  6+1   C3BB 10AE E8 B1           LDY -79,S
    186  5+4   C3BF 36   30              PSHU Y,X
    187  5+1   C3C1 EC   E8 D9           LDD -39,S
    188  5+2   C3C4 36   06              PSHU D
    189  3     C3C6 CC   CCCC            LDD #$cccc
    190  5+1   C3C9 ED   E8 89           STD -119,S
    191  5+1   C3CC ED   E8 B1           STD -79,S
    192  5+1   C3CF ED   E8 D9           STD -39,S
    193  5+3   C3D2 35   12              PULS A,X
    194  5+5   C3D4 36   52              PSHU S,X,A
    195  2     C3D6 86   DD              LDA #$dd
    196  3     C3D8 8E   CCCC            LDX #$cccc
    197  5+3   C3DB 34   12              PSHS A,X
    198  4+1   C3DD 32   E8 28           LEAS 40,S
    199
    200  5+3   C3E0 35   12              PULS A,X
    201  5+5   C3E2 36   52              PSHU S,X,A
    202  2     C3E4 86   DD              LDA #$dd
    203  3     C3E6 8E   CCCD            LDX #$cccd
    204  5+3   C3E9 34   12              PSHS A,X
    205  4+1   C3EB 32   E8 28           LEAS 40,S
    206
    207  5+3   C3EE 35   12              PULS A,X
    208  5+5   C3F0 36   52              PSHU S,X,A
    209  2     C3F2 86   DD              LDA #$dd
    210  3     C3F4 8E   CCDD            LDX #$ccdd
    211  5+3   C3F7 34   12              PSHS A,X
    212  4+1   C3F9 32   E8 28           LEAS 40,S
    213
    214  5+1   C3FC AE   E8 28           LDX 40,S
    215  6+1   C3FF 10AE E8 50           LDY 80,S
    216  5+4   C403 36   30              PSHU Y,X
    217  3     C405 CC   DDDD            LDD #$dddd
    218  5+1   C408 ED   E8 28           STD 40,S
    219  5+1   C40B ED   E8 50           STD 80,S
    220  4+1   C40E A6   E8 2A           LDA 42,S
    221  5+1   C411 36   02              PSHU A
    222  2     C413 84   0F              ANDA #$0F
    223  2     C415 8A   D0              ORA #$d0
    224  4+1   C417 A7   E8 2A           STA 42,S
    225  5+1   C41A EC   E8 78           LDD 120,S
    226  5+2   C41D 36   06              PSHU D
    227  2     C41F 84   F0              ANDA #$F0
    228  2     C421 8A   0D              ORA #$0d
    229  2     C423 C6   DD              LDB #$dd
    230  5+1   C425 ED   E8 78           STD 120,S
    231  5+3   C428 35   12              PULS A,X
    232  5+5   C42A 36   52              PSHU S,X,A
    233  3     C42C 8E   CCDD            LDX #$ccdd
    234  5+3   C42F 34   14              PSHS B,X
    235  4+4   C431 32   E9 00A1         LEAS 161,S
    236
    237  4+0   C435 A6   E4              LDA ,S
    238  5+3   C437 36   42              PSHU S,A
    239  2     C439 86   DD              LDA #$dd
    240  4+0   C43B A7   E4              STA ,S
    241
    242  7     C43D 10FE 9F02            LDS $9F00+2
    243  7     C441 10FF C72D            STS ERASE_POS_HJR0_2+2
    244  3     C445 CE   C913            LDU #ERASE_DATA_HJR0_END
    245
    246  4+4   C448 32   E9 021E         LEAS 542,S
    247
    248  4+1   C44C A6   E8 EC           LDA -20,S
    249  5+1   C44F AE   E8 14           LDX 20,S
    250  5+5   C452 36   52              PSHU S,X,A
    251  3     C454 CC   DCCC            LDD #$dccc
    252  5+1   C457 ED   E8 14           STD 20,S
    253  4+1   C45A E7   E8 EC           STB -20,S
    254  4+4   C45D 32   E9 00B3         LEAS 179,S
    255
    256  5+1   C461 EC   E8 B0           LDD -80,S
    257  5+2   C464 36   06              PSHU D
    258  2     C466 84   F0              ANDA #$F0
    259  2     C468 8A   0D              ORA #$0d
    260  2     C46A C6   CC              LDB #$cc
    261  5+1   C46C ED   E8 B0           STD -80,S
    262  5+1   C46F EC   E8 D8           LDD -40,S
    263  5+2   C472 36   06              PSHU D
    264  2     C474 84   F0              ANDA #$F0
    265  2     C476 8A   0D              ORA #$0d
    266  2     C478 C6   CC              LDB #$cc
    267  5+1   C47A ED   E8 D8           STD -40,S
    268  4+1   C47D A6   E8 B2           LDA -78,S
    269  5+1   C480 AE   E8 89           LDX -119,S
    270  5+3   C483 36   12              PSHU X,A
    271  3     C485 CC   CCCC            LDD #$cccc
    272  5+1   C488 ED   E8 89           STD -119,S
    273  4+1   C48B A6   E8 DA           LDA -38,S
    274  4+1   C48E E7   E8 B2           STB -78,S
    275  4+1   C491 E7   E8 DA           STB -38,S
    276  5+3   C494 35   14              PULS B,X
    277  5+6   C496 36   56              PSHU S,X,B,A
    278  2     C498 86   DD              LDA #$dd
    279  3     C49A 8E   CCCC            LDX #$cccc
    280  5+3   C49D 34   12              PSHS A,X
    281  4+1   C49F 32   E8 28           LEAS 40,S
    282
    283  5+3   C4A2 35   12              PULS A,X
    284  5+5   C4A4 36   52              PSHU S,X,A
    285  2     C4A6 86   DD              LDA #$dd
    286  3     C4A8 8E   CCCA            LDX #$ccca
    287  5+3   C4AB 34   12              PSHS A,X
    288  4+1   C4AD 32   E8 28           LEAS 40,S
    289
    290  4+1   C4B0 A6   63              LDA 3,S
    291  5+1   C4B2 36   02              PSHU A
    292  2     C4B4 84   0F              ANDA #$0F
    293  2     C4B6 8A   C0              ORA #$c0
    294  4+1   C4B8 A7   63              STA 3,S
    295  5+3   C4BA 35   14              PULS B,X
    296  5+5   C4BC 36   54              PSHU S,X,B
    297  2     C4BE 86   DD              LDA #$dd
    298  3     C4C0 8E   CCCA            LDX #$ccca
    299  5+3   C4C3 34   12              PSHS A,X
    300  4+1   C4C5 32   E8 28           LEAS 40,S
    301
    302  4+1   C4C8 A6   63              LDA 3,S
    303  5+1   C4CA 36   02              PSHU A
    304  2     C4CC 84   0F              ANDA #$0F
    305  2     C4CE 8A   C0              ORA #$c0
    306  4+1   C4D0 A7   63              STA 3,S
    307  5+3   C4D2 35   14              PULS B,X
    308  5+5   C4D4 36   54              PSHU S,X,B
    309  2     C4D6 86   DD              LDA #$dd
    310  3     C4D8 8E   CCCA            LDX #$ccca
    311  5+3   C4DB 34   12              PSHS A,X
    312  4+1   C4DD 32   E8 28           LEAS 40,S
    313
    314  4+1   C4E0 A6   63              LDA 3,S
    315  5+1   C4E2 36   02              PSHU A
    316  2     C4E4 84   0F              ANDA #$0F
    317  2     C4E6 8A   C0              ORA #$c0
    318  4+1   C4E8 A7   63              STA 3,S
    319  5+3   C4EA 35   14              PULS B,X
    320  5+5   C4EC 36   54              PSHU S,X,B
    321  2     C4EE 86   DC              LDA #$dc
    322  3     C4F0 8E   CCAB            LDX #$ccab
    323  5+3   C4F3 34   12              PSHS A,X
    324  4+1   C4F5 32   E8 28           LEAS 40,S
    325
    326  4+1   C4F8 A6   63              LDA 3,S
    327  5+1   C4FA 36   02              PSHU A
    328  2     C4FC 84   0F              ANDA #$0F
    329  2     C4FE 8A   C0              ORA #$c0
    330  4+1   C500 A7   63              STA 3,S
    331  5+3   C502 35   14              PULS B,X
    332  5+5   C504 36   54              PSHU S,X,B
    333  2     C506 86   DC              LDA #$dc
    334  3     C508 8E   CCAB            LDX #$ccab
    335  5+3   C50B 34   12              PSHS A,X
    336  4+1   C50D 32   E8 28           LEAS 40,S
    337
    338  5+4   C510 35   30              PULS X,Y
    339  5+6   C512 36   70              PSHU S,Y,X
    340  3     C514 CC   DCCC            LDD #$dccc
    341  3     C517 8E   ABCC            LDX #$abcc
    342  5+4   C51A 34   16              PSHS D,X
    343  4+1   C51C 32   E8 28           LEAS 40,S
    344
    345  5+4   C51F 35   30              PULS X,Y
    346  5+6   C521 36   70              PSHU S,Y,X
    347  3     C523 CC   DCCC            LDD #$dccc
    348  3     C526 8E   CACC            LDX #$cacc
    349  5+4   C529 34   16              PSHS D,X
    350  4+1   C52B 32   E8 28           LEAS 40,S
    351
    352  5+4   C52E 35   30              PULS X,Y
    353  5+6   C530 36   70              PSHU S,Y,X
    354  3     C532 CC   DCCC            LDD #$dccc
    355  3     C535 8E   CACC            LDX #$cacc
    356  5+4   C538 34   16              PSHS D,X
    357  4+1   C53A 32   E8 28           LEAS 40,S
    358
    359  5+4   C53D 35   30              PULS X,Y
    360  5+6   C53F 36   70              PSHU S,Y,X
    361  3     C541 CC   DCCC            LDD #$dccc
    362  3     C544 8E   CACC            LDX #$cacc
    363  5+4   C547 34   16              PSHS D,X
    364  4+1   C549 32   E8 28           LEAS 40,S
    365
    366  5+4   C54C 35   30              PULS X,Y
    367  5+6   C54E 36   70              PSHU S,Y,X
    368  3     C550 CC   DCCC            LDD #$dccc
    369  3     C553 8E   CCCC            LDX #$cccc
    370  5+4   C556 34   16              PSHS D,X
    371  4+1   C558 32   E8 28           LEAS 40,S
    372
    373  5+4   C55B 35   30              PULS X,Y
    374  5+6   C55D 36   70              PSHU S,Y,X
    375  3     C55F CC   DCCC            LDD #$dccc
    376  3     C562 8E   CCCC            LDX #$cccc
    377  5+4   C565 34   16              PSHS D,X
    378  4+1   C567 32   E8 28           LEAS 40,S
    379
    380  5+4   C56A 35   30              PULS X,Y
    381  5+6   C56C 36   70              PSHU S,Y,X
    382  3     C56E CC   DDCC            LDD #$ddcc
    383  3     C571 8E   CCCC            LDX #$cccc
    384  5+4   C574 34   16              PSHS D,X
    385  4+1   C576 32   E8 28           LEAS 40,S
    386
    387  5+4   C579 35   30              PULS X,Y
    388  5+6   C57B 36   70              PSHU S,Y,X
    389  3     C57D CC   DDCC            LDD #$ddcc
    390  3     C580 8E   CCCC            LDX #$cccc
    391  5+4   C583 34   16              PSHS D,X
    392  4+1   C585 32   E8 28           LEAS 40,S
    393
    394  4+1   C588 A6   63              LDA 3,S
    395  5+1   C58A 36   02              PSHU A
    396  2     C58C 84   0F              ANDA #$0F
    397  2     C58E 8A   C0              ORA #$c0
    398  4+1   C590 A7   63              STA 3,S
    399  5+3   C592 35   14              PULS B,X
    400  5+5   C594 36   54              PSHU S,X,B
    401  2     C596 86   DD              LDA #$dd
    402  3     C598 8E   CCCC            LDX #$cccc
    403  5+3   C59B 34   12              PSHS A,X
    404  4+1   C59D 32   E8 28           LEAS 40,S
    405
    406  4+1   C5A0 A6   63              LDA 3,S
    407  5+1   C5A2 36   02              PSHU A
    408  2     C5A4 84   0F              ANDA #$0F
    409  2     C5A6 8A   C0              ORA #$c0
    410  4+1   C5A8 A7   63              STA 3,S
    411  5+3   C5AA 35   14              PULS B,X
    412  5+5   C5AC 36   54              PSHU S,X,B
    413  2     C5AE 86   DD              LDA #$dd
    414  3     C5B0 8E   CCCC            LDX #$cccc
    415  5+3   C5B3 34   12              PSHS A,X
    416  4+1   C5B5 32   E8 28           LEAS 40,S
    417
    418  4+1   C5B8 A6   63              LDA 3,S
    419  5+1   C5BA 36   02              PSHU A
    420  2     C5BC 84   0F              ANDA #$0F
    421  2     C5BE 8A   D0              ORA #$d0
    422  4+1   C5C0 A7   63              STA 3,S
    423  5+3   C5C2 35   14              PULS B,X
    424  5+5   C5C4 36   54              PSHU S,X,B
    425  2     C5C6 86   DD              LDA #$dd
    426  3     C5C8 8E   CCCC            LDX #$cccc
    427  5+3   C5CB 34   12              PSHS A,X
    428  4+1   C5CD 32   E8 28           LEAS 40,S
    429
    430  4+1   C5D0 A6   63              LDA 3,S
    431  5+1   C5D2 36   02              PSHU A
    432  2     C5D4 84   0F              ANDA #$0F
    433  2     C5D6 8A   D0              ORA #$d0
    434  4+1   C5D8 A7   63              STA 3,S
    435  5+3   C5DA 35   14              PULS B,X
    436  5+5   C5DC 36   54              PSHU S,X,B
    437  2     C5DE 86   DD              LDA #$dd
    438  3     C5E0 8E   CCCC            LDX #$cccc
    439  5+3   C5E3 34   12              PSHS A,X
    440  4+1   C5E5 32   E8 28           LEAS 40,S
    441
    442  4+1   C5E8 A6   63              LDA 3,S
    443  5+1   C5EA 36   02              PSHU A
    444  2     C5EC 84   0F              ANDA #$0F
    445  2     C5EE 8A   D0              ORA #$d0
    446  4+1   C5F0 A7   63              STA 3,S
    447  5+3   C5F2 35   14              PULS B,X
    448  5+5   C5F4 36   54              PSHU S,X,B
    449  2     C5F6 86   DD              LDA #$dd
    450  3     C5F8 8E   CCCC            LDX #$cccc
    451  5+3   C5FB 34   12              PSHS A,X
    452  4+1   C5FD 32   E8 28           LEAS 40,S
    453
    454  5+1   C600 EC   E8 28           LDD 40,S
    455  5+2   C603 36   06              PSHU D
    456  2     C605 84   F0              ANDA #$F0
    457  2     C607 8A   0D              ORA #$0d
    458  2     C609 C6   DD              LDB #$dd
    459  5+1   C60B ED   E8 28           STD 40,S
    460  5+1   C60E EC   E8 50           LDD 80,S
    461  5+2   C611 36   06              PSHU D
    462  2     C613 84   F0              ANDA #$F0
    463  2     C615 8A   0D              ORA #$0d
    464  2     C617 C6   DD              LDB #$dd
    465  5+1   C619 ED   E8 50           STD 80,S
    466  4+1   C61C A6   E8 2A           LDA 42,S
    467  4+1   C61F E6   E8 52           LDB 82,S
    468  5+1   C622 AE   E8 79           LDX 121,S
    469  5+4   C625 36   16              PSHU X,B,A
    470  2     C627 86   CD              LDA #$cd
    471  4+1   C629 A7   E8 2A           STA 42,S
    472  3     C62C CC   DDDD            LDD #$dddd
    473  5+1   C62F ED   E8 79           STD 121,S
    474  4+1   C632 A7   E8 52           STA 82,S
    475  5+3   C635 35   12              PULS A,X
    476  5+5   C637 36   52              PSHU S,X,A
    477  3     C639 8E   DCCC            LDX #$dccc
    478  5+3   C63C 34   14              PSHS B,X
    479  4+4   C63E 32   E9 00B5         LEAS 181,S
    480
    481  4+1   C642 A6   E8 14           LDA 20,S
    482  5+1   C645 AE   E8 EC           LDX -20,S
    483  5+5   C648 36   52              PSHU S,X,A
    484  3     C64A CC   DDDD            LDD #$dddd
    485  5+1   C64D ED   E8 EC           STD -20,S
    486  4+1   C650 A7   E8 14           STA 20,S
    487        C653               SSAV_HJR0
    488  4     C653 10CE 0000            LDS #$0000
    489  5+5   C657 35   C8              PULS DP,U,PC * Ajout du PC au PULS>>
    490
    491        C659               ERASE_HJR0
    492  5+3   C659 34   48              PSHS U,DP
    493  7     C65B 10FF C808            STS ERASE_SSAV_HJR0+2
    494
    495        C65F               ERASE_POS_HJR0_1
    496  4     C65F 10CE 0000            LDS #$0000
    497  3     C663 CE   C80C            LDU #ERASE_DATA_HJR0_1
    498
    499        C666               ERASE_CODE_HJR0_1
    500  5+3   C666 37   42              PULU A,S
    501  4+0   C668 A7   E4              STA ,S
    502
    503  5+7   C66A 37   72              PULU A,X,Y,S
    504  4+1   C66C A7   61              STA 1,S
    505  5+1   C66E AF   63              STX 3,S
    506  6+1   C670 10AF E8 78           STY 120,S
    507
    508  5+5   C674 37   32              PULU A,X,Y
    509  4+1   C676 A7   E8 2A           STA 42,S
    510  5+1   C679 AF   E8 28           STX 40,S
    511  6+1   C67C 10AF E8 50           STY 80,S
    512
    513  5+5   C680 37   52              PULU A,X,S
    514  4+1   C682 A7   61              STA 1,S
    515  5+1   C684 AF   63              STX 3,S
    516
    517  5+5   C686 37   52              PULU A,X,S
    518  4+1   C688 A7   61              STA 1,S
    519  5+1   C68A AF   63              STX 3,S
    520
    521  5+7   C68C 37   72              PULU A,X,Y,S
    522  4+1   C68E A7   61              STA 1,S
    523  5+1   C690 AF   63              STX 3,S
    524  6+1   C692 10AF E8 D9           STY -39,S
    525
    526  5+6   C696 37   36              PULU D,X,Y
    527  5+1   C698 ED   E8 89           STD -119,S
    528  5+1   C69B AF   E8 B1           STX -79,S
    529  6+1   C69E 10AF E8 D7           STY -41,S
    530
    531  5+4   C6A2 37   16              PULU D,X
    532  5+1   C6A4 ED   E8 AF           STD -81,S
    533  5+1   C6A7 AF   E8 87           STX -121,S
    534
    535  5+6   C6AA 37   56              PULU D,X,S
    536  5+1   C6AC ED   61              STD 1,S
    537  5+1   C6AE AF   7F              STX -1,S
    538
    539  5+8   C6B0 37   76              PULU D,X,Y,S
    540  5+1   C6B2 ED   E8 77           STD 119,S
    541  5+1   C6B5 AF   E8 4F           STX 79,S
    542  6+1   C6B8 10AF E8 27           STY 39,S
    543
    544  5+6   C6BC 37   36              PULU D,X,Y
    545  5+1   C6BE ED   7F              STD -1,S
    546  5+1   C6C0 AF   E8 D7           STX -41,S
    547  6+1   C6C3 10AF E8 AF           STY -81,S
    548
    549  5+6   C6C7 37   36              PULU D,X,Y
    550  5+1   C6C9 ED   E8 87           STD -121,S
    551  5+1   C6CC AF   E8 51           STX 81,S
    552  6+1   C6CF 10AF 61              STY 1,S
    553
    554  5+6   C6D2 37   36              PULU D,X,Y
    555  5+1   C6D4 ED   E8 29           STD 41,S
    556  5+1   C6D7 AF   E8 79           STX 121,S
    557  6+1   C6DA 10AF E8 D9           STY -39,S
    558
    559  5+4   C6DE 37   16              PULU D,X
    560  5+1   C6E0 ED   E8 89           STD -119,S
    561  5+1   C6E3 AF   E8 B1           STX -79,S
    562
    563  5+7   C6E6 37   72              PULU A,X,Y,S
    564  4+1   C6E8 A7   61              STA 1,S
    565  5+1   C6EA AF   63              STX 3,S
    566  6+1   C6EC 10AF E8 79           STY 121,S
    567
    568  5+6   C6F0 37   36              PULU D,X,Y
    569  5+1   C6F2 ED   E8 29           STD 41,S
    570  5+1   C6F5 AF   E8 51           STX 81,S
    571  6+1   C6F8 10AF E8 77           STY 119,S
    572
    573  5+4   C6FC 37   16              PULU D,X
    574  5+1   C6FE ED   E8 4F           STD 79,S
    575  5+1   C701 AF   E8 27           STX 39,S
    576
    577  5+5   C704 37   52              PULU A,X,S
    578  4+1   C706 A7   61              STA 1,S
    579  5+1   C708 AF   63              STX 3,S
    580
    581  5+5   C70A 37   52              PULU A,X,S
    582  4+1   C70C A7   61              STA 1,S
    583  5+1   C70E AF   63              STX 3,S
    584
    585  5+5   C710 37   52              PULU A,X,S
    586  4+1   C712 A7   61              STA 1,S
    587  5+1   C714 AF   63              STX 3,S
    588
    589  5+5   C716 37   32              PULU A,X,Y
    590  4+1   C718 A7   E8 DA           STA -38,S
    591  5+1   C71B AF   E8 B0           STX -80,S
    592  6+1   C71E 10AF E8 D8           STY -40,S
    593
    594  5+2   C722 37   06              PULU D
    595  5+1   C724 ED   E8 88           STD -120,S
    596
    597  5+3   C727 37   42              PULU A,S
    598  4+0   C729 A7   E4              STA ,S
    599
    600        C72B               ERASE_POS_HJR0_2
    601  4     C72B 10CE 0000            LDS #$0000
    602  3     C72F CE   C884            LDU #ERASE_DATA_HJR0_2
    603
    604        C732               ERASE_CODE_HJR0_2
    605  5+5   C732 37   52              PULU A,X,S
    606  4+1   C734 A7   E8 14           STA 20,S
    607  5+1   C737 AF   E8 EC           STX -20,S
    608
    609  5+5   C73A 37   52              PULU A,X,S
    610  4+1   C73C A7   61              STA 1,S
    611  5+1   C73E AF   63              STX 3,S
    612
    613  5+6   C740 37   36              PULU A,B,X,Y
    614  4+1   C742 A7   E8 2A           STA 42,S
    615  4+1   C745 E7   E8 52           STB 82,S
    616  5+1   C748 AF   E8 79           STX 121,S
    617  6+1   C74B 10AF E8 50           STY 80,S
    618
    619  5+2   C74F 37   06              PULU D
    620  5+1   C751 ED   E8 28           STD 40,S
    621
    622  5+5   C754 37   52              PULU A,X,S
    623  4+1   C756 A7   61              STA 1,S
    624  5+1   C758 AF   63              STX 3,S
    625
    626  5+1   C75A 37   02              PULU A
    627  4+1   C75C A7   63              STA 3,S
    628
    629  5+5   C75E 37   52              PULU A,X,S
    630  4+1   C760 A7   61              STA 1,S
    631  5+1   C762 AF   63              STX 3,S
    632
    633  5+1   C764 37   02              PULU A
    634  4+1   C766 A7   63              STA 3,S
    635
    636  5+5   C768 37   52              PULU A,X,S
    637  4+1   C76A A7   61              STA 1,S
    638  5+1   C76C AF   63              STX 3,S
    639
    640  5+1   C76E 37   02              PULU A
    641  4+1   C770 A7   63              STA 3,S
    642
    643  5+5   C772 37   52              PULU A,X,S
    644  4+1   C774 A7   61              STA 1,S
    645  5+1   C776 AF   63              STX 3,S
    646
    647  5+1   C778 37   02              PULU A
    648  4+1   C77A A7   63              STA 3,S
    649
    650  5+5   C77C 37   52              PULU A,X,S
    651  4+1   C77E A7   61              STA 1,S
    652  5+1   C780 AF   63              STX 3,S
    653
    654  5+1   C782 37   02              PULU A
    655  4+1   C784 A7   63              STA 3,S
    656
    657  5+6   C786 37   56              PULU D,X,S
    658  5+1   C788 ED   62              STD 2,S
    659  5+1   C78A AF   64              STX 4,S
    660
    661  5+6   C78C 37   56              PULU D,X,S
    662  5+1   C78E ED   62              STD 2,S
    663  5+1   C790 AF   64              STX 4,S
    664
    665  5+6   C792 37   56              PULU D,X,S
    666  5+1   C794 ED   62              STD 2,S
    667  5+1   C796 AF   64              STX 4,S
    668
    669  5+6   C798 37   56              PULU D,X,S
    670  5+1   C79A ED   62              STD 2,S
    671  5+1   C79C AF   64              STX 4,S
    672
    673  5+6   C79E 37   56              PULU D,X,S
    674  5+1   C7A0 ED   62              STD 2,S
    675  5+1   C7A2 AF   64              STX 4,S
    676
    677  5+6   C7A4 37   56              PULU D,X,S
    678  5+1   C7A6 ED   62              STD 2,S
    679  5+1   C7A8 AF   64              STX 4,S
    680
    681  5+6   C7AA 37   56              PULU D,X,S
    682  5+1   C7AC ED   62              STD 2,S
    683  5+1   C7AE AF   64              STX 4,S
    684
    685  5+6   C7B0 37   56              PULU D,X,S
    686  5+1   C7B2 ED   62              STD 2,S
    687  5+1   C7B4 AF   64              STX 4,S
    688
    689  5+5   C7B6 37   52              PULU A,X,S
    690  4+1   C7B8 A7   61              STA 1,S
    691  5+1   C7BA AF   63              STX 3,S
    692
    693  5+1   C7BC 37   02              PULU A
    694  4+1   C7BE A7   63              STA 3,S
    695
    696  5+5   C7C0 37   52              PULU A,X,S
    697  4+1   C7C2 A7   61              STA 1,S
    698  5+1   C7C4 AF   63              STX 3,S
    699
    700  5+1   C7C6 37   02              PULU A
    701  4+1   C7C8 A7   63              STA 3,S
    702
    703  5+5   C7CA 37   52              PULU A,X,S
    704  4+1   C7CC A7   61              STA 1,S
    705  5+1   C7CE AF   63              STX 3,S
    706
    707  5+1   C7D0 37   02              PULU A
    708  4+1   C7D2 A7   63              STA 3,S
    709
    710  5+5   C7D4 37   52              PULU A,X,S
    711  4+1   C7D6 A7   61              STA 1,S
    712  5+1   C7D8 AF   63              STX 3,S
    713
    714  5+1   C7DA 37   02              PULU A
    715  4+1   C7DC A7   63              STA 3,S
    716
    717  5+5   C7DE 37   52              PULU A,X,S
    718  4+1   C7E0 A7   61              STA 1,S
    719  5+1   C7E2 AF   63              STX 3,S
    720
    721  5+6   C7E4 37   56              PULU A,B,X,S
    722  4+1   C7E6 A7   E8 DA           STA -38,S
    723  4+1   C7E9 E7   61              STB 1,S
    724  5+1   C7EB AF   63              STX 3,S
    725
    726  5+5   C7ED 37   32              PULU A,X,Y
    727  4+1   C7EF A7   E8 B2           STA -78,S
    728  5+1   C7F2 AF   E8 89           STX -119,S
    729  6+1   C7F5 10AF E8 D8           STY -40,S
    730
    731  5+2   C7F9 37   06              PULU D
    732  5+1   C7FB ED   E8 B0           STD -80,S
    733
    734  5+5   C7FE 37   52              PULU A,X,S
    735  4+1   C800 A7   E8 EC           STA -20,S
    736  5+1   C803 AF   E8 14           STX 20,S
    737
    738        C806               ERASE_SSAV_HJR0
    739  4     C806 10CE 0000            LDS #$0000
    740  5+5   C80A 35   C8              PULS DP,U,PC * Ajout du PC au PULS>>
    741
    742        C80C               ERASE_DATA_HJR0_1
    743        C80C 0000                 FDB $0000
    744        C80E 0000                 FDB $0000
    745        C810 0000                 FDB $0000
    746        C812 0000                 FDB $0000
    747        C814 0000                 FDB $0000
    748        C816 0000                 FDB $0000
    749        C818 0000                 FDB $0000
    750        C81A 0000                 FDB $0000
    751        C81C 0000                 FDB $0000
    752        C81E 0000                 FDB $0000
    753        C820 0000                 FDB $0000
    754        C822 0000                 FDB $0000
    755        C824 0000                 FDB $0000
    756        C826 0000                 FDB $0000
    757        C828 0000                 FDB $0000
    758        C82A 0000                 FDB $0000
    759        C82C 0000                 FDB $0000
    760        C82E 0000                 FDB $0000
    761        C830 0000                 FDB $0000
    762        C832 0000                 FDB $0000
    763        C834 0000                 FDB $0000
    764        C836 0000                 FDB $0000
    765        C838 0000                 FDB $0000
    766        C83A 0000                 FDB $0000
    767        C83C 0000                 FDB $0000
    768        C83E 0000                 FDB $0000
    769        C840 0000                 FDB $0000
    770        C842 0000                 FDB $0000
    771        C844 0000                 FDB $0000
    772        C846 0000                 FDB $0000
    773        C848 0000                 FDB $0000
    774        C84A 0000                 FDB $0000
    775        C84C 0000                 FDB $0000
    776        C84E 0000                 FDB $0000
    777        C850 0000                 FDB $0000
    778        C852 0000                 FDB $0000
    779        C854 0000                 FDB $0000
    780        C856 0000                 FDB $0000
    781        C858 0000                 FDB $0000
    782        C85A 0000                 FDB $0000
    783        C85C 0000                 FDB $0000
    784        C85E 0000                 FDB $0000
    785        C860 0000                 FDB $0000
    786        C862 0000                 FDB $0000
    787        C864 0000                 FDB $0000
    788        C866 0000                 FDB $0000
    789        C868 0000                 FDB $0000
    790        C86A 0000                 FDB $0000
    791        C86C 0000                 FDB $0000
    792        C86E 0000                 FDB $0000
    793        C870 0000                 FDB $0000
    794        C872 0000                 FDB $0000
    795        C874 0000                 FDB $0000
    796        C876 0000                 FDB $0000
    797        C878 0000                 FDB $0000
    798        C87A 0000                 FDB $0000
    799        C87C 0000                 FDB $0000
    800        C87E 0000                 FDB $0000
    801        C880 0000                 FDB $0000
    802        C882 0000                 FDB $0000
    803        C884               ERASE_DATA_HJR0_2
    804        C884 0000                 FDB $0000
    805        C886 0000                 FDB $0000
    806        C888 0000                 FDB $0000
    807        C88A 0000                 FDB $0000
    808        C88C 0000                 FDB $0000
    809        C88E 0000                 FDB $0000
    810        C890 0000                 FDB $0000
    811        C892 0000                 FDB $0000
    812        C894 0000                 FDB $0000
    813        C896 0000                 FDB $0000
    814        C898 0000                 FDB $0000
    815        C89A 0000                 FDB $0000
    816        C89C 0000                 FDB $0000
    817        C89E 0000                 FDB $0000
    818        C8A0 0000                 FDB $0000
    819        C8A2 0000                 FDB $0000
    820        C8A4 0000                 FDB $0000
    821        C8A6 0000                 FDB $0000
    822        C8A8 0000                 FDB $0000
    823        C8AA 0000                 FDB $0000
    824        C8AC 0000                 FDB $0000
    825        C8AE 0000                 FDB $0000
    826        C8B0 0000                 FDB $0000
    827        C8B2 0000                 FDB $0000
    828        C8B4 0000                 FDB $0000
    829        C8B6 0000                 FDB $0000
    830        C8B8 0000                 FDB $0000
    831        C8BA 0000                 FDB $0000
    832        C8BC 0000                 FDB $0000
    833        C8BE 0000                 FDB $0000
    834        C8C0 0000                 FDB $0000
    835        C8C2 0000                 FDB $0000
    836        C8C4 0000                 FDB $0000
    837        C8C6 0000                 FDB $0000
    838        C8C8 0000                 FDB $0000
    839        C8CA 0000                 FDB $0000
    840        C8CC 0000                 FDB $0000
    841        C8CE 0000                 FDB $0000
    842        C8D0 0000                 FDB $0000
    843        C8D2 0000                 FDB $0000
    844        C8D4 0000                 FDB $0000
    845        C8D6 0000                 FDB $0000
    846        C8D8 0000                 FDB $0000
    847        C8DA 0000                 FDB $0000
    848        C8DC 0000                 FDB $0000
    849        C8DE 0000                 FDB $0000
    850        C8E0 0000                 FDB $0000
    851        C8E2 0000                 FDB $0000
    852        C8E4 0000                 FDB $0000
    853        C8E6 0000                 FDB $0000
    854        C8E8 0000                 FDB $0000
    855        C8EA 0000                 FDB $0000
    856        C8EC 0000                 FDB $0000
    857        C8EE 0000                 FDB $0000
    858        C8F0 0000                 FDB $0000
    859        C8F2 0000                 FDB $0000
    860        C8F4 0000                 FDB $0000
    861        C8F6 0000                 FDB $0000
    862        C8F8 0000                 FDB $0000
    863        C8FA 0000                 FDB $0000
    864        C8FC 0000                 FDB $0000
    865        C8FE 0000                 FDB $0000
    866        C900 0000                 FDB $0000
    867        C902 0000                 FDB $0000
    868        C904 0000                 FDB $0000
    869        C906 0000                 FDB $0000
    870        C908 0000                 FDB $0000
    871        C90A 0000                 FDB $0000
    872        C90C 0000                 FDB $0000
    873        C90E 0000                 FDB $0000
    874        C910 0000                 FDB $0000
    875        C912 00                   FCB $00
    876        C913               ERASE_DATA_HJR0_END

000000 Total Errors

000011 Total Symbols
     0x          Label C20F DRAW_HJR0
     0x          Label C666 ERASE_CODE_HJR0_1
     0x          Label C732 ERASE_CODE_HJR0_2
     1x          Label C80C ERASE_DATA_HJR0_1
     2x          Label C884 ERASE_DATA_HJR0_2
     1x          Label C913 ERASE_DATA_HJR0_END
     0x          Label C659 ERASE_HJR0
     1x          Label C65F ERASE_POS_HJR0_1
     1x          Label C72B ERASE_POS_HJR0_2
     1x          Label C806 ERASE_SSAV_HJR0
     1x          Label C653 SSAV_HJR0

