/*--------------------------------------------------------------*
 * Compilé avec C6809 v0.83                                     *
 *--------------------------------------------------------------*
 * Fichier source      : tmp/HRL2.ASM
 * Fichier destination : tmp/HRL2.BIN
 * Contenu :
 *     Main     0:IMG.ASM      9817
 *--------------------------------------------------------------*/

Macro Pass
Pass1
Pass2
      2        B53F                      ORG $B53F
      3        B53F               DRAW_HRL2
      4  5+3   B53F 34   48              PSHS U,DP
      5  7     B541 10FF B9E7            STS SSAV_HRL2+2
      6
      7  7     B545 10FE 9F00            LDS $9F00
      8  7     B549 10FF B9F3            STS ERASE_POS_HRL2_1+2
      9  3     B54D CE   BBF3            LDU #ERASE_DATA_HRL2_2
     10  4+4   B550 32   E9 025B         LEAS 603,S
     11
     12  5+1   B554 AE   E8 D7           LDX -41,S
     13  6+1   B557 10AE E8 77           LDY 119,S
     14  5+4   B55B 36   30              PSHU Y,X
     15  4+1   B55D A6   E8 88           LDA -120,S
     16  5+1   B560 AE   E8 27           LDX 39,S
     17  6+1   B563 10AE 7F              LDY -1,S
     18  5+5   B566 36   32              PSHU Y,X,A
     19  5+1   B568 EC   E8 4F           LDD 79,S
     20  5+2   B56B 36   06              PSHU D
     21  2     B56D 86   AC              LDA #$ac
     22  2     B56F C4   0F              ANDB #$0F
     23  2     B571 CA   C0              ORB #$c0
     24  5+1   B573 ED   E8 4F           STD 79,S
     25  3     B576 CC   AADD            LDD #$aadd
     26  5+1   B579 ED   E8 27           STD 39,S
     27  2     B57C C6   CD              LDB #$cd
     28  5+1   B57E ED   7F              STD -1,S
     29  2     B580 C6   CC              LDB #$cc
     30  5+1   B582 ED   E8 77           STD 119,S
     31  2     B585 86   CA              LDA #$ca
     32  5+1   B587 ED   E8 D7           STD -41,S
     33  4+1   B58A E7   E8 88           STB -120,S
     34  5+1   B58D EC   E8 AF           LDD -81,S
     35  5+4   B590 36   46              PSHU S,D
     36  2     B592 84   F0              ANDA #$F0
     37  2     B594 8A   0C              ORA #$0c
     38  2     B596 C6   CC              LDB #$cc
     39  5+1   B598 ED   E8 AF           STD -81,S
     40  4+4   B59B 32   E9 0118         LEAS 280,S
     41
     42  4+1   B59F A6   E8 B0           LDA -80,S
     43  4+1   B5A2 E6   E8 50           LDB 80,S
     44  5+1   B5A5 AE   E8 87           LDX -121,S
     45  5+4   B5A8 36   16              PSHU X,B,A
     46  5+1   B5AA EC   E8 D8           LDD -40,S
     47  5+2   B5AD 36   06              PSHU D
     48  2     B5AF 86   CD              LDA #$cd
     49  2     B5B1 C4   0F              ANDB #$0F
     50  2     B5B3 CA   C0              ORB #$c0
     51  5+1   B5B5 ED   E8 D8           STD -40,S
     52  5+0   B5B8 EC   E4              LDD ,S
     53  5+2   B5BA 36   06              PSHU D
     54  2     B5BC 86   CD              LDA #$cd
     55  2     B5BE C4   0F              ANDB #$0F
     56  2     B5C0 CA   D0              ORB #$d0
     57  5+0   B5C2 ED   E4              STD ,S
     58  4+1   B5C4 A7   E8 B0           STA -80,S
     59  3     B5C7 CC   DACC            LDD #$dacc
     60  5+1   B5CA ED   E8 87           STD -121,S
     61  2     B5CD 86   D0              LDA #$d0
     62  4+1   B5CF A7   E8 50           STA 80,S
     63  5+1   B5D2 EC   E8 AE           LDD -82,S
     64  5+2   B5D5 36   06              PSHU D
     65  2     B5D7 84   F0              ANDA #$F0
     66  2     B5D9 8A   0C              ORA #$0c
     67  2     B5DB C6   BC              LDB #$bc
     68  5+1   B5DD ED   E8 AE           STD -82,S
     69  5+1   B5E0 EC   E8 D6           LDD -42,S
     70  5+2   B5E3 36   06              PSHU D
     71  2     B5E5 84   F0              ANDA #$F0
     72  2     B5E7 8A   0D              ORA #$0d
     73  2     B5E9 C6   BA              LDB #$ba
     74  5+1   B5EB ED   E8 D6           STD -42,S
     75  5+1   B5EE EC   7E              LDD -2,S
     76  5+2   B5F0 36   06              PSHU D
     77  2     B5F2 84   F0              ANDA #$F0
     78  2     B5F4 8A   00              ORA #$00
     79  2     B5F6 C6   BA              LDB #$ba
     80  5+1   B5F8 ED   7E              STD -2,S
     81  5+1   B5FA EC   E8 26           LDD 38,S
     82  5+2   B5FD 36   06              PSHU D
     83  2     B5FF 84   F0              ANDA #$F0
     84  2     B601 8A   09              ORA #$09
     85  2     B603 C6   BA              LDB #$ba
     86  5+1   B605 ED   E8 26           STD 38,S
     87  5+1   B608 EC   E8 4E           LDD 78,S
     88  5+2   B60B 36   06              PSHU D
     89  2     B60D 84   F0              ANDA #$F0
     90  2     B60F 8A   09              ORA #$09
     91  2     B611 C6   BA              LDB #$ba
     92  5+1   B613 ED   E8 4E           STD 78,S
     93  5+1   B616 EC   E8 76           LDD 118,S
     94  5+2   B619 36   06              PSHU D
     95  2     B61B 84   F0              ANDA #$F0
     96  2     B61D 8A   0A              ORA #$0a
     97  2     B61F C6   BC              LDB #$bc
     98  5+1   B621 ED   E8 76           STD 118,S
     99  4+1   B624 A6   E8 28           LDA 40,S
    100  4+1   B627 E6   E8 78           LDB 120,S
    101  5+4   B62A 36   46              PSHU S,B,A
    102  2     B62C 86   C0              LDA #$c0
    103  4+1   B62E A7   E8 28           STA 40,S
    104  2     B631 86   DD              LDA #$dd
    105  4+1   B633 A7   E8 78           STA 120,S
    106  4+4   B636 32   E9 0117         LEAS 279,S
    107
    108  4+1   B63A A6   E8 89           LDA -119,S
    109  4+1   B63D E6   E8 B1           LDB -79,S
    110  5+1   B640 AE   E8 50           LDX 80,S
    111  6+0   B643 10AE E4              LDY ,S
    112  5+6   B646 36   36              PSHU Y,X,B,A
    113  3     B648 CC   1110            LDD #$1110
    114  5+1   B64B ED   E8 50           STD 80,S
    115  3     B64E CC   22DD            LDD #$22dd
    116  5+0   B651 ED   E4              STD ,S
    117  5+1   B653 EC   E8 D8           LDD -40,S
    118  5+1   B656 AE   E8 28           LDX 40,S
    119  6+1   B659 10AE E8 79           LDY 121,S
    120  5+6   B65D 36   36              PSHU Y,X,D
    121  3     B65F CC   33D1            LDD #$33d1
    122  5+1   B662 ED   E8 28           STD 40,S
    123  2     B665 86   DD              LDA #$dd
    124  4+1   B667 A7   E8 B1           STA -79,S
    125  5+1   B66A EC   E8 87           LDD -121,S
    126  5+2   B66D 36   06              PSHU D
    127  2     B66F 84   F0              ANDA #$F0
    128  2     B671 8A   00              ORA #$00
    129  2     B673 C6   BB              LDB #$bb
    130  5+1   B675 ED   E8 87           STD -121,S
    131  5+1   B678 EC   E8 AF           LDD -81,S
    132  5+2   B67B 36   06              PSHU D
    133  2     B67D 84   F0              ANDA #$F0
    134  2     B67F 8A   00              ORA #$00
    135  2     B681 C6   B2              LDB #$b2
    136  5+1   B683 ED   E8 AF           STD -81,S
    137  3     B686 CC   220D            LDD #$220d
    138  5+1   B689 ED   E8 D8           STD -40,S
    139  3     B68C CC   23AA            LDD #$23aa
    140  5+1   B68F ED   E8 79           STD 121,S
    141  2     B692 86   DC              LDA #$dc
    142  4+1   B694 A7   E8 89           STA -119,S
    143  4+1   B697 A6   E8 DA           LDA -38,S
    144  5+1   B69A 36   02              PSHU A
    145  2     B69C 84   0F              ANDA #$0F
    146  2     B69E 8A   C0              ORA #$c0
    147  4+1   B6A0 A7   E8 DA           STA -38,S
    148  4+1   B6A3 E6   62              LDB 2,S
    149  5+1   B6A5 36   04              PSHU B
    150  2     B6A7 84   0F              ANDA #$0F
    151  2     B6A9 8A   D0              ORA #$d0
    152  4+1   B6AB A7   62              STA 2,S
    153  4+1   B6AD A6   E8 52           LDA 82,S
    154  5+3   B6B0 36   42              PSHU S,A
    155  2     B6B2 84   0F              ANDA #$0F
    156  2     B6B4 8A   30              ORA #$30
    157  4+1   B6B6 A7   E8 52           STA 82,S
    158  4+4   B6B9 32   E9 00A1         LEAS 161,S
    159
    160  5+1   B6BD EC   7F              LDD -1,S
    161  5+2   B6BF 36   06              PSHU D
    162  2     B6C1 84   F0              ANDA #$F0
    163  2     B6C3 8A   0A              ORA #$0a
    164  2     B6C5 C6   23              LDB #$23
    165  5+1   B6C7 ED   7F              STD -1,S
    166  4+1   B6C9 A6   61              LDA 1,S
    167  5+3   B6CB 36   42              PSHU S,A
    168  2     B6CD 86   AB              LDA #$ab
    169  4+1   B6CF A7   61              STA 1,S
    170  4+4   B6D1 32   E9 009F         LEAS 159,S
    171
    172  5+1   B6D5 EC   E8 88           LDD -120,S
    173  5+2   B6D8 36   06              PSHU D
    174  2     B6DA 84   F0              ANDA #$F0
    175  2     B6DC 8A   0A              ORA #$0a
    176  2     B6DE C6   23              LDB #$23
    177  5+1   B6E0 ED   E8 88           STD -120,S
    178  5+1   B6E3 EC   E8 B0           LDD -80,S
    179  5+2   B6E6 36   06              PSHU D
    180  2     B6E8 84   F0              ANDA #$F0
    181  2     B6EA 8A   0A              ORA #$0a
    182  2     B6EC C6   2C              LDB #$2c
    183  5+1   B6EE ED   E8 B0           STD -80,S
    184  5+1   B6F1 EC   E8 D8           LDD -40,S
    185  5+2   B6F4 36   06              PSHU D
    186  2     B6F6 84   F0              ANDA #$F0
    187  2     B6F8 8A   01              ORA #$01
    188  2     B6FA C6   3C              LDB #$3c
    189  5+1   B6FC ED   E8 D8           STD -40,S
    190  5+1   B6FF EC   E8 28           LDD 40,S
    191  5+2   B702 36   06              PSHU D
    192  2     B704 86   1E              LDA #$1e
    193  2     B706 C4   F0              ANDB #$F0
    194  2     B708 CA   0D              ORB #$0d
    195  5+1   B70A ED   E8 28           STD 40,S
    196  5+1   B70D EC   E8 50           LDD 80,S
    197  5+2   B710 36   06              PSHU D
    198  2     B712 86   10              LDA #$10
    199  2     B714 C4   F0              ANDB #$F0
    200  2     B716 CA   0D              ORB #$0d
    201  5+1   B718 ED   E8 50           STD 80,S
    202  4+1   B71B A6   E8 8A           LDA -118,S
    203  4+1   B71E E6   E8 B2           LDB -78,S
    204  5+2   B721 36   06              PSHU B,A
    205  2     B723 86   AB              LDA #$ab
    206  4+1   B725 A7   E8 B2           STA -78,S
    207  5+1   B728 EC   E8 78           LDD 120,S
    208  5+2   B72B 36   06              PSHU D
    209  2     B72D 84   0F              ANDA #$0F
    210  2     B72F C4   F0              ANDB #$F0
    211  4     B731 C3   100C            ADDD #$100c
    212  5+1   B734 ED   E8 78           STD 120,S
    213  4+1   B737 A6   E8 DA           LDA -38,S
    214  4+1   B73A E6   E8 2A           LDB 42,S
    215  5+2   B73D 36   06              PSHU B,A
    216  2     B73F 84   F0              ANDA #$F0
    217  2     B741 8A   0A              ORA #$0a
    218  4+1   B743 A7   E8 2A           STA 42,S
    219  2     B746 86   BB              LDA #$bb
    220  4+1   B748 A7   E8 8A           STA -118,S
    221  4+1   B74B A7   E8 DA           STA -38,S
    222  5+3   B74E 35   12              PULS A,X
    223  5+5   B750 36   52              PSHU S,X,A
    224  2     B752 86   FE              LDA #$fe
    225  3     B754 8E   DDAB            LDX #$ddab
    226  5+3   B757 34   12              PSHS A,X
    227  4+4   B759 32   E9 0119         LEAS 281,S
    228
    229  5+0   B75D EC   E4              LDD ,S
    230  5+2   B75F 36   06              PSHU D
    231  2     B761 84   F0              ANDA #$F0
    232  2     B763 8A   0B              ORA #$0b
    233  2     B765 C6   11              LDB #$11
    234  5+0   B767 ED   E4              STD ,S
    235  5+1   B769 AE   E8 78           LDX 120,S
    236  5+2   B76C 36   10              PSHU X
    237  4+1   B76E A6   E8 D9           LDA -39,S
    238  4+1   B771 E6   E8 87           LDB -121,S
    239  5+2   B774 36   06              PSHU B,A
    240  2     B776 84   0F              ANDA #$0F
    241  2     B778 8A   E0              ORA #$e0
    242  4+1   B77A A7   E8 87           STA -121,S
    243  4+1   B77D A6   E8 89           LDA -119,S
    244  5+1   B780 36   02              PSHU A
    245  2     B782 84   0F              ANDA #$0F
    246  2     B784 8A   A0              ORA #$a0
    247  4+1   B786 A7   E8 89           STA -119,S
    248  4+1   B789 E6   E8 B1           LDB -79,S
    249  2     B78C 84   0F              ANDA #$0F
    250  2     B78E 8A   90              ORA #$90
    251  4+1   B790 A7   E8 B1           STA -79,S
    252  5+1   B793 AE   E8 50           LDX 80,S
    253  6+1   B796 10AE E8 28           LDY 40,S
    254  5+7   B79A 36   74              PSHU S,Y,X,B
    255  2     B79C 86   A0              LDA #$a0
    256  4+1   B79E A7   E8 D9           STA -39,S
    257  3     B7A1 CC   FF11            LDD #$ff11
    258  5+1   B7A4 ED   E8 28           STD 40,S
    259  2     B7A7 86   2F              LDA #$2f
    260  5+1   B7A9 ED   E8 50           STD 80,S
    261  3     B7AC CC   EE00            LDD #$ee00
    262  5+1   B7AF ED   E8 78           STD 120,S
    263
    264  7     B7B2 10FE 9F02            LDS $9F00+2
    265  7     B7B6 10FF BAC6            STS ERASE_POS_HRL2_2+2
    266  3     B7BA CE   BC59            LDU #ERASE_DATA_HRL2_END
    267
    268  4+4   B7BD 32   E9 0232         LEAS 562,S
    269
    270  5+1   B7C1 EC   E8 B0           LDD -80,S
    271  5+2   B7C4 36   06              PSHU D
    272  2     B7C6 84   F0              ANDA #$F0
    273  2     B7C8 C4   0F              ANDB #$0F
    274  4     B7CA C3   0CC0            ADDD #$0cc0
    275  5+1   B7CD ED   E8 B0           STD -80,S
    276  5+1   B7D0 AE   E8 D8           LDX -40,S
    277  5+2   B7D3 36   10              PSHU X
    278  3     B7D5 CC   CCCD            LDD #$cccd
    279  5+1   B7D8 ED   E8 D8           STD -40,S
    280  5+0   B7DB EC   E4              LDD ,S
    281  5+2   B7DD 36   06              PSHU D
    282  2     B7DF 86   AD              LDA #$ad
    283  2     B7E1 C4   0F              ANDB #$0F
    284  2     B7E3 CA   D0              ORB #$d0
    285  5+0   B7E5 ED   E4              STD ,S
    286  5+1   B7E7 AE   E8 27           LDX 39,S
    287  3     B7EA CC   DCDD            LDD #$dcdd
    288  5+1   B7ED ED   E8 27           STD 39,S
    289  6+1   B7F0 10AE E8 4F           LDY 79,S
    290  5+6   B7F4 36   70              PSHU S,Y,X
    291  3     B7F6 CC   DA32            LDD #$da32
    292  5+1   B7F9 ED   E8 4F           STD 79,S
    293  4+4   B7FC 32   E9 00EF         LEAS 239,S
    294
    295  5+1   B800 AE   E8 88           LDX -120,S
    296  3     B803 CC   CA22            LDD #$ca22
    297  5+1   B806 ED   E8 88           STD -120,S
    298  6+1   B809 10AE E8 B0           LDY -80,S
    299  5+4   B80D 36   30              PSHU Y,X
    300  4+1   B80F A6   E8 DA           LDA -38,S
    301  5+1   B812 36   02              PSHU A
    302  2     B814 84   0F              ANDA #$0F
    303  2     B816 8A   C0              ORA #$c0
    304  4+1   B818 A7   E8 DA           STA -38,S
    305  3     B81B CC   AAA2            LDD #$aaa2
    306  5+1   B81E ED   E8 B0           STD -80,S
    307  5+1   B821 AE   E8 D8           LDX -40,S
    308  5+2   B824 36   10              PSHU X
    309  2     B826 C6   AD              LDB #$ad
    310  5+1   B828 ED   E8 D8           STD -40,S
    311  5+3   B82B 35   12              PULS A,X
    312  5+5   B82D 36   52              PSHU S,X,A
    313  2     B82F 86   AA              LDA #$aa
    314  3     B831 8E   BCDD            LDX #$bcdd
    315  5+3   B834 34   12              PSHS A,X
    316  4+1   B836 32   E8 28           LEAS 40,S
    317
    318  5+3   B839 35   12              PULS A,X
    319  5+5   B83B 36   52              PSHU S,X,A
    320  2     B83D 86   AC              LDA #$ac
    321  3     B83F 8E   AADD            LDX #$aadd
    322  5+3   B842 34   12              PSHS A,X
    323  4+1   B844 32   E8 28           LEAS 40,S
    324
    325  5+1   B847 AE   E8 28           LDX 40,S
    326  3     B84A CC   CAAC            LDD #$caac
    327  5+1   B84D ED   E8 28           STD 40,S
    328  6+1   B850 10AE E8 50           LDY 80,S
    329  5+4   B854 36   30              PSHU Y,X
    330  4+1   B856 A6   E8 2A           LDA 42,S
    331  5+1   B859 36   02              PSHU A
    332  2     B85B 84   0F              ANDA #$0F
    333  2     B85D 8A   D0              ORA #$d0
    334  4+1   B85F A7   E8 2A           STA 42,S
    335  3     B862 CC   A9CC            LDD #$a9cc
    336  5+1   B865 ED   E8 50           STD 80,S
    337  5+1   B868 AE   E8 78           LDX 120,S
    338  5+2   B86B 36   10              PSHU X
    339  2     B86D 86   B9              LDA #$b9
    340  5+1   B86F ED   E8 78           STD 120,S
    341  5+3   B872 35   12              PULS A,X
    342  5+5   B874 36   52              PSHU S,X,A
    343  2     B876 86   A0              LDA #$a0
    344  3     B878 8E   ACDD            LDX #$acdd
    345  5+3   B87B 34   12              PSHS A,X
    346  4+4   B87D 32   E9 00C8         LEAS 200,S
    347
    348  5+1   B881 AE   E8 D8           LDX -40,S
    349  5+2   B884 36   10              PSHU X
    350  3     B886 CC   AB2C            LDD #$ab2c
    351  5+1   B889 ED   E8 D8           STD -40,S
    352  4+1   B88C A6   E8 DA           LDA -38,S
    353  5+1   B88F 36   02              PSHU A
    354  2     B891 84   0F              ANDA #$0F
    355  2     B893 8A   C0              ORA #$c0
    356  4+1   B895 A7   E8 DA           STA -38,S
    357  5+3   B898 35   14              PULS B,X
    358  5+5   B89A 36   54              PSHU S,X,B
    359  2     B89C 86   02              LDA #$02
    360  3     B89E 8E   2DDC            LDX #$2ddc
    361  5+3   B8A1 34   12              PSHS A,X
    362  4+1   B8A3 32   E8 28           LEAS 40,S
    363
    364  5+3   B8A6 35   12              PULS A,X
    365  5+5   B8A8 36   52              PSHU S,X,A
    366  2     B8AA 86   32              LDA #$32
    367  3     B8AC 8E   2DDD            LDX #$2ddd
    368  5+3   B8AF 34   12              PSHS A,X
    369  4+1   B8B1 32   E8 28           LEAS 40,S
    370
    371  5+1   B8B4 EC   E8 28           LDD 40,S
    372  5+2   B8B7 36   06              PSHU D
    373  2     B8B9 84   F0              ANDA #$F0
    374  2     B8BB 8A   01              ORA #$01
    375  2     B8BD C6   D0              LDB #$d0
    376  5+1   B8BF ED   E8 28           STD 40,S
    377  4+1   B8C2 A6   E8 2A           LDA 42,S
    378  5+1   B8C5 AE   E8 51           LDX 81,S
    379  5+3   B8C8 36   12              PSHU X,A
    380  2     B8CA 86   22              LDA #$22
    381  4+1   B8CC A7   E8 2A           STA 42,S
    382  3     B8CF CC   0E13            LDD #$0e13
    383  5+1   B8D2 ED   E8 51           STD 81,S
    384  5+1   B8D5 EC   E8 79           LDD 121,S
    385  5+2   B8D8 36   06              PSHU D
    386  2     B8DA 86   93              LDA #$93
    387  2     B8DC C4   0F              ANDB #$0F
    388  2     B8DE CA   D0              ORB #$d0
    389  5+1   B8E0 ED   E8 79           STD 121,S
    390  5+3   B8E3 35   12              PULS A,X
    391  5+5   B8E5 36   52              PSHU S,X,A
    392  2     B8E7 86   12              LDA #$12
    393  3     B8E9 8E   3DDD            LDX #$3ddd
    394  5+3   B8EC 34   12              PSHS A,X
    395  4+4   B8EE 32   E9 011A         LEAS 282,S
    396
    397  4+1   B8F2 A6   E8 27           LDA 39,S
    398  5+1   B8F5 AE   E8 87           LDX -121,S
    399  6+1   B8F8 10AE 7F              LDY -1,S
    400  5+5   B8FB 36   32              PSHU Y,X,A
    401  4+1   B8FD A6   E8 89           LDA -119,S
    402  5+1   B900 36   02              PSHU A
    403  2     B902 84   0F              ANDA #$0F
    404  2     B904 8A   A0              ORA #$a0
    405  4+1   B906 A7   E8 89           STA -119,S
    406  4+1   B909 E6   E8 B1           LDB -79,S
    407  5+1   B90C 36   04              PSHU B
    408  2     B90E 84   0F              ANDA #$0F
    409  2     B910 8A   A0              ORA #$a0
    410  4+1   B912 A7   E8 B1           STA -79,S
    411  4+1   B915 A6   E8 D9           LDA -39,S
    412  5+1   B918 36   02              PSHU A
    413  2     B91A 84   0F              ANDA #$0F
    414  2     B91C 8A   B0              ORA #$b0
    415  4+1   B91E A7   E8 D9           STA -39,S
    416  4+1   B921 E6   61              LDB 1,S
    417  5+1   B923 36   04              PSHU B
    418  2     B925 84   0F              ANDA #$0F
    419  2     B927 8A   B0              ORA #$b0
    420  4+1   B929 A7   61              STA 1,S
    421  4+1   B92B A6   E8 29           LDA 41,S
    422  5+1   B92E 36   02              PSHU A
    423  2     B930 84   0F              ANDA #$0F
    424  2     B932 8A   A0              ORA #$a0
    425  4+1   B934 A7   E8 29           STA 41,S
    426  4+1   B937 E6   E8 4F           LDB 79,S
    427  5+1   B93A 36   04              PSHU B
    428  2     B93C 84   0F              ANDA #$0F
    429  2     B93E 8A   00              ORA #$00
    430  4+1   B940 A7   E8 4F           STA 79,S
    431  4+1   B943 A6   E8 51           LDA 81,S
    432  5+1   B946 36   02              PSHU A
    433  2     B948 84   0F              ANDA #$0F
    434  2     B94A 8A   90              ORA #$90
    435  4+1   B94C A7   E8 51           STA 81,S
    436  4+1   B94F E6   E8 78           LDB 120,S
    437  2     B952 84   0F              ANDA #$0F
    438  2     B954 8A   D0              ORA #$d0
    439  4+1   B956 A7   E8 78           STA 120,S
    440  2     B959 86   90              LDA #$90
    441  4+1   B95B A7   E8 27           STA 39,S
    442  5+1   B95E AE   E8 AF           LDX -81,S
    443  6+1   B961 10AE E8 D7           LDY -41,S
    444  5+7   B965 36   74              PSHU S,Y,X,B
    445  3     B967 CC   A2DD            LDD #$a2dd
    446  5+1   B96A ED   E8 D7           STD -41,S
    447  2     B96D 86   91              LDA #$91
    448  5+1   B96F ED   7F              STD -1,S
    449  2     B971 86   E2              LDA #$e2
    450  5+1   B973 ED   E8 AF           STD -81,S
    451  2     B976 86   02              LDA #$02
    452  5+1   B978 ED   E8 87           STD -121,S
    453  4+4   B97B 32   E9 0119         LEAS 281,S
    454
    455  4+1   B97F A6   E8 D7           LDA -41,S
    456  4+1   B982 E6   E8 AF           LDB -81,S
    457  5+1   B985 AE   E8 76           LDX 118,S
    458  5+4   B988 36   16              PSHU X,B,A
    459  4+1   B98A A6   E8 87           LDA -121,S
    460  4+1   B98D E6   E8 27           LDB 39,S
    461  5+2   B990 36   06              PSHU B,A
    462  5+1   B992 EC   E8 4F           LDD 79,S
    463  5+2   B995 36   06              PSHU D
    464  2     B997 86   AA              LDA #$aa
    465  2     B999 C4   0F              ANDB #$0F
    466  2     B99B CA   E0              ORB #$e0
    467  5+1   B99D ED   E8 4F           STD 79,S
    468  4+1   B9A0 A7   E8 D7           STA -41,S
    469  2     B9A3 86   BB              LDA #$bb
    470  4+1   B9A5 A7   E8 AF           STA -81,S
    471  2     B9A8 86   D0              LDA #$d0
    472  4+1   B9AA A7   E8 87           STA -121,S
    473  4+1   B9AD A6   7F              LDA -1,S
    474  5+1   B9AF 36   02              PSHU A
    475  2     B9B1 84   F0              ANDA #$F0
    476  2     B9B3 8A   0A              ORA #$0a
    477  4+1   B9B5 A7   7F              STA -1,S
    478  4+1   B9B7 E6   E8 78           LDB 120,S
    479  5+3   B9BA 36   44              PSHU S,B
    480  2     B9BC 84   0F              ANDA #$0F
    481  2     B9BE 8A   10              ORA #$10
    482  4+1   B9C0 A7   E8 78           STA 120,S
    483  2     B9C3 86   A1              LDA #$a1
    484  4+1   B9C5 A7   E8 27           STA 39,S
    485  3     B9C8 CC   FFFA            LDD #$fffa
    486  5+1   B9CB ED   E8 76           STD 118,S
    487  4+4   B9CE 32   E9 009F         LEAS 159,S
    488
    489  5+1   B9D2 AE   7F              LDX -1,S
    490  5+2   B9D4 36   10              PSHU X
    491  3     B9D6 CC   11EE            LDD #$11ee
    492  5+1   B9D9 ED   7F              STD -1,S
    493  4+1   B9DB A6   61              LDA 1,S
    494  5+3   B9DD 36   42              PSHU S,A
    495  2     B9DF 84   0F              ANDA #$0F
    496  2     B9E1 8A   00              ORA #$00
    497  4+1   B9E3 A7   61              STA 1,S
    498        B9E5               SSAV_HRL2
    499  4     B9E5 10CE 0000            LDS #$0000
    500  5+5   B9E9 35   C8              PULS DP,U,PC * Ajout du PC au PULS>>
    501
    502        B9EB               ERASE_HRL2
    503  5+3   B9EB 34   48              PSHS U,DP
    504  7     B9ED 10FF BB8B            STS ERASE_SSAV_HRL2+2
    505
    506        B9F1               ERASE_POS_HRL2_1
    507  4     B9F1 10CE 0000            LDS #$0000
    508  3     B9F5 CE   BB8F            LDU #ERASE_DATA_HRL2_1
    509
    510        B9F8               ERASE_CODE_HRL2_1
    511  5+7   B9F8 37   72              PULU A,X,Y,S
    512  4+1   B9FA A7   E8 B1           STA -79,S
    513  5+1   B9FD AF   E8 50           STX 80,S
    514  6+1   BA00 10AF E8 28           STY 40,S
    515
    516  5+2   BA04 37   06              PULU A,B
    517  4+1   BA06 A7   E8 89           STA -119,S
    518  4+1   BA09 E7   E8 D9           STB -39,S
    519
    520  5+5   BA0C 37   32              PULU A,X,Y
    521  4+1   BA0E A7   E8 87           STA -121,S
    522  5+1   BA11 AF   E8 78           STX 120,S
    523  6+0   BA14 10AF E4              STY ,S
    524
    525  5+5   BA17 37   52              PULU A,X,S
    526  5+3   BA19 34   12              PSHS A,X
    527
    528  5+4   BA1B 37   16              PULU A,B,X
    529  4+1   BA1D A7   E8 DA           STA -38,S
    530  4+1   BA20 E7   E8 2A           STB 42,S
    531  5+1   BA23 AF   E8 78           STX 120,S
    532
    533  5+6   BA26 37   36              PULU A,B,X,Y
    534  4+1   BA28 A7   E8 8A           STA -118,S
    535  4+1   BA2B E7   E8 B2           STB -78,S
    536  5+1   BA2E AF   E8 50           STX 80,S
    537  6+1   BA31 10AF E8 28           STY 40,S
    538
    539  5+6   BA35 37   36              PULU D,X,Y
    540  5+1   BA37 ED   E8 D8           STD -40,S
    541  5+1   BA3A AF   E8 B0           STX -80,S
    542  6+1   BA3D 10AF E8 88           STY -120,S
    543
    544  5+3   BA41 37   42              PULU A,S
    545  4+1   BA43 A7   61              STA 1,S
    546
    547  5+2   BA45 37   06              PULU D
    548  5+1   BA47 ED   7F              STD -1,S
    549
    550  5+3   BA49 37   42              PULU A,S
    551  4+1   BA4B A7   E8 52           STA 82,S
    552
    553  5+6   BA4E 37   36              PULU A,B,X,Y
    554  4+1   BA50 A7   62              STA 2,S
    555  4+1   BA52 E7   E8 DA           STB -38,S
    556  5+1   BA55 AF   E8 AF           STX -81,S
    557  6+1   BA58 10AF E8 87           STY -121,S
    558
    559  5+6   BA5C 37   36              PULU D,X,Y
    560  5+1   BA5E ED   E8 D8           STD -40,S
    561  5+1   BA61 AF   E8 28           STX 40,S
    562  6+1   BA64 10AF E8 79           STY 121,S
    563
    564  5+6   BA68 37   36              PULU A,B,X,Y
    565  4+1   BA6A A7   E8 89           STA -119,S
    566  4+1   BA6D E7   E8 B1           STB -79,S
    567  5+1   BA70 AF   E8 50           STX 80,S
    568  6+0   BA73 10AF E4              STY ,S
    569
    570  5+4   BA76 37   46              PULU A,B,S
    571  4+1   BA78 A7   E8 28           STA 40,S
    572  4+1   BA7B E7   E8 78           STB 120,S
    573
    574  5+6   BA7E 37   36              PULU D,X,Y
    575  5+1   BA80 ED   E8 76           STD 118,S
    576  5+1   BA83 AF   E8 4E           STX 78,S
    577  6+1   BA86 10AF E8 26           STY 38,S
    578
    579  5+6   BA8A 37   36              PULU D,X,Y
    580  5+1   BA8C ED   7E              STD -2,S
    581  5+1   BA8E AF   E8 D6           STX -42,S
    582  6+1   BA91 10AF E8 AE           STY -82,S
    583
    584  5+4   BA95 37   16              PULU D,X
    585  5+0   BA97 ED   E4              STD ,S
    586  5+1   BA99 AF   E8 D8           STX -40,S
    587
    588  5+4   BA9C 37   16              PULU A,B,X
    589  4+1   BA9E A7   E8 B0           STA -80,S
    590  4+1   BAA1 E7   E8 50           STB 80,S
    591  5+1   BAA4 AF   E8 87           STX -121,S
    592
    593  5+4   BAA7 37   46              PULU D,S
    594  5+1   BAA9 ED   E8 AF           STD -81,S
    595
    596  5+2   BAAC 37   06              PULU D
    597  5+1   BAAE ED   E8 4F           STD 79,S
    598
    599  5+5   BAB1 37   32              PULU A,X,Y
    600  4+1   BAB3 A7   E8 88           STA -120,S
    601  5+1   BAB6 AF   E8 27           STX 39,S
    602  6+1   BAB9 10AF 7F              STY -1,S
    603
    604  5+4   BABC 37   16              PULU D,X
    605  5+1   BABE ED   E8 D7           STD -41,S
    606  5+1   BAC1 AF   E8 77           STX 119,S
    607
    608        BAC4               ERASE_POS_HRL2_2
    609  4     BAC4 10CE 0000            LDS #$0000
    610  3     BAC8 CE   BBF3            LDU #ERASE_DATA_HRL2_2
    611
    612        BACB               ERASE_CODE_HRL2_2
    613  5+3   BACB 37   42              PULU A,S
    614  4+1   BACD A7   61              STA 1,S
    615
    616  5+2   BACF 37   06              PULU D
    617  5+1   BAD1 ED   7F              STD -1,S
    618
    619  5+3   BAD3 37   42              PULU A,S
    620  4+1   BAD5 A7   E8 78           STA 120,S
    621
    622  5+3   BAD8 37   12              PULU A,X
    623  4+1   BADA A7   7F              STA -1,S
    624  5+1   BADC AF   E8 4F           STX 79,S
    625
    626  5+2   BADF 37   06              PULU A,B
    627  4+1   BAE1 A7   E8 87           STA -121,S
    628  4+1   BAE4 E7   E8 27           STB 39,S
    629
    630  5+4   BAE7 37   16              PULU A,B,X
    631  4+1   BAE9 A7   E8 D7           STA -41,S
    632  4+1   BAEC E7   E8 AF           STB -81,S
    633  5+1   BAEF AF   E8 76           STX 118,S
    634
    635  5+7   BAF2 37   72              PULU A,X,Y,S
    636  4+1   BAF4 A7   E8 78           STA 120,S
    637  5+1   BAF7 AF   E8 AF           STX -81,S
    638  6+1   BAFA 10AF E8 D7           STY -41,S
    639
    640  5+2   BAFE 37   06              PULU A,B
    641  4+1   BB00 A7   E8 51           STA 81,S
    642  4+1   BB03 E7   E8 4F           STB 79,S
    643
    644  5+2   BB06 37   06              PULU A,B
    645  4+1   BB08 A7   E8 29           STA 41,S
    646  4+1   BB0B E7   61              STB 1,S
    647
    648  5+2   BB0D 37   06              PULU A,B
    649  4+1   BB0F A7   E8 D9           STA -39,S
    650  4+1   BB12 E7   E8 B1           STB -79,S
    651
    652  5+6   BB15 37   36              PULU A,B,X,Y
    653  4+1   BB17 A7   E8 89           STA -119,S
    654  4+1   BB1A E7   E8 27           STB 39,S
    655  5+1   BB1D AF   E8 87           STX -121,S
    656  6+1   BB20 10AF 7F              STY -1,S
    657
    658  5+5   BB23 37   52              PULU A,X,S
    659  5+3   BB25 34   12              PSHS A,X
    660
    661  5+2   BB27 37   06              PULU D
    662  5+1   BB29 ED   E8 79           STD 121,S
    663
    664  5+5   BB2C 37   32              PULU A,X,Y
    665  4+1   BB2E A7   E8 2A           STA 42,S
    666  5+1   BB31 AF   E8 51           STX 81,S
    667  6+1   BB34 10AF E8 28           STY 40,S
    668
    669  5+5   BB38 37   52              PULU A,X,S
    670  5+3   BB3A 34   12              PSHS A,X
    671
    672  5+5   BB3C 37   52              PULU A,X,S
    673  5+3   BB3E 34   12              PSHS A,X
    674
    675  5+3   BB40 37   12              PULU A,X
    676  4+1   BB42 A7   E8 DA           STA -38,S
    677  5+1   BB45 AF   E8 D8           STX -40,S
    678
    679  5+5   BB48 37   52              PULU A,X,S
    680  5+3   BB4A 34   12              PSHS A,X
    681
    682  5+2   BB4C 37   06              PULU D
    683  5+1   BB4E ED   E8 78           STD 120,S
    684
    685  5+5   BB51 37   32              PULU A,X,Y
    686  4+1   BB53 A7   E8 2A           STA 42,S
    687  5+1   BB56 AF   E8 28           STX 40,S
    688  6+1   BB59 10AF E8 50           STY 80,S
    689
    690  5+5   BB5D 37   52              PULU A,X,S
    691  5+3   BB5F 34   12              PSHS A,X
    692
    693  5+5   BB61 37   52              PULU A,X,S
    694  5+3   BB63 34   12              PSHS A,X
    695
    696  5+2   BB65 37   06              PULU D
    697  5+1   BB67 ED   E8 D8           STD -40,S
    698
    699  5+5   BB6A 37   32              PULU A,X,Y
    700  4+1   BB6C A7   E8 DA           STA -38,S
    701  5+1   BB6F AF   E8 88           STX -120,S
    702  6+1   BB72 10AF E8 B0           STY -80,S
    703
    704  5+6   BB76 37   56              PULU D,X,S
    705  5+1   BB78 ED   E8 27           STD 39,S
    706  5+1   BB7B AF   E8 4F           STX 79,S
    707
    708  5+6   BB7E 37   36              PULU D,X,Y
    709  5+0   BB80 ED   E4              STD ,S
    710  5+1   BB82 AF   E8 D8           STX -40,S
    711  6+1   BB85 10AF E8 B0           STY -80,S
    712
    713        BB89               ERASE_SSAV_HRL2
    714  4     BB89 10CE 0000            LDS #$0000
    715  5+5   BB8D 35   C8              PULS DP,U,PC * Ajout du PC au PULS>>
    716
    717        BB8F               ERASE_DATA_HRL2_1
    718        BB8F 0000                 FDB $0000
    719        BB91 0000                 FDB $0000
    720        BB93 0000                 FDB $0000
    721        BB95 0000                 FDB $0000
    722        BB97 0000                 FDB $0000
    723        BB99 0000                 FDB $0000
    724        BB9B 0000                 FDB $0000
    725        BB9D 0000                 FDB $0000
    726        BB9F 0000                 FDB $0000
    727        BBA1 0000                 FDB $0000
    728        BBA3 0000                 FDB $0000
    729        BBA5 0000                 FDB $0000
    730        BBA7 0000                 FDB $0000
    731        BBA9 0000                 FDB $0000
    732        BBAB 0000                 FDB $0000
    733        BBAD 0000                 FDB $0000
    734        BBAF 0000                 FDB $0000
    735        BBB1 0000                 FDB $0000
    736        BBB3 0000                 FDB $0000
    737        BBB5 0000                 FDB $0000
    738        BBB7 0000                 FDB $0000
    739        BBB9 0000                 FDB $0000
    740        BBBB 0000                 FDB $0000
    741        BBBD 0000                 FDB $0000
    742        BBBF 0000                 FDB $0000
    743        BBC1 0000                 FDB $0000
    744        BBC3 0000                 FDB $0000
    745        BBC5 0000                 FDB $0000
    746        BBC7 0000                 FDB $0000
    747        BBC9 0000                 FDB $0000
    748        BBCB 0000                 FDB $0000
    749        BBCD 0000                 FDB $0000
    750        BBCF 0000                 FDB $0000
    751        BBD1 0000                 FDB $0000
    752        BBD3 0000                 FDB $0000
    753        BBD5 0000                 FDB $0000
    754        BBD7 0000                 FDB $0000
    755        BBD9 0000                 FDB $0000
    756        BBDB 0000                 FDB $0000
    757        BBDD 0000                 FDB $0000
    758        BBDF 0000                 FDB $0000
    759        BBE1 0000                 FDB $0000
    760        BBE3 0000                 FDB $0000
    761        BBE5 0000                 FDB $0000
    762        BBE7 0000                 FDB $0000
    763        BBE9 0000                 FDB $0000
    764        BBEB 0000                 FDB $0000
    765        BBED 0000                 FDB $0000
    766        BBEF 0000                 FDB $0000
    767        BBF1 0000                 FDB $0000
    768        BBF3               ERASE_DATA_HRL2_2
    769        BBF3 0000                 FDB $0000
    770        BBF5 0000                 FDB $0000
    771        BBF7 0000                 FDB $0000
    772        BBF9 0000                 FDB $0000
    773        BBFB 0000                 FDB $0000
    774        BBFD 0000                 FDB $0000
    775        BBFF 0000                 FDB $0000
    776        BC01 0000                 FDB $0000
    777        BC03 0000                 FDB $0000
    778        BC05 0000                 FDB $0000
    779        BC07 0000                 FDB $0000
    780        BC09 0000                 FDB $0000
    781        BC0B 0000                 FDB $0000
    782        BC0D 0000                 FDB $0000
    783        BC0F 0000                 FDB $0000
    784        BC11 0000                 FDB $0000
    785        BC13 0000                 FDB $0000
    786        BC15 0000                 FDB $0000
    787        BC17 0000                 FDB $0000
    788        BC19 0000                 FDB $0000
    789        BC1B 0000                 FDB $0000
    790        BC1D 0000                 FDB $0000
    791        BC1F 0000                 FDB $0000
    792        BC21 0000                 FDB $0000
    793        BC23 0000                 FDB $0000
    794        BC25 0000                 FDB $0000
    795        BC27 0000                 FDB $0000
    796        BC29 0000                 FDB $0000
    797        BC2B 0000                 FDB $0000
    798        BC2D 0000                 FDB $0000
    799        BC2F 0000                 FDB $0000
    800        BC31 0000                 FDB $0000
    801        BC33 0000                 FDB $0000
    802        BC35 0000                 FDB $0000
    803        BC37 0000                 FDB $0000
    804        BC39 0000                 FDB $0000
    805        BC3B 0000                 FDB $0000
    806        BC3D 0000                 FDB $0000
    807        BC3F 0000                 FDB $0000
    808        BC41 0000                 FDB $0000
    809        BC43 0000                 FDB $0000
    810        BC45 0000                 FDB $0000
    811        BC47 0000                 FDB $0000
    812        BC49 0000                 FDB $0000
    813        BC4B 0000                 FDB $0000
    814        BC4D 0000                 FDB $0000
    815        BC4F 0000                 FDB $0000
    816        BC51 0000                 FDB $0000
    817        BC53 0000                 FDB $0000
    818        BC55 0000                 FDB $0000
    819        BC57 0000                 FDB $0000
    820        BC59               ERASE_DATA_HRL2_END

000000 Total Errors

000011 Total Symbols
     0x          Label B53F DRAW_HRL2
     0x          Label B9F8 ERASE_CODE_HRL2_1
     0x          Label BACB ERASE_CODE_HRL2_2
     1x          Label BB8F ERASE_DATA_HRL2_1
     2x          Label BBF3 ERASE_DATA_HRL2_2
     1x          Label BC59 ERASE_DATA_HRL2_END
     0x          Label B9EB ERASE_HRL2
     1x          Label B9F1 ERASE_POS_HRL2_1
     1x          Label BAC4 ERASE_POS_HRL2_2
     1x          Label BB89 ERASE_SSAV_HRL2
     1x          Label B9E5 SSAV_HRL2

