/*--------------------------------------------------------------*
 * Compilé avec C6809 v0.83                                     *
 *--------------------------------------------------------------*
 * Fichier source      : tmp/HRR2.ASM
 * Fichier destination : tmp/HRR2.BIN
 * Contenu :
 *     Main     0:IMG.ASM      10607
 *--------------------------------------------------------------*/

Macro Pass
Pass1
Pass2
      2        B552                      ORG $B552
      3        B552               DRAW_HRR2
      4  5+3   B552 34   48              PSHS U,DP
      5  7     B554 10FF BA2B            STS SSAV_HRR2+2
      6
      7  7     B558 10FE 9F00            LDS $9F00
      8  7     B55C 10FF BA37            STS ERASE_POS_HRR2_1+2
      9  3     B560 CE   BC46            LDU #ERASE_DATA_HRR2_2
     10  4+4   B563 32   E9 0233         LEAS 563,S
     11  5+1   B567 EC   E8 AF           LDD -81,S
     12  5+2   B56A 36   06              PSHU D
     13  2     B56C 84   F0              ANDA #$F0
     14  2     B56E C4   0F              ANDB #$0F
     15  4     B570 C3   0CC0            ADDD #$0cc0
     16  5+1   B573 ED   E8 AF           STD -81,S
     17
     18  5+1   B576 EC   7F              LDD -1,S
     19  5+2   B578 36   06              PSHU D
     20  2     B57A 84   F0              ANDA #$F0
     21  2     B57C 8A   0D              ORA #$0d
     22  2     B57E C6   DA              LDB #$da
     23  5+1   B580 ED   7F              STD -1,S
     24
     25  5+1   B582 EC   E8 D7           LDD -41,S
     26  5+2   B585 36   06              PSHU D
     27
     28  5+1   B587 EC   E8 28           LDD 40,S
     29  5+2   B58A 36   06              PSHU D
     30
     31  5+1   B58C EC   E8 50           LDD 80,S
     32  5+4   B58F 36   46              PSHU D,S
     33
     34  3     B591 CC   DCCC            LDD #$dccc
     35  5+1   B594 ED   E8 D7           STD -41,S
     36
     37  3     B597 CC   DDCD            LDD #$ddcd
     38  5+1   B59A ED   E8 28           STD 40,S
     39
     40  3     B59D CC   23AD            LDD #$23ad
     41  5+1   B5A0 ED   E8 50           STD 80,S
     42
     43  4+4   B5A3 32   E9 00EF         LEAS 239,S
     44  5+1   B5A7 EC   E8 D8           LDD -40,S
     45  5+2   B5AA 36   06              PSHU D
     46  2     B5AC 84   F0              ANDA #$F0
     47  2     B5AE 8A   0C              ORA #$0c
     48  2     B5B0 C6   DA              LDB #$da
     49  5+1   B5B2 ED   E8 D8           STD -40,S
     50
     51  5+1   B5B5 EC   E8 89           LDD -119,S
     52  5+2   B5B8 36   06              PSHU D
     53
     54  5+1   B5BA EC   E8 B1           LDD -79,S
     55  5+2   B5BD 36   06              PSHU D
     56
     57  4+1   B5BF A6   E8 DA           LDA -38,S
     58  5+1   B5C2 36   02              PSHU A
     59
     60  3     B5C4 CC   22AC            LDD #$22ac
     61  5+1   B5C7 ED   E8 89           STD -119,S
     62
     63  2     B5CA 86   AA              LDA #$aa
     64  4+1   B5CC A7   E8 DA           STA -38,S
     65
     66  3     B5CF CC   2AAA            LDD #$2aaa
     67  5+1   B5D2 ED   E8 B1           STD -79,S
     68
     69  5+3   B5D5 35   12              PULS A,X
     70  5+5   B5D7 36   52              PSHU A,X,S
     71  2     B5D9 86   DD              LDA #$dd
     72  3     B5DB 8E   CBAA            LDX #$cbaa
     73  5+3   B5DE 34   12              PSHS A,X
     74
     75  4+1   B5E0 32   E8 28           LEAS 40,S
     76  5+3   B5E3 35   12              PULS A,X
     77  5+5   B5E5 36   52              PSHU A,X,S
     78  2     B5E7 86   DD              LDA #$dd
     79  3     B5E9 8E   AACA            LDX #$aaca
     80  5+3   B5EC 34   12              PSHS A,X
     81
     82  4+1   B5EE 32   E8 28           LEAS 40,S
     83  5+1   B5F1 EC   E8 28           LDD 40,S
     84  5+2   B5F4 36   06              PSHU D
     85  2     B5F6 84   F0              ANDA #$F0
     86  2     B5F8 8A   0D              ORA #$0d
     87  2     B5FA C6   CA              LDB #$ca
     88  5+1   B5FC ED   E8 28           STD 40,S
     89
     90  4+1   B5FF A6   E8 2A           LDA 42,S
     91  5+1   B602 36   02              PSHU A
     92
     93  5+1   B604 EC   E8 51           LDD 81,S
     94  5+2   B607 36   06              PSHU D
     95
     96  5+1   B609 EC   E8 79           LDD 121,S
     97  5+2   B60C 36   06              PSHU D
     98
     99  2     B60E 86   AC              LDA #$ac
    100  4+1   B610 A7   E8 2A           STA 42,S
    101
    102  3     B613 CC   CC9B            LDD #$cc9b
    103  5+1   B616 ED   E8 79           STD 121,S
    104
    105  2     B619 C6   9A              LDB #$9a
    106  5+1   B61B ED   E8 51           STD 81,S
    107
    108  5+3   B61E 35   12              PULS A,X
    109  5+5   B620 36   52              PSHU A,X,S
    110  2     B622 86   DD              LDA #$dd
    111  3     B624 8E   CA0A            LDX #$ca0a
    112  5+3   B627 34   12              PSHS A,X
    113
    114  4+4   B629 32   E9 00C8         LEAS 200,S
    115  5+1   B62D EC   E8 D8           LDD -40,S
    116  5+2   B630 36   06              PSHU D
    117  2     B632 84   F0              ANDA #$F0
    118  2     B634 8A   0C              ORA #$0c
    119  2     B636 C6   C2              LDB #$c2
    120  5+1   B638 ED   E8 D8           STD -40,S
    121
    122  4+1   B63B A6   E8 DA           LDA -38,S
    123  5+1   B63E 36   02              PSHU A
    124
    125  2     B640 86   BA              LDA #$ba
    126  4+1   B642 A7   E8 DA           STA -38,S
    127
    128  5+3   B645 35   12              PULS A,X
    129  5+5   B647 36   52              PSHU A,X,S
    130  2     B649 86   CD              LDA #$cd
    131  3     B64B 8E   D220            LDX #$d220
    132  5+3   B64E 34   12              PSHS A,X
    133
    134  4+1   B650 32   E8 28           LEAS 40,S
    135  5+3   B653 35   12              PULS A,X
    136  5+5   B655 36   52              PSHU A,X,S
    137  2     B657 86   DD              LDA #$dd
    138  3     B659 8E   D223            LDX #$d223
    139  5+3   B65C 34   12              PSHS A,X
    140
    141  4+1   B65E 32   E8 28           LEAS 40,S
    142  4+1   B661 A6   E8 2A           LDA 42,S
    143  5+1   B664 36   02              PSHU A
    144  2     B666 84   0F              ANDA #$0F
    145  2     B668 8A   10              ORA #$10
    146  4+1   B66A A7   E8 2A           STA 42,S
    147
    148  5+1   B66D EC   E8 78           LDD 120,S
    149  5+2   B670 36   06              PSHU D
    150  2     B672 84   F0              ANDA #$F0
    151  2     B674 8A   0D              ORA #$0d
    152  2     B676 C6   39              LDB #$39
    153  5+1   B678 ED   E8 78           STD 120,S
    154
    155  5+1   B67B EC   E8 28           LDD 40,S
    156  5+2   B67E 36   06              PSHU D
    157
    158  5+1   B680 EC   E8 50           LDD 80,S
    159  5+2   B683 36   06              PSHU D
    160
    161  3     B685 CC   220D            LDD #$220d
    162  5+1   B688 ED   E8 28           STD 40,S
    163
    164  3     B68B CC   31E0            LDD #$31e0
    165  5+1   B68E ED   E8 50           STD 80,S
    166
    167  5+3   B691 35   12              PULS A,X
    168  5+5   B693 36   52              PSHU A,X,S
    169  2     B695 86   DD              LDA #$dd
    170  3     B697 8E   D321            LDX #$d321
    171  5+3   B69A 34   12              PSHS A,X
    172
    173  4+4   B69C 32   E9 0118         LEAS 280,S
    174  5+1   B6A0 EC   E8 87           LDD -121,S
    175  5+2   B6A3 36   06              PSHU D
    176  2     B6A5 84   F0              ANDA #$F0
    177  2     B6A7 8A   0A              ORA #$0a
    178  2     B6A9 C6   DD              LDB #$dd
    179  5+1   B6AB ED   E8 87           STD -121,S
    180
    181  5+1   B6AE EC   E8 AF           LDD -81,S
    182  5+2   B6B1 36   06              PSHU D
    183  2     B6B3 84   F0              ANDA #$F0
    184  2     B6B5 8A   0A              ORA #$0a
    185  2     B6B7 C6   DD              LDB #$dd
    186  5+1   B6B9 ED   E8 AF           STD -81,S
    187
    188  5+1   B6BC EC   E8 D7           LDD -41,S
    189  5+2   B6BF 36   06              PSHU D
    190  2     B6C1 84   F0              ANDA #$F0
    191  2     B6C3 8A   0B              ORA #$0b
    192  2     B6C5 C6   DD              LDB #$dd
    193  5+1   B6C7 ED   E8 D7           STD -41,S
    194
    195  5+1   B6CA EC   7F              LDD -1,S
    196  5+2   B6CC 36   06              PSHU D
    197  2     B6CE 84   F0              ANDA #$F0
    198  2     B6D0 8A   0B              ORA #$0b
    199  2     B6D2 C6   DD              LDB #$dd
    200  5+1   B6D4 ED   7F              STD -1,S
    201
    202  4+1   B6D6 A6   E8 27           LDA 39,S
    203  5+1   B6D9 36   02              PSHU A
    204  2     B6DB 84   F0              ANDA #$F0
    205  2     B6DD 8A   0A              ORA #$0a
    206  4+1   B6DF A7   E8 27           STA 39,S
    207
    208  4+1   B6E2 A6   E8 4F           LDA 79,S
    209  5+1   B6E5 36   02              PSHU A
    210  2     B6E7 84   F0              ANDA #$F0
    211  2     B6E9 8A   09              ORA #$09
    212  4+1   B6EB A7   E8 4F           STA 79,S
    213
    214  4+1   B6EE A6   E8 51           LDA 81,S
    215  5+1   B6F1 36   02              PSHU A
    216  2     B6F3 84   F0              ANDA #$F0
    217  2     B6F5 8A   00              ORA #$00
    218  4+1   B6F7 A7   E8 51           STA 81,S
    219
    220  4+1   B6FA A6   E8 78           LDA 120,S
    221  5+1   B6FD 36   02              PSHU A
    222  2     B6FF 84   F0              ANDA #$F0
    223  2     B701 8A   0D              ORA #$0d
    224  4+1   B703 A7   E8 78           STA 120,S
    225
    226  4+1   B706 A6   E8 89           LDA -119,S
    227  5+1   B709 36   02              PSHU A
    228
    229  4+1   B70B A6   E8 B1           LDA -79,S
    230  5+1   B70E 36   02              PSHU A
    231
    232  4+1   B710 A6   E8 D9           LDA -39,S
    233  5+1   B713 36   02              PSHU A
    234
    235  4+1   B715 A6   61              LDA 1,S
    236  5+1   B717 36   02              PSHU A
    237
    238  4+1   B719 A6   E8 29           LDA 41,S
    239  5+3   B71C 36   42              PSHU A,S
    240
    241  2     B71E 86   20              LDA #$20
    242  4+1   B720 A7   E8 89           STA -119,S
    243
    244  2     B723 86   2E              LDA #$2e
    245  4+1   B725 A7   E8 B1           STA -79,S
    246
    247  2     B728 86   2A              LDA #$2a
    248  4+1   B72A A7   E8 D9           STA -39,S
    249
    250  2     B72D 86   19              LDA #$19
    251  4+1   B72F A7   61              STA 1,S
    252
    253  2     B731 86   09              LDA #$09
    254  4+1   B733 A7   E8 29           STA 41,S
    255
    256  4+4   B736 32   E9 0119         LEAS 281,S
    257  4+1   B73A A6   7F              LDA -1,S
    258  5+1   B73C 36   02              PSHU A
    259  2     B73E 84   0F              ANDA #$0F
    260  2     B740 8A   A0              ORA #$a0
    261  4+1   B742 A7   7F              STA -1,S
    262
    263  5+1   B744 EC   E8 4E           LDD 78,S
    264  5+2   B747 36   06              PSHU D
    265  2     B749 84   F0              ANDA #$F0
    266  2     B74B 8A   0E              ORA #$0e
    267  2     B74D C6   AA              LDB #$aa
    268  5+1   B74F ED   E8 4E           STD 78,S
    269
    270  5+1   B752 EC   E8 76           LDD 118,S
    271  5+2   B755 36   06              PSHU D
    272  2     B757 84   F0              ANDA #$F0
    273  2     B759 8A   01              ORA #$01
    274  2     B75B C6   AF              LDB #$af
    275  5+1   B75D ED   E8 76           STD 118,S
    276
    277  4+1   B760 A6   E8 87           LDA -121,S
    278  5+1   B763 36   02              PSHU A
    279
    280  4+1   B765 A6   E8 AF           LDA -81,S
    281  5+1   B768 36   02              PSHU A
    282
    283  4+1   B76A A6   E8 D7           LDA -41,S
    284  5+1   B76D 36   02              PSHU A
    285
    286  4+1   B76F A6   E8 27           LDA 39,S
    287  5+1   B772 36   02              PSHU A
    288
    289  4+1   B774 A6   E8 78           LDA 120,S
    290  5+3   B777 36   42              PSHU A,S
    291
    292  2     B779 86   0D              LDA #$0d
    293  4+1   B77B A7   E8 87           STA -121,S
    294
    295  2     B77E 86   BB              LDA #$bb
    296  4+1   B780 A7   E8 AF           STA -81,S
    297
    298  2     B783 86   AA              LDA #$aa
    299  4+1   B785 A7   E8 D7           STA -41,S
    300
    301  2     B788 86   1A              LDA #$1a
    302  4+1   B78A A7   E8 27           STA 39,S
    303
    304  2     B78D 86   FF              LDA #$ff
    305  4+1   B78F A7   E8 78           STA 120,S
    306
    307  4+4   B792 32   E9 009F         LEAS 159,S
    308  5+1   B796 EC   7F              LDD -1,S
    309  5+2   B798 36   06              PSHU D
    310  2     B79A 84   F0              ANDA #$F0
    311  2     B79C 8A   00              ORA #$00
    312  2     B79E C6   EE              LDB #$ee
    313  5+1   B7A0 ED   7F              STD -1,S
    314
    315  4+1   B7A2 A6   61              LDA 1,S
    316  5+3   B7A4 36   42              PSHU A,S
    317
    318  2     B7A6 86   11              LDA #$11
    319  4+1   B7A8 A7   61              STA 1,S
    320
    321
    322  7     B7AA 10FE 9F02            LDS $9F00+2
    323  7     B7AE 10FF BAFF            STS ERASE_POS_HRR2_2+2
    324  3     B7B2 CE   BCAA            LDU #ERASE_DATA_HRR2_END
    325
    326  4+4   B7B5 32   E9 025A         LEAS 602,S
    327  5+1   B7B9 EC   E8 B0           LDD -80,S
    328  5+2   B7BC 36   06              PSHU D
    329  2     B7BE 86   CC              LDA #$cc
    330  2     B7C0 C4   0F              ANDB #$0F
    331  2     B7C2 CA   C0              ORB #$c0
    332  5+1   B7C4 ED   E8 B0           STD -80,S
    333
    334  5+1   B7C7 EC   E8 50           LDD 80,S
    335  5+2   B7CA 36   06              PSHU D
    336  2     B7CC 84   F0              ANDA #$F0
    337  2     B7CE 8A   0C              ORA #$0c
    338  2     B7D0 C6   CA              LDB #$ca
    339  5+1   B7D2 ED   E8 50           STD 80,S
    340
    341  4+1   B7D5 A6   E8 88           LDA -120,S
    342  5+1   B7D8 36   02              PSHU A
    343
    344  5+1   B7DA EC   E8 D8           LDD -40,S
    345  5+2   B7DD 36   06              PSHU D
    346
    347  5+0   B7DF EC   E4              LDD ,S
    348  5+2   B7E1 36   06              PSHU D
    349
    350  5+1   B7E3 EC   E8 28           LDD 40,S
    351  5+2   B7E6 36   06              PSHU D
    352
    353  5+1   B7E8 EC   E8 78           LDD 120,S
    354  5+4   B7EB 36   46              PSHU D,S
    355
    356  3     B7ED CC   DCAA            LDD #$dcaa
    357  5+0   B7F0 ED   E4              STD ,S
    358
    359  2     B7F2 86   DD              LDA #$dd
    360  5+1   B7F4 ED   E8 28           STD 40,S
    361
    362  2     B7F7 86   CC              LDA #$cc
    363  5+1   B7F9 ED   E8 78           STD 120,S
    364
    365  4+1   B7FC A7   E8 88           STA -120,S
    366
    367  2     B7FF C6   AC              LDB #$ac
    368  5+1   B801 ED   E8 D8           STD -40,S
    369
    370  4+4   B804 32   E9 0119         LEAS 281,S
    371  4+1   B808 A6   E8 B1           LDA -79,S
    372  5+1   B80B 36   02              PSHU A
    373  2     B80D 84   0F              ANDA #$0F
    374  2     B80F 8A   C0              ORA #$c0
    375  4+1   B811 A7   E8 B1           STA -79,S
    376
    377  5+1   B814 EC   E8 D6           LDD -42,S
    378  5+2   B817 36   06              PSHU D
    379  2     B819 84   F0              ANDA #$F0
    380  2     B81B 8A   0C              ORA #$0c
    381  2     B81D C6   DC              LDB #$dc
    382  5+1   B81F ED   E8 D6           STD -42,S
    383
    384  5+1   B822 EC   E8 D8           LDD -40,S
    385  5+2   B825 36   06              PSHU D
    386  2     B827 86   AB              LDA #$ab
    387  2     B829 C4   0F              ANDB #$0F
    388  2     B82B CA   D0              ORB #$d0
    389  5+1   B82D ED   E8 D8           STD -40,S
    390
    391  5+1   B830 EC   7E              LDD -2,S
    392  5+2   B832 36   06              PSHU D
    393  2     B834 84   F0              ANDA #$F0
    394  2     B836 8A   0D              ORA #$0d
    395  2     B838 C6   DC              LDB #$dc
    396  5+1   B83A ED   7E              STD -2,S
    397
    398  5+0   B83C EC   E4              LDD ,S
    399  5+2   B83E 36   06              PSHU D
    400  2     B840 86   AB              LDA #$ab
    401  2     B842 C4   0F              ANDB #$0F
    402  2     B844 CA   00              ORB #$00
    403  5+0   B846 ED   E4              STD ,S
    404
    405  4+1   B848 A6   E8 29           LDA 41,S
    406  5+1   B84B 36   02              PSHU A
    407  2     B84D 84   0F              ANDA #$0F
    408  2     B84F 8A   90              ORA #$90
    409  4+1   B851 A7   E8 29           STA 41,S
    410
    411  4+1   B854 A6   E8 51           LDA 81,S
    412  5+1   B857 36   02              PSHU A
    413  2     B859 84   0F              ANDA #$0F
    414  2     B85B 8A   90              ORA #$90
    415  4+1   B85D A7   E8 51           STA 81,S
    416
    417  4+1   B860 A6   E8 79           LDA 121,S
    418  5+1   B863 36   02              PSHU A
    419  2     B865 84   0F              ANDA #$0F
    420  2     B867 8A   A0              ORA #$a0
    421  4+1   B869 A7   E8 79           STA 121,S
    422
    423  5+1   B86C EC   E8 87           LDD -121,S
    424  5+2   B86F 36   06              PSHU D
    425
    426  5+1   B871 EC   E8 AF           LDD -81,S
    427  5+2   B874 36   06              PSHU D
    428
    429  5+1   B876 EC   E8 27           LDD 39,S
    430  5+2   B879 36   06              PSHU D
    431
    432  5+1   B87B EC   E8 4F           LDD 79,S
    433  5+2   B87E 36   06              PSHU D
    434
    435  5+1   B880 EC   E8 77           LDD 119,S
    436  5+4   B883 36   46              PSHU D,S
    437
    438  3     B885 CC   CCAD            LDD #$ccad
    439  5+1   B888 ED   E8 87           STD -121,S
    440
    441  3     B88B CC   0CAB            LDD #$0cab
    442  5+1   B88E ED   E8 27           STD 39,S
    443
    444  2     B891 86   0D              LDA #$0d
    445  5+1   B893 ED   E8 4F           STD 79,S
    446
    447  3     B896 CC   DCCB            LDD #$dccb
    448  5+1   B899 ED   E8 AF           STD -81,S
    449
    450  2     B89C 86   DD              LDA #$dd
    451  5+1   B89E ED   E8 77           STD 119,S
    452
    453  4+4   B8A1 32   E9 0117         LEAS 279,S
    454  4+1   B8A5 A6   E8 8A           LDA -118,S
    455  5+1   B8A8 36   02              PSHU A
    456  2     B8AA 84   0F              ANDA #$0F
    457  2     B8AC 8A   00              ORA #$00
    458  4+1   B8AE A7   E8 8A           STA -118,S
    459
    460  4+1   B8B1 A6   E8 B2           LDA -78,S
    461  5+1   B8B4 36   02              PSHU A
    462  2     B8B6 84   0F              ANDA #$0F
    463  2     B8B8 8A   00              ORA #$00
    464  4+1   B8BA A7   E8 B2           STA -78,S
    465
    466  5+1   B8BD EC   E8 D7           LDD -41,S
    467  5+2   B8C0 36   06              PSHU D
    468  2     B8C2 84   F0              ANDA #$F0
    469  2     B8C4 8A   0C              ORA #$0c
    470  2     B8C6 C6   D0              LDB #$d0
    471  5+1   B8C8 ED   E8 D7           STD -41,S
    472
    473  5+1   B8CB EC   7F              LDD -1,S
    474  5+2   B8CD 36   06              PSHU D
    475  2     B8CF 84   F0              ANDA #$F0
    476  2     B8D1 8A   0D              ORA #$0d
    477  2     B8D3 C6   DD              LDB #$dd
    478  5+1   B8D5 ED   7F              STD -1,S
    479
    480  5+1   B8D7 EC   E8 4F           LDD 79,S
    481  5+2   B8DA 36   06              PSHU D
    482  2     B8DC 84   F0              ANDA #$F0
    483  2     B8DE 8A   03              ORA #$03
    484  2     B8E0 C6   01              LDB #$01
    485  5+1   B8E2 ED   E8 4F           STD 79,S
    486
    487  5+1   B8E5 EC   E8 88           LDD -120,S
    488  5+2   B8E8 36   06              PSHU D
    489
    490  5+1   B8EA EC   E8 B0           LDD -80,S
    491  5+2   B8ED 36   06              PSHU D
    492
    493  4+1   B8EF A6   E8 D9           LDA -39,S
    494  5+1   B8F2 36   02              PSHU A
    495
    496  4+1   B8F4 A6   61              LDA 1,S
    497  5+1   B8F6 36   02              PSHU A
    498
    499  5+1   B8F8 EC   E8 28           LDD 40,S
    500  5+2   B8FB 36   06              PSHU D
    501
    502  4+1   B8FD A6   E8 51           LDA 81,S
    503  5+1   B900 36   02              PSHU A
    504
    505  5+1   B902 EC   E8 77           LDD 119,S
    506  5+4   B905 36   46              PSHU D,S
    507
    508  3     B907 CC   CDBB            LDD #$cdbb
    509  5+1   B90A ED   E8 88           STD -120,S
    510
    511  3     B90D CC   DD2B            LDD #$dd2b
    512  5+1   B910 ED   E8 B0           STD -80,S
    513
    514  3     B913 CC   1D33            LDD #$1d33
    515  5+1   B916 ED   E8 28           STD 40,S
    516
    517  2     B919 86   11              LDA #$11
    518  4+1   B91B A7   E8 51           STA 81,S
    519
    520  3     B91E CC   AA32            LDD #$aa32
    521  5+1   B921 ED   E8 77           STD 119,S
    522
    523  2     B924 86   22              LDA #$22
    524  4+1   B926 A7   E8 D9           STA -39,S
    525
    526  4+1   B929 A7   61              STA 1,S
    527
    528  4+4   B92B 32   E9 00A0         LEAS 160,S
    529  4+1   B92F A6   61              LDA 1,S
    530  5+1   B931 36   02              PSHU A
    531  2     B933 84   0F              ANDA #$0F
    532  2     B935 8A   A0              ORA #$a0
    533  4+1   B937 A7   61              STA 1,S
    534
    535  5+1   B939 EC   7F              LDD -1,S
    536  5+4   B93B 36   46              PSHU D,S
    537
    538  3     B93D CC   BA32            LDD #$ba32
    539  5+1   B940 ED   7F              STD -1,S
    540
    541  4+4   B942 32   E9 009F         LEAS 159,S
    542  4+1   B946 A6   E8 8A           LDA -118,S
    543  5+1   B949 36   02              PSHU A
    544  2     B94B 84   0F              ANDA #$0F
    545  2     B94D 8A   A0              ORA #$a0
    546  4+1   B94F A7   E8 8A           STA -118,S
    547
    548  4+1   B952 A6   E8 B2           LDA -78,S
    549  5+1   B955 36   02              PSHU A
    550  2     B957 84   0F              ANDA #$0F
    551  2     B959 8A   A0              ORA #$a0
    552  4+1   B95B A7   E8 B2           STA -78,S
    553
    554  4+1   B95E A6   E8 DA           LDA -38,S
    555  5+1   B961 36   02              PSHU A
    556  2     B963 84   0F              ANDA #$0F
    557  2     B965 8A   10              ORA #$10
    558  4+1   B967 A7   E8 DA           STA -38,S
    559
    560  5+1   B96A EC   E8 28           LDD 40,S
    561  5+2   B96D 36   06              PSHU D
    562  2     B96F 84   0F              ANDA #$0F
    563  2     B971 C4   0F              ANDB #$0F
    564  4     B973 C3   A0D0            ADDD #$a0d0
    565  5+1   B976 ED   E8 28           STD 40,S
    566
    567  5+1   B979 EC   E8 51           LDD 81,S
    568  5+2   B97C 36   06              PSHU D
    569  2     B97E 84   0F              ANDA #$0F
    570  2     B980 8A   D0              ORA #$d0
    571  2     B982 C6   01              LDB #$01
    572  5+1   B984 ED   E8 51           STD 81,S
    573
    574  5+1   B987 EC   E8 79           LDD 121,S
    575  5+2   B98A 36   06              PSHU D
    576  2     B98C 84   0F              ANDA #$0F
    577  2     B98E C4   F0              ANDB #$F0
    578  4     B990 C3   C001            ADDD #$c001
    579  5+1   B993 ED   E8 79           STD 121,S
    580
    581  5+1   B996 EC   E8 88           LDD -120,S
    582  5+2   B999 36   06              PSHU D
    583
    584  5+1   B99B EC   E8 B0           LDD -80,S
    585  5+2   B99E 36   06              PSHU D
    586
    587  5+1   B9A0 EC   E8 D8           LDD -40,S
    588  5+2   B9A3 36   06              PSHU D
    589
    590  4+1   B9A5 A6   E8 2A           LDA 42,S
    591  5+1   B9A8 36   02              PSHU A
    592
    593  3     B9AA CC   BAC2            LDD #$bac2
    594  5+1   B9AD ED   E8 B0           STD -80,S
    595
    596  2     B9B0 86   E1              LDA #$e1
    597  4+1   B9B2 A7   E8 2A           STA 42,S
    598
    599  3     B9B5 CC   BBC3            LDD #$bbc3
    600  5+1   B9B8 ED   E8 D8           STD -40,S
    601
    602  2     B9BB C6   32              LDB #$32
    603  5+1   B9BD ED   E8 88           STD -120,S
    604
    605  5+3   B9C0 35   12              PULS A,X
    606  5+5   B9C2 36   52              PSHU A,X,S
    607  2     B9C4 86   BA              LDA #$ba
    608  3     B9C6 8E   DDEF            LDX #$ddef
    609  5+3   B9C9 34   12              PSHS A,X
    610
    611  4+4   B9CB 32   E9 0118         LEAS 280,S
    612  4+1   B9CF A6   E8 88           LDA -120,S
    613  5+1   B9D2 36   02              PSHU A
    614  2     B9D4 84   F0              ANDA #$F0
    615  2     B9D6 8A   0A              ORA #$0a
    616  4+1   B9D8 A7   E8 88           STA -120,S
    617
    618  4+1   B9DB A6   E8 8A           LDA -118,S
    619  5+1   B9DE 36   02              PSHU A
    620  2     B9E0 84   F0              ANDA #$F0
    621  2     B9E2 8A   0E              ORA #$0e
    622  4+1   B9E4 A7   E8 8A           STA -118,S
    623
    624  4+1   B9E7 A6   E8 B0           LDA -80,S
    625  5+1   B9EA 36   02              PSHU A
    626  2     B9EC 84   F0              ANDA #$F0
    627  2     B9EE 8A   09              ORA #$09
    628  4+1   B9F0 A7   E8 B0           STA -80,S
    629
    630  5+0   B9F3 EC   E4              LDD ,S
    631  5+2   B9F5 36   06              PSHU D
    632  2     B9F7 86   11              LDA #$11
    633  2     B9F9 C4   0F              ANDB #$0F
    634  2     B9FB CA   B0              ORB #$b0
    635  5+0   B9FD ED   E4              STD ,S
    636
    637  4+1   B9FF A6   E8 D8           LDA -40,S
    638  5+1   BA02 36   02              PSHU A
    639
    640  5+1   BA04 EC   E8 28           LDD 40,S
    641  5+2   BA07 36   06              PSHU D
    642
    643  5+1   BA09 EC   E8 50           LDD 80,S
    644  5+2   BA0C 36   06              PSHU D
    645
    646  5+1   BA0E EC   E8 78           LDD 120,S
    647  5+4   BA11 36   46              PSHU D,S
    648
    649  2     BA13 86   0A              LDA #$0a
    650  4+1   BA15 A7   E8 D8           STA -40,S
    651
    652  3     BA18 CC   00EE            LDD #$00ee
    653  5+1   BA1B ED   E8 78           STD 120,S
    654
    655  3     BA1E CC   11F2            LDD #$11f2
    656  5+1   BA21 ED   E8 50           STD 80,S
    657
    658  2     BA24 C6   FF              LDB #$ff
    659  5+1   BA26 ED   E8 28           STD 40,S
    660
    661        BA29               SSAV_HRR2
    662  4     BA29 10CE 0000            LDS #$0000
    663  5+5   BA2D 35   C8              PULS DP,U,PC * Ajout du PC au PULS>>
    664
    665        BA2F               ERASE_HRR2
    666  5+3   BA2F 34   48              PSHS U,DP
    667  7     BA31 10FF BBDC            STS ERASE_SSAV_HRR2+2
    668
    669        BA35               ERASE_POS_HRR2_1
    670  4     BA35 10CE 0000            LDS #$0000
    671  3     BA39 CE   BBE0            LDU #ERASE_DATA_HRR2_1
    672
    673        BA3C               ERASE_CODE_HRR2_1
    674  5+3   BA3C 37   42              PULU A,S
    675  4+1   BA3E A7   61              STA 1,S
    676
    677  5+2   BA40 37   06              PULU D
    678  5+1   BA42 ED   7F              STD -1,S
    679
    680  5+3   BA44 37   42              PULU A,S
    681  4+1   BA46 A7   E8 78           STA 120,S
    682
    683  5+2   BA49 37   06              PULU A,B
    684  4+1   BA4B A7   E8 27           STA 39,S
    685  4+1   BA4E E7   E8 D7           STB -41,S
    686
    687  5+6   BA51 37   36              PULU A,B,X,Y
    688  4+1   BA53 A7   E8 AF           STA -81,S
    689  4+1   BA56 E7   E8 87           STB -121,S
    690  5+1   BA59 AF   E8 76           STX 118,S
    691  6+1   BA5C 10AF E8 4E           STY 78,S
    692
    693  5+1   BA60 37   02              PULU A
    694  4+1   BA62 A7   7F              STA -1,S
    695
    696  5+3   BA64 37   42              PULU A,S
    697  4+1   BA66 A7   E8 29           STA 41,S
    698
    699  5+2   BA69 37   06              PULU A,B
    700  4+1   BA6B A7   61              STA 1,S
    701  4+1   BA6D E7   E8 D9           STB -39,S
    702
    703  5+2   BA70 37   06              PULU A,B
    704  4+1   BA72 A7   E8 B1           STA -79,S
    705  4+1   BA75 E7   E8 89           STB -119,S
    706
    707  5+2   BA78 37   06              PULU A,B
    708  4+1   BA7A A7   E8 78           STA 120,S
    709  4+1   BA7D E7   E8 51           STB 81,S
    710
    711  5+6   BA80 37   36              PULU A,B,X,Y
    712  4+1   BA82 A7   E8 4F           STA 79,S
    713  4+1   BA85 E7   E8 27           STB 39,S
    714  5+1   BA88 AF   7F              STX -1,S
    715  6+1   BA8A 10AF E8 D7           STY -41,S
    716
    717  5+4   BA8E 37   16              PULU D,X
    718  5+1   BA90 ED   E8 AF           STD -81,S
    719  5+1   BA93 AF   E8 87           STX -121,S
    720
    721  5+5   BA96 37   54              PULU B,X,S
    722  5+3   BA98 34   14              PSHS B,X
    723
    724  5+6   BA9A 37   36              PULU D,X,Y
    725  5+1   BA9C ED   E8 50           STD 80,S
    726  5+1   BA9F AF   E8 28           STX 40,S
    727  6+1   BAA2 10AF E8 78           STY 120,S
    728
    729  5+1   BAA6 37   02              PULU A
    730  4+1   BAA8 A7   E8 2A           STA 42,S
    731
    732  5+5   BAAB 37   54              PULU B,X,S
    733  5+3   BAAD 34   14              PSHS B,X
    734
    735
    736
    737  5+5   BAAF 37   54              PULU B,X,S
    738  5+3   BAB1 34   14              PSHS B,X
    739
    740  5+3   BAB3 37   12              PULU A,X
    741  4+1   BAB5 A7   E8 DA           STA -38,S
    742  5+1   BAB8 AF   E8 D8           STX -40,S
    743
    744  5+5   BABB 37   54              PULU B,X,S
    745  5+3   BABD 34   14              PSHS B,X
    746
    747  5+4   BABF 37   16              PULU D,X
    748  5+1   BAC1 ED   E8 79           STD 121,S
    749  5+1   BAC4 AF   E8 51           STX 81,S
    750
    751  5+3   BAC7 37   12              PULU A,X
    752  4+1   BAC9 A7   E8 2A           STA 42,S
    753  5+1   BACC AF   E8 28           STX 40,S
    754
    755  5+5   BACF 37   54              PULU B,X,S
    756  5+3   BAD1 34   14              PSHS B,X
    757
    758
    759
    760  5+5   BAD3 37   54              PULU B,X,S
    761  5+3   BAD5 34   14              PSHS B,X
    762
    763  5+5   BAD7 37   32              PULU A,X,Y
    764  4+1   BAD9 A7   E8 DA           STA -38,S
    765  5+1   BADC AF   E8 B1           STX -79,S
    766  6+1   BADF 10AF E8 89           STY -119,S
    767
    768  5+2   BAE3 37   06              PULU D
    769  5+1   BAE5 ED   E8 D8           STD -40,S
    770
    771  5+4   BAE8 37   46              PULU D,S
    772  5+1   BAEA ED   E8 50           STD 80,S
    773
    774  5+6   BAED 37   36              PULU D,X,Y
    775  5+1   BAEF ED   E8 28           STD 40,S
    776  5+1   BAF2 AF   E8 D7           STX -41,S
    777  6+1   BAF5 10AF 7F              STY -1,S
    778
    779  5+2   BAF8 37   06              PULU D
    780  5+1   BAFA ED   E8 AF           STD -81,S
    781
    782        BAFD               ERASE_POS_HRR2_2
    783  4     BAFD 10CE 0000            LDS #$0000
    784  3     BB01 CE   BC46            LDU #ERASE_DATA_HRR2_2
    785
    786        BB04               ERASE_CODE_HRR2_2
    787  5+4   BB04 37   46              PULU D,S
    788  5+1   BB06 ED   E8 78           STD 120,S
    789
    790  5+4   BB09 37   16              PULU D,X
    791  5+1   BB0B ED   E8 50           STD 80,S
    792  5+1   BB0E AF   E8 28           STX 40,S
    793
    794  5+3   BB11 37   12              PULU A,X
    795  4+1   BB13 A7   E8 D8           STA -40,S
    796  5+0   BB16 AF   E4              STX ,S
    797
    798  5+2   BB18 37   06              PULU A,B
    799  4+1   BB1A A7   E8 B0           STA -80,S
    800  4+1   BB1D E7   E8 8A           STB -118,S
    801
    802  5+1   BB20 37   02              PULU A
    803  4+1   BB22 A7   E8 88           STA -120,S
    804
    805  5+5   BB25 37   54              PULU B,X,S
    806  5+3   BB27 34   14              PSHS B,X
    807
    808  5+5   BB29 37   32              PULU A,X,Y
    809  4+1   BB2B A7   E8 2A           STA 42,S
    810  5+1   BB2E AF   E8 D8           STX -40,S
    811  6+1   BB31 10AF E8 B0           STY -80,S
    812
    813  5+6   BB35 37   36              PULU D,X,Y
    814  5+1   BB37 ED   E8 88           STD -120,S
    815  5+1   BB3A AF   E8 79           STX 121,S
    816  6+1   BB3D 10AF E8 51           STY 81,S
    817
    818  5+2   BB41 37   06              PULU D
    819  5+1   BB43 ED   E8 28           STD 40,S
    820
    821  5+2   BB46 37   06              PULU A,B
    822  4+1   BB48 A7   E8 DA           STA -38,S
    823  4+1   BB4B E7   E8 B2           STB -78,S
    824
    825  5+1   BB4E 37   02              PULU A
    826  4+1   BB50 A7   E8 8A           STA -118,S
    827
    828  5+4   BB53 37   46              PULU D,S
    829  5+1   BB55 ED   7F              STD -1,S
    830
    831  5+1   BB57 37   02              PULU A
    832  4+1   BB59 A7   61              STA 1,S
    833
    834  5+4   BB5B 37   46              PULU D,S
    835  5+1   BB5D ED   E8 77           STD 119,S
    836
    837  5+3   BB60 37   12              PULU A,X
    838  4+1   BB62 A7   E8 51           STA 81,S
    839  5+1   BB65 AF   E8 28           STX 40,S
    840
    841  5+6   BB68 37   36              PULU A,B,X,Y
    842  4+1   BB6A A7   61              STA 1,S
    843  4+1   BB6C E7   E8 D9           STB -39,S
    844  5+1   BB6F AF   E8 B0           STX -80,S
    845  6+1   BB72 10AF E8 88           STY -120,S
    846
    847  5+6   BB76 37   36              PULU D,X,Y
    848  5+1   BB78 ED   E8 4F           STD 79,S
    849  5+1   BB7B AF   7F              STX -1,S
    850  6+1   BB7D 10AF E8 D7           STY -41,S
    851
    852  5+2   BB81 37   06              PULU A,B
    853  4+1   BB83 A7   E8 B2           STA -78,S
    854  4+1   BB86 E7   E8 8A           STB -118,S
    855
    856  5+4   BB89 37   46              PULU D,S
    857  5+1   BB8B ED   E8 77           STD 119,S
    858
    859  5+6   BB8E 37   36              PULU D,X,Y
    860  5+1   BB90 ED   E8 4F           STD 79,S
    861  5+1   BB93 AF   E8 27           STX 39,S
    862  6+1   BB96 10AF E8 AF           STY -81,S
    863
    864  5+2   BB9A 37   06              PULU D
    865  5+1   BB9C ED   E8 87           STD -121,S
    866
    867  5+2   BB9F 37   06              PULU A,B
    868  4+1   BBA1 A7   E8 79           STA 121,S
    869  4+1   BBA4 E7   E8 51           STB 81,S
    870
    871  5+5   BBA7 37   32              PULU A,X,Y
    872  4+1   BBA9 A7   E8 29           STA 41,S
    873  5+0   BBAC AF   E4              STX ,S
    874  6+1   BBAE 10AF 7E              STY -2,S
    875
    876  5+4   BBB1 37   16              PULU D,X
    877  5+1   BBB3 ED   E8 D8           STD -40,S
    878  5+1   BBB6 AF   E8 D6           STX -42,S
    879
    880  5+1   BBB9 37   02              PULU A
    881  4+1   BBBB A7   E8 B1           STA -79,S
    882
    883  5+4   BBBE 37   46              PULU D,S
    884  5+1   BBC0 ED   E8 78           STD 120,S
    885
    886  5+6   BBC3 37   36              PULU D,X,Y
    887  5+1   BBC5 ED   E8 28           STD 40,S
    888  5+0   BBC8 AF   E4              STX ,S
    889  6+1   BBCA 10AF E8 D8           STY -40,S
    890
    891  5+5   BBCE 37   32              PULU A,X,Y
    892  4+1   BBD0 A7   E8 88           STA -120,S
    893  5+1   BBD3 AF   E8 50           STX 80,S
    894  6+1   BBD6 10AF E8 B0           STY -80,S
    895
    896        BBDA               ERASE_SSAV_HRR2
    897  4     BBDA 10CE 0000            LDS #$0000
    898  5+5   BBDE 35   C8              PULS DP,U,PC * Ajout du PC au PULS>>
    899
    900        BBE0               ERASE_DATA_HRR2_1
    901        BBE0 0000                 FDB $0000
    902        BBE2 0000                 FDB $0000
    903        BBE4 0000                 FDB $0000
    904        BBE6 0000                 FDB $0000
    905        BBE8 0000                 FDB $0000
    906        BBEA 0000                 FDB $0000
    907        BBEC 0000                 FDB $0000
    908        BBEE 0000                 FDB $0000
    909        BBF0 0000                 FDB $0000
    910        BBF2 0000                 FDB $0000
    911        BBF4 0000                 FDB $0000
    912        BBF6 0000                 FDB $0000
    913        BBF8 0000                 FDB $0000
    914        BBFA 0000                 FDB $0000
    915        BBFC 0000                 FDB $0000
    916        BBFE 0000                 FDB $0000
    917        BC00 0000                 FDB $0000
    918        BC02 0000                 FDB $0000
    919        BC04 0000                 FDB $0000
    920        BC06 0000                 FDB $0000
    921        BC08 0000                 FDB $0000
    922        BC0A 0000                 FDB $0000
    923        BC0C 0000                 FDB $0000
    924        BC0E 0000                 FDB $0000
    925        BC10 0000                 FDB $0000
    926        BC12 0000                 FDB $0000
    927        BC14 0000                 FDB $0000
    928        BC16 0000                 FDB $0000
    929        BC18 0000                 FDB $0000
    930        BC1A 0000                 FDB $0000
    931        BC1C 0000                 FDB $0000
    932        BC1E 0000                 FDB $0000
    933        BC20 0000                 FDB $0000
    934        BC22 0000                 FDB $0000
    935        BC24 0000                 FDB $0000
    936        BC26 0000                 FDB $0000
    937        BC28 0000                 FDB $0000
    938        BC2A 0000                 FDB $0000
    939        BC2C 0000                 FDB $0000
    940        BC2E 0000                 FDB $0000
    941        BC30 0000                 FDB $0000
    942        BC32 0000                 FDB $0000
    943        BC34 0000                 FDB $0000
    944        BC36 0000                 FDB $0000
    945        BC38 0000                 FDB $0000
    946        BC3A 0000                 FDB $0000
    947        BC3C 0000                 FDB $0000
    948        BC3E 0000                 FDB $0000
    949        BC40 0000                 FDB $0000
    950        BC42 0000                 FDB $0000
    951        BC44 00                   FCB $00
    952        BC45 00                   FCB $00
    953        BC46               ERASE_DATA_HRR2_2
    954        BC46 0000                 FDB $0000
    955        BC48 0000                 FDB $0000
    956        BC4A 0000                 FDB $0000
    957        BC4C 0000                 FDB $0000
    958        BC4E 0000                 FDB $0000
    959        BC50 0000                 FDB $0000
    960        BC52 0000                 FDB $0000
    961        BC54 0000                 FDB $0000
    962        BC56 0000                 FDB $0000
    963        BC58 0000                 FDB $0000
    964        BC5A 0000                 FDB $0000
    965        BC5C 0000                 FDB $0000
    966        BC5E 0000                 FDB $0000
    967        BC60 0000                 FDB $0000
    968        BC62 0000                 FDB $0000
    969        BC64 0000                 FDB $0000
    970        BC66 0000                 FDB $0000
    971        BC68 0000                 FDB $0000
    972        BC6A 0000                 FDB $0000
    973        BC6C 0000                 FDB $0000
    974        BC6E 0000                 FDB $0000
    975        BC70 0000                 FDB $0000
    976        BC72 0000                 FDB $0000
    977        BC74 0000                 FDB $0000
    978        BC76 0000                 FDB $0000
    979        BC78 0000                 FDB $0000
    980        BC7A 0000                 FDB $0000
    981        BC7C 0000                 FDB $0000
    982        BC7E 0000                 FDB $0000
    983        BC80 0000                 FDB $0000
    984        BC82 0000                 FDB $0000
    985        BC84 0000                 FDB $0000
    986        BC86 0000                 FDB $0000
    987        BC88 0000                 FDB $0000
    988        BC8A 0000                 FDB $0000
    989        BC8C 0000                 FDB $0000
    990        BC8E 0000                 FDB $0000
    991        BC90 0000                 FDB $0000
    992        BC92 0000                 FDB $0000
    993        BC94 0000                 FDB $0000
    994        BC96 0000                 FDB $0000
    995        BC98 0000                 FDB $0000
    996        BC9A 0000                 FDB $0000
    997        BC9C 0000                 FDB $0000
    998        BC9E 0000                 FDB $0000
    999        BCA0 0000                 FDB $0000
   1000        BCA2 0000                 FDB $0000
   1001        BCA4 0000                 FDB $0000
   1002        BCA6 0000                 FDB $0000
   1003        BCA8 00                   FCB $00
   1004        BCA9 00                   FCB $00
   1005        BCAA               ERASE_DATA_HRR2_END

000000 Total Errors

000011 Total Symbols
     0x          Label B552 DRAW_HRR2
     0x          Label BA3C ERASE_CODE_HRR2_1
     0x          Label BB04 ERASE_CODE_HRR2_2
     1x          Label BBE0 ERASE_DATA_HRR2_1
     2x          Label BC46 ERASE_DATA_HRR2_2
     1x          Label BCAA ERASE_DATA_HRR2_END
     0x          Label BA2F ERASE_HRR2
     1x          Label BA35 ERASE_POS_HRR2_1
     1x          Label BAFD ERASE_POS_HRR2_2
     1x          Label BBDA ERASE_SSAV_HRR2
     1x          Label BA29 SSAV_HRR2

