/*--------------------------------------------------------------*
 * Compilé avec C6809 v0.83                                     *
 *--------------------------------------------------------------*
 * Fichier source      : tmp/HRR7.ASM
 * Fichier destination : tmp/HRR7.BIN
 * Contenu :
 *     Main     0:IMG.ASM      10369
 *--------------------------------------------------------------*/

Macro Pass
Pass1
Pass2
      2        A730                      ORG $A730
      3        A730               DRAW_HRR7
      4  5+3   A730 34   48              PSHS U,DP
      5  7     A732 10FF ABBD            STS SSAV_HRR7+2
      6
      7  7     A736 10FE 9F00            LDS $9F00
      8  7     A73A 10FF ABC9            STS ERASE_POS_HRR7_1+2
      9  3     A73E CE   ADC6            LDU #ERASE_DATA_HRR7_2
     10  4+4   A741 32   E9 0220         LEAS 544,S
     11  4+1   A745 A6   E8 14           LDA 20,S
     12  5+1   A748 36   02              PSHU A
     13  2     A74A 84   0F              ANDA #$0F
     14  2     A74C 8A   D0              ORA #$d0
     15  4+1   A74E A7   E8 14           STA 20,S
     16
     17  5+1   A751 EC   E8 3A           LDD 58,S
     18  5+2   A754 36   06              PSHU D
     19  2     A756 84   F0              ANDA #$F0
     20  2     A758 8A   0D              ORA #$0d
     21  2     A75A C6   CC              LDB #$cc
     22  5+1   A75C ED   E8 3A           STD 58,S
     23
     24  4+1   A75F A6   E8 3C           LDA 60,S
     25  5+1   A762 36   02              PSHU A
     26  2     A764 84   0F              ANDA #$0F
     27  2     A766 8A   A0              ORA #$a0
     28  4+1   A768 A7   E8 3C           STA 60,S
     29
     30  4+1   A76B A6   E8 C3           LDA -61,S
     31  5+1   A76E 36   02              PSHU A
     32
     33  5+1   A770 EC   E8 EA           LDD -22,S
     34  5+2   A773 36   06              PSHU D
     35
     36  5+1   A775 EC   E8 12           LDD 18,S
     37  5+4   A778 36   46              PSHU D,S
     38
     39  3     A77A CC   DDCA            LDD #$ddca
     40  5+1   A77D ED   E8 12           STD 18,S
     41
     42  3     A780 CC   CCAA            LDD #$ccaa
     43  5+1   A783 ED   E8 EA           STD -22,S
     44
     45  4+1   A786 E7   E8 C3           STB -61,S
     46
     47  4+4   A789 32   E9 00DA         LEAS 218,S
     48  5+1   A78D EC   E8 89           LDD -119,S
     49  5+2   A790 36   06              PSHU D
     50
     51  5+1   A792 EC   E8 B1           LDD -79,S
     52  5+2   A795 36   06              PSHU D
     53
     54  5+1   A797 EC   E8 D9           LDD -39,S
     55  5+2   A79A 36   06              PSHU D
     56
     57  3     A79C CC   CDAA            LDD #$cdaa
     58  5+1   A79F ED   E8 89           STD -119,S
     59
     60  5+1   A7A2 ED   E8 B1           STD -79,S
     61
     62  5+1   A7A5 ED   E8 D9           STD -39,S
     63
     64  5+3   A7A8 35   12              PULS A,X
     65  5+5   A7AA 36   52              PSHU A,X,S
     66  2     A7AC 86   CC              LDA #$cc
     67  3     A7AE 8E   CDDA            LDX #$cdda
     68  5+3   A7B1 34   12              PSHS A,X
     69
     70  4+1   A7B3 32   E8 28           LEAS 40,S
     71  5+3   A7B6 35   12              PULS A,X
     72  5+5   A7B8 36   52              PSHU A,X,S
     73  2     A7BA 86   CC              LDA #$cc
     74  3     A7BC 8E   CABA            LDX #$caba
     75  5+3   A7BF 34   12              PSHS A,X
     76
     77  4+1   A7C1 32   E8 28           LEAS 40,S
     78  5+3   A7C4 35   12              PULS A,X
     79  5+5   A7C6 36   52              PSHU A,X,S
     80  2     A7C8 86   DD              LDA #$dd
     81  3     A7CA 8E   CBBC            LDX #$cbbc
     82  5+3   A7CD 34   12              PSHS A,X
     83
     84  4+1   A7CF 32   E8 28           LEAS 40,S
     85  5+3   A7D2 35   12              PULS A,X
     86  5+5   A7D4 36   52              PSHU A,X,S
     87  2     A7D6 86   DD              LDA #$dd
     88  3     A7D8 8E   CAB0            LDX #$cab0
     89  5+3   A7DB 34   12              PSHS A,X
     90
     91  4+1   A7DD 32   E8 28           LEAS 40,S
     92  5+1   A7E0 EC   E8 28           LDD 40,S
     93  5+2   A7E3 36   06              PSHU D
     94  2     A7E5 84   F0              ANDA #$F0
     95  2     A7E7 8A   0D              ORA #$0d
     96  2     A7E9 C6   CA              LDB #$ca
     97  5+1   A7EB ED   E8 28           STD 40,S
     98
     99  5+1   A7EE EC   E8 78           LDD 120,S
    100  5+2   A7F1 36   06              PSHU D
    101  2     A7F3 84   F0              ANDA #$F0
    102  2     A7F5 8A   0C              ORA #$0c
    103  2     A7F7 C6   CC              LDB #$cc
    104  5+1   A7F9 ED   E8 78           STD 120,S
    105
    106  4+1   A7FC A6   E8 2A           LDA 42,S
    107  5+1   A7FF 36   02              PSHU A
    108
    109  5+1   A801 EC   E8 51           LDD 81,S
    110  5+2   A804 36   06              PSHU D
    111
    112  4+1   A806 A6   E8 7A           LDA 122,S
    113  5+1   A809 36   02              PSHU A
    114
    115  2     A80B 86   B2              LDA #$b2
    116  4+1   A80D A7   E8 7A           STA 122,S
    117
    118  3     A810 CC   CCB9            LDD #$ccb9
    119  5+1   A813 ED   E8 51           STD 81,S
    120
    121  4+1   A816 E7   E8 2A           STB 42,S
    122
    123  5+3   A819 35   12              PULS A,X
    124  5+5   A81B 36   52              PSHU A,X,S
    125  2     A81D 86   DD              LDA #$dd
    126  3     A81F 8E   CABA            LDX #$caba
    127  5+3   A822 34   12              PSHS A,X
    128
    129  4+4   A824 32   E9 00A0         LEAS 160,S
    130  5+3   A828 35   12              PULS A,X
    131  5+5   A82A 36   52              PSHU A,X,S
    132  2     A82C 86   CC              LDA #$cc
    133  3     A82E 8E   C322            LDX #$c322
    134  5+3   A831 34   12              PSHS A,X
    135
    136  4+1   A833 32   E8 28           LEAS 40,S
    137  5+3   A836 35   12              PULS A,X
    138  5+5   A838 36   52              PSHU A,X,S
    139  2     A83A 86   DD              LDA #$dd
    140  3     A83C 8E   D322            LDX #$d322
    141  5+3   A83F 34   12              PSHS A,X
    142
    143  4+1   A841 32   E8 28           LEAS 40,S
    144  4+1   A844 A6   E8 2A           LDA 42,S
    145  5+1   A847 36   02              PSHU A
    146  2     A849 84   0F              ANDA #$0F
    147  2     A84B 8A   30              ORA #$30
    148  4+1   A84D A7   E8 2A           STA 42,S
    149
    150  5+1   A850 EC   E8 77           LDD 119,S
    151  5+2   A853 36   06              PSHU D
    152  2     A855 84   F0              ANDA #$F0
    153  2     A857 8A   0A              ORA #$0a
    154  2     A859 C6   90              LDB #$90
    155  5+1   A85B ED   E8 77           STD 119,S
    156
    157  5+1   A85E EC   E8 28           LDD 40,S
    158  5+2   A861 36   06              PSHU D
    159
    160  5+1   A863 EC   E8 50           LDD 80,S
    161  5+2   A866 36   06              PSHU D
    162
    163  4+1   A868 A6   E8 79           LDA 121,S
    164  5+1   A86B 36   02              PSHU A
    165
    166  3     A86D CC   DD0D            LDD #$dd0d
    167  5+1   A870 ED   E8 28           STD 40,S
    168
    169  3     A873 CC   AE10            LDD #$ae10
    170  5+1   A876 ED   E8 50           STD 80,S
    171
    172  2     A879 86   BF              LDA #$bf
    173  4+1   A87B A7   E8 79           STA 121,S
    174
    175  5+3   A87E 35   12              PULS A,X
    176  5+5   A880 36   52              PSHU A,X,S
    177  2     A882 86   DD              LDA #$dd
    178  3     A884 8E   DD21            LDX #$dd21
    179  5+3   A887 34   12              PSHS A,X
    180
    181  4+4   A889 32   E9 0118         LEAS 280,S
    182  5+1   A88D EC   E8 87           LDD -121,S
    183  5+2   A890 36   06              PSHU D
    184  2     A892 84   F0              ANDA #$F0
    185  2     A894 8A   0A              ORA #$0a
    186  2     A896 C6   9E              LDB #$9e
    187  5+1   A898 ED   E8 87           STD -121,S
    188
    189  5+1   A89B EC   E8 89           LDD -119,S
    190  5+2   A89E 36   06              PSHU D
    191  2     A8A0 86   BF              LDA #$bf
    192  2     A8A2 C4   0F              ANDB #$0F
    193  2     A8A4 CA   B0              ORB #$b0
    194  5+1   A8A6 ED   E8 89           STD -119,S
    195
    196  5+1   A8A9 EC   E8 AF           LDD -81,S
    197  5+2   A8AC 36   06              PSHU D
    198  2     A8AE 84   F0              ANDA #$F0
    199  2     A8B0 8A   0A              ORA #$0a
    200  2     A8B2 C6   9E              LDB #$9e
    201  5+1   A8B4 ED   E8 AF           STD -81,S
    202
    203  5+1   A8B7 EC   E8 B1           LDD -79,S
    204  5+2   A8BA 36   06              PSHU D
    205  2     A8BC 86   AF              LDA #$af
    206  2     A8BE C4   0F              ANDB #$0F
    207  2     A8C0 CA   A0              ORB #$a0
    208  5+1   A8C2 ED   E8 B1           STD -79,S
    209
    210  4+1   A8C5 A6   E8 DA           LDA -38,S
    211  5+1   A8C8 36   02              PSHU A
    212  2     A8CA 84   0F              ANDA #$0F
    213  2     A8CC 8A   A0              ORA #$a0
    214  4+1   A8CE A7   E8 DA           STA -38,S
    215
    216  4+1   A8D1 A6   62              LDA 2,S
    217  5+1   A8D3 36   02              PSHU A
    218  2     A8D5 84   0F              ANDA #$0F
    219  2     A8D7 8A   A0              ORA #$a0
    220  4+1   A8D9 A7   62              STA 2,S
    221
    222  4+1   A8DB A6   E8 51           LDA 81,S
    223  5+1   A8DE 36   02              PSHU A
    224  2     A8E0 84   0F              ANDA #$0F
    225  2     A8E2 8A   D0              ORA #$d0
    226  4+1   A8E4 A7   E8 51           STA 81,S
    227
    228  4+1   A8E7 A6   E8 79           LDA 121,S
    229  5+1   A8EA 36   02              PSHU A
    230  2     A8EC 84   0F              ANDA #$0F
    231  2     A8EE 8A   D0              ORA #$d0
    232  4+1   A8F0 A7   E8 79           STA 121,S
    233
    234  5+1   A8F3 EC   E8 D8           LDD -40,S
    235  5+2   A8F6 36   06              PSHU D
    236
    237  5+0   A8F8 EC   E4              LDD ,S
    238  5+2   A8FA 36   06              PSHU D
    239
    240  4+1   A8FC A6   E8 29           LDA 41,S
    241  5+3   A8FF 36   42              PSHU A,S
    242
    243  3     A901 CC   0011            LDD #$0011
    244  5+1   A904 ED   E8 D8           STD -40,S
    245
    246  3     A907 CC   EEEE            LDD #$eeee
    247  5+0   A90A ED   E4              STD ,S
    248
    249  2     A90C 86   DD              LDA #$dd
    250  4+1   A90E A7   E8 29           STA 41,S
    251
    252  4+4   A911 32   E9 0119         LEAS 281,S
    253  4+1   A915 A6   E8 88           LDA -120,S
    254  5+1   A918 36   02              PSHU A
    255  2     A91A 84   0F              ANDA #$0F
    256  2     A91C 8A   D0              ORA #$d0
    257  4+1   A91E A7   E8 88           STA -120,S
    258
    259  4+1   A921 A6   E8 AF           LDA -81,S
    260  5+1   A924 36   02              PSHU A
    261  2     A926 84   F0              ANDA #$F0
    262  2     A928 8A   09              ORA #$09
    263  4+1   A92A A7   E8 AF           STA -81,S
    264
    265  4+1   A92D A6   E8 D7           LDA -41,S
    266  5+1   A930 36   02              PSHU A
    267  2     A932 84   F0              ANDA #$F0
    268  2     A934 8A   0A              ORA #$0a
    269  4+1   A936 A7   E8 D7           STA -41,S
    270
    271  5+1   A939 EC   E8 27           LDD 39,S
    272  5+2   A93C 36   06              PSHU D
    273  2     A93E 86   EE              LDA #$ee
    274  2     A940 C4   0F              ANDB #$0F
    275  2     A942 CA   A0              ORB #$a0
    276  5+1   A944 ED   E8 27           STD 39,S
    277
    278  4+1   A947 A6   7F              LDA -1,S
    279  5+1   A949 36   02              PSHU A
    280
    281  5+1   A94B EC   E8 4F           LDD 79,S
    282  5+2   A94E 36   06              PSHU D
    283
    284  5+1   A950 EC   E8 77           LDD 119,S
    285  5+4   A953 36   46              PSHU D,S
    286
    287  2     A955 86   09              LDA #$09
    288  4+1   A957 A7   7F              STA -1,S
    289
    290  3     A959 CC   EE11            LDD #$ee11
    291  5+1   A95C ED   E8 77           STD 119,S
    292
    293  2     A95F C6   1F              LDB #$1f
    294  5+1   A961 ED   E8 4F           STD 79,S
    295
    296  4+4   A964 32   E9 009F         LEAS 159,S
    297  5+0   A968 EC   E4              LDD ,S
    298  5+4   A96A 36   46              PSHU D,S
    299
    300  3     A96C CC   000E            LDD #$000e
    301  5+0   A96F ED   E4              STD ,S
    302
    303
    304  7     A971 10FE 9F02            LDS $9F00+2
    305  7     A975 10FF AC8C            STS ERASE_POS_HRR7_2+2
    306  3     A979 CE   AE31            LDU #ERASE_DATA_HRR7_END
    307
    308  4+4   A97C 32   E9 025A         LEAS 602,S
    309  5+1   A980 EC   E8 AF           LDD -81,S
    310  5+2   A983 36   06              PSHU D
    311  2     A985 84   F0              ANDA #$F0
    312  2     A987 8A   0C              ORA #$0c
    313  2     A989 C6   CA              LDB #$ca
    314  5+1   A98B ED   E8 AF           STD -81,S
    315
    316  4+1   A98E A6   E8 B1           LDA -79,S
    317  5+1   A991 36   02              PSHU A
    318  2     A993 84   0F              ANDA #$0F
    319  2     A995 8A   A0              ORA #$a0
    320  4+1   A997 A7   E8 B1           STA -79,S
    321
    322  5+1   A99A EC   E8 50           LDD 80,S
    323  5+2   A99D 36   06              PSHU D
    324  2     A99F 84   F0              ANDA #$F0
    325  2     A9A1 8A   0D              ORA #$0d
    326  2     A9A3 C6   23              LDB #$23
    327  5+1   A9A5 ED   E8 50           STD 80,S
    328
    329  4+1   A9A8 A6   E8 88           LDA -120,S
    330  5+1   A9AB 36   02              PSHU A
    331
    332  5+1   A9AD EC   E8 D8           LDD -40,S
    333  5+2   A9B0 36   06              PSHU D
    334
    335  5+0   A9B2 EC   E4              LDD ,S
    336  5+2   A9B4 36   06              PSHU D
    337
    338  5+1   A9B6 EC   E8 28           LDD 40,S
    339  5+2   A9B9 36   06              PSHU D
    340
    341  5+1   A9BB EC   E8 78           LDD 120,S
    342  5+4   A9BE 36   46              PSHU D,S
    343
    344  2     A9C0 86   AA              LDA #$aa
    345  4+1   A9C2 A7   E8 88           STA -120,S
    346
    347  3     A9C5 CC   DD2D            LDD #$dd2d
    348  5+0   A9C8 ED   E4              STD ,S
    349
    350  2     A9CA C6   23              LDB #$23
    351  5+1   A9CC ED   E8 28           STD 40,S
    352
    353  3     A9CF CC   CCDD            LDD #$ccdd
    354  5+1   A9D2 ED   E8 D8           STD -40,S
    355
    356  2     A9D5 C6   2A              LDB #$2a
    357  5+1   A9D7 ED   E8 78           STD 120,S
    358
    359  4+4   A9DA 32   E9 0117         LEAS 279,S
    360  5+1   A9DE EC   E8 B0           LDD -80,S
    361  5+2   A9E1 36   06              PSHU D
    362  2     A9E3 84   F0              ANDA #$F0
    363  2     A9E5 8A   0C              ORA #$0c
    364  2     A9E7 C6   CC              LDB #$cc
    365  5+1   A9E9 ED   E8 B0           STD -80,S
    366
    367  5+1   A9EC EC   E8 B2           LDD -78,S
    368  5+2   A9EF 36   06              PSHU D
    369  2     A9F1 86   AC              LDA #$ac
    370  2     A9F3 C4   0F              ANDB #$0F
    371  2     A9F5 CA   C0              ORB #$c0
    372  5+1   A9F7 ED   E8 B2           STD -78,S
    373
    374  5+1   A9FA EC   E8 D8           LDD -40,S
    375  5+2   A9FD 36   06              PSHU D
    376  2     A9FF 84   F0              ANDA #$F0
    377  2     AA01 8A   0C              ORA #$0c
    378  2     AA03 C6   CC              LDB #$cc
    379  5+1   AA05 ED   E8 D8           STD -40,S
    380
    381  5+1   AA08 EC   E8 DA           LDD -38,S
    382  5+2   AA0B 36   06              PSHU D
    383  2     AA0D 86   AC              LDA #$ac
    384  2     AA0F C4   0F              ANDB #$0F
    385  2     AA11 CA   A0              ORB #$a0
    386  5+1   AA13 ED   E8 DA           STD -38,S
    387
    388  4+1   AA16 A6   63              LDA 3,S
    389  5+1   AA18 36   02              PSHU A
    390  2     AA1A 84   0F              ANDA #$0F
    391  2     AA1C 8A   C0              ORA #$c0
    392  4+1   AA1E A7   63              STA 3,S
    393
    394  4+1   AA20 A6   E8 2B           LDA 43,S
    395  5+1   AA23 36   02              PSHU A
    396  2     AA25 84   0F              ANDA #$0F
    397  2     AA27 8A   C0              ORA #$c0
    398  4+1   AA29 A7   E8 2B           STA 43,S
    399
    400  4+1   AA2C A6   E8 7B           LDA 123,S
    401  5+1   AA2F 36   02              PSHU A
    402  2     AA31 84   0F              ANDA #$0F
    403  2     AA33 8A   A0              ORA #$a0
    404  4+1   AA35 A7   E8 7B           STA 123,S
    405
    406  5+1   AA38 EC   E8 89           LDD -119,S
    407  5+2   AA3B 36   06              PSHU D
    408
    409  5+1   AA3D EC   E8 29           LDD 41,S
    410  5+2   AA40 36   06              PSHU D
    411
    412  5+1   AA42 EC   E8 51           LDD 81,S
    413  5+2   AA45 36   06              PSHU D
    414
    415  5+1   AA47 EC   E8 79           LDD 121,S
    416  5+2   AA4A 36   06              PSHU D
    417
    418  3     AA4C CC   DCCA            LDD #$dcca
    419  5+1   AA4F ED   E8 79           STD 121,S
    420
    421  2     AA52 C6   AA              LDB #$aa
    422  5+1   AA54 ED   E8 29           STD 41,S
    423
    424  5+1   AA57 ED   E8 51           STD 81,S
    425
    426  2     AA5A 86   CC              LDA #$cc
    427  5+1   AA5C ED   E8 89           STD -119,S
    428
    429  5+3   AA5F 35   12              PULS A,X
    430  5+5   AA61 36   52              PSHU A,X,S
    431  2     AA63 86   DD              LDA #$dd
    432  3     AA65 8E   CCAA            LDX #$ccaa
    433  5+3   AA68 34   12              PSHS A,X
    434
    435  4+4   AA6A 32   E9 00A2         LEAS 162,S
    436  4+1   AA6E A6   61              LDA 1,S
    437  5+1   AA70 36   02              PSHU A
    438  2     AA72 84   0F              ANDA #$0F
    439  2     AA74 8A   90              ORA #$90
    440  4+1   AA76 A7   61              STA 1,S
    441
    442  5+1   AA78 EC   7F              LDD -1,S
    443  5+4   AA7A 36   46              PSHU D,S
    444
    445  3     AA7C CC   CC2C            LDD #$cc2c
    446  5+1   AA7F ED   7F              STD -1,S
    447
    448  4+4   AA81 32   E9 009E         LEAS 158,S
    449  4+1   AA85 A6   E8 8B           LDA -117,S
    450  5+1   AA88 36   02              PSHU A
    451  2     AA8A 84   0F              ANDA #$0F
    452  2     AA8C 8A   00              ORA #$00
    453  4+1   AA8E A7   E8 8B           STA -117,S
    454
    455  5+1   AA91 EC   E8 B0           LDD -80,S
    456  5+2   AA94 36   06              PSHU D
    457  2     AA96 84   F0              ANDA #$F0
    458  2     AA98 8A   0C              ORA #$0c
    459  2     AA9A C6   DD              LDB #$dd
    460  5+1   AA9C ED   E8 B0           STD -80,S
    461
    462  5+1   AA9F EC   E8 D8           LDD -40,S
    463  5+2   AAA2 36   06              PSHU D
    464  2     AAA4 84   F0              ANDA #$F0
    465  2     AAA6 8A   0D              ORA #$0d
    466  2     AAA8 C6   DC              LDB #$dc
    467  5+1   AAAA ED   E8 D8           STD -40,S
    468
    469  4+1   AAAD A6   E8 2A           LDA 42,S
    470  5+1   AAB0 36   02              PSHU A
    471  2     AAB2 84   0F              ANDA #$0F
    472  2     AAB4 8A   D0              ORA #$d0
    473  4+1   AAB6 A7   E8 2A           STA 42,S
    474
    475  5+1   AAB9 EC   E8 89           LDD -119,S
    476  5+2   AABC 36   06              PSHU D
    477
    478  4+1   AABE A6   E8 B2           LDA -78,S
    479  5+1   AAC1 36   02              PSHU A
    480
    481  4+1   AAC3 A6   E8 DA           LDA -38,S
    482  5+1   AAC6 36   02              PSHU A
    483
    484  5+1   AAC8 EC   E8 28           LDD 40,S
    485  5+2   AACB 36   06              PSHU D
    486
    487  3     AACD CC   DD2B            LDD #$dd2b
    488  5+1   AAD0 ED   E8 89           STD -119,S
    489
    490  3     AAD3 CC   99AA            LDD #$99aa
    491  5+1   AAD6 ED   E8 28           STD 40,S
    492
    493  2     AAD9 86   22              LDA #$22
    494  4+1   AADB A7   E8 B2           STA -78,S
    495
    496  4+1   AADE A7   E8 DA           STA -38,S
    497
    498  5+3   AAE1 35   12              PULS A,X
    499  5+5   AAE3 36   52              PSHU A,X,S
    500  3     AAE5 8E   DD13            LDX #$dd13
    501  5+3   AAE8 34   14              PSHS B,X
    502
    503  4+1   AAEA 32   E8 50           LEAS 80,S
    504  5+3   AAED 35   12              PULS A,X
    505  5+5   AAEF 36   52              PSHU A,X,S
    506  2     AAF1 86   99              LDA #$99
    507  3     AAF3 8E   FFAB            LDX #$ffab
    508  5+3   AAF6 34   12              PSHS A,X
    509
    510  4+1   AAF8 32   E8 28           LEAS 40,S
    511  5+3   AAFB 35   12              PULS A,X
    512  5+5   AAFD 36   52              PSHU A,X,S
    513  2     AAFF 86   90              LDA #$90
    514  3     AB01 8E   FBFA            LDX #$fbfa
    515  5+3   AB04 34   12              PSHS A,X
    516
    517  4+1   AB06 32   E8 28           LEAS 40,S
    518  5+3   AB09 35   12              PULS A,X
    519  5+5   AB0B 36   52              PSHU A,X,S
    520  2     AB0D 86   A9              LDA #$a9
    521  3     AB0F 8E   1A2A            LDX #$1a2a
    522  5+3   AB12 34   12              PSHS A,X
    523
    524  4+1   AB14 32   E8 28           LEAS 40,S
    525  5+3   AB17 35   12              PULS A,X
    526  5+5   AB19 36   52              PSHU A,X,S
    527  2     AB1B 86   90              LDA #$90
    528  3     AB1D 8E   09FF            LDX #$09ff
    529  5+3   AB20 34   12              PSHS A,X
    530
    531  4+1   AB22 32   E8 28           LEAS 40,S
    532  4+1   AB25 A6   E8 51           LDA 81,S
    533  5+1   AB28 36   02              PSHU A
    534  2     AB2A 84   F0              ANDA #$F0
    535  2     AB2C 8A   00              ORA #$00
    536  4+1   AB2E A7   E8 51           STA 81,S
    537
    538  5+1   AB31 EC   E8 29           LDD 41,S
    539  5+2   AB34 36   06              PSHU D
    540
    541  3     AB36 CC   0D91            LDD #$0d91
    542  5+1   AB39 ED   E8 29           STD 41,S
    543
    544  5+3   AB3C 35   12              PULS A,X
    545  5+5   AB3E 36   52              PSHU A,X,S
    546  2     AB40 86   A9              LDA #$a9
    547  3     AB42 8E   E11F            LDX #$e11f
    548  5+3   AB45 34   12              PSHS A,X
    549
    550  4+4   AB47 32   E9 011A         LEAS 282,S
    551  4+1   AB4B A6   E8 87           LDA -121,S
    552  5+1   AB4E 36   02              PSHU A
    553  2     AB50 84   F0              ANDA #$F0
    554  2     AB52 8A   0D              ORA #$0d
    555  4+1   AB54 A7   E8 87           STA -121,S
    556
    557  5+1   AB57 EC   E8 4E           LDD 78,S
    558  5+2   AB5A 36   06              PSHU D
    559  2     AB5C 84   F0              ANDA #$F0
    560  2     AB5E 8A   00              ORA #$00
    561  2     AB60 C6   AA              LDB #$aa
    562  5+1   AB62 ED   E8 4E           STD 78,S
    563
    564  5+1   AB65 EC   E8 76           LDD 118,S
    565  5+2   AB68 36   06              PSHU D
    566  2     AB6A 84   F0              ANDA #$F0
    567  2     AB6C 8A   0E              ORA #$0e
    568  2     AB6E C6   91              LDB #$91
    569  5+1   AB70 ED   E8 76           STD 118,S
    570
    571  4+1   AB73 A6   E8 AF           LDA -81,S
    572  5+1   AB76 36   02              PSHU A
    573
    574  4+1   AB78 A6   E8 D7           LDA -41,S
    575  5+1   AB7B 36   02              PSHU A
    576
    577  4+1   AB7D A6   7F              LDA -1,S
    578  5+1   AB7F 36   02              PSHU A
    579
    580  4+1   AB81 A6   E8 27           LDA 39,S
    581  5+1   AB84 36   02              PSHU A
    582
    583  4+1   AB86 A6   E8 78           LDA 120,S
    584  5+3   AB89 36   42              PSHU A,S
    585
    586  2     AB8B 86   9D              LDA #$9d
    587  4+1   AB8D A7   E8 AF           STA -81,S
    588
    589  2     AB90 86   A9              LDA #$a9
    590  4+1   AB92 A7   E8 D7           STA -41,S
    591
    592  2     AB95 86   AA              LDA #$aa
    593  4+1   AB97 A7   7F              STA -1,S
    594
    595  2     AB99 86   1A              LDA #$1a
    596  4+1   AB9B A7   E8 27           STA 39,S
    597
    598  2     AB9E 86   1F              LDA #$1f
    599  4+1   ABA0 A7   E8 78           STA 120,S
    600
    601  4+4   ABA3 32   E9 009F         LEAS 159,S
    602  5+1   ABA7 EC   7F              LDD -1,S
    603  5+2   ABA9 36   06              PSHU D
    604  2     ABAB 84   F0              ANDA #$F0
    605  2     ABAD 8A   00              ORA #$00
    606  2     ABAF C6   00              LDB #$00
    607  5+1   ABB1 ED   7F              STD -1,S
    608
    609  4+1   ABB3 A6   61              LDA 1,S
    610  5+3   ABB5 36   42              PSHU A,S
    611
    612  2     ABB7 86   E1              LDA #$e1
    613  4+1   ABB9 A7   61              STA 1,S
    614
    615        ABBB               SSAV_HRR7
    616  4     ABBB 10CE 0000            LDS #$0000
    617  5+5   ABBF 35   C8              PULS DP,U,PC * Ajout du PC au PULS>>
    618
    619        ABC1               ERASE_HRR7
    620  5+3   ABC1 34   48              PSHS U,DP
    621  7     ABC3 10FF AD56            STS ERASE_SSAV_HRR7+2
    622
    623        ABC7               ERASE_POS_HRR7_1
    624  4     ABC7 10CE 0000            LDS #$0000
    625  3     ABCB CE   AD5A            LDU #ERASE_DATA_HRR7_1
    626
    627        ABCE               ERASE_CODE_HRR7_1
    628  5+4   ABCE 37   46              PULU D,S
    629  5+0   ABD0 ED   E4              STD ,S
    630
    631
    632
    633  5+4   ABD2 37   46              PULU D,S
    634  5+1   ABD4 ED   E8 77           STD 119,S
    635
    636  5+2   ABD7 37   06              PULU D
    637  5+1   ABD9 ED   E8 4F           STD 79,S
    638
    639  5+3   ABDC 37   12              PULU A,X
    640  4+1   ABDE A7   7F              STA -1,S
    641  5+1   ABE0 AF   E8 27           STX 39,S
    642
    643  5+2   ABE3 37   06              PULU A,B
    644  4+1   ABE5 A7   E8 D7           STA -41,S
    645  4+1   ABE8 E7   E8 AF           STB -81,S
    646
    647  5+1   ABEB 37   02              PULU A
    648  4+1   ABED A7   E8 88           STA -120,S
    649
    650  5+3   ABF0 37   42              PULU A,S
    651  4+1   ABF2 A7   E8 29           STA 41,S
    652
    653  5+4   ABF5 37   16              PULU D,X
    654  5+0   ABF7 ED   E4              STD ,S
    655  5+1   ABF9 AF   E8 D8           STX -40,S
    656
    657  5+2   ABFC 37   06              PULU A,B
    658  4+1   ABFE A7   E8 79           STA 121,S
    659  4+1   AC01 E7   E8 51           STB 81,S
    660
    661  5+6   AC04 37   36              PULU A,B,X,Y
    662  4+1   AC06 A7   62              STA 2,S
    663  4+1   AC08 E7   E8 DA           STB -38,S
    664  5+1   AC0B AF   E8 B1           STX -79,S
    665  6+1   AC0E 10AF E8 AF           STY -81,S
    666
    667  5+4   AC12 37   16              PULU D,X
    668  5+1   AC14 ED   E8 89           STD -119,S
    669  5+1   AC17 AF   E8 87           STX -121,S
    670
    671  5+5   AC1A 37   54              PULU B,X,S
    672  5+3   AC1C 34   14              PSHS B,X
    673
    674  5+5   AC1E 37   32              PULU A,X,Y
    675  4+1   AC20 A7   E8 79           STA 121,S
    676  5+1   AC23 AF   E8 50           STX 80,S
    677  6+1   AC26 10AF E8 28           STY 40,S
    678
    679  5+2   AC2A 37   06              PULU D
    680  5+1   AC2C ED   E8 77           STD 119,S
    681
    682  5+1   AC2F 37   02              PULU A
    683  4+1   AC31 A7   E8 2A           STA 42,S
    684
    685  5+5   AC34 37   54              PULU B,X,S
    686  5+3   AC36 34   14              PSHS B,X
    687
    688
    689
    690  5+5   AC38 37   54              PULU B,X,S
    691  5+3   AC3A 34   14              PSHS B,X
    692
    693
    694
    695  5+5   AC3C 37   54              PULU B,X,S
    696  5+3   AC3E 34   14              PSHS B,X
    697
    698  5+3   AC40 37   12              PULU A,X
    699  4+1   AC42 A7   E8 7A           STA 122,S
    700  5+1   AC45 AF   E8 51           STX 81,S
    701
    702  5+5   AC48 37   32              PULU A,X,Y
    703  4+1   AC4A A7   E8 2A           STA 42,S
    704  5+1   AC4D AF   E8 78           STX 120,S
    705  6+1   AC50 10AF E8 28           STY 40,S
    706
    707  5+5   AC54 37   54              PULU B,X,S
    708  5+3   AC56 34   14              PSHS B,X
    709
    710
    711
    712  5+5   AC58 37   54              PULU B,X,S
    713  5+3   AC5A 34   14              PSHS B,X
    714
    715
    716
    717  5+5   AC5C 37   54              PULU B,X,S
    718  5+3   AC5E 34   14              PSHS B,X
    719
    720
    721
    722  5+5   AC60 37   54              PULU B,X,S
    723  5+3   AC62 34   14              PSHS B,X
    724
    725  5+6   AC64 37   36              PULU D,X,Y
    726  5+1   AC66 ED   E8 D9           STD -39,S
    727  5+1   AC69 AF   E8 B1           STX -79,S
    728  6+1   AC6C 10AF E8 89           STY -119,S
    729
    730  5+4   AC70 37   46              PULU D,S
    731  5+1   AC72 ED   E8 12           STD 18,S
    732
    733  5+2   AC75 37   06              PULU D
    734  5+1   AC77 ED   E8 EA           STD -22,S
    735
    736  5+4   AC7A 37   16              PULU A,B,X
    737  4+1   AC7C A7   E8 C3           STA -61,S
    738  4+1   AC7F E7   E8 3C           STB 60,S
    739  5+1   AC82 AF   E8 3A           STX 58,S
    740
    741  5+1   AC85 37   02              PULU A
    742  4+1   AC87 A7   E8 14           STA 20,S
    743
    744        AC8A               ERASE_POS_HRR7_2
    745  4     AC8A 10CE 0000            LDS #$0000
    746  3     AC8E CE   ADC6            LDU #ERASE_DATA_HRR7_2
    747
    748        AC91               ERASE_CODE_HRR7_2
    749  5+3   AC91 37   42              PULU A,S
    750  4+1   AC93 A7   61              STA 1,S
    751
    752  5+2   AC95 37   06              PULU D
    753  5+1   AC97 ED   7F              STD -1,S
    754
    755  5+3   AC99 37   42              PULU A,S
    756  4+1   AC9B A7   E8 78           STA 120,S
    757
    758  5+2   AC9E 37   06              PULU A,B
    759  4+1   ACA0 A7   E8 27           STA 39,S
    760  4+1   ACA3 E7   7F              STB -1,S
    761
    762  5+6   ACA5 37   36              PULU A,B,X,Y
    763  4+1   ACA7 A7   E8 D7           STA -41,S
    764  4+1   ACAA E7   E8 AF           STB -81,S
    765  5+1   ACAD AF   E8 76           STX 118,S
    766  6+1   ACB0 10AF E8 4E           STY 78,S
    767
    768  5+1   ACB4 37   02              PULU A
    769  4+1   ACB6 A7   E8 87           STA -121,S
    770
    771  5+5   ACB9 37   54              PULU B,X,S
    772  5+3   ACBB 34   14              PSHS B,X
    773
    774  5+2   ACBD 37   06              PULU D
    775  5+1   ACBF ED   E8 29           STD 41,S
    776
    777  5+1   ACC2 37   02              PULU A
    778  4+1   ACC4 A7   E8 51           STA 81,S
    779
    780  5+5   ACC7 37   54              PULU B,X,S
    781  5+3   ACC9 34   14              PSHS B,X
    782
    783
    784
    785  5+5   ACCB 37   54              PULU B,X,S
    786  5+3   ACCD 34   14              PSHS B,X
    787
    788
    789
    790  5+5   ACCF 37   54              PULU B,X,S
    791  5+3   ACD1 34   14              PSHS B,X
    792
    793
    794
    795  5+5   ACD3 37   54              PULU B,X,S
    796  5+3   ACD5 34   14              PSHS B,X
    797
    798
    799
    800  5+5   ACD7 37   54              PULU B,X,S
    801  5+3   ACD9 34   14              PSHS B,X
    802
    803  5+2   ACDB 37   06              PULU D
    804  5+1   ACDD ED   E8 28           STD 40,S
    805
    806  5+4   ACE0 37   16              PULU A,B,X
    807  4+1   ACE2 A7   E8 DA           STA -38,S
    808  4+1   ACE5 E7   E8 B2           STB -78,S
    809  5+1   ACE8 AF   E8 89           STX -119,S
    810
    811  5+5   ACEB 37   32              PULU A,X,Y
    812  4+1   ACED A7   E8 2A           STA 42,S
    813  5+1   ACF0 AF   E8 D8           STX -40,S
    814  6+1   ACF3 10AF E8 B0           STY -80,S
    815
    816  5+1   ACF7 37   02              PULU A
    817  4+1   ACF9 A7   E8 8B           STA -117,S
    818
    819  5+4   ACFC 37   46              PULU D,S
    820  5+1   ACFE ED   7F              STD -1,S
    821
    822  5+1   AD00 37   02              PULU A
    823  4+1   AD02 A7   61              STA 1,S
    824
    825  5+5   AD04 37   54              PULU B,X,S
    826  5+3   AD06 34   14              PSHS B,X
    827
    828  5+6   AD08 37   36              PULU D,X,Y
    829  5+1   AD0A ED   E8 79           STD 121,S
    830  5+1   AD0D AF   E8 51           STX 81,S
    831  6+1   AD10 10AF E8 29           STY 41,S
    832
    833  5+2   AD14 37   06              PULU D
    834  5+1   AD16 ED   E8 89           STD -119,S
    835
    836  5+2   AD19 37   06              PULU A,B
    837  4+1   AD1B A7   E8 7B           STA 123,S
    838  4+1   AD1E E7   E8 2B           STB 43,S
    839
    840  5+5   AD21 37   32              PULU A,X,Y
    841  4+1   AD23 A7   63              STA 3,S
    842  5+1   AD25 AF   E8 DA           STX -38,S
    843  6+1   AD28 10AF E8 D8           STY -40,S
    844
    845  5+4   AD2C 37   16              PULU D,X
    846  5+1   AD2E ED   E8 B2           STD -78,S
    847  5+1   AD31 AF   E8 B0           STX -80,S
    848
    849  5+4   AD34 37   46              PULU D,S
    850  5+1   AD36 ED   E8 78           STD 120,S
    851
    852  5+6   AD39 37   36              PULU D,X,Y
    853  5+1   AD3B ED   E8 28           STD 40,S
    854  5+0   AD3E AF   E4              STX ,S
    855  6+1   AD40 10AF E8 D8           STY -40,S
    856
    857  5+3   AD44 37   12              PULU A,X
    858  4+1   AD46 A7   E8 88           STA -120,S
    859  5+1   AD49 AF   E8 50           STX 80,S
    860
    861  5+3   AD4C 37   12              PULU A,X
    862  4+1   AD4E A7   E8 B1           STA -79,S
    863  5+1   AD51 AF   E8 AF           STX -81,S
    864
    865        AD54               ERASE_SSAV_HRR7
    866  4     AD54 10CE 0000            LDS #$0000
    867  5+5   AD58 35   C8              PULS DP,U,PC * Ajout du PC au PULS>>
    868
    869        AD5A               ERASE_DATA_HRR7_1
    870        AD5A 0000                 FDB $0000
    871        AD5C 0000                 FDB $0000
    872        AD5E 0000                 FDB $0000
    873        AD60 0000                 FDB $0000
    874        AD62 0000                 FDB $0000
    875        AD64 0000                 FDB $0000
    876        AD66 0000                 FDB $0000
    877        AD68 0000                 FDB $0000
    878        AD6A 0000                 FDB $0000
    879        AD6C 0000                 FDB $0000
    880        AD6E 0000                 FDB $0000
    881        AD70 0000                 FDB $0000
    882        AD72 0000                 FDB $0000
    883        AD74 0000                 FDB $0000
    884        AD76 0000                 FDB $0000
    885        AD78 0000                 FDB $0000
    886        AD7A 0000                 FDB $0000
    887        AD7C 0000                 FDB $0000
    888        AD7E 0000                 FDB $0000
    889        AD80 0000                 FDB $0000
    890        AD82 0000                 FDB $0000
    891        AD84 0000                 FDB $0000
    892        AD86 0000                 FDB $0000
    893        AD88 0000                 FDB $0000
    894        AD8A 0000                 FDB $0000
    895        AD8C 0000                 FDB $0000
    896        AD8E 0000                 FDB $0000
    897        AD90 0000                 FDB $0000
    898        AD92 0000                 FDB $0000
    899        AD94 0000                 FDB $0000
    900        AD96 0000                 FDB $0000
    901        AD98 0000                 FDB $0000
    902        AD9A 0000                 FDB $0000
    903        AD9C 0000                 FDB $0000
    904        AD9E 0000                 FDB $0000
    905        ADA0 0000                 FDB $0000
    906        ADA2 0000                 FDB $0000
    907        ADA4 0000                 FDB $0000
    908        ADA6 0000                 FDB $0000
    909        ADA8 0000                 FDB $0000
    910        ADAA 0000                 FDB $0000
    911        ADAC 0000                 FDB $0000
    912        ADAE 0000                 FDB $0000
    913        ADB0 0000                 FDB $0000
    914        ADB2 0000                 FDB $0000
    915        ADB4 0000                 FDB $0000
    916        ADB6 0000                 FDB $0000
    917        ADB8 0000                 FDB $0000
    918        ADBA 0000                 FDB $0000
    919        ADBC 0000                 FDB $0000
    920        ADBE 0000                 FDB $0000
    921        ADC0 0000                 FDB $0000
    922        ADC2 0000                 FDB $0000
    923        ADC4 00                   FCB $00
    924        ADC5 00                   FCB $00
    925        ADC6               ERASE_DATA_HRR7_2
    926        ADC6 0000                 FDB $0000
    927        ADC8 0000                 FDB $0000
    928        ADCA 0000                 FDB $0000
    929        ADCC 0000                 FDB $0000
    930        ADCE 0000                 FDB $0000
    931        ADD0 0000                 FDB $0000
    932        ADD2 0000                 FDB $0000
    933        ADD4 0000                 FDB $0000
    934        ADD6 0000                 FDB $0000
    935        ADD8 0000                 FDB $0000
    936        ADDA 0000                 FDB $0000
    937        ADDC 0000                 FDB $0000
    938        ADDE 0000                 FDB $0000
    939        ADE0 0000                 FDB $0000
    940        ADE2 0000                 FDB $0000
    941        ADE4 0000                 FDB $0000
    942        ADE6 0000                 FDB $0000
    943        ADE8 0000                 FDB $0000
    944        ADEA 0000                 FDB $0000
    945        ADEC 0000                 FDB $0000
    946        ADEE 0000                 FDB $0000
    947        ADF0 0000                 FDB $0000
    948        ADF2 0000                 FDB $0000
    949        ADF4 0000                 FDB $0000
    950        ADF6 0000                 FDB $0000
    951        ADF8 0000                 FDB $0000
    952        ADFA 0000                 FDB $0000
    953        ADFC 0000                 FDB $0000
    954        ADFE 0000                 FDB $0000
    955        AE00 0000                 FDB $0000
    956        AE02 0000                 FDB $0000
    957        AE04 0000                 FDB $0000
    958        AE06 0000                 FDB $0000
    959        AE08 0000                 FDB $0000
    960        AE0A 0000                 FDB $0000
    961        AE0C 0000                 FDB $0000
    962        AE0E 0000                 FDB $0000
    963        AE10 0000                 FDB $0000
    964        AE12 0000                 FDB $0000
    965        AE14 0000                 FDB $0000
    966        AE16 0000                 FDB $0000
    967        AE18 0000                 FDB $0000
    968        AE1A 0000                 FDB $0000
    969        AE1C 0000                 FDB $0000
    970        AE1E 0000                 FDB $0000
    971        AE20 0000                 FDB $0000
    972        AE22 0000                 FDB $0000
    973        AE24 0000                 FDB $0000
    974        AE26 0000                 FDB $0000
    975        AE28 0000                 FDB $0000
    976        AE2A 0000                 FDB $0000
    977        AE2C 0000                 FDB $0000
    978        AE2E 0000                 FDB $0000
    979        AE30 00                   FCB $00
    980        AE31               ERASE_DATA_HRR7_END

000000 Total Errors

000011 Total Symbols
     0x          Label A730 DRAW_HRR7
     0x          Label ABCE ERASE_CODE_HRR7_1
     0x          Label AC91 ERASE_CODE_HRR7_2
     1x          Label AD5A ERASE_DATA_HRR7_1
     2x          Label ADC6 ERASE_DATA_HRR7_2
     1x          Label AE31 ERASE_DATA_HRR7_END
     0x          Label ABC1 ERASE_HRR7
     1x          Label ABC7 ERASE_POS_HRR7_1
     1x          Label AC8A ERASE_POS_HRR7_2
     1x          Label AD54 ERASE_SSAV_HRR7
     1x          Label ABBB SSAV_HRR7

