/*--------------------------------------------------------------*
 * Compilé avec C6809 v0.83                                     *
 *--------------------------------------------------------------*
 * Fichier source      : tmp/HRR9.ASM
 * Fichier destination : tmp/HRR9.BIN
 * Contenu :
 *     Main     0:IMG.ASM      11460
 *--------------------------------------------------------------*/

Macro Pass
Pass1
Pass2
      2        AD52                      ORG $AD52
      3        AD52               DRAW_HRR9
      4  5+3   AD52 34   48              PSHS U,DP
      5  7     AD54 10FF B273            STS SSAV_HRR9+2
      6
      7  7     AD58 10FE 9F00            LDS $9F00
      8  7     AD5C 10FF B27F            STS ERASE_POS_HRR9_1+2
      9  3     AD60 CE   B4B1            LDU #ERASE_DATA_HRR9_2
     10  4+4   AD63 32   E9 0233         LEAS 563,S
     11
     12  5+1   AD67 EC   7F              LDD -1,S
     13  5+2   AD69 36   06              PSHU D
     14
     15  5+1   AD6B EC   E8 50           LDD 80,S
     16  5+2   AD6E 36   06              PSHU D
     17
     18  4+1   AD70 A6   61              LDA 1,S
     19  5+1   AD72 36   02              PSHU A
     20
     21  2     AD74 84   F0              ANDA #$F0
     22  2     AD76 8A   0D              ORA #$0d
     23  4+1   AD78 A7   61              STA 1,S
     24
     25  3     AD7A CC   DDC1            LDD #$ddc1
     26  5+1   AD7D ED   7F              STD -1,S
     27
     28  5+1   AD7F EC   E8 27           LDD 39,S
     29  5+4   AD82 36   46              PSHU D,S
     30
     31  2     AD84 84   F0              ANDA #$F0
     32  2     AD86 8A   0D              ORA #$0d
     33  2     AD88 C6   D2              LDB #$d2
     34  5+1   AD8A ED   E8 27           STD 39,S
     35
     36  5+1   AD8D EC   E8 D7           LDD -41,S
     37  5+2   AD90 36   06              PSHU D
     38
     39  2     AD92 84   F0              ANDA #$F0
     40  2     AD94 8A   0C              ORA #$0c
     41  2     AD96 C6   AD              LDB #$ad
     42  5+1   AD98 ED   E8 D7           STD -41,S
     43
     44  4+1   AD9B A6   E8 B0           LDA -80,S
     45  5+1   AD9E 36   02              PSHU A
     46
     47  2     ADA0 84   0F              ANDA #$0F
     48  2     ADA2 8A   C0              ORA #$c0
     49  4+1   ADA4 A7   E8 B0           STA -80,S
     50
     51  4+1   ADA7 A6   E8 29           LDA 41,S
     52  5+1   ADAA 36   02              PSHU A
     53
     54  2     ADAC 86   CD              LDA #$cd
     55  4+1   ADAE A7   E8 29           STA 41,S
     56
     57  2     ADB1 86   D2              LDA #$d2
     58  5+1   ADB3 ED   E8 50           STD 80,S
     59
     60  4+4   ADB6 32   E9 00EF         LEAS 239,S
     61
     62  5+1   ADBA EC   E8 B1           LDD -79,S
     63  5+2   ADBD 36   06              PSHU D
     64
     65  4+1   ADBF A6   E8 DA           LDA -38,S
     66  5+1   ADC2 36   02              PSHU A
     67
     68  5+1   ADC4 EC   E8 89           LDD -119,S
     69  5+2   ADC7 36   06              PSHU D
     70
     71  5+1   ADC9 EC   E8 D8           LDD -40,S
     72  5+2   ADCC 36   06              PSHU D
     73
     74  2     ADCE 84   F0              ANDA #$F0
     75  2     ADD0 8A   0C              ORA #$0c
     76  2     ADD2 C6   DA              LDB #$da
     77  5+1   ADD4 ED   E8 D8           STD -40,S
     78
     79  3     ADD7 CC   DAAA            LDD #$daaa
     80  5+1   ADDA ED   E8 B1           STD -79,S
     81
     82  2     ADDD 86   D2              LDA #$d2
     83  5+1   ADDF ED   E8 89           STD -119,S
     84
     85  4+1   ADE2 E7   E8 DA           STB -38,S
     86
     87  5+3   ADE5 35   12              PULS A,X
     88  5+5   ADE7 36   52              PSHU A,X,S
     89
     90  2     ADE9 86   CC              LDA #$cc
     91  3     ADEB 8E   CBCA            LDX #$cbca
     92  5+3   ADEE 34   12              PSHS A,X
     93
     94  4+1   ADF0 32   E8 28           LEAS 40,S
     95
     96  5+3   ADF3 35   12              PULS A,X
     97  5+5   ADF5 36   52              PSHU A,X,S
     98
     99  2     ADF7 86   CD              LDA #$cd
    100  3     ADF9 8E   CAAA            LDX #$caaa
    101  5+3   ADFC 34   12              PSHS A,X
    102
    103  4+1   ADFE 32   E8 28           LEAS 40,S
    104
    105  5+3   AE01 35   12              PULS A,X
    106  5+5   AE03 36   52              PSHU A,X,S
    107
    108  2     AE05 86   DD              LDA #$dd
    109  3     AE07 8E   CABC            LDX #$cabc
    110  5+3   AE0A 34   12              PSHS A,X
    111
    112  4+1   AE0C 32   E8 28           LEAS 40,S
    113
    114  5+1   AE0F EC   E8 28           LDD 40,S
    115  5+2   AE12 36   06              PSHU D
    116
    117  2     AE14 84   F0              ANDA #$F0
    118  2     AE16 8A   0D              ORA #$0d
    119  2     AE18 C6   CA              LDB #$ca
    120  5+1   AE1A ED   E8 28           STD 40,S
    121
    122  4+1   AE1D A6   E8 2A           LDA 42,S
    123  5+1   AE20 36   02              PSHU A
    124
    125  4+1   AE22 A6   E8 7A           LDA 122,S
    126  5+1   AE25 36   02              PSHU A
    127
    128  5+1   AE27 EC   E8 78           LDD 120,S
    129  5+2   AE2A 36   06              PSHU D
    130
    131  2     AE2C 84   F0              ANDA #$F0
    132  2     AE2E 8A   0C              ORA #$0c
    133  2     AE30 C6   C2              LDB #$c2
    134  5+1   AE32 ED   E8 78           STD 120,S
    135
    136  5+1   AE35 EC   E8 51           LDD 81,S
    137  5+2   AE38 36   06              PSHU D
    138
    139  3     AE3A CC   CCB0            LDD #$ccb0
    140  5+1   AE3D ED   E8 51           STD 81,S
    141
    142  4+1   AE40 E7   E8 2A           STB 42,S
    143
    144  2     AE43 86   B9              LDA #$b9
    145  4+1   AE45 A7   E8 7A           STA 122,S
    146
    147  5+3   AE48 35   12              PULS A,X
    148  5+5   AE4A 36   52              PSHU A,X,S
    149
    150  2     AE4C 86   DD              LDA #$dd
    151  3     AE4E 8E   CAB0            LDX #$cab0
    152  5+3   AE51 34   12              PSHS A,X
    153
    154  4+4   AE53 32   E9 00A0         LEAS 160,S
    155
    156  5+3   AE57 35   12              PULS A,X
    157  5+5   AE59 36   52              PSHU A,X,S
    158
    159  2     AE5B 86   CC              LDA #$cc
    160  3     AE5D 8E   D229            LDX #$d229
    161  5+3   AE60 34   12              PSHS A,X
    162
    163  4+1   AE62 32   E8 27           LEAS 39,S
    164
    165  5+4   AE65 35   16              PULS D,X
    166  5+6   AE67 36   56              PSHU D,X,S
    167
    168  3     AE69 CC   AA22            LDD #$aa22
    169  3     AE6C 8E   D222            LDX #$d222
    170  5+4   AE6F 34   16              PSHS D,X
    171
    172  4+1   AE71 32   E8 28           LEAS 40,S
    173
    174  5+4   AE74 35   16              PULS D,X
    175  5+6   AE76 36   56              PSHU D,X,S
    176
    177  3     AE78 CC   BB33            LDD #$bb33
    178  3     AE7B 8E   D321            LDX #$d321
    179  5+4   AE7E 34   16              PSHS D,X
    180
    181  4+1   AE80 32   E8 28           LEAS 40,S
    182
    183  5+1   AE83 EC   E8 50           LDD 80,S
    184  5+2   AE86 36   06              PSHU D
    185
    186  2     AE88 86   BB              LDA #$bb
    187  2     AE8A C4   F0              ANDB #$F0
    188  2     AE8C CA   0D              ORB #$0d
    189  5+1   AE8E ED   E8 50           STD 80,S
    190
    191  4+1   AE91 A6   63              LDA 3,S
    192  5+1   AE93 36   02              PSHU A
    193
    194  2     AE95 84   0F              ANDA #$0F
    195  2     AE97 8A   30              ORA #$30
    196  4+1   AE99 A7   63              STA 3,S
    197
    198  5+1   AE9B EC   E8 28           LDD 40,S
    199  5+2   AE9E 36   06              PSHU D
    200
    201  2     AEA0 86   BA              LDA #$ba
    202  2     AEA2 C4   F0              ANDB #$F0
    203  2     AEA4 CA   0D              ORB #$0d
    204  5+1   AEA6 ED   E8 28           STD 40,S
    205
    206  5+1   AEA9 EC   E8 2A           LDD 42,S
    207  5+2   AEAC 36   06              PSHU D
    208
    209  5+1   AEAE EC   E8 52           LDD 82,S
    210  5+2   AEB1 36   06              PSHU D
    211
    212  3     AEB3 CC   109A            LDD #$109a
    213  5+1   AEB6 ED   E8 2A           STD 42,S
    214
    215  2     AEB9 86   21              LDA #$21
    216  5+1   AEBB ED   E8 52           STD 82,S
    217
    218  5+3   AEBE 35   12              PULS A,X
    219  5+5   AEC0 36   52              PSHU A,X,S
    220
    221  2     AEC2 86   BB              LDA #$bb
    222  3     AEC4 8E   DD0D            LDX #$dd0d
    223  5+3   AEC7 34   12              PSHS A,X
    224
    225  4+1   AEC9 32   E8 78           LEAS 120,S
    226
    227  5+4   AECC 35   16              PULS D,X
    228  5+6   AECE 36   56              PSHU D,X,S
    229
    230  3     AED0 CC   AACD            LDD #$aacd
    231  3     AED3 8E   23AF            LDX #$23af
    232  5+4   AED6 34   16              PSHS D,X
    233
    234  4+1   AED8 32   E8 28           LEAS 40,S
    235
    236  5+4   AEDB 35   16              PULS D,X
    237  5+6   AEDD 36   56              PSHU D,X,S
    238
    239  3     AEDF CC   A0DD            LDD #$a0dd
    240  3     AEE2 8E   C292            LDX #$c292
    241  5+4   AEE5 34   16              PSHS D,X
    242
    243  4+1   AEE7 32   E8 28           LEAS 40,S
    244
    245  5+4   AEEA 35   16              PULS D,X
    246  5+6   AEEC 36   56              PSHU D,X,S
    247
    248  3     AEEE CC   0EDD            LDD #$0edd
    249  3     AEF1 8E   D3FF            LDX #$d3ff
    250  5+4   AEF4 34   16              PSHS D,X
    251
    252  4+1   AEF6 32   E8 28           LEAS 40,S
    253
    254  5+4   AEF9 35   16              PULS D,X
    255  5+6   AEFB 36   56              PSHU D,X,S
    256
    257  3     AEFD CC   0ED0            LDD #$0ed0
    258  3     AF00 8E   DAFF            LDX #$daff
    259  5+4   AF03 34   16              PSHS D,X
    260
    261  4+1   AF05 32   E8 28           LEAS 40,S
    262
    263  5+4   AF08 35   16              PULS D,X
    264  5+6   AF0A 36   56              PSHU D,X,S
    265
    266  3     AF0C CC   EE0D            LDD #$ee0d
    267  3     AF0F 8E   AAF1            LDX #$aaf1
    268  5+4   AF12 34   16              PSHS D,X
    269
    270  4+1   AF14 32   E8 28           LEAS 40,S
    271
    272  5+1   AF17 EC   E8 2A           LDD 42,S
    273  5+2   AF1A 36   06              PSHU D
    274
    275  4+1   AF1C A6   E8 28           LDA 40,S
    276  5+1   AF1F 36   02              PSHU A
    277
    278  4+1   AF21 A6   E8 78           LDA 120,S
    279  5+1   AF24 36   02              PSHU A
    280
    281  5+1   AF26 EC   E8 52           LDD 82,S
    282  5+2   AF29 36   06              PSHU D
    283
    284  2     AF2B 86   01              LDA #$01
    285  2     AF2D C4   0F              ANDB #$0F
    286  2     AF2F CA   00              ORB #$00
    287  5+1   AF31 ED   E8 52           STD 82,S
    288
    289  2     AF34 86   1A              LDA #$1a
    290  4+1   AF36 A7   E8 78           STA 120,S
    291
    292  4+1   AF39 A6   E8 50           LDA 80,S
    293  5+1   AF3C 36   02              PSHU A
    294
    295  3     AF3E CC   AE1E            LDD #$ae1e
    296  5+1   AF41 ED   E8 2A           STD 42,S
    297
    298  2     AF44 86   9A              LDA #$9a
    299  4+1   AF46 A7   E8 50           STA 80,S
    300
    301  4+1   AF49 A7   E8 28           STA 40,S
    302
    303  5+1   AF4C EC   E8 7A           LDD 122,S
    304  5+2   AF4F 36   06              PSHU D
    305
    306  2     AF51 86   01              LDA #$01
    307  2     AF53 C4   0F              ANDB #$0F
    308  2     AF55 CA   E0              ORB #$e0
    309  5+1   AF57 ED   E8 7A           STD 122,S
    310
    311  5+4   AF5A 35   16              PULS D,X
    312  5+6   AF5C 36   56              PSHU D,X,S
    313
    314  3     AF5E CC   EEDD            LDD #$eedd
    315  3     AF61 8E   9AF0            LDX #$9af0
    316  5+4   AF64 34   16              PSHS D,X
    317
    318  4+4   AF66 32   E9 0104         LEAS 260,S
    319
    320  4+1   AF6A A6   E8 3C           LDA 60,S
    321  5+1   AF6D 36   02              PSHU A
    322
    323  2     AF6F 84   F0              ANDA #$F0
    324  2     AF71 8A   01              ORA #$01
    325  4+1   AF73 A7   E8 3C           STA 60,S
    326
    327  4+1   AF76 A6   E8 9C           LDA -100,S
    328  5+1   AF79 36   02              PSHU A
    329
    330  4+1   AF7B A6   E8 9E           LDA -98,S
    331  5+1   AF7E 36   02              PSHU A
    332
    333  4+1   AF80 A6   E8 14           LDA 20,S
    334  5+1   AF83 36   02              PSHU A
    335
    336  4+1   AF85 A6   E8 C4           LDA -60,S
    337  5+1   AF88 36   02              PSHU A
    338
    339  4+1   AF8A A6   E8 C6           LDA -58,S
    340  5+1   AF8D 36   02              PSHU A
    341
    342  2     AF8F 86   E0              LDA #$e0
    343  4+1   AF91 A7   E8 C6           STA -58,S
    344
    345  2     AF94 86   0E              LDA #$0e
    346  4+1   AF96 A7   E8 9E           STA -98,S
    347
    348  4+1   AF99 A6   E8 EC           LDA -20,S
    349  5+1   AF9C 36   02              PSHU A
    350
    351  2     AF9E 86   E1              LDA #$e1
    352  4+1   AFA0 A7   E8 14           STA 20,S
    353
    354  4+1   AFA3 A7   E8 EC           STA -20,S
    355
    356  2     AFA6 86   11              LDA #$11
    357  4+1   AFA8 A7   E8 9C           STA -100,S
    358
    359  4+1   AFAB A7   E8 C4           STA -60,S
    360
    361  4+1   AFAE A6   E8 EE           LDA -18,S
    362  5+3   AFB1 36   42              PSHU A,S
    363
    364  2     AFB3 84   F0              ANDA #$F0
    365  2     AFB5 8A   0E              ORA #$0e
    366  4+1   AFB7 A7   E8 EE           STA -18,S
    367
    368  4+1   AFBA A6   E8 64           LDA 100,S
    369  5+1   AFBD 36   02              PSHU A
    370
    371  2     AFBF 84   F0              ANDA #$F0
    372  2     AFC1 8A   00              ORA #$00
    373  4+1   AFC3 A7   E8 64           STA 100,S
    374
    375
    376  7     AFC6 10FE 9F02            LDS $9F00+2
    377  7     AFCA 10FF B34A            STS ERASE_POS_HRR9_2+2
    378  3     AFCE CE   B516            LDU #ERASE_DATA_HRR9_END
    379
    380  4+4   AFD1 32   E9 025A         LEAS 602,S
    381
    382  5+1   AFD5 EC   E8 28           LDD 40,S
    383  5+2   AFD8 36   06              PSHU D
    384
    385  4+1   AFDA A6   E8 88           LDA -120,S
    386  5+1   AFDD 36   02              PSHU A
    387
    388  2     AFDF 84   F0              ANDA #$F0
    389  2     AFE1 8A   0C              ORA #$0c
    390  4+1   AFE3 A7   E8 88           STA -120,S
    391
    392  5+0   AFE6 EC   E4              LDD ,S
    393  5+2   AFE8 36   06              PSHU D
    394
    395  5+1   AFEA EC   E8 D8           LDD -40,S
    396  5+2   AFED 36   06              PSHU D
    397
    398  5+1   AFEF EC   E8 78           LDD 120,S
    399  5+4   AFF2 36   46              PSHU D,S
    400
    401  3     AFF4 CC   DD3A            LDD #$dd3a
    402  5+1   AFF7 ED   E8 28           STD 40,S
    403
    404  2     AFFA C6   CA              LDB #$ca
    405  5+0   AFFC ED   E4              STD ,S
    406
    407  5+1   AFFE EC   E8 B0           LDD -80,S
    408  5+2   B001 36   06              PSHU D
    409
    410  2     B003 86   CA              LDA #$ca
    411  2     B005 C4   0F              ANDB #$0F
    412  2     B007 CA   C0              ORB #$c0
    413  5+1   B009 ED   E8 B0           STD -80,S
    414
    415  5+1   B00C EC   E8 50           LDD 80,S
    416  5+2   B00F 36   06              PSHU D
    417
    418  2     B011 84   F0              ANDA #$F0
    419  2     B013 8A   0C              ORA #$0c
    420  2     B015 C6   3A              LDB #$3a
    421  5+1   B017 ED   E8 50           STD 80,S
    422
    423  3     B01A CC   CCAC            LDD #$ccac
    424  5+1   B01D ED   E8 D8           STD -40,S
    425
    426  2     B020 C6   AA              LDB #$aa
    427  5+1   B022 ED   E8 78           STD 120,S
    428
    429  4+4   B025 32   E9 0119         LEAS 281,S
    430
    431  5+1   B029 EC   E8 D7           LDD -41,S
    432  5+2   B02C 36   06              PSHU D
    433
    434  5+1   B02E EC   E8 26           LDD 38,S
    435  5+2   B031 36   06              PSHU D
    436
    437  2     B033 84   F0              ANDA #$F0
    438  2     B035 8A   0D              ORA #$0d
    439  2     B037 C6   DC              LDB #$dc
    440  5+1   B039 ED   E8 26           STD 38,S
    441
    442  5+1   B03C EC   E8 77           LDD 119,S
    443  5+2   B03F 36   06              PSHU D
    444
    445  5+1   B041 EC   E8 AF           LDD -81,S
    446  5+2   B044 36   06              PSHU D
    447
    448  5+1   B046 EC   E8 4F           LDD 79,S
    449  5+2   B049 36   06              PSHU D
    450
    451  3     B04B CC   DCCA            LDD #$dcca
    452  5+1   B04E ED   E8 AF           STD -81,S
    453
    454  2     B051 C6   CB              LDB #$cb
    455  5+1   B053 ED   E8 D7           STD -41,S
    456
    457  5+1   B056 EC   E8 87           LDD -121,S
    458  5+2   B059 36   06              PSHU D
    459
    460  5+1   B05B EC   7E              LDD -2,S
    461  5+2   B05D 36   06              PSHU D
    462
    463  2     B05F 84   F0              ANDA #$F0
    464  2     B061 8A   0C              ORA #$0c
    465  2     B063 C6   DC              LDB #$dc
    466  5+1   B065 ED   7E              STD -2,S
    467
    468  5+1   B067 EC   E8 28           LDD 40,S
    469  5+2   B06A 36   06              PSHU D
    470
    471  2     B06C 86   AB              LDA #$ab
    472  2     B06E C4   0F              ANDB #$0F
    473  2     B070 CA   D0              ORB #$d0
    474  5+1   B072 ED   E8 28           STD 40,S
    475
    476  4+1   B075 A6   E8 D9           LDA -39,S
    477  5+1   B078 36   02              PSHU A
    478
    479  2     B07A 84   0F              ANDA #$0F
    480  2     B07C 8A   C0              ORA #$c0
    481  4+1   B07E A7   E8 D9           STA -39,S
    482
    483  4+1   B081 A6   E8 B1           LDA -79,S
    484  5+1   B084 36   02              PSHU A
    485
    486  2     B086 84   0F              ANDA #$0F
    487  2     B088 8A   C0              ORA #$c0
    488  4+1   B08A A7   E8 B1           STA -79,S
    489
    490  5+0   B08D EC   E4              LDD ,S
    491  5+4   B08F 36   46              PSHU D,S
    492
    493  2     B091 86   AB              LDA #$ab
    494  2     B093 C4   0F              ANDB #$0F
    495  2     B095 CA   C0              ORB #$c0
    496  5+0   B097 ED   E4              STD ,S
    497
    498  4+1   B099 A6   E8 51           LDA 81,S
    499  5+1   B09C 36   02              PSHU A
    500
    501  2     B09E 84   0F              ANDA #$0F
    502  2     B0A0 8A   90              ORA #$90
    503  4+1   B0A2 A7   E8 51           STA 81,S
    504
    505  3     B0A5 CC   CCAD            LDD #$ccad
    506  5+1   B0A8 ED   E8 87           STD -121,S
    507
    508  3     B0AB CC   DCAB            LDD #$dcab
    509  5+1   B0AE ED   E8 4F           STD 79,S
    510
    511  2     B0B1 86   DD              LDA #$dd
    512  5+1   B0B3 ED   E8 77           STD 119,S
    513
    514  4+1   B0B6 A6   E8 79           LDA 121,S
    515  5+1   B0B9 36   02              PSHU A
    516
    517  2     B0BB 84   0F              ANDA #$0F
    518  2     B0BD 8A   90              ORA #$90
    519  4+1   B0BF A7   E8 79           STA 121,S
    520
    521  4+4   B0C2 32   E9 0116         LEAS 278,S
    522
    523  5+1   B0C6 EC   E8 77           LDD 119,S
    524  5+2   B0C9 36   06              PSHU D
    525
    526  2     B0CB 84   F0              ANDA #$F0
    527  2     B0CD C4   0F              ANDB #$0F
    528  4     B0CF C3   0A90            ADDD #$0a90
    529  5+1   B0D2 ED   E8 77           STD 119,S
    530
    531  5+1   B0D5 EC   E8 B1           LDD -79,S
    532  5+2   B0D8 36   06              PSHU D
    533
    534  5+1   B0DA EC   E8 89           LDD -119,S
    535  5+2   B0DD 36   06              PSHU D
    536
    537  3     B0DF CC   DD2B            LDD #$dd2b
    538  5+1   B0E2 ED   E8 B1           STD -79,S
    539
    540  5+1   B0E5 EC   E8 4F           LDD 79,S
    541  5+2   B0E8 36   06              PSHU D
    542
    543  2     B0EA 84   F0              ANDA #$F0
    544  2     B0EC 8A   0A              ORA #$0a
    545  2     B0EE C6   AD              LDB #$ad
    546  5+1   B0F0 ED   E8 4F           STD 79,S
    547
    548  5+1   B0F3 EC   E8 51           LDD 81,S
    549  5+2   B0F6 36   06              PSHU D
    550
    551  4+1   B0F8 A6   E8 B3           LDA -77,S
    552  5+1   B0FB 36   02              PSHU A
    553
    554  2     B0FD 84   0F              ANDA #$0F
    555  2     B0FF 8A   00              ORA #$00
    556  4+1   B101 A7   E8 B3           STA -77,S
    557
    558  3     B104 CC   CDBA            LDD #$cdba
    559  5+1   B107 ED   E8 89           STD -119,S
    560
    561  3     B10A CC   D311            LDD #$d311
    562  5+1   B10D ED   E8 51           STD 81,S
    563
    564  5+1   B110 EC   E8 27           LDD 39,S
    565  5+2   B113 36   06              PSHU D
    566
    567  2     B115 84   F0              ANDA #$F0
    568  2     B117 8A   0A              ORA #$0a
    569  2     B119 C6   AE              LDB #$ae
    570  5+1   B11B ED   E8 27           STD 39,S
    571
    572  5+1   B11E EC   E8 29           LDD 41,S
    573  5+2   B121 36   06              PSHU D
    574
    575  4+1   B123 A6   E8 DA           LDA -38,S
    576  5+1   B126 36   02              PSHU A
    577
    578  4+1   B128 A6   E8 8B           LDA -117,S
    579  5+1   B12B 36   02              PSHU A
    580
    581  2     B12D 84   0F              ANDA #$0F
    582  2     B12F 8A   00              ORA #$00
    583  4+1   B131 A7   E8 8B           STA -117,S
    584
    585  5+1   B134 EC   E8 D8           LDD -40,S
    586  5+2   B137 36   06              PSHU D
    587
    588  2     B139 84   0F              ANDA #$0F
    589  2     B13B 8A   A0              ORA #$a0
    590  2     B13D C6   D0              LDB #$d0
    591  5+1   B13F ED   E8 D8           STD -40,S
    592
    593  3     B142 CC   ED22            LDD #$ed22
    594  5+1   B145 ED   E8 29           STD 41,S
    595
    596  4+1   B148 E7   E8 DA           STB -38,S
    597
    598  5+1   B14B EC   E8 79           LDD 121,S
    599  5+2   B14E 36   06              PSHU D
    600
    601  2     B150 86   D2              LDA #$d2
    602  2     B152 C4   F0              ANDB #$F0
    603  2     B154 CA   00              ORB #$00
    604  5+1   B156 ED   E8 79           STD 121,S
    605
    606  5+3   B159 35   12              PULS A,X
    607  5+5   B15B 36   52              PSHU A,X,S
    608
    609  2     B15D 86   AA              LDA #$aa
    610  3     B15F 8E   2D22            LDX #$2d22
    611  5+3   B162 34   12              PSHS A,X
    612
    613  4+4   B164 32   E9 00A2         LEAS 162,S
    614
    615  5+1   B168 EC   7F              LDD -1,S
    616  5+4   B16A 36   46              PSHU D,S
    617
    618  4+1   B16C A6   61              LDA 1,S
    619  5+1   B16E 36   02              PSHU A
    620
    621  2     B170 84   0F              ANDA #$0F
    622  2     B172 8A   10              ORA #$10
    623  4+1   B174 A7   61              STA 1,S
    624
    625  3     B176 CC   DD1A            LDD #$dd1a
    626  5+1   B179 ED   7F              STD -1,S
    627
    628  4+4   B17B 32   E9 009E         LEAS 158,S
    629
    630  4+1   B17F A6   E8 28           LDA 40,S
    631  5+1   B182 36   02              PSHU A
    632
    633  4+1   B184 A6   E8 2A           LDA 42,S
    634  5+1   B187 36   02              PSHU A
    635
    636  5+1   B189 EC   E8 D8           LDD -40,S
    637  5+2   B18C 36   06              PSHU D
    638
    639  5+1   B18E EC   E8 B0           LDD -80,S
    640  5+2   B191 36   06              PSHU D
    641
    642  2     B193 84   0F              ANDA #$0F
    643  2     B195 8A   E0              ORA #$e0
    644  2     B197 C6   00              LDB #$00
    645  5+1   B199 ED   E8 B0           STD -80,S
    646
    647  4+1   B19C A6   E8 DA           LDA -38,S
    648  5+1   B19F 36   02              PSHU A
    649
    650  2     B1A1 84   F0              ANDA #$F0
    651  2     B1A3 8A   0B              ORA #$0b
    652  4+1   B1A5 A7   E8 DA           STA -38,S
    653
    654  4+1   B1A8 A6   E8 50           LDA 80,S
    655  5+1   B1AB 36   02              PSHU A
    656
    657  2     B1AD 84   0F              ANDA #$0F
    658  2     B1AF 8A   A0              ORA #$a0
    659  4+1   B1B1 A7   E8 50           STA 80,S
    660
    661  2     B1B4 86   90              LDA #$90
    662  4+1   B1B6 A7   E8 28           STA 40,S
    663
    664  5+1   B1B9 EC   E8 8A           LDD -118,S
    665  5+2   B1BC 36   06              PSHU D
    666
    667  2     B1BE 86   E9              LDA #$e9
    668  2     B1C0 C4   0F              ANDB #$0F
    669  2     B1C2 CA   E0              ORB #$e0
    670  5+1   B1C4 ED   E8 8A           STD -118,S
    671
    672  4+1   B1C7 A6   E8 7A           LDA 122,S
    673  5+1   B1CA 36   02              PSHU A
    674
    675  4+1   B1CC A6   E8 B3           LDA -77,S
    676  5+1   B1CF 36   02              PSHU A
    677
    678  2     B1D1 84   0F              ANDA #$0F
    679  2     B1D3 8A   E0              ORA #$e0
    680  4+1   B1D5 A7   E8 B3           STA -77,S
    681
    682  3     B1D8 CC   E9DE            LDD #$e9de
    683  5+1   B1DB ED   E8 D8           STD -40,S
    684
    685  5+1   B1DE EC   E8 88           LDD -120,S
    686  5+2   B1E1 36   06              PSHU D
    687
    688  2     B1E3 84   0F              ANDA #$0F
    689  2     B1E5 8A   10              ORA #$10
    690  2     B1E7 C6   CD              LDB #$cd
    691  5+1   B1E9 ED   E8 88           STD -120,S
    692
    693  4+1   B1EC A6   E8 52           LDA 82,S
    694  5+1   B1EF 36   02              PSHU A
    695
    696  4+1   B1F1 A6   E8 78           LDA 120,S
    697  5+1   B1F4 36   02              PSHU A
    698
    699  2     B1F6 84   0F              ANDA #$0F
    700  2     B1F8 8A   F0              ORA #$f0
    701  4+1   B1FA A7   E8 78           STA 120,S
    702
    703  2     B1FD 86   1B              LDA #$1b
    704  4+1   B1FF A7   E8 2A           STA 42,S
    705
    706  2     B202 86   FA              LDA #$fa
    707  4+1   B204 A7   E8 52           STA 82,S
    708
    709  4+1   B207 A7   E8 7A           STA 122,S
    710
    711  5+3   B20A 35   12              PULS A,X
    712  5+5   B20C 36   52              PSHU A,X,S
    713
    714  2     B20E 86   9A              LDA #$9a
    715  3     B210 8E   0DAB            LDX #$0dab
    716  5+3   B213 34   12              PSHS A,X
    717
    718  4+4   B215 32   E9 0118         LEAS 280,S
    719
    720  4+1   B219 A6   E8 DA           LDA -38,S
    721  5+1   B21C 36   02              PSHU A
    722
    723  2     B21E 84   0F              ANDA #$0F
    724  2     B220 8A   E0              ORA #$e0
    725  4+1   B222 A7   E8 DA           STA -38,S
    726
    727  4+1   B225 A6   E8 50           LDA 80,S
    728  5+1   B228 36   02              PSHU A
    729
    730  2     B22A 84   0F              ANDA #$0F
    731  2     B22C 8A   10              ORA #$10
    732  4+1   B22E A7   E8 50           STA 80,S
    733
    734  4+1   B231 A6   E8 B0           LDA -80,S
    735  5+1   B234 36   02              PSHU A
    736
    737  2     B236 84   0F              ANDA #$0F
    738  2     B238 8A   A0              ORA #$a0
    739  4+1   B23A A7   E8 B0           STA -80,S
    740
    741  4+1   B23D A6   E8 B2           LDA -78,S
    742  5+1   B240 36   02              PSHU A
    743
    744  4+1   B242 A6   E8 88           LDA -120,S
    745  5+1   B245 36   02              PSHU A
    746
    747  2     B247 84   0F              ANDA #$0F
    748  2     B249 8A   A0              ORA #$a0
    749  4+1   B24B A7   E8 88           STA -120,S
    750
    751  4+1   B24E A6   E8 28           LDA 40,S
    752  5+1   B251 36   02              PSHU A
    753
    754  2     B253 84   0F              ANDA #$0F
    755  2     B255 8A   F0              ORA #$f0
    756  4+1   B257 A7   E8 28           STA 40,S
    757
    758  4+1   B25A A6   E8 78           LDA 120,S
    759  5+3   B25D 36   42              PSHU A,S
    760
    761  4+1   B25F A6   E8 8A           LDA -118,S
    762  5+1   B262 36   02              PSHU A
    763
    764  2     B264 86   19              LDA #$19
    765  4+1   B266 A7   E8 8A           STA -118,S
    766
    767  2     B269 86   0E              LDA #$0e
    768  4+1   B26B A7   E8 B2           STA -78,S
    769
    770  4+1   B26E A7   E8 78           STA 120,S
    771
    772        B271               SSAV_HRR9
    773  4     B271 10CE 0000            LDS #$0000
    774  5+5   B275 35   C8              PULS DP,U,PC * Ajout du PC au PULS>>
    775
    776        B277               ERASE_HRR9
    777  5+3   B277 34   48              PSHS U,DP
    778  7     B279 10FF B426            STS ERASE_SSAV_HRR9+2
    779
    780        B27D               ERASE_POS_HRR9_1
    781  4     B27D 10CE 0000            LDS #$0000
    782  3     B281 CE   B42A            LDU #ERASE_DATA_HRR9_1
    783
    784        B284               ERASE_CODE_HRR9_1
    785  5+4   B284 37   46              PULU A,B,S
    786  4+1   B286 A7   E8 64           STA 100,S
    787  4+1   B289 E7   E8 EE           STB -18,S
    788
    789  5+2   B28C 37   06              PULU A,B
    790  4+1   B28E A7   E8 EC           STA -20,S
    791  4+1   B291 E7   E8 C6           STB -58,S
    792
    793  5+2   B294 37   06              PULU A,B
    794  4+1   B296 A7   E8 C4           STA -60,S
    795  4+1   B299 E7   E8 14           STB 20,S
    796
    797  5+2   B29C 37   06              PULU A,B
    798  4+1   B29E A7   E8 9E           STA -98,S
    799  4+1   B2A1 E7   E8 9C           STB -100,S
    800
    801  5+1   B2A4 37   02              PULU A
    802  4+1   B2A6 A7   E8 3C           STA 60,S
    803
    804  5+6   B2A9 37   56              PULU D,X,S
    805  5+4   B2AB 34   16              PSHS D,X
    806
    807  5+2   B2AD 37   06              PULU D
    808  5+1   B2AF ED   E8 7A           STD 122,S
    809
    810  5+3   B2B2 37   12              PULU A,X
    811  4+1   B2B4 A7   E8 50           STA 80,S
    812  5+1   B2B7 AF   E8 52           STX 82,S
    813
    814  5+4   B2BA 37   16              PULU A,B,X
    815  4+1   B2BC A7   E8 78           STA 120,S
    816  4+1   B2BF E7   E8 28           STB 40,S
    817  5+1   B2C2 AF   E8 2A           STX 42,S
    818
    819  5+6   B2C5 37   56              PULU D,X,S
    820  5+4   B2C7 34   16              PSHS D,X
    821
    822  5+6   B2C9 37   56              PULU D,X,S
    823  5+4   B2CB 34   16              PSHS D,X
    824
    825  5+6   B2CD 37   56              PULU D,X,S
    826  5+4   B2CF 34   16              PSHS D,X
    827
    828  5+6   B2D1 37   56              PULU D,X,S
    829  5+4   B2D3 34   16              PSHS D,X
    830
    831  5+6   B2D5 37   56              PULU D,X,S
    832  5+4   B2D7 34   16              PSHS D,X
    833
    834  5+5   B2D9 37   54              PULU B,X,S
    835  5+3   B2DB 34   14              PSHS B,X
    836
    837  5+6   B2DD 37   36              PULU D,X,Y
    838  5+1   B2DF ED   E8 52           STD 82,S
    839  5+1   B2E2 AF   E8 2A           STX 42,S
    840  6+1   B2E5 10AF E8 28           STY 40,S
    841
    842  5+3   B2E9 37   12              PULU A,X
    843  4+1   B2EB A7   63              STA 3,S
    844  5+1   B2ED AF   E8 50           STX 80,S
    845
    846  5+6   B2F0 37   56              PULU D,X,S
    847  5+4   B2F2 34   16              PSHS D,X
    848
    849  5+6   B2F4 37   56              PULU D,X,S
    850  5+4   B2F6 34   16              PSHS D,X
    851
    852  5+5   B2F8 37   54              PULU B,X,S
    853  5+3   B2FA 34   14              PSHS B,X
    854
    855  5+5   B2FC 37   54              PULU B,X,S
    856  5+3   B2FE 34   14              PSHS B,X
    857
    858  5+4   B300 37   16              PULU D,X
    859  5+1   B302 ED   E8 51           STD 81,S
    860  5+1   B305 AF   E8 78           STX 120,S
    861
    862  5+4   B308 37   16              PULU A,B,X
    863  4+1   B30A A7   E8 7A           STA 122,S
    864  4+1   B30D E7   E8 2A           STB 42,S
    865  5+1   B310 AF   E8 28           STX 40,S
    866
    867  5+5   B313 37   54              PULU B,X,S
    868  5+3   B315 34   14              PSHS B,X
    869
    870  5+5   B317 37   54              PULU B,X,S
    871  5+3   B319 34   14              PSHS B,X
    872
    873  5+5   B31B 37   54              PULU B,X,S
    874  5+3   B31D 34   14              PSHS B,X
    875
    876  5+4   B31F 37   16              PULU D,X
    877  5+1   B321 ED   E8 D8           STD -40,S
    878  5+1   B324 AF   E8 89           STX -119,S
    879
    880  5+3   B327 37   12              PULU A,X
    881  4+1   B329 A7   E8 DA           STA -38,S
    882  5+1   B32C AF   E8 B1           STX -79,S
    883
    884  5+8   B32F 37   76              PULU A,B,X,Y,S
    885  4+1   B331 A7   E8 29           STA 41,S
    886  4+1   B334 E7   E8 B0           STB -80,S
    887  5+1   B337 AF   E8 D7           STX -41,S
    888  6+1   B33A 10AF E8 27           STY 39,S
    889
    890  5+5   B33E 37   32              PULU A,X,Y
    891  4+1   B340 A7   61              STA 1,S
    892  5+1   B342 AF   E8 50           STX 80,S
    893  6+1   B345 10AF 7F              STY -1,S
    894
    895        B348               ERASE_POS_HRR9_2
    896  4     B348 10CE 0000            LDS #$0000
    897  3     B34C CE   B4B1            LDU #ERASE_DATA_HRR9_2
    898
    899        B34F               ERASE_CODE_HRR9_2
    900  5+4   B34F 37   46              PULU A,B,S
    901  4+1   B351 A7   E8 8A           STA -118,S
    902  4+1   B354 E7   E8 78           STB 120,S
    903
    904  5+2   B357 37   06              PULU A,B
    905  4+1   B359 A7   E8 28           STA 40,S
    906  4+1   B35C E7   E8 88           STB -120,S
    907
    908  5+2   B35F 37   06              PULU A,B
    909  4+1   B361 A7   E8 B2           STA -78,S
    910  4+1   B364 E7   E8 B0           STB -80,S
    911
    912  5+2   B367 37   06              PULU A,B
    913  4+1   B369 A7   E8 50           STA 80,S
    914  4+1   B36C E7   E8 DA           STB -38,S
    915
    916  5+5   B36F 37   54              PULU B,X,S
    917  5+3   B371 34   14              PSHS B,X
    918
    919  5+4   B373 37   16              PULU A,B,X
    920  4+1   B375 A7   E8 78           STA 120,S
    921  4+1   B378 E7   E8 52           STB 82,S
    922  5+1   B37B AF   E8 88           STX -120,S
    923
    924  5+4   B37E 37   16              PULU A,B,X
    925  4+1   B380 A7   E8 B3           STA -77,S
    926  4+1   B383 E7   E8 7A           STB 122,S
    927  5+1   B386 AF   E8 8A           STX -118,S
    928
    929  5+6   B389 37   36              PULU A,B,X,Y
    930  4+1   B38B A7   E8 50           STA 80,S
    931  4+1   B38E E7   E8 DA           STB -38,S
    932  5+1   B391 AF   E8 B0           STX -80,S
    933  6+1   B394 10AF E8 D8           STY -40,S
    934
    935  5+2   B398 37   06              PULU A,B
    936  4+1   B39A A7   E8 2A           STA 42,S
    937  4+1   B39D E7   E8 28           STB 40,S
    938
    939  5+5   B3A0 37   52              PULU A,X,S
    940  4+1   B3A2 A7   61              STA 1,S
    941  5+1   B3A4 AF   7F              STX -1,S
    942
    943  5+5   B3A6 37   54              PULU B,X,S
    944  5+3   B3A8 34   14              PSHS B,X
    945
    946  5+4   B3AA 37   16              PULU D,X
    947  5+1   B3AC ED   E8 79           STD 121,S
    948  5+1   B3AF AF   E8 D8           STX -40,S
    949
    950  5+6   B3B2 37   36              PULU A,B,X,Y
    951  4+1   B3B4 A7   E8 8B           STA -117,S
    952  4+1   B3B7 E7   E8 DA           STB -38,S
    953  5+1   B3BA AF   E8 29           STX 41,S
    954  6+1   B3BD 10AF E8 27           STY 39,S
    955
    956  5+5   B3C1 37   32              PULU A,X,Y
    957  4+1   B3C3 A7   E8 B3           STA -77,S
    958  5+1   B3C6 AF   E8 51           STX 81,S
    959  6+1   B3C9 10AF E8 4F           STY 79,S
    960
    961  5+6   B3CD 37   36              PULU D,X,Y
    962  5+1   B3CF ED   E8 89           STD -119,S
    963  5+1   B3D2 AF   E8 B1           STX -79,S
    964  6+1   B3D5 10AF E8 77           STY 119,S
    965
    966  5+6   B3D9 37   56              PULU A,B,X,S
    967  4+1   B3DB A7   E8 79           STA 121,S
    968  4+1   B3DE E7   E8 51           STB 81,S
    969  5+0   B3E1 AF   E4              STX ,S
    970
    971  5+6   B3E3 37   36              PULU A,B,X,Y
    972  4+1   B3E5 A7   E8 B1           STA -79,S
    973  4+1   B3E8 E7   E8 D9           STB -39,S
    974  5+1   B3EB AF   E8 28           STX 40,S
    975  6+1   B3EE 10AF 7E              STY -2,S
    976
    977  5+6   B3F1 37   36              PULU D,X,Y
    978  5+1   B3F3 ED   E8 87           STD -121,S
    979  5+1   B3F6 AF   E8 4F           STX 79,S
    980  6+1   B3F9 10AF E8 AF           STY -81,S
    981
    982  5+6   B3FD 37   36              PULU D,X,Y
    983  5+1   B3FF ED   E8 77           STD 119,S
    984  5+1   B402 AF   E8 26           STX 38,S
    985  6+1   B405 10AF E8 D7           STY -41,S
    986
    987  5+8   B409 37   76              PULU D,X,Y,S
    988  5+1   B40B ED   E8 50           STD 80,S
    989  5+1   B40E AF   E8 B0           STX -80,S
    990  6+1   B411 10AF E8 78           STY 120,S
    991
    992  5+4   B415 37   16              PULU D,X
    993  5+1   B417 ED   E8 D8           STD -40,S
    994  5+0   B41A AF   E4              STX ,S
    995
    996  5+3   B41C 37   12              PULU A,X
    997  4+1   B41E A7   E8 88           STA -120,S
    998  5+1   B421 AF   E8 28           STX 40,S
    999
   1000        B424               ERASE_SSAV_HRR9
   1001  4     B424 10CE 0000            LDS #$0000
   1002  5+5   B428 35   C8              PULS DP,U,PC * Ajout du PC au PULS>>
   1003
   1004        B42A               ERASE_DATA_HRR9_1
   1005        B42A 0000                 FDB $0000
   1006        B42C 0000                 FDB $0000
   1007        B42E 0000                 FDB $0000
   1008        B430 0000                 FDB $0000
   1009        B432 0000                 FDB $0000
   1010        B434 0000                 FDB $0000
   1011        B436 0000                 FDB $0000
   1012        B438 0000                 FDB $0000
   1013        B43A 0000                 FDB $0000
   1014        B43C 0000                 FDB $0000
   1015        B43E 0000                 FDB $0000
   1016        B440 0000                 FDB $0000
   1017        B442 0000                 FDB $0000
   1018        B444 0000                 FDB $0000
   1019        B446 0000                 FDB $0000
   1020        B448 0000                 FDB $0000
   1021        B44A 0000                 FDB $0000
   1022        B44C 0000                 FDB $0000
   1023        B44E 0000                 FDB $0000
   1024        B450 0000                 FDB $0000
   1025        B452 0000                 FDB $0000
   1026        B454 0000                 FDB $0000
   1027        B456 0000                 FDB $0000
   1028        B458 0000                 FDB $0000
   1029        B45A 0000                 FDB $0000
   1030        B45C 0000                 FDB $0000
   1031        B45E 0000                 FDB $0000
   1032        B460 0000                 FDB $0000
   1033        B462 0000                 FDB $0000
   1034        B464 0000                 FDB $0000
   1035        B466 0000                 FDB $0000
   1036        B468 0000                 FDB $0000
   1037        B46A 0000                 FDB $0000
   1038        B46C 0000                 FDB $0000
   1039        B46E 0000                 FDB $0000
   1040        B470 0000                 FDB $0000
   1041        B472 0000                 FDB $0000
   1042        B474 0000                 FDB $0000
   1043        B476 0000                 FDB $0000
   1044        B478 0000                 FDB $0000
   1045        B47A 0000                 FDB $0000
   1046        B47C 0000                 FDB $0000
   1047        B47E 0000                 FDB $0000
   1048        B480 0000                 FDB $0000
   1049        B482 0000                 FDB $0000
   1050        B484 0000                 FDB $0000
   1051        B486 0000                 FDB $0000
   1052        B488 0000                 FDB $0000
   1053        B48A 0000                 FDB $0000
   1054        B48C 0000                 FDB $0000
   1055        B48E 0000                 FDB $0000
   1056        B490 0000                 FDB $0000
   1057        B492 0000                 FDB $0000
   1058        B494 0000                 FDB $0000
   1059        B496 0000                 FDB $0000
   1060        B498 0000                 FDB $0000
   1061        B49A 0000                 FDB $0000
   1062        B49C 0000                 FDB $0000
   1063        B49E 0000                 FDB $0000
   1064        B4A0 0000                 FDB $0000
   1065        B4A2 0000                 FDB $0000
   1066        B4A4 0000                 FDB $0000
   1067        B4A6 0000                 FDB $0000
   1068        B4A8 0000                 FDB $0000
   1069        B4AA 0000                 FDB $0000
   1070        B4AC 0000                 FDB $0000
   1071        B4AE 0000                 FDB $0000
   1072        B4B0 00                   FCB $00
   1073        B4B1               ERASE_DATA_HRR9_2
   1074        B4B1 0000                 FDB $0000
   1075        B4B3 0000                 FDB $0000
   1076        B4B5 0000                 FDB $0000
   1077        B4B7 0000                 FDB $0000
   1078        B4B9 0000                 FDB $0000
   1079        B4BB 0000                 FDB $0000
   1080        B4BD 0000                 FDB $0000
   1081        B4BF 0000                 FDB $0000
   1082        B4C1 0000                 FDB $0000
   1083        B4C3 0000                 FDB $0000
   1084        B4C5 0000                 FDB $0000
   1085        B4C7 0000                 FDB $0000
   1086        B4C9 0000                 FDB $0000
   1087        B4CB 0000                 FDB $0000
   1088        B4CD 0000                 FDB $0000
   1089        B4CF 0000                 FDB $0000
   1090        B4D1 0000                 FDB $0000
   1091        B4D3 0000                 FDB $0000
   1092        B4D5 0000                 FDB $0000
   1093        B4D7 0000                 FDB $0000
   1094        B4D9 0000                 FDB $0000
   1095        B4DB 0000                 FDB $0000
   1096        B4DD 0000                 FDB $0000
   1097        B4DF 0000                 FDB $0000
   1098        B4E1 0000                 FDB $0000
   1099        B4E3 0000                 FDB $0000
   1100        B4E5 0000                 FDB $0000
   1101        B4E7 0000                 FDB $0000
   1102        B4E9 0000                 FDB $0000
   1103        B4EB 0000                 FDB $0000
   1104        B4ED 0000                 FDB $0000
   1105        B4EF 0000                 FDB $0000
   1106        B4F1 0000                 FDB $0000
   1107        B4F3 0000                 FDB $0000
   1108        B4F5 0000                 FDB $0000
   1109        B4F7 0000                 FDB $0000
   1110        B4F9 0000                 FDB $0000
   1111        B4FB 0000                 FDB $0000
   1112        B4FD 0000                 FDB $0000
   1113        B4FF 0000                 FDB $0000
   1114        B501 0000                 FDB $0000
   1115        B503 0000                 FDB $0000
   1116        B505 0000                 FDB $0000
   1117        B507 0000                 FDB $0000
   1118        B509 0000                 FDB $0000
   1119        B50B 0000                 FDB $0000
   1120        B50D 0000                 FDB $0000
   1121        B50F 0000                 FDB $0000
   1122        B511 0000                 FDB $0000
   1123        B513 0000                 FDB $0000
   1124        B515 00                   FCB $00
   1125        B516               ERASE_DATA_HRR9_END

000000 Total Errors

000011 Total Symbols
     0x          Label AD52 DRAW_HRR9
     0x          Label B284 ERASE_CODE_HRR9_1
     0x          Label B34F ERASE_CODE_HRR9_2
     1x          Label B42A ERASE_DATA_HRR9_1
     2x          Label B4B1 ERASE_DATA_HRR9_2
     1x          Label B516 ERASE_DATA_HRR9_END
     0x          Label B277 ERASE_HRR9
     1x          Label B27D ERASE_POS_HRR9_1
     1x          Label B348 ERASE_POS_HRR9_2
     1x          Label B424 ERASE_SSAV_HRR9
     1x          Label B271 SSAV_HRR9

