/*--------------------------------------------------------------*
 * Compilé avec C6809 v0.83                                     *
 *--------------------------------------------------------------*
 * Fichier source      : tmp/HWL0.ASM
 * Fichier destination : tmp/HWL0.BIN
 * Contenu :
 *     Main     0:IMG.ASM      9635
 *--------------------------------------------------------------*/

Macro Pass
Pass1
Pass2
      2        AE41                      ORG $AE41
      3        AE41               DRAW_HWL0
      4  5+3   AE41 34   48              PSHS U,DP
      5  7     AE43 10FF B28E            STS SSAV_HWL0+2
      6
      7  7     AE47 10FE 9F00            LDS $9F00
      8  7     AE4B 10FF B29A            STS ERASE_POS_HWL0_1+2
      9  3     AE4F CE   B4B2            LDU #ERASE_DATA_HWL0_2
     10  4+4   AE52 32   E9 020B         LEAS 523,S
     11  5+1   AE56 EC   E8 D7           LDD -41,S
     12  5+2   AE59 36   06              PSHU D
     13  2     AE5B 84   F0              ANDA #$F0
     14  2     AE5D 8A   0C              ORA #$0c
     15  2     AE5F C6   CC              LDB #$cc
     16  5+1   AE61 ED   E8 D7           STD -41,S
     17
     18  4+1   AE64 A6   E8 D9           LDA -39,S
     19  5+1   AE67 36   02              PSHU A
     20  2     AE69 84   0F              ANDA #$0F
     21  2     AE6B 8A   D0              ORA #$d0
     22  4+1   AE6D A7   E8 D9           STA -39,S
     23
     24  4+1   AE70 A6   E8 88           LDA -120,S
     25  5+1   AE73 36   02              PSHU A
     26
     27  4+1   AE75 A6   E8 B0           LDA -80,S
     28  5+1   AE78 36   02              PSHU A
     29
     30  5+1   AE7A EC   7F              LDD -1,S
     31  5+2   AE7C 36   06              PSHU D
     32
     33  5+1   AE7E EC   E8 27           LDD 39,S
     34  5+2   AE81 36   06              PSHU D
     35
     36  5+1   AE83 EC   E8 4F           LDD 79,S
     37  5+2   AE86 36   06              PSHU D
     38
     39  5+1   AE88 EC   E8 77           LDD 119,S
     40  5+4   AE8B 36   46              PSHU D,S
     41
     42  2     AE8D 86   CC              LDA #$cc
     43  4+1   AE8F A7   E8 88           STA -120,S
     44
     45  2     AE92 86   AA              LDA #$aa
     46  4+1   AE94 A7   E8 B0           STA -80,S
     47
     48  3     AE97 CC   AADC            LDD #$aadc
     49  5+1   AE9A ED   E8 4F           STD 79,S
     50
     51  5+1   AE9D ED   E8 77           STD 119,S
     52
     53  2     AEA0 C6   DD              LDB #$dd
     54  5+1   AEA2 ED   E8 27           STD 39,S
     55
     56  2     AEA5 86   CA              LDA #$ca
     57  5+1   AEA7 ED   7F              STD -1,S
     58
     59  4+4   AEA9 32   E9 0117         LEAS 279,S
     60  4+1   AEAD A6   E8 B2           LDA -78,S
     61  5+1   AEB0 36   02              PSHU A
     62  2     AEB2 84   0F              ANDA #$0F
     63  2     AEB4 8A   C0              ORA #$c0
     64  4+1   AEB6 A7   E8 B2           STA -78,S
     65
     66  4+1   AEB9 A6   E8 DA           LDA -38,S
     67  5+1   AEBC 36   02              PSHU A
     68  2     AEBE 84   0F              ANDA #$0F
     69  2     AEC0 8A   C0              ORA #$c0
     70  4+1   AEC2 A7   E8 DA           STA -38,S
     71
     72  5+1   AEC5 EC   E8 88           LDD -120,S
     73  5+2   AEC8 36   06              PSHU D
     74
     75  5+1   AECA EC   E8 B0           LDD -80,S
     76  5+2   AECD 36   06              PSHU D
     77
     78  5+1   AECF EC   E8 D8           LDD -40,S
     79  5+2   AED2 36   06              PSHU D
     80
     81  3     AED4 CC   ADDC            LDD #$addc
     82  5+1   AED7 ED   E8 88           STD -120,S
     83
     84  3     AEDA CC   ABCC            LDD #$abcc
     85  5+1   AEDD ED   E8 D8           STD -40,S
     86
     87  2     AEE0 86   CB              LDA #$cb
     88  5+1   AEE2 ED   E8 B0           STD -80,S
     89
     90  5+3   AEE5 35   12              PULS A,X
     91  5+5   AEE7 36   52              PSHU A,X,S
     92  2     AEE9 86   BB              LDA #$bb
     93  3     AEEB 8E   CCDC            LDX #$ccdc
     94  5+3   AEEE 34   12              PSHS A,X
     95
     96  4+1   AEF0 32   E8 28           LEAS 40,S
     97  5+1   AEF3 EC   E8 28           LDD 40,S
     98  5+2   AEF6 36   06              PSHU D
     99
    100  5+1   AEF8 EC   E8 50           LDD 80,S
    101  5+2   AEFB 36   06              PSHU D
    102
    103  5+1   AEFD EC   E8 78           LDD 120,S
    104  5+2   AF00 36   06              PSHU D
    105
    106  3     AF02 CC   BBCC            LDD #$bbcc
    107  5+1   AF05 ED   E8 28           STD 40,S
    108
    109  3     AF08 CC   BACD            LDD #$bacd
    110  5+1   AF0B ED   E8 78           STD 120,S
    111
    112  2     AF0E 86   BB              LDA #$bb
    113  5+1   AF10 ED   E8 50           STD 80,S
    114
    115  5+3   AF13 35   12              PULS A,X
    116  5+5   AF15 36   52              PSHU A,X,S
    117  2     AF17 86   BB              LDA #$bb
    118  3     AF19 8E   CCDD            LDX #$ccdd
    119  5+3   AF1C 34   12              PSHS A,X
    120
    121  4+4   AF1E 32   E9 0118         LEAS 280,S
    122  4+1   AF22 A6   E8 8A           LDA -118,S
    123  5+1   AF25 36   02              PSHU A
    124  2     AF27 84   0F              ANDA #$0F
    125  2     AF29 8A   C0              ORA #$c0
    126  4+1   AF2B A7   E8 8A           STA -118,S
    127
    128  4+1   AF2E A6   E8 B2           LDA -78,S
    129  5+1   AF31 36   02              PSHU A
    130  2     AF33 84   0F              ANDA #$0F
    131  2     AF35 8A   C0              ORA #$c0
    132  4+1   AF37 A7   E8 B2           STA -78,S
    133
    134  4+1   AF3A A6   E8 DA           LDA -38,S
    135  5+1   AF3D 36   02              PSHU A
    136  2     AF3F 84   0F              ANDA #$0F
    137  2     AF41 8A   D0              ORA #$d0
    138  4+1   AF43 A7   E8 DA           STA -38,S
    139
    140  5+1   AF46 EC   E8 28           LDD 40,S
    141  5+2   AF49 36   06              PSHU D
    142  2     AF4B 84   F0              ANDA #$F0
    143  2     AF4D 8A   03              ORA #$03
    144  2     AF4F C6   DD              LDB #$dd
    145  5+1   AF51 ED   E8 28           STD 40,S
    146
    147  4+1   AF54 A6   E8 2A           LDA 42,S
    148  5+1   AF57 36   02              PSHU A
    149  2     AF59 84   F0              ANDA #$F0
    150  2     AF5B 8A   0D              ORA #$0d
    151  4+1   AF5D A7   E8 2A           STA 42,S
    152
    153  5+1   AF60 EC   E8 88           LDD -120,S
    154  5+2   AF63 36   06              PSHU D
    155
    156  5+1   AF65 EC   E8 B0           LDD -80,S
    157  5+2   AF68 36   06              PSHU D
    158
    159  5+1   AF6A EC   E8 D8           LDD -40,S
    160  5+2   AF6D 36   06              PSHU D
    161
    162  4+1   AF6F A6   E8 51           LDA 81,S
    163  5+1   AF72 36   02              PSHU A
    164
    165  4+1   AF74 A6   E8 79           LDA 121,S
    166  5+1   AF77 36   02              PSHU A
    167
    168  3     AF79 CC   22D0            LDD #$22d0
    169  5+1   AF7C ED   E8 B0           STD -80,S
    170
    171  2     AF7F 86   11              LDA #$11
    172  4+1   AF81 A7   E8 51           STA 81,S
    173
    174  2     AF84 86   02              LDA #$02
    175  4+1   AF86 A7   E8 79           STA 121,S
    176
    177  3     AF89 CC   22DD            LDD #$22dd
    178  5+1   AF8C ED   E8 D8           STD -40,S
    179
    180  2     AF8F 86   2B              LDA #$2b
    181  5+1   AF91 ED   E8 88           STD -120,S
    182
    183  5+3   AF94 35   12              PULS A,X
    184  5+5   AF96 36   52              PSHU A,X,S
    185  2     AF98 86   32              LDA #$32
    186  3     AF9A 8E   0DDC            LDX #$0ddc
    187  5+3   AF9D 34   12              PSHS A,X
    188
    189  4+4   AF9F 32   E9 0119         LEAS 281,S
    190  4+1   AFA3 A6   E8 88           LDA -120,S
    191  5+1   AFA6 36   02              PSHU A
    192
    193  4+1   AFA8 A6   E8 B0           LDA -80,S
    194  5+1   AFAB 36   02              PSHU A
    195
    196  4+1   AFAD A6   E8 D8           LDA -40,S
    197  5+1   AFB0 36   02              PSHU A
    198
    199  4+0   AFB2 A6   E4              LDA ,S
    200  5+1   AFB4 36   02              PSHU A
    201
    202  4+1   AFB6 A6   E8 28           LDA 40,S
    203  5+1   AFB9 36   02              PSHU A
    204
    205  4+1   AFBB A6   E8 50           LDA 80,S
    206  5+1   AFBE 36   02              PSHU A
    207
    208  4+1   AFC0 A6   E8 78           LDA 120,S
    209  5+3   AFC3 36   42              PSHU A,S
    210
    211  2     AFC5 86   D2              LDA #$d2
    212  4+1   AFC7 A7   E8 88           STA -120,S
    213
    214  2     AFCA 86   9B              LDA #$9b
    215  4+1   AFCC A7   E8 D8           STA -40,S
    216
    217  2     AFCF 86   BB              LDA #$bb
    218  4+0   AFD1 A7   E4              STA ,S
    219
    220  4+1   AFD3 A7   E8 28           STA 40,S
    221
    222  4+1   AFD6 A7   E8 50           STA 80,S
    223
    224  2     AFD9 86   AA              LDA #$aa
    225  4+1   AFDB A7   E8 B0           STA -80,S
    226
    227  4+1   AFDE A7   E8 78           STA 120,S
    228
    229  4+4   AFE1 32   E9 0118         LEAS 280,S
    230  4+1   AFE5 A6   E8 D8           LDA -40,S
    231  5+1   AFE8 36   02              PSHU A
    232  2     AFEA 84   0F              ANDA #$0F
    233  2     AFEC 8A   E0              ORA #$e0
    234  4+1   AFEE A7   E8 D8           STA -40,S
    235
    236  4+0   AFF1 A6   E4              LDA ,S
    237  5+1   AFF3 36   02              PSHU A
    238  2     AFF5 84   0F              ANDA #$0F
    239  2     AFF7 8A   00              ORA #$00
    240  4+0   AFF9 A7   E4              STA ,S
    241
    242  5+1   AFFB EC   E8 4F           LDD 79,S
    243  5+2   AFFE 36   06              PSHU D
    244  2     B000 84   F0              ANDA #$F0
    245  2     B002 8A   0F              ORA #$0f
    246  2     B004 C6   E0              LDB #$e0
    247  5+1   B006 ED   E8 4F           STD 79,S
    248
    249  4+1   B009 A6   E8 88           LDA -120,S
    250  5+1   B00C 36   02              PSHU A
    251
    252  4+1   B00E A6   E8 B0           LDA -80,S
    253  5+1   B011 36   02              PSHU A
    254
    255  4+1   B013 A6   E8 28           LDA 40,S
    256  5+1   B016 36   02              PSHU A
    257
    258  5+1   B018 EC   E8 77           LDD 119,S
    259  5+4   B01B 36   46              PSHU D,S
    260
    261  2     B01D 86   A9              LDA #$a9
    262  4+1   B01F A7   E8 88           STA -120,S
    263
    264  2     B022 86   10              LDA #$10
    265  4+1   B024 A7   E8 B0           STA -80,S
    266
    267  2     B027 86   A0              LDA #$a0
    268  4+1   B029 A7   E8 28           STA 40,S
    269
    270  3     B02C CC   F1EE            LDD #$f1ee
    271  5+1   B02F ED   E8 77           STD 119,S
    272
    273  4+4   B032 32   E9 00B3         LEAS 179,S
    274  5+1   B036 EC   E8 EC           LDD -20,S
    275  5+2   B039 36   06              PSHU D
    276
    277  5+1   B03B EC   E8 14           LDD 20,S
    278  5+4   B03E 36   46              PSHU D,S
    279
    280  3     B040 CC   11EE            LDD #$11ee
    281  5+1   B043 ED   E8 EC           STD -20,S
    282
    283  3     B046 CC   EE00            LDD #$ee00
    284  5+1   B049 ED   E8 14           STD 20,S
    285
    286
    287  7     B04C 10FE 9F02            LDS $9F00+2
    288  7     B050 10FF B37C            STS ERASE_POS_HWL0_2+2
    289  3     B054 CE   B51A            LDU #ERASE_DATA_HWL0_END
    290
    291  4+4   B057 32   E9 01F7         LEAS 503,S
    292  5+1   B05B EC   E8 EA           LDD -22,S
    293  5+2   B05E 36   06              PSHU D
    294  2     B060 84   F0              ANDA #$F0
    295  2     B062 8A   0D              ORA #$0d
    296  2     B064 C6   A1              LDB #$a1
    297  5+1   B066 ED   E8 EA           STD -22,S
    298
    299  5+1   B069 EC   E8 12           LDD 18,S
    300  5+2   B06C 36   06              PSHU D
    301  2     B06E 84   F0              ANDA #$F0
    302  2     B070 8A   0D              ORA #$0d
    303  2     B072 C6   C2              LDB #$c2
    304  5+1   B074 ED   E8 12           STD 18,S
    305
    306  5+1   B077 EC   E8 3A           LDD 58,S
    307  5+2   B07A 36   06              PSHU D
    308  2     B07C 84   F0              ANDA #$F0
    309  2     B07E 8A   0D              ORA #$0d
    310  2     B080 C6   32              LDB #$32
    311  5+1   B082 ED   E8 3A           STD 58,S
    312
    313  4+1   B085 A6   E8 3C           LDA 60,S
    314  5+1   B088 36   02              PSHU A
    315  2     B08A 84   0F              ANDA #$0F
    316  2     B08C 8A   D0              ORA #$d0
    317  4+1   B08E A7   E8 3C           STA 60,S
    318
    319  5+1   B091 EC   E8 C3           LDD -61,S
    320  5+2   B094 36   06              PSHU D
    321
    322  4+1   B096 A6   E8 EC           LDA -20,S
    323  5+1   B099 36   02              PSHU A
    324
    325  4+1   B09B A6   E8 14           LDA 20,S
    326  5+3   B09E 36   42              PSHU A,S
    327
    328  3     B0A0 CC   CDCC            LDD #$cdcc
    329  5+1   B0A3 ED   E8 C3           STD -61,S
    330
    331  4+1   B0A6 A7   E8 EC           STA -20,S
    332
    333  2     B0A9 86   DD              LDA #$dd
    334  4+1   B0AB A7   E8 14           STA 20,S
    335
    336  4+4   B0AE 32   E9 00DA         LEAS 218,S
    337  5+1   B0B2 EC   E8 88           LDD -120,S
    338  5+2   B0B5 36   06              PSHU D
    339  2     B0B7 84   F0              ANDA #$F0
    340  2     B0B9 8A   0A              ORA #$0a
    341  2     B0BB C6   32              LDB #$32
    342  5+1   B0BD ED   E8 88           STD -120,S
    343
    344  5+1   B0C0 EC   E8 B0           LDD -80,S
    345  5+2   B0C3 36   06              PSHU D
    346  2     B0C5 84   F0              ANDA #$F0
    347  2     B0C7 8A   0A              ORA #$0a
    348  2     B0C9 C6   AA              LDB #$aa
    349  5+1   B0CB ED   E8 B0           STD -80,S
    350
    351  4+1   B0CE A6   E8 B2           LDA -78,S
    352  5+1   B0D1 36   02              PSHU A
    353  2     B0D3 84   0F              ANDA #$0F
    354  2     B0D5 8A   C0              ORA #$c0
    355  4+1   B0D7 A7   E8 B2           STA -78,S
    356
    357  5+1   B0DA EC   E8 D8           LDD -40,S
    358  5+2   B0DD 36   06              PSHU D
    359  2     B0DF 84   F0              ANDA #$F0
    360  2     B0E1 8A   0A              ORA #$0a
    361  2     B0E3 C6   AA              LDB #$aa
    362  5+1   B0E5 ED   E8 D8           STD -40,S
    363
    364  4+1   B0E8 A6   E8 DA           LDA -38,S
    365  5+1   B0EB 36   02              PSHU A
    366
    367  2     B0ED 86   CC              LDA #$cc
    368  4+1   B0EF A7   E8 DA           STA -38,S
    369
    370  5+3   B0F2 35   12              PULS A,X
    371  5+5   B0F4 36   52              PSHU A,X,S
    372  2     B0F6 86   CA              LDA #$ca
    373  3     B0F8 8E   CBDC            LDX #$cbdc
    374  5+3   B0FB 34   12              PSHS A,X
    375
    376  4+1   B0FD 32   E8 28           LEAS 40,S
    377  5+3   B100 35   12              PULS A,X
    378  5+5   B102 36   52              PSHU A,X,S
    379  2     B104 86   CA              LDA #$ca
    380  3     B106 8E   CADD            LDX #$cadd
    381  5+3   B109 34   12              PSHS A,X
    382
    383  4+1   B10B 32   E8 28           LEAS 40,S
    384  5+3   B10E 35   12              PULS A,X
    385  5+5   B110 36   52              PSHU A,X,S
    386  2     B112 86   CC              LDA #$cc
    387  3     B114 8E   AADD            LDX #$aadd
    388  5+3   B117 34   12              PSHS A,X
    389
    390  4+1   B119 32   E8 28           LEAS 40,S
    391  5+3   B11C 35   12              PULS A,X
    392  5+5   B11E 36   52              PSHU A,X,S
    393  2     B120 86   D0              LDA #$d0
    394  3     B122 8E   AADD            LDX #$aadd
    395  5+3   B125 34   12              PSHS A,X
    396
    397  4+1   B127 32   E8 28           LEAS 40,S
    398  4+1   B12A A6   E8 2A           LDA 42,S
    399  5+1   B12D 36   02              PSHU A
    400  2     B12F 84   0F              ANDA #$0F
    401  2     B131 8A   D0              ORA #$d0
    402  4+1   B133 A7   E8 2A           STA 42,S
    403
    404  5+1   B136 EC   E8 28           LDD 40,S
    405  5+2   B139 36   06              PSHU D
    406
    407  3     B13B CC   90AC            LDD #$90ac
    408  5+1   B13E ED   E8 28           STD 40,S
    409
    410  5+3   B141 35   12              PULS A,X
    411  5+5   B143 36   52              PSHU A,X,S
    412  2     B145 86   90              LDA #$90
    413  3     B147 8E   AADD            LDX #$aadd
    414  5+3   B14A 34   12              PSHS A,X
    415
    416  4+1   B14C 32   E8 50           LEAS 80,S
    417  5+3   B14F 35   12              PULS A,X
    418  5+5   B151 36   52              PSHU A,X,S
    419  2     B153 86   09              LDA #$09
    420  3     B155 8E   B2CC            LDX #$b2cc
    421  5+3   B158 34   12              PSHS A,X
    422
    423  4+1   B15A 32   E8 28           LEAS 40,S
    424  5+1   B15D EC   E8 28           LDD 40,S
    425  5+2   B160 36   06              PSHU D
    426  2     B162 84   F0              ANDA #$F0
    427  2     B164 8A   02              ORA #$02
    428  2     B166 C6   22              LDB #$22
    429  5+1   B168 ED   E8 28           STD 40,S
    430
    431  5+1   B16B EC   E8 50           LDD 80,S
    432  5+2   B16E 36   06              PSHU D
    433  2     B170 84   F0              ANDA #$F0
    434  2     B172 8A   01              ORA #$01
    435  2     B174 C6   23              LDB #$23
    436  5+1   B176 ED   E8 50           STD 80,S
    437
    438  4+1   B179 A6   E8 2A           LDA 42,S
    439  5+1   B17C 36   02              PSHU A
    440
    441  4+1   B17E A6   E8 52           LDA 82,S
    442  5+1   B181 36   02              PSHU A
    443
    444  5+1   B183 EC   E8 79           LDD 121,S
    445  5+2   B186 36   06              PSHU D
    446
    447  3     B188 CC   2DDD            LDD #$2ddd
    448  5+1   B18B ED   E8 79           STD 121,S
    449
    450  4+1   B18E E7   E8 2A           STB 42,S
    451
    452  4+1   B191 E7   E8 52           STB 82,S
    453
    454  5+3   B194 35   12              PULS A,X
    455  5+5   B196 36   52              PSHU A,X,S
    456  2     B198 86   09              LDA #$09
    457  3     B19A 8E   22DC            LDX #$22dc
    458  5+3   B19D 34   12              PSHS A,X
    459
    460  4+4   B19F 32   E9 0119         LEAS 281,S
    461  5+1   B1A3 EC   E8 88           LDD -120,S
    462  5+2   B1A6 36   06              PSHU D
    463  2     B1A8 86   1D              LDA #$1d
    464  2     B1AA C4   0F              ANDB #$0F
    465  2     B1AC CA   00              ORB #$00
    466  5+1   B1AE ED   E8 88           STD -120,S
    467
    468  5+1   B1B1 EC   E8 B0           LDD -80,S
    469  5+2   B1B4 36   06              PSHU D
    470  2     B1B6 86   E3              LDA #$e3
    471  2     B1B8 C4   0F              ANDB #$0F
    472  2     B1BA CA   D0              ORB #$d0
    473  5+1   B1BC ED   E8 B0           STD -80,S
    474
    475  5+1   B1BF EC   E8 78           LDD 120,S
    476  5+2   B1C2 36   06              PSHU D
    477  2     B1C4 84   F0              ANDA #$F0
    478  2     B1C6 8A   0B              ORA #$0b
    479  2     B1C8 C6   90              LDB #$90
    480  5+1   B1CA ED   E8 78           STD 120,S
    481
    482  5+1   B1CD EC   E8 D8           LDD -40,S
    483  5+2   B1D0 36   06              PSHU D
    484
    485  5+0   B1D2 EC   E4              LDD ,S
    486  5+2   B1D4 36   06              PSHU D
    487
    488  5+1   B1D6 EC   E8 28           LDD 40,S
    489  5+2   B1D9 36   06              PSHU D
    490
    491  5+1   B1DB EC   E8 50           LDD 80,S
    492  5+4   B1DE 36   46              PSHU D,S
    493
    494  5+1   B1E0 AF   E8 D8           STX -40,S
    495
    496  3     B1E3 CC   22ED            LDD #$22ed
    497  5+0   B1E6 ED   E4              STD ,S
    498
    499  3     B1E8 CC   2A2D            LDD #$2a2d
    500  5+1   B1EB ED   E8 28           STD 40,S
    501
    502  3     B1EE CC   3B30            LDD #$3b30
    503  5+1   B1F1 ED   E8 50           STD 80,S
    504
    505  4+4   B1F4 32   E9 0118         LEAS 280,S
    506  5+1   B1F8 EC   E8 88           LDD -120,S
    507  5+2   B1FB 36   06              PSHU D
    508  2     B1FD 84   F0              ANDA #$F0
    509  2     B1FF 8A   0B              ORA #$0b
    510  2     B201 C6   90              LDB #$90
    511  5+1   B203 ED   E8 88           STD -120,S
    512
    513  5+1   B206 EC   E8 B0           LDD -80,S
    514  5+2   B209 36   06              PSHU D
    515  2     B20B 84   F0              ANDA #$F0
    516  2     B20D C4   0F              ANDB #$0F
    517  4     B20F C3   0AA0            ADDD #$0aa0
    518  5+1   B212 ED   E8 B0           STD -80,S
    519
    520  5+1   B215 EC   E8 D8           LDD -40,S
    521  5+2   B218 36   06              PSHU D
    522  2     B21A 84   F0              ANDA #$F0
    523  2     B21C C4   0F              ANDB #$0F
    524  4     B21E C3   0A00            ADDD #$0a00
    525  5+1   B221 ED   E8 D8           STD -40,S
    526
    527  4+0   B224 A6   E4              LDA ,S
    528  5+1   B226 36   02              PSHU A
    529  2     B228 84   F0              ANDA #$F0
    530  2     B22A 8A   09              ORA #$09
    531  4+0   B22C A7   E4              STA ,S
    532
    533  4+1   B22E A6   E8 28           LDA 40,S
    534  5+1   B231 36   02              PSHU A
    535  2     B233 84   F0              ANDA #$F0
    536  2     B235 8A   02              ORA #$02
    537  4+1   B237 A7   E8 28           STA 40,S
    538
    539  4+1   B23A A6   E8 50           LDA 80,S
    540  5+1   B23D 36   02              PSHU A
    541  2     B23F 84   F0              ANDA #$F0
    542  2     B241 8A   0F              ORA #$0f
    543  4+1   B243 A7   E8 50           STA 80,S
    544
    545  4+1   B246 A6   E8 78           LDA 120,S
    546  5+3   B249 36   42              PSHU A,S
    547
    548  2     B24B 86   F1              LDA #$f1
    549  4+1   B24D A7   E8 78           STA 120,S
    550
    551  4+4   B250 32   E9 00F0         LEAS 240,S
    552  5+1   B254 EC   E8 27           LDD 39,S
    553  5+2   B257 36   06              PSHU D
    554  2     B259 84   F0              ANDA #$F0
    555  2     B25B 8A   0F              ORA #$0f
    556  2     B25D C6   19              LDB #$19
    557  5+1   B25F ED   E8 27           STD 39,S
    558
    559  5+1   B262 EC   E8 4F           LDD 79,S
    560  5+2   B265 36   06              PSHU D
    561  2     B267 84   F0              ANDA #$F0
    562  2     B269 8A   0E              ORA #$0e
    563  2     B26B C6   00              LDB #$00
    564  5+1   B26D ED   E8 4F           STD 79,S
    565
    566  4+1   B270 A6   E8 B0           LDA -80,S
    567  5+1   B273 36   02              PSHU A
    568
    569  4+1   B275 A6   E8 D8           LDA -40,S
    570  5+1   B278 36   02              PSHU A
    571
    572  4+0   B27A A6   E4              LDA ,S
    573  5+3   B27C 36   42              PSHU A,S
    574
    575  2     B27E 86   FE              LDA #$fe
    576  4+1   B280 A7   E8 B0           STA -80,S
    577
    578  2     B283 86   EA              LDA #$ea
    579  4+1   B285 A7   E8 D8           STA -40,S
    580
    581  2     B288 86   1A              LDA #$1a
    582  4+0   B28A A7   E4              STA ,S
    583
    584        B28C               SSAV_HWL0
    585  4     B28C 10CE 0000            LDS #$0000
    586  5+5   B290 35   C8              PULS DP,U,PC * Ajout du PC au PULS>>
    587
    588        B292               ERASE_HWL0
    589  5+3   B292 34   48              PSHS U,DP
    590  7     B294 10FF B45A            STS ERASE_SSAV_HWL0+2
    591
    592        B298               ERASE_POS_HWL0_1
    593  4     B298 10CE 0000            LDS #$0000
    594  3     B29C CE   B45E            LDU #ERASE_DATA_HWL0_1
    595
    596        B29F               ERASE_CODE_HWL0_1
    597  5+4   B29F 37   46              PULU D,S
    598  5+1   B2A1 ED   E8 14           STD 20,S
    599  5+2   B2A4 37   06              PULU D
    600  5+1   B2A6 ED   E8 EC           STD -20,S
    601  5+4   B2A9 37   46              PULU D,S
    602  5+1   B2AB ED   E8 77           STD 119,S
    603  5+1   B2AE 37   02              PULU A
    604  4+1   B2B0 A7   E8 28           STA 40,S
    605  5+1   B2B3 37   02              PULU A
    606  4+1   B2B5 A7   E8 B0           STA -80,S
    607  5+1   B2B8 37   02              PULU A
    608  4+1   B2BA A7   E8 88           STA -120,S
    609  5+2   B2BD 37   06              PULU D
    610  5+1   B2BF ED   E8 4F           STD 79,S
    611  5+1   B2C2 37   02              PULU A
    612  4+0   B2C4 A7   E4              STA ,S
    613  5+1   B2C6 37   02              PULU A
    614  4+1   B2C8 A7   E8 D8           STA -40,S
    615  5+3   B2CB 37   42              PULU A,S
    616  4+1   B2CD A7   E8 78           STA 120,S
    617  5+1   B2D0 37   02              PULU A
    618  4+1   B2D2 A7   E8 50           STA 80,S
    619  5+1   B2D5 37   02              PULU A
    620  4+1   B2D7 A7   E8 28           STA 40,S
    621  5+1   B2DA 37   02              PULU A
    622  4+0   B2DC A7   E4              STA ,S
    623  5+1   B2DE 37   02              PULU A
    624  4+1   B2E0 A7   E8 D8           STA -40,S
    625  5+1   B2E3 37   02              PULU A
    626  4+1   B2E5 A7   E8 B0           STA -80,S
    627  5+1   B2E8 37   02              PULU A
    628  4+1   B2EA A7   E8 88           STA -120,S
    629  5+5   B2ED 37   52              PULU A,X,S
    630  5+3   B2EF 34   12              PSHS A,X
    631  5+1   B2F1 37   02              PULU A
    632  4+1   B2F3 A7   E8 79           STA 121,S
    633  5+1   B2F6 37   02              PULU A
    634  4+1   B2F8 A7   E8 51           STA 81,S
    635  5+2   B2FB 37   06              PULU D
    636  5+1   B2FD ED   E8 D8           STD -40,S
    637  5+2   B300 37   06              PULU D
    638  5+1   B302 ED   E8 B0           STD -80,S
    639  5+2   B305 37   06              PULU D
    640  5+1   B307 ED   E8 88           STD -120,S
    641  5+1   B30A 37   02              PULU A
    642  4+1   B30C A7   E8 2A           STA 42,S
    643  5+2   B30F 37   06              PULU D
    644  5+1   B311 ED   E8 28           STD 40,S
    645  5+1   B314 37   02              PULU A
    646  4+1   B316 A7   E8 DA           STA -38,S
    647  5+1   B319 37   02              PULU A
    648  4+1   B31B A7   E8 B2           STA -78,S
    649  5+1   B31E 37   02              PULU A
    650  4+1   B320 A7   E8 8A           STA -118,S
    651  5+5   B323 37   52              PULU A,X,S
    652  5+3   B325 34   12              PSHS A,X
    653  5+2   B327 37   06              PULU D
    654  5+1   B329 ED   E8 78           STD 120,S
    655  5+2   B32C 37   06              PULU D
    656  5+1   B32E ED   E8 50           STD 80,S
    657  5+2   B331 37   06              PULU D
    658  5+1   B333 ED   E8 28           STD 40,S
    659  5+5   B336 37   52              PULU A,X,S
    660  5+3   B338 34   12              PSHS A,X
    661  5+2   B33A 37   06              PULU D
    662  5+1   B33C ED   E8 D8           STD -40,S
    663  5+2   B33F 37   06              PULU D
    664  5+1   B341 ED   E8 B0           STD -80,S
    665  5+2   B344 37   06              PULU D
    666  5+1   B346 ED   E8 88           STD -120,S
    667  5+1   B349 37   02              PULU A
    668  4+1   B34B A7   E8 DA           STA -38,S
    669  5+1   B34E 37   02              PULU A
    670  4+1   B350 A7   E8 B2           STA -78,S
    671  5+4   B353 37   46              PULU D,S
    672  5+1   B355 ED   E8 77           STD 119,S
    673  5+2   B358 37   06              PULU D
    674  5+1   B35A ED   E8 4F           STD 79,S
    675  5+2   B35D 37   06              PULU D
    676  5+1   B35F ED   E8 27           STD 39,S
    677  5+2   B362 37   06              PULU D
    678  5+1   B364 ED   7F              STD -1,S
    679  5+1   B366 37   02              PULU A
    680  4+1   B368 A7   E8 B0           STA -80,S
    681  5+1   B36B 37   02              PULU A
    682  4+1   B36D A7   E8 88           STA -120,S
    683  5+1   B370 37   02              PULU A
    684  4+1   B372 A7   E8 D9           STA -39,S
    685  5+2   B375 37   06              PULU D
    686  5+1   B377 ED   E8 D7           STD -41,S
    687        B37A               ERASE_POS_HWL0_2
    688  4     B37A 10CE 0000            LDS #$0000
    689  3     B37E CE   B4B2            LDU #ERASE_DATA_HWL0_2
    690
    691        B381               ERASE_CODE_HWL0_2
    692  5+3   B381 37   42              PULU A,S
    693  4+0   B383 A7   E4              STA ,S
    694  5+1   B385 37   02              PULU A
    695  4+1   B387 A7   E8 D8           STA -40,S
    696  5+1   B38A 37   02              PULU A
    697  4+1   B38C A7   E8 B0           STA -80,S
    698  5+2   B38F 37   06              PULU D
    699  5+1   B391 ED   E8 4F           STD 79,S
    700  5+2   B394 37   06              PULU D
    701  5+1   B396 ED   E8 27           STD 39,S
    702  5+3   B399 37   42              PULU A,S
    703  4+1   B39B A7   E8 78           STA 120,S
    704  5+1   B39E 37   02              PULU A
    705  4+1   B3A0 A7   E8 50           STA 80,S
    706  5+1   B3A3 37   02              PULU A
    707  4+1   B3A5 A7   E8 28           STA 40,S
    708  5+1   B3A8 37   02              PULU A
    709  4+0   B3AA A7   E4              STA ,S
    710  5+2   B3AC 37   06              PULU D
    711  5+1   B3AE ED   E8 D8           STD -40,S
    712  5+2   B3B1 37   06              PULU D
    713  5+1   B3B3 ED   E8 B0           STD -80,S
    714  5+2   B3B6 37   06              PULU D
    715  5+1   B3B8 ED   E8 88           STD -120,S
    716  5+4   B3BB 37   46              PULU D,S
    717  5+1   B3BD ED   E8 50           STD 80,S
    718  5+2   B3C0 37   06              PULU D
    719  5+1   B3C2 ED   E8 28           STD 40,S
    720  5+2   B3C5 37   06              PULU D
    721  5+0   B3C7 ED   E4              STD ,S
    722  5+2   B3C9 37   06              PULU D
    723  5+1   B3CB ED   E8 D8           STD -40,S
    724  5+2   B3CE 37   06              PULU D
    725  5+1   B3D0 ED   E8 78           STD 120,S
    726  5+2   B3D3 37   06              PULU D
    727  5+1   B3D5 ED   E8 B0           STD -80,S
    728  5+2   B3D8 37   06              PULU D
    729  5+1   B3DA ED   E8 88           STD -120,S
    730  5+5   B3DD 37   52              PULU A,X,S
    731  5+3   B3DF 34   12              PSHS A,X
    732  5+2   B3E1 37   06              PULU D
    733  5+1   B3E3 ED   E8 79           STD 121,S
    734  5+1   B3E6 37   02              PULU A
    735  4+1   B3E8 A7   E8 52           STA 82,S
    736  5+1   B3EB 37   02              PULU A
    737  4+1   B3ED A7   E8 2A           STA 42,S
    738  5+2   B3F0 37   06              PULU D
    739  5+1   B3F2 ED   E8 50           STD 80,S
    740  5+2   B3F5 37   06              PULU D
    741  5+1   B3F7 ED   E8 28           STD 40,S
    742  5+5   B3FA 37   52              PULU A,X,S
    743  5+3   B3FC 34   12              PSHS A,X
    744  5+5   B3FE 37   52              PULU A,X,S
    745  5+3   B400 34   12              PSHS A,X
    746  5+2   B402 37   06              PULU D
    747  5+1   B404 ED   E8 28           STD 40,S
    748  5+1   B407 37   02              PULU A
    749  4+1   B409 A7   E8 2A           STA 42,S
    750  5+5   B40C 37   52              PULU A,X,S
    751  5+3   B40E 34   12              PSHS A,X
    752  5+5   B410 37   52              PULU A,X,S
    753  5+3   B412 34   12              PSHS A,X
    754  5+5   B414 37   52              PULU A,X,S
    755  5+3   B416 34   12              PSHS A,X
    756  5+5   B418 37   52              PULU A,X,S
    757  5+3   B41A 34   12              PSHS A,X
    758  5+1   B41C 37   02              PULU A
    759  4+1   B41E A7   E8 DA           STA -38,S
    760  5+2   B421 37   06              PULU D
    761  5+1   B423 ED   E8 D8           STD -40,S
    762  5+1   B426 37   02              PULU A
    763  4+1   B428 A7   E8 B2           STA -78,S
    764  5+2   B42B 37   06              PULU D
    765  5+1   B42D ED   E8 B0           STD -80,S
    766  5+2   B430 37   06              PULU D
    767  5+1   B432 ED   E8 88           STD -120,S
    768  5+3   B435 37   42              PULU A,S
    769  4+1   B437 A7   E8 14           STA 20,S
    770  5+1   B43A 37   02              PULU A
    771  4+1   B43C A7   E8 EC           STA -20,S
    772  5+2   B43F 37   06              PULU D
    773  5+1   B441 ED   E8 C3           STD -61,S
    774  5+1   B444 37   02              PULU A
    775  4+1   B446 A7   E8 3C           STA 60,S
    776  5+2   B449 37   06              PULU D
    777  5+1   B44B ED   E8 3A           STD 58,S
    778  5+2   B44E 37   06              PULU D
    779  5+1   B450 ED   E8 12           STD 18,S
    780  5+2   B453 37   06              PULU D
    781  5+1   B455 ED   E8 EA           STD -22,S
    782        B458               ERASE_SSAV_HWL0
    783  4     B458 10CE 0000            LDS #$0000
    784  5+5   B45C 35   C8              PULS DP,U,PC * Ajout du PC au PULS>>
    785
    786        B45E               ERASE_DATA_HWL0_1
    787        B45E 0000                 FDB $0000
    788        B460 0000                 FDB $0000
    789        B462 0000                 FDB $0000
    790        B464 0000                 FDB $0000
    791        B466 0000                 FDB $0000
    792        B468 0000                 FDB $0000
    793        B46A 0000                 FDB $0000
    794        B46C 0000                 FDB $0000
    795        B46E 0000                 FDB $0000
    796        B470 0000                 FDB $0000
    797        B472 0000                 FDB $0000
    798        B474 0000                 FDB $0000
    799        B476 0000                 FDB $0000
    800        B478 0000                 FDB $0000
    801        B47A 0000                 FDB $0000
    802        B47C 0000                 FDB $0000
    803        B47E 0000                 FDB $0000
    804        B480 0000                 FDB $0000
    805        B482 0000                 FDB $0000
    806        B484 0000                 FDB $0000
    807        B486 0000                 FDB $0000
    808        B488 0000                 FDB $0000
    809        B48A 0000                 FDB $0000
    810        B48C 0000                 FDB $0000
    811        B48E 0000                 FDB $0000
    812        B490 0000                 FDB $0000
    813        B492 0000                 FDB $0000
    814        B494 0000                 FDB $0000
    815        B496 0000                 FDB $0000
    816        B498 0000                 FDB $0000
    817        B49A 0000                 FDB $0000
    818        B49C 0000                 FDB $0000
    819        B49E 0000                 FDB $0000
    820        B4A0 0000                 FDB $0000
    821        B4A2 0000                 FDB $0000
    822        B4A4 0000                 FDB $0000
    823        B4A6 0000                 FDB $0000
    824        B4A8 0000                 FDB $0000
    825        B4AA 0000                 FDB $0000
    826        B4AC 0000                 FDB $0000
    827        B4AE 0000                 FDB $0000
    828        B4B0 00                   FCB $00
    829        B4B1 00                   FCB $00
    830        B4B2               ERASE_DATA_HWL0_2
    831        B4B2 0000                 FDB $0000
    832        B4B4 0000                 FDB $0000
    833        B4B6 0000                 FDB $0000
    834        B4B8 0000                 FDB $0000
    835        B4BA 0000                 FDB $0000
    836        B4BC 0000                 FDB $0000
    837        B4BE 0000                 FDB $0000
    838        B4C0 0000                 FDB $0000
    839        B4C2 0000                 FDB $0000
    840        B4C4 0000                 FDB $0000
    841        B4C6 0000                 FDB $0000
    842        B4C8 0000                 FDB $0000
    843        B4CA 0000                 FDB $0000
    844        B4CC 0000                 FDB $0000
    845        B4CE 0000                 FDB $0000
    846        B4D0 0000                 FDB $0000
    847        B4D2 0000                 FDB $0000
    848        B4D4 0000                 FDB $0000
    849        B4D6 0000                 FDB $0000
    850        B4D8 0000                 FDB $0000
    851        B4DA 0000                 FDB $0000
    852        B4DC 0000                 FDB $0000
    853        B4DE 0000                 FDB $0000
    854        B4E0 0000                 FDB $0000
    855        B4E2 0000                 FDB $0000
    856        B4E4 0000                 FDB $0000
    857        B4E6 0000                 FDB $0000
    858        B4E8 0000                 FDB $0000
    859        B4EA 0000                 FDB $0000
    860        B4EC 0000                 FDB $0000
    861        B4EE 0000                 FDB $0000
    862        B4F0 0000                 FDB $0000
    863        B4F2 0000                 FDB $0000
    864        B4F4 0000                 FDB $0000
    865        B4F6 0000                 FDB $0000
    866        B4F8 0000                 FDB $0000
    867        B4FA 0000                 FDB $0000
    868        B4FC 0000                 FDB $0000
    869        B4FE 0000                 FDB $0000
    870        B500 0000                 FDB $0000
    871        B502 0000                 FDB $0000
    872        B504 0000                 FDB $0000
    873        B506 0000                 FDB $0000
    874        B508 0000                 FDB $0000
    875        B50A 0000                 FDB $0000
    876        B50C 0000                 FDB $0000
    877        B50E 0000                 FDB $0000
    878        B510 0000                 FDB $0000
    879        B512 0000                 FDB $0000
    880        B514 0000                 FDB $0000
    881        B516 0000                 FDB $0000
    882        B518 00                   FCB $00
    883        B519 00                   FCB $00
    884        B51A               ERASE_DATA_HWL0_END

000000 Total Errors

000011 Total Symbols
     0x          Label AE41 DRAW_HWL0
     0x          Label B29F ERASE_CODE_HWL0_1
     0x          Label B381 ERASE_CODE_HWL0_2
     1x          Label B45E ERASE_DATA_HWL0_1
     2x          Label B4B2 ERASE_DATA_HWL0_2
     1x          Label B51A ERASE_DATA_HWL0_END
     0x          Label B292 ERASE_HWL0
     1x          Label B298 ERASE_POS_HWL0_1
     1x          Label B37A ERASE_POS_HWL0_2
     1x          Label B458 ERASE_SSAV_HWL0
     1x          Label B28C SSAV_HWL0

