/*--------------------------------------------------------------*
 * Compilé avec C6809 v0.83                                     *
 *--------------------------------------------------------------*
 * Fichier source      : tmp/HWL8.ASM
 * Fichier destination : tmp/HWL8.BIN
 * Contenu :
 *     Main     0:IMG.ASM      11022
 *--------------------------------------------------------------*/

Macro Pass
Pass1
Pass2
      2        B780                      ORG $B780
      3        B780               DRAW_HWL8
      4  5+3   B780 34   48              PSHS U,DP
      5  7     B782 10FF BC6E            STS SSAV_HWL8+2
      6
      7  7     B786 10FE 9F00            LDS $9F00
      8  7     B78A 10FF BC7A            STS ERASE_POS_HWL8_1+2
      9  3     B78E CE   BEE5            LDU #ERASE_DATA_HWL8_2
     10  4+4   B791 32   E9 020A         LEAS 522,S
     11  5+1   B795 EC   E8 D9           LDD -39,S
     12  5+2   B798 36   06              PSHU D
     13  2     B79A 86   AA              LDA #$aa
     14  2     B79C C4   0F              ANDB #$0F
     15  2     B79E CA   C0              ORB #$c0
     16  5+1   B7A0 ED   E8 D9           STD -39,S
     17
     18  4+1   B7A3 A6   E8 B1           LDA -79,S
     19  5+1   B7A6 36   02              PSHU A
     20
     21  5+1   B7A8 EC   E8 28           LDD 40,S
     22  5+2   B7AB 36   06              PSHU D
     23
     24  5+1   B7AD EC   E8 50           LDD 80,S
     25  5+2   B7B0 36   06              PSHU D
     26
     27  5+1   B7B2 EC   E8 78           LDD 120,S
     28  5+2   B7B5 36   06              PSHU D
     29
     30  3     B7B7 CC   ADCD            LDD #$adcd
     31  5+1   B7BA ED   E8 28           STD 40,S
     32
     33  2     B7BD 86   AA              LDA #$aa
     34  4+1   B7BF A7   E8 B1           STA -79,S
     35
     36  2     B7C2 86   A3              LDA #$a3
     37  5+1   B7C4 ED   E8 50           STD 80,S
     38
     39  5+1   B7C7 ED   E8 78           STD 120,S
     40
     41  5+3   B7CA 35   12              PULS A,X
     42  5+5   B7CC 36   52              PSHU A,X,S
     43  2     B7CE 86   DD              LDA #$dd
     44  3     B7D0 8E   CCDD            LDX #$ccdd
     45  5+3   B7D3 34   12              PSHS A,X
     46
     47  4+4   B7D5 32   E9 0118         LEAS 280,S
     48  4+1   B7D9 A6   E8 DA           LDA -38,S
     49  5+1   B7DC 36   02              PSHU A
     50  2     B7DE 84   0F              ANDA #$0F
     51  2     B7E0 8A   C0              ORA #$c0
     52  4+1   B7E2 A7   E8 DA           STA -38,S
     53
     54  5+1   B7E5 EC   E8 88           LDD -120,S
     55  5+2   B7E8 36   06              PSHU D
     56
     57  5+1   B7EA EC   E8 B0           LDD -80,S
     58  5+2   B7ED 36   06              PSHU D
     59
     60  5+1   B7EF EC   E8 D8           LDD -40,S
     61  5+2   B7F2 36   06              PSHU D
     62
     63  3     B7F4 CC   DACC            LDD #$dacc
     64  5+1   B7F7 ED   E8 B0           STD -80,S
     65
     66  2     B7FA 86   AA              LDA #$aa
     67  5+1   B7FC ED   E8 88           STD -120,S
     68
     69  2     B7FF 86   BC              LDA #$bc
     70  5+1   B801 ED   E8 D8           STD -40,S
     71
     72  5+3   B804 35   12              PULS A,X
     73  5+5   B806 36   52              PSHU A,X,S
     74  2     B808 86   BC              LDA #$bc
     75  3     B80A 8E   CCCC            LDX #$cccc
     76  5+3   B80D 34   12              PSHS A,X
     77
     78  4+1   B80F 32   E8 28           LEAS 40,S
     79  5+3   B812 35   12              PULS A,X
     80  5+5   B814 36   52              PSHU A,X,S
     81  2     B816 86   BA              LDA #$ba
     82  3     B818 8E   CCDD            LDX #$ccdd
     83  5+3   B81B 34   12              PSHS A,X
     84
     85  4+1   B81D 32   E8 28           LEAS 40,S
     86  5+1   B820 EC   E8 28           LDD 40,S
     87  5+2   B823 36   06              PSHU D
     88
     89  5+1   B825 EC   E8 50           LDD 80,S
     90  5+2   B828 36   06              PSHU D
     91
     92  5+1   B82A EC   E8 78           LDD 120,S
     93  5+2   B82D 36   06              PSHU D
     94
     95  3     B82F CC   BACC            LDD #$bacc
     96  5+1   B832 ED   E8 50           STD 80,S
     97
     98  5+1   B835 ED   E8 28           STD 40,S
     99
    100  3     B838 CC   BCCD            LDD #$bccd
    101  5+1   B83B ED   E8 78           STD 120,S
    102
    103  5+3   B83E 35   12              PULS A,X
    104  5+5   B840 36   52              PSHU A,X,S
    105  2     B842 86   BA              LDA #$ba
    106  3     B844 8E   CCDD            LDX #$ccdd
    107  5+3   B847 34   12              PSHS A,X
    108
    109  4+4   B849 32   E9 0118         LEAS 280,S
    110  4+1   B84D A6   E8 8A           LDA -118,S
    111  5+1   B850 36   02              PSHU A
    112  2     B852 84   0F              ANDA #$0F
    113  2     B854 8A   C0              ORA #$c0
    114  4+1   B856 A7   E8 8A           STA -118,S
    115
    116  4+1   B859 A6   E8 B2           LDA -78,S
    117  5+1   B85C 36   02              PSHU A
    118  2     B85E 84   0F              ANDA #$0F
    119  2     B860 8A   D0              ORA #$d0
    120  4+1   B862 A7   E8 B2           STA -78,S
    121
    122  4+1   B865 A6   E8 DA           LDA -38,S
    123  5+1   B868 36   02              PSHU A
    124  2     B86A 84   0F              ANDA #$0F
    125  2     B86C 8A   D0              ORA #$d0
    126  4+1   B86E A7   E8 DA           STA -38,S
    127
    128  4+1   B871 A6   E8 2A           LDA 42,S
    129  5+1   B874 36   02              PSHU A
    130  2     B876 84   F0              ANDA #$F0
    131  2     B878 8A   0D              ORA #$0d
    132  4+1   B87A A7   E8 2A           STA 42,S
    133
    134  5+1   B87D EC   E8 88           LDD -120,S
    135  5+2   B880 36   06              PSHU D
    136
    137  5+1   B882 EC   E8 B0           LDD -80,S
    138  5+2   B885 36   06              PSHU D
    139
    140  5+1   B887 EC   E8 D8           LDD -40,S
    141  5+2   B88A 36   06              PSHU D
    142
    143  5+1   B88C EC   E8 28           LDD 40,S
    144  5+2   B88F 36   06              PSHU D
    145
    146  5+1   B891 EC   E8 50           LDD 80,S
    147  5+2   B894 36   06              PSHU D
    148
    149  5+1   B896 EC   E8 78           LDD 120,S
    150  5+2   B899 36   06              PSHU D
    151
    152  3     B89B CC   22DD            LDD #$22dd
    153  5+1   B89E ED   E8 B0           STD -80,S
    154
    155  2     B8A1 86   2B              LDA #$2b
    156  5+1   B8A3 ED   E8 88           STD -120,S
    157
    158  3     B8A6 CC   AAD0            LDD #$aad0
    159  5+1   B8A9 ED   E8 D8           STD -40,S
    160
    161  3     B8AC CC   BA1D            LDD #$ba1d
    162  5+1   B8AF ED   E8 28           STD 40,S
    163
    164  3     B8B2 CC   BBEC            LDD #$bbec
    165  5+1   B8B5 ED   E8 50           STD 80,S
    166
    167  2     B8B8 C6   D2              LDB #$d2
    168  5+1   B8BA ED   E8 78           STD 120,S
    169
    170  5+3   B8BD 35   12              PULS A,X
    171  5+5   B8BF 36   52              PSHU A,X,S
    172  2     B8C1 86   BA              LDA #$ba
    173  3     B8C3 8E   0DDC            LDX #$0ddc
    174  5+3   B8C6 34   12              PSHS A,X
    175
    176  4+4   B8C8 32   E9 0119         LEAS 281,S
    177  4+1   B8CC A6   E8 D9           LDA -39,S
    178  5+1   B8CF 36   02              PSHU A
    179  2     B8D1 84   0F              ANDA #$0F
    180  2     B8D3 8A   F0              ORA #$f0
    181  4+1   B8D5 A7   E8 D9           STA -39,S
    182
    183  5+1   B8D8 EC   7E              LDD -2,S
    184  5+2   B8DA 36   06              PSHU D
    185  2     B8DC 84   F0              ANDA #$F0
    186  2     B8DE 8A   0F              ORA #$0f
    187  2     B8E0 C6   99              LDB #$99
    188  5+1   B8E2 ED   7E              STD -2,S
    189
    190  5+1   B8E4 EC   E8 28           LDD 40,S
    191  5+2   B8E7 36   06              PSHU D
    192  2     B8E9 84   F0              ANDA #$F0
    193  2     B8EB 8A   0D              ORA #$0d
    194  2     B8ED C6   9E              LDB #$9e
    195  5+1   B8EF ED   E8 28           STD 40,S
    196
    197  5+1   B8F2 EC   E8 87           LDD -121,S
    198  5+2   B8F5 36   06              PSHU D
    199
    200  5+1   B8F7 EC   E8 AF           LDD -81,S
    201  5+2   B8FA 36   06              PSHU D
    202
    203  5+1   B8FC EC   E8 D7           LDD -41,S
    204  5+2   B8FF 36   06              PSHU D
    205
    206  5+0   B901 EC   E4              LDD ,S
    207  5+2   B903 36   06              PSHU D
    208
    209  5+1   B905 EC   E8 26           LDD 38,S
    210  5+2   B908 36   06              PSHU D
    211
    212  5+1   B90A EC   E8 4E           LDD 78,S
    213  5+2   B90D 36   06              PSHU D
    214
    215  4+1   B90F A6   E8 51           LDA 81,S
    216  5+1   B912 36   02              PSHU A
    217
    218  5+1   B914 EC   E8 76           LDD 118,S
    219  5+2   B917 36   06              PSHU D
    220
    221  4+1   B919 A6   E8 79           LDA 121,S
    222  5+3   B91C 36   42              PSHU A,S
    223
    224  3     B91E CC   AA3D            LDD #$aa3d
    225  5+1   B921 ED   E8 AF           STD -81,S
    226
    227  3     B924 CC   BA23            LDD #$ba23
    228  5+1   B927 ED   E8 87           STD -121,S
    229
    230  3     B92A CC   A0DD            LDD #$a0dd
    231  5+1   B92D ED   E8 D7           STD -41,S
    232
    233  3     B930 CC   DCAF            LDD #$dcaf
    234  5+0   B933 ED   E4              STD ,S
    235
    236  3     B935 CC   F1AE            LDD #$f1ae
    237  5+1   B938 ED   E8 26           STD 38,S
    238
    239  2     B93B 86   01              LDA #$01
    240  5+1   B93D ED   E8 4E           STD 78,S
    241
    242  2     B940 86   0E              LDA #$0e
    243  4+1   B942 A7   E8 51           STA 81,S
    244
    245  3     B945 CC   E09E            LDD #$e09e
    246  5+1   B948 ED   E8 76           STD 118,S
    247
    248  2     B94B 86   A1              LDA #$a1
    249  4+1   B94D A7   E8 79           STA 121,S
    250
    251  4+4   B950 32   E9 0118         LEAS 280,S
    252  5+1   B954 EC   E8 86           LDD -122,S
    253  5+2   B957 36   06              PSHU D
    254  2     B959 84   F0              ANDA #$F0
    255  2     B95B 8A   0E              ORA #$0e
    256  2     B95D C6   0E              LDB #$0e
    257  5+1   B95F ED   E8 86           STD -122,S
    258
    259  4+1   B962 A6   61              LDA 1,S
    260  5+1   B964 36   02              PSHU A
    261  2     B966 84   F0              ANDA #$F0
    262  2     B968 8A   0B              ORA #$0b
    263  4+1   B96A A7   61              STA 1,S
    264
    265  4+1   B96C A6   E8 29           LDA 41,S
    266  5+1   B96F 36   02              PSHU A
    267  2     B971 84   F0              ANDA #$F0
    268  2     B973 8A   0F              ORA #$0f
    269  4+1   B975 A7   E8 29           STA 41,S
    270
    271  4+1   B978 A6   E8 51           LDA 81,S
    272  5+1   B97B 36   02              PSHU A
    273  2     B97D 84   F0              ANDA #$F0
    274  2     B97F 8A   01              ORA #$01
    275  4+1   B981 A7   E8 51           STA 81,S
    276
    277  4+1   B984 A6   E8 79           LDA 121,S
    278  5+1   B987 36   02              PSHU A
    279  2     B989 84   F0              ANDA #$F0
    280  2     B98B 8A   02              ORA #$02
    281  4+1   B98D A7   E8 79           STA 121,S
    282
    283  4+1   B990 A6   E8 89           LDA -119,S
    284  5+1   B993 36   02              PSHU A
    285
    286  4+1   B995 A6   E8 AF           LDA -81,S
    287  5+1   B998 36   02              PSHU A
    288
    289  4+1   B99A A6   E8 B1           LDA -79,S
    290  5+1   B99D 36   02              PSHU A
    291
    292  4+1   B99F A6   E8 D7           LDA -41,S
    293  5+1   B9A2 36   02              PSHU A
    294
    295  4+1   B9A4 A6   E8 D9           LDA -39,S
    296  5+3   B9A7 36   42              PSHU A,S
    297
    298  2     B9A9 86   EE              LDA #$ee
    299  4+1   B9AB A7   E8 AF           STA -81,S
    300
    301  2     B9AE 86   AF              LDA #$af
    302  4+1   B9B0 A7   E8 89           STA -119,S
    303
    304  2     B9B3 86   FB              LDA #$fb
    305  4+1   B9B5 A7   E8 B1           STA -79,S
    306
    307  2     B9B8 86   10              LDA #$10
    308  4+1   B9BA A7   E8 D7           STA -41,S
    309
    310  2     B9BD 86   1B              LDA #$1b
    311  4+1   B9BF A7   E8 D9           STA -39,S
    312
    313  4+4   B9C2 32   E9 00A1         LEAS 161,S
    314  4+0   B9C6 A6   E4              LDA ,S
    315  5+3   B9C8 36   42              PSHU A,S
    316  2     B9CA 84   F0              ANDA #$F0
    317  2     B9CC 8A   0E              ORA #$0e
    318  4+0   B9CE A7   E4              STA ,S
    319
    320
    321  7     B9D0 10FE 9F02            LDS $9F00+2
    322  7     B9D4 10FF BD72            STS ERASE_POS_HWL8_2+2
    323  3     B9D8 CE   BF56            LDU #ERASE_DATA_HWL8_END
    324
    325  4+4   B9DB 32   E9 020B         LEAS 523,S
    326  5+1   B9DF EC   E8 AF           LDD -81,S
    327  5+2   B9E2 36   06              PSHU D
    328  2     B9E4 84   F0              ANDA #$F0
    329  2     B9E6 C4   0F              ANDB #$0F
    330  4     B9E8 C3   0AA0            ADDD #$0aa0
    331  5+1   B9EB ED   E8 AF           STD -81,S
    332
    333  5+1   B9EE EC   E8 4E           LDD 78,S
    334  5+2   B9F1 36   06              PSHU D
    335  2     B9F3 84   F0              ANDA #$F0
    336  2     B9F5 8A   0A              ORA #$0a
    337  2     B9F7 C6   2D              LDB #$2d
    338  5+1   B9F9 ED   E8 4E           STD 78,S
    339
    340  4+1   B9FC A6   E8 50           LDA 80,S
    341  5+1   B9FF 36   02              PSHU A
    342  2     BA01 84   0F              ANDA #$0F
    343  2     BA03 8A   D0              ORA #$d0
    344  4+1   BA05 A7   E8 50           STA 80,S
    345
    346  5+1   BA08 EC   E8 D7           LDD -41,S
    347  5+2   BA0B 36   06              PSHU D
    348
    349  5+1   BA0D EC   7F              LDD -1,S
    350  5+2   BA0F 36   06              PSHU D
    351
    352  5+1   BA11 EC   E8 27           LDD 39,S
    353  5+4   BA14 36   46              PSHU D,S
    354
    355  3     BA16 CC   DACD            LDD #$dacd
    356  5+1   BA19 ED   7F              STD -1,S
    357
    358  3     BA1B CC   AACC            LDD #$aacc
    359  5+1   BA1E ED   E8 D7           STD -41,S
    360
    361  3     BA21 CC   2CDD            LDD #$2cdd
    362  5+1   BA24 ED   E8 27           STD 39,S
    363
    364  4+4   BA27 32   E9 00EE         LEAS 238,S
    365  5+1   BA2B EC   E8 88           LDD -120,S
    366  5+2   BA2E 36   06              PSHU D
    367  2     BA30 84   F0              ANDA #$F0
    368  2     BA32 8A   0A              ORA #$0a
    369  2     BA34 C6   2D              LDB #$2d
    370  5+1   BA36 ED   E8 88           STD -120,S
    371
    372  5+1   BA39 EC   E8 B0           LDD -80,S
    373  5+2   BA3C 36   06              PSHU D
    374  2     BA3E 84   F0              ANDA #$F0
    375  2     BA40 8A   0A              ORA #$0a
    376  2     BA42 C6   2D              LDB #$2d
    377  5+1   BA44 ED   E8 B0           STD -80,S
    378
    379  4+1   BA47 A6   E8 B2           LDA -78,S
    380  5+1   BA4A 36   02              PSHU A
    381  2     BA4C 84   0F              ANDA #$0F
    382  2     BA4E 8A   C0              ORA #$c0
    383  4+1   BA50 A7   E8 B2           STA -78,S
    384
    385  5+1   BA53 EC   E8 D8           LDD -40,S
    386  5+2   BA56 36   06              PSHU D
    387  2     BA58 84   F0              ANDA #$F0
    388  2     BA5A 8A   0A              ORA #$0a
    389  2     BA5C C6   AD              LDB #$ad
    390  5+1   BA5E ED   E8 D8           STD -40,S
    391
    392  4+1   BA61 A6   E8 DA           LDA -38,S
    393  5+1   BA64 36   02              PSHU A
    394
    395  2     BA66 86   CC              LDA #$cc
    396  4+1   BA68 A7   E8 DA           STA -38,S
    397
    398  5+3   BA6B 35   12              PULS A,X
    399  5+5   BA6D 36   52              PSHU A,X,S
    400  2     BA6F 86   CA              LDA #$ca
    401  3     BA71 8E   AACC            LDX #$aacc
    402  5+3   BA74 34   12              PSHS A,X
    403
    404  4+1   BA76 32   E8 28           LEAS 40,S
    405  5+3   BA79 35   12              PULS A,X
    406  5+5   BA7B 36   52              PSHU A,X,S
    407  2     BA7D 86   AC              LDA #$ac
    408  3     BA7F 8E   ABCD            LDX #$abcd
    409  5+3   BA82 34   12              PSHS A,X
    410
    411  4+1   BA84 32   E8 28           LEAS 40,S
    412  5+3   BA87 35   12              PULS A,X
    413  5+5   BA89 36   52              PSHU A,X,S
    414  2     BA8B 86   C0              LDA #$c0
    415  3     BA8D 8E   AACD            LDX #$aacd
    416  5+3   BA90 34   12              PSHS A,X
    417
    418  4+1   BA92 32   E8 28           LEAS 40,S
    419  4+1   BA95 A6   63              LDA 3,S
    420  5+1   BA97 36   02              PSHU A
    421  2     BA99 84   0F              ANDA #$0F
    422  2     BA9B 8A   D0              ORA #$d0
    423  4+1   BA9D A7   63              STA 3,S
    424
    425  5+1   BA9F EC   E8 28           LDD 40,S
    426  5+2   BAA2 36   06              PSHU D
    427  2     BAA4 84   F0              ANDA #$F0
    428  2     BAA6 8A   09              ORA #$09
    429  2     BAA8 C6   AA              LDB #$aa
    430  5+1   BAAA ED   E8 28           STD 40,S
    431
    432  4+1   BAAD A6   E8 52           LDA 82,S
    433  5+1   BAB0 36   02              PSHU A
    434  2     BAB2 84   0F              ANDA #$0F
    435  2     BAB4 8A   D0              ORA #$d0
    436  4+1   BAB6 A7   E8 52           STA 82,S
    437
    438  4+1   BAB9 A6   E8 2A           LDA 42,S
    439  5+1   BABC 36   02              PSHU A
    440
    441  5+1   BABE EC   E8 50           LDD 80,S
    442  5+2   BAC1 36   06              PSHU D
    443
    444  3     BAC3 CC   A9CC            LDD #$a9cc
    445  5+1   BAC6 ED   E8 50           STD 80,S
    446
    447  2     BAC9 86   DD              LDA #$dd
    448  4+1   BACB A7   E8 2A           STA 42,S
    449
    450  5+3   BACE 35   12              PULS A,X
    451  5+5   BAD0 36   52              PSHU A,X,S
    452  2     BAD2 86   CA              LDA #$ca
    453  3     BAD4 8E   AADD            LDX #$aadd
    454  5+3   BAD7 34   12              PSHS A,X
    455
    456  4+1   BAD9 32   E8 78           LEAS 120,S
    457  5+3   BADC 35   12              PULS A,X
    458  5+5   BADE 36   52              PSHU A,X,S
    459  2     BAE0 86   92              LDA #$92
    460  3     BAE2 8E   2CCC            LDX #$2ccc
    461  5+3   BAE5 34   12              PSHS A,X
    462
    463  4+1   BAE7 32   E8 28           LEAS 40,S
    464  5+1   BAEA EC   E8 28           LDD 40,S
    465  5+2   BAED 36   06              PSHU D
    466  2     BAEF 84   F0              ANDA #$F0
    467  2     BAF1 8A   02              ORA #$02
    468  2     BAF3 C6   23              LDB #$23
    469  5+1   BAF5 ED   E8 28           STD 40,S
    470
    471  5+1   BAF8 EC   E8 50           LDD 80,S
    472  5+2   BAFB 36   06              PSHU D
    473  2     BAFD 84   F0              ANDA #$F0
    474  2     BAFF 8A   01              ORA #$01
    475  2     BB01 C6   2D              LDB #$2d
    476  5+1   BB03 ED   E8 50           STD 80,S
    477
    478  4+1   BB06 A6   E8 2A           LDA 42,S
    479  5+1   BB09 36   02              PSHU A
    480
    481  4+1   BB0B A6   E8 52           LDA 82,S
    482  5+1   BB0E 36   02              PSHU A
    483
    484  5+1   BB10 EC   E8 79           LDD 121,S
    485  5+2   BB13 36   06              PSHU D
    486
    487  2     BB15 86   DD              LDA #$dd
    488  4+1   BB17 A7   E8 52           STA 82,S
    489
    490  4+1   BB1A A7   E8 2A           STA 42,S
    491
    492  3     BB1D CC   A00D            LDD #$a00d
    493  5+1   BB20 ED   E8 79           STD 121,S
    494
    495  5+3   BB23 35   12              PULS A,X
    496  5+5   BB25 36   52              PSHU A,X,S
    497  2     BB27 86   02              LDA #$02
    498  3     BB29 8E   23CC            LDX #$23cc
    499  5+3   BB2C 34   12              PSHS A,X
    500
    501  4+4   BB2E 32   E9 0118         LEAS 280,S
    502  5+1   BB32 EC   E8 88           LDD -120,S
    503  5+2   BB35 36   06              PSHU D
    504  2     BB37 84   F0              ANDA #$F0
    505  2     BB39 8A   0A              ORA #$0a
    506  2     BB3B C6   A1              LDB #$a1
    507  5+1   BB3D ED   E8 88           STD -120,S
    508
    509  5+1   BB40 EC   E8 B0           LDD -80,S
    510  5+2   BB43 36   06              PSHU D
    511  2     BB45 84   F0              ANDA #$F0
    512  2     BB47 8A   0B              ORA #$0b
    513  2     BB49 C6   AE              LDB #$ae
    514  5+1   BB4B ED   E8 B0           STD -80,S
    515
    516  5+1   BB4E EC   E8 D8           LDD -40,S
    517  5+2   BB51 36   06              PSHU D
    518  2     BB53 84   F0              ANDA #$F0
    519  2     BB55 8A   0A              ORA #$0a
    520  2     BB57 C6   A2              LDB #$a2
    521  5+1   BB59 ED   E8 D8           STD -40,S
    522
    523  5+0   BB5C EC   E4              LDD ,S
    524  5+2   BB5E 36   06              PSHU D
    525  2     BB60 84   F0              ANDA #$F0
    526  2     BB62 8A   0A              ORA #$0a
    527  2     BB64 C6   A3              LDB #$a3
    528  5+0   BB66 ED   E4              STD ,S
    529
    530  5+1   BB68 EC   E8 51           LDD 81,S
    531  5+2   BB6B 36   06              PSHU D
    532  2     BB6D 86   D3              LDA #$d3
    533  2     BB6F C4   F0              ANDB #$F0
    534  2     BB71 CA   0D              ORB #$0d
    535  5+1   BB73 ED   E8 51           STD 81,S
    536
    537  4+1   BB76 A6   E8 8A           LDA -118,S
    538  5+1   BB79 36   02              PSHU A
    539
    540  4+1   BB7B A6   E8 B2           LDA -78,S
    541  5+1   BB7E 36   02              PSHU A
    542
    543  4+1   BB80 A6   E8 DA           LDA -38,S
    544  5+1   BB83 36   02              PSHU A
    545
    546  4+1   BB85 A6   62              LDA 2,S
    547  5+1   BB87 36   02              PSHU A
    548
    549  5+1   BB89 EC   E8 29           LDD 41,S
    550  5+2   BB8C 36   06              PSHU D
    551
    552  5+1   BB8E EC   E8 78           LDD 120,S
    553  5+4   BB91 36   46              PSHU D,S
    554
    555  3     BB93 CC   3EDD            LDD #$3edd
    556  5+1   BB96 ED   E8 29           STD 41,S
    557
    558  2     BB99 86   DC              LDA #$dc
    559  4+1   BB9B A7   E8 DA           STA -38,S
    560
    561  4+1   BB9E E7   62              STB 2,S
    562
    563  2     BBA0 86   DA              LDA #$da
    564  4+1   BBA2 A7   E8 8A           STA -118,S
    565
    566  2     BBA5 86   D9              LDA #$d9
    567  4+1   BBA7 A7   E8 B2           STA -78,S
    568
    569  3     BBAA CC   FA0D            LDD #$fa0d
    570  5+1   BBAD ED   E8 78           STD 120,S
    571
    572  4+4   BBB0 32   E9 0119         LEAS 281,S
    573  5+1   BBB4 EC   E8 86           LDD -122,S
    574  5+2   BBB7 36   06              PSHU D
    575  2     BBB9 84   F0              ANDA #$F0
    576  2     BBBB 8A   0F              ORA #$0f
    577  2     BBBD C6   11              LDB #$11
    578  5+1   BBBF ED   E8 86           STD -122,S
    579
    580  5+1   BBC2 EC   E8 89           LDD -119,S
    581  5+2   BBC5 36   06              PSHU D
    582  2     BBC7 86   CA              LDA #$ca
    583  2     BBC9 C4   0F              ANDB #$0F
    584  2     BBCB CA   F0              ORB #$f0
    585  5+1   BBCD ED   E8 89           STD -119,S
    586
    587  5+1   BBD0 EC   E8 AE           LDD -82,S
    588  5+2   BBD3 36   06              PSHU D
    589  2     BBD5 84   F0              ANDA #$F0
    590  2     BBD7 8A   00              ORA #$00
    591  2     BBD9 C6   11              LDB #$11
    592  5+1   BBDB ED   E8 AE           STD -82,S
    593
    594  5+1   BBDE EC   E8 B1           LDD -79,S
    595  5+2   BBE1 36   06              PSHU D
    596  2     BBE3 86   CC              LDA #$cc
    597  2     BBE5 C4   0F              ANDB #$0F
    598  2     BBE7 CA   10              ORB #$10
    599  5+1   BBE9 ED   E8 B1           STD -79,S
    600
    601  5+1   BBEC EC   E8 D6           LDD -42,S
    602  5+2   BBEF 36   06              PSHU D
    603  2     BBF1 84   F0              ANDA #$F0
    604  2     BBF3 8A   0E              ORA #$0e
    605  2     BBF5 C6   01              LDB #$01
    606  5+1   BBF7 ED   E8 D6           STD -42,S
    607
    608  5+1   BBFA EC   E8 D9           LDD -39,S
    609  5+2   BBFD 36   06              PSHU D
    610  2     BBFF 86   DD              LDA #$dd
    611  2     BC01 C4   0F              ANDB #$0F
    612  2     BC03 CA   10              ORB #$10
    613  5+1   BC05 ED   E8 D9           STD -39,S
    614
    615  5+1   BC08 EC   61              LDD 1,S
    616  5+2   BC0A 36   06              PSHU D
    617  2     BC0C 84   F0              ANDA #$F0
    618  2     BC0E 8A   0A              ORA #$0a
    619  2     BC10 C6   A9              LDB #$a9
    620  5+1   BC12 ED   61              STD 1,S
    621
    622  4+1   BC14 A6   7F              LDA -1,S
    623  5+1   BC16 36   02              PSHU A
    624
    625  4+1   BC18 A6   E8 27           LDA 39,S
    626  5+1   BC1B 36   02              PSHU A
    627
    628  4+1   BC1D A6   E8 2A           LDA 42,S
    629  5+1   BC20 36   02              PSHU A
    630
    631  4+1   BC22 A6   E8 52           LDA 82,S
    632  5+1   BC25 36   02              PSHU A
    633
    634  4+1   BC27 A6   E8 7A           LDA 122,S
    635  5+3   BC2A 36   42              PSHU A,S
    636
    637  2     BC2C 86   1E              LDA #$1e
    638  4+1   BC2E A7   E8 27           STA 39,S
    639
    640  2     BC31 86   E0              LDA #$e0
    641  4+1   BC33 A7   7F              STA -1,S
    642
    643  4+1   BC35 E7   E8 2A           STB 42,S
    644
    645  2     BC38 86   BE              LDA #$be
    646  4+1   BC3A A7   E8 52           STA 82,S
    647
    648  2     BC3D 86   F1              LDA #$f1
    649  4+1   BC3F A7   E8 7A           STA 122,S
    650
    651  4+4   BC42 32   E9 00DE         LEAS 222,S
    652  4+1   BC46 A6   E8 C4           LDA -60,S
    653  5+1   BC49 36   02              PSHU A
    654
    655  4+1   BC4B A6   E8 EC           LDA -20,S
    656  5+1   BC4E 36   02              PSHU A
    657
    658  4+1   BC50 A6   E8 14           LDA 20,S
    659  5+1   BC53 36   02              PSHU A
    660
    661  4+1   BC55 A6   E8 3C           LDA 60,S
    662  5+3   BC58 36   42              PSHU A,S
    663
    664  2     BC5A 86   11              LDA #$11
    665  4+1   BC5C A7   E8 EC           STA -20,S
    666
    667  2     BC5F 86   F1              LDA #$f1
    668  4+1   BC61 A7   E8 C4           STA -60,S
    669
    670  4+1   BC64 A7   E8 14           STA 20,S
    671
    672  2     BC67 86   E0              LDA #$e0
    673  4+1   BC69 A7   E8 3C           STA 60,S
    674
    675        BC6C               SSAV_HWL8
    676  4     BC6C 10CE 0000            LDS #$0000
    677  5+5   BC70 35   C8              PULS DP,U,PC * Ajout du PC au PULS>>
    678
    679        BC72               ERASE_HWL8
    680  5+3   BC72 34   48              PSHS U,DP
    681  7     BC74 10FF BE7B            STS ERASE_SSAV_HWL8+2
    682
    683        BC78               ERASE_POS_HWL8_1
    684  4     BC78 10CE 0000            LDS #$0000
    685  3     BC7C CE   BE7F            LDU #ERASE_DATA_HWL8_1
    686
    687        BC7F               ERASE_CODE_HWL8_1
    688  5+3   BC7F 37   42              PULU A,S
    689  4+0   BC81 A7   E4              STA ,S
    690  5+3   BC83 37   42              PULU A,S
    691  4+1   BC85 A7   E8 D9           STA -39,S
    692  5+1   BC88 37   02              PULU A
    693  4+1   BC8A A7   E8 D7           STA -41,S
    694  5+1   BC8D 37   02              PULU A
    695  4+1   BC8F A7   E8 B1           STA -79,S
    696  5+1   BC92 37   02              PULU A
    697  4+1   BC94 A7   E8 AF           STA -81,S
    698  5+1   BC97 37   02              PULU A
    699  4+1   BC99 A7   E8 89           STA -119,S
    700  5+1   BC9C 37   02              PULU A
    701  4+1   BC9E A7   E8 79           STA 121,S
    702  5+1   BCA1 37   02              PULU A
    703  4+1   BCA3 A7   E8 51           STA 81,S
    704  5+1   BCA6 37   02              PULU A
    705  4+1   BCA8 A7   E8 29           STA 41,S
    706  5+1   BCAB 37   02              PULU A
    707  4+1   BCAD A7   61              STA 1,S
    708  5+2   BCAF 37   06              PULU D
    709  5+1   BCB1 ED   E8 86           STD -122,S
    710  5+3   BCB4 37   42              PULU A,S
    711  4+1   BCB6 A7   E8 79           STA 121,S
    712  5+2   BCB9 37   06              PULU D
    713  5+1   BCBB ED   E8 76           STD 118,S
    714  5+1   BCBE 37   02              PULU A
    715  4+1   BCC0 A7   E8 51           STA 81,S
    716  5+2   BCC3 37   06              PULU D
    717  5+1   BCC5 ED   E8 4E           STD 78,S
    718  5+2   BCC8 37   06              PULU D
    719  5+1   BCCA ED   E8 26           STD 38,S
    720  5+2   BCCD 37   06              PULU D
    721  5+0   BCCF ED   E4              STD ,S
    722  5+2   BCD1 37   06              PULU D
    723  5+1   BCD3 ED   E8 D7           STD -41,S
    724  5+2   BCD6 37   06              PULU D
    725  5+1   BCD8 ED   E8 AF           STD -81,S
    726  5+2   BCDB 37   06              PULU D
    727  5+1   BCDD ED   E8 87           STD -121,S
    728  5+2   BCE0 37   06              PULU D
    729  5+1   BCE2 ED   E8 28           STD 40,S
    730  5+2   BCE5 37   06              PULU D
    731  5+1   BCE7 ED   7E              STD -2,S
    732  5+1   BCE9 37   02              PULU A
    733  4+1   BCEB A7   E8 D9           STA -39,S
    734  5+5   BCEE 37   52              PULU A,X,S
    735  5+3   BCF0 34   12              PSHS A,X
    736  5+2   BCF2 37   06              PULU D
    737  5+1   BCF4 ED   E8 78           STD 120,S
    738  5+2   BCF7 37   06              PULU D
    739  5+1   BCF9 ED   E8 50           STD 80,S
    740  5+2   BCFC 37   06              PULU D
    741  5+1   BCFE ED   E8 28           STD 40,S
    742  5+2   BD01 37   06              PULU D
    743  5+1   BD03 ED   E8 D8           STD -40,S
    744  5+2   BD06 37   06              PULU D
    745  5+1   BD08 ED   E8 B0           STD -80,S
    746  5+2   BD0B 37   06              PULU D
    747  5+1   BD0D ED   E8 88           STD -120,S
    748  5+1   BD10 37   02              PULU A
    749  4+1   BD12 A7   E8 2A           STA 42,S
    750  5+1   BD15 37   02              PULU A
    751  4+1   BD17 A7   E8 DA           STA -38,S
    752  5+1   BD1A 37   02              PULU A
    753  4+1   BD1C A7   E8 B2           STA -78,S
    754  5+1   BD1F 37   02              PULU A
    755  4+1   BD21 A7   E8 8A           STA -118,S
    756  5+5   BD24 37   52              PULU A,X,S
    757  5+3   BD26 34   12              PSHS A,X
    758  5+2   BD28 37   06              PULU D
    759  5+1   BD2A ED   E8 78           STD 120,S
    760  5+2   BD2D 37   06              PULU D
    761  5+1   BD2F ED   E8 50           STD 80,S
    762  5+2   BD32 37   06              PULU D
    763  5+1   BD34 ED   E8 28           STD 40,S
    764  5+5   BD37 37   52              PULU A,X,S
    765  5+3   BD39 34   12              PSHS A,X
    766  5+5   BD3B 37   52              PULU A,X,S
    767  5+3   BD3D 34   12              PSHS A,X
    768  5+2   BD3F 37   06              PULU D
    769  5+1   BD41 ED   E8 D8           STD -40,S
    770  5+2   BD44 37   06              PULU D
    771  5+1   BD46 ED   E8 B0           STD -80,S
    772  5+2   BD49 37   06              PULU D
    773  5+1   BD4B ED   E8 88           STD -120,S
    774  5+1   BD4E 37   02              PULU A
    775  4+1   BD50 A7   E8 DA           STA -38,S
    776  5+5   BD53 37   52              PULU A,X,S
    777  5+3   BD55 34   12              PSHS A,X
    778  5+2   BD57 37   06              PULU D
    779  5+1   BD59 ED   E8 78           STD 120,S
    780  5+2   BD5C 37   06              PULU D
    781  5+1   BD5E ED   E8 50           STD 80,S
    782  5+2   BD61 37   06              PULU D
    783  5+1   BD63 ED   E8 28           STD 40,S
    784  5+1   BD66 37   02              PULU A
    785  4+1   BD68 A7   E8 B1           STA -79,S
    786  5+2   BD6B 37   06              PULU D
    787  5+1   BD6D ED   E8 D9           STD -39,S
    788        BD70               ERASE_POS_HWL8_2
    789  4     BD70 10CE 0000            LDS #$0000
    790  3     BD74 CE   BEE5            LDU #ERASE_DATA_HWL8_2
    791
    792        BD77               ERASE_CODE_HWL8_2
    793  5+3   BD77 37   42              PULU A,S
    794  4+1   BD79 A7   E8 3C           STA 60,S
    795  5+1   BD7C 37   02              PULU A
    796  4+1   BD7E A7   E8 14           STA 20,S
    797  5+1   BD81 37   02              PULU A
    798  4+1   BD83 A7   E8 EC           STA -20,S
    799  5+1   BD86 37   02              PULU A
    800  4+1   BD88 A7   E8 C4           STA -60,S
    801  5+3   BD8B 37   42              PULU A,S
    802  4+1   BD8D A7   E8 7A           STA 122,S
    803  5+1   BD90 37   02              PULU A
    804  4+1   BD92 A7   E8 52           STA 82,S
    805  5+1   BD95 37   02              PULU A
    806  4+1   BD97 A7   E8 2A           STA 42,S
    807  5+1   BD9A 37   02              PULU A
    808  4+1   BD9C A7   E8 27           STA 39,S
    809  5+1   BD9F 37   02              PULU A
    810  4+1   BDA1 A7   7F              STA -1,S
    811  5+2   BDA3 37   06              PULU D
    812  5+1   BDA5 ED   61              STD 1,S
    813  5+2   BDA7 37   06              PULU D
    814  5+1   BDA9 ED   E8 D9           STD -39,S
    815  5+2   BDAC 37   06              PULU D
    816  5+1   BDAE ED   E8 D6           STD -42,S
    817  5+2   BDB1 37   06              PULU D
    818  5+1   BDB3 ED   E8 B1           STD -79,S
    819  5+2   BDB6 37   06              PULU D
    820  5+1   BDB8 ED   E8 AE           STD -82,S
    821  5+2   BDBB 37   06              PULU D
    822  5+1   BDBD ED   E8 89           STD -119,S
    823  5+2   BDC0 37   06              PULU D
    824  5+1   BDC2 ED   E8 86           STD -122,S
    825  5+4   BDC5 37   46              PULU D,S
    826  5+1   BDC7 ED   E8 78           STD 120,S
    827  5+2   BDCA 37   06              PULU D
    828  5+1   BDCC ED   E8 29           STD 41,S
    829  5+1   BDCF 37   02              PULU A
    830  4+1   BDD1 A7   62              STA 2,S
    831  5+1   BDD3 37   02              PULU A
    832  4+1   BDD5 A7   E8 DA           STA -38,S
    833  5+1   BDD8 37   02              PULU A
    834  4+1   BDDA A7   E8 B2           STA -78,S
    835  5+1   BDDD 37   02              PULU A
    836  4+1   BDDF A7   E8 8A           STA -118,S
    837  5+2   BDE2 37   06              PULU D
    838  5+1   BDE4 ED   E8 51           STD 81,S
    839  5+2   BDE7 37   06              PULU D
    840  5+0   BDE9 ED   E4              STD ,S
    841  5+2   BDEB 37   06              PULU D
    842  5+1   BDED ED   E8 D8           STD -40,S
    843  5+2   BDF0 37   06              PULU D
    844  5+1   BDF2 ED   E8 B0           STD -80,S
    845  5+2   BDF5 37   06              PULU D
    846  5+1   BDF7 ED   E8 88           STD -120,S
    847  5+5   BDFA 37   52              PULU A,X,S
    848  5+3   BDFC 34   12              PSHS A,X
    849  5+2   BDFE 37   06              PULU D
    850  5+1   BE00 ED   E8 79           STD 121,S
    851  5+1   BE03 37   02              PULU A
    852  4+1   BE05 A7   E8 52           STA 82,S
    853  5+1   BE08 37   02              PULU A
    854  4+1   BE0A A7   E8 2A           STA 42,S
    855  5+2   BE0D 37   06              PULU D
    856  5+1   BE0F ED   E8 50           STD 80,S
    857  5+2   BE12 37   06              PULU D
    858  5+1   BE14 ED   E8 28           STD 40,S
    859  5+5   BE17 37   52              PULU A,X,S
    860  5+3   BE19 34   12              PSHS A,X
    861  5+5   BE1B 37   52              PULU A,X,S
    862  5+3   BE1D 34   12              PSHS A,X
    863  5+2   BE1F 37   06              PULU D
    864  5+1   BE21 ED   E8 50           STD 80,S
    865  5+1   BE24 37   02              PULU A
    866  4+1   BE26 A7   E8 2A           STA 42,S
    867  5+1   BE29 37   02              PULU A
    868  4+1   BE2B A7   E8 52           STA 82,S
    869  5+2   BE2E 37   06              PULU D
    870  5+1   BE30 ED   E8 28           STD 40,S
    871  5+1   BE33 37   02              PULU A
    872  4+1   BE35 A7   63              STA 3,S
    873  5+5   BE37 37   52              PULU A,X,S
    874  5+3   BE39 34   12              PSHS A,X
    875  5+5   BE3B 37   52              PULU A,X,S
    876  5+3   BE3D 34   12              PSHS A,X
    877  5+5   BE3F 37   52              PULU A,X,S
    878  5+3   BE41 34   12              PSHS A,X
    879  5+1   BE43 37   02              PULU A
    880  4+1   BE45 A7   E8 DA           STA -38,S
    881  5+2   BE48 37   06              PULU D
    882  5+1   BE4A ED   E8 D8           STD -40,S
    883  5+1   BE4D 37   02              PULU A
    884  4+1   BE4F A7   E8 B2           STA -78,S
    885  5+2   BE52 37   06              PULU D
    886  5+1   BE54 ED   E8 B0           STD -80,S
    887  5+2   BE57 37   06              PULU D
    888  5+1   BE59 ED   E8 88           STD -120,S
    889  5+4   BE5C 37   46              PULU D,S
    890  5+1   BE5E ED   E8 27           STD 39,S
    891  5+2   BE61 37   06              PULU D
    892  5+1   BE63 ED   7F              STD -1,S
    893  5+2   BE65 37   06              PULU D
    894  5+1   BE67 ED   E8 D7           STD -41,S
    895  5+1   BE6A 37   02              PULU A
    896  4+1   BE6C A7   E8 50           STA 80,S
    897  5+2   BE6F 37   06              PULU D
    898  5+1   BE71 ED   E8 4E           STD 78,S
    899  5+2   BE74 37   06              PULU D
    900  5+1   BE76 ED   E8 AF           STD -81,S
    901        BE79               ERASE_SSAV_HWL8
    902  4     BE79 10CE 0000            LDS #$0000
    903  5+5   BE7D 35   C8              PULS DP,U,PC * Ajout du PC au PULS>>
    904
    905        BE7F               ERASE_DATA_HWL8_1
    906        BE7F 0000                 FDB $0000
    907        BE81 0000                 FDB $0000
    908        BE83 0000                 FDB $0000
    909        BE85 0000                 FDB $0000
    910        BE87 0000                 FDB $0000
    911        BE89 0000                 FDB $0000
    912        BE8B 0000                 FDB $0000
    913        BE8D 0000                 FDB $0000
    914        BE8F 0000                 FDB $0000
    915        BE91 0000                 FDB $0000
    916        BE93 0000                 FDB $0000
    917        BE95 0000                 FDB $0000
    918        BE97 0000                 FDB $0000
    919        BE99 0000                 FDB $0000
    920        BE9B 0000                 FDB $0000
    921        BE9D 0000                 FDB $0000
    922        BE9F 0000                 FDB $0000
    923        BEA1 0000                 FDB $0000
    924        BEA3 0000                 FDB $0000
    925        BEA5 0000                 FDB $0000
    926        BEA7 0000                 FDB $0000
    927        BEA9 0000                 FDB $0000
    928        BEAB 0000                 FDB $0000
    929        BEAD 0000                 FDB $0000
    930        BEAF 0000                 FDB $0000
    931        BEB1 0000                 FDB $0000
    932        BEB3 0000                 FDB $0000
    933        BEB5 0000                 FDB $0000
    934        BEB7 0000                 FDB $0000
    935        BEB9 0000                 FDB $0000
    936        BEBB 0000                 FDB $0000
    937        BEBD 0000                 FDB $0000
    938        BEBF 0000                 FDB $0000
    939        BEC1 0000                 FDB $0000
    940        BEC3 0000                 FDB $0000
    941        BEC5 0000                 FDB $0000
    942        BEC7 0000                 FDB $0000
    943        BEC9 0000                 FDB $0000
    944        BECB 0000                 FDB $0000
    945        BECD 0000                 FDB $0000
    946        BECF 0000                 FDB $0000
    947        BED1 0000                 FDB $0000
    948        BED3 0000                 FDB $0000
    949        BED5 0000                 FDB $0000
    950        BED7 0000                 FDB $0000
    951        BED9 0000                 FDB $0000
    952        BEDB 0000                 FDB $0000
    953        BEDD 0000                 FDB $0000
    954        BEDF 0000                 FDB $0000
    955        BEE1 0000                 FDB $0000
    956        BEE3 00                   FCB $00
    957        BEE4 00                   FCB $00
    958        BEE5               ERASE_DATA_HWL8_2
    959        BEE5 0000                 FDB $0000
    960        BEE7 0000                 FDB $0000
    961        BEE9 0000                 FDB $0000
    962        BEEB 0000                 FDB $0000
    963        BEED 0000                 FDB $0000
    964        BEEF 0000                 FDB $0000
    965        BEF1 0000                 FDB $0000
    966        BEF3 0000                 FDB $0000
    967        BEF5 0000                 FDB $0000
    968        BEF7 0000                 FDB $0000
    969        BEF9 0000                 FDB $0000
    970        BEFB 0000                 FDB $0000
    971        BEFD 0000                 FDB $0000
    972        BEFF 0000                 FDB $0000
    973        BF01 0000                 FDB $0000
    974        BF03 0000                 FDB $0000
    975        BF05 0000                 FDB $0000
    976        BF07 0000                 FDB $0000
    977        BF09 0000                 FDB $0000
    978        BF0B 0000                 FDB $0000
    979        BF0D 0000                 FDB $0000
    980        BF0F 0000                 FDB $0000
    981        BF11 0000                 FDB $0000
    982        BF13 0000                 FDB $0000
    983        BF15 0000                 FDB $0000
    984        BF17 0000                 FDB $0000
    985        BF19 0000                 FDB $0000
    986        BF1B 0000                 FDB $0000
    987        BF1D 0000                 FDB $0000
    988        BF1F 0000                 FDB $0000
    989        BF21 0000                 FDB $0000
    990        BF23 0000                 FDB $0000
    991        BF25 0000                 FDB $0000
    992        BF27 0000                 FDB $0000
    993        BF29 0000                 FDB $0000
    994        BF2B 0000                 FDB $0000
    995        BF2D 0000                 FDB $0000
    996        BF2F 0000                 FDB $0000
    997        BF31 0000                 FDB $0000
    998        BF33 0000                 FDB $0000
    999        BF35 0000                 FDB $0000
   1000        BF37 0000                 FDB $0000
   1001        BF39 0000                 FDB $0000
   1002        BF3B 0000                 FDB $0000
   1003        BF3D 0000                 FDB $0000
   1004        BF3F 0000                 FDB $0000
   1005        BF41 0000                 FDB $0000
   1006        BF43 0000                 FDB $0000
   1007        BF45 0000                 FDB $0000
   1008        BF47 0000                 FDB $0000
   1009        BF49 0000                 FDB $0000
   1010        BF4B 0000                 FDB $0000
   1011        BF4D 0000                 FDB $0000
   1012        BF4F 0000                 FDB $0000
   1013        BF51 0000                 FDB $0000
   1014        BF53 0000                 FDB $0000
   1015        BF55 00                   FCB $00
   1016        BF56               ERASE_DATA_HWL8_END

000000 Total Errors

000011 Total Symbols
     0x          Label B780 DRAW_HWL8
     0x          Label BC7F ERASE_CODE_HWL8_1
     0x          Label BD77 ERASE_CODE_HWL8_2
     1x          Label BE7F ERASE_DATA_HWL8_1
     2x          Label BEE5 ERASE_DATA_HWL8_2
     1x          Label BF56 ERASE_DATA_HWL8_END
     0x          Label BC72 ERASE_HWL8
     1x          Label BC78 ERASE_POS_HWL8_1
     1x          Label BD70 ERASE_POS_HWL8_2
     1x          Label BE79 ERASE_SSAV_HWL8
     1x          Label BC6C SSAV_HWL8

