/*--------------------------------------------------------------*
 * Compilé avec C6809 v0.83                                     *
 *--------------------------------------------------------------*
 * Fichier source      : tmp/HWR2.ASM
 * Fichier destination : tmp/HWR2.BIN
 * Contenu :
 *     Main     0:IMG.ASM      11360
 *--------------------------------------------------------------*/

Macro Pass
Pass1
Pass2
      2        D7AE                      ORG $D7AE
      3        D7AE               DRAW_HWR2
      4  5+3   D7AE 34   48              PSHS U,DP
      5  7     D7B0 10FF DD16            STS SSAV_HWR2+2
      6
      7  7     D7B4 10FE 9F00            LDS $9F00
      8  7     D7B8 10FF DD22            STS ERASE_POS_HWR2_1+2
      9  3     D7BC CE   DF65            LDU #ERASE_DATA_HWR2_2
     10  4+4   D7BF 32   E9 021F         LEAS 543,S
     11
     12  5+1   D7C3 EC   E8 13           LDD 19,S
     13  5+2   D7C6 36   06              PSHU D
     14  5+1   D7C8 EC   E8 C3           LDD -61,S
     15  5+2   D7CB 36   06              PSHU D
     16  4+1   D7CD E6   E8 15           LDB 21,S
     17  5+1   D7D0 36   04              PSHU B
     18  2     D7D2 84   0F              ANDA #$0F
     19  2     D7D4 8A   D0              ORA #$d0
     20  4+1   D7D6 A7   E8 15           STA 21,S
     21  3     D7D9 CC   DDDA            LDD #$ddda
     22  5+1   D7DC ED   E8 13           STD 19,S
     23  4+1   D7DF E6   E8 3D           LDB 61,S
     24  5+1   D7E2 36   04              PSHU B
     25  2     D7E4 84   0F              ANDA #$0F
     26  2     D7E6 8A   D0              ORA #$d0
     27  4+1   D7E8 A7   E8 3D           STA 61,S
     28  5+1   D7EB EC   E8 3B           LDD 59,S
     29  5+4   D7EE 36   46              PSHU D,S
     30  2     D7F0 84   F0              ANDA #$F0
     31  2     D7F2 8A   0D              ORA #$0d
     32  2     D7F4 C6   3A              LDB #$3a
     33  5+1   D7F6 ED   E8 3B           STD 59,S
     34  3     D7F9 CC   CCCC            LDD #$cccc
     35  5+1   D7FC ED   E8 C3           STD -61,S
     36  5+1   D7FF EC   E8 EB           LDD -21,S
     37  5+2   D802 36   06              PSHU D
     38  3     D804 CC   DCAA            LDD #$dcaa
     39  5+1   D807 ED   E8 EB           STD -21,S
     40  4+4   D80A 32   E9 00DB         LEAS 219,S
     41
     42  5+1   D80E EC   E8 B0           LDD -80,S
     43  5+2   D811 36   06              PSHU D
     44  2     D813 84   F0              ANDA #$F0
     45  2     D815 8A   0C              ORA #$0c
     46  2     D817 C6   AA              LDB #$aa
     47  5+1   D819 ED   E8 B0           STD -80,S
     48  4+1   D81C E6   E8 DA           LDB -38,S
     49  5+1   D81F 36   04              PSHU B
     50  2     D821 84   0F              ANDA #$0F
     51  2     D823 8A   A0              ORA #$a0
     52  4+1   D825 A7   E8 DA           STA -38,S
     53  4+1   D828 E6   E8 B2           LDB -78,S
     54  5+1   D82B 36   04              PSHU B
     55  2     D82D 84   0F              ANDA #$0F
     56  2     D82F 8A   A0              ORA #$a0
     57  4+1   D831 A7   E8 B2           STA -78,S
     58  5+1   D834 EC   E8 D8           LDD -40,S
     59  5+2   D837 36   06              PSHU D
     60  5+1   D839 EC   E8 89           LDD -119,S
     61  5+2   D83C 36   06              PSHU D
     62  2     D83E 86   2C              LDA #$2c
     63  2     D840 C4   0F              ANDB #$0F
     64  2     D842 CA   C0              ORB #$c0
     65  5+1   D844 ED   E8 89           STD -119,S
     66  3     D847 CC   CCAA            LDD #$ccaa
     67  5+1   D84A ED   E8 D8           STD -40,S
     68  5+3   D84D 35   14              PULS B,X
     69  5+5   D84F 36   54              PSHU B,X,S
     70  2     D851 86   CD              LDA #$cd
     71  3     D853 8E   BCAC            LDX #$bcac
     72  5+3   D856 34   12              PSHS A,X
     73  4+1   D858 32   E8 28           LEAS 40,S
     74
     75  5+3   D85B 35   22              PULS A,Y
     76  5+5   D85D 36   62              PSHU A,Y,S
     77  2     D85F 86   DD              LDA #$dd
     78  3     D861 8E   AAAD            LDX #$aaad
     79  5+3   D864 34   12              PSHS A,X
     80  4+1   D866 32   E8 28           LEAS 40,S
     81
     82  5+3   D869 35   24              PULS B,Y
     83  5+5   D86B 36   64              PSHU B,Y,S
     84  2     D86D 86   DD              LDA #$dd
     85  3     D86F 8E   AAA0            LDX #$aaa0
     86  5+3   D872 34   12              PSHS A,X
     87  4+1   D874 32   E8 28           LEAS 40,S
     88
     89  5+3   D877 35   12              PULS A,X
     90  5+5   D879 36   52              PSHU A,X,S
     91  2     D87B 86   D0              LDA #$d0
     92  3     D87D 8E   AAC9            LDX #$aac9
     93  5+3   D880 34   12              PSHS A,X
     94  4+1   D882 32   E8 28           LEAS 40,S
     95
     96  4+1   D885 E6   E8 2A           LDB 42,S
     97  5+1   D888 36   04              PSHU B
     98  5+1   D88A EC   E8 28           LDD 40,S
     99  5+2   D88D 36   06              PSHU D
    100  2     D88F 84   F0              ANDA #$F0
    101  2     D891 8A   0D              ORA #$0d
    102  2     D893 C6   CC              LDB #$cc
    103  5+1   D895 ED   E8 28           STD 40,S
    104  2     D898 86   BA              LDA #$ba
    105  4+1   D89A A7   E8 2A           STA 42,S
    106  5+3   D89D 35   22              PULS A,Y
    107  5+5   D89F 36   62              PSHU A,Y,S
    108  2     D8A1 86   D0              LDA #$d0
    109  3     D8A3 8E   CAA9            LDX #$caa9
    110  5+3   D8A6 34   12              PSHS A,X
    111  4+1   D8A8 32   E8 50           LEAS 80,S
    112
    113  5+3   D8AB 35   24              PULS B,Y
    114  5+5   D8AD 36   64              PSHU B,Y,S
    115  2     D8AF 86   CC              LDA #$cc
    116  3     D8B1 8E   2BA0            LDX #$2ba0
    117  5+3   D8B4 34   12              PSHS A,X
    118  4+1   D8B6 32   E8 28           LEAS 40,S
    119
    120  5+1   D8B9 AE   E8 50           LDX 80,S
    121  5+2   D8BC 36   10              PSHU X
    122  5+1   D8BE AE   E8 28           LDX 40,S
    123  5+2   D8C1 36   10              PSHU X
    124  4+1   D8C3 A6   E8 2A           LDA 42,S
    125  5+1   D8C6 36   02              PSHU A
    126  2     D8C8 84   0F              ANDA #$0F
    127  2     D8CA 8A   30              ORA #$30
    128  4+1   D8CC A7   E8 2A           STA 42,S
    129  4+1   D8CF E6   E8 7A           LDB 122,S
    130  5+1   D8D2 36   04              PSHU B
    131  2     D8D4 84   0F              ANDA #$0F
    132  2     D8D6 8A   90              ORA #$90
    133  4+1   D8D8 A7   E8 7A           STA 122,S
    134  5+1   D8DB EC   E8 78           LDD 120,S
    135  5+2   D8DE 36   06              PSHU D
    136  4+1   D8E0 A6   E8 52           LDA 82,S
    137  5+1   D8E3 36   02              PSHU A
    138  2     D8E5 84   0F              ANDA #$0F
    139  2     D8E7 8A   10              ORA #$10
    140  4+1   D8E9 A7   E8 52           STA 82,S
    141  3     D8EC CC   DDD3            LDD #$ddd3
    142  5+1   D8EF ED   E8 78           STD 120,S
    143  2     D8F2 C6   22              LDB #$22
    144  5+1   D8F4 ED   E8 28           STD 40,S
    145  2     D8F7 C6   32              LDB #$32
    146  5+1   D8F9 ED   E8 50           STD 80,S
    147  5+3   D8FC 35   12              PULS A,X
    148  5+5   D8FE 36   52              PSHU A,X,S
    149  2     D900 86   CD              LDA #$cd
    150  3     D902 8E   2200            LDX #$2200
    151  5+3   D905 34   12              PSHS A,X
    152  4+4   D907 32   E9 00EF         LEAS 239,S
    153
    154  5+1   D90B AE   E8 B1           LDX -79,S
    155  5+2   D90E 36   10              PSHU X
    156  4+1   D910 E6   63              LDB 3,S
    157  5+1   D912 36   04              PSHU B
    158  2     D914 84   0F              ANDA #$0F
    159  2     D916 8A   90              ORA #$90
    160  4+1   D918 A7   63              STA 3,S
    161  4+1   D91A A6   E8 B3           LDA -77,S
    162  5+1   D91D 36   02              PSHU A
    163  2     D91F 84   0F              ANDA #$0F
    164  2     D921 8A   A0              ORA #$a0
    165  4+1   D923 A7   E8 B3           STA -77,S
    166  5+1   D926 EC   E8 D8           LDD -40,S
    167  5+2   D929 36   06              PSHU D
    168  2     D92B 84   F0              ANDA #$F0
    169  2     D92D 8A   0A              ORA #$0a
    170  2     D92F C6   33              LDB #$33
    171  5+1   D931 ED   E8 D8           STD -40,S
    172  3     D934 CC   221E            LDD #$221e
    173  5+1   D937 ED   E8 B1           STD -79,S
    174  5+1   D93A EC   E8 DA           LDD -38,S
    175  5+2   D93D 36   06              PSHU D
    176  2     D93F 86   23              LDA #$23
    177  2     D941 C4   0F              ANDB #$0F
    178  2     D943 CA   A0              ORB #$a0
    179  5+1   D945 ED   E8 DA           STD -38,S
    180  5+3   D948 35   24              PULS B,Y
    181  5+5   D94A 36   64              PSHU B,Y,S
    182  2     D94C 86   AA              LDA #$aa
    183  3     D94E 8E   CD22            LDX #$cd22
    184  5+3   D951 34   12              PSHS A,X
    185  4+1   D953 32   E8 28           LEAS 40,S
    186
    187  5+3   D956 35   22              PULS A,Y
    188  5+5   D958 36   62              PSHU A,Y,S
    189  2     D95A 86   BB              LDA #$bb
    190  3     D95C 8E   DDA2            LDX #$dda2
    191  5+3   D95F 34   12              PSHS A,X
    192  4+1   D961 32   E8 28           LEAS 40,S
    193
    194  4+1   D964 E6   64              LDB 4,S
    195  5+1   D966 36   04              PSHU B
    196  2     D968 84   0F              ANDA #$0F
    197  2     D96A 8A   F0              ORA #$f0
    198  4+1   D96C A7   64              STA 4,S
    199  5+3   D96E 35   14              PULS B,X
    200  5+5   D970 36   54              PSHU B,X,S
    201  2     D972 86   BA              LDA #$ba
    202  3     D974 8E   DDDC            LDX #$dddc
    203  5+3   D977 34   12              PSHS A,X
    204  4+1   D979 32   E8 28           LEAS 40,S
    205
    206  5+1   D97C EC   E8 52           LDD 82,S
    207  5+2   D97F 36   06              PSHU D
    208  2     D981 84   F0              ANDA #$F0
    209  2     D983 8A   0A              ORA #$0a
    210  2     D985 C6   BB              LDB #$bb
    211  5+1   D987 ED   E8 52           STD 82,S
    212  5+1   D98A AE   E8 78           LDX 120,S
    213  5+2   D98D 36   10              PSHU X
    214  5+1   D98F AE   E8 28           LDX 40,S
    215  5+2   D992 36   10              PSHU X
    216  5+1   D994 EC   E8 50           LDD 80,S
    217  5+2   D997 36   06              PSHU D
    218  3     D999 CC   BB0A            LDD #$bb0a
    219  5+1   D99C ED   E8 28           STD 40,S
    220  4+1   D99F A6   64              LDA 4,S
    221  5+1   D9A1 36   02              PSHU A
    222  2     D9A3 84   0F              ANDA #$0F
    223  2     D9A5 8A   10              ORA #$10
    224  4+1   D9A7 A7   64              STA 4,S
    225  5+1   D9A9 EC   E8 7A           LDD 122,S
    226  5+2   D9AC 36   06              PSHU D
    227  2     D9AE 84   F0              ANDA #$F0
    228  2     D9B0 8A   0A              ORA #$0a
    229  2     D9B2 C6   FB              LDB #$fb
    230  5+1   D9B4 ED   E8 7A           STD 122,S
    231  5+1   D9B7 EC   E8 2A           LDD 42,S
    232  5+2   D9BA 36   06              PSHU D
    233  2     D9BC 84   F0              ANDA #$F0
    234  2     D9BE 8A   0D              ORA #$0d
    235  2     D9C0 C6   BF              LDB #$bf
    236  5+1   D9C2 ED   E8 2A           STD 42,S
    237  3     D9C5 CC   9A90            LDD #$9a90
    238  5+1   D9C8 ED   E8 78           STD 120,S
    239  3     D9CB CC   AA0D            LDD #$aa0d
    240  5+1   D9CE ED   E8 50           STD 80,S
    241  5+3   D9D1 35   24              PULS B,Y
    242  5+5   D9D3 36   64              PSHU B,Y,S
    243  2     D9D5 86   BA              LDA #$ba
    244  3     D9D7 8E   D0DC            LDX #$d0dc
    245  5+3   D9DA 34   12              PSHS A,X
    246  4+4   D9DC 32   E9 0119         LEAS 281,S
    247
    248  5+1   D9E0 EC   E8 D7           LDD -41,S
    249  5+2   D9E3 36   06              PSHU D
    250  2     D9E5 84   F0              ANDA #$F0
    251  2     D9E7 C4   0F              ANDB #$0F
    252  4     D9E9 C3   01A0            ADDD #$01a0
    253  5+1   D9EC ED   E8 D7           STD -41,S
    254  5+1   D9EF EC   E8 87           LDD -121,S
    255  5+2   D9F2 36   06              PSHU D
    256  2     D9F4 84   F0              ANDA #$F0
    257  2     D9F6 8A   01              ORA #$01
    258  2     D9F8 C6   9A              LDB #$9a
    259  5+1   D9FA ED   E8 87           STD -121,S
    260  4+1   D9FD E6   E8 DA           LDB -38,S
    261  5+1   DA00 36   04              PSHU B
    262  4+1   DA02 A6   E8 8A           LDA -118,S
    263  5+1   DA05 36   02              PSHU A
    264  5+1   DA07 EC   E8 27           LDD 39,S
    265  5+2   DA0A 36   06              PSHU D
    266  2     DA0C 84   F0              ANDA #$F0
    267  2     DA0E C4   0F              ANDB #$0F
    268  4     DA10 C3   01F0            ADDD #$01f0
    269  5+1   DA13 ED   E8 27           STD 39,S
    270  5+1   DA16 EC   E8 AF           LDD -81,S
    271  5+2   DA19 36   06              PSHU D
    272  2     DA1B 84   F0              ANDA #$F0
    273  2     DA1D C4   0F              ANDB #$0F
    274  4     DA1F C3   0110            ADDD #$0110
    275  5+1   DA22 ED   E8 AF           STD -81,S
    276  4+1   DA25 E6   62              LDB 2,S
    277  5+1   DA27 36   04              PSHU B
    278  2     DA29 84   0F              ANDA #$0F
    279  2     DA2B 8A   E0              ORA #$e0
    280  4+1   DA2D A7   62              STA 2,S
    281  2     DA2F 86   19              LDA #$19
    282  4+1   DA31 A7   E8 DA           STA -38,S
    283  2     DA34 86   FA              LDA #$fa
    284  4+1   DA36 A7   E8 8A           STA -118,S
    285  4+1   DA39 E6   E8 B2           LDB -78,S
    286  5+1   DA3C 36   04              PSHU B
    287  4+1   DA3E A7   E8 B2           STA -78,S
    288  5+1   DA41 EC   7F              LDD -1,S
    289  5+4   DA43 36   46              PSHU D,S
    290  2     DA45 84   F0              ANDA #$F0
    291  2     DA47 C4   0F              ANDB #$0F
    292  4     DA49 C3   01A0            ADDD #$01a0
    293  5+1   DA4C ED   7F              STD -1,S
    294  4+1   DA4E E6   E8 50           LDB 80,S
    295  5+1   DA51 36   04              PSHU B
    296  2     DA53 84   0F              ANDA #$0F
    297  2     DA55 8A   F0              ORA #$f0
    298  4+1   DA57 A7   E8 50           STA 80,S
    299  4+1   DA5A A6   E8 78           LDA 120,S
    300  5+1   DA5D 36   02              PSHU A
    301  2     DA5F 84   0F              ANDA #$0F
    302  2     DA61 8A   10              ORA #$10
    303  4+1   DA63 A7   E8 78           STA 120,S
    304  4+4   DA66 32   E9 00B4         LEAS 180,S
    305
    306  4+1   DA6A A6   E8 14           LDA 20,S
    307  5+3   DA6D 36   42              PSHU A,S
    308  4+1   DA6F A6   E8 EC           LDA -20,S
    309  5+1   DA72 36   02              PSHU A
    310  2     DA74 84   0F              ANDA #$0F
    311  2     DA76 8A   10              ORA #$10
    312  4+1   DA78 A7   E8 EC           STA -20,S
    313  2     DA7B 86   01              LDA #$01
    314  4+1   DA7D A7   E8 14           STA 20,S
    315
    316  7     DA80 10FE 9F02            LDS $9F00+2
    317  7     DA84 10FF DE00            STS ERASE_POS_HWR2_2+2
    318  3     DA88 CE   DFD4            LDU #ERASE_DATA_HWR2_END
    319
    320  4+4   DA8B 32   E9 0232         LEAS 562,S
    321
    322  5+1   DA8F AE   E8 28           LDX 40,S
    323  5+2   DA92 36   10              PSHU X
    324  4+1   DA94 E6   E8 88           LDB -120,S
    325  5+1   DA97 36   04              PSHU B
    326  4+1   DA99 E6   E8 D9           LDB -39,S
    327  5+1   DA9C 36   04              PSHU B
    328  2     DA9E 84   0F              ANDA #$0F
    329  2     DAA0 8A   C0              ORA #$c0
    330  4+1   DAA2 A7   E8 D9           STA -39,S
    331  5+1   DAA5 EC   E8 D7           LDD -41,S
    332  5+2   DAA8 36   06              PSHU D
    333  2     DAAA 84   F0              ANDA #$F0
    334  2     DAAC 8A   0D              ORA #$0d
    335  2     DAAE C6   CD              LDB #$cd
    336  5+1   DAB0 ED   E8 D7           STD -41,S
    337  5+1   DAB3 AE   E8 78           LDX 120,S
    338  5+2   DAB6 36   10              PSHU X
    339  4+1   DAB8 E6   E8 B0           LDB -80,S
    340  5+1   DABB 36   04              PSHU B
    341  5+0   DABD AE   E4              LDX ,S
    342  5+4   DABF 36   50              PSHU X,S
    343  2     DAC1 86   CC              LDA #$cc
    344  4+1   DAC3 A7   E8 B0           STA -80,S
    345  4+1   DAC6 A7   E8 88           STA -120,S
    346  5+1   DAC9 EC   E8 50           LDD 80,S
    347  5+2   DACC 36   06              PSHU D
    348  3     DACE CC   CDAC            LDD #$cdac
    349  5+0   DAD1 ED   E4              STD ,S
    350  3     DAD3 CC   C2AA            LDD #$c2aa
    351  5+1   DAD6 ED   E8 78           STD 120,S
    352  5+1   DAD9 ED   E8 50           STD 80,S
    353  2     DADC 86   D2              LDA #$d2
    354  5+1   DADE ED   E8 28           STD 40,S
    355  4+4   DAE1 32   E9 0117         LEAS 279,S
    356
    357  5+1   DAE5 EC   E8 89           LDD -119,S
    358  5+2   DAE8 36   06              PSHU D
    359  4+1   DAEA A6   E8 B2           LDA -78,S
    360  5+1   DAED 36   02              PSHU A
    361  4+1   DAEF A6   E8 DA           LDA -38,S
    362  5+1   DAF2 36   02              PSHU A
    363  2     DAF4 86   BC              LDA #$bc
    364  4+1   DAF6 A7   E8 DA           STA -38,S
    365  5+1   DAF9 EC   E8 D8           LDD -40,S
    366  5+2   DAFC 36   06              PSHU D
    367  2     DAFE 84   F0              ANDA #$F0
    368  2     DB00 8A   0C              ORA #$0c
    369  2     DB02 C6   CA              LDB #$ca
    370  5+1   DB04 ED   E8 D8           STD -40,S
    371  2     DB07 86   BA              LDA #$ba
    372  4+1   DB09 A7   E8 B2           STA -78,S
    373  5+1   DB0C EC   E8 B0           LDD -80,S
    374  5+2   DB0F 36   06              PSHU D
    375  2     DB11 84   F0              ANDA #$F0
    376  2     DB13 8A   0C              ORA #$0c
    377  2     DB15 C6   CC              LDB #$cc
    378  5+1   DB17 ED   E8 B0           STD -80,S
    379  3     DB1A CC   CDDA            LDD #$cdda
    380  5+1   DB1D ED   E8 89           STD -119,S
    381  5+3   DB20 35   24              PULS B,Y
    382  5+5   DB22 36   64              PSHU B,Y,S
    383  3     DB24 8E   CCB0            LDX #$ccb0
    384  5+3   DB27 34   12              PSHS A,X
    385  4+1   DB29 32   E8 28           LEAS 40,S
    386
    387  5+1   DB2C AE   E8 29           LDX 41,S
    388  5+2   DB2F 36   10              PSHU X
    389  5+1   DB31 AE   E8 51           LDX 81,S
    390  5+2   DB34 36   10              PSHU X
    391  3     DB36 CC   DCB9            LDD #$dcb9
    392  5+1   DB39 ED   E8 51           STD 81,S
    393  5+1   DB3C ED   E8 29           STD 41,S
    394  5+1   DB3F AE   E8 79           LDX 121,S
    395  5+2   DB42 36   10              PSHU X
    396  2     DB44 C6   BB              LDB #$bb
    397  5+1   DB46 ED   E8 79           STD 121,S
    398  5+3   DB49 35   24              PULS B,Y
    399  5+5   DB4B 36   64              PSHU B,Y,S
    400  2     DB4D 86   DD              LDA #$dd
    401  3     DB4F 8E   CCBA            LDX #$ccba
    402  5+3   DB52 34   12              PSHS A,X
    403  4+4   DB54 32   E9 0118         LEAS 280,S
    404
    405  5+1   DB58 EC   E8 B0           LDD -80,S
    406  5+2   DB5B 36   06              PSHU D
    407  2     DB5D 84   F0              ANDA #$F0
    408  2     DB5F 8A   0C              ORA #$0c
    409  2     DB61 C6   0D              LDB #$0d
    410  5+1   DB63 ED   E8 B0           STD -80,S
    411  5+1   DB66 EC   E8 28           LDD 40,S
    412  5+2   DB69 36   06              PSHU D
    413  2     DB6B 84   0F              ANDA #$0F
    414  2     DB6D 8A   D0              ORA #$d0
    415  2     DB6F C6   33              LDB #$33
    416  5+1   DB71 ED   E8 28           STD 40,S
    417  4+1   DB74 E6   E8 2A           LDB 42,S
    418  5+1   DB77 36   04              PSHU B
    419  4+1   DB79 E6   E8 8A           LDB -118,S
    420  5+1   DB7C 36   04              PSHU B
    421  5+1   DB7E EC   E8 D8           LDD -40,S
    422  5+2   DB81 36   06              PSHU D
    423  2     DB83 84   F0              ANDA #$F0
    424  2     DB85 8A   0D              ORA #$0d
    425  2     DB87 C6   DD              LDB #$dd
    426  5+1   DB89 ED   E8 D8           STD -40,S
    427  5+1   DB8C EC   E8 88           LDD -120,S
    428  5+2   DB8F 36   06              PSHU D
    429  2     DB91 84   F0              ANDA #$F0
    430  2     DB93 8A   0C              ORA #$0c
    431  2     DB95 C6   DD              LDB #$dd
    432  5+1   DB97 ED   E8 88           STD -120,S
    433  2     DB9A 86   B2              LDA #$b2
    434  4+1   DB9C A7   E8 8A           STA -118,S
    435  2     DB9F 86   99              LDA #$99
    436  4+1   DBA1 A7   E8 2A           STA 42,S
    437  4+1   DBA4 A6   E8 B2           LDA -78,S
    438  5+1   DBA7 36   02              PSHU A
    439  4+1   DBA9 E6   E8 DA           LDB -38,S
    440  5+1   DBAC 36   04              PSHU B
    441  2     DBAE 86   22              LDA #$22
    442  4+1   DBB0 A7   E8 DA           STA -38,S
    443  4+1   DBB3 A7   E8 B2           STA -78,S
    444  5+3   DBB6 35   22              PULS A,Y
    445  5+5   DBB8 36   62              PSHU A,Y,S
    446  2     DBBA 86   CD              LDA #$cd
    447  3     DBBC 8E   D031            LDX #$d031
    448  5+3   DBBF 34   12              PSHS A,X
    449  4+1   DBC1 32   E8 50           LEAS 80,S
    450
    451  5+3   DBC4 35   14              PULS B,X
    452  5+5   DBC6 36   54              PSHU B,X,S
    453  2     DBC8 86   22              LDA #$22
    454  3     DBCA 8E   E290            LDX #$e290
    455  5+3   DBCD 34   12              PSHS A,X
    456  4+1   DBCF 32   E8 28           LEAS 40,S
    457
    458  5+1   DBD2 EC   E8 77           LDD 119,S
    459  5+2   DBD5 36   06              PSHU D
    460  2     DBD7 84   F0              ANDA #$F0
    461  2     DBD9 8A   0A              ORA #$0a
    462  2     DBDB C6   AC              LDB #$ac
    463  5+1   DBDD ED   E8 77           STD 119,S
    464  5+1   DBE0 EC   E8 28           LDD 40,S
    465  5+2   DBE3 36   06              PSHU D
    466  2     DBE5 84   0F              ANDA #$0F
    467  2     DBE7 8A   10              ORA #$10
    468  2     DBE9 C6   C2              LDB #$c2
    469  5+1   DBEB ED   E8 28           STD 40,S
    470  4+1   DBEE E6   E8 7B           LDB 123,S
    471  5+1   DBF1 36   04              PSHU B
    472  4+1   DBF3 A6   E8 51           LDA 81,S
    473  5+1   DBF6 36   02              PSHU A
    474  2     DBF8 86   2F              LDA #$2f
    475  4+1   DBFA A7   E8 7B           STA 123,S
    476  5+1   DBFD EC   E8 4F           LDD 79,S
    477  5+2   DC00 36   06              PSHU D
    478  2     DC02 84   F0              ANDA #$F0
    479  2     DC04 C4   0F              ANDB #$0F
    480  4     DC06 C3   0AA0            ADDD #$0aa0
    481  5+1   DC09 ED   E8 4F           STD 79,S
    482  2     DC0C 86   DC              LDA #$dc
    483  4+1   DC0E A7   E8 51           STA 81,S
    484  4+1   DC11 E6   E8 79           LDB 121,S
    485  5+1   DC14 36   04              PSHU B
    486  2     DC16 86   DD              LDA #$dd
    487  4+1   DC18 A7   E8 79           STA 121,S
    488  4+1   DC1B A6   E8 53           LDA 83,S
    489  5+1   DC1E 36   02              PSHU A
    490  2     DC20 84   F0              ANDA #$F0
    491  2     DC22 8A   0F              ORA #$0f
    492  4+1   DC24 A7   E8 53           STA 83,S
    493  5+3   DC27 35   24              PULS B,Y
    494  5+5   DC29 36   64              PSHU B,Y,S
    495  2     DC2B 86   33              LDA #$33
    496  3     DC2D 8E   02E9            LDX #$02e9
    497  5+3   DC30 34   12              PSHS A,X
    498  4+4   DC32 32   E9 00C8         LEAS 200,S
    499
    500  5+1   DC36 EC   E8 D9           LDD -39,S
    501  5+2   DC39 36   06              PSHU D
    502  2     DC3B 84   F0              ANDA #$F0
    503  2     DC3D 8A   00              ORA #$00
    504  2     DC3F C6   CB              LDB #$cb
    505  5+1   DC41 ED   E8 D9           STD -39,S
    506  5+1   DC44 EC   E8 D7           LDD -41,S
    507  5+2   DC47 36   06              PSHU D
    508  2     DC49 84   F0              ANDA #$F0
    509  2     DC4B 8A   0A              ORA #$0a
    510  2     DC4D C6   AD              LDB #$ad
    511  5+1   DC4F ED   E8 D7           STD -41,S
    512  4+1   DC52 A6   E8 DB           LDA -37,S
    513  5+1   DC55 36   02              PSHU A
    514  2     DC57 86   FF              LDA #$ff
    515  4+1   DC59 A7   E8 DB           STA -37,S
    516  5+4   DC5C 35   30              PULS X,Y
    517  5+6   DC5E 36   70              PSHU X,Y,S
    518  3     DC60 CC   9ED0            LDD #$9ed0
    519  3     DC63 8E   AAFE            LDX #$aafe
    520  5+4   DC66 34   16              PSHS D,X
    521  4+1   DC68 32   E8 28           LEAS 40,S
    522
    523  5+1   DC6B EC   E8 2A           LDD 42,S
    524  5+2   DC6E 36   06              PSHU D
    525  2     DC70 86   AF              LDA #$af
    526  2     DC72 C4   0F              ANDB #$0F
    527  2     DC74 CA   E0              ORB #$e0
    528  5+1   DC76 ED   E8 2A           STD 42,S
    529  4+1   DC79 A6   E8 52           LDA 82,S
    530  5+1   DC7C 36   02              PSHU A
    531  4+1   DC7E E6   E8 7A           LDB 122,S
    532  5+1   DC81 36   04              PSHU B
    533  4+1   DC83 A6   E8 78           LDA 120,S
    534  5+1   DC86 36   02              PSHU A
    535  4+1   DC88 E6   63              LDB 3,S
    536  5+1   DC8A 36   04              PSHU B
    537  2     DC8C 84   0F              ANDA #$0F
    538  2     DC8E 8A   10              ORA #$10
    539  4+1   DC90 A7   63              STA 3,S
    540  2     DC92 86   11              LDA #$11
    541  4+1   DC94 A7   E8 7A           STA 122,S
    542  2     DC97 86   EF              LDA #$ef
    543  4+1   DC99 A7   E8 52           STA 82,S
    544  2     DC9C 86   E9              LDA #$e9
    545  4+1   DC9E A7   E8 78           STA 120,S
    546  5+1   DCA1 EC   E8 28           LDD 40,S
    547  5+2   DCA4 36   06              PSHU D
    548  2     DCA6 86   EE              LDA #$ee
    549  2     DCA8 C4   0F              ANDB #$0F
    550  2     DCAA CA   00              ORB #$00
    551  5+1   DCAC ED   E8 28           STD 40,S
    552  4+1   DCAF E6   E8 50           LDB 80,S
    553  5+1   DCB2 36   04              PSHU B
    554  4+1   DCB4 A7   E8 50           STA 80,S
    555  5+3   DCB7 35   14              PULS B,X
    556  5+5   DCB9 36   54              PSHU B,X,S
    557  3     DCBB 8E   D0B1            LDX #$d0b1
    558  5+3   DCBE 34   12              PSHS A,X
    559  4+4   DCC0 32   E9 0104         LEAS 260,S
    560
    561  4+1   DCC4 E6   E8 9C           LDB -100,S
    562  5+1   DCC7 36   04              PSHU B
    563  4+1   DCC9 E6   E8 14           LDB 20,S
    564  5+1   DCCC 36   04              PSHU B
    565  4+1   DCCE A6   E8 64           LDA 100,S
    566  5+1   DCD1 36   02              PSHU A
    567  2     DCD3 84   F0              ANDA #$F0
    568  2     DCD5 8A   00              ORA #$00
    569  4+1   DCD7 A7   E8 64           STA 100,S
    570  4+1   DCDA A6   E8 C4           LDA -60,S
    571  5+1   DCDD 36   02              PSHU A
    572  4+1   DCDF A6   E8 C6           LDA -58,S
    573  5+1   DCE2 36   02              PSHU A
    574  4+1   DCE4 A6   E8 3C           LDA 60,S
    575  5+1   DCE7 36   02              PSHU A
    576  2     DCE9 86   00              LDA #$00
    577  4+1   DCEB A7   E8 C6           STA -58,S
    578  2     DCEE 86   1E              LDA #$1e
    579  4+1   DCF0 A7   E8 3C           STA 60,S
    580  4+1   DCF3 E6   E8 9E           LDB -98,S
    581  5+3   DCF6 36   44              PSHU B,S
    582  2     DCF8 86   11              LDA #$11
    583  4+1   DCFA A7   E8 9E           STA -98,S
    584  2     DCFD 86   EE              LDA #$ee
    585  4+1   DCFF A7   E8 C4           STA -60,S
    586  2     DD02 86   E0              LDA #$e0
    587  4+1   DD04 A7   E8 14           STA 20,S
    588  4+1   DD07 E6   E8 EC           LDB -20,S
    589  5+1   DD0A 36   04              PSHU B
    590  4+1   DD0C A7   E8 EC           STA -20,S
    591  2     DD0F 86   E9              LDA #$e9
    592  4+1   DD11 A7   E8 9C           STA -100,S
    593        DD14               SSAV_HWR2
    594  4     DD14 10CE 0000            LDS #$0000
    595  5+5   DD18 35   C8              PULS DP,U,PC * Ajout du PC au PULS>>
    596
    597        DD1A               ERASE_HWR2
    598  5+3   DD1A 34   48              PSHS U,DP
    599  7     DD1C 10FF DEDE            STS ERASE_SSAV_HWR2+2
    600
    601        DD20               ERASE_POS_HWR2_1
    602  4     DD20 10CE 0000            LDS #$0000
    603  3     DD24 CE   DEE2            LDU #ERASE_DATA_HWR2_1
    604
    605        DD27               ERASE_CODE_HWR2_1
    606  5+4   DD27 37   46              PULU A,B,S
    607  4+1   DD29 A7   E8 EC           STA -20,S
    608  4+1   DD2C E7   E8 14           STB 20,S
    609
    610  5+6   DD2F 37   56              PULU A,B,X,S
    611  4+1   DD31 A7   E8 78           STA 120,S
    612  4+1   DD34 E7   E8 50           STB 80,S
    613  5+1   DD37 AF   7F              STX -1,S
    614
    615  5+6   DD39 37   36              PULU A,B,X,Y
    616  4+1   DD3B A7   E8 B2           STA -78,S
    617  4+1   DD3E E7   62              STB 2,S
    618  5+1   DD40 AF   E8 AF           STX -81,S
    619  6+1   DD43 10AF E8 27           STY 39,S
    620
    621  5+6   DD47 37   36              PULU A,B,X,Y
    622  4+1   DD49 A7   E8 8A           STA -118,S
    623  4+1   DD4C E7   E8 DA           STB -38,S
    624  5+1   DD4F AF   E8 87           STX -121,S
    625  6+1   DD52 10AF E8 D7           STY -41,S
    626
    627  5+5   DD56 37   54              PULU B,X,S
    628  5+3   DD58 34   14              PSHS B,X
    629
    630  5+4   DD5A 37   16              PULU D,X
    631  5+1   DD5C ED   E8 2A           STD 42,S
    632  5+1   DD5F AF   E8 7A           STX 122,S
    633
    634  5+5   DD62 37   32              PULU A,X,Y
    635  4+1   DD64 A7   64              STA 4,S
    636  5+1   DD66 AF   E8 50           STX 80,S
    637  6+1   DD69 10AF E8 28           STY 40,S
    638
    639  5+4   DD6D 37   16              PULU D,X
    640  5+1   DD6F ED   E8 78           STD 120,S
    641  5+1   DD72 AF   E8 52           STX 82,S
    642
    643  5+5   DD75 37   54              PULU B,X,S
    644  5+3   DD77 34   14              PSHS B,X
    645
    646  5+1   DD79 37   02              PULU A
    647  4+1   DD7B A7   64              STA 4,S
    648
    649  5+5   DD7D 37   54              PULU B,X,S
    650  5+3   DD7F 34   14              PSHS B,X
    651
    652  5+5   DD81 37   54              PULU B,X,S
    653  5+3   DD83 34   14              PSHS B,X
    654
    655  5+4   DD85 37   16              PULU D,X
    656  5+1   DD87 ED   E8 DA           STD -38,S
    657  5+1   DD8A AF   E8 D8           STX -40,S
    658
    659  5+4   DD8D 37   16              PULU A,B,X
    660  4+1   DD8F A7   E8 B3           STA -77,S
    661  4+1   DD92 E7   63              STB 3,S
    662  5+1   DD94 AF   E8 B1           STX -79,S
    663
    664  5+5   DD97 37   54              PULU B,X,S
    665  5+3   DD99 34   14              PSHS B,X
    666
    667  5+3   DD9B 37   12              PULU A,X
    668  4+1   DD9D A7   E8 52           STA 82,S
    669  5+1   DDA0 AF   E8 78           STX 120,S
    670
    671  5+6   DDA3 37   36              PULU A,B,X,Y
    672  4+1   DDA5 A7   E8 7A           STA 122,S
    673  4+1   DDA8 E7   E8 2A           STB 42,S
    674  5+1   DDAB AF   E8 28           STX 40,S
    675  6+1   DDAE 10AF E8 50           STY 80,S
    676
    677  5+5   DDB2 37   54              PULU B,X,S
    678  5+3   DDB4 34   14              PSHS B,X
    679
    680  5+5   DDB6 37   54              PULU B,X,S
    681  5+3   DDB8 34   14              PSHS B,X
    682
    683  5+2   DDBA 37   06              PULU D
    684  5+1   DDBC ED   E8 28           STD 40,S
    685
    686  5+1   DDBF 37   02              PULU A
    687  4+1   DDC1 A7   E8 2A           STA 42,S
    688
    689  5+5   DDC4 37   54              PULU B,X,S
    690  5+3   DDC6 34   14              PSHS B,X
    691
    692  5+5   DDC8 37   54              PULU B,X,S
    693  5+3   DDCA 34   14              PSHS B,X
    694
    695  5+5   DDCC 37   54              PULU B,X,S
    696  5+3   DDCE 34   14              PSHS B,X
    697
    698  5+5   DDD0 37   54              PULU B,X,S
    699  5+3   DDD2 34   14              PSHS B,X
    700
    701  5+4   DDD4 37   16              PULU D,X
    702  5+1   DDD6 ED   E8 89           STD -119,S
    703  5+1   DDD9 AF   E8 D8           STX -40,S
    704
    705  5+4   DDDC 37   16              PULU A,B,X
    706  4+1   DDDE A7   E8 B2           STA -78,S
    707  4+1   DDE1 E7   E8 DA           STB -38,S
    708  5+1   DDE4 AF   E8 B0           STX -80,S
    709
    710  5+6   DDE7 37   56              PULU D,X,S
    711  5+1   DDE9 ED   E8 EB           STD -21,S
    712  5+1   DDEC AF   E8 3B           STX 59,S
    713
    714  5+6   DDEF 37   36              PULU A,B,X,Y
    715  4+1   DDF1 A7   E8 3D           STA 61,S
    716  4+1   DDF4 E7   E8 15           STB 21,S
    717  5+1   DDF7 AF   E8 C3           STX -61,S
    718  6+1   DDFA 10AF E8 13           STY 19,S
    719
    720        DDFE               ERASE_POS_HWR2_2
    721  4     DDFE 10CE 0000            LDS #$0000
    722  3     DE02 CE   DF65            LDU #ERASE_DATA_HWR2_2
    723
    724        DE05               ERASE_CODE_HWR2_2
    725  5+4   DE05 37   46              PULU A,B,S
    726  4+1   DE07 A7   E8 EC           STA -20,S
    727  4+1   DE0A E7   E8 9E           STB -98,S
    728
    729  5+2   DE0D 37   06              PULU A,B
    730  4+1   DE0F A7   E8 3C           STA 60,S
    731  4+1   DE12 E7   E8 C6           STB -58,S
    732
    733  5+2   DE15 37   06              PULU A,B
    734  4+1   DE17 A7   E8 C4           STA -60,S
    735  4+1   DE1A E7   E8 64           STB 100,S
    736
    737  5+2   DE1D 37   06              PULU A,B
    738  4+1   DE1F A7   E8 14           STA 20,S
    739  4+1   DE22 E7   E8 9C           STB -100,S
    740
    741  5+5   DE25 37   54              PULU B,X,S
    742  5+3   DE27 34   14              PSHS B,X
    743
    744  5+3   DE29 37   12              PULU A,X
    745  4+1   DE2B A7   E8 50           STA 80,S
    746  5+1   DE2E AF   E8 28           STX 40,S
    747
    748  5+2   DE31 37   06              PULU A,B
    749  4+1   DE33 A7   63              STA 3,S
    750  4+1   DE35 E7   E8 78           STB 120,S
    751
    752  5+4   DE38 37   16              PULU A,B,X
    753  4+1   DE3A A7   E8 7A           STA 122,S
    754  4+1   DE3D E7   E8 52           STB 82,S
    755  5+1   DE40 AF   E8 2A           STX 42,S
    756
    757  5+6   DE43 37   56              PULU D,X,S
    758  5+4   DE45 34   16              PSHS D,X
    759
    760  5+5   DE47 37   32              PULU A,X,Y
    761  4+1   DE49 A7   E8 DB           STA -37,S
    762  5+1   DE4C AF   E8 D7           STX -41,S
    763  6+1   DE4F 10AF E8 D9           STY -39,S
    764
    765  5+5   DE53 37   54              PULU B,X,S
    766  5+3   DE55 34   14              PSHS B,X
    767
    768  5+4   DE57 37   16              PULU A,B,X
    769  4+1   DE59 A7   E8 53           STA 83,S
    770  4+1   DE5C E7   E8 79           STB 121,S
    771  5+1   DE5F AF   E8 4F           STX 79,S
    772
    773  5+6   DE62 37   36              PULU A,B,X,Y
    774  4+1   DE64 A7   E8 51           STA 81,S
    775  4+1   DE67 E7   E8 7B           STB 123,S
    776  5+1   DE6A AF   E8 28           STX 40,S
    777  6+1   DE6D 10AF E8 77           STY 119,S
    778
    779  5+5   DE71 37   54              PULU B,X,S
    780  5+3   DE73 34   14              PSHS B,X
    781
    782  5+5   DE75 37   54              PULU B,X,S
    783  5+3   DE77 34   14              PSHS B,X
    784
    785  5+6   DE79 37   36              PULU A,B,X,Y
    786  4+1   DE7B A7   E8 DA           STA -38,S
    787  4+1   DE7E E7   E8 B2           STB -78,S
    788  5+1   DE81 AF   E8 88           STX -120,S
    789  6+1   DE84 10AF E8 D8           STY -40,S
    790
    791  5+6   DE88 37   36              PULU A,B,X,Y
    792  4+1   DE8A A7   E8 8A           STA -118,S
    793  4+1   DE8D E7   E8 2A           STB 42,S
    794  5+1   DE90 AF   E8 28           STX 40,S
    795  6+1   DE93 10AF E8 B0           STY -80,S
    796
    797  5+5   DE97 37   54              PULU B,X,S
    798  5+3   DE99 34   14              PSHS B,X
    799
    800  5+6   DE9B 37   36              PULU D,X,Y
    801  5+1   DE9D ED   E8 79           STD 121,S
    802  5+1   DEA0 AF   E8 51           STX 81,S
    803  6+1   DEA3 10AF E8 29           STY 41,S
    804
    805  5+5   DEA7 37   54              PULU B,X,S
    806  5+3   DEA9 34   14              PSHS B,X
    807
    808  5+4   DEAB 37   16              PULU D,X
    809  5+1   DEAD ED   E8 B0           STD -80,S
    810  5+1   DEB0 AF   E8 D8           STX -40,S
    811
    812  5+4   DEB3 37   16              PULU A,B,X
    813  4+1   DEB5 A7   E8 DA           STA -38,S
    814  4+1   DEB8 E7   E8 B2           STB -78,S
    815  5+1   DEBB AF   E8 89           STX -119,S
    816
    817  5+6   DEBE 37   56              PULU D,X,S
    818  5+1   DEC0 ED   E8 50           STD 80,S
    819  5+0   DEC3 AF   E4              STX ,S
    820
    821  5+5   DEC5 37   32              PULU A,X,Y
    822  4+1   DEC7 A7   E8 B0           STA -80,S
    823  5+1   DECA AF   E8 78           STX 120,S
    824  6+1   DECD 10AF E8 D7           STY -41,S
    825
    826  5+4   DED1 37   16              PULU A,B,X
    827  4+1   DED3 A7   E8 D9           STA -39,S
    828  4+1   DED6 E7   E8 88           STB -120,S
    829  5+1   DED9 AF   E8 28           STX 40,S
    830
    831        DEDC               ERASE_SSAV_HWR2
    832  4     DEDC 10CE 0000            LDS #$0000
    833  5+5   DEE0 35   C8              PULS DP,U,PC * Ajout du PC au PULS>>
    834
    835        DEE2               ERASE_DATA_HWR2_1
    836        DEE2 0000                 FDB $0000
    837        DEE4 0000                 FDB $0000
    838        DEE6 0000                 FDB $0000
    839        DEE8 0000                 FDB $0000
    840        DEEA 0000                 FDB $0000
    841        DEEC 0000                 FDB $0000
    842        DEEE 0000                 FDB $0000
    843        DEF0 0000                 FDB $0000
    844        DEF2 0000                 FDB $0000
    845        DEF4 0000                 FDB $0000
    846        DEF6 0000                 FDB $0000
    847        DEF8 0000                 FDB $0000
    848        DEFA 0000                 FDB $0000
    849        DEFC 0000                 FDB $0000
    850        DEFE 0000                 FDB $0000
    851        DF00 0000                 FDB $0000
    852        DF02 0000                 FDB $0000
    853        DF04 0000                 FDB $0000
    854        DF06 0000                 FDB $0000
    855        DF08 0000                 FDB $0000
    856        DF0A 0000                 FDB $0000
    857        DF0C 0000                 FDB $0000
    858        DF0E 0000                 FDB $0000
    859        DF10 0000                 FDB $0000
    860        DF12 0000                 FDB $0000
    861        DF14 0000                 FDB $0000
    862        DF16 0000                 FDB $0000
    863        DF18 0000                 FDB $0000
    864        DF1A 0000                 FDB $0000
    865        DF1C 0000                 FDB $0000
    866        DF1E 0000                 FDB $0000
    867        DF20 0000                 FDB $0000
    868        DF22 0000                 FDB $0000
    869        DF24 0000                 FDB $0000
    870        DF26 0000                 FDB $0000
    871        DF28 0000                 FDB $0000
    872        DF2A 0000                 FDB $0000
    873        DF2C 0000                 FDB $0000
    874        DF2E 0000                 FDB $0000
    875        DF30 0000                 FDB $0000
    876        DF32 0000                 FDB $0000
    877        DF34 0000                 FDB $0000
    878        DF36 0000                 FDB $0000
    879        DF38 0000                 FDB $0000
    880        DF3A 0000                 FDB $0000
    881        DF3C 0000                 FDB $0000
    882        DF3E 0000                 FDB $0000
    883        DF40 0000                 FDB $0000
    884        DF42 0000                 FDB $0000
    885        DF44 0000                 FDB $0000
    886        DF46 0000                 FDB $0000
    887        DF48 0000                 FDB $0000
    888        DF4A 0000                 FDB $0000
    889        DF4C 0000                 FDB $0000
    890        DF4E 0000                 FDB $0000
    891        DF50 0000                 FDB $0000
    892        DF52 0000                 FDB $0000
    893        DF54 0000                 FDB $0000
    894        DF56 0000                 FDB $0000
    895        DF58 0000                 FDB $0000
    896        DF5A 0000                 FDB $0000
    897        DF5C 0000                 FDB $0000
    898        DF5E 0000                 FDB $0000
    899        DF60 0000                 FDB $0000
    900        DF62 0000                 FDB $0000
    901        DF64 00                   FCB $00
    902        DF65               ERASE_DATA_HWR2_2
    903        DF65 0000                 FDB $0000
    904        DF67 0000                 FDB $0000
    905        DF69 0000                 FDB $0000
    906        DF6B 0000                 FDB $0000
    907        DF6D 0000                 FDB $0000
    908        DF6F 0000                 FDB $0000
    909        DF71 0000                 FDB $0000
    910        DF73 0000                 FDB $0000
    911        DF75 0000                 FDB $0000
    912        DF77 0000                 FDB $0000
    913        DF79 0000                 FDB $0000
    914        DF7B 0000                 FDB $0000
    915        DF7D 0000                 FDB $0000
    916        DF7F 0000                 FDB $0000
    917        DF81 0000                 FDB $0000
    918        DF83 0000                 FDB $0000
    919        DF85 0000                 FDB $0000
    920        DF87 0000                 FDB $0000
    921        DF89 0000                 FDB $0000
    922        DF8B 0000                 FDB $0000
    923        DF8D 0000                 FDB $0000
    924        DF8F 0000                 FDB $0000
    925        DF91 0000                 FDB $0000
    926        DF93 0000                 FDB $0000
    927        DF95 0000                 FDB $0000
    928        DF97 0000                 FDB $0000
    929        DF99 0000                 FDB $0000
    930        DF9B 0000                 FDB $0000
    931        DF9D 0000                 FDB $0000
    932        DF9F 0000                 FDB $0000
    933        DFA1 0000                 FDB $0000
    934        DFA3 0000                 FDB $0000
    935        DFA5 0000                 FDB $0000
    936        DFA7 0000                 FDB $0000
    937        DFA9 0000                 FDB $0000
    938        DFAB 0000                 FDB $0000
    939        DFAD 0000                 FDB $0000
    940        DFAF 0000                 FDB $0000
    941        DFB1 0000                 FDB $0000
    942        DFB3 0000                 FDB $0000
    943        DFB5 0000                 FDB $0000
    944        DFB7 0000                 FDB $0000
    945        DFB9 0000                 FDB $0000
    946        DFBB 0000                 FDB $0000
    947        DFBD 0000                 FDB $0000
    948        DFBF 0000                 FDB $0000
    949        DFC1 0000                 FDB $0000
    950        DFC3 0000                 FDB $0000
    951        DFC5 0000                 FDB $0000
    952        DFC7 0000                 FDB $0000
    953        DFC9 0000                 FDB $0000
    954        DFCB 0000                 FDB $0000
    955        DFCD 0000                 FDB $0000
    956        DFCF 0000                 FDB $0000
    957        DFD1 0000                 FDB $0000
    958        DFD3 00                   FCB $00
    959        DFD4               ERASE_DATA_HWR2_END

000000 Total Errors

000011 Total Symbols
     0x          Label D7AE DRAW_HWR2
     0x          Label DD27 ERASE_CODE_HWR2_1
     0x          Label DE05 ERASE_CODE_HWR2_2
     1x          Label DEE2 ERASE_DATA_HWR2_1
     2x          Label DF65 ERASE_DATA_HWR2_2
     1x          Label DFD4 ERASE_DATA_HWR2_END
     0x          Label DD1A ERASE_HWR2
     1x          Label DD20 ERASE_POS_HWR2_1
     1x          Label DDFE ERASE_POS_HWR2_2
     1x          Label DEDC ERASE_SSAV_HWR2
     1x          Label DD14 SSAV_HWR2

