/*--------------------------------------------------------------*
 * Compilé avec C6809 v0.83                                     *
 *--------------------------------------------------------------*
 * Fichier source      : tmp/HWR3.ASM
 * Fichier destination : tmp/HWR3.BIN
 * Contenu :
 *     Main     0:IMG.ASM      12006
 *--------------------------------------------------------------*/

Macro Pass
Pass1
Pass2
      2        E513                      ORG $E513
      3        E513               DRAW_HWR3
      4  5+3   E513 34   48              PSHS U,DP
      5  7     E515 10FF EA99            STS SSAV_HWR3+2
      6
      7  7     E519 10FE 9F00            LDS $9F00
      8  7     E51D 10FF EAA5            STS ERASE_POS_HWR3_1+2
      9  3     E521 CE   ECFA            LDU #ERASE_DATA_HWR3_2
     10  4+4   E524 32   E9 01CF         LEAS 463,S
     11  4+1   E528 A6   E8 15           LDA 21,S
     12  5+1   E52B 36   02              PSHU A
     13  2     E52D 84   0F              ANDA #$0F
     14  2     E52F 8A   D0              ORA #$d0
     15  4+1   E531 A7   E8 15           STA 21,S
     16
     17  5+1   E534 EC   E8 3B           LDD 59,S
     18  5+2   E537 36   06              PSHU D
     19  2     E539 84   F0              ANDA #$F0
     20  2     E53B 8A   0D              ORA #$0d
     21  2     E53D C6   3A              LDB #$3a
     22  5+1   E53F ED   E8 3B           STD 59,S
     23
     24  4+1   E542 A6   E8 3D           LDA 61,S
     25  5+1   E545 36   02              PSHU A
     26  2     E547 84   0F              ANDA #$0F
     27  2     E549 8A   D0              ORA #$d0
     28  4+1   E54B A7   E8 3D           STA 61,S
     29
     30  5+1   E54E EC   E8 C3           LDD -61,S
     31  5+4   E551 36   46              PSHU D,S
     32
     33  5+1   E553 EC   E8 EB           LDD -21,S
     34  5+2   E556 36   06              PSHU D
     35
     36  5+1   E558 EC   E8 13           LDD 19,S
     37  5+2   E55B 36   06              PSHU D
     38
     39  3     E55D CC   CCCC            LDD #$cccc
     40  5+1   E560 ED   E8 C3           STD -61,S
     41
     42  3     E563 CC   DCAA            LDD #$dcaa
     43  5+1   E566 ED   E8 EB           STD -21,S
     44
     45  3     E569 CC   DDDA            LDD #$ddda
     46  5+1   E56C ED   E8 13           STD 19,S
     47
     48  4+4   E56F 32   E9 00DB         LEAS 219,S
     49  5+1   E573 EC   E8 89           LDD -119,S
     50  5+2   E576 36   06              PSHU D
     51  2     E578 86   2C              LDA #$2c
     52  2     E57A C4   0F              ANDB #$0F
     53  2     E57C CA   C0              ORB #$c0
     54  5+1   E57E ED   E8 89           STD -119,S
     55
     56  5+1   E581 EC   E8 B0           LDD -80,S
     57  5+2   E584 36   06              PSHU D
     58  2     E586 84   F0              ANDA #$F0
     59  2     E588 8A   0C              ORA #$0c
     60  2     E58A C6   AA              LDB #$aa
     61  5+1   E58C ED   E8 B0           STD -80,S
     62
     63  4+1   E58F A6   E8 B2           LDA -78,S
     64  5+1   E592 36   02              PSHU A
     65  2     E594 84   0F              ANDA #$0F
     66  2     E596 8A   A0              ORA #$a0
     67  4+1   E598 A7   E8 B2           STA -78,S
     68
     69  4+1   E59B A6   E8 DA           LDA -38,S
     70  5+1   E59E 36   02              PSHU A
     71  2     E5A0 84   0F              ANDA #$0F
     72  2     E5A2 8A   A0              ORA #$a0
     73  4+1   E5A4 A7   E8 DA           STA -38,S
     74
     75  5+1   E5A7 EC   E8 D8           LDD -40,S
     76  5+2   E5AA 36   06              PSHU D
     77
     78  3     E5AC CC   CCAA            LDD #$ccaa
     79  5+1   E5AF ED   E8 D8           STD -40,S
     80
     81  5+3   E5B2 35   12              PULS A,X
     82  5+5   E5B4 36   52              PSHU A,X,S
     83  2     E5B6 86   CD              LDA #$cd
     84  3     E5B8 8E   BCAC            LDX #$bcac
     85  5+3   E5BB 34   12              PSHS A,X
     86
     87  4+1   E5BD 32   E8 28           LEAS 40,S
     88  5+3   E5C0 35   12              PULS A,X
     89  5+5   E5C2 36   52              PSHU A,X,S
     90  2     E5C4 86   DD              LDA #$dd
     91  3     E5C6 8E   AAAD            LDX #$aaad
     92  5+3   E5C9 34   12              PSHS A,X
     93
     94  4+1   E5CB 32   E8 28           LEAS 40,S
     95  5+3   E5CE 35   12              PULS A,X
     96  5+5   E5D0 36   52              PSHU A,X,S
     97  2     E5D2 86   DD              LDA #$dd
     98  3     E5D4 8E   AAA0            LDX #$aaa0
     99  5+3   E5D7 34   12              PSHS A,X
    100
    101  4+1   E5D9 32   E8 28           LEAS 40,S
    102  5+3   E5DC 35   12              PULS A,X
    103  5+5   E5DE 36   52              PSHU A,X,S
    104  2     E5E0 86   D0              LDA #$d0
    105  3     E5E2 8E   AAC9            LDX #$aac9
    106  5+3   E5E5 34   12              PSHS A,X
    107
    108  4+1   E5E7 32   E8 28           LEAS 40,S
    109  5+1   E5EA EC   E8 28           LDD 40,S
    110  5+2   E5ED 36   06              PSHU D
    111  2     E5EF 84   F0              ANDA #$F0
    112  2     E5F1 8A   0D              ORA #$0d
    113  2     E5F3 C6   CC              LDB #$cc
    114  5+1   E5F5 ED   E8 28           STD 40,S
    115
    116  4+1   E5F8 A6   E8 2A           LDA 42,S
    117  5+1   E5FB 36   02              PSHU A
    118
    119  2     E5FD 86   BA              LDA #$ba
    120  4+1   E5FF A7   E8 2A           STA 42,S
    121
    122  5+3   E602 35   12              PULS A,X
    123  5+5   E604 36   52              PSHU A,X,S
    124  2     E606 86   D0              LDA #$d0
    125  3     E608 8E   CAA9            LDX #$caa9
    126  5+3   E60B 34   12              PSHS A,X
    127
    128  4+1   E60D 32   E8 50           LEAS 80,S
    129  5+3   E610 35   12              PULS A,X
    130  5+5   E612 36   52              PSHU A,X,S
    131  3     E614 8E   2BA0            LDX #$2ba0
    132  5+3   E617 34   14              PSHS B,X
    133
    134  4+1   E619 32   E8 28           LEAS 40,S
    135  5+3   E61C 35   12              PULS A,X
    136  5+5   E61E 36   52              PSHU A,X,S
    137  2     E620 86   CD              LDA #$cd
    138  3     E622 8E   2200            LDX #$2200
    139  5+3   E625 34   12              PSHS A,X
    140
    141  4+1   E627 32   E8 28           LEAS 40,S
    142  5+3   E62A 35   12              PULS A,X
    143  5+5   E62C 36   52              PSHU A,X,S
    144  2     E62E 86   DD              LDA #$dd
    145  3     E630 8E   2239            LDX #$2239
    146  5+3   E633 34   12              PSHS A,X
    147
    148  4+1   E635 32   E8 28           LEAS 40,S
    149  5+3   E638 35   12              PULS A,X
    150  5+5   E63A 36   52              PSHU A,X,S
    151  2     E63C 86   DD              LDA #$dd
    152  3     E63E 8E   3219            LDX #$3219
    153  5+3   E641 34   12              PSHS A,X
    154
    155  4+1   E643 32   E8 28           LEAS 40,S
    156  5+3   E646 35   12              PULS A,X
    157  5+5   E648 36   52              PSHU A,X,S
    158  2     E64A 86   22              LDA #$22
    159  3     E64C 8E   D399            LDX #$d399
    160  5+3   E64F 34   12              PSHS A,X
    161
    162  4+1   E651 32   E8 27           LEAS 39,S
    163  5+1   E654 EC   E8 28           LDD 40,S
    164  5+2   E657 36   06              PSHU D
    165  2     E659 86   BA              LDA #$ba
    166  2     E65B C4   F0              ANDB #$F0
    167  2     E65D CA   0D              ORB #$0d
    168  5+1   E65F ED   E8 28           STD 40,S
    169
    170  5+1   E662 EC   E8 50           LDD 80,S
    171  5+2   E665 36   06              PSHU D
    172  2     E667 86   BB              LDA #$bb
    173  2     E669 C4   F0              ANDB #$F0
    174  2     E66B CA   0D              ORB #$0d
    175  5+1   E66D ED   E8 50           STD 80,S
    176
    177  5+1   E670 EC   E8 2A           LDD 42,S
    178  5+2   E673 36   06              PSHU D
    179
    180  5+1   E675 EC   E8 52           LDD 82,S
    181  5+2   E678 36   06              PSHU D
    182
    183  3     E67A CC   230A            LDD #$230a
    184  5+1   E67D ED   E8 2A           STD 42,S
    185
    186  3     E680 CC   2299            LDD #$2299
    187  5+1   E683 ED   E8 52           STD 82,S
    188
    189  5+4   E686 35   16              PULS D,X
    190  5+6   E688 36   56              PSHU D,X,S
    191  3     E68A CC   AA33            LDD #$aa33
    192  3     E68D 8E   E19A            LDX #$e19a
    193  5+4   E690 34   16              PSHS D,X
    194
    195  4+1   E692 32   E8 78           LEAS 120,S
    196  5+3   E695 35   12              PULS A,X
    197  5+5   E697 36   52              PSHU A,X,S
    198  2     E699 86   AA              LDA #$aa
    199  3     E69B 8E   CD22            LDX #$cd22
    200  5+3   E69E 34   12              PSHS A,X
    201
    202  4+1   E6A0 32   E8 28           LEAS 40,S
    203  4+1   E6A3 A6   64              LDA 4,S
    204  5+1   E6A5 36   02              PSHU A
    205  2     E6A7 84   0F              ANDA #$0F
    206  2     E6A9 8A   10              ORA #$10
    207  4+1   E6AB A7   64              STA 4,S
    208
    209  5+1   E6AD EC   E8 28           LDD 40,S
    210  5+2   E6B0 36   06              PSHU D
    211  2     E6B2 84   0F              ANDA #$0F
    212  2     E6B4 8A   A0              ORA #$a0
    213  2     E6B6 C6   D0              LDB #$d0
    214  5+1   E6B8 ED   E8 28           STD 40,S
    215
    216  4+1   E6BB A6   E8 2C           LDA 44,S
    217  5+1   E6BE 36   02              PSHU A
    218  2     E6C0 84   0F              ANDA #$0F
    219  2     E6C2 8A   10              ORA #$10
    220  4+1   E6C4 A7   E8 2C           STA 44,S
    221
    222  5+1   E6C7 EC   E8 79           LDD 121,S
    223  5+2   E6CA 36   06              PSHU D
    224  2     E6CC 86   EA              LDA #$ea
    225  2     E6CE C4   0F              ANDB #$0F
    226  2     E6D0 CA   00              ORB #$00
    227  5+1   E6D2 ED   E8 79           STD 121,S
    228
    229  4+1   E6D5 A6   E8 7B           LDA 123,S
    230  5+1   E6D8 36   02              PSHU A
    231  2     E6DA 84   F0              ANDA #$F0
    232  2     E6DC 8A   0B              ORA #$0b
    233  4+1   E6DE A7   E8 7B           STA 123,S
    234
    235  4+1   E6E1 A6   E8 2A           LDA 42,S
    236  5+1   E6E4 36   02              PSHU A
    237
    238  5+1   E6E6 EC   E8 51           LDD 81,S
    239  5+2   E6E9 36   06              PSHU D
    240
    241  2     E6EB 86   AA              LDA #$aa
    242  4+1   E6ED A7   E8 2A           STA 42,S
    243
    244  3     E6F0 CC   EADC            LDD #$eadc
    245  5+1   E6F3 ED   E8 51           STD 81,S
    246
    247  5+3   E6F6 35   12              PULS A,X
    248  5+5   E6F8 36   52              PSHU A,X,S
    249  2     E6FA 86   9A              LDA #$9a
    250  3     E6FC 8E   DD23            LDX #$dd23
    251  5+3   E6FF 34   12              PSHS A,X
    252
    253  4+4   E701 32   E9 011A         LEAS 282,S
    254  5+1   E705 EC   7E              LDD -2,S
    255  5+2   E707 36   06              PSHU D
    256  2     E709 84   F0              ANDA #$F0
    257  2     E70B C4   0F              ANDB #$0F
    258  4     E70D C3   01F0            ADDD #$01f0
    259  5+1   E710 ED   7E              STD -2,S
    260
    261  4+1   E712 A6   E8 26           LDA 38,S
    262  5+1   E715 36   02              PSHU A
    263  2     E717 84   F0              ANDA #$F0
    264  2     E719 8A   01              ORA #$01
    265  4+1   E71B A7   E8 26           STA 38,S
    266
    267  4+1   E71E A6   E8 4E           LDA 78,S
    268  5+1   E721 36   02              PSHU A
    269  2     E723 84   F0              ANDA #$F0
    270  2     E725 8A   01              ORA #$01
    271  4+1   E727 A7   E8 4E           STA 78,S
    272
    273  4+1   E72A A6   E8 76           LDA 118,S
    274  5+1   E72D 36   02              PSHU A
    275  2     E72F 84   F0              ANDA #$F0
    276  2     E731 8A   0E              ORA #$0e
    277  4+1   E733 A7   E8 76           STA 118,S
    278
    279  4+1   E736 A6   E8 87           LDA -121,S
    280  5+1   E739 36   02              PSHU A
    281
    282  4+1   E73B A6   E8 89           LDA -119,S
    283  5+1   E73E 36   02              PSHU A
    284
    285  4+1   E740 A6   E8 AF           LDA -81,S
    286  5+1   E743 36   02              PSHU A
    287
    288  4+1   E745 A6   E8 B1           LDA -79,S
    289  5+1   E748 36   02              PSHU A
    290
    291  4+1   E74A A6   E8 D7           LDA -41,S
    292  5+1   E74D 36   02              PSHU A
    293
    294  4+1   E74F A6   E8 D9           LDA -39,S
    295  5+1   E752 36   02              PSHU A
    296
    297  4+1   E754 A6   61              LDA 1,S
    298  5+1   E756 36   02              PSHU A
    299
    300  4+1   E758 A6   E8 29           LDA 41,S
    301  5+1   E75B 36   02              PSHU A
    302
    303  4+1   E75D A6   E8 51           LDA 81,S
    304  5+3   E760 36   42              PSHU A,S
    305
    306  4+1   E762 A6   E8 79           LDA 121,S
    307  5+1   E765 36   02              PSHU A
    308
    309  2     E767 86   EA              LDA #$ea
    310  4+1   E769 A7   E8 87           STA -121,S
    311
    312  2     E76C 86   BB              LDA #$bb
    313  4+1   E76E A7   E8 89           STA -119,S
    314
    315  2     E771 86   19              LDA #$19
    316  4+1   E773 A7   E8 AF           STA -81,S
    317
    318  2     E776 86   BF              LDA #$bf
    319  4+1   E778 A7   E8 B1           STA -79,S
    320
    321  2     E77B 86   E0              LDA #$e0
    322  4+1   E77D A7   E8 D7           STA -41,S
    323
    324  2     E780 86   AF              LDA #$af
    325  4+1   E782 A7   E8 D9           STA -39,S
    326
    327  2     E785 86   EF              LDA #$ef
    328  4+1   E787 A7   61              STA 1,S
    329
    330  2     E789 86   1F              LDA #$1f
    331  4+1   E78B A7   E8 29           STA 41,S
    332
    333  2     E78E 86   11              LDA #$11
    334  4+1   E790 A7   E8 51           STA 81,S
    335
    336  2     E793 86   1E              LDA #$1e
    337  4+1   E795 A7   E8 79           STA 121,S
    338
    339  4+4   E798 32   E9 00C6         LEAS 198,S
    340  4+1   E79C A6   E8 D8           LDA -40,S
    341  5+1   E79F 36   02              PSHU A
    342  2     E7A1 84   F0              ANDA #$F0
    343  2     E7A3 8A   0E              ORA #$0e
    344  4+1   E7A5 A7   E8 D8           STA -40,S
    345
    346  4+1   E7A8 A6   E8 DB           LDA -37,S
    347  5+1   E7AB 36   02              PSHU A
    348  2     E7AD 84   0F              ANDA #$0F
    349  2     E7AF 8A   00              ORA #$00
    350  4+1   E7B1 A7   E8 DB           STA -37,S
    351
    352  4+0   E7B4 A6   E4              LDA ,S
    353  5+3   E7B6 36   42              PSHU A,S
    354  2     E7B8 84   F0              ANDA #$F0
    355  2     E7BA 8A   00              ORA #$00
    356  4+0   E7BC A7   E4              STA ,S
    357
    358  4+1   E7BE A6   E8 28           LDA 40,S
    359  5+1   E7C1 36   02              PSHU A
    360  2     E7C3 84   F0              ANDA #$F0
    361  2     E7C5 8A   01              ORA #$01
    362  4+1   E7C7 A7   E8 28           STA 40,S
    363
    364
    365  7     E7CA 10FE 9F02            LDS $9F00+2
    366  7     E7CE 10FF EB87            STS ERASE_POS_HWR3_2+2
    367  3     E7D2 CE   ED68            LDU #ERASE_DATA_HWR3_END
    368
    369  4+4   E7D5 32   E9 01E2         LEAS 482,S
    370  5+1   E7D9 EC   E8 D7           LDD -41,S
    371  5+2   E7DC 36   06              PSHU D
    372  2     E7DE 84   F0              ANDA #$F0
    373  2     E7E0 8A   0C              ORA #$0c
    374  2     E7E2 C6   CD              LDB #$cd
    375  5+1   E7E4 ED   E8 D7           STD -41,S
    376
    377  4+1   E7E7 A6   E8 D9           LDA -39,S
    378  5+1   E7EA 36   02              PSHU A
    379  2     E7EC 84   0F              ANDA #$0F
    380  2     E7EE 8A   C0              ORA #$c0
    381  4+1   E7F0 A7   E8 D9           STA -39,S
    382
    383  5+1   E7F3 EC   7F              LDD -1,S
    384  5+2   E7F5 36   06              PSHU D
    385  2     E7F7 84   F0              ANDA #$F0
    386  2     E7F9 8A   0D              ORA #$0d
    387  2     E7FB C6   CD              LDB #$cd
    388  5+1   E7FD ED   7F              STD -1,S
    389
    390  4+1   E7FF A6   E8 88           LDA -120,S
    391  5+1   E802 36   02              PSHU A
    392
    393  4+1   E804 A6   E8 B0           LDA -80,S
    394  5+1   E807 36   02              PSHU A
    395
    396  4+1   E809 A6   61              LDA 1,S
    397  5+1   E80B 36   02              PSHU A
    398
    399  5+1   E80D EC   E8 28           LDD 40,S
    400  5+4   E810 36   46              PSHU D,S
    401
    402  5+1   E812 EC   E8 50           LDD 80,S
    403  5+2   E815 36   06              PSHU D
    404
    405  5+1   E817 EC   E8 78           LDD 120,S
    406  5+2   E81A 36   06              PSHU D
    407
    408  2     E81C 86   AC              LDA #$ac
    409  4+1   E81E A7   61              STA 1,S
    410
    411  3     E820 CC   D2AA            LDD #$d2aa
    412  5+1   E823 ED   E8 28           STD 40,S
    413
    414  2     E826 86   CC              LDA #$cc
    415  4+1   E828 A7   E8 88           STA -120,S
    416
    417  4+1   E82B A7   E8 B0           STA -80,S
    418
    419  2     E82E 86   C2              LDA #$c2
    420  5+1   E830 ED   E8 50           STD 80,S
    421
    422  5+1   E833 ED   E8 78           STD 120,S
    423
    424  4+4   E836 32   E9 00A0         LEAS 160,S
    425  5+0   E83A EC   E4              LDD ,S
    426  5+4   E83C 36   46              PSHU D,S
    427
    428  3     E83E CC   CDDA            LDD #$cdda
    429  5+0   E841 ED   E4              STD ,S
    430
    431  4+4   E843 32   E9 009F         LEAS 159,S
    432  5+1   E847 EC   E8 B0           LDD -80,S
    433  5+2   E84A 36   06              PSHU D
    434  2     E84C 84   F0              ANDA #$F0
    435  2     E84E 8A   0C              ORA #$0c
    436  2     E850 C6   CA              LDB #$ca
    437  5+1   E852 ED   E8 B0           STD -80,S
    438
    439  5+1   E855 EC   E8 D8           LDD -40,S
    440  5+2   E858 36   06              PSHU D
    441  2     E85A 84   F0              ANDA #$F0
    442  2     E85C 8A   0D              ORA #$0d
    443  2     E85E C6   CC              LDB #$cc
    444  5+1   E860 ED   E8 D8           STD -40,S
    445
    446  5+1   E863 EC   E8 89           LDD -119,S
    447  5+2   E866 36   06              PSHU D
    448
    449  4+1   E868 A6   E8 B2           LDA -78,S
    450  5+1   E86B 36   02              PSHU A
    451
    452  4+1   E86D A6   E8 DA           LDA -38,S
    453  5+1   E870 36   02              PSHU A
    454
    455  3     E872 CC   CCBA            LDD #$ccba
    456  5+1   E875 ED   E8 89           STD -119,S
    457
    458  2     E878 86   BC              LDA #$bc
    459  4+1   E87A A7   E8 B2           STA -78,S
    460
    461  2     E87D 86   B0              LDA #$b0
    462  4+1   E87F A7   E8 DA           STA -38,S
    463
    464  5+3   E882 35   12              PULS A,X
    465  5+5   E884 36   52              PSHU A,X,S
    466  2     E886 86   CD              LDA #$cd
    467  3     E888 8E   CCBA            LDX #$ccba
    468  5+3   E88B 34   12              PSHS A,X
    469
    470  4+1   E88D 32   E8 28           LEAS 40,S
    471  5+1   E890 EC   E8 29           LDD 41,S
    472  5+2   E893 36   06              PSHU D
    473
    474  5+1   E895 EC   E8 51           LDD 81,S
    475  5+2   E898 36   06              PSHU D
    476
    477  5+1   E89A EC   E8 79           LDD 121,S
    478  5+2   E89D 36   06              PSHU D
    479
    480  3     E89F CC   DDB2            LDD #$ddb2
    481  5+1   E8A2 ED   E8 79           STD 121,S
    482
    483  3     E8A5 CC   DCBB            LDD #$dcbb
    484  5+1   E8A8 ED   E8 51           STD 81,S
    485
    486  2     E8AB C6   B9              LDB #$b9
    487  5+1   E8AD ED   E8 29           STD 41,S
    488
    489  5+3   E8B0 35   12              PULS A,X
    490  5+5   E8B2 36   52              PSHU A,X,S
    491  2     E8B4 86   DD              LDA #$dd
    492  3     E8B6 8E   DCB9            LDX #$dcb9
    493  5+3   E8B9 34   12              PSHS A,X
    494
    495  4+4   E8BB 32   E9 0119         LEAS 281,S
    496  5+1   E8BF EC   E8 87           LDD -121,S
    497  5+2   E8C2 36   06              PSHU D
    498  2     E8C4 84   F0              ANDA #$F0
    499  2     E8C6 8A   0C              ORA #$0c
    500  2     E8C8 C6   0D              LDB #$0d
    501  5+1   E8CA ED   E8 87           STD -121,S
    502
    503  5+1   E8CD EC   E8 AF           LDD -81,S
    504  5+2   E8D0 36   06              PSHU D
    505  2     E8D2 84   F0              ANDA #$F0
    506  2     E8D4 8A   0D              ORA #$0d
    507  2     E8D6 C6   DD              LDB #$dd
    508  5+1   E8D8 ED   E8 AF           STD -81,S
    509
    510  5+1   E8DB EC   E8 D7           LDD -41,S
    511  5+2   E8DE 36   06              PSHU D
    512  2     E8E0 84   F0              ANDA #$F0
    513  2     E8E2 8A   0D              ORA #$0d
    514  2     E8E4 C6   30              LDB #$30
    515  5+1   E8E6 ED   E8 D7           STD -41,S
    516
    517  5+1   E8E9 EC   7E              LDD -2,S
    518  5+2   E8EB 36   06              PSHU D
    519  2     E8ED 84   F0              ANDA #$F0
    520  2     E8EF 8A   0A              ORA #$0a
    521  2     E8F1 C6   A2              LDB #$a2
    522  5+1   E8F3 ED   7E              STD -2,S
    523
    524  5+0   E8F5 EC   E4              LDD ,S
    525  5+2   E8F7 36   06              PSHU D
    526  2     E8F9 86   E3              LDA #$e3
    527  2     E8FB C4   F0              ANDB #$F0
    528  2     E8FD CA   09              ORB #$09
    529  5+0   E8FF ED   E4              STD ,S
    530
    531  5+1   E901 EC   E8 26           LDD 38,S
    532  5+2   E904 36   06              PSHU D
    533  2     E906 84   F0              ANDA #$F0
    534  2     E908 8A   0A              ORA #$0a
    535  2     E90A C6   B3              LDB #$b3
    536  5+1   E90C ED   E8 26           STD 38,S
    537
    538  5+1   E90F EC   E8 4E           LDD 78,S
    539  5+2   E912 36   06              PSHU D
    540  2     E914 84   F0              ANDA #$F0
    541  2     E916 C4   0F              ANDB #$0F
    542  4     E918 C3   0BA0            ADDD #$0ba0
    543  5+1   E91B ED   E8 4E           STD 78,S
    544
    545  4+1   E91E A6   E8 76           LDA 118,S
    546  5+1   E921 36   02              PSHU A
    547  2     E923 84   F0              ANDA #$F0
    548  2     E925 8A   0B              ORA #$0b
    549  4+1   E927 A7   E8 76           STA 118,S
    550
    551  4+1   E92A A6   E8 89           LDA -119,S
    552  5+1   E92D 36   02              PSHU A
    553
    554  4+1   E92F A6   E8 B1           LDA -79,S
    555  5+1   E932 36   02              PSHU A
    556
    557  4+1   E934 A6   E8 D9           LDA -39,S
    558  5+1   E937 36   02              PSHU A
    559
    560  5+1   E939 EC   E8 28           LDD 40,S
    561  5+4   E93C 36   46              PSHU D,S
    562
    563  5+1   E93E EC   E8 50           LDD 80,S
    564  5+2   E941 36   06              PSHU D
    565
    566  4+1   E943 A6   E8 78           LDA 120,S
    567  5+1   E946 36   02              PSHU A
    568
    569  2     E948 86   31              LDA #$31
    570  4+1   E94A A7   E8 D9           STA -39,S
    571
    572  3     E94D CC   0239            LDD #$0239
    573  5+1   E950 ED   E8 28           STD 40,S
    574
    575  3     E953 CC   D21E            LDD #$d21e
    576  5+1   E956 ED   E8 50           STD 80,S
    577
    578  2     E959 86   C2              LDA #$c2
    579  4+1   E95B A7   E8 78           STA 120,S
    580
    581  2     E95E 86   22              LDA #$22
    582  4+1   E960 A7   E8 89           STA -119,S
    583
    584  4+1   E963 A7   E8 B1           STA -79,S
    585
    586  4+4   E966 32   E9 0118         LEAS 280,S
    587  4+1   E96A A6   E8 86           LDA -122,S
    588  5+1   E96D 36   02              PSHU A
    589  2     E96F 84   F0              ANDA #$F0
    590  2     E971 8A   0A              ORA #$0a
    591  4+1   E973 A7   E8 86           STA -122,S
    592
    593  4+1   E976 A6   E8 8A           LDA -118,S
    594  5+1   E979 36   02              PSHU A
    595  2     E97B 84   F0              ANDA #$F0
    596  2     E97D 8A   0F              ORA #$0f
    597  4+1   E97F A7   E8 8A           STA -118,S
    598
    599  5+1   E982 EC   E8 AE           LDD -82,S
    600  5+2   E985 36   06              PSHU D
    601  2     E987 84   F0              ANDA #$F0
    602  2     E989 C4   F0              ANDB #$F0
    603  4     E98B C3   0A0E            ADDD #$0a0e
    604  5+1   E98E ED   E8 AE           STD -82,S
    605
    606  4+1   E991 A6   E8 B2           LDA -78,S
    607  5+1   E994 36   02              PSHU A
    608  2     E996 84   F0              ANDA #$F0
    609  2     E998 8A   02              ORA #$02
    610  4+1   E99A A7   E8 B2           STA -78,S
    611
    612  5+1   E99D EC   E8 D9           LDD -39,S
    613  5+2   E9A0 36   06              PSHU D
    614  2     E9A2 84   0F              ANDA #$0F
    615  2     E9A4 8A   A0              ORA #$a0
    616  2     E9A6 C6   FF              LDB #$ff
    617  5+1   E9A8 ED   E8 D9           STD -39,S
    618
    619  5+1   E9AB EC   7F              LDD -1,S
    620  5+2   E9AD 36   06              PSHU D
    621  2     E9AF 86   10              LDA #$10
    622  2     E9B1 C4   F0              ANDB #$F0
    623  2     E9B3 CA   0D              ORB #$0d
    624  5+1   E9B5 ED   7F              STD -1,S
    625
    626  5+1   E9B7 EC   E8 29           LDD 41,S
    627  5+2   E9BA 36   06              PSHU D
    628  2     E9BC 84   F0              ANDA #$F0
    629  2     E9BE 8A   0D              ORA #$0d
    630  2     E9C0 C6   B1              LDB #$b1
    631  5+1   E9C2 ED   E8 29           STD 41,S
    632
    633  5+1   E9C5 EC   E8 4F           LDD 79,S
    634  5+2   E9C8 36   06              PSHU D
    635  2     E9CA 86   E1              LDA #$e1
    636  2     E9CC C4   0F              ANDB #$0F
    637  2     E9CE CA   00              ORB #$00
    638  5+1   E9D0 ED   E8 4F           STD 79,S
    639
    640  5+1   E9D3 EC   E8 51           LDD 81,S
    641  5+2   E9D6 36   06              PSHU D
    642  2     E9D8 84   F0              ANDA #$F0
    643  2     E9DA 8A   0A              ORA #$0a
    644  2     E9DC C6   BE              LDB #$be
    645  5+1   E9DE ED   E8 51           STD 81,S
    646
    647  5+1   E9E1 EC   E8 79           LDD 121,S
    648  5+2   E9E4 36   06              PSHU D
    649  2     E9E6 84   F0              ANDA #$F0
    650  2     E9E8 C4   0F              ANDB #$0F
    651  4     E9EA C3   0AA0            ADDD #$0aa0
    652  5+1   E9ED ED   E8 79           STD 121,S
    653
    654  4+1   E9F0 A6   E8 88           LDA -120,S
    655  5+1   E9F3 36   02              PSHU A
    656
    657  4+1   E9F5 A6   E8 B0           LDA -80,S
    658  5+1   E9F8 36   02              PSHU A
    659
    660  5+1   E9FA EC   E8 D7           LDD -41,S
    661  5+2   E9FD 36   06              PSHU D
    662
    663  5+1   E9FF EC   61              LDD 1,S
    664  5+4   EA01 36   46              PSHU D,S
    665
    666  5+1   EA03 EC   E8 27           LDD 39,S
    667  5+2   EA06 36   06              PSHU D
    668
    669  4+1   EA08 A6   E8 77           LDA 119,S
    670  5+1   EA0B 36   02              PSHU A
    671
    672  2     EA0D 86   DC              LDA #$dc
    673  4+1   EA0F A7   E8 B0           STA -80,S
    674
    675  3     EA12 CC   100D            LDD #$100d
    676  5+1   EA15 ED   E8 D7           STD -41,S
    677
    678  3     EA18 CC   E0D0            LDD #$e0d0
    679  5+1   EA1B ED   E8 27           STD 39,S
    680
    681  2     EA1E 86   E1              LDA #$e1
    682  4+1   EA20 A7   E8 77           STA 119,S
    683
    684  3     EA23 CC   CCFF            LDD #$ccff
    685  5+1   EA26 ED   61              STD 1,S
    686
    687  4+1   EA28 A7   E8 88           STA -120,S
    688
    689  4+4   EA2B 32   E9 0103         LEAS 259,S
    690  5+1   EA2F EC   E8 9E           LDD -98,S
    691  5+2   EA32 36   06              PSHU D
    692  2     EA34 84   F0              ANDA #$F0
    693  2     EA36 C4   0F              ANDB #$0F
    694  4     EA38 C3   09A0            ADDD #$09a0
    695  5+1   EA3B ED   E8 9E           STD -98,S
    696
    697  5+1   EA3E EC   E8 C6           LDD -58,S
    698  5+2   EA41 36   06              PSHU D
    699  2     EA43 84   F0              ANDA #$F0
    700  2     EA45 C4   0F              ANDB #$0F
    701  4     EA47 C3   00E0            ADDD #$00e0
    702  5+1   EA4A ED   E8 C6           STD -58,S
    703
    704  4+1   EA4D A6   E8 EE           LDA -18,S
    705  5+1   EA50 36   02              PSHU A
    706  2     EA52 84   F0              ANDA #$F0
    707  2     EA54 8A   0E              ORA #$0e
    708  4+1   EA56 A7   E8 EE           STA -18,S
    709
    710  4+1   EA59 A6   E8 3C           LDA 60,S
    711  5+1   EA5C 36   02              PSHU A
    712  2     EA5E 84   0F              ANDA #$0F
    713  2     EA60 8A   10              ORA #$10
    714  4+1   EA62 A7   E8 3C           STA 60,S
    715
    716  4+1   EA65 A6   E8 64           LDA 100,S
    717  5+1   EA68 36   02              PSHU A
    718  2     EA6A 84   0F              ANDA #$0F
    719  2     EA6C 8A   E0              ORA #$e0
    720  4+1   EA6E A7   E8 64           STA 100,S
    721
    722  4+1   EA71 A6   E8 9C           LDA -100,S
    723  5+1   EA74 36   02              PSHU A
    724
    725  4+1   EA76 A6   E8 C4           LDA -60,S
    726  5+1   EA79 36   02              PSHU A
    727
    728  4+1   EA7B A6   E8 EC           LDA -20,S
    729  5+3   EA7E 36   42              PSHU A,S
    730
    731  4+1   EA80 A6   E8 14           LDA 20,S
    732  5+1   EA83 36   02              PSHU A
    733
    734  2     EA85 86   E1              LDA #$e1
    735  4+1   EA87 A7   E8 9C           STA -100,S
    736
    737  2     EA8A 86   1F              LDA #$1f
    738  4+1   EA8C A7   E8 14           STA 20,S
    739
    740  2     EA8F 86   0A              LDA #$0a
    741  4+1   EA91 A7   E8 C4           STA -60,S
    742
    743  4+1   EA94 A7   E8 EC           STA -20,S
    744
    745        EA97               SSAV_HWR3
    746  4     EA97 10CE 0000            LDS #$0000
    747  5+5   EA9B 35   C8              PULS DP,U,PC * Ajout du PC au PULS>>
    748
    749        EA9D               ERASE_HWR3
    750  5+3   EA9D 34   48              PSHS U,DP
    751  7     EA9F 10FF EC74            STS ERASE_SSAV_HWR3+2
    752
    753        EAA3               ERASE_POS_HWR3_1
    754  4     EAA3 10CE 0000            LDS #$0000
    755  3     EAA7 CE   EC78            LDU #ERASE_DATA_HWR3_1
    756
    757        EAAA               ERASE_CODE_HWR3_1
    758  5+4   EAAA 37   46              PULU A,B,S
    759  4+1   EAAC A7   E8 28           STA 40,S
    760  4+0   EAAF E7   E4              STB ,S
    761
    762  5+2   EAB1 37   06              PULU A,B
    763  4+1   EAB3 A7   E8 DB           STA -37,S
    764  4+1   EAB6 E7   E8 D8           STB -40,S
    765
    766  5+4   EAB9 37   46              PULU A,B,S
    767  4+1   EABB A7   E8 79           STA 121,S
    768  4+1   EABE E7   E8 51           STB 81,S
    769
    770  5+2   EAC1 37   06              PULU A,B
    771  4+1   EAC3 A7   E8 29           STA 41,S
    772  4+1   EAC6 E7   61              STB 1,S
    773
    774  5+2   EAC8 37   06              PULU A,B
    775  4+1   EACA A7   E8 D9           STA -39,S
    776  4+1   EACD E7   E8 D7           STB -41,S
    777
    778  5+2   EAD0 37   06              PULU A,B
    779  4+1   EAD2 A7   E8 B1           STA -79,S
    780  4+1   EAD5 E7   E8 AF           STB -81,S
    781
    782  5+2   EAD8 37   06              PULU A,B
    783  4+1   EADA A7   E8 89           STA -119,S
    784  4+1   EADD E7   E8 87           STB -121,S
    785
    786  5+2   EAE0 37   06              PULU A,B
    787  4+1   EAE2 A7   E8 76           STA 118,S
    788  4+1   EAE5 E7   E8 4E           STB 78,S
    789
    790  5+3   EAE8 37   12              PULU A,X
    791  4+1   EAEA A7   E8 26           STA 38,S
    792  5+1   EAED AF   7E              STX -2,S
    793
    794  5+5   EAEF 37   54              PULU B,X,S
    795  5+3   EAF1 34   14              PSHS B,X
    796
    797  5+2   EAF3 37   06              PULU D
    798  5+1   EAF5 ED   E8 51           STD 81,S
    799
    800  5+4   EAF8 37   16              PULU A,B,X
    801  4+1   EAFA A7   E8 2A           STA 42,S
    802  4+1   EAFD E7   E8 7B           STB 123,S
    803  5+1   EB00 AF   E8 79           STX 121,S
    804
    805  5+3   EB03 37   12              PULU A,X
    806  4+1   EB05 A7   E8 2C           STA 44,S
    807  5+1   EB08 AF   E8 28           STX 40,S
    808
    809  5+1   EB0B 37   02              PULU A
    810  4+1   EB0D A7   64              STA 4,S
    811
    812  5+5   EB0F 37   54              PULU B,X,S
    813  5+3   EB11 34   14              PSHS B,X
    814
    815  5+6   EB13 37   56              PULU D,X,S
    816  5+4   EB15 34   16              PSHS D,X
    817
    818  5+6   EB17 37   36              PULU D,X,Y
    819  5+1   EB19 ED   E8 52           STD 82,S
    820  5+1   EB1C AF   E8 2A           STX 42,S
    821  6+1   EB1F 10AF E8 50           STY 80,S
    822
    823  5+2   EB23 37   06              PULU D
    824  5+1   EB25 ED   E8 28           STD 40,S
    825
    826  5+5   EB28 37   54              PULU B,X,S
    827  5+3   EB2A 34   14              PSHS B,X
    828
    829  5+5   EB2C 37   54              PULU B,X,S
    830  5+3   EB2E 34   14              PSHS B,X
    831
    832  5+5   EB30 37   54              PULU B,X,S
    833  5+3   EB32 34   14              PSHS B,X
    834
    835  5+5   EB34 37   54              PULU B,X,S
    836  5+3   EB36 34   14              PSHS B,X
    837
    838  5+5   EB38 37   54              PULU B,X,S
    839  5+3   EB3A 34   14              PSHS B,X
    840
    841  5+5   EB3C 37   54              PULU B,X,S
    842  5+3   EB3E 34   14              PSHS B,X
    843
    844  5+3   EB40 37   12              PULU A,X
    845  4+1   EB42 A7   E8 2A           STA 42,S
    846  5+1   EB45 AF   E8 28           STX 40,S
    847
    848  5+5   EB48 37   54              PULU B,X,S
    849  5+3   EB4A 34   14              PSHS B,X
    850
    851  5+5   EB4C 37   54              PULU B,X,S
    852  5+3   EB4E 34   14              PSHS B,X
    853
    854  5+5   EB50 37   54              PULU B,X,S
    855  5+3   EB52 34   14              PSHS B,X
    856
    857  5+5   EB54 37   54              PULU B,X,S
    858  5+3   EB56 34   14              PSHS B,X
    859
    860  5+2   EB58 37   06              PULU D
    861  5+1   EB5A ED   E8 D8           STD -40,S
    862
    863  5+6   EB5D 37   36              PULU A,B,X,Y
    864  4+1   EB5F A7   E8 DA           STA -38,S
    865  4+1   EB62 E7   E8 B2           STB -78,S
    866  5+1   EB65 AF   E8 B0           STX -80,S
    867  6+1   EB68 10AF E8 89           STY -119,S
    868
    869  5+8   EB6C 37   76              PULU D,X,Y,S
    870  5+1   EB6E ED   E8 13           STD 19,S
    871  5+1   EB71 AF   E8 EB           STX -21,S
    872  6+1   EB74 10AF E8 C3           STY -61,S
    873
    874  5+3   EB78 37   12              PULU A,X
    875  4+1   EB7A A7   E8 3D           STA 61,S
    876  5+1   EB7D AF   E8 3B           STX 59,S
    877
    878  5+1   EB80 37   02              PULU A
    879  4+1   EB82 A7   E8 15           STA 21,S
    880
    881        EB85               ERASE_POS_HWR3_2
    882  4     EB85 10CE 0000            LDS #$0000
    883  3     EB89 CE   ECFA            LDU #ERASE_DATA_HWR3_2
    884
    885        EB8C               ERASE_CODE_HWR3_2
    886  5+4   EB8C 37   46              PULU A,B,S
    887  4+1   EB8E A7   E8 14           STA 20,S
    888  4+1   EB91 E7   E8 EC           STB -20,S
    889
    890  5+2   EB94 37   06              PULU A,B
    891  4+1   EB96 A7   E8 C4           STA -60,S
    892  4+1   EB99 E7   E8 9C           STB -100,S
    893
    894  5+2   EB9C 37   06              PULU A,B
    895  4+1   EB9E A7   E8 64           STA 100,S
    896  4+1   EBA1 E7   E8 3C           STB 60,S
    897
    898  5+5   EBA4 37   32              PULU A,X,Y
    899  4+1   EBA6 A7   E8 EE           STA -18,S
    900  5+1   EBA9 AF   E8 C6           STX -58,S
    901  6+1   EBAC 10AF E8 9E           STY -98,S
    902
    903  5+7   EBB0 37   72              PULU A,X,Y,S
    904  4+1   EBB2 A7   E8 77           STA 119,S
    905  5+1   EBB5 AF   E8 27           STX 39,S
    906  6+1   EBB8 10AF 61              STY 1,S
    907
    908  5+2   EBBB 37   06              PULU D
    909  5+1   EBBD ED   E8 D7           STD -41,S
    910
    911  5+6   EBC0 37   36              PULU A,B,X,Y
    912  4+1   EBC2 A7   E8 B0           STA -80,S
    913  4+1   EBC5 E7   E8 88           STB -120,S
    914  5+1   EBC8 AF   E8 79           STX 121,S
    915  6+1   EBCB 10AF E8 51           STY 81,S
    916
    917  5+6   EBCF 37   36              PULU D,X,Y
    918  5+1   EBD1 ED   E8 4F           STD 79,S
    919  5+1   EBD4 AF   E8 29           STX 41,S
    920  6+1   EBD7 10AF 7F              STY -1,S
    921
    922  5+2   EBDA 37   06              PULU D
    923  5+1   EBDC ED   E8 D9           STD -39,S
    924
    925  5+3   EBDF 37   12              PULU A,X
    926  4+1   EBE1 A7   E8 B2           STA -78,S
    927  5+1   EBE4 AF   E8 AE           STX -82,S
    928
    929  5+2   EBE7 37   06              PULU A,B
    930  4+1   EBE9 A7   E8 8A           STA -118,S
    931  4+1   EBEC E7   E8 86           STB -122,S
    932
    933  5+7   EBEF 37   72              PULU A,X,Y,S
    934  4+1   EBF1 A7   E8 78           STA 120,S
    935  5+1   EBF4 AF   E8 50           STX 80,S
    936  6+1   EBF7 10AF E8 28           STY 40,S
    937
    938  5+2   EBFB 37   06              PULU A,B
    939  4+1   EBFD A7   E8 D9           STA -39,S
    940  4+1   EC00 E7   E8 B1           STB -79,S
    941
    942  5+6   EC03 37   36              PULU A,B,X,Y
    943  4+1   EC05 A7   E8 89           STA -119,S
    944  4+1   EC08 E7   E8 76           STB 118,S
    945  5+1   EC0B AF   E8 4E           STX 78,S
    946  6+1   EC0E 10AF E8 26           STY 38,S
    947
    948  5+6   EC12 37   36              PULU D,X,Y
    949  5+0   EC14 ED   E4              STD ,S
    950  5+1   EC16 AF   7E              STX -2,S
    951  6+1   EC18 10AF E8 D7           STY -41,S
    952
    953  5+4   EC1C 37   16              PULU D,X
    954  5+1   EC1E ED   E8 AF           STD -81,S
    955  5+1   EC21 AF   E8 87           STX -121,S
    956
    957  5+5   EC24 37   54              PULU B,X,S
    958  5+3   EC26 34   14              PSHS B,X
    959
    960  5+6   EC28 37   36              PULU D,X,Y
    961  5+1   EC2A ED   E8 79           STD 121,S
    962  5+1   EC2D AF   E8 51           STX 81,S
    963  6+1   EC30 10AF E8 29           STY 41,S
    964
    965  5+5   EC34 37   54              PULU B,X,S
    966  5+3   EC36 34   14              PSHS B,X
    967
    968  5+6   EC38 37   36              PULU A,B,X,Y
    969  4+1   EC3A A7   E8 DA           STA -38,S
    970  4+1   EC3D E7   E8 B2           STB -78,S
    971  5+1   EC40 AF   E8 89           STX -119,S
    972  6+1   EC43 10AF E8 D8           STY -40,S
    973
    974  5+2   EC47 37   06              PULU D
    975  5+1   EC49 ED   E8 B0           STD -80,S
    976
    977  5+4   EC4C 37   46              PULU D,S
    978  5+0   EC4E ED   E4              STD ,S
    979
    980  5+8   EC50 37   76              PULU D,X,Y,S
    981  5+1   EC52 ED   E8 78           STD 120,S
    982  5+1   EC55 AF   E8 50           STX 80,S
    983  6+1   EC58 10AF E8 28           STY 40,S
    984
    985  5+2   EC5C 37   06              PULU A,B
    986  4+1   EC5E A7   61              STA 1,S
    987  4+1   EC60 E7   E8 B0           STB -80,S
    988
    989  5+3   EC63 37   12              PULU A,X
    990  4+1   EC65 A7   E8 88           STA -120,S
    991  5+1   EC68 AF   7F              STX -1,S
    992
    993  5+3   EC6A 37   12              PULU A,X
    994  4+1   EC6C A7   E8 D9           STA -39,S
    995  5+1   EC6F AF   E8 D7           STX -41,S
    996
    997        EC72               ERASE_SSAV_HWR3
    998  4     EC72 10CE 0000            LDS #$0000
    999  5+5   EC76 35   C8              PULS DP,U,PC * Ajout du PC au PULS>>
   1000
   1001        EC78               ERASE_DATA_HWR3_1
   1002        EC78 0000                 FDB $0000
   1003        EC7A 0000                 FDB $0000
   1004        EC7C 0000                 FDB $0000
   1005        EC7E 0000                 FDB $0000
   1006        EC80 0000                 FDB $0000
   1007        EC82 0000                 FDB $0000
   1008        EC84 0000                 FDB $0000
   1009        EC86 0000                 FDB $0000
   1010        EC88 0000                 FDB $0000
   1011        EC8A 0000                 FDB $0000
   1012        EC8C 0000                 FDB $0000
   1013        EC8E 0000                 FDB $0000
   1014        EC90 0000                 FDB $0000
   1015        EC92 0000                 FDB $0000
   1016        EC94 0000                 FDB $0000
   1017        EC96 0000                 FDB $0000
   1018        EC98 0000                 FDB $0000
   1019        EC9A 0000                 FDB $0000
   1020        EC9C 0000                 FDB $0000
   1021        EC9E 0000                 FDB $0000
   1022        ECA0 0000                 FDB $0000
   1023        ECA2 0000                 FDB $0000
   1024        ECA4 0000                 FDB $0000
   1025        ECA6 0000                 FDB $0000
   1026        ECA8 0000                 FDB $0000
   1027        ECAA 0000                 FDB $0000
   1028        ECAC 0000                 FDB $0000
   1029        ECAE 0000                 FDB $0000
   1030        ECB0 0000                 FDB $0000
   1031        ECB2 0000                 FDB $0000
   1032        ECB4 0000                 FDB $0000
   1033        ECB6 0000                 FDB $0000
   1034        ECB8 0000                 FDB $0000
   1035        ECBA 0000                 FDB $0000
   1036        ECBC 0000                 FDB $0000
   1037        ECBE 0000                 FDB $0000
   1038        ECC0 0000                 FDB $0000
   1039        ECC2 0000                 FDB $0000
   1040        ECC4 0000                 FDB $0000
   1041        ECC6 0000                 FDB $0000
   1042        ECC8 0000                 FDB $0000
   1043        ECCA 0000                 FDB $0000
   1044        ECCC 0000                 FDB $0000
   1045        ECCE 0000                 FDB $0000
   1046        ECD0 0000                 FDB $0000
   1047        ECD2 0000                 FDB $0000
   1048        ECD4 0000                 FDB $0000
   1049        ECD6 0000                 FDB $0000
   1050        ECD8 0000                 FDB $0000
   1051        ECDA 0000                 FDB $0000
   1052        ECDC 0000                 FDB $0000
   1053        ECDE 0000                 FDB $0000
   1054        ECE0 0000                 FDB $0000
   1055        ECE2 0000                 FDB $0000
   1056        ECE4 0000                 FDB $0000
   1057        ECE6 0000                 FDB $0000
   1058        ECE8 0000                 FDB $0000
   1059        ECEA 0000                 FDB $0000
   1060        ECEC 0000                 FDB $0000
   1061        ECEE 0000                 FDB $0000
   1062        ECF0 0000                 FDB $0000
   1063        ECF2 0000                 FDB $0000
   1064        ECF4 0000                 FDB $0000
   1065        ECF6 0000                 FDB $0000
   1066        ECF8 0000                 FDB $0000
   1067        ECFA               ERASE_DATA_HWR3_2
   1068        ECFA 0000                 FDB $0000
   1069        ECFC 0000                 FDB $0000
   1070        ECFE 0000                 FDB $0000
   1071        ED00 0000                 FDB $0000
   1072        ED02 0000                 FDB $0000
   1073        ED04 0000                 FDB $0000
   1074        ED06 0000                 FDB $0000
   1075        ED08 0000                 FDB $0000
   1076        ED0A 0000                 FDB $0000
   1077        ED0C 0000                 FDB $0000
   1078        ED0E 0000                 FDB $0000
   1079        ED10 0000                 FDB $0000
   1080        ED12 0000                 FDB $0000
   1081        ED14 0000                 FDB $0000
   1082        ED16 0000                 FDB $0000
   1083        ED18 0000                 FDB $0000
   1084        ED1A 0000                 FDB $0000
   1085        ED1C 0000                 FDB $0000
   1086        ED1E 0000                 FDB $0000
   1087        ED20 0000                 FDB $0000
   1088        ED22 0000                 FDB $0000
   1089        ED24 0000                 FDB $0000
   1090        ED26 0000                 FDB $0000
   1091        ED28 0000                 FDB $0000
   1092        ED2A 0000                 FDB $0000
   1093        ED2C 0000                 FDB $0000
   1094        ED2E 0000                 FDB $0000
   1095        ED30 0000                 FDB $0000
   1096        ED32 0000                 FDB $0000
   1097        ED34 0000                 FDB $0000
   1098        ED36 0000                 FDB $0000
   1099        ED38 0000                 FDB $0000
   1100        ED3A 0000                 FDB $0000
   1101        ED3C 0000                 FDB $0000
   1102        ED3E 0000                 FDB $0000
   1103        ED40 0000                 FDB $0000
   1104        ED42 0000                 FDB $0000
   1105        ED44 0000                 FDB $0000
   1106        ED46 0000                 FDB $0000
   1107        ED48 0000                 FDB $0000
   1108        ED4A 0000                 FDB $0000
   1109        ED4C 0000                 FDB $0000
   1110        ED4E 0000                 FDB $0000
   1111        ED50 0000                 FDB $0000
   1112        ED52 0000                 FDB $0000
   1113        ED54 0000                 FDB $0000
   1114        ED56 0000                 FDB $0000
   1115        ED58 0000                 FDB $0000
   1116        ED5A 0000                 FDB $0000
   1117        ED5C 0000                 FDB $0000
   1118        ED5E 0000                 FDB $0000
   1119        ED60 0000                 FDB $0000
   1120        ED62 0000                 FDB $0000
   1121        ED64 0000                 FDB $0000
   1122        ED66 0000                 FDB $0000
   1123        ED68               ERASE_DATA_HWR3_END

000000 Total Errors

000011 Total Symbols
     0x          Label E513 DRAW_HWR3
     0x          Label EAAA ERASE_CODE_HWR3_1
     0x          Label EB8C ERASE_CODE_HWR3_2
     1x          Label EC78 ERASE_DATA_HWR3_1
     2x          Label ECFA ERASE_DATA_HWR3_2
     1x          Label ED68 ERASE_DATA_HWR3_END
     0x          Label EA9D ERASE_HWR3
     1x          Label EAA3 ERASE_POS_HWR3_1
     1x          Label EB85 ERASE_POS_HWR3_2
     1x          Label EC72 ERASE_SSAV_HWR3
     1x          Label EA97 SSAV_HWR3

