/*--------------------------------------------------------------*
 * Compilé avec C6809 v0.83                                     *
 *--------------------------------------------------------------*
 * Fichier source      : tmp/HWR8.ASM
 * Fichier destination : tmp/HWR8.BIN
 * Contenu :
 *     Main     0:IMG.ASM      10063
 *--------------------------------------------------------------*/

Macro Pass
Pass1
Pass2
      2        AE1F                      ORG $AE1F
      3        AE1F               DRAW_HWR8
      4  5+3   AE1F 34   48              PSHS U,DP
      5  7     AE21 10FF B2E0            STS SSAV_HWR8+2
      6
      7  7     AE25 10FE 9F00            LDS $9F00
      8  7     AE29 10FF B2EC            STS ERASE_POS_HWR8_1+2
      9  3     AE2D CE   B506            LDU #ERASE_DATA_HWR8_2
     10  4+4   AE30 32   E9 020B         LEAS 523,S
     11
     12  5+1   AE34 EC   E8 AF           LDD -81,S
     13  5+2   AE37 36   06              PSHU D
     14  2     AE39 84   F0              ANDA #$F0
     15  2     AE3B C4   0F              ANDB #$0F
     16  4     AE3D C3   0AA0            ADDD #$0aa0
     17  5+1   AE40 ED   E8 AF           STD -81,S
     18  5+1   AE43 AE   E8 D7           LDX -41,S
     19  3     AE46 CC   CCAA            LDD #$ccaa
     20  5+1   AE49 ED   E8 D7           STD -41,S
     21  6+1   AE4C 10AE 7F              LDY -1,S
     22  5+4   AE4F 36   30              PSHU Y,X
     23  3     AE51 CC   DCAD            LDD #$dcad
     24  5+1   AE54 ED   7F              STD -1,S
     25  5+1   AE56 EC   E8 27           LDD 39,S
     26  5+2   AE59 36   06              PSHU D
     27  3     AE5B CC   DDC2            LDD #$ddc2
     28  5+1   AE5E ED   E8 27           STD 39,S
     29  5+1   AE61 EC   E8 4F           LDD 79,S
     30  5+2   AE64 36   06              PSHU D
     31  2     AE66 84   F0              ANDA #$F0
     32  2     AE68 8A   0D              ORA #$0d
     33  2     AE6A C6   D2              LDB #$d2
     34  5+1   AE6C ED   E8 4F           STD 79,S
     35  4+1   AE6F A6   E8 51           LDA 81,S
     36  5+3   AE72 36   42              PSHU S,A
     37  2     AE74 84   0F              ANDA #$0F
     38  2     AE76 8A   A0              ORA #$a0
     39  4+1   AE78 A7   E8 51           STA 81,S
     40  4+4   AE7B 32   E9 00EF         LEAS 239,S
     41
     42  5+1   AE7F EC   E8 89           LDD -119,S
     43  5+2   AE82 36   06              PSHU D
     44  2     AE84 86   D2              LDA #$d2
     45  2     AE86 C4   0F              ANDB #$0F
     46  2     AE88 CA   A0              ORB #$a0
     47  5+1   AE8A ED   E8 89           STD -119,S
     48  5+1   AE8D EC   E8 B0           LDD -80,S
     49  5+2   AE90 36   06              PSHU D
     50  2     AE92 84   F0              ANDA #$F0
     51  2     AE94 8A   0C              ORA #$0c
     52  2     AE96 C6   D2              LDB #$d2
     53  5+1   AE98 ED   E8 B0           STD -80,S
     54  4+1   AE9B A6   E8 B2           LDA -78,S
     55  5+1   AE9E 36   02              PSHU A
     56  2     AEA0 84   0F              ANDA #$0F
     57  2     AEA2 8A   A0              ORA #$a0
     58  4+1   AEA4 A7   E8 B2           STA -78,S
     59  4+1   AEA7 A6   E8 DA           LDA -38,S
     60  5+1   AEAA 36   02              PSHU A
     61  2     AEAC 84   0F              ANDA #$0F
     62  2     AEAE 8A   A0              ORA #$a0
     63  4+1   AEB0 A7   E8 DA           STA -38,S
     64  5+1   AEB3 AE   E8 D8           LDX -40,S
     65  5+2   AEB6 36   10              PSHU X
     66  3     AEB8 CC   CCDA            LDD #$ccda
     67  5+1   AEBB ED   E8 D8           STD -40,S
     68  5+3   AEBE 35   12              PULS A,X
     69  5+5   AEC0 36   52              PSHU S,X,A
     70  2     AEC2 86   CC              LDA #$cc
     71  3     AEC4 8E   AAAC            LDX #$aaac
     72  5+3   AEC7 34   12              PSHS A,X
     73  4+1   AEC9 32   E8 28           LEAS 40,S
     74
     75  5+3   AECC 35   12              PULS A,X
     76  5+5   AECE 36   52              PSHU S,X,A
     77  2     AED0 86   DC              LDA #$dc
     78  3     AED2 8E   BACA            LDX #$baca
     79  5+3   AED5 34   12              PSHS A,X
     80  4+1   AED7 32   E8 28           LEAS 40,S
     81
     82  5+1   AEDA EC   E8 27           LDD 39,S
     83  5+2   AEDD 36   06              PSHU D
     84  2     AEDF 84   F0              ANDA #$F0
     85  2     AEE1 8A   0D              ORA #$0d
     86  2     AEE3 C6   DD              LDB #$dd
     87  5+1   AEE5 ED   E8 27           STD 39,S
     88  5+1   AEE8 EC   E8 78           LDD 120,S
     89  5+2   AEEB 36   06              PSHU D
     90  2     AEED 84   F0              ANDA #$F0
     91  2     AEEF 8A   0D              ORA #$0d
     92  2     AEF1 C6   CC              LDB #$cc
     93  5+1   AEF3 ED   E8 78           STD 120,S
     94  5+1   AEF6 AE   E8 29           LDX 41,S
     95  3     AEF9 CC   AAAC            LDD #$aaac
     96  5+1   AEFC ED   E8 29           STD 41,S
     97  6+1   AEFF 10AE E8 50           LDY 80,S
     98  5+4   AF03 36   30              PSHU Y,X
     99  3     AF05 CC   DDAA            LDD #$ddaa
    100  5+1   AF08 ED   E8 50           STD 80,S
    101  4+1   AF0B A6   E8 7A           LDA 122,S
    102  4+1   AF0E E6   E8 52           LDB 82,S
    103  5+2   AF11 36   06              PSHU B,A
    104  2     AF13 84   0F              ANDA #$0F
    105  2     AF15 8A   90              ORA #$90
    106  4+1   AF17 A7   E8 52           STA 82,S
    107  2     AF1A 86   9A              LDA #$9a
    108  4+1   AF1C A7   E8 7A           STA 122,S
    109  5+3   AF1F 35   12              PULS A,X
    110  5+5   AF21 36   52              PSHU S,X,A
    111  2     AF23 86   DC              LDA #$dc
    112  3     AF25 8E   AA0C            LDX #$aa0c
    113  5+3   AF28 34   12              PSHS A,X
    114  4+4   AF2A 32   E9 00A0         LEAS 160,S
    115
    116  5+3   AF2E 35   12              PULS A,X
    117  5+5   AF30 36   52              PSHU S,X,A
    118  2     AF32 86   CC              LDA #$cc
    119  3     AF34 8E   C229            LDX #$c229
    120  5+3   AF37 34   12              PSHS A,X
    121  4+1   AF39 32   E8 28           LEAS 40,S
    122
    123  5+1   AF3C AE   E8 28           LDX 40,S
    124  3     AF3F CC   DD32            LDD #$dd32
    125  5+1   AF42 ED   E8 28           STD 40,S
    126  6+1   AF45 10AE E8 50           LDY 80,S
    127  5+4   AF49 36   30              PSHU Y,X
    128  2     AF4B C6   D2              LDB #$d2
    129  5+1   AF4D ED   E8 50           STD 80,S
    130  4+1   AF50 A6   E8 2A           LDA 42,S
    131  5+1   AF53 36   02              PSHU A
    132  2     AF55 84   0F              ANDA #$0F
    133  2     AF57 8A   20              ORA #$20
    134  4+1   AF59 A7   E8 2A           STA 42,S
    135  4+1   AF5C A6   E8 52           LDA 82,S
    136  5+1   AF5F 36   02              PSHU A
    137  2     AF61 84   0F              ANDA #$0F
    138  2     AF63 8A   10              ORA #$10
    139  4+1   AF65 A7   E8 52           STA 82,S
    140  5+1   AF68 AE   E8 78           LDX 120,S
    141  5+2   AF6B 36   10              PSHU X
    142  3     AF6D CC   D00A            LDD #$d00a
    143  5+1   AF70 ED   E8 78           STD 120,S
    144  5+3   AF73 35   12              PULS A,X
    145  5+5   AF75 36   52              PSHU S,X,A
    146  2     AF77 86   CC              LDA #$cc
    147  3     AF79 8E   3220            LDX #$3220
    148  5+3   AF7C 34   12              PSHS A,X
    149  4+4   AF7E 32   E9 0119         LEAS 281,S
    150
    151  5+1   AF82 AE   E8 AF           LDX -81,S
    152  3     AF85 CC   9DEA            LDD #$9dea
    153  5+1   AF88 ED   E8 AF           STD -81,S
    154  6+1   AF8B 10AE E8 87           LDY -121,S
    155  5+4   AF8F 36   30              PSHU Y,X
    156  4+1   AF91 A6   E8 89           LDA -119,S
    157  5+1   AF94 36   02              PSHU A
    158  2     AF96 84   0F              ANDA #$0F
    159  2     AF98 8A   A0              ORA #$a0
    160  4+1   AF9A A7   E8 89           STA -119,S
    161  4+1   AF9D A6   E8 B1           LDA -79,S
    162  5+1   AFA0 36   02              PSHU A
    163  2     AFA2 84   0F              ANDA #$0F
    164  2     AFA4 8A   B0              ORA #$b0
    165  4+1   AFA6 A7   E8 B1           STA -79,S
    166  4+1   AFA9 A6   E8 D9           LDA -39,S
    167  5+1   AFAC 36   02              PSHU A
    168  2     AFAE 84   0F              ANDA #$0F
    169  2     AFB0 8A   A0              ORA #$a0
    170  4+1   AFB2 A7   E8 D9           STA -39,S
    171  4+1   AFB5 A6   61              LDA 1,S
    172  5+1   AFB7 36   02              PSHU A
    173  2     AFB9 84   0F              ANDA #$0F
    174  2     AFBB 8A   A0              ORA #$a0
    175  4+1   AFBD A7   61              STA 1,S
    176  5+1   AFBF EC   E8 4F           LDD 79,S
    177  5+2   AFC2 36   06              PSHU D
    178  2     AFC4 84   0F              ANDA #$0F
    179  2     AFC6 8A   D0              ORA #$d0
    180  2     AFC8 C6   3D              LDB #$3d
    181  5+1   AFCA ED   E8 4F           STD 79,S
    182  5+1   AFCD AE   E8 78           LDX 120,S
    183  6+1   AFD0 10AE 7F              LDY -1,S
    184  5+4   AFD3 36   30              PSHU Y,X
    185  5+1   AFD5 EC   E8 27           LDD 39,S
    186  5+1   AFD8 AE   E8 D7           LDX -41,S
    187  5+6   AFDB 36   56              PSHU S,X,D
    188  3     AFDD CC   DD3A            LDD #$dd3a
    189  5+1   AFE0 ED   7F              STD -1,S
    190  2     AFE2 C6   E3              LDB #$e3
    191  5+1   AFE4 ED   E8 27           STD 39,S
    192  3     AFE7 CC   CD2A            LDD #$cd2a
    193  5+1   AFEA ED   E8 D7           STD -41,S
    194  3     AFED CC   AD1A            LDD #$ad1a
    195  5+1   AFF0 ED   E8 87           STD -121,S
    196  3     AFF3 CC   D0AF            LDD #$d0af
    197  5+1   AFF6 ED   E8 78           STD 120,S
    198  4+4   AFF9 32   E9 0116         LEAS 278,S
    199
    200  4+1   AFFD A6   E8 28           LDA 40,S
    201  4+1   B000 E6   E8 50           LDB 80,S
    202  5+2   B003 36   06              PSHU B,A
    203  4+1   B005 A6   63              LDA 3,S
    204  5+1   B007 36   02              PSHU A
    205  5+1   B009 EC   E8 8B           LDD -117,S
    206  5+2   B00C 36   06              PSHU D
    207  2     B00E 86   11              LDA #$11
    208  2     B010 C4   0F              ANDB #$0F
    209  2     B012 CA   F0              ORB #$f0
    210  5+1   B014 ED   E8 8B           STD -117,S
    211  5+1   B017 EC   E8 B3           LDD -77,S
    212  5+2   B01A 36   06              PSHU D
    213  2     B01C 86   11              LDA #$11
    214  2     B01E C4   0F              ANDB #$0F
    215  2     B020 CA   00              ORB #$00
    216  5+1   B022 ED   E8 B3           STD -77,S
    217  5+1   B025 EC   E8 DB           LDD -37,S
    218  5+2   B028 36   06              PSHU D
    219  2     B02A 86   10              LDA #$10
    220  2     B02C C4   0F              ANDB #$0F
    221  2     B02E CA   E0              ORB #$e0
    222  5+1   B030 ED   E8 DB           STD -37,S
    223  5+0   B033 EC   E4              LDD ,S
    224  5+2   B035 36   06              PSHU D
    225  2     B037 86   9A              LDA #$9a
    226  2     B039 C4   0F              ANDB #$0F
    227  2     B03B CA   A0              ORB #$a0
    228  5+0   B03D ED   E4              STD ,S
    229  4+1   B03F A7   E8 28           STA 40,S
    230  5+1   B042 EC   E8 88           LDD -120,S
    231  5+2   B045 36   06              PSHU D
    232  2     B047 84   F0              ANDA #$F0
    233  2     B049 8A   0F              ORA #$0f
    234  2     B04B C6   AC              LDB #$ac
    235  5+1   B04D ED   E8 88           STD -120,S
    236  5+1   B050 EC   E8 B0           LDD -80,S
    237  5+2   B053 36   06              PSHU D
    238  2     B055 84   F0              ANDA #$F0
    239  2     B057 8A   01              ORA #$01
    240  2     B059 C6   CC              LDB #$cc
    241  5+1   B05B ED   E8 B0           STD -80,S
    242  5+1   B05E EC   E8 D8           LDD -40,S
    243  5+2   B061 36   06              PSHU D
    244  2     B063 84   F0              ANDA #$F0
    245  2     B065 8A   01              ORA #$01
    246  2     B067 C6   DD              LDB #$dd
    247  5+1   B069 ED   E8 D8           STD -40,S
    248  4+1   B06C A6   E8 78           LDA 120,S
    249  4+1   B06F E6   E8 2B           LDB 43,S
    250  5+4   B072 36   46              PSHU S,B,A
    251  2     B074 86   E1              LDA #$e1
    252  4+1   B076 A7   E8 2B           STA 43,S
    253  2     B079 86   EB              LDA #$eb
    254  4+1   B07B A7   E8 50           STA 80,S
    255  2     B07E 86   1F              LDA #$1f
    256  4+1   B080 A7   E8 78           STA 120,S
    257  2     B083 86   0E              LDA #$0e
    258  4+1   B085 A7   63              STA 3,S
    259  4+4   B087 32   E9 00DC         LEAS 220,S
    260
    261  4+1   B08B A6   E8 C4           LDA -60,S
    262  4+1   B08E E6   E8 EC           LDB -20,S
    263  5+2   B091 36   06              PSHU B,A
    264  2     B093 86   11              LDA #$11
    265  4+1   B095 A7   E8 EC           STA -20,S
    266  4+1   B098 A6   E8 14           LDA 20,S
    267  4+1   B09B E6   E8 3C           LDB 60,S
    268  5+4   B09E 36   46              PSHU S,B,A
    269  2     B0A0 86   1F              LDA #$1f
    270  4+1   B0A2 A7   E8 C4           STA -60,S
    271  4+1   B0A5 A7   E8 14           STA 20,S
    272  2     B0A8 86   0E              LDA #$0e
    273  4+1   B0AA A7   E8 3C           STA 60,S
    274
    275  7     B0AD 10FE 9F02            LDS $9F00+2
    276  7     B0B1 10FF B3C7            STS ERASE_POS_HWR8_2+2
    277  3     B0B5 CE   B56C            LDU #ERASE_DATA_HWR8_END
    278
    279  4+4   B0B8 32   E9 0209         LEAS 521,S
    280
    281  5+1   B0BC AE   E8 29           LDX 41,S
    282  6+1   B0BF 10AE E8 51           LDY 81,S
    283  5+4   B0C3 36   30              PSHU Y,X
    284  5+1   B0C5 EC   E8 79           LDD 121,S
    285  5+2   B0C8 36   06              PSHU D
    286  3     B0CA CC   DCDA            LDD #$dcda
    287  5+1   B0CD ED   E8 29           STD 41,S
    288  2     B0D0 C6   3A              LDB #$3a
    289  5+1   B0D2 ED   E8 51           STD 81,S
    290  5+1   B0D5 ED   E8 79           STD 121,S
    291  5+1   B0D8 EC   E8 D8           LDD -40,S
    292  5+2   B0DB 36   06              PSHU D
    293  2     B0DD 84   F0              ANDA #$F0
    294  2     B0DF 8A   0C              ORA #$0c
    295  2     B0E1 C6   AA              LDB #$aa
    296  5+1   B0E3 ED   E8 D8           STD -40,S
    297  4+1   B0E6 A6   E8 B1           LDA -79,S
    298  4+1   B0E9 E7   E8 B1           STB -79,S
    299  5+3   B0EC 35   14              PULS B,X
    300  5+6   B0EE 36   56              PSHU S,X,B,A
    301  2     B0F0 86   DD              LDA #$dd
    302  3     B0F2 8E   CCDD            LDX #$ccdd
    303  5+3   B0F5 34   12              PSHS A,X
    304  4+4   B0F7 32   E9 0118         LEAS 280,S
    305
    306  4+1   B0FB A6   E8 DA           LDA -38,S
    307  5+1   B0FE AE   E8 89           LDX -119,S
    308  6+1   B101 10AE E8 B1           LDY -79,S
    309  5+5   B105 36   32              PSHU Y,X,A
    310  3     B107 CC   CCAA            LDD #$ccaa
    311  5+1   B10A ED   E8 89           STD -119,S
    312  2     B10D C6   AD              LDB #$ad
    313  5+1   B10F ED   E8 B1           STD -79,S
    314  5+1   B112 EC   E8 D8           LDD -40,S
    315  5+2   B115 36   06              PSHU D
    316  2     B117 84   F0              ANDA #$F0
    317  2     B119 8A   0C              ORA #$0c
    318  2     B11B C6   CC              LDB #$cc
    319  5+1   B11D ED   E8 D8           STD -40,S
    320  2     B120 86   CB              LDA #$cb
    321  4+1   B122 A7   E8 DA           STA -38,S
    322  5+3   B125 35   12              PULS A,X
    323  5+5   B127 36   52              PSHU S,X,A
    324  3     B129 8E   CCCB            LDX #$cccb
    325  5+3   B12C 34   14              PSHS B,X
    326  4+1   B12E 32   E8 28           LEAS 40,S
    327
    328  5+3   B131 35   12              PULS A,X
    329  5+5   B133 36   52              PSHU S,X,A
    330  2     B135 86   DD              LDA #$dd
    331  3     B137 8E   CCAB            LDX #$ccab
    332  5+3   B13A 34   12              PSHS A,X
    333  4+1   B13C 32   E8 28           LEAS 40,S
    334
    335  5+1   B13F AE   E8 29           LDX 41,S
    336  6+1   B142 10AE E8 51           LDY 81,S
    337  5+4   B146 36   30              PSHU Y,X
    338  3     B148 CC   CCAB            LDD #$ccab
    339  5+1   B14B ED   E8 29           STD 41,S
    340  5+1   B14E ED   E8 51           STD 81,S
    341  5+1   B151 EC   E8 79           LDD 121,S
    342  5+2   B154 36   06              PSHU D
    343  3     B156 CC   DCCB            LDD #$dccb
    344  5+1   B159 ED   E8 79           STD 121,S
    345  5+3   B15C 35   12              PULS A,X
    346  5+5   B15E 36   52              PSHU S,X,A
    347  2     B160 86   DD              LDA #$dd
    348  3     B162 8E   CCAB            LDX #$ccab
    349  5+3   B165 34   12              PSHS A,X
    350  4+4   B167 32   E9 0118         LEAS 280,S
    351
    352  4+1   B16B A6   E8 8A           LDA -118,S
    353  4+1   B16E E6   E8 DA           LDB -38,S
    354  5+1   B171 AE   E8 79           LDX 121,S
    355  5+4   B174 36   16              PSHU X,B,A
    356  4+1   B176 A6   E8 2A           LDA 42,S
    357  4+1   B179 E6   E8 B2           LDB -78,S
    358  5+1   B17C AE   E8 51           LDX 81,S
    359  5+4   B17F 36   16              PSHU X,B,A
    360  5+1   B181 EC   E8 88           LDD -120,S
    361  5+2   B184 36   06              PSHU D
    362  2     B186 84   F0              ANDA #$F0
    363  2     B188 8A   0C              ORA #$0c
    364  2     B18A C6   DD              LDB #$dd
    365  5+1   B18C ED   E8 88           STD -120,S
    366  5+1   B18F EC   E8 B0           LDD -80,S
    367  5+2   B192 36   06              PSHU D
    368  2     B194 84   F0              ANDA #$F0
    369  2     B196 8A   0D              ORA #$0d
    370  2     B198 C6   DD              LDB #$dd
    371  5+1   B19A ED   E8 B0           STD -80,S
    372  5+1   B19D EC   E8 D8           LDD -40,S
    373  5+2   B1A0 36   06              PSHU D
    374  2     B1A2 84   F0              ANDA #$F0
    375  2     B1A4 8A   0D              ORA #$0d
    376  2     B1A6 C6   0D              LDB #$0d
    377  5+1   B1A8 ED   E8 D8           STD -40,S
    378  5+1   B1AB EC   E8 28           LDD 40,S
    379  5+2   B1AE 36   06              PSHU D
    380  2     B1B0 84   0F              ANDA #$0F
    381  2     B1B2 8A   D0              ORA #$d0
    382  2     B1B4 C6   D1              LDB #$d1
    383  5+1   B1B6 ED   E8 28           STD 40,S
    384  2     B1B9 86   AB              LDA #$ab
    385  4+1   B1BB A7   E8 2A           STA 42,S
    386  3     B1BE CC   CEBB            LDD #$cebb
    387  5+1   B1C1 ED   E8 51           STD 81,S
    388  2     B1C4 86   2D              LDA #$2d
    389  5+1   B1C6 ED   E8 79           STD 121,S
    390  2     B1C9 86   22              LDA #$22
    391  4+1   B1CB A7   E8 B2           STA -78,S
    392  2     B1CE 86   AA              LDA #$aa
    393  4+1   B1D0 A7   E8 DA           STA -38,S
    394  2     B1D3 86   B2              LDA #$b2
    395  4+1   B1D5 A7   E8 8A           STA -118,S
    396  5+3   B1D8 35   12              PULS A,X
    397  5+5   B1DA 36   52              PSHU S,X,A
    398  2     B1DC 86   CD              LDA #$cd
    399  3     B1DE 8E   D0AB            LDX #$d0ab
    400  5+3   B1E1 34   12              PSHS A,X
    401  4+4   B1E3 32   E9 0118         LEAS 280,S
    402
    403  5+1   B1E7 AE   E8 7A           LDX 122,S
    404  6+1   B1EA 10AE E8 89           LDY -119,S
    405  5+4   B1EE 36   30              PSHU Y,X
    406  3     B1F0 CC   32AB            LDD #$32ab
    407  5+1   B1F3 ED   E8 89           STD -119,S
    408  5+1   B1F6 EC   E8 52           LDD 82,S
    409  5+1   B1F9 AE   E8 B1           LDX -79,S
    410  5+4   B1FC 36   16              PSHU X,D
    411  4+1   B1FE A6   E8 50           LDA 80,S
    412  4+1   B201 E6   63              LDB 3,S
    413  5+2   B203 36   06              PSHU B,A
    414  2     B205 84   0F              ANDA #$0F
    415  2     B207 8A   F0              ORA #$f0
    416  4+1   B209 A7   63              STA 3,S
    417  3     B20B CC   EA10            LDD #$ea10
    418  5+1   B20E ED   E8 52           STD 82,S
    419  5+1   B211 EC   E8 D8           LDD -40,S
    420  5+2   B214 36   06              PSHU D
    421  2     B216 84   F0              ANDA #$F0
    422  2     B218 8A   0F              ORA #$0f
    423  2     B21A C6   DD              LDB #$dd
    424  5+1   B21C ED   E8 D8           STD -40,S
    425  4+1   B21F A6   E8 DA           LDA -38,S
    426  4+1   B222 E6   E8 78           LDB 120,S
    427  5+1   B225 AE   E8 2A           LDX 42,S
    428  5+4   B228 36   16              PSHU X,B,A
    429  2     B22A 86   0A              LDA #$0a
    430  4+1   B22C A7   E8 DA           STA -38,S
    431  3     B22F CC   D3AA            LDD #$d3aa
    432  5+1   B232 ED   E8 B1           STD -79,S
    433  3     B235 CC   E90E            LDD #$e90e
    434  5+1   B238 ED   E8 7A           STD 122,S
    435  2     B23B 86   1A              LDA #$1a
    436  4+1   B23D A7   E8 78           STA 120,S
    437  5+1   B240 EC   E8 28           LDD 40,S
    438  5+2   B243 36   06              PSHU D
    439  2     B245 86   E9              LDA #$e9
    440  2     B247 C4   0F              ANDB #$0F
    441  2     B249 CA   D0              ORB #$d0
    442  5+1   B24B ED   E8 28           STD 40,S
    443  2     B24E 86   E0              LDA #$e0
    444  4+1   B250 A7   E8 50           STA 80,S
    445  3     B253 CC   EA1F            LDD #$ea1f
    446  5+1   B256 ED   E8 2A           STD 42,S
    447  5+3   B259 35   12              PULS A,X
    448  5+5   B25B 36   52              PSHU S,X,A
    449  2     B25D 86   FA              LDA #$fa
    450  3     B25F 8E   CD99            LDX #$cd99
    451  5+3   B262 34   12              PSHS A,X
    452  4+4   B264 32   E9 0118         LEAS 280,S
    453
    454  4+1   B268 A6   E8 D8           LDA -40,S
    455  4+1   B26B E6   E8 B0           LDB -80,S
    456  5+2   B26E 36   06              PSHU B,A
    457  5+1   B270 EC   E8 8A           LDD -118,S
    458  5+2   B273 36   06              PSHU D
    459  2     B275 86   E0              LDA #$e0
    460  2     B277 C4   0F              ANDB #$0F
    461  2     B279 CA   E0              ORB #$e0
    462  5+1   B27B ED   E8 8A           STD -118,S
    463  2     B27E 86   BF              LDA #$bf
    464  4+1   B280 A7   E8 B0           STA -80,S
    465  4+1   B283 A6   E8 88           LDA -120,S
    466  4+0   B286 E6   E4              LDB ,S
    467  5+2   B288 36   06              PSHU B,A
    468  2     B28A 84   0F              ANDA #$0F
    469  2     B28C 8A   B0              ORA #$b0
    470  4+0   B28E A7   E4              STA ,S
    471  4+1   B290 A6   E8 28           LDA 40,S
    472  5+1   B293 36   02              PSHU A
    473  2     B295 84   0F              ANDA #$0F
    474  2     B297 8A   F0              ORA #$f0
    475  4+1   B299 A7   E8 28           STA 40,S
    476  4+1   B29C A6   E8 50           LDA 80,S
    477  5+1   B29F 36   02              PSHU A
    478  2     B2A1 84   0F              ANDA #$0F
    479  2     B2A3 8A   10              ORA #$10
    480  4+1   B2A5 A7   E8 50           STA 80,S
    481  4+1   B2A8 A6   E8 78           LDA 120,S
    482  5+1   B2AB 36   02              PSHU A
    483  2     B2AD 84   0F              ANDA #$0F
    484  2     B2AF 8A   20              ORA #$20
    485  4+1   B2B1 A7   E8 78           STA 120,S
    486  4+1   B2B4 A6   E8 DA           LDA -38,S
    487  4+1   B2B7 E6   E8 B2           LDB -78,S
    488  5+4   B2BA 36   46              PSHU S,B,A
    489  2     B2BC 86   EE              LDA #$ee
    490  4+1   B2BE A7   E8 B2           STA -78,S
    491  2     B2C1 86   FA              LDA #$fa
    492  4+1   B2C3 A7   E8 88           STA -120,S
    493  2     B2C6 86   B1              LDA #$b1
    494  4+1   B2C8 A7   E8 D8           STA -40,S
    495  2     B2CB 86   01              LDA #$01
    496  4+1   B2CD A7   E8 DA           STA -38,S
    497  4+4   B2D0 32   E9 00A0         LEAS 160,S
    498
    499  4+0   B2D4 A6   E4              LDA ,S
    500  5+3   B2D6 36   42              PSHU S,A
    501  2     B2D8 84   0F              ANDA #$0F
    502  2     B2DA 8A   E0              ORA #$e0
    503  4+0   B2DC A7   E4              STA ,S
    504        B2DE               SSAV_HWR8
    505  4     B2DE 10CE 0000            LDS #$0000
    506  5+5   B2E2 35   C8              PULS DP,U,PC * Ajout du PC au PULS>>
    507
    508        B2E4               ERASE_HWR8
    509  5+3   B2E4 34   48              PSHS U,DP
    510  7     B2E6 10FF B493            STS ERASE_SSAV_HWR8+2
    511
    512        B2EA               ERASE_POS_HWR8_1
    513  4     B2EA 10CE 0000            LDS #$0000
    514  3     B2EE CE   B497            LDU #ERASE_DATA_HWR8_1
    515
    516        B2F1               ERASE_CODE_HWR8_1
    517  5+4   B2F1 37   46              PULU A,B,S
    518  4+1   B2F3 A7   E8 14           STA 20,S
    519  4+1   B2F6 E7   E8 3C           STB 60,S
    520
    521  5+2   B2F9 37   06              PULU A,B
    522  4+1   B2FB A7   E8 C4           STA -60,S
    523  4+1   B2FE E7   E8 EC           STB -20,S
    524
    525  5+4   B301 37   46              PULU A,B,S
    526  4+1   B303 A7   E8 78           STA 120,S
    527  4+1   B306 E7   E8 2B           STB 43,S
    528
    529  5+6   B309 37   36              PULU D,X,Y
    530  5+1   B30B ED   E8 D8           STD -40,S
    531  5+1   B30E AF   E8 B0           STX -80,S
    532  6+1   B311 10AF E8 88           STY -120,S
    533
    534  5+6   B315 37   36              PULU D,X,Y
    535  5+0   B317 ED   E4              STD ,S
    536  5+1   B319 AF   E8 DB           STX -37,S
    537  6+1   B31C 10AF E8 B3           STY -77,S
    538
    539  5+2   B320 37   06              PULU D
    540  5+1   B322 ED   E8 8B           STD -117,S
    541
    542  5+2   B325 37   06              PULU A,B
    543  4+1   B327 A7   63              STA 3,S
    544  4+1   B329 E7   E8 28           STB 40,S
    545
    546  5+1   B32C 37   02              PULU A
    547  4+1   B32E A7   E8 50           STA 80,S
    548
    549  5+6   B331 37   56              PULU D,X,S
    550  5+1   B333 ED   E8 27           STD 39,S
    551  5+1   B336 AF   E8 D7           STX -41,S
    552
    553  5+6   B339 37   36              PULU D,X,Y
    554  5+1   B33B ED   E8 78           STD 120,S
    555  5+1   B33E AF   7F              STX -1,S
    556  6+1   B340 10AF E8 4F           STY 79,S
    557
    558  5+2   B344 37   06              PULU A,B
    559  4+1   B346 A7   61              STA 1,S
    560  4+1   B348 E7   E8 D9           STB -39,S
    561
    562  5+6   B34B 37   36              PULU A,B,X,Y
    563  4+1   B34D A7   E8 B1           STA -79,S
    564  4+1   B350 E7   E8 89           STB -119,S
    565  5+1   B353 AF   E8 AF           STX -81,S
    566  6+1   B356 10AF E8 87           STY -121,S
    567
    568  5+5   B35A 37   52              PULU A,X,S
    569  5+3   B35C 34   12              PSHS A,X
    570
    571  5+2   B35E 37   06              PULU D
    572  5+1   B360 ED   E8 78           STD 120,S
    573
    574  5+6   B363 37   36              PULU A,B,X,Y
    575  4+1   B365 A7   E8 52           STA 82,S
    576  4+1   B368 E7   E8 2A           STB 42,S
    577  5+1   B36B AF   E8 28           STX 40,S
    578  6+1   B36E 10AF E8 50           STY 80,S
    579
    580  5+5   B372 37   52              PULU A,X,S
    581  5+3   B374 34   12              PSHS A,X
    582
    583  5+5   B376 37   52              PULU A,X,S
    584  5+3   B378 34   12              PSHS A,X
    585
    586  5+6   B37A 37   36              PULU A,B,X,Y
    587  4+1   B37C A7   E8 7A           STA 122,S
    588  4+1   B37F E7   E8 52           STB 82,S
    589  5+1   B382 AF   E8 29           STX 41,S
    590  6+1   B385 10AF E8 50           STY 80,S
    591
    592  5+4   B389 37   16              PULU D,X
    593  5+1   B38B ED   E8 78           STD 120,S
    594  5+1   B38E AF   E8 27           STX 39,S
    595
    596  5+5   B391 37   52              PULU A,X,S
    597  5+3   B393 34   12              PSHS A,X
    598
    599  5+5   B395 37   52              PULU A,X,S
    600  5+3   B397 34   12              PSHS A,X
    601
    602  5+2   B399 37   06              PULU D
    603  5+1   B39B ED   E8 D8           STD -40,S
    604
    605  5+6   B39E 37   36              PULU A,B,X,Y
    606  4+1   B3A0 A7   E8 DA           STA -38,S
    607  4+1   B3A3 E7   E8 B2           STB -78,S
    608  5+1   B3A6 AF   E8 B0           STX -80,S
    609  6+1   B3A9 10AF E8 89           STY -119,S
    610
    611  5+3   B3AD 37   42              PULU A,S
    612  4+1   B3AF A7   E8 51           STA 81,S
    613
    614  5+6   B3B2 37   36              PULU D,X,Y
    615  5+1   B3B4 ED   E8 4F           STD 79,S
    616  5+1   B3B7 AF   E8 27           STX 39,S
    617  6+1   B3BA 10AF E8 D7           STY -41,S
    618
    619  5+4   B3BE 37   16              PULU D,X
    620  5+1   B3C0 ED   7F              STD -1,S
    621  5+1   B3C2 AF   E8 AF           STX -81,S
    622
    623        B3C5               ERASE_POS_HWR8_2
    624  4     B3C5 10CE 0000            LDS #$0000
    625  3     B3C9 CE   B506            LDU #ERASE_DATA_HWR8_2
    626
    627        B3CC               ERASE_CODE_HWR8_2
    628  5+3   B3CC 37   42              PULU A,S
    629  4+0   B3CE A7   E4              STA ,S
    630
    631  5+4   B3D0 37   46              PULU A,B,S
    632  4+1   B3D2 A7   E8 DA           STA -38,S
    633  4+1   B3D5 E7   E8 B2           STB -78,S
    634
    635  5+2   B3D8 37   06              PULU A,B
    636  4+1   B3DA A7   E8 78           STA 120,S
    637  4+1   B3DD E7   E8 50           STB 80,S
    638
    639  5+2   B3E0 37   06              PULU A,B
    640  4+1   B3E2 A7   E8 28           STA 40,S
    641  4+1   B3E5 E7   E8 88           STB -120,S
    642
    643  5+3   B3E8 37   12              PULU A,X
    644  4+0   B3EA A7   E4              STA ,S
    645  5+1   B3EC AF   E8 8A           STX -118,S
    646
    647  5+2   B3EF 37   06              PULU A,B
    648  4+1   B3F1 A7   E8 D8           STA -40,S
    649  4+1   B3F4 E7   E8 B0           STB -80,S
    650
    651  5+5   B3F7 37   52              PULU A,X,S
    652  5+3   B3F9 34   12              PSHS A,X
    653
    654  5+2   B3FB 37   06              PULU D
    655  5+1   B3FD ED   E8 28           STD 40,S
    656
    657  5+6   B400 37   36              PULU A,B,X,Y
    658  4+1   B402 A7   E8 DA           STA -38,S
    659  4+1   B405 E7   E8 78           STB 120,S
    660  5+1   B408 AF   E8 2A           STX 42,S
    661  6+1   B40B 10AF E8 D8           STY -40,S
    662
    663  5+6   B40F 37   36              PULU A,B,X,Y
    664  4+1   B411 A7   E8 50           STA 80,S
    665  4+1   B414 E7   63              STB 3,S
    666  5+1   B416 AF   E8 52           STX 82,S
    667  6+1   B419 10AF E8 B1           STY -79,S
    668
    669  5+4   B41D 37   16              PULU D,X
    670  5+1   B41F ED   E8 7A           STD 122,S
    671  5+1   B422 AF   E8 89           STX -119,S
    672
    673  5+5   B425 37   52              PULU A,X,S
    674  5+3   B427 34   12              PSHS A,X
    675
    676  5+6   B429 37   36              PULU D,X,Y
    677  5+1   B42B ED   E8 28           STD 40,S
    678  5+1   B42E AF   E8 D8           STX -40,S
    679  6+1   B431 10AF E8 B0           STY -80,S
    680
    681  5+2   B435 37   06              PULU D
    682  5+1   B437 ED   E8 88           STD -120,S
    683
    684  5+4   B43A 37   16              PULU A,B,X
    685  4+1   B43C A7   E8 2A           STA 42,S
    686  4+1   B43F E7   E8 B2           STB -78,S
    687  5+1   B442 AF   E8 51           STX 81,S
    688
    689  5+4   B445 37   16              PULU A,B,X
    690  4+1   B447 A7   E8 8A           STA -118,S
    691  4+1   B44A E7   E8 DA           STB -38,S
    692  5+1   B44D AF   E8 79           STX 121,S
    693
    694  5+5   B450 37   52              PULU A,X,S
    695  5+3   B452 34   12              PSHS A,X
    696
    697  5+6   B454 37   36              PULU D,X,Y
    698  5+1   B456 ED   E8 79           STD 121,S
    699  5+1   B459 AF   E8 29           STX 41,S
    700  6+1   B45C 10AF E8 51           STY 81,S
    701
    702  5+5   B460 37   52              PULU A,X,S
    703  5+3   B462 34   12              PSHS A,X
    704
    705  5+5   B464 37   52              PULU A,X,S
    706  5+3   B466 34   12              PSHS A,X
    707
    708  5+2   B468 37   06              PULU D
    709  5+1   B46A ED   E8 D8           STD -40,S
    710
    711  5+5   B46D 37   32              PULU A,X,Y
    712  4+1   B46F A7   E8 DA           STA -38,S
    713  5+1   B472 AF   E8 89           STX -119,S
    714  6+1   B475 10AF E8 B1           STY -79,S
    715
    716  5+6   B479 37   56              PULU A,B,X,S
    717  5+3   B47B 34   14              PSHS B,X
    718  4+1   B47D A7   E8 B1           STA -79,S
    719
    720  5+6   B480 37   36              PULU D,X,Y
    721  5+1   B482 ED   E8 D8           STD -40,S
    722  5+1   B485 AF   E8 79           STX 121,S
    723  6+1   B488 10AF E8 29           STY 41,S
    724
    725  5+2   B48C 37   06              PULU D
    726  5+1   B48E ED   E8 51           STD 81,S
    727
    728        B491               ERASE_SSAV_HWR8
    729  4     B491 10CE 0000            LDS #$0000
    730  5+5   B495 35   C8              PULS DP,U,PC * Ajout du PC au PULS>>
    731
    732        B497               ERASE_DATA_HWR8_1
    733        B497 0000                 FDB $0000
    734        B499 0000                 FDB $0000
    735        B49B 0000                 FDB $0000
    736        B49D 0000                 FDB $0000
    737        B49F 0000                 FDB $0000
    738        B4A1 0000                 FDB $0000
    739        B4A3 0000                 FDB $0000
    740        B4A5 0000                 FDB $0000
    741        B4A7 0000                 FDB $0000
    742        B4A9 0000                 FDB $0000
    743        B4AB 0000                 FDB $0000
    744        B4AD 0000                 FDB $0000
    745        B4AF 0000                 FDB $0000
    746        B4B1 0000                 FDB $0000
    747        B4B3 0000                 FDB $0000
    748        B4B5 0000                 FDB $0000
    749        B4B7 0000                 FDB $0000
    750        B4B9 0000                 FDB $0000
    751        B4BB 0000                 FDB $0000
    752        B4BD 0000                 FDB $0000
    753        B4BF 0000                 FDB $0000
    754        B4C1 0000                 FDB $0000
    755        B4C3 0000                 FDB $0000
    756        B4C5 0000                 FDB $0000
    757        B4C7 0000                 FDB $0000
    758        B4C9 0000                 FDB $0000
    759        B4CB 0000                 FDB $0000
    760        B4CD 0000                 FDB $0000
    761        B4CF 0000                 FDB $0000
    762        B4D1 0000                 FDB $0000
    763        B4D3 0000                 FDB $0000
    764        B4D5 0000                 FDB $0000
    765        B4D7 0000                 FDB $0000
    766        B4D9 0000                 FDB $0000
    767        B4DB 0000                 FDB $0000
    768        B4DD 0000                 FDB $0000
    769        B4DF 0000                 FDB $0000
    770        B4E1 0000                 FDB $0000
    771        B4E3 0000                 FDB $0000
    772        B4E5 0000                 FDB $0000
    773        B4E7 0000                 FDB $0000
    774        B4E9 0000                 FDB $0000
    775        B4EB 0000                 FDB $0000
    776        B4ED 0000                 FDB $0000
    777        B4EF 0000                 FDB $0000
    778        B4F1 0000                 FDB $0000
    779        B4F3 0000                 FDB $0000
    780        B4F5 0000                 FDB $0000
    781        B4F7 0000                 FDB $0000
    782        B4F9 0000                 FDB $0000
    783        B4FB 0000                 FDB $0000
    784        B4FD 0000                 FDB $0000
    785        B4FF 0000                 FDB $0000
    786        B501 0000                 FDB $0000
    787        B503 0000                 FDB $0000
    788        B505 00                   FCB $00
    789        B506               ERASE_DATA_HWR8_2
    790        B506 0000                 FDB $0000
    791        B508 0000                 FDB $0000
    792        B50A 0000                 FDB $0000
    793        B50C 0000                 FDB $0000
    794        B50E 0000                 FDB $0000
    795        B510 0000                 FDB $0000
    796        B512 0000                 FDB $0000
    797        B514 0000                 FDB $0000
    798        B516 0000                 FDB $0000
    799        B518 0000                 FDB $0000
    800        B51A 0000                 FDB $0000
    801        B51C 0000                 FDB $0000
    802        B51E 0000                 FDB $0000
    803        B520 0000                 FDB $0000
    804        B522 0000                 FDB $0000
    805        B524 0000                 FDB $0000
    806        B526 0000                 FDB $0000
    807        B528 0000                 FDB $0000
    808        B52A 0000                 FDB $0000
    809        B52C 0000                 FDB $0000
    810        B52E 0000                 FDB $0000
    811        B530 0000                 FDB $0000
    812        B532 0000                 FDB $0000
    813        B534 0000                 FDB $0000
    814        B536 0000                 FDB $0000
    815        B538 0000                 FDB $0000
    816        B53A 0000                 FDB $0000
    817        B53C 0000                 FDB $0000
    818        B53E 0000                 FDB $0000
    819        B540 0000                 FDB $0000
    820        B542 0000                 FDB $0000
    821        B544 0000                 FDB $0000
    822        B546 0000                 FDB $0000
    823        B548 0000                 FDB $0000
    824        B54A 0000                 FDB $0000
    825        B54C 0000                 FDB $0000
    826        B54E 0000                 FDB $0000
    827        B550 0000                 FDB $0000
    828        B552 0000                 FDB $0000
    829        B554 0000                 FDB $0000
    830        B556 0000                 FDB $0000
    831        B558 0000                 FDB $0000
    832        B55A 0000                 FDB $0000
    833        B55C 0000                 FDB $0000
    834        B55E 0000                 FDB $0000
    835        B560 0000                 FDB $0000
    836        B562 0000                 FDB $0000
    837        B564 0000                 FDB $0000
    838        B566 0000                 FDB $0000
    839        B568 0000                 FDB $0000
    840        B56A 0000                 FDB $0000
    841        B56C               ERASE_DATA_HWR8_END

000000 Total Errors

000011 Total Symbols
     0x          Label AE1F DRAW_HWR8
     0x          Label B2F1 ERASE_CODE_HWR8_1
     0x          Label B3CC ERASE_CODE_HWR8_2
     1x          Label B497 ERASE_DATA_HWR8_1
     2x          Label B506 ERASE_DATA_HWR8_2
     1x          Label B56C ERASE_DATA_HWR8_END
     0x          Label B2E4 ERASE_HWR8
     1x          Label B2EA ERASE_POS_HWR8_1
     1x          Label B3C5 ERASE_POS_HWR8_2
     1x          Label B491 ERASE_SSAV_HWR8
     1x          Label B2DE SSAV_HWR8

