/*--------------------------------------------------------------*
 * Compilé avec C6809 v0.83                                     *
 *--------------------------------------------------------------*
 * Fichier source      : TMP.ASS
 * Fichier destination : TMP.BIN
 * Contenu :
 *     Main     0:TMP.ASS      16970
 *--------------------------------------------------------------*/

Macro Pass
Pass1
Pass2
      2        C8C9                      ORG $C8C9
      3        C8C9               DRAW_HJL4
      4  5+3   C8C9 34   48              PSHS U,DP
      5  7     C8CB 10FF CFEA            STS SSAV_HJL4+2
      6
      7  7     C8CF 10FE 9F00            LDS $9F00
      8  7     C8D3 10FF CFF7            STS ERASE_POS_HJL4_1+2
      9  3     C8D7 CE   CFEF            LDU #DATA_HJL4_1
     10
     11  4+1   C8DA 32   7F              LEAS -1,S
     12  4+1   C8DC A6   7F              LDA -1,S
     13  5     C8DE B7   CFFF            STA ERASE_CODE_HJL4_1+3
     14  2     C8E1 86   CF              LDA #$cf
     15  4+1   C8E3 A7   7F              STA -1,S
     16  4+1   C8E5 A6   E8 D7           LDA -41,S
     17  5     C8E8 B7   D003            STA ERASE_CODE_HJL4_1+7
     18  2     C8EB 86   93              LDA #$93
     19  4+1   C8ED A7   E8 D7           STA -41,S
     20  4+1   C8F0 A6   E8 AF           LDA -81,S
     21  5     C8F3 B7   D00D            STA ERASE_CODE_HJL4_1+17
     22  2     C8F6 86   F0              LDA  #$F0
     23  4+1   C8F8 A4   E8 AF           ANDA -81,S
     24  2     C8FB 8B   09              ADDA #$09
     25  4+1   C8FD A7   E8 AF           STA -81,S
     26  4+1   C900 A6   E8 AD           LDA -83,S
     27  5     C903 B7   D012            STA ERASE_CODE_HJL4_1+22
     28  2     C906 86   FC              LDA #$fc
     29  4+1   C908 A7   E8 AD           STA -83,S
     30  4+1   C90B A6   E8 85           LDA -123,S
     31  5     C90E B7   D017            STA ERASE_CODE_HJL4_1+27
     32  2     C911 86   FF              LDA #$ff
     33  4+1   C913 A7   E8 85           STA -123,S
     34  4+4   C916 32   E9 FF60         LEAS -160,S
     35  4+0   C91A A6   E4              LDA ,S
     36  5     C91C B7   D024            STA ERASE_CODE_HJL4_1+40
     37  2     C91F 86   0F              LDA  #$0F
     38  4+0   C921 A4   E4              ANDA ,S
     39  2     C923 8B   F0              ADDA #$f0
     40  4+0   C925 A7   E4              STA ,S
     41  4+1   C927 A6   7D              LDA -3,S
     42  5     C929 B7   D028            STA ERASE_CODE_HJL4_1+44
     43  2     C92C 86   FF              LDA #$ff
     44  4+1   C92E A7   7D              STA -3,S
     45  4+1   C930 A6   E8 D8           LDA -40,S
     46  5     C933 B7   D031            STA ERASE_CODE_HJL4_1+53
     47  2     C936 86   0F              LDA  #$0F
     48  4+1   C938 A4   E8 D8           ANDA -40,S
     49  2     C93B 8B   F0              ADDA #$f0
     50  4+1   C93D A7   E8 D8           STA -40,S
     51  4+1   C940 A6   E8 D5           LDA -43,S
     52  5     C943 B7   D036            STA ERASE_CODE_HJL4_1+58
     53  2     C946 86   CF              LDA #$cf
     54  4+1   C948 A7   E8 D5           STA -43,S
     55  4+1   C94B A6   E8 B0           LDA -80,S
     56  5     C94E B7   D040            STA ERASE_CODE_HJL4_1+68
     57  2     C951 86   0F              LDA  #$0F
     58  4+1   C953 A4   E8 B0           ANDA -80,S
     59  2     C956 8B   F0              ADDA #$f0
     60  4+1   C958 A7   E8 B0           STA -80,S
     61  4+1   C95B A6   E8 AD           LDA -83,S
     62  5     C95E B7   D045            STA ERASE_CODE_HJL4_1+73
     63  2     C961 86   CF              LDA #$cf
     64  4+1   C963 A7   E8 AD           STA -83,S
     65  4+1   C966 A6   E8 88           LDA -120,S
     66  5     C969 B7   D04F            STA ERASE_CODE_HJL4_1+83
     67  2     C96C 86   0F              LDA  #$0F
     68  4+1   C96E A4   E8 88           ANDA -120,S
     69  2     C971 8B   B0              ADDA #$b0
     70  4+1   C973 A7   E8 88           STA -120,S
     71  4+1   C976 A6   E8 87           LDA -121,S
     72  5     C979 B7   D059            STA ERASE_CODE_HJL4_1+93
     73  2     C97C 86   F0              LDA  #$F0
     74  4+1   C97E A4   E8 87           ANDA -121,S
     75  2     C981 8B   00              ADDA #$00
     76  4+1   C983 A7   E8 87           STA -121,S
     77  4+1   C986 A6   E8 85           LDA -123,S
     78  5     C989 B7   D05E            STA ERASE_CODE_HJL4_1+98
     79  2     C98C 86   CB              LDA #$cb
     80  4+1   C98E A7   E8 85           STA -123,S
     81  4+1   C991 A6   E8 84           LDA -124,S
     82  5     C994 B7   D068            STA ERASE_CODE_HJL4_1+108
     83  2     C997 86   F0              LDA  #$F0
     84  4+1   C999 A4   E8 84           ANDA -124,S
     85  2     C99C 8B   0F              ADDA #$0f
     86  4+1   C99E A7   E8 84           STA -124,S
     87  4+4   C9A1 32   E9 FF60         LEAS -160,S
     88  4+0   C9A5 A6   E4              LDA ,S
     89  5     C9A7 B7   D075            STA ERASE_CODE_HJL4_1+121
     90  2     C9AA 86   0F              LDA  #$0F
     91  4+0   C9AC A4   E4              ANDA ,S
     92  2     C9AE 8B   B0              ADDA #$b0
     93  4+0   C9B0 A7   E4              STA ,S
     94  4+1   C9B2 A6   7F              LDA -1,S
     95  5     C9B4 B7   D07D            STA ERASE_CODE_HJL4_1+129
     96  2     C9B7 86   F0              LDA  #$F0
     97  4+1   C9B9 A4   7F              ANDA -1,S
     98  2     C9BB 8B   02              ADDA #$02
     99  4+1   C9BD A7   7F              STA -1,S
    100  4+1   C9BF A6   7D              LDA -3,S
    101  5     C9C1 B7   D081            STA ERASE_CODE_HJL4_1+133
    102  2     C9C4 86   96              LDA #$96
    103  4+1   C9C6 A7   7D              STA -3,S
    104  4+1   C9C8 A6   7C              LDA -4,S
    105  5     C9CA B7   D089            STA ERASE_CODE_HJL4_1+141
    106  2     C9CD 86   F0              LDA  #$F0
    107  4+1   C9CF A4   7C              ANDA -4,S
    108  2     C9D1 8B   0F              ADDA #$0f
    109  4+1   C9D3 A7   7C              STA -4,S
    110  4+1   C9D5 A6   E8 D8           LDA -40,S
    111  5     C9D8 B7   D092            STA ERASE_CODE_HJL4_1+150
    112  2     C9DB 86   0F              LDA  #$0F
    113  4+1   C9DD A4   E8 D8           ANDA -40,S
    114  2     C9E0 8B   B0              ADDA #$b0
    115  4+1   C9E2 A7   E8 D8           STA -40,S
    116  4+1   C9E5 A6   E8 D7           LDA -41,S
    117  5     C9E8 B7   D09C            STA ERASE_CODE_HJL4_1+160
    118  2     C9EB 86   F0              LDA  #$F0
    119  4+1   C9ED A4   E8 D7           ANDA -41,S
    120  2     C9F0 8B   06              ADDA #$06
    121  4+1   C9F2 A7   E8 D7           STA -41,S
    122  4+1   C9F5 A6   E8 D5           LDA -43,S
    123  5     C9F8 B7   D0A1            STA ERASE_CODE_HJL4_1+165
    124  2     C9FB 86   26              LDA #$26
    125  4+1   C9FD A7   E8 D5           STA -43,S
    126  4+1   CA00 A6   E8 D4           LDA -44,S
    127  5     CA03 B7   D0AB            STA ERASE_CODE_HJL4_1+175
    128  2     CA06 86   F0              LDA  #$F0
    129  4+1   CA08 A4   E8 D4           ANDA -44,S
    130  2     CA0B 8B   0F              ADDA #$0f
    131  4+1   CA0D A7   E8 D4           STA -44,S
    132  4+1   CA10 A6   E8 B0           LDA -80,S
    133  5     CA13 B7   D0B5            STA ERASE_CODE_HJL4_1+185
    134  2     CA16 86   0F              LDA  #$0F
    135  4+1   CA18 A4   E8 B0           ANDA -80,S
    136  2     CA1B 8B   F0              ADDA #$f0
    137  4+1   CA1D A7   E8 B0           STA -80,S
    138  4+1   CA20 32   E8 AC           LEAS -84,S
    139  5+4   CA23 35   16              PULS A,B,X
    140  5     CA25 B7   D0BD            STA ERASE_CODE_HJL4_1+193
    141  5     CA28 F7   D0BF            STB ERASE_CODE_HJL4_1+195
    142  6     CA2B BF   D0C1            STX ERASE_CODE_HJL4_1+197
    143  2     CA2E 86   FC              LDA #$fc
    144  2     CA30 C6   0B              LDB #$0b
    145  3     CA32 8E   FDEE            LDX #$fdee
    146  5+4   CA35 34   16              PSHS X,B,A
    147  4+1   CA37 32   E8 D8           LEAS -40,S
    148  5+4   CA3A 35   16              PULS A,B,X
    149  5     CA3C B7   D0C9            STA ERASE_CODE_HJL4_1+205
    150  5     CA3F F7   D0CB            STB ERASE_CODE_HJL4_1+207
    151  6     CA42 BF   D0CD            STX ERASE_CODE_HJL4_1+209
    152  2     CA45 86   F9              LDA #$f9
    153  2     CA47 C6   06              LDB #$06
    154  3     CA49 8E   EAAF            LDX #$eaaf
    155  5+4   CA4C 34   16              PSHS X,B,A
    156  4+1   CA4E A6   E8 DB           LDA -37,S
    157  5     CA51 B7   D0D7            STA ERASE_CODE_HJL4_1+219
    158  2     CA54 86   F0              LDA  #$F0
    159  4+1   CA56 A4   E8 DB           ANDA -37,S
    160  2     CA59 8B   02              ADDA #$02
    161  4+1   CA5B A7   E8 DB           STA -37,S
    162  5+1   CA5E AE   E8 D9           LDX -39,S
    163  6     CA61 BF   D0DC            STX ERASE_CODE_HJL4_1+224
    164  3     CA64 8E   0BCD            LDX #$0bcd
    165  5+1   CA67 AF   E8 D9           STX -39,S
    166  4+1   CA6A A6   E8 D8           LDA -40,S
    167  5     CA6D B7   D0E7            STA ERASE_CODE_HJL4_1+235
    168  2     CA70 86   0F              LDA  #$0F
    169  4+1   CA72 A4   E8 D8           ANDA -40,S
    170  2     CA75 8B   C0              ADDA #$c0
    171  4+1   CA77 A7   E8 D8           STA -40,S
    172  4+1   CA7A 32   E8 B1           LEAS -79,S
    173  5+3   CA7D 35   14              PULS B,X
    174  5     CA7F F7   D0EF            STB ERASE_CODE_HJL4_1+243
    175  6     CA82 BF   D0F1            STX ERASE_CODE_HJL4_1+245
    176  2     CA85 C6   06              LDB #$06
    177  3     CA87 8E   8EBF            LDX #$8ebf
    178  5+3   CA8A 34   14              PSHS X,B
    179  4+1   CA8C 32   E8 D8           LEAS -40,S
    180  5+3   CA8F 35   12              PULS A,X
    181  5     CA91 B7   D0F9            STA ERASE_CODE_HJL4_1+253
    182  6     CA94 BF   D0FB            STX ERASE_CODE_HJL4_1+255
    183  2     CA97 86   02              LDA #$02
    184  3     CA99 8E   3F6B            LDX #$3f6b
    185  5+3   CA9C 34   12              PSHS X,A
    186  5+1   CA9E AE   E8 D9           LDX -39,S
    187  6     CAA1 BF   D100            STX ERASE_CODE_HJL4_1+260
    188  3     CAA4 8E   C8FB            LDX #$c8fb
    189  5+1   CAA7 AF   E8 D9           STX -39,S
    190  4+1   CAAA A6   E8 D8           LDA -40,S
    191  5     CAAD B7   D10B            STA ERASE_CODE_HJL4_1+271
    192  2     CAB0 86   0F              LDA  #$0F
    193  4+1   CAB2 A4   E8 D8           ANDA -40,S
    194  2     CAB5 8B   00              ADDA #$00
    195  4+1   CAB7 A7   E8 D8           STA -40,S
    196  4+1   CABA 32   E8 B0           LEAS -80,S
    197  5+3   CABD 35   12              PULS A,X
    198  5     CABF B7   D113            STA ERASE_CODE_HJL4_1+279
    199  6     CAC2 BF   D115            STX ERASE_CODE_HJL4_1+281
    200  2     CAC5 86   8C              LDA #$8c
    201  3     CAC7 8E   F8D6            LDX #$f8d6
    202  5+3   CACA 34   12              PSHS X,A
    203  4+1   CACC 32   E8 D8           LEAS -40,S
    204  5+3   CACF 35   12              PULS A,X
    205  5     CAD1 B7   D11D            STA ERASE_CODE_HJL4_1+289
    206  6     CAD4 BF   D11F            STX ERASE_CODE_HJL4_1+291
    207  2     CAD7 86   55              LDA #$55
    208  3     CAD9 8E   E8AB            LDX #$e8ab
    209  5+3   CADC 34   12              PSHS X,A
    210  4+1   CADE 32   E8 D8           LEAS -40,S
    211  5+3   CAE1 35   12              PULS A,X
    212  5     CAE3 B7   D127            STA ERASE_CODE_HJL4_1+299
    213  6     CAE6 BF   D129            STX ERASE_CODE_HJL4_1+301
    214  2     CAE9 86   33              LDA #$33
    215  3     CAEB 8E   EE62            LDX #$ee62
    216  5+3   CAEE 34   12              PSHS X,A
    217  5+1   CAF0 AE   E8 D8           LDX -40,S
    218  6     CAF3 BF   D12E            STX ERASE_CODE_HJL4_1+306
    219  3     CAF6 8E   33FE            LDX #$33fe
    220  5+1   CAF9 AF   E8 D8           STX -40,S
    221  5+1   CAFC AE   E8 B0           LDX -80,S
    222  6     CAFF BF   D134            STX ERASE_CODE_HJL4_1+312
    223  3     CB02 8E   03ED            LDX #$03ed
    224  5+1   CB05 AF   E8 B0           STX -80,S
    225  4+1   CB08 A6   E8 AF           LDA -81,S
    226  5     CB0B B7   D13F            STA ERASE_CODE_HJL4_1+323
    227  2     CB0E 86   F0              LDA  #$F0
    228  4+1   CB10 A4   E8 AF           ANDA -81,S
    229  2     CB13 8B   0F              ADDA #$0f
    230  4+1   CB15 A7   E8 AF           STA -81,S
    231  5+1   CB18 AE   E8 88           LDX -120,S
    232  6     CB1B BF   D144            STX ERASE_CODE_HJL4_1+328
    233  3     CB1E 8E   20EA            LDX #$20ea
    234  5+1   CB21 AF   E8 88           STX -120,S
    235  4+1   CB24 A6   E8 87           LDA -121,S
    236  5     CB27 B7   D14F            STA ERASE_CODE_HJL4_1+339
    237  2     CB2A 86   F0              LDA  #$F0
    238  4+1   CB2C A4   E8 87           ANDA -121,S
    239  2     CB2F 8B   0F              ADDA #$0f
    240  4+1   CB31 A7   E8 87           STA -121,S
    241  4+4   CB34 32   E9 FF62         LEAS -158,S
    242  5+1   CB38 AE   7E              LDX -2,S
    243  6     CB3A BF   D158            STX ERASE_CODE_HJL4_1+348
    244  3     CB3D 8E   07DD            LDX #$07dd
    245  5+1   CB40 AF   7E              STX -2,S
    246  4+1   CB42 A6   7D              LDA -3,S
    247  5     CB44 B7   D161            STA ERASE_CODE_HJL4_1+357
    248  2     CB47 86   F0              LDA  #$F0
    249  4+1   CB49 A4   7D              ANDA -3,S
    250  2     CB4B 8B   0B              ADDA #$0b
    251  4+1   CB4D A7   7D              STA -3,S
    252  5+1   CB4F AE   E8 D6           LDX -42,S
    253  6     CB52 BF   D165            STX ERASE_CODE_HJL4_1+361
    254  3     CB55 8E   07AE            LDX #$07ae
    255  5+1   CB58 AF   E8 D6           STX -42,S
    256  4+1   CB5B A6   E8 D5           LDA -43,S
    257  5     CB5E B7   D170            STA ERASE_CODE_HJL4_1+372
    258  2     CB61 86   F0              LDA  #$F0
    259  4+1   CB63 A4   E8 D5           ANDA -43,S
    260  2     CB66 8B   0B              ADDA #$0b
    261  4+1   CB68 A7   E8 D5           STA -43,S
    262  4+1   CB6B A6   E8 B0           LDA -80,S
    263  5     CB6E B7   D17A            STA ERASE_CODE_HJL4_1+382
    264  2     CB71 86   0F              LDA  #$0F
    265  4+1   CB73 A4   E8 B0           ANDA -80,S
    266  2     CB76 8B   E0              ADDA #$e0
    267  4+1   CB78 A7   E8 B0           STA -80,S
    268  5+1   CB7B AE   E8 AE           LDX -82,S
    269  6     CB7E BF   D17F            STX ERASE_CODE_HJL4_1+387
    270  3     CB81 8E   04AE            LDX #$04ae
    271  5+1   CB84 AF   E8 AE           STX -82,S
    272  4+1   CB87 A6   E8 AD           LDA -83,S
    273  5     CB8A B7   D18A            STA ERASE_CODE_HJL4_1+398
    274  2     CB8D 86   F0              LDA  #$F0
    275  4+1   CB8F A4   E8 AD           ANDA -83,S
    276  2     CB92 8B   0D              ADDA #$0d
    277  4+1   CB94 A7   E8 AD           STA -83,S
    278  4+1   CB97 A6   E8 88           LDA -120,S
    279  5     CB9A B7   D194            STA ERASE_CODE_HJL4_1+408
    280  2     CB9D 86   0F              LDA  #$0F
    281  4+1   CB9F A4   E8 88           ANDA -120,S
    282  2     CBA2 8B   A0              ADDA #$a0
    283  4+1   CBA4 A7   E8 88           STA -120,S
    284  5+1   CBA7 AE   E8 86           LDX -122,S
    285  6     CBAA BF   D199            STX ERASE_CODE_HJL4_1+413
    286  3     CBAD 8E   04AD            LDX #$04ad
    287  5+1   CBB0 AF   E8 86           STX -122,S
    288  4+1   CBB3 A6   E8 85           LDA -123,S
    289  5     CBB6 B7   D1A4            STA ERASE_CODE_HJL4_1+424
    290  2     CBB9 86   F0              LDA  #$F0
    291  4+1   CBBB A4   E8 85           ANDA -123,S
    292  2     CBBE 8B   0A              ADDA #$0a
    293  4+1   CBC0 A7   E8 85           STA -123,S
    294  4+4   CBC3 32   E9 FF60         LEAS -160,S
    295  5+1   CBC7 AE   7E              LDX -2,S
    296  6     CBC9 BF   D1AD            STX ERASE_CODE_HJL4_1+433
    297  3     CBCC 8E   07AD            LDX #$07ad
    298  5+1   CBCF AF   7E              STX -2,S
    299  4+1   CBD1 A6   7D              LDA -3,S
    300  5     CBD3 B7   D1B6            STA ERASE_CODE_HJL4_1+442
    301  2     CBD6 86   F0              LDA  #$F0
    302  4+1   CBD8 A4   7D              ANDA -3,S
    303  2     CBDA 8B   07              ADDA #$07
    304  4+1   CBDC A7   7D              STA -3,S
    305  5+1   CBDE AE   E8 D6           LDX -42,S
    306  6     CBE1 BF   D1BA            STX ERASE_CODE_HJL4_1+446
    307  3     CBE4 8E   27AD            LDX #$27ad
    308  5+1   CBE7 AF   E8 D6           STX -42,S
    309  4+1   CBEA A6   E8 D5           LDA -43,S
    310  5     CBED B7   D1C5            STA ERASE_CODE_HJL4_1+457
    311  2     CBF0 86   F0              LDA  #$F0
    312  4+1   CBF2 A4   E8 D5           ANDA -43,S
    313  2     CBF5 8B   07              ADDA #$07
    314  4+1   CBF7 A7   E8 D5           STA -43,S
    315  5+1   CBFA AE   E8 AE           LDX -82,S
    316  6     CBFD BF   D1CA            STX ERASE_CODE_HJL4_1+462
    317  3     CC00 8E   D7AA            LDX #$d7aa
    318  5+1   CC03 AF   E8 AE           STX -82,S
    319  5+1   CC06 AE   E8 86           LDX -122,S
    320  6     CC09 BF   D1D0            STX ERASE_CODE_HJL4_1+468
    321  3     CC0C 8E   47AA            LDX #$47aa
    322  5+1   CC0F AF   E8 86           STX -122,S
    323  4+4   CC12 32   E9 FF5F         LEAS -161,S
    324  4+0   CC16 A6   E4              LDA ,S
    325  5     CC18 B7   D1DE            STA ERASE_CODE_HJL4_1+482
    326  2     CC1B 86   0F              LDA  #$0F
    327  4+0   CC1D A4   E4              ANDA ,S
    328  2     CC1F 8B   A0              ADDA #$a0
    329  4+0   CC21 A7   E4              STA ,S
    330  4+1   CC23 A6   7F              LDA -1,S
    331  5     CC25 B7   D1E2            STA ERASE_CODE_HJL4_1+486
    332  2     CC28 86   48              LDA #$48
    333  4+1   CC2A A7   7F              STA -1,S
    334  5+1   CC2C AE   E8 D7           LDX -41,S
    335  6     CC2F BF   D1E6            STX ERASE_CODE_HJL4_1+490
    336  3     CC32 8E   48EE            LDX #$48ee
    337  5+1   CC35 AF   E8 D7           STX -41,S
    338  5+1   CC38 AE   E8 AF           LDX -81,S
    339  6     CC3B BF   D1EC            STX ERASE_CODE_HJL4_1+496
    340  3     CC3E 8E   7ADD            LDX #$7add
    341  5+1   CC41 AF   E8 AF           STX -81,S
    342  5+1   CC44 AE   E8 87           LDX -121,S
    343  6     CC47 BF   D1F2            STX ERASE_CODE_HJL4_1+502
    344  3     CC4A 8E   77AA            LDX #$77aa
    345  5+1   CC4D AF   E8 87           STX -121,S
    346  4+4   CC50 32   E9 FF61         LEAS -159,S
    347  4+1   CC54 A6   7F              LDA -1,S
    348  5     CC56 B7   D1FC            STA ERASE_CODE_HJL4_1+512
    349  2     CC59 86   77              LDA #$77
    350  4+1   CC5B A7   7F              STA -1,S
    351  4+1   CC5D A6   7E              LDA -2,S
    352  5     CC5F B7   D204            STA ERASE_CODE_HJL4_1+520
    353  2     CC62 86   F0              LDA  #$F0
    354  4+1   CC64 A4   7E              ANDA -2,S
    355  2     CC66 8B   07              ADDA #$07
    356  4+1   CC68 A7   7E              STA -2,S
    357  4+1   CC6A A6   E8 D7           LDA -41,S
    358  5     CC6D B7   D20D            STA ERASE_CODE_HJL4_1+529
    359  2     CC70 86   0F              LDA  #$0F
    360  4+1   CC72 A4   E8 D7           ANDA -41,S
    361  2     CC75 8B   70              ADDA #$70
    362  4+1   CC77 A7   E8 D7           STA -41,S
    363
    364  7     CC7A 10FE 9F02            LDS $9F00+2
    365  7     CC7E 10FF D213            STS ERASE_POS_HJL4_2+2
    366  3     CC82 CE   CFEF            LDU #DATA_HJL4_2
    367
    368  4+1   CC85 32   7E              LEAS -2,S
    369  4+0   CC87 A6   E4              LDA ,S
    370  5     CC89 B7   D21F            STA ERASE_CODE_HJL4_2+7
    371  2     CC8C 86   0F              LDA  #$0F
    372  4+0   CC8E A4   E4              ANDA ,S
    373  2     CC90 8B   F0              ADDA #$f0
    374  4+0   CC92 A7   E4              STA ,S
    375  4+1   CC94 A6   E8 D8           LDA -40,S
    376  5     CC97 B7   D223            STA ERASE_CODE_HJL4_2+11
    377  2     CC9A 86   CF              LDA #$cf
    378  4+1   CC9C A7   E8 D8           STA -40,S
    379  4+1   CC9F A6   E8 B0           LDA -80,S
    380  5     CCA2 B7   D228            STA ERASE_CODE_HJL4_2+16
    381  2     CCA5 86   9C              LDA #$9c
    382  4+1   CCA7 A7   E8 B0           STA -80,S
    383  4+1   CCAA A6   E8 88           LDA -120,S
    384  5     CCAD B7   D22D            STA ERASE_CODE_HJL4_2+21
    385  2     CCB0 86   9C              LDA #$9c
    386  4+1   CCB2 A7   E8 88           STA -120,S
    387  4+1   CCB5 A6   E8 85           LDA -123,S
    388  5     CCB8 B7   D237            STA ERASE_CODE_HJL4_2+31
    389  2     CCBB 86   F0              LDA  #$F0
    390  4+1   CCBD A4   E8 85           ANDA -123,S
    391  2     CCC0 8B   0C              ADDA #$0c
    392  4+1   CCC2 A7   E8 85           STA -123,S
    393  4+4   CCC5 32   E9 FF61         LEAS -159,S
    394  4+1   CCC9 A6   7F              LDA -1,S
    395  5     CCCB B7   D240            STA ERASE_CODE_HJL4_2+40
    396  2     CCCE 86   99              LDA #$99
    397  4+1   CCD0 A7   7F              STA -1,S
    398  4+1   CCD2 A6   7D              LDA -3,S
    399  5     CCD4 B7   D248            STA ERASE_CODE_HJL4_2+48
    400  2     CCD7 86   0F              LDA  #$0F
    401  4+1   CCD9 A4   7D              ANDA -3,S
    402  2     CCDB 8B   F0              ADDA #$f0
    403  4+1   CCDD A7   7D              STA -3,S
    404  4+1   CCDF A6   7C              LDA -4,S
    405  5     CCE1 B7   D250            STA ERASE_CODE_HJL4_2+56
    406  2     CCE4 86   F0              LDA  #$F0
    407  4+1   CCE6 A4   7C              ANDA -4,S
    408  2     CCE8 8B   0F              ADDA #$0f
    409  4+1   CCEA A7   7C              STA -4,S
    410  4+1   CCEC A6   E8 D7           LDA -41,S
    411  5     CCEF B7   D254            STA ERASE_CODE_HJL4_2+60
    412  2     CCF2 86   99              LDA #$99
    413  4+1   CCF4 A7   E8 D7           STA -41,S
    414  4+1   CCF7 A6   E8 D5           LDA -43,S
    415  5     CCFA B7   D25E            STA ERASE_CODE_HJL4_2+70
    416  2     CCFD 86   0F              LDA  #$0F
    417  4+1   CCFF A4   E8 D5           ANDA -43,S
    418  2     CD02 8B   F0              ADDA #$f0
    419  4+1   CD04 A7   E8 D5           STA -43,S
    420  4+1   CD07 A6   E8 D4           LDA -44,S
    421  5     CD0A B7   D263            STA ERASE_CODE_HJL4_2+75
    422  2     CD0D 86   FB              LDA #$fb
    423  4+1   CD0F A7   E8 D4           STA -44,S
    424  4+1   CD12 A6   E8 AF           LDA -81,S
    425  5     CD15 B7   D268            STA ERASE_CODE_HJL4_2+80
    426  2     CD18 86   09              LDA #$09
    427  4+1   CD1A A7   E8 AF           STA -81,S
    428  4+1   CD1D A6   E8 AD           LDA -83,S
    429  5     CD20 B7   D272            STA ERASE_CODE_HJL4_2+90
    430  2     CD23 86   0F              LDA  #$0F
    431  4+1   CD25 A4   E8 AD           ANDA -83,S
    432  2     CD28 8B   B0              ADDA #$b0
    433  4+1   CD2A A7   E8 AD           STA -83,S
    434  4+1   CD2D A6   E8 AC           LDA -84,S
    435  5     CD30 B7   D277            STA ERASE_CODE_HJL4_2+95
    436  2     CD33 86   F6              LDA #$f6
    437  4+1   CD35 A7   E8 AC           STA -84,S
    438  4+1   CD38 A6   E8 87           LDA -121,S
    439  5     CD3B B7   D27C            STA ERASE_CODE_HJL4_2+100
    440  2     CD3E 86   02              LDA #$02
    441  4+1   CD40 A7   E8 87           STA -121,S
    442  4+1   CD43 A6   E8 85           LDA -123,S
    443  5     CD46 B7   D286            STA ERASE_CODE_HJL4_2+110
    444  2     CD49 86   0F              LDA  #$0F
    445  4+1   CD4B A4   E8 85           ANDA -123,S
    446  2     CD4E 8B   60              ADDA #$60
    447  4+1   CD50 A7   E8 85           STA -123,S
    448  4+1   CD53 A6   E8 84           LDA -124,S
    449  5     CD56 B7   D28B            STA ERASE_CODE_HJL4_2+115
    450  2     CD59 86   F6              LDA #$f6
    451  4+1   CD5B A7   E8 84           STA -124,S
    452  4+4   CD5E 32   E9 FF60         LEAS -160,S
    453  4+1   CD62 A6   7F              LDA -1,S
    454  5     CD64 B7   D294            STA ERASE_CODE_HJL4_2+124
    455  2     CD67 86   06              LDA #$06
    456  4+1   CD69 A7   7F              STA -1,S
    457  4+1   CD6B A6   7D              LDA -3,S
    458  5     CD6D B7   D29C            STA ERASE_CODE_HJL4_2+132
    459  2     CD70 86   0F              LDA  #$0F
    460  4+1   CD72 A4   7D              ANDA -3,S
    461  2     CD74 8B   B0              ADDA #$b0
    462  4+1   CD76 A7   7D              STA -3,S
    463  4+1   CD78 A6   7C              LDA -4,S
    464  5     CD7A B7   D2A0            STA ERASE_CODE_HJL4_2+136
    465  2     CD7D 86   C6              LDA #$c6
    466  4+1   CD7F A7   7C              STA -4,S
    467  5+1   CD81 AE   E8 D6           LDX -42,S
    468  6     CD84 BF   D2A4            STX ERASE_CODE_HJL4_2+140
    469  3     CD87 8E   DE66            LDX #$de66
    470  5+1   CD8A AF   E8 D6           STX -42,S
    471  4+1   CD8D A6   E8 D5           LDA -43,S
    472  5     CD90 B7   D2AF            STA ERASE_CODE_HJL4_2+151
    473  2     CD93 86   0F              LDA  #$0F
    474  4+1   CD95 A4   E8 D5           ANDA -43,S
    475  2     CD98 8B   F0              ADDA #$f0
    476  4+1   CD9A A7   E8 D5           STA -43,S
    477  4+1   CD9D A6   E8 D4           LDA -44,S
    478  5     CDA0 B7   D2B4            STA ERASE_CODE_HJL4_2+156
    479  2     CDA3 86   C2              LDA #$c2
    480  4+1   CDA5 A7   E8 D4           STA -44,S
    481  4+1   CDA8 32   E8 AC           LEAS -84,S
    482  5+4   CDAB 35   16              PULS A,B,X
    483  5     CDAD B7   D2BC            STA ERASE_CODE_HJL4_2+164
    484  5     CDB0 F7   D2BE            STB ERASE_CODE_HJL4_2+166
    485  6     CDB3 BF   D2C0            STX ERASE_CODE_HJL4_2+168
    486  2     CDB6 86   90              LDA #$90
    487  2     CDB8 C6   EF              LDB #$ef
    488  3     CDBA 8E   AD6C            LDX #$ad6c
    489  5+4   CDBD 34   16              PSHS X,B,A
    490  4+1   CDBF A6   E8 DB           LDA -37,S
    491  5     CDC2 B7   D2C5            STA ERASE_CODE_HJL4_2+173
    492  2     CDC5 86   6C              LDA #$6c
    493  4+1   CDC7 A7   E8 DB           STA -37,S
    494  4+1   CDCA A6   E8 DA           LDA -38,S
    495  5     CDCD B7   D2CF            STA ERASE_CODE_HJL4_2+183
    496  2     CDD0 86   F0              LDA  #$F0
    497  4+1   CDD2 A4   E8 DA           ANDA -38,S
    498  2     CDD5 8B   0A              ADDA #$0a
    499  4+1   CDD7 A7   E8 DA           STA -38,S
    500  5+1   CDDA AE   E8 D8           LDX -40,S
    501  6     CDDD BF   D2D4            STX ERASE_CODE_HJL4_2+188
    502  3     CDE0 8E   20CC            LDX #$20cc
    503  5+1   CDE3 AF   E8 D8           STX -40,S
    504  4+1   CDE6 32   E8 B0           LEAS -80,S
    505  5+4   CDE9 35   16              PULS A,B,X
    506  5     CDEB B7   D2DD            STA ERASE_CODE_HJL4_2+197
    507  5     CDEE F7   D2DF            STB ERASE_CODE_HJL4_2+199
    508  6     CDF1 BF   D2E1            STX ERASE_CODE_HJL4_2+201
    509  2     CDF4 86   20              LDA #$20
    510  2     CDF6 C6   88              LDB #$88
    511  3     CDF8 8E   DEFF            LDX #$deff
    512  5+4   CDFB 34   16              PSHS X,B,A
    513  4+1   CDFD 32   E8 D8           LEAS -40,S
    514  5+4   CE00 35   16              PULS A,B,X
    515  5     CE02 B7   D2E9            STA ERASE_CODE_HJL4_2+209
    516  5     CE05 F7   D2EB            STB ERASE_CODE_HJL4_2+211
    517  6     CE08 BF   D2ED            STX ERASE_CODE_HJL4_2+213
    518  2     CE0B 86   02              LDA #$02
    519  2     CE0D C6   F3              LDB #$f3
    520  3     CE0F 8E   EDFF            LDX #$edff
    521  5+4   CE12 34   16              PSHS X,B,A
    522  4+1   CE14 A6   E8 DB           LDA -37,S
    523  5     CE17 B7   D2F7            STA ERASE_CODE_HJL4_2+223
    524  2     CE1A 86   0F              LDA  #$0F
    525  4+1   CE1C A4   E8 DB           ANDA -37,S
    526  2     CE1F 8B   F0              ADDA #$f0
    527  4+1   CE21 A7   E8 DB           STA -37,S
    528  4+1   CE24 32   E8 D8           LEAS -40,S
    529  5+3   CE27 35   12              PULS A,X
    530  5     CE29 B7   D2FF            STA ERASE_CODE_HJL4_2+231
    531  6     CE2C BF   D301            STX ERASE_CODE_HJL4_2+233
    532  2     CE2F 86   2B              LDA #$2b
    533  3     CE31 8E   C5EA            LDX #$c5ea
    534  5+3   CE34 34   12              PSHS X,A
    535  5+1   CE36 AE   E8 D9           LDX -39,S
    536  6     CE39 BF   D306            STX ERASE_CODE_HJL4_2+238
    537  3     CE3C 8E   F8DB            LDX #$f8db
    538  5+1   CE3F AF   E8 D9           STX -39,S
    539  4+1   CE42 A6   E8 D8           LDA -40,S
    540  5     CE45 B7   D311            STA ERASE_CODE_HJL4_2+249
    541  2     CE48 86   F0              LDA  #$F0
    542  4+1   CE4A A4   E8 D8           ANDA -40,S
    543  2     CE4D 8B   00              ADDA #$00
    544  4+1   CE4F A7   E8 D8           STA -40,S
    545  5+1   CE52 AE   E8 B1           LDX -79,S
    546  6     CE55 BF   D316            STX ERASE_CODE_HJL4_2+254
    547  3     CE58 8E   FCFB            LDX #$fcfb
    548  5+1   CE5B AF   E8 B1           STX -79,S
    549  5+1   CE5E AE   E8 89           LDX -119,S
    550  6     CE61 BF   D31C            STX ERASE_CODE_HJL4_2+260
    551  3     CE64 8E   EFEE            LDX #$efee
    552  5+1   CE67 AF   E8 89           STX -119,S
    553  4+1   CE6A A6   E8 88           LDA -120,S
    554  5     CE6D B7   D327            STA ERASE_CODE_HJL4_2+271
    555  2     CE70 86   F0              LDA  #$F0
    556  4+1   CE72 A4   E8 88           ANDA -120,S
    557  2     CE75 8B   08              ADDA #$08
    558  4+1   CE77 A7   E8 88           STA -120,S
    559  4+4   CE7A 32   E9 FF63         LEAS -157,S
    560  4+1   CE7E 32   7D              LEAS -3,S
    561  5+3   CE80 35   12              PULS A,X
    562  5     CE82 B7   D330            STA ERASE_CODE_HJL4_2+280
    563  6     CE85 BF   D332            STX ERASE_CODE_HJL4_2+282
    564  2     CE88 86   C3              LDA #$c3
    565  3     CE8A 8E   8EED            LDX #$8eed
    566  5+3   CE8D 34   12              PSHS X,A
    567  4+1   CE8F 32   E8 D8           LEAS -40,S
    568  5+3   CE92 35   12              PULS A,X
    569  5     CE94 B7   D33A            STA ERASE_CODE_HJL4_2+290
    570  6     CE97 BF   D33C            STX ERASE_CODE_HJL4_2+292
    571  2     CE9A 86   53              LDA #$53
    572  3     CE9C 8E   5EDA            LDX #$5eda
    573  5+3   CE9F 34   12              PSHS X,A
    574  4+1   CEA1 32   E8 D8           LEAS -40,S
    575  5+3   CEA4 35   12              PULS A,X
    576  5     CEA6 B7   D344            STA ERASE_CODE_HJL4_2+300
    577  6     CEA9 BF   D346            STX ERASE_CODE_HJL4_2+302
    578  2     CEAC 86   B1              LDA #$b1
    579  3     CEAE 8E   1DAA            LDX #$1daa
    580  5+3   CEB1 34   12              PSHS X,A
    581  4+1   CEB3 A6   E8 DA           LDA -38,S
    582  5     CEB6 B7   D350            STA ERASE_CODE_HJL4_2+312
    583  2     CEB9 86   0F              LDA  #$0F
    584  4+1   CEBB A4   E8 DA           ANDA -38,S
    585  2     CEBE 8B   A0              ADDA #$a0
    586  4+1   CEC0 A7   E8 DA           STA -38,S
    587  5+1   CEC3 AE   E8 D8           LDX -40,S
    588  6     CEC6 BF   D355            STX ERASE_CODE_HJL4_2+317
    589  3     CEC9 8E   B05A            LDX #$b05a
    590  5+1   CECC AF   E8 D8           STX -40,S
    591  5+1   CECF AE   E8 B0           LDX -80,S
    592  6     CED2 BF   D35B            STX ERASE_CODE_HJL4_2+323
    593  3     CED5 8E   F07A            LDX #$f07a
    594  5+1   CED8 AF   E8 B0           STX -80,S
    595  4+1   CEDB A6   E8 8A           LDA -118,S
    596  5     CEDE B7   D366            STA ERASE_CODE_HJL4_2+334
    597  2     CEE1 86   0F              LDA  #$0F
    598  4+1   CEE3 A4   E8 8A           ANDA -118,S
    599  2     CEE6 8B   D0              ADDA #$d0
    600  4+1   CEE8 A7   E8 8A           STA -118,S
    601  5+1   CEEB AE   E8 88           LDX -120,S
    602  6     CEEE BF   D36B            STX ERASE_CODE_HJL4_2+339
    603  3     CEF1 8E   F07A            LDX #$f07a
    604  5+1   CEF4 AF   E8 88           STX -120,S
    605  4+4   CEF7 32   E9 FF63         LEAS -157,S
    606  4+1   CEFB 32   7D              LEAS -3,S
    607  5+3   CEFD 35   12              PULS A,X
    608  5     CEFF B7   D375            STA ERASE_CODE_HJL4_2+349
    609  6     CF02 BF   D377            STX ERASE_CODE_HJL4_2+351
    610  2     CF05 86   F0              LDA #$f0
    611  3     CF07 8E   7AED            LDX #$7aed
    612  5+3   CF0A 34   12              PSHS X,A
    613  4+1   CF0C 32   E8 D8           LEAS -40,S
    614  5+3   CF0F 35   12              PULS A,X
    615  5     CF11 B7   D37F            STA ERASE_CODE_HJL4_2+359
    616  6     CF14 BF   D381            STX ERASE_CODE_HJL4_2+361
    617  2     CF17 86   A0              LDA #$a0
    618  3     CF19 8E   77EE            LDX #$77ee
    619  5+3   CF1C 34   12              PSHS X,A
    620  4+1   CF1E 32   E8 D8           LEAS -40,S
    621  5+3   CF21 35   12              PULS A,X
    622  5     CF23 B7   D389            STA ERASE_CODE_HJL4_2+369
    623  6     CF26 BF   D38B            STX ERASE_CODE_HJL4_2+371
    624  2     CF29 86   72              LDA #$72
    625  3     CF2B 8E   47DA            LDX #$47da
    626  5+3   CF2E 34   12              PSHS X,A
    627  4+1   CF30 32   E8 D8           LEAS -40,S
    628  5+3   CF33 35   12              PULS A,X
    629  5     CF35 B7   D393            STA ERASE_CODE_HJL4_2+379
    630  6     CF38 BF   D395            STX ERASE_CODE_HJL4_2+381
    631  2     CF3B 86   7A              LDA #$7a
    632  3     CF3D 8E   07AA            LDX #$07aa
    633  5+3   CF40 34   12              PSHS X,A
    634  4+1   CF42 A6   E8 DA           LDA -38,S
    635  5     CF45 B7   D39F            STA ERASE_CODE_HJL4_2+391
    636  2     CF48 86   0F              LDA  #$0F
    637  4+1   CF4A A4   E8 DA           ANDA -38,S
    638  2     CF4D 8B   A0              ADDA #$a0
    639  4+1   CF4F A7   E8 DA           STA -38,S
    640  5+1   CF52 AE   E8 D8           LDX -40,S
    641  6     CF55 BF   D3A4            STX ERASE_CODE_HJL4_2+396
    642  3     CF58 8E   744D            LDX #$744d
    643  5+1   CF5B AF   E8 D8           STX -40,S
    644  5+1   CF5E AE   E8 B0           LDX -80,S
    645  6     CF61 BF   D3AA            STX ERASE_CODE_HJL4_2+402
    646  3     CF64 8E   747E            LDX #$747e
    647  5+1   CF67 AF   E8 B0           STX -80,S
    648  5+1   CF6A AE   E8 88           LDX -120,S
    649  6     CF6D BF   D3B0            STX ERASE_CODE_HJL4_2+408
    650  3     CF70 8E   743E            LDX #$743e
    651  5+1   CF73 AF   E8 88           STX -120,S
    652  4+4   CF76 32   E9 FF62         LEAS -158,S
    653  5+1   CF7A AE   7E              LDX -2,S
    654  6     CF7C BF   D3BA            STX ERASE_CODE_HJL4_2+418
    655  3     CF7F 8E   E73E            LDX #$e73e
    656  5+1   CF82 AF   7E              STX -2,S
    657  4+1   CF84 A6   E8 D8           LDA -40,S
    658  5     CF87 B7   D3C4            STA ERASE_CODE_HJL4_2+428
    659  2     CF8A 86   0F              LDA  #$0F
    660  4+1   CF8C A4   E8 D8           ANDA -40,S
    661  2     CF8F 8B   E0              ADDA #$e0
    662  4+1   CF91 A7   E8 D8           STA -40,S
    663  5+1   CF94 AE   E8 D6           LDX -42,S
    664  6     CF97 BF   D3C9            STX ERASE_CODE_HJL4_2+433
    665  3     CF9A 8E   D73D            LDX #$d73d
    666  5+1   CF9D AF   E8 D6           STX -42,S
    667  5+1   CFA0 AE   E8 AF           LDX -81,S
    668  6     CFA3 BF   D3CF            STX ERASE_CODE_HJL4_2+439
    669  3     CFA6 8E   CADD            LDX #$cadd
    670  5+1   CFA9 AF   E8 AF           STX -81,S
    671  4+1   CFAC A6   E8 AE           LDA -82,S
    672  5     CFAF B7   D3DA            STA ERASE_CODE_HJL4_2+450
    673  2     CFB2 86   0F              LDA  #$0F
    674  4+1   CFB4 A4   E8 AE           ANDA -82,S
    675  2     CFB7 8B   D0              ADDA #$d0
    676  4+1   CFB9 A7   E8 AE           STA -82,S
    677  4+1   CFBC A6   E8 88           LDA -120,S
    678  5     CFBF B7   D3E4            STA ERASE_CODE_HJL4_2+460
    679  2     CFC2 86   0F              LDA  #$0F
    680  4+1   CFC4 A4   E8 88           ANDA -120,S
    681  2     CFC7 8B   70              ADDA #$70
    682  4+1   CFC9 A7   E8 88           STA -120,S
    683  4+1   CFCC A6   E8 87           LDA -121,S
    684  5     CFCF B7   D3E9            STA ERASE_CODE_HJL4_2+465
    685  2     CFD2 86   D7              LDA #$d7
    686  4+1   CFD4 A7   E8 87           STA -121,S
    687  4+4   CFD7 32   E9 FF5F         LEAS -161,S
    688  4+0   CFDB A6   E4              LDA ,S
    689  5     CFDD B7   D3F6            STA ERASE_CODE_HJL4_2+478
    690  2     CFE0 86   F0              LDA  #$F0
    691  4+0   CFE2 A4   E4              ANDA ,S
    692  2     CFE4 8B   07              ADDA #$07
    693  4+0   CFE6 A7   E4              STA ,S
    694
    695        CFE8               SSAV_HJL4
    696  4     CFE8 10CE 0000            LDS #$0000
    697  5+3   CFEC 35   48              PULS U,DP
    698  5     CFEE 39                   RTS
    699
    700        CFEF               DATA_HJL4_2
    701        CFEF               DATA_HJL4_1
    702        CFEF               ERASE_HJL4
    703  5+3   CFEF 34   48              PSHS U,DP
    704  7     CFF1 10FF D3FB            STS ERASE_SSAV_HJL4+2
    705
    706        CFF5               ERASE_POS_HJL4_1
    707  4     CFF5 10CE 0000            LDS #$0000
    708  3     CFF9 CE   D400            LDU #ERASE_DATA_HJL4_1
    709        CFFC               ERASE_CODE_HJL4_1
    710  4+1   CFFC 32   7F              LEAS -1,S
    711  2     CFFE 86   CF              LDA #$cf
    712  4+1   D000 A7   7F              STA -1,S
    713  2     D002 86   93              LDA #$93
    714  4+1   D004 A7   E8 D7           STA -41,S
    715  2     D007 86   F0              LDA  #$F0
    716  4+1   D009 A4   E8 AF           ANDA -81,S
    717  2     D00C 8B   09              ADDA #$09
    718  4+1   D00E A7   E8 AF           STA -81,S
    719  2     D011 86   FC              LDA #$fc
    720  4+1   D013 A7   E8 AD           STA -83,S
    721  2     D016 86   FF              LDA #$ff
    722  4+1   D018 A7   E8 85           STA -123,S
    723  4+4   D01B 32   E9 FF60         LEAS -160,S
    724  2     D01F 86   0F              LDA  #$0F
    725  4+0   D021 A4   E4              ANDA ,S
    726  2     D023 8B   F0              ADDA #$f0
    727  4+0   D025 A7   E4              STA ,S
    728  2     D027 86   FF              LDA #$ff
    729  4+1   D029 A7   7D              STA -3,S
    730  2     D02B 86   0F              LDA  #$0F
    731  4+1   D02D A4   E8 D8           ANDA -40,S
    732  2     D030 8B   F0              ADDA #$f0
    733  4+1   D032 A7   E8 D8           STA -40,S
    734  2     D035 86   CF              LDA #$cf
    735  4+1   D037 A7   E8 D5           STA -43,S
    736  2     D03A 86   0F              LDA  #$0F
    737  4+1   D03C A4   E8 B0           ANDA -80,S
    738  2     D03F 8B   F0              ADDA #$f0
    739  4+1   D041 A7   E8 B0           STA -80,S
    740  2     D044 86   CF              LDA #$cf
    741  4+1   D046 A7   E8 AD           STA -83,S
    742  2     D049 86   0F              LDA  #$0F
    743  4+1   D04B A4   E8 88           ANDA -120,S
    744  2     D04E 8B   B0              ADDA #$b0
    745  4+1   D050 A7   E8 88           STA -120,S
    746  2     D053 86   F0              LDA  #$F0
    747  4+1   D055 A4   E8 87           ANDA -121,S
    748  2     D058 8B   00              ADDA #$00
    749  4+1   D05A A7   E8 87           STA -121,S
    750  2     D05D 86   CB              LDA #$cb
    751  4+1   D05F A7   E8 85           STA -123,S
    752  2     D062 86   F0              LDA  #$F0
    753  4+1   D064 A4   E8 84           ANDA -124,S
    754  2     D067 8B   0F              ADDA #$0f
    755  4+1   D069 A7   E8 84           STA -124,S
    756  4+4   D06C 32   E9 FF60         LEAS -160,S
    757  2     D070 86   0F              LDA  #$0F
    758  4+0   D072 A4   E4              ANDA ,S
    759  2     D074 8B   B0              ADDA #$b0
    760  4+0   D076 A7   E4              STA ,S
    761  2     D078 86   F0              LDA  #$F0
    762  4+1   D07A A4   7F              ANDA -1,S
    763  2     D07C 8B   02              ADDA #$02
    764  4+1   D07E A7   7F              STA -1,S
    765  2     D080 86   96              LDA #$96
    766  4+1   D082 A7   7D              STA -3,S
    767  2     D084 86   F0              LDA  #$F0
    768  4+1   D086 A4   7C              ANDA -4,S
    769  2     D088 8B   0F              ADDA #$0f
    770  4+1   D08A A7   7C              STA -4,S
    771  2     D08C 86   0F              LDA  #$0F
    772  4+1   D08E A4   E8 D8           ANDA -40,S
    773  2     D091 8B   B0              ADDA #$b0
    774  4+1   D093 A7   E8 D8           STA -40,S
    775  2     D096 86   F0              LDA  #$F0
    776  4+1   D098 A4   E8 D7           ANDA -41,S
    777  2     D09B 8B   06              ADDA #$06
    778  4+1   D09D A7   E8 D7           STA -41,S
    779  2     D0A0 86   26              LDA #$26
    780  4+1   D0A2 A7   E8 D5           STA -43,S
    781  2     D0A5 86   F0              LDA  #$F0
    782  4+1   D0A7 A4   E8 D4           ANDA -44,S
    783  2     D0AA 8B   0F              ADDA #$0f
    784  4+1   D0AC A7   E8 D4           STA -44,S
    785  2     D0AF 86   0F              LDA  #$0F
    786  4+1   D0B1 A4   E8 B0           ANDA -80,S
    787  2     D0B4 8B   F0              ADDA #$f0
    788  4+1   D0B6 A7   E8 B0           STA -80,S
    789  4+1   D0B9 32   E8 B0           LEAS -80,S
    790  2     D0BC 86   FC              LDA #$fc
    791  2     D0BE C6   0B              LDB #$0b
    792  3     D0C0 8E   FDEE            LDX #$fdee
    793  5+4   D0C3 34   16              PSHS X,B,A
    794  4+1   D0C5 32   E8 DC           LEAS -36,S
    795  2     D0C8 86   F9              LDA #$f9
    796  2     D0CA C6   06              LDB #$06
    797  3     D0CC 8E   EAAF            LDX #$eaaf
    798  5+4   D0CF 34   16              PSHS X,B,A
    799  2     D0D1 86   F0              LDA  #$F0
    800  4+1   D0D3 A4   E8 DB           ANDA -37,S
    801  2     D0D6 8B   02              ADDA #$02
    802  4+1   D0D8 A7   E8 DB           STA -37,S
    803  3     D0DB 8E   0BCD            LDX #$0bcd
    804  5+1   D0DE AF   E8 D9           STX -39,S
    805  2     D0E1 86   0F              LDA  #$0F
    806  4+1   D0E3 A4   E8 D8           ANDA -40,S
    807  2     D0E6 8B   C0              ADDA #$c0
    808  4+1   D0E8 A7   E8 D8           STA -40,S
    809  4+1   D0EB 32   E8 B4           LEAS -76,S
    810  2     D0EE C6   06              LDB #$06
    811  3     D0F0 8E   8EBF            LDX #$8ebf
    812  5+3   D0F3 34   14              PSHS X,B
    813  4+1   D0F5 32   E8 DB           LEAS -37,S
    814  2     D0F8 86   02              LDA #$02
    815  3     D0FA 8E   3F6B            LDX #$3f6b
    816  5+3   D0FD 34   12              PSHS X,A
    817  3     D0FF 8E   C8FB            LDX #$c8fb
    818  5+1   D102 AF   E8 D9           STX -39,S
    819  2     D105 86   0F              LDA  #$0F
    820  4+1   D107 A4   E8 D8           ANDA -40,S
    821  2     D10A 8B   00              ADDA #$00
    822  4+1   D10C A7   E8 D8           STA -40,S
    823  4+1   D10F 32   E8 B3           LEAS -77,S
    824  2     D112 86   8C              LDA #$8c
    825  3     D114 8E   F8D6            LDX #$f8d6
    826  5+3   D117 34   12              PSHS X,A
    827  4+1   D119 32   E8 DB           LEAS -37,S
    828  2     D11C 86   55              LDA #$55
    829  3     D11E 8E   E8AB            LDX #$e8ab
    830  5+3   D121 34   12              PSHS X,A
    831  4+1   D123 32   E8 DB           LEAS -37,S
    832  2     D126 86   33              LDA #$33
    833  3     D128 8E   EE62            LDX #$ee62
    834  5+3   D12B 34   12              PSHS X,A
    835  3     D12D 8E   33FE            LDX #$33fe
    836  5+1   D130 AF   E8 D8           STX -40,S
    837  3     D133 8E   03ED            LDX #$03ed
    838  5+1   D136 AF   E8 B0           STX -80,S
    839  2     D139 86   F0              LDA  #$F0
    840  4+1   D13B A4   E8 AF           ANDA -81,S
    841  2     D13E 8B   0F              ADDA #$0f
    842  4+1   D140 A7   E8 AF           STA -81,S
    843  3     D143 8E   20EA            LDX #$20ea
    844  5+1   D146 AF   E8 88           STX -120,S
    845  2     D149 86   F0              LDA  #$F0
    846  4+1   D14B A4   E8 87           ANDA -121,S
    847  2     D14E 8B   0F              ADDA #$0f
    848  4+1   D150 A7   E8 87           STA -121,S
    849  4+4   D153 32   E9 FF62         LEAS -158,S
    850  3     D157 8E   07DD            LDX #$07dd
    851  5+1   D15A AF   7E              STX -2,S
    852  2     D15C 86   F0              LDA  #$F0
    853  4+1   D15E A4   7D              ANDA -3,S
    854  2     D160 8B   0B              ADDA #$0b
    855  4+1   D162 A7   7D              STA -3,S
    856  3     D164 8E   07AE            LDX #$07ae
    857  5+1   D167 AF   E8 D6           STX -42,S
    858  2     D16A 86   F0              LDA  #$F0
    859  4+1   D16C A4   E8 D5           ANDA -43,S
    860  2     D16F 8B   0B              ADDA #$0b
    861  4+1   D171 A7   E8 D5           STA -43,S
    862  2     D174 86   0F              LDA  #$0F
    863  4+1   D176 A4   E8 B0           ANDA -80,S
    864  2     D179 8B   E0              ADDA #$e0
    865  4+1   D17B A7   E8 B0           STA -80,S
    866  3     D17E 8E   04AE            LDX #$04ae
    867  5+1   D181 AF   E8 AE           STX -82,S
    868  2     D184 86   F0              LDA  #$F0
    869  4+1   D186 A4   E8 AD           ANDA -83,S
    870  2     D189 8B   0D              ADDA #$0d
    871  4+1   D18B A7   E8 AD           STA -83,S
    872  2     D18E 86   0F              LDA  #$0F
    873  4+1   D190 A4   E8 88           ANDA -120,S
    874  2     D193 8B   A0              ADDA #$a0
    875  4+1   D195 A7   E8 88           STA -120,S
    876  3     D198 8E   04AD            LDX #$04ad
    877  5+1   D19B AF   E8 86           STX -122,S
    878  2     D19E 86   F0              LDA  #$F0
    879  4+1   D1A0 A4   E8 85           ANDA -123,S
    880  2     D1A3 8B   0A              ADDA #$0a
    881  4+1   D1A5 A7   E8 85           STA -123,S
    882  4+4   D1A8 32   E9 FF60         LEAS -160,S
    883  3     D1AC 8E   07AD            LDX #$07ad
    884  5+1   D1AF AF   7E              STX -2,S
    885  2     D1B1 86   F0              LDA  #$F0
    886  4+1   D1B3 A4   7D              ANDA -3,S
    887  2     D1B5 8B   07              ADDA #$07
    888  4+1   D1B7 A7   7D              STA -3,S
    889  3     D1B9 8E   27AD            LDX #$27ad
    890  5+1   D1BC AF   E8 D6           STX -42,S
    891  2     D1BF 86   F0              LDA  #$F0
    892  4+1   D1C1 A4   E8 D5           ANDA -43,S
    893  2     D1C4 8B   07              ADDA #$07
    894  4+1   D1C6 A7   E8 D5           STA -43,S
    895  3     D1C9 8E   D7AA            LDX #$d7aa
    896  5+1   D1CC AF   E8 AE           STX -82,S
    897  3     D1CF 8E   47AA            LDX #$47aa
    898  5+1   D1D2 AF   E8 86           STX -122,S
    899  4+4   D1D5 32   E9 FF5F         LEAS -161,S
    900  2     D1D9 86   0F              LDA  #$0F
    901  4+0   D1DB A4   E4              ANDA ,S
    902  2     D1DD 8B   A0              ADDA #$a0
    903  4+0   D1DF A7   E4              STA ,S
    904  2     D1E1 86   48              LDA #$48
    905  4+1   D1E3 A7   7F              STA -1,S
    906  3     D1E5 8E   48EE            LDX #$48ee
    907  5+1   D1E8 AF   E8 D7           STX -41,S
    908  3     D1EB 8E   7ADD            LDX #$7add
    909  5+1   D1EE AF   E8 AF           STX -81,S
    910  3     D1F1 8E   77AA            LDX #$77aa
    911  5+1   D1F4 AF   E8 87           STX -121,S
    912  4+4   D1F7 32   E9 FF61         LEAS -159,S
    913  2     D1FB 86   77              LDA #$77
    914  4+1   D1FD A7   7F              STA -1,S
    915  2     D1FF 86   F0              LDA  #$F0
    916  4+1   D201 A4   7E              ANDA -2,S
    917  2     D203 8B   07              ADDA #$07
    918  4+1   D205 A7   7E              STA -2,S
    919  2     D207 86   0F              LDA  #$0F
    920  4+1   D209 A4   E8 D7           ANDA -41,S
    921  2     D20C 8B   70              ADDA #$70
    922  4+1   D20E A7   E8 D7           STA -41,S
    923
    924        D211               ERASE_POS_HJL4_2
    925  4     D211 10CE 0000            LDS #$0000
    926  3     D215 CE   D400            LDU #ERASE_DATA_HJL4_2
    927        D218               ERASE_CODE_HJL4_2
    928  4+1   D218 32   7E              LEAS -2,S
    929  2     D21A 86   0F              LDA  #$0F
    930  4+0   D21C A4   E4              ANDA ,S
    931  2     D21E 8B   F0              ADDA #$f0
    932  4+0   D220 A7   E4              STA ,S
    933  2     D222 86   CF              LDA #$cf
    934  4+1   D224 A7   E8 D8           STA -40,S
    935  2     D227 86   9C              LDA #$9c
    936  4+1   D229 A7   E8 B0           STA -80,S
    937  2     D22C 86   9C              LDA #$9c
    938  4+1   D22E A7   E8 88           STA -120,S
    939  2     D231 86   F0              LDA  #$F0
    940  4+1   D233 A4   E8 85           ANDA -123,S
    941  2     D236 8B   0C              ADDA #$0c
    942  4+1   D238 A7   E8 85           STA -123,S
    943  4+4   D23B 32   E9 FF61         LEAS -159,S
    944  2     D23F 86   99              LDA #$99
    945  4+1   D241 A7   7F              STA -1,S
    946  2     D243 86   0F              LDA  #$0F
    947  4+1   D245 A4   7D              ANDA -3,S
    948  2     D247 8B   F0              ADDA #$f0
    949  4+1   D249 A7   7D              STA -3,S
    950  2     D24B 86   F0              LDA  #$F0
    951  4+1   D24D A4   7C              ANDA -4,S
    952  2     D24F 8B   0F              ADDA #$0f
    953  4+1   D251 A7   7C              STA -4,S
    954  2     D253 86   99              LDA #$99
    955  4+1   D255 A7   E8 D7           STA -41,S
    956  2     D258 86   0F              LDA  #$0F
    957  4+1   D25A A4   E8 D5           ANDA -43,S
    958  2     D25D 8B   F0              ADDA #$f0
    959  4+1   D25F A7   E8 D5           STA -43,S
    960  2     D262 86   FB              LDA #$fb
    961  4+1   D264 A7   E8 D4           STA -44,S
    962  2     D267 86   09              LDA #$09
    963  4+1   D269 A7   E8 AF           STA -81,S
    964  2     D26C 86   0F              LDA  #$0F
    965  4+1   D26E A4   E8 AD           ANDA -83,S
    966  2     D271 8B   B0              ADDA #$b0
    967  4+1   D273 A7   E8 AD           STA -83,S
    968  2     D276 86   F6              LDA #$f6
    969  4+1   D278 A7   E8 AC           STA -84,S
    970  2     D27B 86   02              LDA #$02
    971  4+1   D27D A7   E8 87           STA -121,S
    972  2     D280 86   0F              LDA  #$0F
    973  4+1   D282 A4   E8 85           ANDA -123,S
    974  2     D285 8B   60              ADDA #$60
    975  4+1   D287 A7   E8 85           STA -123,S
    976  2     D28A 86   F6              LDA #$f6
    977  4+1   D28C A7   E8 84           STA -124,S
    978  4+4   D28F 32   E9 FF60         LEAS -160,S
    979  2     D293 86   06              LDA #$06
    980  4+1   D295 A7   7F              STA -1,S
    981  2     D297 86   0F              LDA  #$0F
    982  4+1   D299 A4   7D              ANDA -3,S
    983  2     D29B 8B   B0              ADDA #$b0
    984  4+1   D29D A7   7D              STA -3,S
    985  2     D29F 86   C6              LDA #$c6
    986  4+1   D2A1 A7   7C              STA -4,S
    987  3     D2A3 8E   DE66            LDX #$de66
    988  5+1   D2A6 AF   E8 D6           STX -42,S
    989  2     D2A9 86   0F              LDA  #$0F
    990  4+1   D2AB A4   E8 D5           ANDA -43,S
    991  2     D2AE 8B   F0              ADDA #$f0
    992  4+1   D2B0 A7   E8 D5           STA -43,S
    993  2     D2B3 86   C2              LDA #$c2
    994  4+1   D2B5 A7   E8 D4           STA -44,S
    995  4+1   D2B8 32   E8 B0           LEAS -80,S
    996  2     D2BB 86   90              LDA #$90
    997  2     D2BD C6   EF              LDB #$ef
    998  3     D2BF 8E   AD6C            LDX #$ad6c
    999  5+4   D2C2 34   16              PSHS X,B,A
   1000  2     D2C4 86   6C              LDA #$6c
   1001  4+1   D2C6 A7   E8 DB           STA -37,S
   1002  2     D2C9 86   F0              LDA  #$F0
   1003  4+1   D2CB A4   E8 DA           ANDA -38,S
   1004  2     D2CE 8B   0A              ADDA #$0a
   1005  4+1   D2D0 A7   E8 DA           STA -38,S
   1006  3     D2D3 8E   20CC            LDX #$20cc
   1007  5+1   D2D6 AF   E8 D8           STX -40,S
   1008  4+1   D2D9 32   E8 B4           LEAS -76,S
   1009  2     D2DC 86   20              LDA #$20
   1010  2     D2DE C6   88              LDB #$88
   1011  3     D2E0 8E   DEFF            LDX #$deff
   1012  5+4   D2E3 34   16              PSHS X,B,A
   1013  4+1   D2E5 32   E8 DC           LEAS -36,S
   1014  2     D2E8 86   02              LDA #$02
   1015  2     D2EA C6   F3              LDB #$f3
   1016  3     D2EC 8E   EDFF            LDX #$edff
   1017  5+4   D2EF 34   16              PSHS X,B,A
   1018  2     D2F1 86   0F              LDA  #$0F
   1019  4+1   D2F3 A4   E8 DB           ANDA -37,S
   1020  2     D2F6 8B   F0              ADDA #$f0
   1021  4+1   D2F8 A7   E8 DB           STA -37,S
   1022  4+1   D2FB 32   E8 DB           LEAS -37,S
   1023  2     D2FE 86   2B              LDA #$2b
   1024  3     D300 8E   C5EA            LDX #$c5ea
   1025  5+3   D303 34   12              PSHS X,A
   1026  3     D305 8E   F8DB            LDX #$f8db
   1027  5+1   D308 AF   E8 D9           STX -39,S
   1028  2     D30B 86   F0              LDA  #$F0
   1029  4+1   D30D A4   E8 D8           ANDA -40,S
   1030  2     D310 8B   00              ADDA #$00
   1031  4+1   D312 A7   E8 D8           STA -40,S
   1032  3     D315 8E   FCFB            LDX #$fcfb
   1033  5+1   D318 AF   E8 B1           STX -79,S
   1034  3     D31B 8E   EFEE            LDX #$efee
   1035  5+1   D31E AF   E8 89           STX -119,S
   1036  2     D321 86   F0              LDA  #$F0
   1037  4+1   D323 A4   E8 88           ANDA -120,S
   1038  2     D326 8B   08              ADDA #$08
   1039  4+1   D328 A7   E8 88           STA -120,S
   1040  4+4   D32B 32   E9 FF63         LEAS -157,S
   1041  2     D32F 86   C3              LDA #$c3
   1042  3     D331 8E   8EED            LDX #$8eed
   1043  5+3   D334 34   12              PSHS X,A
   1044  4+1   D336 32   E8 DB           LEAS -37,S
   1045  2     D339 86   53              LDA #$53
   1046  3     D33B 8E   5EDA            LDX #$5eda
   1047  5+3   D33E 34   12              PSHS X,A
   1048  4+1   D340 32   E8 DB           LEAS -37,S
   1049  2     D343 86   B1              LDA #$b1
   1050  3     D345 8E   1DAA            LDX #$1daa
   1051  5+3   D348 34   12              PSHS X,A
   1052  2     D34A 86   0F              LDA  #$0F
   1053  4+1   D34C A4   E8 DA           ANDA -38,S
   1054  2     D34F 8B   A0              ADDA #$a0
   1055  4+1   D351 A7   E8 DA           STA -38,S
   1056  3     D354 8E   B05A            LDX #$b05a
   1057  5+1   D357 AF   E8 D8           STX -40,S
   1058  3     D35A 8E   F07A            LDX #$f07a
   1059  5+1   D35D AF   E8 B0           STX -80,S
   1060  2     D360 86   0F              LDA  #$0F
   1061  4+1   D362 A4   E8 8A           ANDA -118,S
   1062  2     D365 8B   D0              ADDA #$d0
   1063  4+1   D367 A7   E8 8A           STA -118,S
   1064  3     D36A 8E   F07A            LDX #$f07a
   1065  5+1   D36D AF   E8 88           STX -120,S
   1066  4+4   D370 32   E9 FF63         LEAS -157,S
   1067  2     D374 86   F0              LDA #$f0
   1068  3     D376 8E   7AED            LDX #$7aed
   1069  5+3   D379 34   12              PSHS X,A
   1070  4+1   D37B 32   E8 DB           LEAS -37,S
   1071  2     D37E 86   A0              LDA #$a0
   1072  3     D380 8E   77EE            LDX #$77ee
   1073  5+3   D383 34   12              PSHS X,A
   1074  4+1   D385 32   E8 DB           LEAS -37,S
   1075  2     D388 86   72              LDA #$72
   1076  3     D38A 8E   47DA            LDX #$47da
   1077  5+3   D38D 34   12              PSHS X,A
   1078  4+1   D38F 32   E8 DB           LEAS -37,S
   1079  2     D392 86   7A              LDA #$7a
   1080  3     D394 8E   07AA            LDX #$07aa
   1081  5+3   D397 34   12              PSHS X,A
   1082  2     D399 86   0F              LDA  #$0F
   1083  4+1   D39B A4   E8 DA           ANDA -38,S
   1084  2     D39E 8B   A0              ADDA #$a0
   1085  4+1   D3A0 A7   E8 DA           STA -38,S
   1086  3     D3A3 8E   744D            LDX #$744d
   1087  5+1   D3A6 AF   E8 D8           STX -40,S
   1088  3     D3A9 8E   747E            LDX #$747e
   1089  5+1   D3AC AF   E8 B0           STX -80,S
   1090  3     D3AF 8E   743E            LDX #$743e
   1091  5+1   D3B2 AF   E8 88           STX -120,S
   1092  4+4   D3B5 32   E9 FF62         LEAS -158,S
   1093  3     D3B9 8E   E73E            LDX #$e73e
   1094  5+1   D3BC AF   7E              STX -2,S
   1095  2     D3BE 86   0F              LDA  #$0F
   1096  4+1   D3C0 A4   E8 D8           ANDA -40,S
   1097  2     D3C3 8B   E0              ADDA #$e0
   1098  4+1   D3C5 A7   E8 D8           STA -40,S
   1099  3     D3C8 8E   D73D            LDX #$d73d
   1100  5+1   D3CB AF   E8 D6           STX -42,S
   1101  3     D3CE 8E   CADD            LDX #$cadd
   1102  5+1   D3D1 AF   E8 AF           STX -81,S
   1103  2     D3D4 86   0F              LDA  #$0F
   1104  4+1   D3D6 A4   E8 AE           ANDA -82,S
   1105  2     D3D9 8B   D0              ADDA #$d0
   1106  4+1   D3DB A7   E8 AE           STA -82,S
   1107  2     D3DE 86   0F              LDA  #$0F
   1108  4+1   D3E0 A4   E8 88           ANDA -120,S
   1109  2     D3E3 8B   70              ADDA #$70
   1110  4+1   D3E5 A7   E8 88           STA -120,S
   1111  2     D3E8 86   D7              LDA #$d7
   1112  4+1   D3EA A7   E8 87           STA -121,S
   1113  4+4   D3ED 32   E9 FF5F         LEAS -161,S
   1114  2     D3F1 86   F0              LDA  #$F0
   1115  4+0   D3F3 A4   E4              ANDA ,S
   1116  2     D3F5 8B   07              ADDA #$07
   1117  4+0   D3F7 A7   E4              STA ,S
   1118
   1119        D3F9               ERASE_SSAV_HJL4
   1120  4     D3F9 10CE 0000            LDS #$0000
   1121  5+3   D3FD 35   48              PULS U,DP
   1122  5     D3FF 39                   RTS
   1123
   1124        D400               ERASE_DATA_HJL4_2
   1125        D400               ERASE_DATA_HJL4_1

000000 Total Errors

000012 Total Symbols
     1x          Label CFEF DATA_HJL4_1
     1x          Label CFEF DATA_HJL4_2
     0x          Label C8C9 DRAW_HJL4
    74x          Label CFFC ERASE_CODE_HJL4_1
    74x          Label D218 ERASE_CODE_HJL4_2
     1x          Label D400 ERASE_DATA_HJL4_1
     1x          Label D400 ERASE_DATA_HJL4_2
     0x          Label CFEF ERASE_HJL4
     1x          Label CFF5 ERASE_POS_HJL4_1
     1x          Label D211 ERASE_POS_HJL4_2
     1x          Label D3F9 ERASE_SSAV_HJL4
     1x          Label CFE8 SSAV_HJL4

