/*--------------------------------------------------------------*
 * Compilé avec C6809 v0.83                                     *
 *--------------------------------------------------------------*
 * Fichier source      : TMP.ASS
 * Fichier destination : TMP.BIN
 * Contenu :
 *     Main     0:TMP.ASS      13378
 *--------------------------------------------------------------*/

Macro Pass
Pass1
Pass2
      2        CBD6                      ORG $CBD6
      3        CBD6               DRAW_HRL2
      4  5+3   CBD6 34   48              PSHS U,DP
      5  7     CBD8 10FF D212            STS SSAV_HRL2+2
      6
      7  7     CBDC 10FE 9F00            LDS $9F00
      8  7     CBE0 10FF D21F            STS ERASE_POS_HRL2_1+2
      9  3     CBE4 CE   D217            LDU #DATA_HRL2_1
     10
     11  4+1   CBE7 32   7F              LEAS -1,S
     12  5+1   CBE9 AE   7E              LDX -2,S
     13  6     CBEB BF   D227            STX ERASE_CODE_HRL2_1+3
     14  3     CBEE 8E   EE00            LDX #$ee00
     15  5+1   CBF1 AF   7E              STX -2,S
     16  5+1   CBF3 AE   E8 D6           LDX -42,S
     17  6     CBF6 BF   D22C            STX ERASE_CODE_HRL2_1+8
     18  3     CBF9 8E   2F11            LDX #$2f11
     19  5+1   CBFC AF   E8 D6           STX -42,S
     20  5+1   CBFF AE   E8 AE           LDX -82,S
     21  6     CC02 BF   D232            STX ERASE_CODE_HRL2_1+14
     22  3     CC05 8E   FF11            LDX #$ff11
     23  5+1   CC08 AF   E8 AE           STX -82,S
     24  4+1   CC0B A6   E8 87           LDA -121,S
     25  5     CC0E B7   D238            STA ERASE_CODE_HRL2_1+20
     26  2     CC11 86   11              LDA #$11
     27  4+1   CC13 A7   E8 87           STA -121,S
     28  4+1   CC16 A6   E8 86           LDA -122,S
     29  5     CC19 B7   D23D            STA ERASE_CODE_HRL2_1+25
     30  2     CC1C 86   F0              LDA  #$F0
     31  4+1   CC1E A4   E8 86           ANDA -122,S
     32  2     CC21 8B   0B              ADDA #$0b
     33  4+1   CC23 A7   E8 86           STA -122,S
     34  4+4   CC26 32   E9 FF60         LEAS -160,S
     35  4+1   CC2A A6   7F              LDA -1,S
     36  5     CC2C B7   D246            STA ERASE_CODE_HRL2_1+34
     37  2     CC2F 86   A0              LDA #$a0
     38  4+1   CC31 A7   7F              STA -1,S
     39  4+1   CC33 A6   E8 D7           LDA -41,S
     40  5     CC36 B7   D24A            STA ERASE_CODE_HRL2_1+38
     41  2     CC39 86   0F              LDA  #$0F
     42  4+1   CC3B A4   E8 D7           ANDA -41,S
     43  2     CC3E 8B   90              ADDA #$90
     44  4+1   CC40 A7   E8 D7           STA -41,S
     45  4+1   CC43 A6   E8 AF           LDA -81,S
     46  5     CC46 B7   D24F            STA ERASE_CODE_HRL2_1+43
     47  2     CC49 86   0F              LDA  #$0F
     48  4+1   CC4B A4   E8 AF           ANDA -81,S
     49  2     CC4E 8B   A0              ADDA #$a0
     50  4+1   CC50 A7   E8 AF           STA -81,S
     51  4+1   CC53 A6   E8 AD           LDA -83,S
     52  5     CC56 B7   D254            STA ERASE_CODE_HRL2_1+48
     53  2     CC59 86   0F              LDA  #$0F
     54  4+1   CC5B A4   E8 AD           ANDA -83,S
     55  2     CC5E 8B   E0              ADDA #$e0
     56  4+1   CC60 A7   E8 AD           STA -83,S
     57  4+1   CC63 A6   E8 86           LDA -122,S
     58  5     CC66 B7   D259            STA ERASE_CODE_HRL2_1+53
     59  2     CC69 86   F0              LDA  #$F0
     60  4+1   CC6B A4   E8 86           ANDA -122,S
     61  2     CC6E 8B   0C              ADDA #$0c
     62  4+1   CC70 A7   E8 86           STA -122,S
     63  4+1   CC73 A6   E8 85           LDA -123,S
     64  5     CC76 B7   D25E            STA ERASE_CODE_HRL2_1+58
     65  2     CC79 86   0F              LDA  #$0F
     66  4+1   CC7B A4   E8 85           ANDA -123,S
     67  2     CC7E 8B   10              ADDA #$10
     68  4+1   CC80 A7   E8 85           STA -123,S
     69  4+4   CC83 32   E9 FF5E         LEAS -162,S
     70  4+0   CC87 A6   E4              LDA ,S
     71  5     CC89 B7   D267            STA ERASE_CODE_HRL2_1+67
     72  2     CC8C 86   F0              LDA  #$F0
     73  4+0   CC8E A4   E4              ANDA ,S
     74  2     CC90 8B   0D              ADDA #$0d
     75  4+0   CC92 A7   E4              STA ,S
     76  4+1   CC94 A6   7F              LDA -1,S
     77  5     CC96 B7   D26B            STA ERASE_CODE_HRL2_1+71
     78  2     CC99 86   10              LDA #$10
     79  4+1   CC9B A7   7F              STA -1,S
     80  4+1   CC9D A6   E8 D9           LDA -39,S
     81  5     CCA0 B7   D26F            STA ERASE_CODE_HRL2_1+75
     82  2     CCA3 86   F0              LDA  #$F0
     83  4+1   CCA5 A4   E8 D9           ANDA -39,S
     84  2     CCA8 8B   0A              ADDA #$0a
     85  4+1   CCAA A7   E8 D9           STA -39,S
     86  4+1   CCAD A6   E8 D8           LDA -40,S
     87  5     CCB0 B7   D274            STA ERASE_CODE_HRL2_1+80
     88  2     CCB3 86   F0              LDA  #$F0
     89  4+1   CCB5 A4   E8 D8           ANDA -40,S
     90  2     CCB8 8B   0D              ADDA #$0d
     91  4+1   CCBA A7   E8 D8           STA -40,S
     92  4+1   CCBD A6   E8 D7           LDA -41,S
     93  5     CCC0 B7   D279            STA ERASE_CODE_HRL2_1+85
     94  2     CCC3 86   1E              LDA #$1e
     95  4+1   CCC5 A7   E8 D7           STA -41,S
     96  4+1   CCC8 32   E8 AF           LEAS -81,S
     97  5+3   CCCB 35   12              PULS A,X
     98  5     CCCD B7   D281            STA ERASE_CODE_HRL2_1+93
     99  6     CCD0 BF   D283            STX ERASE_CODE_HRL2_1+95
    100  2     CCD3 86   FE              LDA #$fe
    101  3     CCD5 8E   DDAB            LDX #$ddab
    102  5+3   CCD8 34   12              PSHS X,A
    103  5+1   CCDA AE   E8 D9           LDX -39,S
    104  6     CCDD BF   D288            STX ERASE_CODE_HRL2_1+100
    105  3     CCE0 8E   3CBB            LDX #$3cbb
    106  5+1   CCE3 AF   E8 D9           STX -39,S
    107  4+1   CCE6 A6   E8 D8           LDA -40,S
    108  5     CCE9 B7   D28E            STA ERASE_CODE_HRL2_1+106
    109  2     CCEC 86   F0              LDA  #$F0
    110  4+1   CCEE A4   E8 D8           ANDA -40,S
    111  2     CCF1 8B   01              ADDA #$01
    112  4+1   CCF3 A7   E8 D8           STA -40,S
    113  5+1   CCF6 AE   E8 B1           LDX -79,S
    114  6     CCF9 BF   D293            STX ERASE_CODE_HRL2_1+111
    115  3     CCFC 8E   2CAB            LDX #$2cab
    116  5+1   CCFF AF   E8 B1           STX -79,S
    117  4+1   CD02 A6   E8 B0           LDA -80,S
    118  5     CD05 B7   D299            STA ERASE_CODE_HRL2_1+117
    119  2     CD08 86   F0              LDA  #$F0
    120  4+1   CD0A A4   E8 B0           ANDA -80,S
    121  2     CD0D 8B   0A              ADDA #$0a
    122  4+1   CD0F A7   E8 B0           STA -80,S
    123  5+1   CD12 AE   E8 89           LDX -119,S
    124  6     CD15 BF   D29E            STX ERASE_CODE_HRL2_1+122
    125  3     CD18 8E   23BB            LDX #$23bb
    126  5+1   CD1B AF   E8 89           STX -119,S
    127  4+1   CD1E A6   E8 88           LDA -120,S
    128  5     CD21 B7   D2A4            STA ERASE_CODE_HRL2_1+128
    129  2     CD24 86   F0              LDA  #$F0
    130  4+1   CD26 A4   E8 88           ANDA -120,S
    131  2     CD29 8B   0A              ADDA #$0a
    132  4+1   CD2B A7   E8 88           STA -120,S
    133  4+4   CD2E 32   E9 FF63         LEAS -157,S
    134  5+1   CD32 AE   7E              LDX -2,S
    135  6     CD34 BF   D2AD            STX ERASE_CODE_HRL2_1+137
    136  3     CD37 8E   23AB            LDX #$23ab
    137  5+1   CD3A AF   7E              STX -2,S
    138  4+1   CD3C A6   7D              LDA -3,S
    139  5     CD3E B7   D2B2            STA ERASE_CODE_HRL2_1+142
    140  2     CD41 86   F0              LDA  #$F0
    141  4+1   CD43 A4   7D              ANDA -3,S
    142  2     CD45 8B   0A              ADDA #$0a
    143  4+1   CD47 A7   7D              STA -3,S
    144  5+1   CD49 AE   E8 D6           LDX -42,S
    145  6     CD4C BF   D2B6            STX ERASE_CODE_HRL2_1+146
    146  3     CD4F 8E   23AA            LDX #$23aa
    147  5+1   CD52 AF   E8 D6           STX -42,S
    148  4+1   CD55 A6   E8 AF           LDA -81,S
    149  5     CD58 B7   D2BC            STA ERASE_CODE_HRL2_1+152
    150  2     CD5B 86   0F              LDA  #$0F
    151  4+1   CD5D A4   E8 AF           ANDA -81,S
    152  2     CD60 8B   30              ADDA #$30
    153  4+1   CD62 A7   E8 AF           STA -81,S
    154  5+1   CD65 AE   E8 AD           LDX -83,S
    155  6     CD68 BF   D2C1            STX ERASE_CODE_HRL2_1+157
    156  3     CD6B 8E   1110            LDX #$1110
    157  5+1   CD6E AF   E8 AD           STX -83,S
    158  5+1   CD71 AE   E8 85           LDX -123,S
    159  6     CD74 BF   D2C7            STX ERASE_CODE_HRL2_1+163
    160  3     CD77 8E   33D1            LDX #$33d1
    161  5+1   CD7A AF   E8 85           STX -123,S
    162  4+4   CD7D 32   E9 FF5F         LEAS -161,S
    163  4+0   CD81 A6   E4              LDA ,S
    164  5     CD83 B7   D2D1            STA ERASE_CODE_HRL2_1+173
    165  2     CD86 86   0F              LDA  #$0F
    166  4+0   CD88 A4   E4              ANDA ,S
    167  2     CD8A 8B   D0              ADDA #$d0
    168  4+0   CD8C A7   E4              STA ,S
    169  5+1   CD8E AE   7E              LDX -2,S
    170  6     CD90 BF   D2D5            STX ERASE_CODE_HRL2_1+177
    171  3     CD93 8E   22DD            LDX #$22dd
    172  5+1   CD96 AF   7E              STX -2,S
    173  4+1   CD98 A6   E8 D8           LDA -40,S
    174  5     CD9B B7   D2DA            STA ERASE_CODE_HRL2_1+182
    175  2     CD9E 86   0F              LDA  #$0F
    176  4+1   CDA0 A4   E8 D8           ANDA -40,S
    177  2     CDA3 8B   C0              ADDA #$c0
    178  4+1   CDA5 A7   E8 D8           STA -40,S
    179  5+1   CDA8 AE   E8 D6           LDX -42,S
    180  6     CDAB BF   D2DF            STX ERASE_CODE_HRL2_1+187
    181  3     CDAE 8E   220D            LDX #$220d
    182  5+1   CDB1 AF   E8 D6           STX -42,S
    183  5+1   CDB4 AE   E8 AE           LDX -82,S
    184  6     CDB7 BF   D2E5            STX ERASE_CODE_HRL2_1+193
    185  3     CDBA 8E   B2DD            LDX #$b2dd
    186  5+1   CDBD AF   E8 AE           STX -82,S
    187  4+1   CDC0 A6   E8 AD           LDA -83,S
    188  5     CDC3 B7   D2EB            STA ERASE_CODE_HRL2_1+199
    189  2     CDC6 86   F0              LDA  #$F0
    190  4+1   CDC8 A4   E8 AD           ANDA -83,S
    191  2     CDCB 8B   00              ADDA #$00
    192  4+1   CDCD A7   E8 AD           STA -83,S
    193  5+1   CDD0 AE   E8 86           LDX -122,S
    194  6     CDD3 BF   D2F0            STX ERASE_CODE_HRL2_1+204
    195  3     CDD6 8E   BBDC            LDX #$bbdc
    196  5+1   CDD9 AF   E8 86           STX -122,S
    197  4+1   CDDC A6   E8 85           LDA -123,S
    198  5     CDDF B7   D2F6            STA ERASE_CODE_HRL2_1+210
    199  2     CDE2 86   F0              LDA  #$F0
    200  4+1   CDE4 A4   E8 85           ANDA -123,S
    201  2     CDE7 8B   00              ADDA #$00
    202  4+1   CDE9 A7   E8 85           STA -123,S
    203  4+4   CDEC 32   E9 FF60         LEAS -160,S
    204  5+1   CDF0 AE   7E              LDX -2,S
    205  6     CDF2 BF   D2FF            STX ERASE_CODE_HRL2_1+219
    206  3     CDF5 8E   BCDD            LDX #$bcdd
    207  5+1   CDF8 AF   7E              STX -2,S
    208  4+1   CDFA A6   7D              LDA -3,S
    209  5     CDFC B7   D304            STA ERASE_CODE_HRL2_1+224
    210  2     CDFF 86   F0              LDA  #$F0
    211  4+1   CE01 A4   7D              ANDA -3,S
    212  2     CE03 8B   0A              ADDA #$0a
    213  4+1   CE05 A7   7D              STA -3,S
    214  5+1   CE07 AE   E8 D6           LDX -42,S
    215  6     CE0A BF   D308            STX ERASE_CODE_HRL2_1+228
    216  3     CE0D 8E   BAD0            LDX #$bad0
    217  5+1   CE10 AF   E8 D6           STX -42,S
    218  4+1   CE13 A6   E8 D5           LDA -43,S
    219  5     CE16 B7   D30E            STA ERASE_CODE_HRL2_1+234
    220  2     CE19 86   F0              LDA  #$F0
    221  4+1   CE1B A4   E8 D5           ANDA -43,S
    222  2     CE1E 8B   09              ADDA #$09
    223  4+1   CE20 A7   E8 D5           STA -43,S
    224  5+1   CE23 AE   E8 AE           LDX -82,S
    225  6     CE26 BF   D313            STX ERASE_CODE_HRL2_1+239
    226  3     CE29 8E   BAC0            LDX #$bac0
    227  5+1   CE2C AF   E8 AE           STX -82,S
    228  4+1   CE2F A6   E8 AD           LDA -83,S
    229  5     CE32 B7   D319            STA ERASE_CODE_HRL2_1+245
    230  2     CE35 86   F0              LDA  #$F0
    231  4+1   CE37 A4   E8 AD           ANDA -83,S
    232  2     CE3A 8B   09              ADDA #$09
    233  4+1   CE3C A7   E8 AD           STA -83,S
    234  4+1   CE3F A6   E8 88           LDA -120,S
    235  5     CE42 B7   D31E            STA ERASE_CODE_HRL2_1+250
    236  2     CE45 86   0F              LDA  #$0F
    237  4+1   CE47 A4   E8 88           ANDA -120,S
    238  2     CE4A 8B   D0              ADDA #$d0
    239  4+1   CE4C A7   E8 88           STA -120,S
    240  5+1   CE4F AE   E8 86           LDX -122,S
    241  6     CE52 BF   D323            STX ERASE_CODE_HRL2_1+255
    242  3     CE55 8E   BACD            LDX #$bacd
    243  5+1   CE58 AF   E8 86           STX -122,S
    244  4+1   CE5B A6   E8 85           LDA -123,S
    245  5     CE5E B7   D329            STA ERASE_CODE_HRL2_1+261
    246  2     CE61 86   F0              LDA  #$F0
    247  4+1   CE63 A4   E8 85           ANDA -123,S
    248  2     CE66 8B   00              ADDA #$00
    249  4+1   CE68 A7   E8 85           STA -123,S
    250  4+4   CE6B 32   E9 FF60         LEAS -160,S
    251  4+0   CE6F A6   E4              LDA ,S
    252  5     CE71 B7   D332            STA ERASE_CODE_HRL2_1+270
    253  2     CE74 86   0F              LDA  #$0F
    254  4+0   CE76 A4   E4              ANDA ,S
    255  2     CE78 8B   C0              ADDA #$c0
    256  4+0   CE7A A7   E4              STA ,S
    257  5+1   CE7C AE   7E              LDX -2,S
    258  6     CE7E BF   D336            STX ERASE_CODE_HRL2_1+274
    259  3     CE81 8E   BACD            LDX #$bacd
    260  5+1   CE84 AF   7E              STX -2,S
    261  4+1   CE86 A6   7D              LDA -3,S
    262  5     CE88 B7   D33B            STA ERASE_CODE_HRL2_1+279
    263  2     CE8B 86   F0              LDA  #$F0
    264  4+1   CE8D A4   7D              ANDA -3,S
    265  2     CE8F 8B   0D              ADDA #$0d
    266  4+1   CE91 A7   7D              STA -3,S
    267  5+1   CE93 AE   E8 D6           LDX -42,S
    268  6     CE96 BF   D33F            STX ERASE_CODE_HRL2_1+283
    269  3     CE99 8E   BCCD            LDX #$bccd
    270  5+1   CE9C AF   E8 D6           STX -42,S
    271  4+1   CE9F A6   E8 D5           LDA -43,S
    272  5     CEA2 B7   D345            STA ERASE_CODE_HRL2_1+289
    273  2     CEA5 86   F0              LDA  #$F0
    274  4+1   CEA7 A4   E8 D5           ANDA -43,S
    275  2     CEAA 8B   0C              ADDA #$0c
    276  4+1   CEAC A7   E8 D5           STA -43,S
    277  5+1   CEAF AE   E8 AE           LDX -82,S
    278  6     CEB2 BF   D34A            STX ERASE_CODE_HRL2_1+294
    279  3     CEB5 8E   DACC            LDX #$dacc
    280  5+1   CEB8 AF   E8 AE           STX -82,S
    281  5+1   CEBB AE   E8 86           LDX -122,S
    282  6     CEBE BF   D350            STX ERASE_CODE_HRL2_1+300
    283  3     CEC1 8E   AACC            LDX #$aacc
    284  5+1   CEC4 AF   E8 86           STX -122,S
    285  4+4   CEC7 32   E9 FF5F         LEAS -161,S
    286  4+0   CECB A6   E4              LDA ,S
    287  5     CECD B7   D35A            STA ERASE_CODE_HRL2_1+310
    288  2     CED0 86   0F              LDA  #$0F
    289  4+0   CED2 A4   E4              ANDA ,S
    290  2     CED4 8B   C0              ADDA #$c0
    291  4+0   CED6 A7   E4              STA ,S
    292  4+1   CED8 A6   7F              LDA -1,S
    293  5     CEDA B7   D35E            STA ERASE_CODE_HRL2_1+314
    294  2     CEDD 86   AC              LDA #$ac
    295  4+1   CEDF A7   7F              STA -1,S
    296  5+1   CEE1 AE   E8 D7           LDX -41,S
    297  6     CEE4 BF   D362            STX ERASE_CODE_HRL2_1+318
    298  3     CEE7 8E   AADD            LDX #$aadd
    299  5+1   CEEA AF   E8 D7           STX -41,S
    300  5+1   CEED AE   E8 AF           LDX -81,S
    301  6     CEF0 BF   D368            STX ERASE_CODE_HRL2_1+324
    302  3     CEF3 8E   AACD            LDX #$aacd
    303  5+1   CEF6 AF   E8 AF           STX -81,S
    304  5+1   CEF9 AE   E8 87           LDX -121,S
    305  6     CEFC BF   D36E            STX ERASE_CODE_HRL2_1+330
    306  3     CEFF 8E   CACC            LDX #$cacc
    307  5+1   CF02 AF   E8 87           STX -121,S
    308  4+4   CF05 32   E9 FF61         LEAS -159,S
    309  4+1   CF09 A6   7F              LDA -1,S
    310  5     CF0B B7   D378            STA ERASE_CODE_HRL2_1+340
    311  2     CF0E 86   CC              LDA #$cc
    312  4+1   CF10 A7   7F              STA -1,S
    313  4+1   CF12 A6   7E              LDA -2,S
    314  5     CF14 B7   D37C            STA ERASE_CODE_HRL2_1+344
    315  2     CF17 86   F0              LDA  #$F0
    316  4+1   CF19 A4   7E              ANDA -2,S
    317  2     CF1B 8B   0C              ADDA #$0c
    318  4+1   CF1D A7   7E              STA -2,S
    319  4+1   CF1F A6   E8 D7           LDA -41,S
    320  5     CF22 B7   D380            STA ERASE_CODE_HRL2_1+348
    321  2     CF25 86   CC              LDA #$cc
    322  4+1   CF27 A7   E8 D7           STA -41,S
    323
    324  7     CF2A 10FE 9F02            LDS $9F00+2
    325  7     CF2E 10FF D386            STS ERASE_POS_HRL2_2+2
    326  3     CF32 CE   D217            LDU #DATA_HRL2_2
    327
    328  4+1   CF35 32   7E              LEAS -2,S
    329  4+0   CF37 A6   E4              LDA ,S
    330  5     CF39 B7   D38E            STA ERASE_CODE_HRL2_2+3
    331  2     CF3C 86   0F              LDA  #$0F
    332  4+0   CF3E A4   E4              ANDA ,S
    333  2     CF40 8B   00              ADDA #$00
    334  4+0   CF42 A7   E4              STA ,S
    335  5+1   CF44 AE   7E              LDX -2,S
    336  6     CF46 BF   D392            STX ERASE_CODE_HRL2_2+7
    337  3     CF49 8E   11EE            LDX #$11ee
    338  5+1   CF4C AF   7E              STX -2,S
    339  4+1   CF4E A6   E8 D8           LDA -40,S
    340  5     CF51 B7   D397            STA ERASE_CODE_HRL2_2+12
    341  2     CF54 86   0F              LDA  #$0F
    342  4+1   CF56 A4   E8 D8           ANDA -40,S
    343  2     CF59 8B   10              ADDA #$10
    344  4+1   CF5B A7   E8 D8           STA -40,S
    345  5+1   CF5E AE   E8 D6           LDX -42,S
    346  6     CF61 BF   D39C            STX ERASE_CODE_HRL2_2+17
    347  3     CF64 8E   FFFA            LDX #$fffa
    348  5+1   CF67 AF   E8 D6           STX -42,S
    349  4+1   CF6A A6   E8 B0           LDA -80,S
    350  5     CF6D B7   D3A2            STA ERASE_CODE_HRL2_2+23
    351  2     CF70 86   0F              LDA  #$0F
    352  4+1   CF72 A4   E8 B0           ANDA -80,S
    353  2     CF75 8B   E0              ADDA #$e0
    354  4+1   CF77 A7   E8 B0           STA -80,S
    355  4+1   CF7A A6   E8 AF           LDA -81,S
    356  5     CF7D B7   D3A7            STA ERASE_CODE_HRL2_2+28
    357  2     CF80 86   AA              LDA #$aa
    358  4+1   CF82 A7   E8 AF           STA -81,S
    359  4+1   CF85 A6   E8 87           LDA -121,S
    360  5     CF88 B7   D3AC            STA ERASE_CODE_HRL2_2+33
    361  2     CF8B 86   A1              LDA #$a1
    362  4+1   CF8D A7   E8 87           STA -121,S
    363  4+4   CF90 32   E9 FF5F         LEAS -161,S
    364  4+0   CF94 A6   E4              LDA ,S
    365  5     CF96 B7   D3B5            STA ERASE_CODE_HRL2_2+42
    366  2     CF99 86   F0              LDA  #$F0
    367  4+0   CF9B A4   E4              ANDA ,S
    368  2     CF9D 8B   0A              ADDA #$0a
    369  4+0   CF9F A7   E4              STA ,S
    370  4+1   CFA1 A6   E8 D8           LDA -40,S
    371  5     CFA4 B7   D3B9            STA ERASE_CODE_HRL2_2+46
    372  2     CFA7 86   AA              LDA #$aa
    373  4+1   CFA9 A7   E8 D8           STA -40,S
    374  4+1   CFAC A6   E8 B0           LDA -80,S
    375  5     CFAF B7   D3BE            STA ERASE_CODE_HRL2_2+51
    376  2     CFB2 86   BB              LDA #$bb
    377  4+1   CFB4 A7   E8 B0           STA -80,S
    378  4+1   CFB7 A6   E8 88           LDA -120,S
    379  5     CFBA B7   D3C3            STA ERASE_CODE_HRL2_2+56
    380  2     CFBD 86   D0              LDA #$d0
    381  4+1   CFBF A7   E8 88           STA -120,S
    382  4+4   CFC2 32   E9 FF60         LEAS -160,S
    383  4+0   CFC6 A6   E4              LDA ,S
    384  5     CFC8 B7   D3CC            STA ERASE_CODE_HRL2_2+65
    385  2     CFCB 86   0F              LDA  #$0F
    386  4+0   CFCD A4   E4              ANDA ,S
    387  2     CFCF 8B   D0              ADDA #$d0
    388  4+0   CFD1 A7   E4              STA ,S
    389  4+1   CFD3 A6   E8 D9           LDA -39,S
    390  5     CFD6 B7   D3D0            STA ERASE_CODE_HRL2_2+69
    391  2     CFD9 86   0F              LDA  #$0F
    392  4+1   CFDB A4   E8 D9           ANDA -39,S
    393  2     CFDE 8B   90              ADDA #$90
    394  4+1   CFE0 A7   E8 D9           STA -39,S
    395  4+1   CFE3 A6   E8 D7           LDA -41,S
    396  5     CFE6 B7   D3D5            STA ERASE_CODE_HRL2_2+74
    397  2     CFE9 86   0F              LDA  #$0F
    398  4+1   CFEB A4   E8 D7           ANDA -41,S
    399  2     CFEE 8B   00              ADDA #$00
    400  4+1   CFF0 A7   E8 D7           STA -41,S
    401  4+1   CFF3 A6   E8 B1           LDA -79,S
    402  5     CFF6 B7   D3DA            STA ERASE_CODE_HRL2_2+79
    403  2     CFF9 86   0F              LDA  #$0F
    404  4+1   CFFB A4   E8 B1           ANDA -79,S
    405  2     CFFE 8B   A0              ADDA #$a0
    406  4+1   D000 A7   E8 B1           STA -79,S
    407  4+1   D003 A6   E8 AF           LDA -81,S
    408  5     D006 B7   D3DF            STA ERASE_CODE_HRL2_2+84
    409  2     D009 86   90              LDA #$90
    410  4+1   D00B A7   E8 AF           STA -81,S
    411  4+1   D00E A6   E8 89           LDA -119,S
    412  5     D011 B7   D3E4            STA ERASE_CODE_HRL2_2+89
    413  2     D014 86   0F              LDA  #$0F
    414  4+1   D016 A4   E8 89           ANDA -119,S
    415  2     D019 8B   B0              ADDA #$b0
    416  4+1   D01B A7   E8 89           STA -119,S
    417  5+1   D01E AE   E8 87           LDX -121,S
    418  6     D021 BF   D3E9            STX ERASE_CODE_HRL2_2+94
    419  3     D024 8E   91DD            LDX #$91dd
    420  5+1   D027 AF   E8 87           STX -121,S
    421  4+4   D02A 32   E9 FF61         LEAS -159,S
    422  4+0   D02E A6   E4              LDA ,S
    423  5     D030 B7   D3F3            STA ERASE_CODE_HRL2_2+104
    424  2     D033 86   0F              LDA  #$0F
    425  4+0   D035 A4   E4              ANDA ,S
    426  2     D037 8B   B0              ADDA #$b0
    427  4+0   D039 A7   E4              STA ,S
    428  5+1   D03B AE   7E              LDX -2,S
    429  6     D03D BF   D3F7            STX ERASE_CODE_HRL2_2+108
    430  3     D040 8E   A2DD            LDX #$a2dd
    431  5+1   D043 AF   7E              STX -2,S
    432  4+1   D045 A6   E8 D8           LDA -40,S
    433  5     D048 B7   D3FC            STA ERASE_CODE_HRL2_2+113
    434  2     D04B 86   0F              LDA  #$0F
    435  4+1   D04D A4   E8 D8           ANDA -40,S
    436  2     D050 8B   A0              ADDA #$a0
    437  4+1   D052 A7   E8 D8           STA -40,S
    438  5+1   D055 AE   E8 D6           LDX -42,S
    439  6     D058 BF   D401            STX ERASE_CODE_HRL2_2+118
    440  3     D05B 8E   E2DD            LDX #$e2dd
    441  5+1   D05E AF   E8 D6           STX -42,S
    442  4+1   D061 A6   E8 B0           LDA -80,S
    443  5     D064 B7   D407            STA ERASE_CODE_HRL2_2+124
    444  2     D067 86   0F              LDA  #$0F
    445  4+1   D069 A4   E8 B0           ANDA -80,S
    446  2     D06C 8B   A0              ADDA #$a0
    447  4+1   D06E A7   E8 B0           STA -80,S
    448  5+1   D071 AE   E8 AE           LDX -82,S
    449  6     D074 BF   D40C            STX ERASE_CODE_HRL2_2+129
    450  3     D077 8E   02DD            LDX #$02dd
    451  5+1   D07A AF   E8 AE           STX -82,S
    452  4+1   D07D A6   E8 87           LDA -121,S
    453  5     D080 B7   D412            STA ERASE_CODE_HRL2_2+135
    454  2     D083 86   0F              LDA  #$0F
    455  4+1   D085 A4   E8 87           ANDA -121,S
    456  2     D088 8B   D0              ADDA #$d0
    457  4+1   D08A A7   E8 87           STA -121,S
    458  4+1   D08D A6   E8 86           LDA -122,S
    459  5     D090 B7   D417            STA ERASE_CODE_HRL2_2+140
    460  2     D093 86   93              LDA #$93
    461  4+1   D095 A7   E8 86           STA -122,S
    462  4+4   D098 32   E9 FF60         LEAS -160,S
    463  5+1   D09C AE   7E              LDX -2,S
    464  6     D09E BF   D420            STX ERASE_CODE_HRL2_2+149
    465  3     D0A1 8E   0E13            LDX #$0e13
    466  5+1   D0A4 AF   7E              STX -2,S
    467  5+1   D0A6 AE   E8 D6           LDX -42,S
    468  6     D0A9 BF   D425            STX ERASE_CODE_HRL2_2+154
    469  3     D0AC 8E   D022            LDX #$d022
    470  5+1   D0AF AF   E8 D6           STX -42,S
    471  4+1   D0B2 A6   E8 D5           LDA -43,S
    472  5     D0B5 B7   D42B            STA ERASE_CODE_HRL2_2+160
    473  2     D0B8 86   F0              LDA  #$F0
    474  4+1   D0BA A4   E8 D5           ANDA -43,S
    475  2     D0BD 8B   01              ADDA #$01
    476  4+1   D0BF A7   E8 D5           STA -43,S
    477  4+1   D0C2 32   E8 AD           LEAS -83,S
    478  5+3   D0C5 35   12              PULS A,X
    479  5     D0C7 B7   D433            STA ERASE_CODE_HRL2_2+168
    480  6     D0CA BF   D435            STX ERASE_CODE_HRL2_2+170
    481  2     D0CD 86   12              LDA #$12
    482  3     D0CF 8E   3DDD            LDX #$3ddd
    483  5+3   D0D2 34   12              PSHS X,A
    484  4+1   D0D4 32   E8 D8           LEAS -40,S
    485  5+3   D0D7 35   12              PULS A,X
    486  5     D0D9 B7   D43D            STA ERASE_CODE_HRL2_2+178
    487  6     D0DC BF   D43F            STX ERASE_CODE_HRL2_2+180
    488  2     D0DF 86   32              LDA #$32
    489  3     D0E1 8E   2DDD            LDX #$2ddd
    490  5+3   D0E4 34   12              PSHS X,A
    491  4+1   D0E6 32   E8 D8           LEAS -40,S
    492  5+3   D0E9 35   12              PULS A,X
    493  5     D0EB B7   D447            STA ERASE_CODE_HRL2_2+188
    494  6     D0EE BF   D449            STX ERASE_CODE_HRL2_2+190
    495  2     D0F1 86   02              LDA #$02
    496  3     D0F3 8E   2DDC            LDX #$2ddc
    497  5+3   D0F6 34   12              PSHS X,A
    498  4+1   D0F8 A6   E8 DA           LDA -38,S
    499  5     D0FB B7   D44E            STA ERASE_CODE_HRL2_2+195
    500  2     D0FE 86   0F              LDA  #$0F
    501  4+1   D100 A4   E8 DA           ANDA -38,S
    502  2     D103 8B   C0              ADDA #$c0
    503  4+1   D105 A7   E8 DA           STA -38,S
    504  5+1   D108 AE   E8 D8           LDX -40,S
    505  6     D10B BF   D453            STX ERASE_CODE_HRL2_2+200
    506  3     D10E 8E   AB2C            LDX #$ab2c
    507  5+1   D111 AF   E8 D8           STX -40,S
    508  5+1   D114 AE   E8 B0           LDX -80,S
    509  6     D117 BF   D459            STX ERASE_CODE_HRL2_2+206
    510  3     D11A 8E   B9CC            LDX #$b9cc
    511  5+1   D11D AF   E8 B0           STX -80,S
    512  5+1   D120 AE   E8 88           LDX -120,S
    513  6     D123 BF   D45F            STX ERASE_CODE_HRL2_2+212
    514  3     D126 8E   A9CC            LDX #$a9cc
    515  5+1   D129 AF   E8 88           STX -120,S
    516  4+4   D12C 32   E9 FF62         LEAS -158,S
    517  4+0   D130 A6   E4              LDA ,S
    518  5     D132 B7   D469            STA ERASE_CODE_HRL2_2+222
    519  2     D135 86   0F              LDA  #$0F
    520  4+0   D137 A4   E4              ANDA ,S
    521  2     D139 8B   D0              ADDA #$d0
    522  4+0   D13B A7   E4              STA ,S
    523  5+1   D13D AE   7E              LDX -2,S
    524  6     D13F BF   D46D            STX ERASE_CODE_HRL2_2+226
    525  3     D142 8E   CAAC            LDX #$caac
    526  5+1   D145 AF   7E              STX -2,S
    527  4+1   D147 32   E8 D6           LEAS -42,S
    528  5+3   D14A 35   12              PULS A,X
    529  5     D14C B7   D475            STA ERASE_CODE_HRL2_2+234
    530  6     D14F BF   D477            STX ERASE_CODE_HRL2_2+236
    531  2     D152 86   A0              LDA #$a0
    532  3     D154 8E   ACDD            LDX #$acdd
    533  5+3   D157 34   12              PSHS X,A
    534  4+1   D159 32   E8 D8           LEAS -40,S
    535  5+3   D15C 35   12              PULS A,X
    536  5     D15E B7   D47F            STA ERASE_CODE_HRL2_2+244
    537  6     D161 BF   D481            STX ERASE_CODE_HRL2_2+246
    538  2     D164 86   AC              LDA #$ac
    539  3     D166 8E   AADD            LDX #$aadd
    540  5+3   D169 34   12              PSHS X,A
    541  4+1   D16B 32   E8 D8           LEAS -40,S
    542  5+3   D16E 35   12              PULS A,X
    543  5     D170 B7   D489            STA ERASE_CODE_HRL2_2+254
    544  6     D173 BF   D48B            STX ERASE_CODE_HRL2_2+256
    545  2     D176 86   AA              LDA #$aa
    546  3     D178 8E   BCDD            LDX #$bcdd
    547  5+3   D17B 34   12              PSHS X,A
    548  4+1   D17D A6   E8 DA           LDA -38,S
    549  5     D180 B7   D490            STA ERASE_CODE_HRL2_2+261
    550  2     D183 86   0F              LDA  #$0F
    551  4+1   D185 A4   E8 DA           ANDA -38,S
    552  2     D188 8B   C0              ADDA #$c0
    553  4+1   D18A A7   E8 DA           STA -38,S
    554  5+1   D18D AE   E8 D8           LDX -40,S
    555  6     D190 BF   D495            STX ERASE_CODE_HRL2_2+266
    556  3     D193 8E   AAAD            LDX #$aaad
    557  5+1   D196 AF   E8 D8           STX -40,S
    558  5+1   D199 AE   E8 B0           LDX -80,S
    559  6     D19C BF   D49B            STX ERASE_CODE_HRL2_2+272
    560  3     D19F 8E   AAA2            LDX #$aaa2
    561  5+1   D1A2 AF   E8 B0           STX -80,S
    562  5+1   D1A5 AE   E8 88           LDX -120,S
    563  6     D1A8 BF   D4A1            STX ERASE_CODE_HRL2_2+278
    564  3     D1AB 8E   CA22            LDX #$ca22
    565  5+1   D1AE AF   E8 88           STX -120,S
    566  4+4   D1B1 32   E9 FF62         LEAS -158,S
    567  5+1   D1B5 AE   7E              LDX -2,S
    568  6     D1B7 BF   D4AB            STX ERASE_CODE_HRL2_2+288
    569  3     D1BA 8E   DA32            LDX #$da32
    570  5+1   D1BD AF   7E              STX -2,S
    571  5+1   D1BF AE   E8 D6           LDX -42,S
    572  6     D1C2 BF   D4B0            STX ERASE_CODE_HRL2_2+293
    573  3     D1C5 8E   DCDD            LDX #$dcdd
    574  5+1   D1C8 AF   E8 D6           STX -42,S
    575  4+1   D1CB A6   E8 B0           LDA -80,S
    576  5     D1CE B7   D4B6            STA ERASE_CODE_HRL2_2+299
    577  2     D1D1 86   0F              LDA  #$0F
    578  4+1   D1D3 A4   E8 B0           ANDA -80,S
    579  2     D1D6 8B   D0              ADDA #$d0
    580  4+1   D1D8 A7   E8 B0           STA -80,S
    581  4+1   D1DB A6   E8 AF           LDA -81,S
    582  5     D1DE B7   D4BB            STA ERASE_CODE_HRL2_2+304
    583  2     D1E1 86   AD              LDA #$ad
    584  4+1   D1E3 A7   E8 AF           STA -81,S
    585  5+1   D1E6 AE   E8 87           LDX -121,S
    586  6     D1E9 BF   D4C0            STX ERASE_CODE_HRL2_2+309
    587  3     D1EC 8E   CCCD            LDX #$cccd
    588  5+1   D1EF AF   E8 87           STX -121,S
    589  4+4   D1F2 32   E9 FF60         LEAS -160,S
    590  4+0   D1F6 A6   E4              LDA ,S
    591  5     D1F8 B7   D4CA            STA ERASE_CODE_HRL2_2+319
    592  2     D1FB 86   0F              LDA  #$0F
    593  4+0   D1FD A4   E4              ANDA ,S
    594  2     D1FF 8B   C0              ADDA #$c0
    595  4+0   D201 A7   E4              STA ,S
    596  4+1   D203 A6   7F              LDA -1,S
    597  5     D205 B7   D4CE            STA ERASE_CODE_HRL2_2+323
    598  2     D208 86   F0              LDA  #$F0
    599  4+1   D20A A4   7F              ANDA -1,S
    600  2     D20C 8B   0C              ADDA #$0c
    601  4+1   D20E A7   7F              STA -1,S
    602
    603        D210               SSAV_HRL2
    604  4     D210 10CE 0000            LDS #$0000
    605  5+3   D214 35   48              PULS U,DP
    606  5     D216 39                   RTS
    607
    608        D217               DATA_HRL2_2
    609        D217               DATA_HRL2_1
    610        D217               ERASE_HRL2
    611  5+3   D217 34   48              PSHS U,DP
    612  7     D219 10FF D4D3            STS ERASE_SSAV_HRL2+2
    613
    614        D21D               ERASE_POS_HRL2_1
    615  4     D21D 10CE 0000            LDS #$0000
    616  3     D221 CE   D4D8            LDU #ERASE_DATA_HRL2_1
    617        D224               ERASE_CODE_HRL2_1
    618  4+1   D224 32   7F              LEAS -1,S
    619  3     D226 8E   EE00            LDX #$ee00
    620  5+1   D229 AF   7E              STX -2,S
    621  3     D22B 8E   2F11            LDX #$2f11
    622  5+1   D22E AF   E8 D6           STX -42,S
    623  3     D231 8E   FF11            LDX #$ff11
    624  5+1   D234 AF   E8 AE           STX -82,S
    625  2     D237 86   11              LDA #$11
    626  4+1   D239 A7   E8 87           STA -121,S
    627  2     D23C 86   0B              LDA #$0b
    628  4+1   D23E A7   E8 86           STA -122,S
    629  4+4   D241 32   E9 FF60         LEAS -160,S
    630  2     D245 86   A0              LDA #$a0
    631  4+1   D247 A7   7F              STA -1,S
    632  2     D249 86   90              LDA #$90
    633  4+1   D24B A7   E8 D7           STA -41,S
    634  2     D24E 86   A0              LDA #$a0
    635  4+1   D250 A7   E8 AF           STA -81,S
    636  2     D253 86   E0              LDA #$e0
    637  4+1   D255 A7   E8 AD           STA -83,S
    638  2     D258 86   0C              LDA #$0c
    639  4+1   D25A A7   E8 86           STA -122,S
    640  2     D25D 86   10              LDA #$10
    641  4+1   D25F A7   E8 85           STA -123,S
    642  4+4   D262 32   E9 FF5E         LEAS -162,S
    643  2     D266 86   0D              LDA #$0d
    644  4+0   D268 A7   E4              STA ,S
    645  2     D26A 86   10              LDA #$10
    646  4+1   D26C A7   7F              STA -1,S
    647  2     D26E 86   0A              LDA #$0a
    648  4+1   D270 A7   E8 D9           STA -39,S
    649  2     D273 86   0D              LDA #$0d
    650  4+1   D275 A7   E8 D8           STA -40,S
    651  2     D278 86   1E              LDA #$1e
    652  4+1   D27A A7   E8 D7           STA -41,S
    653  4+1   D27D 32   E8 B2           LEAS -78,S
    654  2     D280 86   FE              LDA #$fe
    655  3     D282 8E   DDAB            LDX #$ddab
    656  5+3   D285 34   12              PSHS X,A
    657  3     D287 8E   3CBB            LDX #$3cbb
    658  5+1   D28A AF   E8 D9           STX -39,S
    659  2     D28D 86   01              LDA #$01
    660  4+1   D28F A7   E8 D8           STA -40,S
    661  3     D292 8E   2CAB            LDX #$2cab
    662  5+1   D295 AF   E8 B1           STX -79,S
    663  2     D298 86   0A              LDA #$0a
    664  4+1   D29A A7   E8 B0           STA -80,S
    665  3     D29D 8E   23BB            LDX #$23bb
    666  5+1   D2A0 AF   E8 89           STX -119,S
    667  2     D2A3 86   0A              LDA #$0a
    668  4+1   D2A5 A7   E8 88           STA -120,S
    669  4+4   D2A8 32   E9 FF63         LEAS -157,S
    670  3     D2AC 8E   23AB            LDX #$23ab
    671  5+1   D2AF AF   7E              STX -2,S
    672  2     D2B1 86   0A              LDA #$0a
    673  4+1   D2B3 A7   7D              STA -3,S
    674  3     D2B5 8E   23AA            LDX #$23aa
    675  5+1   D2B8 AF   E8 D6           STX -42,S
    676  2     D2BB 86   30              LDA #$30
    677  4+1   D2BD A7   E8 AF           STA -81,S
    678  3     D2C0 8E   1110            LDX #$1110
    679  5+1   D2C3 AF   E8 AD           STX -83,S
    680  3     D2C6 8E   33D1            LDX #$33d1
    681  5+1   D2C9 AF   E8 85           STX -123,S
    682  4+4   D2CC 32   E9 FF5F         LEAS -161,S
    683  2     D2D0 86   D0              LDA #$d0
    684  4+0   D2D2 A7   E4              STA ,S
    685  3     D2D4 8E   22DD            LDX #$22dd
    686  5+1   D2D7 AF   7E              STX -2,S
    687  2     D2D9 86   C0              LDA #$c0
    688  4+1   D2DB A7   E8 D8           STA -40,S
    689  3     D2DE 8E   220D            LDX #$220d
    690  5+1   D2E1 AF   E8 D6           STX -42,S
    691  3     D2E4 8E   B2DD            LDX #$b2dd
    692  5+1   D2E7 AF   E8 AE           STX -82,S
    693  2     D2EA 86   00              LDA #$00
    694  4+1   D2EC A7   E8 AD           STA -83,S
    695  3     D2EF 8E   BBDC            LDX #$bbdc
    696  5+1   D2F2 AF   E8 86           STX -122,S
    697  2     D2F5 86   00              LDA #$00
    698  4+1   D2F7 A7   E8 85           STA -123,S
    699  4+4   D2FA 32   E9 FF60         LEAS -160,S
    700  3     D2FE 8E   BCDD            LDX #$bcdd
    701  5+1   D301 AF   7E              STX -2,S
    702  2     D303 86   0A              LDA #$0a
    703  4+1   D305 A7   7D              STA -3,S
    704  3     D307 8E   BAD0            LDX #$bad0
    705  5+1   D30A AF   E8 D6           STX -42,S
    706  2     D30D 86   09              LDA #$09
    707  4+1   D30F A7   E8 D5           STA -43,S
    708  3     D312 8E   BAC0            LDX #$bac0
    709  5+1   D315 AF   E8 AE           STX -82,S
    710  2     D318 86   09              LDA #$09
    711  4+1   D31A A7   E8 AD           STA -83,S
    712  2     D31D 86   D0              LDA #$d0
    713  4+1   D31F A7   E8 88           STA -120,S
    714  3     D322 8E   BACD            LDX #$bacd
    715  5+1   D325 AF   E8 86           STX -122,S
    716  2     D328 86   00              LDA #$00
    717  4+1   D32A A7   E8 85           STA -123,S
    718  4+4   D32D 32   E9 FF60         LEAS -160,S
    719  2     D331 86   C0              LDA #$c0
    720  4+0   D333 A7   E4              STA ,S
    721  3     D335 8E   BACD            LDX #$bacd
    722  5+1   D338 AF   7E              STX -2,S
    723  2     D33A 86   0D              LDA #$0d
    724  4+1   D33C A7   7D              STA -3,S
    725  3     D33E 8E   BCCD            LDX #$bccd
    726  5+1   D341 AF   E8 D6           STX -42,S
    727  2     D344 86   0C              LDA #$0c
    728  4+1   D346 A7   E8 D5           STA -43,S
    729  3     D349 8E   DACC            LDX #$dacc
    730  5+1   D34C AF   E8 AE           STX -82,S
    731  3     D34F 8E   AACC            LDX #$aacc
    732  5+1   D352 AF   E8 86           STX -122,S
    733  4+4   D355 32   E9 FF5F         LEAS -161,S
    734  2     D359 86   C0              LDA #$c0
    735  4+0   D35B A7   E4              STA ,S
    736  2     D35D 86   AC              LDA #$ac
    737  4+1   D35F A7   7F              STA -1,S
    738  3     D361 8E   AADD            LDX #$aadd
    739  5+1   D364 AF   E8 D7           STX -41,S
    740  3     D367 8E   AACD            LDX #$aacd
    741  5+1   D36A AF   E8 AF           STX -81,S
    742  3     D36D 8E   CACC            LDX #$cacc
    743  5+1   D370 AF   E8 87           STX -121,S
    744  4+4   D373 32   E9 FF61         LEAS -159,S
    745  2     D377 86   CC              LDA #$cc
    746  4+1   D379 A7   7F              STA -1,S
    747  2     D37B 86   0C              LDA #$0c
    748  4+1   D37D A7   7E              STA -2,S
    749  2     D37F 86   CC              LDA #$cc
    750  4+1   D381 A7   E8 D7           STA -41,S
    751
    752        D384               ERASE_POS_HRL2_2
    753  4     D384 10CE 0000            LDS #$0000
    754  3     D388 CE   D4D8            LDU #ERASE_DATA_HRL2_2
    755        D38B               ERASE_CODE_HRL2_2
    756  4+1   D38B 32   7E              LEAS -2,S
    757  2     D38D 86   00              LDA #$00
    758  4+0   D38F A7   E4              STA ,S
    759  3     D391 8E   11EE            LDX #$11ee
    760  5+1   D394 AF   7E              STX -2,S
    761  2     D396 86   10              LDA #$10
    762  4+1   D398 A7   E8 D8           STA -40,S
    763  3     D39B 8E   FFFA            LDX #$fffa
    764  5+1   D39E AF   E8 D6           STX -42,S
    765  2     D3A1 86   E0              LDA #$e0
    766  4+1   D3A3 A7   E8 B0           STA -80,S
    767  2     D3A6 86   AA              LDA #$aa
    768  4+1   D3A8 A7   E8 AF           STA -81,S
    769  2     D3AB 86   A1              LDA #$a1
    770  4+1   D3AD A7   E8 87           STA -121,S
    771  4+4   D3B0 32   E9 FF5F         LEAS -161,S
    772  2     D3B4 86   0A              LDA #$0a
    773  4+0   D3B6 A7   E4              STA ,S
    774  2     D3B8 86   AA              LDA #$aa
    775  4+1   D3BA A7   E8 D8           STA -40,S
    776  2     D3BD 86   BB              LDA #$bb
    777  4+1   D3BF A7   E8 B0           STA -80,S
    778  2     D3C2 86   D0              LDA #$d0
    779  4+1   D3C4 A7   E8 88           STA -120,S
    780  4+4   D3C7 32   E9 FF60         LEAS -160,S
    781  2     D3CB 86   D0              LDA #$d0
    782  4+0   D3CD A7   E4              STA ,S
    783  2     D3CF 86   90              LDA #$90
    784  4+1   D3D1 A7   E8 D9           STA -39,S
    785  2     D3D4 86   00              LDA #$00
    786  4+1   D3D6 A7   E8 D7           STA -41,S
    787  2     D3D9 86   A0              LDA #$a0
    788  4+1   D3DB A7   E8 B1           STA -79,S
    789  2     D3DE 86   90              LDA #$90
    790  4+1   D3E0 A7   E8 AF           STA -81,S
    791  2     D3E3 86   B0              LDA #$b0
    792  4+1   D3E5 A7   E8 89           STA -119,S
    793  3     D3E8 8E   91DD            LDX #$91dd
    794  5+1   D3EB AF   E8 87           STX -121,S
    795  4+4   D3EE 32   E9 FF61         LEAS -159,S
    796  2     D3F2 86   B0              LDA #$b0
    797  4+0   D3F4 A7   E4              STA ,S
    798  3     D3F6 8E   A2DD            LDX #$a2dd
    799  5+1   D3F9 AF   7E              STX -2,S
    800  2     D3FB 86   A0              LDA #$a0
    801  4+1   D3FD A7   E8 D8           STA -40,S
    802  3     D400 8E   E2DD            LDX #$e2dd
    803  5+1   D403 AF   E8 D6           STX -42,S
    804  2     D406 86   A0              LDA #$a0
    805  4+1   D408 A7   E8 B0           STA -80,S
    806  3     D40B 8E   02DD            LDX #$02dd
    807  5+1   D40E AF   E8 AE           STX -82,S
    808  2     D411 86   D0              LDA #$d0
    809  4+1   D413 A7   E8 87           STA -121,S
    810  2     D416 86   93              LDA #$93
    811  4+1   D418 A7   E8 86           STA -122,S
    812  4+4   D41B 32   E9 FF60         LEAS -160,S
    813  3     D41F 8E   0E13            LDX #$0e13
    814  5+1   D422 AF   7E              STX -2,S
    815  3     D424 8E   D022            LDX #$d022
    816  5+1   D427 AF   E8 D6           STX -42,S
    817  2     D42A 86   01              LDA #$01
    818  4+1   D42C A7   E8 D5           STA -43,S
    819  4+1   D42F 32   E8 B0           LEAS -80,S
    820  2     D432 86   12              LDA #$12
    821  3     D434 8E   3DDD            LDX #$3ddd
    822  5+3   D437 34   12              PSHS X,A
    823  4+1   D439 32   E8 DB           LEAS -37,S
    824  2     D43C 86   32              LDA #$32
    825  3     D43E 8E   2DDD            LDX #$2ddd
    826  5+3   D441 34   12              PSHS X,A
    827  4+1   D443 32   E8 DB           LEAS -37,S
    828  2     D446 86   02              LDA #$02
    829  3     D448 8E   2DDC            LDX #$2ddc
    830  5+3   D44B 34   12              PSHS X,A
    831  2     D44D 86   C0              LDA #$c0
    832  4+1   D44F A7   E8 DA           STA -38,S
    833  3     D452 8E   AB2C            LDX #$ab2c
    834  5+1   D455 AF   E8 D8           STX -40,S
    835  3     D458 8E   B9CC            LDX #$b9cc
    836  5+1   D45B AF   E8 B0           STX -80,S
    837  3     D45E 8E   A9CC            LDX #$a9cc
    838  5+1   D461 AF   E8 88           STX -120,S
    839  4+4   D464 32   E9 FF62         LEAS -158,S
    840  2     D468 86   D0              LDA #$d0
    841  4+0   D46A A7   E4              STA ,S
    842  3     D46C 8E   CAAC            LDX #$caac
    843  5+1   D46F AF   7E              STX -2,S
    844  4+1   D471 32   E8 D9           LEAS -39,S
    845  2     D474 86   A0              LDA #$a0
    846  3     D476 8E   ACDD            LDX #$acdd
    847  5+3   D479 34   12              PSHS X,A
    848  4+1   D47B 32   E8 DB           LEAS -37,S
    849  2     D47E 86   AC              LDA #$ac
    850  3     D480 8E   AADD            LDX #$aadd
    851  5+3   D483 34   12              PSHS X,A
    852  4+1   D485 32   E8 DB           LEAS -37,S
    853  2     D488 86   AA              LDA #$aa
    854  3     D48A 8E   BCDD            LDX #$bcdd
    855  5+3   D48D 34   12              PSHS X,A
    856  2     D48F 86   C0              LDA #$c0
    857  4+1   D491 A7   E8 DA           STA -38,S
    858  3     D494 8E   AAAD            LDX #$aaad
    859  5+1   D497 AF   E8 D8           STX -40,S
    860  3     D49A 8E   AAA2            LDX #$aaa2
    861  5+1   D49D AF   E8 B0           STX -80,S
    862  3     D4A0 8E   CA22            LDX #$ca22
    863  5+1   D4A3 AF   E8 88           STX -120,S
    864  4+4   D4A6 32   E9 FF62         LEAS -158,S
    865  3     D4AA 8E   DA32            LDX #$da32
    866  5+1   D4AD AF   7E              STX -2,S
    867  3     D4AF 8E   DCDD            LDX #$dcdd
    868  5+1   D4B2 AF   E8 D6           STX -42,S
    869  2     D4B5 86   D0              LDA #$d0
    870  4+1   D4B7 A7   E8 B0           STA -80,S
    871  2     D4BA 86   AD              LDA #$ad
    872  4+1   D4BC A7   E8 AF           STA -81,S
    873  3     D4BF 8E   CCCD            LDX #$cccd
    874  5+1   D4C2 AF   E8 87           STX -121,S
    875  4+4   D4C5 32   E9 FF60         LEAS -160,S
    876  2     D4C9 86   C0              LDA #$c0
    877  4+0   D4CB A7   E4              STA ,S
    878  2     D4CD 86   0C              LDA #$0c
    879  4+1   D4CF A7   7F              STA -1,S
    880
    881        D4D1               ERASE_SSAV_HRL2
    882  4     D4D1 10CE 0000            LDS #$0000
    883  5+3   D4D5 35   48              PULS U,DP
    884  5     D4D7 39                   RTS
    885
    886        D4D8               ERASE_DATA_HRL2_2
    887        D4D8               ERASE_DATA_HRL2_1

000000 Total Errors

000012 Total Symbols
     1x          Label D217 DATA_HRL2_1
     1x          Label D217 DATA_HRL2_2
     0x          Label CBD6 DRAW_HRL2
    62x          Label D224 ERASE_CODE_HRL2_1
    58x          Label D38B ERASE_CODE_HRL2_2
     1x          Label D4D8 ERASE_DATA_HRL2_1
     1x          Label D4D8 ERASE_DATA_HRL2_2
     0x          Label D217 ERASE_HRL2
     1x          Label D21D ERASE_POS_HRL2_1
     1x          Label D384 ERASE_POS_HRL2_2
     1x          Label D4D1 ERASE_SSAV_HRL2
     1x          Label D210 SSAV_HRL2

