/*--------------------------------------------------------------*
 * Compilé avec C6809 v0.83                                     *
 *--------------------------------------------------------------*
 * Fichier source      : TMP.ASS
 * Fichier destination : TMP.BIN
 * Contenu :
 *     Main     0:TMP.ASS      16505
 *--------------------------------------------------------------*/

Macro Pass
Pass1
Pass2
      2        BFAE                      ORG $BFAE
      3        BFAE               DRAW_HRR0
      4  5+3   BFAE 34   48              PSHS U,DP
      5  7     BFB0 10FF C747            STS SSAV_HRR0+2
      6
      7  7     BFB4 10FE 9F00            LDS $9F00
      8  7     BFB8 10FF C753            STS ERASE_POS_HRR0_1+2
      9  3     BFBC CE   C74B            LDU #DATA_HRR0_1
     10
     11  4+1   BFBF 32   E8 AE           LEAS -82,S
     12  4+0   BFC2 A6   E4              LDA ,S
     13  5     BFC4 B7   C75C            STA ERASE_CODE_HRR0_1+4
     14  2     BFC7 86   0F              LDA  #$0F
     15  4+0   BFC9 A4   E4              ANDA ,S
     16  2     BFCB 8B   00              ADDA #$00
     17  4+0   BFCD A7   E4              STA ,S
     18  4+1   BFCF A6   E8 D8           LDA -40,S
     19  5     BFD2 B7   C760            STA ERASE_CODE_HRR0_1+8
     20  2     BFD5 86   0F              LDA  #$0F
     21  4+1   BFD7 A4   E8 D8           ANDA -40,S
     22  2     BFDA 8B   E0              ADDA #$e0
     23  4+1   BFDC A7   E8 D8           STA -40,S
     24  4+1   BFDF A6   E8 D7           LDA -41,S
     25  5     BFE2 B7   C765            STA ERASE_CODE_HRR0_1+13
     26  2     BFE5 86   F0              LDA  #$F0
     27  4+1   BFE7 A4   E8 D7           ANDA -41,S
     28  2     BFEA 8B   00              ADDA #$00
     29  4+1   BFEC A7   E8 D7           STA -41,S
     30  4+1   BFEF A6   E8 D5           LDA -43,S
     31  5     BFF2 B7   C76A            STA ERASE_CODE_HRR0_1+18
     32  2     BFF5 86   0F              LDA  #$0F
     33  4+1   BFF7 A4   E8 D5           ANDA -43,S
     34  2     BFFA 8B   E0              ADDA #$e0
     35  4+1   BFFC A7   E8 D5           STA -43,S
     36  4+1   BFFF A6   E8 B0           LDA -80,S
     37  5     C002 B7   C76F            STA ERASE_CODE_HRR0_1+23
     38  2     C005 86   0F              LDA  #$0F
     39  4+1   C007 A4   E8 B0           ANDA -80,S
     40  2     C00A 8B   E0              ADDA #$e0
     41  4+1   C00C A7   E8 B0           STA -80,S
     42  4+1   C00F A6   E8 AF           LDA -81,S
     43  5     C012 B7   C774            STA ERASE_CODE_HRR0_1+28
     44  2     C015 86   F0              LDA  #$F0
     45  4+1   C017 A4   E8 AF           ANDA -81,S
     46  2     C01A 8B   00              ADDA #$00
     47  4+1   C01C A7   E8 AF           STA -81,S
     48  4+1   C01F A6   E8 AD           LDA -83,S
     49  5     C022 B7   C779            STA ERASE_CODE_HRR0_1+33
     50  2     C025 86   0F              LDA  #$0F
     51  4+1   C027 A4   E8 AD           ANDA -83,S
     52  2     C02A 8B   10              ADDA #$10
     53  4+1   C02C A7   E8 AD           STA -83,S
     54  4+1   C02F A6   E8 88           LDA -120,S
     55  5     C032 B7   C77E            STA ERASE_CODE_HRR0_1+38
     56  2     C035 86   A0              LDA #$a0
     57  4+1   C037 A7   E8 88           STA -120,S
     58  4+1   C03A A6   E8 87           LDA -121,S
     59  5     C03D B7   C783            STA ERASE_CODE_HRR0_1+43
     60  2     C040 86   F0              LDA  #$F0
     61  4+1   C042 A4   E8 87           ANDA -121,S
     62  2     C045 8B   0A              ADDA #$0a
     63  4+1   C047 A7   E8 87           STA -121,S
     64  4+1   C04A A6   E8 85           LDA -123,S
     65  5     C04D B7   C788            STA ERASE_CODE_HRR0_1+48
     66  2     C050 86   0F              LDA  #$0F
     67  4+1   C052 A4   E8 85           ANDA -123,S
     68  2     C055 8B   10              ADDA #$10
     69  4+1   C057 A7   E8 85           STA -123,S
     70  4+4   C05A 32   E9 FF61         LEAS -159,S
     71  5+1   C05E AE   7E              LDX -2,S
     72  6     C060 BF   C791            STX ERASE_CODE_HRR0_1+57
     73  3     C063 8E   9AFE            LDX #$9afe
     74  5+1   C066 AF   7E              STX -2,S
     75  4+1   C068 A6   7C              LDA -4,S
     76  5     C06A B7   C796            STA ERASE_CODE_HRR0_1+62
     77  2     C06D 86   1F              LDA #$1f
     78  4+1   C06F A7   7C              STA -4,S
     79  5+1   C071 AE   E8 D6           LDX -42,S
     80  6     C074 BF   C79A            STX ERASE_CODE_HRR0_1+66
     81  3     C077 8E   AAFE            LDX #$aafe
     82  5+1   C07A AF   E8 D6           STX -42,S
     83  4+1   C07D A6   E8 D4           LDA -44,S
     84  5     C080 B7   C7A0            STA ERASE_CODE_HRR0_1+72
     85  2     C083 86   1F              LDA #$1f
     86  4+1   C085 A7   E8 D4           STA -44,S
     87  5+1   C088 AE   E8 AE           LDX -82,S
     88  6     C08B BF   C7A5            STX ERASE_CODE_HRR0_1+77
     89  3     C08E 8E   CBF1            LDX #$cbf1
     90  5+1   C091 AF   E8 AE           STX -82,S
     91  4+1   C094 A6   E8 AC           LDA -84,S
     92  5     C097 B7   C7AB            STA ERASE_CODE_HRR0_1+83
     93  2     C09A 86   11              LDA #$11
     94  4+1   C09C A7   E8 AC           STA -84,S
     95  4+1   C09F A6   E8 87           LDA -121,S
     96  5     C0A2 B7   C7B0            STA ERASE_CODE_HRR0_1+88
     97  2     C0A5 86   FF              LDA #$ff
     98  4+1   C0A7 A7   E8 87           STA -121,S
     99  4+1   C0AA A6   E8 86           LDA -122,S
    100  5     C0AD B7   C7B5            STA ERASE_CODE_HRR0_1+93
    101  2     C0B0 86   0F              LDA  #$0F
    102  4+1   C0B2 A4   E8 86           ANDA -122,S
    103  2     C0B5 8B   A0              ADDA #$a0
    104  4+1   C0B7 A7   E8 86           STA -122,S
    105  4+1   C0BA A6   E8 84           LDA -124,S
    106  5     C0BD B7   C7BA            STA ERASE_CODE_HRR0_1+98
    107  2     C0C0 86   11              LDA #$11
    108  4+1   C0C2 A7   E8 84           STA -124,S
    109  4+4   C0C5 32   E9 FF60         LEAS -160,S
    110  4+1   C0C9 A6   7F              LDA -1,S
    111  5     C0CB B7   C7C3            STA ERASE_CODE_HRR0_1+107
    112  2     C0CE 86   FF              LDA #$ff
    113  4+1   C0D0 A7   7F              STA -1,S
    114  4+1   C0D2 A6   7D              LDA -3,S
    115  5     C0D4 B7   C7C7            STA ERASE_CODE_HRR0_1+111
    116  2     C0D7 86   F0              LDA  #$F0
    117  4+1   C0D9 A4   7D              ANDA -3,S
    118  2     C0DB 8B   0D              ADDA #$0d
    119  4+1   C0DD A7   7D              STA -3,S
    120  4+1   C0DF A6   7C              LDA -4,S
    121  5     C0E1 B7   C7CB            STA ERASE_CODE_HRR0_1+115
    122  2     C0E4 86   E1              LDA #$e1
    123  4+1   C0E6 A7   7C              STA -4,S
    124  4+1   C0E8 A6   E8 D7           LDA -41,S
    125  5     C0EB B7   C7CF            STA ERASE_CODE_HRR0_1+119
    126  2     C0EE 86   F0              LDA  #$F0
    127  4+1   C0F0 A4   E8 D7           ANDA -41,S
    128  2     C0F3 8B   02              ADDA #$02
    129  4+1   C0F5 A7   E8 D7           STA -41,S
    130  4+1   C0F8 A6   E8 D6           LDA -42,S
    131  5     C0FB B7   C7D4            STA ERASE_CODE_HRR0_1+124
    132  2     C0FE 86   0F              LDA  #$0F
    133  4+1   C100 A4   E8 D6           ANDA -42,S
    134  2     C103 8B   D0              ADDA #$d0
    135  4+1   C105 A7   E8 D6           STA -42,S
    136  5+1   C108 AE   E8 D4           LDX -44,S
    137  6     C10B BF   C7D9            STX ERASE_CODE_HRR0_1+129
    138  3     C10E 8E   0A00            LDX #$0a00
    139  5+1   C111 AF   E8 D4           STX -44,S
    140  4+1   C114 A6   E8 AF           LDA -81,S
    141  5     C117 B7   C7DF            STA ERASE_CODE_HRR0_1+135
    142  2     C11A 86   F0              LDA  #$F0
    143  4+1   C11C A4   E8 AF           ANDA -81,S
    144  2     C11F 8B   0F              ADDA #$0f
    145  4+1   C121 A7   E8 AF           STA -81,S
    146  4+1   C124 A6   E8 AE           LDA -82,S
    147  5     C127 B7   C7E4            STA ERASE_CODE_HRR0_1+140
    148  2     C12A 86   0F              LDA  #$0F
    149  4+1   C12C A4   E8 AE           ANDA -82,S
    150  2     C12F 8B   10              ADDA #$10
    151  4+1   C131 A7   E8 AE           STA -82,S
    152  4+1   C134 A6   E8 AD           LDA -83,S
    153  5     C137 B7   C7E9            STA ERASE_CODE_HRR0_1+145
    154  2     C13A 86   DD              LDA #$dd
    155  4+1   C13C A7   E8 AD           STA -83,S
    156  4+1   C13F A6   E8 AC           LDA -84,S
    157  5     C142 B7   C7EE            STA ERASE_CODE_HRR0_1+150
    158  2     C145 86   F0              LDA  #$F0
    159  4+1   C147 A4   E8 AC           ANDA -84,S
    160  2     C14A 8B   0A              ADDA #$0a
    161  4+1   C14C A7   E8 AC           STA -84,S
    162  4+1   C14F A6   E8 87           LDA -121,S
    163  5     C152 B7   C7F3            STA ERASE_CODE_HRR0_1+155
    164  2     C155 86   F0              LDA  #$F0
    165  4+1   C157 A4   E8 87           ANDA -121,S
    166  2     C15A 8B   0F              ADDA #$0f
    167  4+1   C15C A7   E8 87           STA -121,S
    168  4+1   C15F A6   E8 86           LDA -122,S
    169  5     C162 B7   C7F8            STA ERASE_CODE_HRR0_1+160
    170  2     C165 86   0F              LDA  #$0F
    171  4+1   C167 A4   E8 86           ANDA -122,S
    172  2     C16A 8B   20              ADDA #$20
    173  4+1   C16C A7   E8 86           STA -122,S
    174  4+1   C16F A6   E8 85           LDA -123,S
    175  5     C172 B7   C7FD            STA ERASE_CODE_HRR0_1+165
    176  2     C175 86   DD              LDA #$dd
    177  4+1   C177 A7   E8 85           STA -123,S
    178  4+1   C17A A6   E8 84           LDA -124,S
    179  5     C17D B7   C802            STA ERASE_CODE_HRR0_1+170
    180  2     C180 86   F0              LDA  #$F0
    181  4+1   C182 A4   E8 84           ANDA -124,S
    182  2     C185 8B   09              ADDA #$09
    183  4+1   C187 A7   E8 84           STA -124,S
    184  4+4   C18A 32   E9 FF60         LEAS -160,S
    185  4+1   C18E A6   7F              LDA -1,S
    186  5     C190 B7   C80B            STA ERASE_CODE_HRR0_1+179
    187  2     C193 86   EA              LDA #$ea
    188  4+1   C195 A7   7F              STA -1,S
    189  4+1   C197 A6   7E              LDA -2,S
    190  5     C199 B7   C80F            STA ERASE_CODE_HRR0_1+183
    191  2     C19C 86   0F              LDA  #$0F
    192  4+1   C19E A4   7E              ANDA -2,S
    193  2     C1A0 8B   20              ADDA #$20
    194  4+1   C1A2 A7   7E              STA -2,S
    195  4+1   C1A4 A6   7D              LDA -3,S
    196  5     C1A6 B7   C813            STA ERASE_CODE_HRR0_1+187
    197  2     C1A9 86   DD              LDA #$dd
    198  4+1   C1AB A7   7D              STA -3,S
    199  4+1   C1AD A6   7C              LDA -4,S
    200  5     C1AF B7   C817            STA ERASE_CODE_HRR0_1+191
    201  2     C1B2 86   F0              LDA  #$F0
    202  4+1   C1B4 A4   7C              ANDA -4,S
    203  2     C1B6 8B   00              ADDA #$00
    204  4+1   C1B8 A7   7C              STA -4,S
    205  4+1   C1BA 32   E8 D5           LEAS -43,S
    206  5+3   C1BD 35   12              PULS A,X
    207  5     C1BF B7   C81E            STA ERASE_CODE_HRR0_1+198
    208  6     C1C2 BF   C820            STX ERASE_CODE_HRR0_1+200
    209  2     C1C5 86   ED              LDA #$ed
    210  3     C1C7 8E   2E90            LDX #$2e90
    211  5+3   C1CA 34   12              PSHS X,A
    212  4+1   C1CC A6   7F              LDA -1,S
    213  5     C1CE B7   C825            STA ERASE_CODE_HRR0_1+205
    214  2     C1D1 86   0F              LDA  #$0F
    215  4+1   C1D3 A4   7F              ANDA -1,S
    216  2     C1D5 8B   A0              ADDA #$a0
    217  4+1   C1D7 A7   7F              STA -1,S
    218  5+1   C1D9 AE   E8 D9           LDX -39,S
    219  6     C1DC BF   C829            STX ERASE_CODE_HRR0_1+209
    220  3     C1DF 8E   3E99            LDX #$3e99
    221  5+1   C1E2 AF   E8 D9           STX -39,S
    222  4+1   C1E5 A6   E8 D8           LDA -40,S
    223  5     C1E8 B7   C82F            STA ERASE_CODE_HRR0_1+215
    224  2     C1EB 86   F0              LDA  #$F0
    225  4+1   C1ED A4   E8 D8           ANDA -40,S
    226  2     C1F0 8B   0D              ADDA #$0d
    227  4+1   C1F2 A7   E8 D8           STA -40,S
    228  4+1   C1F5 A6   E8 D7           LDA -41,S
    229  5     C1F8 B7   C834            STA ERASE_CODE_HRR0_1+220
    230  2     C1FB 86   0F              LDA  #$0F
    231  4+1   C1FD A4   E8 D7           ANDA -41,S
    232  2     C200 8B   A0              ADDA #$a0
    233  4+1   C202 A7   E8 D7           STA -41,S
    234  5+1   C205 AE   E8 B1           LDX -79,S
    235  6     C208 BF   C839            STX ERASE_CODE_HRR0_1+225
    236  3     C20B 8E   E000            LDX #$e000
    237  5+1   C20E AF   E8 B1           STX -79,S
    238  4+1   C211 A6   E8 B0           LDA -80,S
    239  5     C214 B7   C83F            STA ERASE_CODE_HRR0_1+231
    240  2     C217 86   F0              LDA  #$F0
    241  4+1   C219 A4   E8 B0           ANDA -80,S
    242  2     C21C 8B   0D              ADDA #$0d
    243  4+1   C21E A7   E8 B0           STA -80,S
    244  4+1   C221 A6   E8 AF           LDA -81,S
    245  5     C224 B7   C844            STA ERASE_CODE_HRR0_1+236
    246  2     C227 86   9A              LDA #$9a
    247  4+1   C229 A7   E8 AF           STA -81,S
    248  4+1   C22C 32   E8 87           LEAS -121,S
    249  5+4   C22F 35   16              PULS A,B,X
    250  5     C231 B7   C84C            STA ERASE_CODE_HRR0_1+244
    251  5     C234 F7   C84E            STB ERASE_CODE_HRR0_1+246
    252  6     C237 BF   C850            STX ERASE_CODE_HRR0_1+248
    253  2     C23A 86   BA              LDA #$ba
    254  2     C23C C6   DD              LDB #$dd
    255  3     C23E 8E   0D19            LDX #$0d19
    256  5+4   C241 34   16              PSHS X,B,A
    257  4+1   C243 32   E8 D8           LEAS -40,S
    258  5+4   C246 35   16              PULS A,B,X
    259  5     C248 B7   C858            STA ERASE_CODE_HRR0_1+256
    260  5     C24B F7   C85A            STB ERASE_CODE_HRR0_1+258
    261  6     C24E BF   C85C            STX ERASE_CODE_HRR0_1+260
    262  2     C251 86   BB              LDA #$bb
    263  2     C253 C6   D1              LDB #$d1
    264  3     C255 8E   D321            LDX #$d321
    265  5+4   C258 34   16              PSHS X,B,A
    266  4+1   C25A 32   E8 D8           LEAS -40,S
    267  5+4   C25D 35   16              PULS A,B,X
    268  5     C25F B7   C864            STA ERASE_CODE_HRR0_1+268
    269  5     C262 F7   C866            STB ERASE_CODE_HRR0_1+270
    270  6     C265 BF   C868            STX ERASE_CODE_HRR0_1+272
    271  2     C268 86   BB              LDA #$bb
    272  2     C26A C6   32              LDB #$32
    273  3     C26C 8E   D223            LDX #$d223
    274  5+4   C26F 34   16              PSHS X,B,A
    275  4+1   C271 32   E8 D8           LEAS -40,S
    276  5+4   C274 35   16              PULS A,B,X
    277  5     C276 B7   C870            STA ERASE_CODE_HRR0_1+280
    278  5     C279 F7   C872            STB ERASE_CODE_HRR0_1+282
    279  6     C27C BF   C874            STX ERASE_CODE_HRR0_1+284
    280  2     C27F 86   AA              LDA #$aa
    281  2     C281 C6   2C              LDB #$2c
    282  3     C283 8E   D220            LDX #$d220
    283  5+4   C286 34   16              PSHS X,B,A
    284  5+1   C288 AE   E8 DA           LDX -38,S
    285  6     C28B BF   C879            STX ERASE_CODE_HRR0_1+289
    286  3     C28E 8E   C2BA            LDX #$c2ba
    287  5+1   C291 AF   E8 DA           STX -38,S
    288  4+1   C294 A6   E8 D9           LDA -39,S
    289  5     C297 B7   C87F            STA ERASE_CODE_HRR0_1+295
    290  2     C29A 86   F0              LDA  #$F0
    291  4+1   C29C A4   E8 D9           ANDA -39,S
    292  2     C29F 8B   0C              ADDA #$0c
    293  4+1   C2A1 A7   E8 D9           STA -39,S
    294  5+1   C2A4 AE   E8 B2           LDX -78,S
    295  6     C2A7 BF   C884            STX ERASE_CODE_HRR0_1+300
    296  3     C2AA 8E   CC9B            LDX #$cc9b
    297  5+1   C2AD AF   E8 B2           STX -78,S
    298  4+1   C2B0 32   E8 89           LEAS -119,S
    299  5+3   C2B3 35   12              PULS A,X
    300  5     C2B5 B7   C88D            STA ERASE_CODE_HRR0_1+309
    301  6     C2B8 BF   C88F            STX ERASE_CODE_HRR0_1+311
    302  2     C2BB 86   DD              LDA #$dd
    303  3     C2BD 8E   CC9A            LDX #$cc9a
    304  5+3   C2C0 34   12              PSHS X,A
    305  4+1   C2C2 32   E8 D8           LEAS -40,S
    306  5+3   C2C5 35   12              PULS A,X
    307  5     C2C7 B7   C897            STA ERASE_CODE_HRR0_1+319
    308  6     C2CA BF   C899            STX ERASE_CODE_HRR0_1+321
    309  2     C2CD 86   DD              LDA #$dd
    310  3     C2CF 8E   CAAC            LDX #$caac
    311  5+3   C2D2 34   12              PSHS X,A
    312  4+1   C2D4 32   E8 D8           LEAS -40,S
    313  5+3   C2D7 35   12              PULS A,X
    314  5     C2D9 B7   C8A1            STA ERASE_CODE_HRR0_1+329
    315  6     C2DC BF   C8A3            STX ERASE_CODE_HRR0_1+331
    316  2     C2DF 86   CD              LDA #$cd
    317  3     C2E1 8E   CA0A            LDX #$ca0a
    318  5+3   C2E4 34   12              PSHS X,A
    319  4+1   C2E6 32   E8 D8           LEAS -40,S
    320  5+3   C2E9 35   12              PULS A,X
    321  5     C2EB B7   C8AB            STA ERASE_CODE_HRR0_1+339
    322  6     C2EE BF   C8AD            STX ERASE_CODE_HRR0_1+341
    323  2     C2F1 86   CD              LDA #$cd
    324  3     C2F3 8E   AACA            LDX #$aaca
    325  5+3   C2F6 34   12              PSHS X,A
    326  5+1   C2F8 AE   E8 D9           LDX -39,S
    327  6     C2FB BF   C8B2            STX ERASE_CODE_HRR0_1+346
    328  3     C2FE 8E   CBAA            LDX #$cbaa
    329  5+1   C301 AF   E8 D9           STX -39,S
    330  4+1   C304 A6   E8 D8           LDA -40,S
    331  5     C307 B7   C8B8            STA ERASE_CODE_HRR0_1+352
    332  2     C30A 86   F0              LDA  #$F0
    333  4+1   C30C A4   E8 D8           ANDA -40,S
    334  2     C30F 8B   0C              ADDA #$0c
    335  4+1   C311 A7   E8 D8           STA -40,S
    336  5+1   C314 AE   E8 B1           LDX -79,S
    337  6     C317 BF   C8BD            STX ERASE_CODE_HRR0_1+357
    338  3     C31A 8E   DAAA            LDX #$daaa
    339  5+1   C31D AF   E8 B1           STX -79,S
    340  4+1   C320 A6   E8 B0           LDA -80,S
    341  5     C323 B7   C8C3            STA ERASE_CODE_HRR0_1+363
    342  2     C326 86   F0              LDA  #$F0
    343  4+1   C328 A4   E8 B0           ANDA -80,S
    344  2     C32B 8B   0C              ADDA #$0c
    345  4+1   C32D A7   E8 B0           STA -80,S
    346  5+1   C330 AE   E8 89           LDX -119,S
    347  6     C333 BF   C8C8            STX ERASE_CODE_HRR0_1+368
    348  3     C336 8E   2AAA            LDX #$2aaa
    349  5+1   C339 AF   E8 89           STX -119,S
    350  4+4   C33C 32   E9 FF63         LEAS -157,S
    351  5+1   C340 AE   7E              LDX -2,S
    352  6     C342 BF   C8D2            STX ERASE_CODE_HRR0_1+378
    353  3     C345 8E   22AC            LDX #$22ac
    354  5+1   C348 AF   7E              STX -2,S
    355  5+1   C34A AE   E8 D6           LDX -42,S
    356  6     C34D BF   C8D7            STX ERASE_CODE_HRR0_1+383
    357  3     C350 8E   23AD            LDX #$23ad
    358  5+1   C353 AF   E8 D6           STX -42,S
    359  4+1   C356 32   E8 AD           LEAS -83,S
    360  5+3   C359 35   12              PULS A,X
    361  5     C35B B7   C8E0            STA ERASE_CODE_HRR0_1+392
    362  6     C35E BF   C8E2            STX ERASE_CODE_HRR0_1+394
    363  2     C361 86   DD              LDA #$dd
    364  3     C363 8E   DDCD            LDX #$ddcd
    365  5+3   C366 34   12              PSHS X,A
    366  5+1   C368 AE   E8 D8           LDX -40,S
    367  6     C36B BF   C8E7            STX ERASE_CODE_HRR0_1+399
    368  3     C36E 8E   CDDA            LDX #$cdda
    369  5+1   C371 AF   E8 D8           STX -40,S
    370  4+1   C374 A6   E8 B1           LDA -79,S
    371  5     C377 B7   C8ED            STA ERASE_CODE_HRR0_1+405
    372  2     C37A 86   CC              LDA #$cc
    373  4+1   C37C A7   E8 B1           STA -79,S
    374  4+1   C37F A6   E8 B0           LDA -80,S
    375  5     C382 B7   C8F2            STA ERASE_CODE_HRR0_1+410
    376  2     C385 86   F0              LDA  #$F0
    377  4+1   C387 A4   E8 B0           ANDA -80,S
    378  2     C38A 8B   0C              ADDA #$0c
    379  4+1   C38C A7   E8 B0           STA -80,S
    380  4+1   C38F A6   E8 89           LDA -119,S
    381  5     C392 B7   C8F7            STA ERASE_CODE_HRR0_1+415
    382  2     C395 86   0F              LDA  #$0F
    383  4+1   C397 A4   E8 89           ANDA -119,S
    384  2     C39A 8B   C0              ADDA #$c0
    385  4+1   C39C A7   E8 89           STA -119,S
    386  4+4   C39F 32   E9 FDCF         LEAS -561,S
    387
    388  7     C3A3 10FE 9F02            LDS $9F00+2
    389  7     C3A7 10FF C901            STS ERASE_POS_HRR0_2+2
    390  3     C3AB CE   C74B            LDU #DATA_HRR0_2
    391
    392  4+1   C3AE 32   E8 D6           LEAS -42,S
    393  4+1   C3B1 A6   7F              LDA -1,S
    394  5     C3B3 B7   C90A            STA ERASE_CODE_HRR0_2+4
    395  2     C3B6 86   00              LDA #$00
    396  4+1   C3B8 A7   7F              STA -1,S
    397  4+1   C3BA A6   E8 D7           LDA -41,S
    398  5     C3BD B7   C90E            STA ERASE_CODE_HRR0_2+8
    399  2     C3C0 86   EE              LDA #$ee
    400  4+1   C3C2 A7   E8 D7           STA -41,S
    401  4+1   C3C5 A6   E8 AF           LDA -81,S
    402  5     C3C8 B7   C913            STA ERASE_CODE_HRR0_2+13
    403  2     C3CB 86   10              LDA #$10
    404  4+1   C3CD A7   E8 AF           STA -81,S
    405  4+1   C3D0 A6   E8 87           LDA -121,S
    406  5     C3D3 B7   C918            STA ERASE_CODE_HRR0_2+18
    407  2     C3D6 86   1A              LDA #$1a
    408  4+1   C3D8 A7   E8 87           STA -121,S
    409  4+4   C3DB 32   E9 FF60         LEAS -160,S
    410  4+1   C3DF A6   7F              LDA -1,S
    411  5     C3E1 B7   C921            STA ERASE_CODE_HRR0_2+27
    412  2     C3E4 86   1A              LDA #$1a
    413  4+1   C3E6 A7   7F              STA -1,S
    414  4+1   C3E8 A6   E8 D7           LDA -41,S
    415  5     C3EB B7   C925            STA ERASE_CODE_HRR0_2+31
    416  2     C3EE 86   EA              LDA #$ea
    417  4+1   C3F0 A7   E8 D7           STA -41,S
    418  4+1   C3F3 A6   E8 AF           LDA -81,S
    419  5     C3F6 B7   C92A            STA ERASE_CODE_HRR0_2+36
    420  2     C3F9 86   BB              LDA #$bb
    421  4+1   C3FB A7   E8 AF           STA -81,S
    422  4+1   C3FE A6   E8 87           LDA -121,S
    423  5     C401 B7   C92F            STA ERASE_CODE_HRR0_2+41
    424  2     C404 86   F0              LDA  #$F0
    425  4+1   C406 A4   E8 87           ANDA -121,S
    426  2     C409 8B   0B              ADDA #$0b
    427  4+1   C40B A7   E8 87           STA -121,S
    428  4+4   C40E 32   E9 FF5E         LEAS -162,S
    429  4+0   C412 A6   E4              LDA ,S
    430  5     C414 B7   C938            STA ERASE_CODE_HRR0_2+50
    431  2     C417 86   F0              LDA  #$F0
    432  4+0   C419 A4   E4              ANDA ,S
    433  2     C41B 8B   0D              ADDA #$0d
    434  4+0   C41D A7   E4              STA ,S
    435  4+1   C41F A6   7F              LDA -1,S
    436  5     C421 B7   C93C            STA ERASE_CODE_HRR0_2+54
    437  2     C424 86   0F              LDA  #$0F
    438  4+1   C426 A4   7F              ANDA -1,S
    439  2     C428 8B   A0              ADDA #$a0
    440  4+1   C42A A7   7F              STA -1,S
    441  4+1   C42C A6   E8 DA           LDA -38,S
    442  5     C42F B7   C940            STA ERASE_CODE_HRR0_2+58
    443  2     C432 86   0F              LDA  #$0F
    444  4+1   C434 A4   E8 DA           ANDA -38,S
    445  2     C437 8B   E0              ADDA #$e0
    446  4+1   C439 A7   E8 DA           STA -38,S
    447  5+1   C43C AE   E8 D7           LDX -41,S
    448  6     C43F BF   C945            STX ERASE_CODE_HRR0_2+63
    449  3     C442 8E   AD0D            LDX #$ad0d
    450  5+1   C445 AF   E8 D7           STX -41,S
    451  4+1   C448 A6   E8 B2           LDA -78,S
    452  5     C44B B7   C94B            STA ERASE_CODE_HRR0_2+69
    453  2     C44E 86   0F              LDA  #$0F
    454  4+1   C450 A4   E8 B2           ANDA -78,S
    455  2     C453 8B   E0              ADDA #$e0
    456  4+1   C455 A7   E8 B2           STA -78,S
    457  5+1   C458 AE   E8 AF           LDX -81,S
    458  6     C45B BF   C950            STX ERASE_CODE_HRR0_2+74
    459  3     C45E 8E   ACDA            LDX #$acda
    460  5+1   C461 AF   E8 AF           STX -81,S
    461  4+1   C464 A6   E8 8A           LDA -118,S
    462  5     C467 B7   C956            STA ERASE_CODE_HRR0_2+80
    463  2     C46A 86   0F              LDA  #$0F
    464  4+1   C46C A4   E8 8A           ANDA -118,S
    465  2     C46F 8B   E0              ADDA #$e0
    466  4+1   C471 A7   E8 8A           STA -118,S
    467  5+1   C474 AE   E8 87           LDX -121,S
    468  6     C477 BF   C95B            STX ERASE_CODE_HRR0_2+85
    469  3     C47A 8E   E0C1            LDX #$e0c1
    470  5+1   C47D AF   E8 87           STX -121,S
    471  4+4   C480 32   E9 FF62         LEAS -158,S
    472  4+0   C484 A6   E4              LDA ,S
    473  5     C486 B7   C965            STA ERASE_CODE_HRR0_2+95
    474  2     C489 86   0F              LDA  #$0F
    475  4+0   C48B A4   E4              ANDA ,S
    476  2     C48D 8B   10              ADDA #$10
    477  4+0   C48F A7   E4              STA ,S
    478  5+1   C491 AE   7D              LDX -3,S
    479  6     C493 BF   C969            STX ERASE_CODE_HRR0_2+99
    480  3     C496 8E   E9C2            LDX #$e9c2
    481  5+1   C499 AF   7D              STX -3,S
    482  4+1   C49B A6   E8 D8           LDA -40,S
    483  5     C49E B7   C96E            STA ERASE_CODE_HRR0_2+104
    484  2     C4A1 86   0F              LDA  #$0F
    485  4+1   C4A3 A4   E8 D8           ANDA -40,S
    486  2     C4A6 8B   10              ADDA #$10
    487  4+1   C4A8 A7   E8 D8           STA -40,S
    488  4+1   C4AB 32   E8 D5           LEAS -43,S
    489  5+3   C4AE 35   12              PULS A,X
    490  5     C4B0 B7   C976            STA ERASE_CODE_HRR0_2+112
    491  6     C4B3 BF   C978            STX ERASE_CODE_HRR0_2+114
    492  2     C4B6 86   E0              LDA #$e0
    493  3     C4B8 8E   3211            LDX #$3211
    494  5+3   C4BB 34   12              PSHS X,A
    495  4+1   C4BD A6   E8 DB           LDA -37,S
    496  5     C4C0 B7   C97D            STA ERASE_CODE_HRR0_2+119
    497  2     C4C3 86   0F              LDA  #$0F
    498  4+1   C4C5 A4   E8 DB           ANDA -37,S
    499  2     C4C8 8B   90              ADDA #$90
    500  4+1   C4CA A7   E8 DB           STA -37,S
    501  4+1   C4CD 32   E8 D8           LEAS -40,S
    502  5+3   C4D0 35   12              PULS A,X
    503  5     C4D2 B7   C985            STA ERASE_CODE_HRR0_2+127
    504  6     C4D5 BF   C987            STX ERASE_CODE_HRR0_2+129
    505  2     C4D8 86   EE              LDA #$ee
    506  3     C4DA 8E   3233            LDX #$3233
    507  5+3   C4DD 34   12              PSHS X,A
    508  4+1   C4DF A6   E8 DB           LDA -37,S
    509  5     C4E2 B7   C98C            STA ERASE_CODE_HRR0_2+134
    510  2     C4E5 86   09              LDA #$09
    511  4+1   C4E7 A7   E8 DB           STA -37,S
    512  5+1   C4EA AE   E8 D8           LDX -40,S
    513  6     C4ED BF   C991            STX ERASE_CODE_HRR0_2+139
    514  3     C4F0 8E   0032            LDX #$0032
    515  5+1   C4F3 AF   E8 D8           STX -40,S
    516  4+1   C4F6 A6   E8 D7           LDA -41,S
    517  5     C4F9 B7   C997            STA ERASE_CODE_HRR0_2+145
    518  2     C4FC 86   F0              LDA  #$F0
    519  4+1   C4FE A4   E8 D7           ANDA -41,S
    520  2     C501 8B   0A              ADDA #$0a
    521  4+1   C503 A7   E8 D7           STA -41,S
    522  4+1   C506 32   E8 B1           LEAS -79,S
    523  5+3   C509 35   12              PULS A,X
    524  5     C50B B7   C99F            STA ERASE_CODE_HRR0_2+153
    525  6     C50E BF   C9A1            STX ERASE_CODE_HRR0_2+155
    526  2     C511 86   01              LDA #$01
    527  3     C513 8E   119A            LDX #$119a
    528  5+3   C516 34   12              PSHS X,A
    529  4+1   C518 A6   7F              LDA -1,S
    530  5     C51A B7   C9A6            STA ERASE_CODE_HRR0_2+160
    531  2     C51D 86   F0              LDA  #$F0
    532  4+1   C51F A4   7F              ANDA -1,S
    533  2     C521 8B   0C              ADDA #$0c
    534  4+1   C523 A7   7F              STA -1,S
    535  4+1   C525 A6   7E              LDA -2,S
    536  5     C527 B7   C9AA            STA ERASE_CODE_HRR0_2+164
    537  2     C52A 86   F0              LDA  #$F0
    538  4+1   C52C A4   7E              ANDA -2,S
    539  2     C52E 8B   0A              ADDA #$0a
    540  4+1   C530 A7   7E              STA -2,S
    541  4+1   C532 32   E8 D8           LEAS -40,S
    542  5+3   C535 35   12              PULS A,X
    543  5     C537 B7   C9B1            STA ERASE_CODE_HRR0_2+171
    544  6     C53A BF   C9B3            STX ERASE_CODE_HRR0_2+173
    545  2     C53D 86   ED              LDA #$ed
    546  3     C53F 8E   33AA            LDX #$33aa
    547  5+3   C542 34   12              PSHS X,A
    548  4+1   C544 A6   7F              LDA -1,S
    549  5     C546 B7   C9B8            STA ERASE_CODE_HRR0_2+178
    550  2     C549 86   F0              LDA  #$F0
    551  4+1   C54B A4   7F              ANDA -1,S
    552  2     C54D 8B   0C              ADDA #$0c
    553  4+1   C54F A7   7F              STA -1,S
    554  4+1   C551 A6   7E              LDA -2,S
    555  5     C553 B7   C9BC            STA ERASE_CODE_HRR0_2+182
    556  2     C556 86   F0              LDA  #$F0
    557  4+1   C558 A4   7E              ANDA -2,S
    558  2     C55A 8B   0A              ADDA #$0a
    559  4+1   C55C A7   7E              STA -2,S
    560  4+1   C55E A6   E8 DA           LDA -38,S
    561  5     C561 B7   C9C0            STA ERASE_CODE_HRR0_2+186
    562  2     C564 86   0F              LDA  #$0F
    563  4+1   C566 A4   E8 DA           ANDA -38,S
    564  2     C569 8B   A0              ADDA #$a0
    565  4+1   C56B A7   E8 DA           STA -38,S
    566  5+1   C56E AE   E8 D8           LDX -40,S
    567  6     C571 BF   C9C5            STX ERASE_CODE_HRR0_2+191
    568  3     C574 8E   3D22            LDX #$3d22
    569  5+1   C577 AF   E8 D8           STX -40,S
    570  4+1   C57A A6   E8 D7           LDA -41,S
    571  5     C57D B7   C9CB            STA ERASE_CODE_HRR0_2+197
    572  2     C580 86   0F              LDA  #$0F
    573  4+1   C582 A4   E8 D7           ANDA -41,S
    574  2     C585 8B   A0              ADDA #$a0
    575  4+1   C587 A7   E8 D7           STA -41,S
    576  4+1   C58A A6   E8 D6           LDA -42,S
    577  5     C58D B7   C9D0            STA ERASE_CODE_HRR0_2+202
    578  2     C590 86   F0              LDA  #$F0
    579  4+1   C592 A4   E8 D6           ANDA -42,S
    580  2     C595 8B   0B              ADDA #$0b
    581  4+1   C597 A7   E8 D6           STA -42,S
    582  4+1   C59A 32   E8 AF           LEAS -81,S
    583  5+3   C59D 35   12              PULS A,X
    584  5     C59F B7   C9D8            STA ERASE_CODE_HRR0_2+210
    585  6     C5A2 BF   C9DA            STX ERASE_CODE_HRR0_2+212
    586  2     C5A5 86   B1              LDA #$b1
    587  3     C5A7 8E   D022            LDX #$d022
    588  5+3   C5AA 34   12              PSHS X,A
    589  4+1   C5AC A6   7F              LDA -1,S
    590  5     C5AE B7   C9DF            STA ERASE_CODE_HRR0_2+217
    591  2     C5B1 86   F0              LDA  #$F0
    592  4+1   C5B3 A4   7F              ANDA -1,S
    593  2     C5B5 8B   0A              ADDA #$0a
    594  4+1   C5B7 A7   7F              STA -1,S
    595  4+1   C5B9 A6   E8 DB           LDA -37,S
    596  5     C5BC B7   C9E3            STA ERASE_CODE_HRR0_2+221
    597  2     C5BF 86   0F              LDA  #$0F
    598  4+1   C5C1 A4   E8 DB           ANDA -37,S
    599  2     C5C4 8B   00              ADDA #$00
    600  4+1   C5C6 A7   E8 DB           STA -37,S
    601  4+1   C5C9 32   E8 D8           LEAS -40,S
    602  5+3   C5CC 35   12              PULS A,X
    603  5     C5CE B7   C9EB            STA ERASE_CODE_HRR0_2+229
    604  6     C5D1 BF   C9ED            STX ERASE_CODE_HRR0_2+231
    605  2     C5D4 86   A2              LDA #$a2
    606  3     C5D6 8E   DD2B            LDX #$dd2b
    607  5+3   C5D9 34   12              PSHS X,A
    608  4+1   C5DB A6   E8 DB           LDA -37,S
    609  5     C5DE B7   C9F2            STA ERASE_CODE_HRR0_2+236
    610  2     C5E1 86   0F              LDA  #$0F
    611  4+1   C5E3 A4   E8 DB           ANDA -37,S
    612  2     C5E6 8B   00              ADDA #$00
    613  4+1   C5E8 A7   E8 DB           STA -37,S
    614  5+1   C5EB AE   E8 D9           LDX -39,S
    615  6     C5EE BF   C9F7            STX ERASE_CODE_HRR0_2+241
    616  3     C5F1 8E   CDBB            LDX #$cdbb
    617  5+1   C5F4 AF   E8 D9           STX -39,S
    618  4+1   C5F7 A6   E8 B3           LDA -77,S
    619  5     C5FA B7   C9FD            STA ERASE_CODE_HRR0_2+247
    620  2     C5FD 86   0F              LDA  #$0F
    621  4+1   C5FF A4   E8 B3           ANDA -77,S
    622  2     C602 8B   A0              ADDA #$a0
    623  4+1   C604 A7   E8 B3           STA -77,S
    624  5+1   C607 AE   E8 B1           LDX -79,S
    625  6     C60A BF   CA02            STX ERASE_CODE_HRR0_2+252
    626  3     C60D 8E   DDCB            LDX #$ddcb
    627  5+1   C610 AF   E8 B1           STX -79,S
    628  4+1   C613 A6   E8 8B           LDA -117,S
    629  5     C616 B7   CA08            STA ERASE_CODE_HRR0_2+258
    630  2     C619 86   0F              LDA  #$0F
    631  4+1   C61B A4   E8 8B           ANDA -117,S
    632  2     C61E 8B   90              ADDA #$90
    633  4+1   C620 A7   E8 8B           STA -117,S
    634  5+1   C623 AE   E8 89           LDX -119,S
    635  6     C626 BF   CA0D            STX ERASE_CODE_HRR0_2+263
    636  3     C629 8E   0DAB            LDX #$0dab
    637  5+1   C62C AF   E8 89           STX -119,S
    638  4+1   C62F A6   E8 88           LDA -120,S
    639  5     C632 B7   CA13            STA ERASE_CODE_HRR0_2+269
    640  2     C635 86   F0              LDA  #$F0
    641  4+1   C637 A4   E8 88           ANDA -120,S
    642  2     C63A 8B   0D              ADDA #$0d
    643  4+1   C63C A7   E8 88           STA -120,S
    644  4+4   C63F 32   E9 FF63         LEAS -157,S
    645  4+0   C643 A6   E4              LDA ,S
    646  5     C645 B7   CA1C            STA ERASE_CODE_HRR0_2+278
    647  2     C648 86   0F              LDA  #$0F
    648  4+0   C64A A4   E4              ANDA ,S
    649  2     C64C 8B   90              ADDA #$90
    650  4+0   C64E A7   E4              STA ,S
    651  5+1   C650 AE   7E              LDX -2,S
    652  6     C652 BF   CA20            STX ERASE_CODE_HRR0_2+282
    653  3     C655 8E   0CAB            LDX #$0cab
    654  5+1   C658 AF   7E              STX -2,S
    655  4+1   C65A A6   7D              LDA -3,S
    656  5     C65C B7   CA25            STA ERASE_CODE_HRR0_2+287
    657  2     C65F 86   F0              LDA  #$F0
    658  4+1   C661 A4   7D              ANDA -3,S
    659  2     C663 8B   0C              ADDA #$0c
    660  4+1   C665 A7   7D              STA -3,S
    661  4+1   C667 A6   E8 D8           LDA -40,S
    662  5     C66A B7   CA29            STA ERASE_CODE_HRR0_2+291
    663  2     C66D 86   0F              LDA  #$0F
    664  4+1   C66F A4   E8 D8           ANDA -40,S
    665  2     C672 8B   00              ADDA #$00
    666  4+1   C674 A7   E8 D8           STA -40,S
    667  5+1   C677 AE   E8 D6           LDX -42,S
    668  6     C67A BF   CA2E            STX ERASE_CODE_HRR0_2+296
    669  3     C67D 8E   DCAB            LDX #$dcab
    670  5+1   C680 AF   E8 D6           STX -42,S
    671  4+1   C683 A6   E8 B0           LDA -80,S
    672  5     C686 B7   CA34            STA ERASE_CODE_HRR0_2+302
    673  2     C689 86   0F              LDA  #$0F
    674  4+1   C68B A4   E8 B0           ANDA -80,S
    675  2     C68E 8B   D0              ADDA #$d0
    676  4+1   C690 A7   E8 B0           STA -80,S
    677  5+1   C693 AE   E8 AE           LDX -82,S
    678  6     C696 BF   CA39            STX ERASE_CODE_HRR0_2+307
    679  3     C699 8E   DCAB            LDX #$dcab
    680  5+1   C69C AF   E8 AE           STX -82,S
    681  4+1   C69F A6   E8 88           LDA -120,S
    682  5     C6A2 B7   CA3F            STA ERASE_CODE_HRR0_2+313
    683  2     C6A5 86   0F              LDA  #$0F
    684  4+1   C6A7 A4   E8 88           ANDA -120,S
    685  2     C6AA 8B   C0              ADDA #$c0
    686  4+1   C6AC A7   E8 88           STA -120,S
    687  5+1   C6AF AE   E8 86           LDX -122,S
    688  6     C6B2 BF   CA44            STX ERASE_CODE_HRR0_2+318
    689  3     C6B5 8E   DCCB            LDX #$dccb
    690  5+1   C6B8 AF   E8 86           STX -122,S
    691  4+4   C6BB 32   E9 FF60         LEAS -160,S
    692  5+1   C6BF AE   7E              LDX -2,S
    693  6     C6C1 BF   CA4E            STX ERASE_CODE_HRR0_2+328
    694  3     C6C4 8E   CCAD            LDX #$ccad
    695  5+1   C6C7 AF   7E              STX -2,S
    696  5+1   C6C9 AE   E8 D6           LDX -42,S
    697  6     C6CC BF   CA53            STX ERASE_CODE_HRR0_2+333
    698  3     C6CF 8E   CCAA            LDX #$ccaa
    699  5+1   C6D2 AF   E8 D6           STX -42,S
    700  4+1   C6D5 A6   E8 AF           LDA -81,S
    701  5     C6D8 B7   CA59            STA ERASE_CODE_HRR0_2+339
    702  2     C6DB 86   CA              LDA #$ca
    703  4+1   C6DD A7   E8 AF           STA -81,S
    704  4+1   C6E0 A6   E8 AE           LDA -82,S
    705  5     C6E3 B7   CA5E            STA ERASE_CODE_HRR0_2+344
    706  2     C6E6 86   F0              LDA  #$F0
    707  4+1   C6E8 A4   E8 AE           ANDA -82,S
    708  2     C6EB 8B   0C              ADDA #$0c
    709  4+1   C6ED A7   E8 AE           STA -82,S
    710  5+1   C6F0 AE   E8 86           LDX -122,S
    711  6     C6F3 BF   CA63            STX ERASE_CODE_HRR0_2+349
    712  3     C6F6 8E   DDAA            LDX #$ddaa
    713  5+1   C6F9 AF   E8 86           STX -122,S
    714  4+4   C6FC 32   E9 FF60         LEAS -160,S
    715  5+1   C700 AE   7E              LDX -2,S
    716  6     C702 BF   CA6D            STX ERASE_CODE_HRR0_2+359
    717  3     C705 8E   DCAA            LDX #$dcaa
    718  5+1   C708 AF   7E              STX -2,S
    719  5+1   C70A AE   E8 D6           LDX -42,S
    720  6     C70D BF   CA72            STX ERASE_CODE_HRR0_2+364
    721  3     C710 8E   CCAC            LDX #$ccac
    722  5+1   C713 AF   E8 D6           STX -42,S
    723  4+1   C716 A6   E8 AF           LDA -81,S
    724  5     C719 B7   CA78            STA ERASE_CODE_HRR0_2+370
    725  2     C71C 86   0F              LDA  #$0F
    726  4+1   C71E A4   E8 AF           ANDA -81,S
    727  2     C721 8B   C0              ADDA #$c0
    728  4+1   C723 A7   E8 AF           STA -81,S
    729  4+1   C726 A6   E8 AE           LDA -82,S
    730  5     C729 B7   CA7D            STA ERASE_CODE_HRR0_2+375
    731  2     C72C 86   CC              LDA #$cc
    732  4+1   C72E A7   E8 AE           STA -82,S
    733  4+1   C731 A6   E8 86           LDA -122,S
    734  5     C734 B7   CA82            STA ERASE_CODE_HRR0_2+380
    735  2     C737 86   F0              LDA  #$F0
    736  4+1   C739 A4   E8 86           ANDA -122,S
    737  2     C73C 8B   0C              ADDA #$0c
    738  4+1   C73E A7   E8 86           STA -122,S
    739  4+4   C741 32   E9 FDAA         LEAS -598,S
    740
    741        C745               SSAV_HRR0
    742  4     C745 10CE 0000            LDS #$0000
    743  5+5   C749 35   C8              PULS DP,U,PC * Ajout du PC au PULS>>
    744
    745        C74B               DATA_HRR0_2
    746        C74B               DATA_HRR0_1
    747        C74B               ERASE_HRR0
    748  5+3   C74B 34   48              PSHS U,DP
    749  7     C74D 10FF CA8C            STS ERASE_SSAV_HRR0+2
    750
    751        C751               ERASE_POS_HRR0_1
    752  4     C751 10CE 0000            LDS #$0000
    753  3     C755 CE   CA90            LDU #ERASE_DATA_HRR0_1
    754        C758               ERASE_CODE_HRR0_1
    755  4+1   C758 32   E8 AE           LEAS -82,S
    756  2     C75B 86   00              LDA #$00
    757  4+0   C75D A7   E4              STA ,S
    758  2     C75F 86   E0              LDA #$e0
    759  4+1   C761 A7   E8 D8           STA -40,S
    760  2     C764 86   00              LDA #$00
    761  4+1   C766 A7   E8 D7           STA -41,S
    762  2     C769 86   E0              LDA #$e0
    763  4+1   C76B A7   E8 D5           STA -43,S
    764  2     C76E 86   E0              LDA #$e0
    765  4+1   C770 A7   E8 B0           STA -80,S
    766  2     C773 86   00              LDA #$00
    767  4+1   C775 A7   E8 AF           STA -81,S
    768  2     C778 86   10              LDA #$10
    769  4+1   C77A A7   E8 AD           STA -83,S
    770  2     C77D 86   A0              LDA #$a0
    771  4+1   C77F A7   E8 88           STA -120,S
    772  2     C782 86   0A              LDA #$0a
    773  4+1   C784 A7   E8 87           STA -121,S
    774  2     C787 86   10              LDA #$10
    775  4+1   C789 A7   E8 85           STA -123,S
    776  4+4   C78C 32   E9 FF61         LEAS -159,S
    777  3     C790 8E   9AFE            LDX #$9afe
    778  5+1   C793 AF   7E              STX -2,S
    779  2     C795 86   1F              LDA #$1f
    780  4+1   C797 A7   7C              STA -4,S
    781  3     C799 8E   AAFE            LDX #$aafe
    782  5+1   C79C AF   E8 D6           STX -42,S
    783  2     C79F 86   1F              LDA #$1f
    784  4+1   C7A1 A7   E8 D4           STA -44,S
    785  3     C7A4 8E   CBF1            LDX #$cbf1
    786  5+1   C7A7 AF   E8 AE           STX -82,S
    787  2     C7AA 86   11              LDA #$11
    788  4+1   C7AC A7   E8 AC           STA -84,S
    789  2     C7AF 86   FF              LDA #$ff
    790  4+1   C7B1 A7   E8 87           STA -121,S
    791  2     C7B4 86   A0              LDA #$a0
    792  4+1   C7B6 A7   E8 86           STA -122,S
    793  2     C7B9 86   11              LDA #$11
    794  4+1   C7BB A7   E8 84           STA -124,S
    795  4+4   C7BE 32   E9 FF60         LEAS -160,S
    796  2     C7C2 86   FF              LDA #$ff
    797  4+1   C7C4 A7   7F              STA -1,S
    798  2     C7C6 86   0D              LDA #$0d
    799  4+1   C7C8 A7   7D              STA -3,S
    800  2     C7CA 86   E1              LDA #$e1
    801  4+1   C7CC A7   7C              STA -4,S
    802  2     C7CE 86   02              LDA #$02
    803  4+1   C7D0 A7   E8 D7           STA -41,S
    804  2     C7D3 86   D0              LDA #$d0
    805  4+1   C7D5 A7   E8 D6           STA -42,S
    806  3     C7D8 8E   0A00            LDX #$0a00
    807  5+1   C7DB AF   E8 D4           STX -44,S
    808  2     C7DE 86   0F              LDA #$0f
    809  4+1   C7E0 A7   E8 AF           STA -81,S
    810  2     C7E3 86   10              LDA #$10
    811  4+1   C7E5 A7   E8 AE           STA -82,S
    812  2     C7E8 86   DD              LDA #$dd
    813  4+1   C7EA A7   E8 AD           STA -83,S
    814  2     C7ED 86   0A              LDA #$0a
    815  4+1   C7EF A7   E8 AC           STA -84,S
    816  2     C7F2 86   0F              LDA #$0f
    817  4+1   C7F4 A7   E8 87           STA -121,S
    818  2     C7F7 86   20              LDA #$20
    819  4+1   C7F9 A7   E8 86           STA -122,S
    820  2     C7FC 86   DD              LDA #$dd
    821  4+1   C7FE A7   E8 85           STA -123,S
    822  2     C801 86   09              LDA #$09
    823  4+1   C803 A7   E8 84           STA -124,S
    824  4+4   C806 32   E9 FF60         LEAS -160,S
    825  2     C80A 86   EA              LDA #$ea
    826  4+1   C80C A7   7F              STA -1,S
    827  2     C80E 86   20              LDA #$20
    828  4+1   C810 A7   7E              STA -2,S
    829  2     C812 86   DD              LDA #$dd
    830  4+1   C814 A7   7D              STA -3,S
    831  2     C816 86   00              LDA #$00
    832  4+1   C818 A7   7C              STA -4,S
    833  4+1   C81A 32   E8 D8           LEAS -40,S
    834  2     C81D 86   ED              LDA #$ed
    835  3     C81F 8E   2E90            LDX #$2e90
    836  5+3   C822 34   12              PSHS X,A
    837  2     C824 86   A0              LDA #$a0
    838  4+1   C826 A7   7F              STA -1,S
    839  3     C828 8E   3E99            LDX #$3e99
    840  5+1   C82B AF   E8 D9           STX -39,S
    841  2     C82E 86   0D              LDA #$0d
    842  4+1   C830 A7   E8 D8           STA -40,S
    843  2     C833 86   A0              LDA #$a0
    844  4+1   C835 A7   E8 D7           STA -41,S
    845  3     C838 8E   E000            LDX #$e000
    846  5+1   C83B AF   E8 B1           STX -79,S
    847  2     C83E 86   0D              LDA #$0d
    848  4+1   C840 A7   E8 B0           STA -80,S
    849  2     C843 86   9A              LDA #$9a
    850  4+1   C845 A7   E8 AF           STA -81,S
    851  4+1   C848 32   E8 8B           LEAS -117,S
    852  2     C84B 86   BA              LDA #$ba
    853  2     C84D C6   DD              LDB #$dd
    854  3     C84F 8E   0D19            LDX #$0d19
    855  5+4   C852 34   16              PSHS X,B,A
    856  4+1   C854 32   E8 DC           LEAS -36,S
    857  2     C857 86   BB              LDA #$bb
    858  2     C859 C6   D1              LDB #$d1
    859  3     C85B 8E   D321            LDX #$d321
    860  5+4   C85E 34   16              PSHS X,B,A
    861  4+1   C860 32   E8 DC           LEAS -36,S
    862  2     C863 86   BB              LDA #$bb
    863  2     C865 C6   32              LDB #$32
    864  3     C867 8E   D223            LDX #$d223
    865  5+4   C86A 34   16              PSHS X,B,A
    866  4+1   C86C 32   E8 DC           LEAS -36,S
    867  2     C86F 86   AA              LDA #$aa
    868  2     C871 C6   2C              LDB #$2c
    869  3     C873 8E   D220            LDX #$d220
    870  5+4   C876 34   16              PSHS X,B,A
    871  3     C878 8E   C2BA            LDX #$c2ba
    872  5+1   C87B AF   E8 DA           STX -38,S
    873  2     C87E 86   0C              LDA #$0c
    874  4+1   C880 A7   E8 D9           STA -39,S
    875  3     C883 8E   CC9B            LDX #$cc9b
    876  5+1   C886 AF   E8 B2           STX -78,S
    877  4+1   C889 32   E8 8C           LEAS -116,S
    878  2     C88C 86   DD              LDA #$dd
    879  3     C88E 8E   CC9A            LDX #$cc9a
    880  5+3   C891 34   12              PSHS X,A
    881  4+1   C893 32   E8 DB           LEAS -37,S
    882  2     C896 86   DD              LDA #$dd
    883  3     C898 8E   CAAC            LDX #$caac
    884  5+3   C89B 34   12              PSHS X,A
    885  4+1   C89D 32   E8 DB           LEAS -37,S
    886  2     C8A0 86   CD              LDA #$cd
    887  3     C8A2 8E   CA0A            LDX #$ca0a
    888  5+3   C8A5 34   12              PSHS X,A
    889  4+1   C8A7 32   E8 DB           LEAS -37,S
    890  2     C8AA 86   CD              LDA #$cd
    891  3     C8AC 8E   AACA            LDX #$aaca
    892  5+3   C8AF 34   12              PSHS X,A
    893  3     C8B1 8E   CBAA            LDX #$cbaa
    894  5+1   C8B4 AF   E8 D9           STX -39,S
    895  2     C8B7 86   0C              LDA #$0c
    896  4+1   C8B9 A7   E8 D8           STA -40,S
    897  3     C8BC 8E   DAAA            LDX #$daaa
    898  5+1   C8BF AF   E8 B1           STX -79,S
    899  2     C8C2 86   0C              LDA #$0c
    900  4+1   C8C4 A7   E8 B0           STA -80,S
    901  3     C8C7 8E   2AAA            LDX #$2aaa
    902  5+1   C8CA AF   E8 89           STX -119,S
    903  4+4   C8CD 32   E9 FF63         LEAS -157,S
    904  3     C8D1 8E   22AC            LDX #$22ac
    905  5+1   C8D4 AF   7E              STX -2,S
    906  3     C8D6 8E   23AD            LDX #$23ad
    907  5+1   C8D9 AF   E8 D6           STX -42,S
    908  4+1   C8DC 32   E8 B0           LEAS -80,S
    909  2     C8DF 86   DD              LDA #$dd
    910  3     C8E1 8E   DDCD            LDX #$ddcd
    911  5+3   C8E4 34   12              PSHS X,A
    912  3     C8E6 8E   CDDA            LDX #$cdda
    913  5+1   C8E9 AF   E8 D8           STX -40,S
    914  2     C8EC 86   CC              LDA #$cc
    915  4+1   C8EE A7   E8 B1           STA -79,S
    916  2     C8F1 86   0C              LDA #$0c
    917  4+1   C8F3 A7   E8 B0           STA -80,S
    918  2     C8F6 86   C0              LDA #$c0
    919  4+1   C8F8 A7   E8 89           STA -119,S
    920  4+4   C8FB 32   E9 FDCF         LEAS -561,S
    921
    922        C8FF               ERASE_POS_HRR0_2
    923  4     C8FF 10CE 0000            LDS #$0000
    924  3     C903 CE   CA90            LDU #ERASE_DATA_HRR0_2
    925        C906               ERASE_CODE_HRR0_2
    926  4+1   C906 32   E8 D6           LEAS -42,S
    927  2     C909 86   00              LDA #$00
    928  4+1   C90B A7   7F              STA -1,S
    929  2     C90D 86   EE              LDA #$ee
    930  4+1   C90F A7   E8 D7           STA -41,S
    931  2     C912 86   10              LDA #$10
    932  4+1   C914 A7   E8 AF           STA -81,S
    933  2     C917 86   1A              LDA #$1a
    934  4+1   C919 A7   E8 87           STA -121,S
    935  4+4   C91C 32   E9 FF60         LEAS -160,S
    936  2     C920 86   1A              LDA #$1a
    937  4+1   C922 A7   7F              STA -1,S
    938  2     C924 86   EA              LDA #$ea
    939  4+1   C926 A7   E8 D7           STA -41,S
    940  2     C929 86   BB              LDA #$bb
    941  4+1   C92B A7   E8 AF           STA -81,S
    942  2     C92E 86   0B              LDA #$0b
    943  4+1   C930 A7   E8 87           STA -121,S
    944  4+4   C933 32   E9 FF5E         LEAS -162,S
    945  2     C937 86   0D              LDA #$0d
    946  4+0   C939 A7   E4              STA ,S
    947  2     C93B 86   A0              LDA #$a0
    948  4+1   C93D A7   7F              STA -1,S
    949  2     C93F 86   E0              LDA #$e0
    950  4+1   C941 A7   E8 DA           STA -38,S
    951  3     C944 8E   AD0D            LDX #$ad0d
    952  5+1   C947 AF   E8 D7           STX -41,S
    953  2     C94A 86   E0              LDA #$e0
    954  4+1   C94C A7   E8 B2           STA -78,S
    955  3     C94F 8E   ACDA            LDX #$acda
    956  5+1   C952 AF   E8 AF           STX -81,S
    957  2     C955 86   E0              LDA #$e0
    958  4+1   C957 A7   E8 8A           STA -118,S
    959  3     C95A 8E   E0C1            LDX #$e0c1
    960  5+1   C95D AF   E8 87           STX -121,S
    961  4+4   C960 32   E9 FF62         LEAS -158,S
    962  2     C964 86   10              LDA #$10
    963  4+0   C966 A7   E4              STA ,S
    964  3     C968 8E   E9C2            LDX #$e9c2
    965  5+1   C96B AF   7D              STX -3,S
    966  2     C96D 86   10              LDA #$10
    967  4+1   C96F A7   E8 D8           STA -40,S
    968  4+1   C972 32   E8 D8           LEAS -40,S
    969  2     C975 86   E0              LDA #$e0
    970  3     C977 8E   3211            LDX #$3211
    971  5+3   C97A 34   12              PSHS X,A
    972  2     C97C 86   90              LDA #$90
    973  4+1   C97E A7   E8 DB           STA -37,S
    974  4+1   C981 32   E8 DB           LEAS -37,S
    975  2     C984 86   EE              LDA #$ee
    976  3     C986 8E   3233            LDX #$3233
    977  5+3   C989 34   12              PSHS X,A
    978  2     C98B 86   09              LDA #$09
    979  4+1   C98D A7   E8 DB           STA -37,S
    980  3     C990 8E   0032            LDX #$0032
    981  5+1   C993 AF   E8 D8           STX -40,S
    982  2     C996 86   0A              LDA #$0a
    983  4+1   C998 A7   E8 D7           STA -41,S
    984  4+1   C99B 32   E8 B4           LEAS -76,S
    985  2     C99E 86   01              LDA #$01
    986  3     C9A0 8E   119A            LDX #$119a
    987  5+3   C9A3 34   12              PSHS X,A
    988  2     C9A5 86   0C              LDA #$0c
    989  4+1   C9A7 A7   7F              STA -1,S
    990  2     C9A9 86   0A              LDA #$0a
    991  4+1   C9AB A7   7E              STA -2,S
    992  4+1   C9AD 32   E8 DB           LEAS -37,S
    993  2     C9B0 86   ED              LDA #$ed
    994  3     C9B2 8E   33AA            LDX #$33aa
    995  5+3   C9B5 34   12              PSHS X,A
    996  2     C9B7 86   0C              LDA #$0c
    997  4+1   C9B9 A7   7F              STA -1,S
    998  2     C9BB 86   0A              LDA #$0a
    999  4+1   C9BD A7   7E              STA -2,S
   1000  2     C9BF 86   A0              LDA #$a0
   1001  4+1   C9C1 A7   E8 DA           STA -38,S
   1002  3     C9C4 8E   3D22            LDX #$3d22
   1003  5+1   C9C7 AF   E8 D8           STX -40,S
   1004  2     C9CA 86   A0              LDA #$a0
   1005  4+1   C9CC A7   E8 D7           STA -41,S
   1006  2     C9CF 86   0B              LDA #$0b
   1007  4+1   C9D1 A7   E8 D6           STA -42,S
   1008  4+1   C9D4 32   E8 B2           LEAS -78,S
   1009  2     C9D7 86   B1              LDA #$b1
   1010  3     C9D9 8E   D022            LDX #$d022
   1011  5+3   C9DC 34   12              PSHS X,A
   1012  2     C9DE 86   0A              LDA #$0a
   1013  4+1   C9E0 A7   7F              STA -1,S
   1014  2     C9E2 86   00              LDA #$00
   1015  4+1   C9E4 A7   E8 DB           STA -37,S
   1016  4+1   C9E7 32   E8 DB           LEAS -37,S
   1017  2     C9EA 86   A2              LDA #$a2
   1018  3     C9EC 8E   DD2B            LDX #$dd2b
   1019  5+3   C9EF 34   12              PSHS X,A
   1020  2     C9F1 86   00              LDA #$00
   1021  4+1   C9F3 A7   E8 DB           STA -37,S
   1022  3     C9F6 8E   CDBB            LDX #$cdbb
   1023  5+1   C9F9 AF   E8 D9           STX -39,S
   1024  2     C9FC 86   A0              LDA #$a0
   1025  4+1   C9FE A7   E8 B3           STA -77,S
   1026  3     CA01 8E   DDCB            LDX #$ddcb
   1027  5+1   CA04 AF   E8 B1           STX -79,S
   1028  2     CA07 86   90              LDA #$90
   1029  4+1   CA09 A7   E8 8B           STA -117,S
   1030  3     CA0C 8E   0DAB            LDX #$0dab
   1031  5+1   CA0F AF   E8 89           STX -119,S
   1032  2     CA12 86   0D              LDA #$0d
   1033  4+1   CA14 A7   E8 88           STA -120,S
   1034  4+4   CA17 32   E9 FF63         LEAS -157,S
   1035  2     CA1B 86   90              LDA #$90
   1036  4+0   CA1D A7   E4              STA ,S
   1037  3     CA1F 8E   0CAB            LDX #$0cab
   1038  5+1   CA22 AF   7E              STX -2,S
   1039  2     CA24 86   0C              LDA #$0c
   1040  4+1   CA26 A7   7D              STA -3,S
   1041  2     CA28 86   00              LDA #$00
   1042  4+1   CA2A A7   E8 D8           STA -40,S
   1043  3     CA2D 8E   DCAB            LDX #$dcab
   1044  5+1   CA30 AF   E8 D6           STX -42,S
   1045  2     CA33 86   D0              LDA #$d0
   1046  4+1   CA35 A7   E8 B0           STA -80,S
   1047  3     CA38 8E   DCAB            LDX #$dcab
   1048  5+1   CA3B AF   E8 AE           STX -82,S
   1049  2     CA3E 86   C0              LDA #$c0
   1050  4+1   CA40 A7   E8 88           STA -120,S
   1051  3     CA43 8E   DCCB            LDX #$dccb
   1052  5+1   CA46 AF   E8 86           STX -122,S
   1053  4+4   CA49 32   E9 FF60         LEAS -160,S
   1054  3     CA4D 8E   CCAD            LDX #$ccad
   1055  5+1   CA50 AF   7E              STX -2,S
   1056  3     CA52 8E   CCAA            LDX #$ccaa
   1057  5+1   CA55 AF   E8 D6           STX -42,S
   1058  2     CA58 86   CA              LDA #$ca
   1059  4+1   CA5A A7   E8 AF           STA -81,S
   1060  2     CA5D 86   0C              LDA #$0c
   1061  4+1   CA5F A7   E8 AE           STA -82,S
   1062  3     CA62 8E   DDAA            LDX #$ddaa
   1063  5+1   CA65 AF   E8 86           STX -122,S
   1064  4+4   CA68 32   E9 FF60         LEAS -160,S
   1065  3     CA6C 8E   DCAA            LDX #$dcaa
   1066  5+1   CA6F AF   7E              STX -2,S
   1067  3     CA71 8E   CCAC            LDX #$ccac
   1068  5+1   CA74 AF   E8 D6           STX -42,S
   1069  2     CA77 86   C0              LDA #$c0
   1070  4+1   CA79 A7   E8 AF           STA -81,S
   1071  2     CA7C 86   CC              LDA #$cc
   1072  4+1   CA7E A7   E8 AE           STA -82,S
   1073  2     CA81 86   0C              LDA #$0c
   1074  4+1   CA83 A7   E8 86           STA -122,S
   1075  4+4   CA86 32   E9 FDAA         LEAS -598,S
   1076
   1077        CA8A               ERASE_SSAV_HRR0
   1078  4     CA8A 10CE 0000            LDS #$0000
   1079  5+5   CA8E 35   C8              PULS DP,U,PC * Ajout du PC au PULS>>
   1080
   1081        CA90               ERASE_DATA_HRR0_2
   1082        CA90               ERASE_DATA_HRR0_1

000000 Total Errors

000012 Total Symbols
     1x          Label C74B DATA_HRR0_1
     1x          Label C74B DATA_HRR0_2
     0x          Label BFAE DRAW_HRR0
    82x          Label C758 ERASE_CODE_HRR0_1
    71x          Label C906 ERASE_CODE_HRR0_2
     1x          Label CA90 ERASE_DATA_HRR0_1
     1x          Label CA90 ERASE_DATA_HRR0_2
     0x          Label C74B ERASE_HRR0
     1x          Label C751 ERASE_POS_HRR0_1
     1x          Label C8FF ERASE_POS_HRR0_2
     1x          Label CA8A ERASE_SSAV_HRR0
     1x          Label C745 SSAV_HRR0

