/*--------------------------------------------------------------*
 * Compilé avec C6809 v0.83                                     *
 *--------------------------------------------------------------*
 * Fichier source      : TMP.ASS
 * Fichier destination : TMP.BIN
 * Contenu :
 *     Main     0:TMP.ASS      17184
 *--------------------------------------------------------------*/

Macro Pass
Pass1
Pass2
      2        C3DD                      ORG $C3DD
      3        C3DD               DRAW_HRR5
      4  5+3   C3DD 34   48              PSHS U,DP
      5  7     C3DF 10FF CBCB            STS SSAV_HRR5+2
      6
      7  7     C3E3 10FE 9F00            LDS $9F00
      8  7     C3E7 10FF CBD7            STS ERASE_POS_HRR5_1+2
      9  3     C3EB CE   CBCF            LDU #DATA_HRR5_1
     10
     11  4+1   C3EE 32   7E              LEAS -2,S
     12  4+0   C3F0 A6   E4              LDA ,S
     13  5     C3F2 B7   CBDF            STA ERASE_CODE_HRR5_1+3
     14  2     C3F5 86   0F              LDA  #$0F
     15  4+0   C3F7 A4   E4              ANDA ,S
     16  2     C3F9 8B   10              ADDA #$10
     17  4+0   C3FB A7   E4              STA ,S
     18  4+1   C3FD A6   E8 D8           LDA -40,S
     19  5     C400 B7   CBE3            STA ERASE_CODE_HRR5_1+7
     20  2     C403 86   0F              LDA  #$0F
     21  4+1   C405 A4   E8 D8           ANDA -40,S
     22  2     C408 8B   E0              ADDA #$e0
     23  4+1   C40A A7   E8 D8           STA -40,S
     24  4+1   C40D A6   E8 B0           LDA -80,S
     25  5     C410 B7   CBE8            STA ERASE_CODE_HRR5_1+12
     26  2     C413 86   01              LDA #$01
     27  4+1   C415 A7   E8 B0           STA -80,S
     28  4+1   C418 A6   E8 88           LDA -120,S
     29  5     C41B B7   CBED            STA ERASE_CODE_HRR5_1+17
     30  2     C41E 86   9E              LDA #$9e
     31  4+1   C420 A7   E8 88           STA -120,S
     32  4+1   C423 A6   E8 85           LDA -123,S
     33  5     C426 B7   CBF2            STA ERASE_CODE_HRR5_1+22
     34  2     C429 86   0F              LDA  #$0F
     35  4+1   C42B A4   E8 85           ANDA -123,S
     36  2     C42E 8B   E0              ADDA #$e0
     37  4+1   C430 A7   E8 85           STA -123,S
     38  4+4   C433 32   E9 FF61         LEAS -159,S
     39  4+1   C437 A6   7F              LDA -1,S
     40  5     C439 B7   CBFB            STA ERASE_CODE_HRR5_1+31
     41  2     C43C 86   90              LDA #$90
     42  4+1   C43E A7   7F              STA -1,S
     43  4+1   C440 A6   7C              LDA -4,S
     44  5     C442 B7   CBFF            STA ERASE_CODE_HRR5_1+35
     45  2     C445 86   0F              LDA  #$0F
     46  4+1   C447 A4   7C              ANDA -4,S
     47  2     C449 8B   10              ADDA #$10
     48  4+1   C44B A7   7C              STA -4,S
     49  4+1   C44D A6   E8 D7           LDA -41,S
     50  5     C450 B7   CC03            STA ERASE_CODE_HRR5_1+39
     51  2     C453 86   A0              LDA #$a0
     52  4+1   C455 A7   E8 D7           STA -41,S
     53  4+1   C458 A6   E8 D6           LDA -42,S
     54  5     C45B B7   CC08            STA ERASE_CODE_HRR5_1+44
     55  2     C45E 86   F0              LDA  #$F0
     56  4+1   C460 A4   E8 D6           ANDA -42,S
     57  2     C463 8B   09              ADDA #$09
     58  4+1   C465 A7   E8 D6           STA -42,S
     59  4+1   C468 A6   E8 D4           LDA -44,S
     60  5     C46B B7   CC0D            STA ERASE_CODE_HRR5_1+49
     61  2     C46E 86   1F              LDA #$1f
     62  4+1   C470 A7   E8 D4           STA -44,S
     63  4+1   C473 A6   E8 AF           LDA -81,S
     64  5     C476 B7   CC12            STA ERASE_CODE_HRR5_1+54
     65  2     C479 86   AE              LDA #$ae
     66  4+1   C47B A7   E8 AF           STA -81,S
     67  4+1   C47E A6   E8 AE           LDA -82,S
     68  5     C481 B7   CC17            STA ERASE_CODE_HRR5_1+59
     69  2     C484 86   F0              LDA  #$F0
     70  4+1   C486 A4   E8 AE           ANDA -82,S
     71  2     C489 8B   0D              ADDA #$0d
     72  4+1   C48B A7   E8 AE           STA -82,S
     73  4+1   C48E A6   E8 AC           LDA -84,S
     74  5     C491 B7   CC1C            STA ERASE_CODE_HRR5_1+64
     75  2     C494 86   FF              LDA #$ff
     76  4+1   C496 A7   E8 AC           STA -84,S
     77  4+1   C499 A6   E8 87           LDA -121,S
     78  5     C49C B7   CC21            STA ERASE_CODE_HRR5_1+69
     79  2     C49F 86   A1              LDA #$a1
     80  4+1   C4A1 A7   E8 87           STA -121,S
     81  4+1   C4A4 A6   E8 86           LDA -122,S
     82  5     C4A7 B7   CC26            STA ERASE_CODE_HRR5_1+74
     83  2     C4AA 86   F0              LDA  #$F0
     84  4+1   C4AC A4   E8 86           ANDA -122,S
     85  2     C4AF 8B   0D              ADDA #$0d
     86  4+1   C4B1 A7   E8 86           STA -122,S
     87  4+1   C4B4 A6   E8 84           LDA -124,S
     88  5     C4B7 B7   CC2B            STA ERASE_CODE_HRR5_1+79
     89  2     C4BA 86   FF              LDA #$ff
     90  4+1   C4BC A7   E8 84           STA -124,S
     91  4+4   C4BF 32   E9 FF60         LEAS -160,S
     92  4+1   C4C3 A6   7F              LDA -1,S
     93  5     C4C5 B7   CC34            STA ERASE_CODE_HRR5_1+88
     94  2     C4C8 86   A1              LDA #$a1
     95  4+1   C4CA A7   7F              STA -1,S
     96  4+1   C4CC A6   7E              LDA -2,S
     97  5     C4CE B7   CC38            STA ERASE_CODE_HRR5_1+92
     98  2     C4D1 86   F0              LDA  #$F0
     99  4+1   C4D3 A4   7E              ANDA -2,S
    100  2     C4D5 8B   0C              ADDA #$0c
    101  4+1   C4D7 A7   7E              STA -2,S
    102  4+1   C4D9 A6   7C              LDA -4,S
    103  5     C4DB B7   CC3C            STA ERASE_CODE_HRR5_1+96
    104  2     C4DE 86   FF              LDA #$ff
    105  4+1   C4E0 A7   7C              STA -4,S
    106  4+1   C4E2 A6   E8 D7           LDA -41,S
    107  5     C4E5 B7   CC40            STA ERASE_CODE_HRR5_1+100
    108  2     C4E8 86   F0              LDA  #$F0
    109  4+1   C4EA A4   E8 D7           ANDA -41,S
    110  2     C4ED 8B   01              ADDA #$01
    111  4+1   C4EF A7   E8 D7           STA -41,S
    112  4+1   C4F2 A6   E8 D6           LDA -42,S
    113  5     C4F5 B7   CC45            STA ERASE_CODE_HRR5_1+105
    114  2     C4F8 86   DC              LDA #$dc
    115  4+1   C4FA A7   E8 D6           STA -42,S
    116  4+1   C4FD A6   E8 D4           LDA -44,S
    117  5     C500 B7   CC4A            STA ERASE_CODE_HRR5_1+110
    118  2     C503 86   FF              LDA #$ff
    119  4+1   C505 A7   E8 D4           STA -44,S
    120  4+1   C508 A6   E8 AF           LDA -81,S
    121  5     C50B B7   CC4F            STA ERASE_CODE_HRR5_1+115
    122  2     C50E 86   F0              LDA  #$F0
    123  4+1   C510 A4   E8 AF           ANDA -81,S
    124  2     C513 8B   01              ADDA #$01
    125  4+1   C515 A7   E8 AF           STA -81,S
    126  4+1   C518 A6   E8 AE           LDA -82,S
    127  5     C51B B7   CC54            STA ERASE_CODE_HRR5_1+120
    128  2     C51E 86   0F              LDA  #$0F
    129  4+1   C520 A4   E8 AE           ANDA -82,S
    130  2     C523 8B   D0              ADDA #$d0
    131  4+1   C525 A7   E8 AE           STA -82,S
    132  5+1   C528 AE   E8 AC           LDX -84,S
    133  6     C52B BF   CC59            STX ERASE_CODE_HRR5_1+125
    134  3     C52E 8E   FBDD            LDX #$fbdd
    135  5+1   C531 AF   E8 AC           STX -84,S
    136  4+1   C534 A6   E8 87           LDA -121,S
    137  5     C537 B7   CC5F            STA ERASE_CODE_HRR5_1+131
    138  2     C53A 86   F0              LDA  #$F0
    139  4+1   C53C A4   E8 87           ANDA -121,S
    140  2     C53F 8B   0F              ADDA #$0f
    141  4+1   C541 A7   E8 87           STA -121,S
    142  4+1   C544 A6   E8 86           LDA -122,S
    143  5     C547 B7   CC64            STA ERASE_CODE_HRR5_1+136
    144  2     C54A 86   0F              LDA  #$0F
    145  4+1   C54C A4   E8 86           ANDA -122,S
    146  2     C54F 8B   D0              ADDA #$d0
    147  4+1   C551 A7   E8 86           STA -122,S
    148  5+1   C554 AE   E8 84           LDX -124,S
    149  6     C557 BF   CC69            STX ERASE_CODE_HRR5_1+141
    150  3     C55A 8E   1BDC            LDX #$1bdc
    151  5+1   C55D AF   E8 84           STX -124,S
    152  4+4   C560 32   E9 FF5F         LEAS -161,S
    153  4+0   C564 A6   E4              LDA ,S
    154  5     C566 B7   CC73            STA ERASE_CODE_HRR5_1+151
    155  2     C569 86   F0              LDA  #$F0
    156  4+0   C56B A4   E4              ANDA ,S
    157  2     C56D 8B   0F              ADDA #$0f
    158  4+0   C56F A7   E4              STA ,S
    159  4+1   C571 A6   7F              LDA -1,S
    160  5     C573 B7   CC77            STA ERASE_CODE_HRR5_1+155
    161  2     C576 86   0F              LDA  #$0F
    162  4+1   C578 A4   7F              ANDA -1,S
    163  2     C57A 8B   10              ADDA #$10
    164  4+1   C57C A7   7F              STA -1,S
    165  5+1   C57E AE   7D              LDX -3,S
    166  6     C580 BF   CC7B            STX ERASE_CODE_HRR5_1+159
    167  3     C583 8E   AB90            LDX #$ab90
    168  5+1   C586 AF   7D              STX -3,S
    169  4+1   C588 32   E8 D5           LEAS -43,S
    170  5+4   C58B 35   16              PULS A,B,X
    171  5     C58D B7   CC83            STA ERASE_CODE_HRR5_1+167
    172  5     C590 F7   CC85            STB ERASE_CODE_HRR5_1+169
    173  6     C593 BF   CC87            STX ERASE_CODE_HRR5_1+171
    174  2     C596 86   A1              LDA #$a1
    175  2     C598 C6   9D              LDB #$9d
    176  3     C59A 8E   119A            LDX #$119a
    177  5+4   C59D 34   16              PSHS X,B,A
    178  4+1   C59F 32   E8 D8           LEAS -40,S
    179  5+4   C5A2 35   16              PULS A,B,X
    180  5     C5A4 B7   CC8F            STA ERASE_CODE_HRR5_1+179
    181  5     C5A7 F7   CC91            STB ERASE_CODE_HRR5_1+181
    182  6     C5AA BF   CC93            STX ERASE_CODE_HRR5_1+183
    183  2     C5AD 86   91              LDA #$91
    184  2     C5AF C6   ED              LDB #$ed
    185  3     C5B1 8E   E3AB            LDX #$e3ab
    186  5+4   C5B4 34   16              PSHS X,B,A
    187  4+1   C5B6 32   E8 D8           LEAS -40,S
    188  5+4   C5B9 35   16              PULS A,B,X
    189  5     C5BB B7   CC9B            STA ERASE_CODE_HRR5_1+191
    190  5     C5BE F7   CC9D            STB ERASE_CODE_HRR5_1+193
    191  6     C5C1 BF   CC9F            STX ERASE_CODE_HRR5_1+195
    192  2     C5C4 86   9E              LDA #$9e
    193  2     C5C6 C6   ED              LDB #$ed
    194  3     C5C8 8E   32BB            LDX #$32bb
    195  5+4   C5CB 34   16              PSHS X,B,A
    196  5+1   C5CD AE   E8 DA           LDX -38,S
    197  6     C5D0 BF   CCA4            STX ERASE_CODE_HRR5_1+200
    198  3     C5D3 8E   2EBB            LDX #$2ebb
    199  5+1   C5D6 AF   E8 DA           STX -38,S
    200  4+1   C5D9 A6   E8 D9           LDA -39,S
    201  5     C5DC B7   CCAA            STA ERASE_CODE_HRR5_1+206
    202  2     C5DF 86   F0              LDA  #$F0
    203  4+1   C5E1 A4   E8 D9           ANDA -39,S
    204  2     C5E4 8B   0D              ADDA #$0d
    205  4+1   C5E6 A7   E8 D9           STA -39,S
    206  4+1   C5E9 A6   E8 D8           LDA -40,S
    207  5     C5EC B7   CCAF            STA ERASE_CODE_HRR5_1+211
    208  2     C5EF 86   F0              LDA  #$F0
    209  4+1   C5F1 A4   E8 D8           ANDA -40,S
    210  2     C5F4 8B   00              ADDA #$00
    211  4+1   C5F6 A7   E8 D8           STA -40,S
    212  4+1   C5F9 32   E8 B0           LEAS -80,S
    213  5+4   C5FC 35   16              PULS A,B,X
    214  5     C5FE B7   CCB7            STA ERASE_CODE_HRR5_1+219
    215  5     C601 F7   CCB9            STB ERASE_CODE_HRR5_1+221
    216  6     C604 BF   CCBB            STX ERASE_CODE_HRR5_1+223
    217  2     C607 86   99              LDA #$99
    218  2     C609 C6   D0              LDB #$d0
    219  3     C60B 8E   10AA            LDX #$10aa
    220  5+4   C60E 34   16              PSHS X,B,A
    221  4+1   C610 32   E8 D8           LEAS -40,S
    222  5+4   C613 35   16              PULS A,B,X
    223  5     C615 B7   CCC3            STA ERASE_CODE_HRR5_1+231
    224  5     C618 F7   CCC5            STB ERASE_CODE_HRR5_1+233
    225  6     C61B BF   CCC7            STX ERASE_CODE_HRR5_1+235
    226  2     C61E 86   AA              LDA #$aa
    227  2     C620 C6   DD              LDB #$dd
    228  3     C622 8E   0D9B            LDX #$0d9b
    229  5+4   C625 34   16              PSHS X,B,A
    230  4+1   C627 32   E8 D8           LEAS -40,S
    231  5+4   C62A 35   16              PULS A,B,X
    232  5     C62C B7   CCCF            STA ERASE_CODE_HRR5_1+243
    233  5     C62F F7   CCD1            STB ERASE_CODE_HRR5_1+245
    234  6     C632 BF   CCD3            STX ERASE_CODE_HRR5_1+247
    235  2     C635 86   A9              LDA #$a9
    236  2     C637 C6   DD              LDB #$dd
    237  3     C639 8E   DD2A            LDX #$dd2a
    238  5+4   C63C 34   16              PSHS X,B,A
    239  4+1   C63E 32   E8 D9           LEAS -39,S
    240  5+3   C641 35   12              PULS A,X
    241  5     C643 B7   CCDB            STA ERASE_CODE_HRR5_1+255
    242  6     C646 BF   CCDD            STX ERASE_CODE_HRR5_1+257
    243  2     C649 86   CD              LDA #$cd
    244  3     C64B 8E   D322            LDX #$d322
    245  5+3   C64E 34   12              PSHS X,A
    246  4+1   C650 A6   7F              LDA -1,S
    247  5     C652 B7   CCE2            STA ERASE_CODE_HRR5_1+262
    248  2     C655 86   F0              LDA  #$F0
    249  4+1   C657 A4   7F              ANDA -1,S
    250  2     C659 8B   0A              ADDA #$0a
    251  4+1   C65B A7   7F              STA -1,S
    252  5+1   C65D AE   E8 D9           LDX -39,S
    253  6     C660 BF   CCE6            STX ERASE_CODE_HRR5_1+266
    254  3     C663 8E   C322            LDX #$c322
    255  5+1   C666 AF   E8 D9           STX -39,S
    256  4+1   C669 A6   E8 D8           LDA -40,S
    257  5     C66C B7   CCEC            STA ERASE_CODE_HRR5_1+272
    258  2     C66F 86   F0              LDA  #$F0
    259  4+1   C671 A4   E8 D8           ANDA -40,S
    260  2     C674 8B   0C              ADDA #$0c
    261  4+1   C676 A7   E8 D8           STA -40,S
    262  5+1   C679 AE   E8 B1           LDX -79,S
    263  6     C67C BF   CCF1            STX ERASE_CODE_HRR5_1+277
    264  3     C67F 8E   CCB2            LDX #$ccb2
    265  5+1   C682 AF   E8 B1           STX -79,S
    266  4+1   C685 A6   E8 B0           LDA -80,S
    267  5     C688 B7   CCF7            STA ERASE_CODE_HRR5_1+283
    268  2     C68B 86   F0              LDA  #$F0
    269  4+1   C68D A4   E8 B0           ANDA -80,S
    270  2     C690 8B   0C              ADDA #$0c
    271  4+1   C692 A7   E8 B0           STA -80,S
    272  5+1   C695 AE   E8 89           LDX -119,S
    273  6     C698 BF   CCFC            STX ERASE_CODE_HRR5_1+288
    274  3     C69B 8E   CCB9            LDX #$ccb9
    275  5+1   C69E AF   E8 89           STX -119,S
    276  4+4   C6A1 32   E9 FF63         LEAS -157,S
    277  4+1   C6A5 32   7D              LEAS -3,S
    278  5+3   C6A7 35   14              PULS B,X
    279  5     C6A9 F7   CD06            STB ERASE_CODE_HRR5_1+298
    280  6     C6AC BF   CD08            STX ERASE_CODE_HRR5_1+300
    281  2     C6AF C6   DD              LDB #$dd
    282  3     C6B1 8E   CAB9            LDX #$cab9
    283  5+3   C6B4 34   14              PSHS X,B
    284  4+1   C6B6 32   E8 D8           LEAS -40,S
    285  5+3   C6B9 35   14              PULS B,X
    286  5     C6BB F7   CD10            STB ERASE_CODE_HRR5_1+308
    287  6     C6BE BF   CD12            STX ERASE_CODE_HRR5_1+310
    288  2     C6C1 C6   DD              LDB #$dd
    289  3     C6C3 8E   CABA            LDX #$caba
    290  5+3   C6C6 34   14              PSHS X,B
    291  4+1   C6C8 32   E8 D8           LEAS -40,S
    292  5+3   C6CB 35   14              PULS B,X
    293  5     C6CD F7   CD1A            STB ERASE_CODE_HRR5_1+318
    294  6     C6D0 BF   CD1C            STX ERASE_CODE_HRR5_1+320
    295  2     C6D3 C6   DD              LDB #$dd
    296  3     C6D5 8E   CAB0            LDX #$cab0
    297  5+3   C6D8 34   14              PSHS X,B
    298  4+1   C6DA 32   E8 D8           LEAS -40,S
    299  5+3   C6DD 35   12              PULS A,X
    300  5     C6DF B7   CD24            STA ERASE_CODE_HRR5_1+328
    301  6     C6E2 BF   CD26            STX ERASE_CODE_HRR5_1+330
    302  2     C6E5 86   CD              LDA #$cd
    303  3     C6E7 8E   CBBC            LDX #$cbbc
    304  5+3   C6EA 34   12              PSHS X,A
    305  4+1   C6EC 32   E8 D8           LEAS -40,S
    306  5+3   C6EF 35   12              PULS A,X
    307  5     C6F1 B7   CD2E            STA ERASE_CODE_HRR5_1+338
    308  6     C6F4 BF   CD30            STX ERASE_CODE_HRR5_1+340
    309  2     C6F7 86   CC              LDA #$cc
    310  3     C6F9 8E   CABA            LDX #$caba
    311  5+3   C6FC 34   12              PSHS X,A
    312  5+1   C6FE AE   E8 D9           LDX -39,S
    313  6     C701 BF   CD35            STX ERASE_CODE_HRR5_1+345
    314  3     C704 8E   CDDA            LDX #$cdda
    315  5+1   C707 AF   E8 D9           STX -39,S
    316  4+1   C70A A6   E8 D8           LDA -40,S
    317  5     C70D B7   CD3B            STA ERASE_CODE_HRR5_1+351
    318  2     C710 86   F0              LDA  #$F0
    319  4+1   C712 A4   E8 D8           ANDA -40,S
    320  2     C715 8B   0C              ADDA #$0c
    321  4+1   C717 A7   E8 D8           STA -40,S
    322  5+1   C71A AE   E8 B1           LDX -79,S
    323  6     C71D BF   CD40            STX ERASE_CODE_HRR5_1+356
    324  3     C720 8E   CDAA            LDX #$cdaa
    325  5+1   C723 AF   E8 B1           STX -79,S
    326  5+1   C726 AE   E8 89           LDX -119,S
    327  6     C729 BF   CD46            STX ERASE_CODE_HRR5_1+362
    328  3     C72C 8E   CDAA            LDX #$cdaa
    329  5+1   C72F AF   E8 89           STX -119,S
    330  4+4   C732 32   E9 FF63         LEAS -157,S
    331  5+1   C736 AE   7E              LDX -2,S
    332  6     C738 BF   CD50            STX ERASE_CODE_HRR5_1+372
    333  3     C73B 8E   CDAA            LDX #$cdaa
    334  5+1   C73E AF   7E              STX -2,S
    335  4+1   C740 A6   E8 D7           LDA -41,S
    336  5     C743 B7   CD55            STA ERASE_CODE_HRR5_1+377
    337  2     C746 86   0F              LDA  #$0F
    338  4+1   C748 A4   E8 D7           ANDA -41,S
    339  2     C74B 8B   A0              ADDA #$a0
    340  4+1   C74D A7   E8 D7           STA -41,S
    341  5+1   C750 AE   E8 D5           LDX -43,S
    342  6     C753 BF   CD5A            STX ERASE_CODE_HRR5_1+382
    343  3     C756 8E   DDCC            LDX #$ddcc
    344  5+1   C759 AF   E8 D5           STX -43,S
    345  4+1   C75C A6   E8 AF           LDA -81,S
    346  5     C75F B7   CD60            STA ERASE_CODE_HRR5_1+388
    347  2     C762 86   0F              LDA  #$0F
    348  4+1   C764 A4   E8 AF           ANDA -81,S
    349  2     C767 8B   D0              ADDA #$d0
    350  4+1   C769 A7   E8 AF           STA -81,S
    351  5+1   C76C AE   E8 AD           LDX -83,S
    352  6     C76F BF   CD65            STX ERASE_CODE_HRR5_1+393
    353  3     C772 8E   CDCA            LDX #$cdca
    354  5+1   C775 AF   E8 AD           STX -83,S
    355  4+1   C778 A6   E8 86           LDA -122,S
    356  5     C77B B7   CD6B            STA ERASE_CODE_HRR5_1+399
    357  2     C77E 86   AA              LDA #$aa
    358  4+1   C780 A7   E8 86           STA -122,S
    359  4+1   C783 A6   E8 85           LDA -123,S
    360  5     C786 B7   CD70            STA ERASE_CODE_HRR5_1+404
    361  2     C789 86   F0              LDA  #$F0
    362  4+1   C78B A4   E8 85           ANDA -123,S
    363  2     C78E 8B   0C              ADDA #$0c
    364  4+1   C790 A7   E8 85           STA -123,S
    365  4+4   C793 32   E9 FF5F         LEAS -161,S
    366  4+1   C797 A6   7F              LDA -1,S
    367  5     C799 B7   CD79            STA ERASE_CODE_HRR5_1+413
    368  2     C79C 86   AA              LDA #$aa
    369  4+1   C79E A7   7F              STA -1,S
    370  4+4   C7A0 32   E9 FE45         LEAS -443,S
    371
    372  7     C7A4 10FE 9F02            LDS $9F00+2
    373  7     C7A8 10FF CD82            STS ERASE_POS_HRR5_2+2
    374  3     C7AC CE   CBCF            LDU #DATA_HRR5_2
    375
    376  4+1   C7AF 32   7D              LEAS -3,S
    377  4+0   C7B1 A6   E4              LDA ,S
    378  5     C7B3 B7   CD8A            STA ERASE_CODE_HRR5_2+3
    379  2     C7B6 86   F0              LDA  #$F0
    380  4+0   C7B8 A4   E4              ANDA ,S
    381  2     C7BA 8B   0E              ADDA #$0e
    382  4+0   C7BC A7   E4              STA ,S
    383  4+1   C7BE A6   E8 D8           LDA -40,S
    384  5     C7C1 B7   CD8E            STA ERASE_CODE_HRR5_2+7
    385  2     C7C4 86   F0              LDA  #$F0
    386  4+1   C7C6 A4   E8 D8           ANDA -40,S
    387  2     C7C9 8B   00              ADDA #$00
    388  4+1   C7CB A7   E8 D8           STA -40,S
    389  4+1   C7CE A6   E8 B0           LDA -80,S
    390  5     C7D1 B7   CD93            STA ERASE_CODE_HRR5_2+12
    391  2     C7D4 86   0E              LDA #$0e
    392  4+1   C7D6 A7   E8 B0           STA -80,S
    393  4+1   C7D9 A6   E8 88           LDA -120,S
    394  5     C7DC B7   CD98            STA ERASE_CODE_HRR5_2+17
    395  2     C7DF 86   0E              LDA #$0e
    396  4+1   C7E1 A7   E8 88           STA -120,S
    397  4+4   C7E4 32   E9 FF61         LEAS -159,S
    398  4+1   C7E8 A6   7F              LDA -1,S
    399  5     C7EA B7   CDA1            STA ERASE_CODE_HRR5_2+26
    400  2     C7ED 86   91              LDA #$91
    401  4+1   C7EF A7   7F              STA -1,S
    402  4+1   C7F1 A6   E8 D8           LDA -40,S
    403  5     C7F4 B7   CDA5            STA ERASE_CODE_HRR5_2+30
    404  2     C7F7 86   0F              LDA  #$0F
    405  4+1   C7F9 A4   E8 D8           ANDA -40,S
    406  2     C7FC 8B   10              ADDA #$10
    407  4+1   C7FE A7   E8 D8           STA -40,S
    408  4+1   C801 A6   E8 D7           LDA -41,S
    409  5     C804 B7   CDAA            STA ERASE_CODE_HRR5_2+35
    410  2     C807 86   AE              LDA #$ae
    411  4+1   C809 A7   E8 D7           STA -41,S
    412  4+1   C80C A6   E8 B0           LDA -80,S
    413  5     C80F B7   CDAF            STA ERASE_CODE_HRR5_2+40
    414  2     C812 86   0F              LDA  #$0F
    415  4+1   C814 A4   E8 B0           ANDA -80,S
    416  2     C817 8B   E0              ADDA #$e0
    417  4+1   C819 A7   E8 B0           STA -80,S
    418  4+1   C81C A6   E8 AF           LDA -81,S
    419  5     C81F B7   CDB4            STA ERASE_CODE_HRR5_2+45
    420  2     C822 86   A9              LDA #$a9
    421  4+1   C824 A7   E8 AF           STA -81,S
    422  4+1   C827 A6   E8 AC           LDA -84,S
    423  5     C82A B7   CDB9            STA ERASE_CODE_HRR5_2+50
    424  2     C82D 86   F0              LDA  #$F0
    425  4+1   C82F A4   E8 AC           ANDA -84,S
    426  2     C832 8B   0E              ADDA #$0e
    427  4+1   C834 A7   E8 AC           STA -84,S
    428  4+1   C837 A6   E8 88           LDA -120,S
    429  5     C83A B7   CDBE            STA ERASE_CODE_HRR5_2+55
    430  2     C83D 86   0F              LDA  #$0F
    431  4+1   C83F A4   E8 88           ANDA -120,S
    432  2     C842 8B   E0              ADDA #$e0
    433  4+1   C844 A7   E8 88           STA -120,S
    434  4+1   C847 A6   E8 87           LDA -121,S
    435  5     C84A B7   CDC3            STA ERASE_CODE_HRR5_2+60
    436  2     C84D 86   AA              LDA #$aa
    437  4+1   C84F A7   E8 87           STA -121,S
    438  4+1   C852 A6   E8 84           LDA -124,S
    439  5     C855 B7   CDC8            STA ERASE_CODE_HRR5_2+65
    440  2     C858 86   F0              LDA  #$F0
    441  4+1   C85A A4   E8 84           ANDA -124,S
    442  2     C85D 8B   0E              ADDA #$0e
    443  4+1   C85F A7   E8 84           STA -124,S
    444  4+4   C862 32   E9 FF60         LEAS -160,S
    445  4+0   C866 A6   E4              LDA ,S
    446  5     C868 B7   CDD1            STA ERASE_CODE_HRR5_2+74
    447  2     C86B 86   0F              LDA  #$0F
    448  4+0   C86D A4   E4              ANDA ,S
    449  2     C86F 8B   E0              ADDA #$e0
    450  4+0   C871 A7   E4              STA ,S
    451  4+1   C873 A6   7C              LDA -4,S
    452  5     C875 B7   CDD5            STA ERASE_CODE_HRR5_2+78
    453  2     C878 86   F0              LDA  #$F0
    454  4+1   C87A A4   7C              ANDA -4,S
    455  2     C87C 8B   0E              ADDA #$0e
    456  4+1   C87E A7   7C              STA -4,S
    457  4+1   C880 A6   E8 D8           LDA -40,S
    458  5     C883 B7   CDD9            STA ERASE_CODE_HRR5_2+82
    459  2     C886 86   0F              LDA  #$0F
    460  4+1   C888 A4   E8 D8           ANDA -40,S
    461  2     C88B 8B   E0              ADDA #$e0
    462  4+1   C88D A7   E8 D8           STA -40,S
    463  4+1   C890 A6   E8 D4           LDA -44,S
    464  5     C893 B7   CDDE            STA ERASE_CODE_HRR5_2+87
    465  2     C896 86   F0              LDA  #$F0
    466  4+1   C898 A4   E8 D4           ANDA -44,S
    467  2     C89B 8B   0E              ADDA #$0e
    468  4+1   C89D A7   E8 D4           STA -44,S
    469  4+1   C8A0 A6   E8 B0           LDA -80,S
    470  5     C8A3 B7   CDE3            STA ERASE_CODE_HRR5_2+92
    471  2     C8A6 86   0F              LDA  #$0F
    472  4+1   C8A8 A4   E8 B0           ANDA -80,S
    473  2     C8AB 8B   E0              ADDA #$e0
    474  4+1   C8AD A7   E8 B0           STA -80,S
    475  4+1   C8B0 A6   E8 AE           LDA -82,S
    476  5     C8B3 B7   CDE8            STA ERASE_CODE_HRR5_2+97
    477  2     C8B6 86   0F              LDA  #$0F
    478  4+1   C8B8 A4   E8 AE           ANDA -82,S
    479  2     C8BB 8B   D0              ADDA #$d0
    480  4+1   C8BD A7   E8 AE           STA -82,S
    481  4+1   C8C0 A6   E8 AD           LDA -83,S
    482  5     C8C3 B7   CDED            STA ERASE_CODE_HRR5_2+102
    483  2     C8C6 86   FB              LDA #$fb
    484  4+1   C8C8 A7   E8 AD           STA -83,S
    485  4+1   C8CB A6   E8 AC           LDA -84,S
    486  5     C8CE B7   CDF2            STA ERASE_CODE_HRR5_2+107
    487  2     C8D1 86   F0              LDA  #$F0
    488  4+1   C8D3 A4   E8 AC           ANDA -84,S
    489  2     C8D6 8B   0E              ADDA #$0e
    490  4+1   C8D8 A7   E8 AC           STA -84,S
    491  4+1   C8DB A6   E8 88           LDA -120,S
    492  5     C8DE B7   CDF7            STA ERASE_CODE_HRR5_2+112
    493  2     C8E1 86   0F              LDA  #$0F
    494  4+1   C8E3 A4   E8 88           ANDA -120,S
    495  2     C8E6 8B   E0              ADDA #$e0
    496  4+1   C8E8 A7   E8 88           STA -120,S
    497  5+1   C8EB AE   E8 85           LDX -123,S
    498  6     C8EE BF   CDFC            STX ERASE_CODE_HRR5_2+117
    499  3     C8F1 8E   ADCD            LDX #$adcd
    500  5+1   C8F4 AF   E8 85           STX -123,S
    501  4+1   C8F7 A6   E8 84           LDA -124,S
    502  5     C8FA B7   CE02            STA ERASE_CODE_HRR5_2+123
    503  2     C8FD 86   F0              LDA  #$F0
    504  4+1   C8FF A4   E8 84           ANDA -124,S
    505  2     C902 8B   00              ADDA #$00
    506  4+1   C904 A7   E8 84           STA -124,S
    507  4+4   C907 32   E9 FF60         LEAS -160,S
    508  4+0   C90B A6   E4              LDA ,S
    509  5     C90D B7   CE0B            STA ERASE_CODE_HRR5_2+132
    510  2     C910 86   0F              LDA  #$0F
    511  4+0   C912 A4   E4              ANDA ,S
    512  2     C914 8B   E0              ADDA #$e0
    513  4+0   C916 A7   E4              STA ,S
    514  5+1   C918 AE   7D              LDX -3,S
    515  6     C91A BF   CE0F            STX ERASE_CODE_HRR5_2+136
    516  3     C91D 8E   ADDC            LDX #$addc
    517  5+1   C920 AF   7D              STX -3,S
    518  4+1   C922 A6   E8 D8           LDA -40,S
    519  5     C925 B7   CE14            STA ERASE_CODE_HRR5_2+141
    520  2     C928 86   0F              LDA  #$0F
    521  4+1   C92A A4   E8 D8           ANDA -40,S
    522  2     C92D 8B   10              ADDA #$10
    523  4+1   C92F A7   E8 D8           STA -40,S
    524  4+1   C932 32   E8 D5           LEAS -43,S
    525  5+3   C935 35   12              PULS A,X
    526  5     C937 B7   CE1C            STA ERASE_CODE_HRR5_2+149
    527  6     C93A BF   CE1E            STX ERASE_CODE_HRR5_2+151
    528  2     C93D 86   A0              LDA #$a0
    529  3     C93F 8E   D331            LDX #$d331
    530  5+3   C942 34   12              PSHS X,A
    531  4+1   C944 A6   E8 DB           LDA -37,S
    532  5     C947 B7   CE23            STA ERASE_CODE_HRR5_2+156
    533  2     C94A 86   0F              LDA  #$0F
    534  4+1   C94C A4   E8 DB           ANDA -37,S
    535  2     C94F 8B   A0              ADDA #$a0
    536  4+1   C951 A7   E8 DB           STA -37,S
    537  4+1   C954 32   E8 D8           LEAS -40,S
    538  5+3   C957 35   12              PULS A,X
    539  5     C959 B7   CE2B            STA ERASE_CODE_HRR5_2+164
    540  6     C95C BF   CE2D            STX ERASE_CODE_HRR5_2+166
    541  2     C95F 86   EA              LDA #$ea
    542  3     C961 8E   C32A            LDX #$c32a
    543  5+3   C964 34   12              PSHS X,A
    544  4+1   C966 A6   E8 DB           LDA -37,S
    545  5     C969 B7   CE32            STA ERASE_CODE_HRR5_2+171
    546  2     C96C 86   0F              LDA  #$0F
    547  4+1   C96E A4   E8 DB           ANDA -37,S
    548  2     C971 8B   B0              ADDA #$b0
    549  4+1   C973 A7   E8 DB           STA -37,S
    550  4+1   C976 A6   E8 DA           LDA -38,S
    551  5     C979 B7   CE37            STA ERASE_CODE_HRR5_2+176
    552  2     C97C 86   F0              LDA  #$F0
    553  4+1   C97E A4   E8 DA           ANDA -38,S
    554  2     C981 8B   0A              ADDA #$0a
    555  4+1   C983 A7   E8 DA           STA -38,S
    556  5+1   C986 AE   E8 D8           LDX -40,S
    557  6     C989 BF   CE3C            STX ERASE_CODE_HRR5_2+181
    558  3     C98C 8E   11C3            LDX #$11c3
    559  5+1   C98F AF   E8 D8           STX -40,S
    560  4+1   C992 A6   E8 B3           LDA -77,S
    561  5     C995 B7   CE42            STA ERASE_CODE_HRR5_2+187
    562  2     C998 86   0F              LDA  #$0F
    563  4+1   C99A A4   E8 B3           ANDA -77,S
    564  2     C99D 8B   B0              ADDA #$b0
    565  4+1   C99F A7   E8 B3           STA -77,S
    566  4+1   C9A2 A6   E8 B2           LDA -78,S
    567  5     C9A5 B7   CE47            STA ERASE_CODE_HRR5_2+192
    568  2     C9A8 86   F0              LDA  #$F0
    569  4+1   C9AA A4   E8 B2           ANDA -78,S
    570  2     C9AD 8B   0A              ADDA #$0a
    571  4+1   C9AF A7   E8 B2           STA -78,S
    572  5+1   C9B2 AE   E8 B0           LDX -80,S
    573  6     C9B5 BF   CE4C            STX ERASE_CODE_HRR5_2+197
    574  3     C9B8 8E   EDDE            LDX #$edde
    575  5+1   C9BB AF   E8 B0           STX -80,S
    576  4+1   C9BE A6   E8 8B           LDA -117,S
    577  5     C9C1 B7   CE52            STA ERASE_CODE_HRR5_2+203
    578  2     C9C4 86   0F              LDA  #$0F
    579  4+1   C9C6 A4   E8 8B           ANDA -117,S
    580  2     C9C9 8B   B0              ADDA #$b0
    581  4+1   C9CB A7   E8 8B           STA -117,S
    582  4+1   C9CE 32   E8 88           LEAS -120,S
    583  5+3   C9D1 35   12              PULS A,X
    584  5     C9D3 B7   CE5A            STA ERASE_CODE_HRR5_2+211
    585  6     C9D6 BF   CE5C            STX ERASE_CODE_HRR5_2+213
    586  2     C9D9 86   0D              LDA #$0d
    587  3     C9DB 8E   03DA            LDX #$03da
    588  5+3   C9DE 34   12              PSHS X,A
    589  4+1   C9E0 A6   E8 DB           LDA -37,S
    590  5     C9E3 B7   CE61            STA ERASE_CODE_HRR5_2+218
    591  2     C9E6 86   0F              LDA  #$0F
    592  4+1   C9E8 A4   E8 DB           ANDA -37,S
    593  2     C9EB 8B   B0              ADDA #$b0
    594  4+1   C9ED A7   E8 DB           STA -37,S
    595  4+1   C9F0 32   E8 D8           LEAS -40,S
    596  5+3   C9F3 35   12              PULS A,X
    597  5     C9F5 B7   CE69            STA ERASE_CODE_HRR5_2+226
    598  6     C9F8 BF   CE6B            STX ERASE_CODE_HRR5_2+228
    599  2     C9FB 86   99              LDA #$99
    600  3     C9FD 8E   DD13            LDX #$dd13
    601  5+3   CA00 34   12              PSHS X,A
    602  4+1   CA02 A6   E8 DB           LDA -37,S
    603  5     CA05 B7   CE70            STA ERASE_CODE_HRR5_2+233
    604  2     CA08 86   0F              LDA  #$0F
    605  4+1   CA0A A4   E8 DB           ANDA -37,S
    606  2     CA0D 8B   A0              ADDA #$a0
    607  4+1   CA0F A7   E8 DB           STA -37,S
    608  4+1   CA12 32   E8 D8           LEAS -40,S
    609  5+3   CA15 35   12              PULS A,X
    610  5     CA17 B7   CE78            STA ERASE_CODE_HRR5_2+241
    611  6     CA1A BF   CE7A            STX ERASE_CODE_HRR5_2+243
    612  2     CA1D 86   09              LDA #$09
    613  3     CA1F 8E   D022            LDX #$d022
    614  5+3   CA22 34   12              PSHS X,A
    615  5+1   CA24 AE   E8 D9           LDX -39,S
    616  6     CA27 BF   CE7F            STX ERASE_CODE_HRR5_2+248
    617  3     CA2A 8E   DD22            LDX #$dd22
    618  5+1   CA2D AF   E8 D9           STX -39,S
    619  4+1   CA30 A6   E8 D8           LDA -40,S
    620  5     CA33 B7   CE85            STA ERASE_CODE_HRR5_2+254
    621  2     CA36 86   0F              LDA  #$0F
    622  4+1   CA38 A4   E8 D8           ANDA -40,S
    623  2     CA3B 8B   A0              ADDA #$a0
    624  4+1   CA3D A7   E8 D8           STA -40,S
    625  4+1   CA40 A6   E8 B3           LDA -77,S
    626  5     CA43 B7   CE8A            STA ERASE_CODE_HRR5_2+259
    627  2     CA46 86   0F              LDA  #$0F
    628  4+1   CA48 A4   E8 B3           ANDA -77,S
    629  2     CA4B 8B   00              ADDA #$00
    630  4+1   CA4D A7   E8 B3           STA -77,S
    631  5+1   CA50 AE   E8 B1           LDX -79,S
    632  6     CA53 BF   CE8F            STX ERASE_CODE_HRR5_2+264
    633  3     CA56 8E   CD2B            LDX #$cd2b
    634  5+1   CA59 AF   E8 B1           STX -79,S
    635  4+1   CA5C A6   E8 8B           LDA -117,S
    636  5     CA5F B7   CE95            STA ERASE_CODE_HRR5_2+270
    637  2     CA62 86   0F              LDA  #$0F
    638  4+1   CA64 A4   E8 8B           ANDA -117,S
    639  2     CA67 8B   90              ADDA #$90
    640  4+1   CA69 A7   E8 8B           STA -117,S
    641  5+1   CA6C AE   E8 89           LDX -119,S
    642  6     CA6F BF   CE9A            STX ERASE_CODE_HRR5_2+275
    643  3     CA72 8E   CC2C            LDX #$cc2c
    644  5+1   CA75 AF   E8 89           STX -119,S
    645  4+4   CA78 32   E9 FF63         LEAS -157,S
    646  4+0   CA7C A6   E4              LDA ,S
    647  5     CA7E B7   CEA4            STA ERASE_CODE_HRR5_2+285
    648  2     CA81 86   0F              LDA  #$0F
    649  4+0   CA83 A4   E4              ANDA ,S
    650  2     CA85 8B   A0              ADDA #$a0
    651  4+0   CA87 A7   E4              STA ,S
    652  5+1   CA89 AE   7E              LDX -2,S
    653  6     CA8B BF   CEA8            STX ERASE_CODE_HRR5_2+289
    654  3     CA8E 8E   DCCA            LDX #$dcca
    655  5+1   CA91 AF   7E              STX -2,S
    656  4+1   CA93 32   E8 D5           LEAS -43,S
    657  5+3   CA96 35   12              PULS A,X
    658  5     CA98 B7   CEB0            STA ERASE_CODE_HRR5_2+297
    659  6     CA9B BF   CEB2            STX ERASE_CODE_HRR5_2+299
    660  2     CA9E 86   DD              LDA #$dd
    661  3     CAA0 8E   DCAA            LDX #$dcaa
    662  5+3   CAA3 34   12              PSHS X,A
    663  4+1   CAA5 A6   E8 DB           LDA -37,S
    664  5     CAA8 B7   CEB7            STA ERASE_CODE_HRR5_2+304
    665  2     CAAB 86   0F              LDA  #$0F
    666  4+1   CAAD A4   E8 DB           ANDA -37,S
    667  2     CAB0 8B   C0              ADDA #$c0
    668  4+1   CAB2 A7   E8 DB           STA -37,S
    669  5+1   CAB5 AE   E8 D9           LDX -39,S
    670  6     CAB8 BF   CEBC            STX ERASE_CODE_HRR5_2+309
    671  3     CABB 8E   DCAA            LDX #$dcaa
    672  5+1   CABE AF   E8 D9           STX -39,S
    673  4+1   CAC1 A6   E8 D8           LDA -40,S
    674  5     CAC4 B7   CEC2            STA ERASE_CODE_HRR5_2+315
    675  2     CAC7 86   F0              LDA  #$F0
    676  4+1   CAC9 A4   E8 D8           ANDA -40,S
    677  2     CACC 8B   0D              ADDA #$0d
    678  4+1   CACE A7   E8 D8           STA -40,S
    679  4+1   CAD1 A6   E8 B3           LDA -77,S
    680  5     CAD4 B7   CEC7            STA ERASE_CODE_HRR5_2+320
    681  2     CAD7 86   0F              LDA  #$0F
    682  4+1   CAD9 A4   E8 B3           ANDA -77,S
    683  2     CADC 8B   C0              ADDA #$c0
    684  4+1   CADE A7   E8 B3           STA -77,S
    685  5+1   CAE1 AE   E8 B1           LDX -79,S
    686  6     CAE4 BF   CECC            STX ERASE_CODE_HRR5_2+325
    687  3     CAE7 8E   CCAA            LDX #$ccaa
    688  5+1   CAEA AF   E8 B1           STX -79,S
    689  4+1   CAED A6   E8 B0           LDA -80,S
    690  5     CAF0 B7   CED2            STA ERASE_CODE_HRR5_2+331
    691  2     CAF3 86   F0              LDA  #$F0
    692  4+1   CAF5 A4   E8 B0           ANDA -80,S
    693  2     CAF8 8B   0C              ADDA #$0c
    694  4+1   CAFA A7   E8 B0           STA -80,S
    695  4+1   CAFD A6   E8 8B           LDA -117,S
    696  5     CB00 B7   CED7            STA ERASE_CODE_HRR5_2+336
    697  2     CB03 86   0F              LDA  #$0F
    698  4+1   CB05 A4   E8 8B           ANDA -117,S
    699  2     CB08 8B   A0              ADDA #$a0
    700  4+1   CB0A A7   E8 8B           STA -117,S
    701  5+1   CB0D AE   E8 89           LDX -119,S
    702  6     CB10 BF   CEDC            STX ERASE_CODE_HRR5_2+341
    703  3     CB13 8E   CCAC            LDX #$ccac
    704  5+1   CB16 AF   E8 89           STX -119,S
    705  4+4   CB19 32   E9 FF63         LEAS -157,S
    706  4+0   CB1D A6   E4              LDA ,S
    707  5     CB1F B7   CEE6            STA ERASE_CODE_HRR5_2+351
    708  2     CB22 86   0F              LDA  #$0F
    709  4+0   CB24 A4   E4              ANDA ,S
    710  2     CB26 8B   C0              ADDA #$c0
    711  4+0   CB28 A7   E4              STA ,S
    712  5+1   CB2A AE   7E              LDX -2,S
    713  6     CB2C BF   CEEA            STX ERASE_CODE_HRR5_2+355
    714  3     CB2F 8E   CCAC            LDX #$ccac
    715  5+1   CB32 AF   7E              STX -2,S
    716  5+1   CB34 AE   E8 D6           LDX -42,S
    717  6     CB37 BF   CEEF            STX ERASE_CODE_HRR5_2+360
    718  3     CB3A 8E   CCAA            LDX #$ccaa
    719  5+1   CB3D AF   E8 D6           STX -42,S
    720  5+1   CB40 AE   E8 AE           LDX -82,S
    721  6     CB43 BF   CEF5            STX ERASE_CODE_HRR5_2+366
    722  3     CB46 8E   CC2A            LDX #$cc2a
    723  5+1   CB49 AF   E8 AE           STX -82,S
    724  4+1   CB4C A6   E8 87           LDA -121,S
    725  5     CB4F B7   CEFB            STA ERASE_CODE_HRR5_2+372
    726  2     CB52 86   23              LDA #$23
    727  4+1   CB54 A7   E8 87           STA -121,S
    728  4+1   CB57 A6   E8 86           LDA -122,S
    729  5     CB5A B7   CF00            STA ERASE_CODE_HRR5_2+377
    730  2     CB5D 86   F0              LDA  #$F0
    731  4+1   CB5F A4   E8 86           ANDA -122,S
    732  2     CB62 8B   0D              ADDA #$0d
    733  4+1   CB64 A7   E8 86           STA -122,S
    734  4+4   CB67 32   E9 FF60         LEAS -160,S
    735  5+1   CB6B AE   7E              LDX -2,S
    736  6     CB6D BF   CF09            STX ERASE_CODE_HRR5_2+386
    737  3     CB70 8E   DD23            LDX #$dd23
    738  5+1   CB73 AF   7E              STX -2,S
    739  5+1   CB75 AE   E8 D6           LDX -42,S
    740  6     CB78 BF   CF0E            STX ERASE_CODE_HRR5_2+391
    741  3     CB7B 8E   DD2D            LDX #$dd2d
    742  5+1   CB7E AF   E8 D6           STX -42,S
    743  4+1   CB81 A6   E8 D5           LDA -43,S
    744  5     CB84 B7   CF14            STA ERASE_CODE_HRR5_2+397
    745  2     CB87 86   F0              LDA  #$F0
    746  4+1   CB89 A4   E8 D5           ANDA -43,S
    747  2     CB8C 8B   0D              ADDA #$0d
    748  4+1   CB8E A7   E8 D5           STA -43,S
    749  5+1   CB91 AE   E8 AE           LDX -82,S
    750  6     CB94 BF   CF19            STX ERASE_CODE_HRR5_2+402
    751  3     CB97 8E   CCDD            LDX #$ccdd
    752  5+1   CB9A AF   E8 AE           STX -82,S
    753  4+1   CB9D A6   E8 87           LDA -121,S
    754  5     CBA0 B7   CF1F            STA ERASE_CODE_HRR5_2+408
    755  2     CBA3 86   0F              LDA  #$0F
    756  4+1   CBA5 A4   E8 87           ANDA -121,S
    757  2     CBA8 8B   A0              ADDA #$a0
    758  4+1   CBAA A7   E8 87           STA -121,S
    759  4+1   CBAD A6   E8 86           LDA -122,S
    760  5     CBB0 B7   CF24            STA ERASE_CODE_HRR5_2+413
    761  2     CBB3 86   CA              LDA #$ca
    762  4+1   CBB5 A7   E8 86           STA -122,S
    763  4+4   CBB8 32   E9 FF5F         LEAS -161,S
    764  4+1   CBBC A6   7F              LDA -1,S
    765  5     CBBE B7   CF2D            STA ERASE_CODE_HRR5_2+422
    766  2     CBC1 86   AA              LDA #$aa
    767  4+1   CBC3 A7   7F              STA -1,S
    768  4+4   CBC5 32   E9 FE23         LEAS -477,S
    769
    770        CBC9               SSAV_HRR5
    771  4     CBC9 10CE 0000            LDS #$0000
    772  5+5   CBCD 35   C8              PULS DP,U,PC * Ajout du PC au PULS>>
    773
    774        CBCF               DATA_HRR5_2
    775        CBCF               DATA_HRR5_1
    776        CBCF               ERASE_HRR5
    777  5+3   CBCF 34   48              PSHS U,DP
    778  7     CBD1 10FF CF36            STS ERASE_SSAV_HRR5+2
    779
    780        CBD5               ERASE_POS_HRR5_1
    781  4     CBD5 10CE 0000            LDS #$0000
    782  3     CBD9 CE   CF3A            LDU #ERASE_DATA_HRR5_1
    783        CBDC               ERASE_CODE_HRR5_1
    784  4+1   CBDC 32   7E              LEAS -2,S
    785  2     CBDE 86   10              LDA #$10
    786  4+0   CBE0 A7   E4              STA ,S
    787  2     CBE2 86   E0              LDA #$e0
    788  4+1   CBE4 A7   E8 D8           STA -40,S
    789  2     CBE7 86   01              LDA #$01
    790  4+1   CBE9 A7   E8 B0           STA -80,S
    791  2     CBEC 86   9E              LDA #$9e
    792  4+1   CBEE A7   E8 88           STA -120,S
    793  2     CBF1 86   E0              LDA #$e0
    794  4+1   CBF3 A7   E8 85           STA -123,S
    795  4+4   CBF6 32   E9 FF61         LEAS -159,S
    796  2     CBFA 86   90              LDA #$90
    797  4+1   CBFC A7   7F              STA -1,S
    798  2     CBFE 86   10              LDA #$10
    799  4+1   CC00 A7   7C              STA -4,S
    800  2     CC02 86   A0              LDA #$a0
    801  4+1   CC04 A7   E8 D7           STA -41,S
    802  2     CC07 86   09              LDA #$09
    803  4+1   CC09 A7   E8 D6           STA -42,S
    804  2     CC0C 86   1F              LDA #$1f
    805  4+1   CC0E A7   E8 D4           STA -44,S
    806  2     CC11 86   AE              LDA #$ae
    807  4+1   CC13 A7   E8 AF           STA -81,S
    808  2     CC16 86   0D              LDA #$0d
    809  4+1   CC18 A7   E8 AE           STA -82,S
    810  2     CC1B 86   FF              LDA #$ff
    811  4+1   CC1D A7   E8 AC           STA -84,S
    812  2     CC20 86   A1              LDA #$a1
    813  4+1   CC22 A7   E8 87           STA -121,S
    814  2     CC25 86   0D              LDA #$0d
    815  4+1   CC27 A7   E8 86           STA -122,S
    816  2     CC2A 86   FF              LDA #$ff
    817  4+1   CC2C A7   E8 84           STA -124,S
    818  4+4   CC2F 32   E9 FF60         LEAS -160,S
    819  2     CC33 86   A1              LDA #$a1
    820  4+1   CC35 A7   7F              STA -1,S
    821  2     CC37 86   0C              LDA #$0c
    822  4+1   CC39 A7   7E              STA -2,S
    823  2     CC3B 86   FF              LDA #$ff
    824  4+1   CC3D A7   7C              STA -4,S
    825  2     CC3F 86   01              LDA #$01
    826  4+1   CC41 A7   E8 D7           STA -41,S
    827  2     CC44 86   DC              LDA #$dc
    828  4+1   CC46 A7   E8 D6           STA -42,S
    829  2     CC49 86   FF              LDA #$ff
    830  4+1   CC4B A7   E8 D4           STA -44,S
    831  2     CC4E 86   01              LDA #$01
    832  4+1   CC50 A7   E8 AF           STA -81,S
    833  2     CC53 86   D0              LDA #$d0
    834  4+1   CC55 A7   E8 AE           STA -82,S
    835  3     CC58 8E   FBDD            LDX #$fbdd
    836  5+1   CC5B AF   E8 AC           STX -84,S
    837  2     CC5E 86   0F              LDA #$0f
    838  4+1   CC60 A7   E8 87           STA -121,S
    839  2     CC63 86   D0              LDA #$d0
    840  4+1   CC65 A7   E8 86           STA -122,S
    841  3     CC68 8E   1BDC            LDX #$1bdc
    842  5+1   CC6B AF   E8 84           STX -124,S
    843  4+4   CC6E 32   E9 FF5F         LEAS -161,S
    844  2     CC72 86   0F              LDA #$0f
    845  4+0   CC74 A7   E4              STA ,S
    846  2     CC76 86   10              LDA #$10
    847  4+1   CC78 A7   7F              STA -1,S
    848  3     CC7A 8E   AB90            LDX #$ab90
    849  5+1   CC7D AF   7D              STX -3,S
    850  4+1   CC7F 32   E8 D9           LEAS -39,S
    851  2     CC82 86   A1              LDA #$a1
    852  2     CC84 C6   9D              LDB #$9d
    853  3     CC86 8E   119A            LDX #$119a
    854  5+4   CC89 34   16              PSHS X,B,A
    855  4+1   CC8B 32   E8 DC           LEAS -36,S
    856  2     CC8E 86   91              LDA #$91
    857  2     CC90 C6   ED              LDB #$ed
    858  3     CC92 8E   E3AB            LDX #$e3ab
    859  5+4   CC95 34   16              PSHS X,B,A
    860  4+1   CC97 32   E8 DC           LEAS -36,S
    861  2     CC9A 86   9E              LDA #$9e
    862  2     CC9C C6   ED              LDB #$ed
    863  3     CC9E 8E   32BB            LDX #$32bb
    864  5+4   CCA1 34   16              PSHS X,B,A
    865  3     CCA3 8E   2EBB            LDX #$2ebb
    866  5+1   CCA6 AF   E8 DA           STX -38,S
    867  2     CCA9 86   0D              LDA #$0d
    868  4+1   CCAB A7   E8 D9           STA -39,S
    869  2     CCAE 86   00              LDA #$00
    870  4+1   CCB0 A7   E8 D8           STA -40,S
    871  4+1   CCB3 32   E8 B4           LEAS -76,S
    872  2     CCB6 86   99              LDA #$99
    873  2     CCB8 C6   D0              LDB #$d0
    874  3     CCBA 8E   10AA            LDX #$10aa
    875  5+4   CCBD 34   16              PSHS X,B,A
    876  4+1   CCBF 32   E8 DC           LEAS -36,S
    877  2     CCC2 86   AA              LDA #$aa
    878  2     CCC4 C6   DD              LDB #$dd
    879  3     CCC6 8E   0D9B            LDX #$0d9b
    880  5+4   CCC9 34   16              PSHS X,B,A
    881  4+1   CCCB 32   E8 DC           LEAS -36,S
    882  2     CCCE 86   A9              LDA #$a9
    883  2     CCD0 C6   DD              LDB #$dd
    884  3     CCD2 8E   DD2A            LDX #$dd2a
    885  5+4   CCD5 34   16              PSHS X,B,A
    886  4+1   CCD7 32   E8 DC           LEAS -36,S
    887  2     CCDA 86   CD              LDA #$cd
    888  3     CCDC 8E   D322            LDX #$d322
    889  5+3   CCDF 34   12              PSHS X,A
    890  2     CCE1 86   0A              LDA #$0a
    891  4+1   CCE3 A7   7F              STA -1,S
    892  3     CCE5 8E   C322            LDX #$c322
    893  5+1   CCE8 AF   E8 D9           STX -39,S
    894  2     CCEB 86   0C              LDA #$0c
    895  4+1   CCED A7   E8 D8           STA -40,S
    896  3     CCF0 8E   CCB2            LDX #$ccb2
    897  5+1   CCF3 AF   E8 B1           STX -79,S
    898  2     CCF6 86   0C              LDA #$0c
    899  4+1   CCF8 A7   E8 B0           STA -80,S
    900  3     CCFB 8E   CCB9            LDX #$ccb9
    901  5+1   CCFE AF   E8 89           STX -119,S
    902  4+4   CD01 32   E9 FF63         LEAS -157,S
    903  2     CD05 C6   DD              LDB #$dd
    904  3     CD07 8E   CAB9            LDX #$cab9
    905  5+3   CD0A 34   14              PSHS X,B
    906  4+1   CD0C 32   E8 DB           LEAS -37,S
    907  2     CD0F C6   DD              LDB #$dd
    908  3     CD11 8E   CABA            LDX #$caba
    909  5+3   CD14 34   14              PSHS X,B
    910  4+1   CD16 32   E8 DB           LEAS -37,S
    911  2     CD19 C6   DD              LDB #$dd
    912  3     CD1B 8E   CAB0            LDX #$cab0
    913  5+3   CD1E 34   14              PSHS X,B
    914  4+1   CD20 32   E8 DB           LEAS -37,S
    915  2     CD23 86   CD              LDA #$cd
    916  3     CD25 8E   CBBC            LDX #$cbbc
    917  5+3   CD28 34   12              PSHS X,A
    918  4+1   CD2A 32   E8 DB           LEAS -37,S
    919  2     CD2D 86   CC              LDA #$cc
    920  3     CD2F 8E   CABA            LDX #$caba
    921  5+3   CD32 34   12              PSHS X,A
    922  3     CD34 8E   CDDA            LDX #$cdda
    923  5+1   CD37 AF   E8 D9           STX -39,S
    924  2     CD3A 86   0C              LDA #$0c
    925  4+1   CD3C A7   E8 D8           STA -40,S
    926  3     CD3F 8E   CDAA            LDX #$cdaa
    927  5+1   CD42 AF   E8 B1           STX -79,S
    928  3     CD45 8E   CDAA            LDX #$cdaa
    929  5+1   CD48 AF   E8 89           STX -119,S
    930  4+4   CD4B 32   E9 FF63         LEAS -157,S
    931  3     CD4F 8E   CDAA            LDX #$cdaa
    932  5+1   CD52 AF   7E              STX -2,S
    933  2     CD54 86   A0              LDA #$a0
    934  4+1   CD56 A7   E8 D7           STA -41,S
    935  3     CD59 8E   DDCC            LDX #$ddcc
    936  5+1   CD5C AF   E8 D5           STX -43,S
    937  2     CD5F 86   D0              LDA #$d0
    938  4+1   CD61 A7   E8 AF           STA -81,S
    939  3     CD64 8E   CDCA            LDX #$cdca
    940  5+1   CD67 AF   E8 AD           STX -83,S
    941  2     CD6A 86   AA              LDA #$aa
    942  4+1   CD6C A7   E8 86           STA -122,S
    943  2     CD6F 86   0C              LDA #$0c
    944  4+1   CD71 A7   E8 85           STA -123,S
    945  4+4   CD74 32   E9 FF5F         LEAS -161,S
    946  2     CD78 86   AA              LDA #$aa
    947  4+1   CD7A A7   7F              STA -1,S
    948  4+4   CD7C 32   E9 FE45         LEAS -443,S
    949
    950        CD80               ERASE_POS_HRR5_2
    951  4     CD80 10CE 0000            LDS #$0000
    952  3     CD84 CE   CF3A            LDU #ERASE_DATA_HRR5_2
    953        CD87               ERASE_CODE_HRR5_2
    954  4+1   CD87 32   7D              LEAS -3,S
    955  2     CD89 86   0E              LDA #$0e
    956  4+0   CD8B A7   E4              STA ,S
    957  2     CD8D 86   00              LDA #$00
    958  4+1   CD8F A7   E8 D8           STA -40,S
    959  2     CD92 86   0E              LDA #$0e
    960  4+1   CD94 A7   E8 B0           STA -80,S
    961  2     CD97 86   0E              LDA #$0e
    962  4+1   CD99 A7   E8 88           STA -120,S
    963  4+4   CD9C 32   E9 FF61         LEAS -159,S
    964  2     CDA0 86   91              LDA #$91
    965  4+1   CDA2 A7   7F              STA -1,S
    966  2     CDA4 86   10              LDA #$10
    967  4+1   CDA6 A7   E8 D8           STA -40,S
    968  2     CDA9 86   AE              LDA #$ae
    969  4+1   CDAB A7   E8 D7           STA -41,S
    970  2     CDAE 86   E0              LDA #$e0
    971  4+1   CDB0 A7   E8 B0           STA -80,S
    972  2     CDB3 86   A9              LDA #$a9
    973  4+1   CDB5 A7   E8 AF           STA -81,S
    974  2     CDB8 86   0E              LDA #$0e
    975  4+1   CDBA A7   E8 AC           STA -84,S
    976  2     CDBD 86   E0              LDA #$e0
    977  4+1   CDBF A7   E8 88           STA -120,S
    978  2     CDC2 86   AA              LDA #$aa
    979  4+1   CDC4 A7   E8 87           STA -121,S
    980  2     CDC7 86   0E              LDA #$0e
    981  4+1   CDC9 A7   E8 84           STA -124,S
    982  4+4   CDCC 32   E9 FF60         LEAS -160,S
    983  2     CDD0 86   E0              LDA #$e0
    984  4+0   CDD2 A7   E4              STA ,S
    985  2     CDD4 86   0E              LDA #$0e
    986  4+1   CDD6 A7   7C              STA -4,S
    987  2     CDD8 86   E0              LDA #$e0
    988  4+1   CDDA A7   E8 D8           STA -40,S
    989  2     CDDD 86   0E              LDA #$0e
    990  4+1   CDDF A7   E8 D4           STA -44,S
    991  2     CDE2 86   E0              LDA #$e0
    992  4+1   CDE4 A7   E8 B0           STA -80,S
    993  2     CDE7 86   D0              LDA #$d0
    994  4+1   CDE9 A7   E8 AE           STA -82,S
    995  2     CDEC 86   FB              LDA #$fb
    996  4+1   CDEE A7   E8 AD           STA -83,S
    997  2     CDF1 86   0E              LDA #$0e
    998  4+1   CDF3 A7   E8 AC           STA -84,S
    999  2     CDF6 86   E0              LDA #$e0
   1000  4+1   CDF8 A7   E8 88           STA -120,S
   1001  3     CDFB 8E   ADCD            LDX #$adcd
   1002  5+1   CDFE AF   E8 85           STX -123,S
   1003  2     CE01 86   00              LDA #$00
   1004  4+1   CE03 A7   E8 84           STA -124,S
   1005  4+4   CE06 32   E9 FF60         LEAS -160,S
   1006  2     CE0A 86   E0              LDA #$e0
   1007  4+0   CE0C A7   E4              STA ,S
   1008  3     CE0E 8E   ADDC            LDX #$addc
   1009  5+1   CE11 AF   7D              STX -3,S
   1010  2     CE13 86   10              LDA #$10
   1011  4+1   CE15 A7   E8 D8           STA -40,S
   1012  4+1   CE18 32   E8 D8           LEAS -40,S
   1013  2     CE1B 86   A0              LDA #$a0
   1014  3     CE1D 8E   D331            LDX #$d331
   1015  5+3   CE20 34   12              PSHS X,A
   1016  2     CE22 86   A0              LDA #$a0
   1017  4+1   CE24 A7   E8 DB           STA -37,S
   1018  4+1   CE27 32   E8 DB           LEAS -37,S
   1019  2     CE2A 86   EA              LDA #$ea
   1020  3     CE2C 8E   C32A            LDX #$c32a
   1021  5+3   CE2F 34   12              PSHS X,A
   1022  2     CE31 86   B0              LDA #$b0
   1023  4+1   CE33 A7   E8 DB           STA -37,S
   1024  2     CE36 86   0A              LDA #$0a
   1025  4+1   CE38 A7   E8 DA           STA -38,S
   1026  3     CE3B 8E   11C3            LDX #$11c3
   1027  5+1   CE3E AF   E8 D8           STX -40,S
   1028  2     CE41 86   B0              LDA #$b0
   1029  4+1   CE43 A7   E8 B3           STA -77,S
   1030  2     CE46 86   0A              LDA #$0a
   1031  4+1   CE48 A7   E8 B2           STA -78,S
   1032  3     CE4B 8E   EDDE            LDX #$edde
   1033  5+1   CE4E AF   E8 B0           STX -80,S
   1034  2     CE51 86   B0              LDA #$b0
   1035  4+1   CE53 A7   E8 8B           STA -117,S
   1036  4+1   CE56 32   E8 8B           LEAS -117,S
   1037  2     CE59 86   0D              LDA #$0d
   1038  3     CE5B 8E   03DA            LDX #$03da
   1039  5+3   CE5E 34   12              PSHS X,A
   1040  2     CE60 86   B0              LDA #$b0
   1041  4+1   CE62 A7   E8 DB           STA -37,S
   1042  4+1   CE65 32   E8 DB           LEAS -37,S
   1043  2     CE68 86   99              LDA #$99
   1044  3     CE6A 8E   DD13            LDX #$dd13
   1045  5+3   CE6D 34   12              PSHS X,A
   1046  2     CE6F 86   A0              LDA #$a0
   1047  4+1   CE71 A7   E8 DB           STA -37,S
   1048  4+1   CE74 32   E8 DB           LEAS -37,S
   1049  2     CE77 86   09              LDA #$09
   1050  3     CE79 8E   D022            LDX #$d022
   1051  5+3   CE7C 34   12              PSHS X,A
   1052  3     CE7E 8E   DD22            LDX #$dd22
   1053  5+1   CE81 AF   E8 D9           STX -39,S
   1054  2     CE84 86   A0              LDA #$a0
   1055  4+1   CE86 A7   E8 D8           STA -40,S
   1056  2     CE89 86   00              LDA #$00
   1057  4+1   CE8B A7   E8 B3           STA -77,S
   1058  3     CE8E 8E   CD2B            LDX #$cd2b
   1059  5+1   CE91 AF   E8 B1           STX -79,S
   1060  2     CE94 86   90              LDA #$90
   1061  4+1   CE96 A7   E8 8B           STA -117,S
   1062  3     CE99 8E   CC2C            LDX #$cc2c
   1063  5+1   CE9C AF   E8 89           STX -119,S
   1064  4+4   CE9F 32   E9 FF63         LEAS -157,S
   1065  2     CEA3 86   A0              LDA #$a0
   1066  4+0   CEA5 A7   E4              STA ,S
   1067  3     CEA7 8E   DCCA            LDX #$dcca
   1068  5+1   CEAA AF   7E              STX -2,S
   1069  4+1   CEAC 32   E8 D8           LEAS -40,S
   1070  2     CEAF 86   DD              LDA #$dd
   1071  3     CEB1 8E   DCAA            LDX #$dcaa
   1072  5+3   CEB4 34   12              PSHS X,A
   1073  2     CEB6 86   C0              LDA #$c0
   1074  4+1   CEB8 A7   E8 DB           STA -37,S
   1075  3     CEBB 8E   DCAA            LDX #$dcaa
   1076  5+1   CEBE AF   E8 D9           STX -39,S
   1077  2     CEC1 86   0D              LDA #$0d
   1078  4+1   CEC3 A7   E8 D8           STA -40,S
   1079  2     CEC6 86   C0              LDA #$c0
   1080  4+1   CEC8 A7   E8 B3           STA -77,S
   1081  3     CECB 8E   CCAA            LDX #$ccaa
   1082  5+1   CECE AF   E8 B1           STX -79,S
   1083  2     CED1 86   0C              LDA #$0c
   1084  4+1   CED3 A7   E8 B0           STA -80,S
   1085  2     CED6 86   A0              LDA #$a0
   1086  4+1   CED8 A7   E8 8B           STA -117,S
   1087  3     CEDB 8E   CCAC            LDX #$ccac
   1088  5+1   CEDE AF   E8 89           STX -119,S
   1089  4+4   CEE1 32   E9 FF63         LEAS -157,S
   1090  2     CEE5 86   C0              LDA #$c0
   1091  4+0   CEE7 A7   E4              STA ,S
   1092  3     CEE9 8E   CCAC            LDX #$ccac
   1093  5+1   CEEC AF   7E              STX -2,S
   1094  3     CEEE 8E   CCAA            LDX #$ccaa
   1095  5+1   CEF1 AF   E8 D6           STX -42,S
   1096  3     CEF4 8E   CC2A            LDX #$cc2a
   1097  5+1   CEF7 AF   E8 AE           STX -82,S
   1098  2     CEFA 86   23              LDA #$23
   1099  4+1   CEFC A7   E8 87           STA -121,S
   1100  2     CEFF 86   0D              LDA #$0d
   1101  4+1   CF01 A7   E8 86           STA -122,S
   1102  4+4   CF04 32   E9 FF60         LEAS -160,S
   1103  3     CF08 8E   DD23            LDX #$dd23
   1104  5+1   CF0B AF   7E              STX -2,S
   1105  3     CF0D 8E   DD2D            LDX #$dd2d
   1106  5+1   CF10 AF   E8 D6           STX -42,S
   1107  2     CF13 86   0D              LDA #$0d
   1108  4+1   CF15 A7   E8 D5           STA -43,S
   1109  3     CF18 8E   CCDD            LDX #$ccdd
   1110  5+1   CF1B AF   E8 AE           STX -82,S
   1111  2     CF1E 86   A0              LDA #$a0
   1112  4+1   CF20 A7   E8 87           STA -121,S
   1113  2     CF23 86   CA              LDA #$ca
   1114  4+1   CF25 A7   E8 86           STA -122,S
   1115  4+4   CF28 32   E9 FF5F         LEAS -161,S
   1116  2     CF2C 86   AA              LDA #$aa
   1117  4+1   CF2E A7   7F              STA -1,S
   1118  4+4   CF30 32   E9 FE23         LEAS -477,S
   1119
   1120        CF34               ERASE_SSAV_HRR5
   1121  4     CF34 10CE 0000            LDS #$0000
   1122  5+5   CF38 35   C8              PULS DP,U,PC * Ajout du PC au PULS>>
   1123
   1124        CF3A               ERASE_DATA_HRR5_2
   1125        CF3A               ERASE_DATA_HRR5_1

000000 Total Errors

000012 Total Symbols
     1x          Label CBCF DATA_HRR5_1
     1x          Label CBCF DATA_HRR5_2
     0x          Label C3DD DRAW_HRR5
    82x          Label CBDC ERASE_CODE_HRR5_1
    78x          Label CD87 ERASE_CODE_HRR5_2
     1x          Label CF3A ERASE_DATA_HRR5_1
     1x          Label CF3A ERASE_DATA_HRR5_2
     0x          Label CBCF ERASE_HRR5
     1x          Label CBD5 ERASE_POS_HRR5_1
     1x          Label CD80 ERASE_POS_HRR5_2
     1x          Label CF34 ERASE_SSAV_HRR5
     1x          Label CBC9 SSAV_HRR5

