/*--------------------------------------------------------------*
 * Compilé avec C6809 v0.83                                     *
 *--------------------------------------------------------------*
 * Fichier source      : TMP.ASS
 * Fichier destination : TMP.BIN
 * Contenu :
 *     Main     0:TMP.ASS      15434
 *--------------------------------------------------------------*/

Macro Pass
Pass1
Pass2
      2        AA07                      ORG $AA07
      3        AA07               DRAW_HSL0
      4  5+3   AA07 34   48              PSHS U,DP
      5  7     AA09 10FF B093            STS SSAV_HSL0+2
      6
      7  7     AA0D 10FE 9F00            LDS $9F00
      8  7     AA11 10FF B0A0            STS ERASE_POS_HSL0_1+2
      9  3     AA15 CE   B098            LDU #DATA_HSL0_1
     10
     11  4+1   AA18 32   7E              LEAS -2,S
     12  4+1   AA1A A6   7F              LDA -1,S
     13  5     AA1C B7   B0A8            STA ERASE_CODE_HSL0_1+3
     14  2     AA1F 86   FF              LDA #$ff
     15  4+1   AA21 A7   7F              STA -1,S
     16  4+1   AA23 A6   E8 D7           LDA -41,S
     17  5     AA26 B7   B0AC            STA ERASE_CODE_HSL0_1+7
     18  2     AA29 86   CB              LDA #$cb
     19  4+1   AA2B A7   E8 D7           STA -41,S
     20  4+1   AA2E A6   E8 AF           LDA -81,S
     21  5     AA31 B7   B0B1            STA ERASE_CODE_HSL0_1+12
     22  2     AA34 86   C6              LDA #$c6
     23  4+1   AA36 A7   E8 AF           STA -81,S
     24  4+1   AA39 A6   E8 88           LDA -120,S
     25  5     AA3C B7   B0BB            STA ERASE_CODE_HSL0_1+22
     26  2     AA3F 86   0F              LDA  #$0F
     27  4+1   AA41 A4   E8 88           ANDA -120,S
     28  2     AA44 8B   C0              ADDA #$c0
     29  4+1   AA46 A7   E8 88           STA -120,S
     30  4+1   AA49 A6   E8 87           LDA -121,S
     31  5     AA4C B7   B0C0            STA ERASE_CODE_HSL0_1+27
     32  2     AA4F 86   96              LDA #$96
     33  4+1   AA51 A7   E8 87           STA -121,S
     34  4+4   AA54 32   E9 FF60         LEAS -160,S
     35  4+0   AA58 A6   E4              LDA ,S
     36  5     AA5A B7   B0CD            STA ERASE_CODE_HSL0_1+40
     37  2     AA5D 86   0F              LDA  #$0F
     38  4+0   AA5F A4   E4              ANDA ,S
     39  2     AA61 8B   C0              ADDA #$c0
     40  4+0   AA63 A7   E4              STA ,S
     41  4+1   AA65 A6   7F              LDA -1,S
     42  5     AA67 B7   B0D5            STA ERASE_CODE_HSL0_1+48
     43  2     AA6A 86   F0              LDA  #$F0
     44  4+1   AA6C A4   7F              ANDA -1,S
     45  2     AA6E 8B   02              ADDA #$02
     46  4+1   AA70 A7   7F              STA -1,S
     47  4+1   AA72 A6   E8 D8           LDA -40,S
     48  5     AA75 B7   B0DE            STA ERASE_CODE_HSL0_1+57
     49  2     AA78 86   0F              LDA  #$0F
     50  4+1   AA7A A4   E8 D8           ANDA -40,S
     51  2     AA7D 8B   F0              ADDA #$f0
     52  4+1   AA7F A7   E8 D8           STA -40,S
     53  4+1   AA82 A6   E8 D7           LDA -41,S
     54  5     AA85 B7   B0E8            STA ERASE_CODE_HSL0_1+67
     55  2     AA88 86   F0              LDA  #$F0
     56  4+1   AA8A A4   E8 D7           ANDA -41,S
     57  2     AA8D 8B   0B              ADDA #$0b
     58  4+1   AA8F A7   E8 D7           STA -41,S
     59  4+1   AA92 A6   E8 D6           LDA -42,S
     60  5     AA95 B7   B0ED            STA ERASE_CODE_HSL0_1+72
     61  2     AA98 86   FF              LDA #$ff
     62  4+1   AA9A A7   E8 D6           STA -42,S
     63  4+1   AA9D A6   E8 B0           LDA -80,S
     64  5     AAA0 B7   B0F7            STA ERASE_CODE_HSL0_1+82
     65  2     AAA3 86   0F              LDA  #$0F
     66  4+1   AAA5 A4   E8 B0           ANDA -80,S
     67  2     AAA8 8B   F0              ADDA #$f0
     68  4+1   AAAA A7   E8 B0           STA -80,S
     69  4+1   AAAD A6   E8 AF           LDA -81,S
     70  5     AAB0 B7   B101            STA ERASE_CODE_HSL0_1+92
     71  2     AAB3 86   F0              LDA  #$F0
     72  4+1   AAB5 A4   E8 AF           ANDA -81,S
     73  2     AAB8 8B   0B              ADDA #$0b
     74  4+1   AABA A7   E8 AF           STA -81,S
     75  4+1   AABD A6   E8 AE           LDA -82,S
     76  5     AAC0 B7   B106            STA ERASE_CODE_HSL0_1+97
     77  2     AAC3 86   99              LDA #$99
     78  4+1   AAC5 A7   E8 AE           STA -82,S
     79  4+1   AAC8 A6   E8 88           LDA -120,S
     80  5     AACB B7   B110            STA ERASE_CODE_HSL0_1+107
     81  2     AACE 86   0F              LDA  #$0F
     82  4+1   AAD0 A4   E8 88           ANDA -120,S
     83  2     AAD3 8B   C0              ADDA #$c0
     84  4+1   AAD5 A7   E8 88           STA -120,S
     85  5+1   AAD8 AE   E8 86           LDX -122,S
     86  6     AADB BF   B115            STX ERASE_CODE_HSL0_1+112
     87  3     AADE 8E   39F6            LDX #$39f6
     88  5+1   AAE1 AF   E8 86           STX -122,S
     89  4+4   AAE4 32   E9 FF60         LEAS -160,S
     90  4+0   AAE8 A6   E4              LDA ,S
     91  5     AAEA B7   B123            STA ERASE_CODE_HSL0_1+126
     92  2     AAED 86   0F              LDA  #$0F
     93  4+0   AAEF A4   E4              ANDA ,S
     94  2     AAF1 8B   B0              ADDA #$b0
     95  4+0   AAF3 A7   E4              STA ,S
     96  5+1   AAF5 AE   7E              LDX -2,S
     97  6     AAF7 BF   B127            STX ERASE_CODE_HSL0_1+130
     98  3     AAFA 8E   99FF            LDX #$99ff
     99  5+1   AAFD AF   7E              STX -2,S
    100  4+1   AAFF A6   E8 D8           LDA -40,S
    101  5     AB02 B7   B131            STA ERASE_CODE_HSL0_1+140
    102  2     AB05 86   0F              LDA  #$0F
    103  4+1   AB07 A4   E8 D8           ANDA -40,S
    104  2     AB0A 8B   20              ADDA #$20
    105  4+1   AB0C A7   E8 D8           STA -40,S
    106  4+1   AB0F A6   E8 D7           LDA -41,S
    107  5     AB12 B7   B136            STA ERASE_CODE_HSL0_1+145
    108  2     AB15 86   CF              LDA #$cf
    109  4+1   AB17 A7   E8 D7           STA -41,S
    110  4+1   AB1A A6   E8 D6           LDA -42,S
    111  5     AB1D B7   B140            STA ERASE_CODE_HSL0_1+155
    112  2     AB20 86   F0              LDA  #$F0
    113  4+1   AB22 A4   E8 D6           ANDA -42,S
    114  2     AB25 8B   00              ADDA #$00
    115  4+1   AB27 A7   E8 D6           STA -42,S
    116  5+1   AB2A AE   E8 AF           LDX -81,S
    117  6     AB2D BF   B145            STX ERASE_CODE_HSL0_1+160
    118  3     AB30 8E   CF06            LDX #$cf06
    119  5+1   AB33 AF   E8 AF           STX -81,S
    120  5+1   AB36 AE   E8 87           LDX -121,S
    121  6     AB39 BF   B14B            STX ERASE_CODE_HSL0_1+166
    122  3     AB3C 8E   FF0B            LDX #$ff0b
    123  5+1   AB3F AF   E8 87           STX -121,S
    124  4+4   AB42 32   E9 FF61         LEAS -159,S
    125  5+1   AB46 AE   7E              LDX -2,S
    126  6     AB48 BF   B155            STX ERASE_CODE_HSL0_1+176
    127  3     AB4B 8E   0F0B            LDX #$0f0b
    128  5+1   AB4E AF   7E              STX -2,S
    129  5+1   AB50 AE   E8 D6           LDX -42,S
    130  6     AB53 BF   B15A            STX ERASE_CODE_HSL0_1+181
    131  3     AB56 8E   6622            LDX #$6622
    132  5+1   AB59 AF   E8 D6           STX -42,S
    133  4+1   AB5C A6   E8 D4           LDA -44,S
    134  5     AB5F B7   B165            STA ERASE_CODE_HSL0_1+192
    135  2     AB62 86   F0              LDA  #$F0
    136  4+1   AB64 A4   E8 D4           ANDA -44,S
    137  2     AB67 8B   02              ADDA #$02
    138  4+1   AB69 A7   E8 D4           STA -44,S
    139  4+1   AB6C A6   E8 AF           LDA -81,S
    140  5     AB6F B7   B16F            STA ERASE_CODE_HSL0_1+202
    141  2     AB72 86   0F              LDA  #$0F
    142  4+1   AB74 A4   E8 AF           ANDA -81,S
    143  2     AB77 8B   00              ADDA #$00
    144  4+1   AB79 A7   E8 AF           STA -81,S
    145  4+1   AB7C A6   E8 AE           LDA -82,S
    146  5     AB7F B7   B174            STA ERASE_CODE_HSL0_1+207
    147  2     AB82 86   0F              LDA #$0f
    148  4+1   AB84 A7   E8 AE           STA -82,S
    149  4+1   AB87 A6   E8 AC           LDA -84,S
    150  5     AB8A B7   B17E            STA ERASE_CODE_HSL0_1+217
    151  2     AB8D 86   F0              LDA  #$F0
    152  4+1   AB8F A4   E8 AC           ANDA -84,S
    153  2     AB92 8B   06              ADDA #$06
    154  4+1   AB94 A7   E8 AC           STA -84,S
    155  4+1   AB97 A6   E8 87           LDA -121,S
    156  5     AB9A B7   B188            STA ERASE_CODE_HSL0_1+227
    157  2     AB9D 86   0F              LDA  #$0F
    158  4+1   AB9F A4   E8 87           ANDA -121,S
    159  2     ABA2 8B   80              ADDA #$80
    160  4+1   ABA4 A7   E8 87           STA -121,S
    161  4+1   ABA7 A6   E8 86           LDA -122,S
    162  5     ABAA B7   B18D            STA ERASE_CODE_HSL0_1+232
    163  2     ABAD 86   FE              LDA #$fe
    164  4+1   ABAF A7   E8 86           STA -122,S
    165  4+1   ABB2 A6   E8 84           LDA -124,S
    166  5     ABB5 B7   B197            STA ERASE_CODE_HSL0_1+242
    167  2     ABB8 86   F0              LDA  #$F0
    168  4+1   ABBA A4   E8 84           ANDA -124,S
    169  2     ABBD 8B   00              ADDA #$00
    170  4+1   ABBF A7   E8 84           STA -124,S
    171  4+4   ABC2 32   E9 FF5F         LEAS -161,S
    172  4+0   ABC6 A6   E4              LDA ,S
    173  5     ABC8 B7   B1A4            STA ERASE_CODE_HSL0_1+255
    174  2     ABCB 86   0F              LDA  #$0F
    175  4+0   ABCD A4   E4              ANDA ,S
    176  2     ABCF 8B   30              ADDA #$30
    177  4+0   ABD1 A7   E4              STA ,S
    178  4+1   ABD3 A6   7F              LDA -1,S
    179  5     ABD5 B7   B1A8            STA ERASE_CODE_HSL0_1+259
    180  2     ABD8 86   DE              LDA #$de
    181  4+1   ABDA A7   7F              STA -1,S
    182  4+1   ABDC A6   7E              LDA -2,S
    183  5     ABDE B7   B1B0            STA ERASE_CODE_HSL0_1+267
    184  2     ABE1 86   0F              LDA  #$0F
    185  4+1   ABE3 A4   7E              ANDA -2,S
    186  2     ABE5 8B   F0              ADDA #$f0
    187  4+1   ABE7 A7   7E              STA -2,S
    188  4+1   ABE9 A6   7D              LDA -3,S
    189  5     ABEB B7   B1B8            STA ERASE_CODE_HSL0_1+275
    190  2     ABEE 86   F0              LDA  #$F0
    191  4+1   ABF0 A4   7D              ANDA -3,S
    192  2     ABF2 8B   00              ADDA #$00
    193  4+1   ABF4 A7   7D              STA -3,S
    194  5+1   ABF6 AE   E8 D6           LDX -42,S
    195  6     ABF9 BF   B1BC            STX ERASE_CODE_HSL0_1+279
    196  3     ABFC 8E   FC8C            LDX #$fc8c
    197  5+1   ABFF AF   E8 D6           STX -42,S
    198  5+1   AC02 AE   E8 AE           LDX -82,S
    199  6     AC05 BF   B1C2            STX ERASE_CODE_HSL0_1+285
    200  3     AC08 8E   C8FE            LDX #$c8fe
    201  5+1   AC0B AF   E8 AE           STX -82,S
    202  4+1   AC0E 32   E8 86           LEAS -122,S
    203  5+3   AC11 35   12              PULS A,X
    204  5     AC13 B7   B1CB            STA ERASE_CODE_HSL0_1+294
    205  6     AC16 BF   B1CD            STX ERASE_CODE_HSL0_1+296
    206  2     AC19 86   53              LDA #$53
    207  3     AC1B 8E   EEED            LDX #$eeed
    208  5+3   AC1E 34   12              PSHS X,A
    209  4+1   AC20 32   E8 D8           LEAS -40,S
    210  5+3   AC23 35   12              PULS A,X
    211  5     AC25 B7   B1D5            STA ERASE_CODE_HSL0_1+304
    212  6     AC28 BF   B1D7            STX ERASE_CODE_HSL0_1+306
    213  2     AC2B 86   83              LDA #$83
    214  3     AC2D 8E   EFDA            LDX #$efda
    215  5+3   AC30 34   12              PSHS X,A
    216  4+1   AC32 A6   E8 DA           LDA -38,S
    217  5     AC35 B7   B1E1            STA ERASE_CODE_HSL0_1+316
    218  2     AC38 86   0F              LDA  #$0F
    219  4+1   AC3A A4   E8 DA           ANDA -38,S
    220  2     AC3D 8B   A0              ADDA #$a0
    221  4+1   AC3F A7   E8 DA           STA -38,S
    222  5+1   AC42 AE   E8 D8           LDX -40,S
    223  6     AC45 BF   B1E6            STX ERASE_CODE_HSL0_1+321
    224  3     AC48 8E   10DE            LDX #$10de
    225  5+1   AC4B AF   E8 D8           STX -40,S
    226  5+1   AC4E AE   E8 B0           LDX -80,S
    227  6     AC51 BF   B1EC            STX ERASE_CODE_HSL0_1+327
    228  3     AC54 8E   00AE            LDX #$00ae
    229  5+1   AC57 AF   E8 B0           STX -80,S
    230  5+1   AC5A AE   E8 88           LDX -120,S
    231  6     AC5D BF   B1F2            STX ERASE_CODE_HSL0_1+333
    232  3     AC60 8E   B0AD            LDX #$b0ad
    233  5+1   AC63 AF   E8 88           STX -120,S
    234  4+4   AC66 32   E9 FF62         LEAS -158,S
    235  5+1   AC6A AE   7E              LDX -2,S
    236  6     AC6C BF   B1FC            STX ERASE_CODE_HSL0_1+343
    237  3     AC6F 8E   F0AD            LDX #$f0ad
    238  5+1   AC72 AF   7E              STX -2,S
    239  5+1   AC74 AE   E8 D6           LDX -42,S
    240  6     AC77 BF   B201            STX ERASE_CODE_HSL0_1+348
    241  3     AC7A 8E   F07A            LDX #$f07a
    242  5+1   AC7D AF   E8 D6           STX -42,S
    243  4+1   AC80 32   E8 AE           LEAS -82,S
    244  5+3   AC83 35   12              PULS A,X
    245  5     AC85 B7   B20A            STA ERASE_CODE_HSL0_1+357
    246  6     AC88 BF   B20C            STX ERASE_CODE_HSL0_1+359
    247  2     AC8B 86   F0              LDA #$f0
    248  3     AC8D 8E   7ADE            LDX #$7ade
    249  5+3   AC90 34   12              PSHS X,A
    250  4+1   AC92 32   E8 D8           LEAS -40,S
    251  5+3   AC95 35   12              PULS A,X
    252  5     AC97 B7   B214            STA ERASE_CODE_HSL0_1+367
    253  6     AC9A BF   B216            STX ERASE_CODE_HSL0_1+369
    254  2     AC9D 86   00              LDA #$00
    255  3     AC9F 8E   7AEA            LDX #$7aea
    256  5+3   ACA2 34   12              PSHS X,A
    257  4+1   ACA4 A6   E8 DA           LDA -38,S
    258  5     ACA7 B7   B220            STA ERASE_CODE_HSL0_1+379
    259  2     ACAA 86   0F              LDA  #$0F
    260  4+1   ACAC A4   E8 DA           ANDA -38,S
    261  2     ACAF 8B   A0              ADDA #$a0
    262  4+1   ACB1 A7   E8 DA           STA -38,S
    263  5+1   ACB4 AE   E8 D8           LDX -40,S
    264  6     ACB7 BF   B225            STX ERASE_CODE_HSL0_1+384
    265  3     ACBA 8E   407A            LDX #$407a
    266  5+1   ACBD AF   E8 D8           STX -40,S
    267  5+1   ACC0 AE   E8 B0           LDX -80,S
    268  6     ACC3 BF   B22B            STX ERASE_CODE_HSL0_1+390
    269  3     ACC6 8E   7DDA            LDX #$7dda
    270  5+1   ACC9 AF   E8 B0           STX -80,S
    271  5+1   ACCC AE   E8 88           LDX -120,S
    272  6     ACCF BF   B231            STX ERASE_CODE_HSL0_1+396
    273  3     ACD2 8E   445A            LDX #$445a
    274  5+1   ACD5 AF   E8 88           STX -120,S
    275  4+4   ACD8 32   E9 FF62         LEAS -158,S
    276  5+1   ACDC AE   7E              LDX -2,S
    277  6     ACDE BF   B23B            STX ERASE_CODE_HSL0_1+406
    278  3     ACE1 8E   443A            LDX #$443a
    279  5+1   ACE4 AF   7E              STX -2,S
    280  5+1   ACE6 AE   E8 D6           LDX -42,S
    281  6     ACE9 BF   B240            STX ERASE_CODE_HSL0_1+411
    282  3     ACEC 8E   745D            LDX #$745d
    283  5+1   ACEF AF   E8 D6           STX -42,S
    284  5+1   ACF2 AE   E8 AE           LDX -82,S
    285  6     ACF5 BF   B246            STX ERASE_CODE_HSL0_1+417
    286  3     ACF8 8E   A7EA            LDX #$a7ea
    287  5+1   ACFB AF   E8 AE           STX -82,S
    288  4+1   ACFE A6   E8 87           LDA -121,S
    289  5     AD01 B7   B24C            STA ERASE_CODE_HSL0_1+423
    290  2     AD04 86   EA              LDA #$ea
    291  4+1   AD06 A7   E8 87           STA -121,S
    292  4+1   AD09 A6   E8 86           LDA -122,S
    293  5     AD0C B7   B256            STA ERASE_CODE_HSL0_1+433
    294  2     AD0F 86   F0              LDA  #$F0
    295  4+1   AD11 A4   E8 86           ANDA -122,S
    296  2     AD14 8B   0A              ADDA #$0a
    297  4+1   AD16 A7   E8 86           STA -122,S
    298  4+4   AD19 32   E9 FF60         LEAS -160,S
    299  4+0   AD1D A6   E4              LDA ,S
    300  5     AD1F B7   B263            STA ERASE_CODE_HSL0_1+446
    301  2     AD22 86   0F              LDA  #$0F
    302  4+0   AD24 A4   E4              ANDA ,S
    303  2     AD26 8B   D0              ADDA #$d0
    304  4+0   AD28 A7   E4              STA ,S
    305  4+1   AD2A A6   7F              LDA -1,S
    306  5     AD2C B7   B267            STA ERASE_CODE_HSL0_1+450
    307  2     AD2F 86   77              LDA #$77
    308  4+1   AD31 A7   7F              STA -1,S
    309  4+1   AD33 A6   E8 D7           LDA -41,S
    310  5     AD36 B7   B26B            STA ERASE_CODE_HSL0_1+454
    311  2     AD39 86   AA              LDA #$aa
    312  4+1   AD3B A7   E8 D7           STA -41,S
    313
    314  7     AD3E 10FE 9F02            LDS $9F00+2
    315  7     AD42 10FF B271            STS ERASE_POS_HSL0_2+2
    316  3     AD46 CE   B098            LDU #DATA_HSL0_2
    317
    318  4+1   AD49 32   7E              LEAS -2,S
    319  4+1   AD4B A6   7F              LDA -1,S
    320  5     AD4D B7   B279            STA ERASE_CODE_HSL0_2+3
    321  2     AD50 86   FF              LDA #$ff
    322  4+1   AD52 A7   7F              STA -1,S
    323  4+1   AD54 A6   7E              LDA -2,S
    324  5     AD56 B7   B281            STA ERASE_CODE_HSL0_2+11
    325  2     AD59 86   F0              LDA  #$F0
    326  4+1   AD5B A4   7E              ANDA -2,S
    327  2     AD5D 8B   0F              ADDA #$0f
    328  4+1   AD5F A7   7E              STA -2,S
    329  4+1   AD61 A6   E8 D7           LDA -41,S
    330  5     AD64 B7   B285            STA ERASE_CODE_HSL0_2+15
    331  2     AD67 86   FF              LDA #$ff
    332  4+1   AD69 A7   E8 D7           STA -41,S
    333  4+1   AD6C A6   E8 D6           LDA -42,S
    334  5     AD6F B7   B28F            STA ERASE_CODE_HSL0_2+25
    335  2     AD72 86   F0              LDA  #$F0
    336  4+1   AD74 A4   E8 D6           ANDA -42,S
    337  2     AD77 8B   09              ADDA #$09
    338  4+1   AD79 A7   E8 D6           STA -42,S
    339  4+1   AD7C A6   E8 AF           LDA -81,S
    340  5     AD7F B7   B294            STA ERASE_CODE_HSL0_2+30
    341  2     AD82 86   FF              LDA #$ff
    342  4+1   AD84 A7   E8 AF           STA -81,S
    343  4+1   AD87 A6   E8 87           LDA -121,S
    344  5     AD8A B7   B299            STA ERASE_CODE_HSL0_2+35
    345  2     AD8D 86   CF              LDA #$cf
    346  4+1   AD8F A7   E8 87           STA -121,S
    347  4+4   AD92 32   E9 FF60         LEAS -160,S
    348  4+1   AD96 A6   7F              LDA -1,S
    349  5     AD98 B7   B2A2            STA ERASE_CODE_HSL0_2+44
    350  2     AD9B 86   CF              LDA #$cf
    351  4+1   AD9D A7   7F              STA -1,S
    352  4+1   AD9F A6   E8 D7           LDA -41,S
    353  5     ADA2 B7   B2A6            STA ERASE_CODE_HSL0_2+48
    354  2     ADA5 86   CF              LDA #$cf
    355  4+1   ADA7 A7   E8 D7           STA -41,S
    356  4+1   ADAA A6   E8 D5           LDA -43,S
    357  5     ADAD B7   B2B0            STA ERASE_CODE_HSL0_2+58
    358  2     ADB0 86   F0              LDA  #$F0
    359  4+1   ADB2 A4   E8 D5           ANDA -43,S
    360  2     ADB5 8B   0C              ADDA #$0c
    361  4+1   ADB7 A7   E8 D5           STA -43,S
    362  4+1   ADBA A6   E8 AF           LDA -81,S
    363  5     ADBD B7   B2B5            STA ERASE_CODE_HSL0_2+63
    364  2     ADC0 86   CF              LDA #$cf
    365  4+1   ADC2 A7   E8 AF           STA -81,S
    366  4+1   ADC5 A6   E8 AE           LDA -82,S
    367  5     ADC8 B7   B2BF            STA ERASE_CODE_HSL0_2+73
    368  2     ADCB 86   0F              LDA  #$0F
    369  4+1   ADCD A4   E8 AE           ANDA -82,S
    370  2     ADD0 8B   F0              ADDA #$f0
    371  4+1   ADD2 A7   E8 AE           STA -82,S
    372  4+1   ADD5 A6   E8 AD           LDA -83,S
    373  5     ADD8 B7   B2C9            STA ERASE_CODE_HSL0_2+83
    374  2     ADDB 86   F0              LDA  #$F0
    375  4+1   ADDD A4   E8 AD           ANDA -83,S
    376  2     ADE0 8B   09              ADDA #$09
    377  4+1   ADE2 A7   E8 AD           STA -83,S
    378  5+1   ADE5 AE   E8 86           LDX -122,S
    379  6     ADE8 BF   B2CE            STX ERASE_CODE_HSL0_2+88
    380  3     ADEB 8E   9BCC            LDX #$9bcc
    381  5+1   ADEE AF   E8 86           STX -122,S
    382  4+4   ADF1 32   E9 FF60         LEAS -160,S
    383  5+1   ADF5 AE   7E              LDX -2,S
    384  6     ADF7 BF   B2D8            STX ERASE_CODE_HSL0_2+98
    385  3     ADFA 8E   26C6            LDX #$26c6
    386  5+1   ADFD AF   7E              STX -2,S
    387  5+1   ADFF AE   E8 D6           LDX -42,S
    388  6     AE02 BF   B2DD            STX ERASE_CODE_HSL0_2+103
    389  3     AE05 8E   0CB2            LDX #$0cb2
    390  5+1   AE08 AF   E8 D6           STX -42,S
    391  5+1   AE0B AE   E8 AE           LDX -82,S
    392  6     AE0E BF   B2E3            STX ERASE_CODE_HSL0_2+109
    393  3     AE11 8E   0960            LDX #$0960
    394  5+1   AE14 AF   E8 AE           STX -82,S
    395  5+1   AE17 AE   E8 86           LDX -122,S
    396  6     AE1A BF   B2E9            STX ERASE_CODE_HSL0_2+115
    397  3     AE1D 8E   9260            LDX #$9260
    398  5+1   AE20 AF   E8 86           STX -122,S
    399  4+4   AE23 32   E9 FF60         LEAS -160,S
    400  4+1   AE27 A6   7F              LDA -1,S
    401  5     AE29 B7   B2F3            STA ERASE_CODE_HSL0_2+125
    402  2     AE2C 86   66              LDA #$66
    403  4+1   AE2E A7   7F              STA -1,S
    404  4+1   AE30 A6   7E              LDA -2,S
    405  5     AE32 B7   B2FB            STA ERASE_CODE_HSL0_2+133
    406  2     AE35 86   F0              LDA  #$F0
    407  4+1   AE37 A4   7E              ANDA -2,S
    408  2     AE39 8B   00              ADDA #$00
    409  4+1   AE3B A7   7E              STA -2,S
    410  4+1   AE3D A6   E8 D7           LDA -41,S
    411  5     AE40 B7   B2FF            STA ERASE_CODE_HSL0_2+137
    412  2     AE43 86   D0              LDA #$d0
    413  4+1   AE45 A7   E8 D7           STA -41,S
    414  4+1   AE48 A6   E8 D6           LDA -42,S
    415  5     AE4B B7   B309            STA ERASE_CODE_HSL0_2+147
    416  2     AE4E 86   F0              LDA  #$F0
    417  4+1   AE50 A4   E8 D6           ANDA -42,S
    418  2     AE53 8B   00              ADDA #$00
    419  4+1   AE55 A7   E8 D6           STA -42,S
    420  4+1   AE58 A6   E8 D5           LDA -43,S
    421  5     AE5B B7   B30E            STA ERASE_CODE_HSL0_2+152
    422  2     AE5E 86   B6              LDA #$b6
    423  4+1   AE60 A7   E8 D5           STA -43,S
    424  4+1   AE63 A6   E8 AF           LDA -81,S
    425  5     AE66 B7   B313            STA ERASE_CODE_HSL0_2+157
    426  2     AE69 86   ED              LDA #$ed
    427  4+1   AE6B A7   E8 AF           STA -81,S
    428  4+1   AE6E A6   E8 AE           LDA -82,S
    429  5     AE71 B7   B31D            STA ERASE_CODE_HSL0_2+167
    430  2     AE74 86   F0              LDA  #$F0
    431  4+1   AE76 A4   E8 AE           ANDA -82,S
    432  2     AE79 8B   0A              ADDA #$0a
    433  4+1   AE7B A7   E8 AE           STA -82,S
    434  4+1   AE7E A6   E8 AD           LDA -83,S
    435  5     AE81 B7   B322            STA ERASE_CODE_HSL0_2+172
    436  2     AE84 86   62              LDA #$62
    437  4+1   AE86 A7   E8 AD           STA -83,S
    438  4+1   AE89 A6   E8 87           LDA -121,S
    439  5     AE8C B7   B327            STA ERASE_CODE_HSL0_2+177
    440  2     AE8F 86   EA              LDA #$ea
    441  4+1   AE91 A7   E8 87           STA -121,S
    442  4+1   AE94 A6   E8 86           LDA -122,S
    443  5     AE97 B7   B331            STA ERASE_CODE_HSL0_2+187
    444  2     AE9A 86   F0              LDA  #$F0
    445  4+1   AE9C A4   E8 86           ANDA -122,S
    446  2     AE9F 8B   0A              ADDA #$0a
    447  4+1   AEA1 A7   E8 86           STA -122,S
    448  4+1   AEA4 A6   E8 85           LDA -123,S
    449  5     AEA7 B7   B336            STA ERASE_CODE_HSL0_2+192
    450  2     AEAA 86   F6              LDA #$f6
    451  4+1   AEAC A7   E8 85           STA -123,S
    452  4+4   AEAF 32   E9 FF60         LEAS -160,S
    453  4+1   AEB3 32   7D              LEAS -3,S
    454  5+3   AEB5 35   12              PULS A,X
    455  5     AEB7 B7   B33F            STA ERASE_CODE_HSL0_2+201
    456  6     AEBA BF   B341            STX ERASE_CODE_HSL0_2+203
    457  2     AEBD 86   BB              LDA #$bb
    458  3     AEBF 8E   F1C8            LDX #$f1c8
    459  5+3   AEC2 34   12              PSHS X,A
    460  4+1   AEC4 32   E8 D8           LEAS -40,S
    461  5+3   AEC7 35   12              PULS A,X
    462  5     AEC9 B7   B349            STA ERASE_CODE_HSL0_2+211
    463  6     AECC BF   B34B            STX ERASE_CODE_HSL0_2+213
    464  2     AECF 86   6F              LDA #$6f
    465  3     AED1 8E   FF33            LDX #$ff33
    466  5+3   AED4 34   12              PSHS X,A
    467  4+1   AED6 32   E8 D8           LEAS -40,S
    468  5+3   AED9 35   12              PULS A,X
    469  5     AEDB B7   B353            STA ERASE_CODE_HSL0_2+221
    470  6     AEDE BF   B355            STX ERASE_CODE_HSL0_2+223
    471  2     AEE1 86   2B              LDA #$2b
    472  3     AEE3 8E   8EED            LDX #$8eed
    473  5+3   AEE6 34   12              PSHS X,A
    474  5+1   AEE8 AE   E8 D9           LDX -39,S
    475  6     AEEB BF   B35A            STX ERASE_CODE_HSL0_2+228
    476  3     AEEE 8E   38EE            LDX #$38ee
    477  5+1   AEF1 AF   E8 D9           STX -39,S
    478  4+1   AEF4 A6   E8 D8           LDA -40,S
    479  5     AEF7 B7   B365            STA ERASE_CODE_HSL0_2+239
    480  2     AEFA 86   F0              LDA  #$F0
    481  4+1   AEFC A4   E8 D8           ANDA -40,S
    482  2     AEFF 8B   0C              ADDA #$0c
    483  4+1   AF01 A7   E8 D8           STA -40,S
    484  5+1   AF04 AE   E8 B1           LDX -79,S
    485  6     AF07 BF   B36A            STX ERASE_CODE_HSL0_2+244
    486  3     AF0A 8E   35EE            LDX #$35ee
    487  5+1   AF0D AF   E8 B1           STX -79,S
    488  4+1   AF10 A6   E8 B0           LDA -80,S
    489  5     AF13 B7   B375            STA ERASE_CODE_HSL0_2+255
    490  2     AF16 86   F0              LDA  #$F0
    491  4+1   AF18 A4   E8 B0           ANDA -80,S
    492  2     AF1B 8B   08              ADDA #$08
    493  4+1   AF1D A7   E8 B0           STA -80,S
    494  4+1   AF20 32   E8 88           LEAS -120,S
    495  5+3   AF23 35   12              PULS A,X
    496  5     AF25 B7   B37D            STA ERASE_CODE_HSL0_2+263
    497  6     AF28 BF   B37F            STX ERASE_CODE_HSL0_2+265
    498  2     AF2B 86   FF              LDA #$ff
    499  3     AF2D 8E   31DD            LDX #$31dd
    500  5+3   AF30 34   12              PSHS X,A
    501  4+1   AF32 32   E8 D8           LEAS -40,S
    502  5+3   AF35 35   12              PULS A,X
    503  5     AF37 B7   B387            STA ERASE_CODE_HSL0_2+273
    504  6     AF3A BF   B389            STX ERASE_CODE_HSL0_2+275
    505  2     AF3D 86   F6              LDA #$f6
    506  3     AF3F 8E   05AA            LDX #$05aa
    507  5+3   AF42 34   12              PSHS X,A
    508  4+1   AF44 A6   E8 DA           LDA -38,S
    509  5     AF47 B7   B393            STA ERASE_CODE_HSL0_2+285
    510  2     AF4A 86   0F              LDA  #$0F
    511  4+1   AF4C A4   E8 DA           ANDA -38,S
    512  2     AF4F 8B   D0              ADDA #$d0
    513  4+1   AF51 A7   E8 DA           STA -38,S
    514  5+1   AF54 AE   E8 D8           LDX -40,S
    515  6     AF57 BF   B398            STX ERASE_CODE_HSL0_2+290
    516  3     AF5A 8E   D27A            LDX #$d27a
    517  5+1   AF5D AF   E8 D8           STX -40,S
    518  4+1   AF60 A6   E8 B2           LDA -78,S
    519  5     AF63 B7   B3A3            STA ERASE_CODE_HSL0_2+301
    520  2     AF66 86   0F              LDA  #$0F
    521  4+1   AF68 A4   E8 B2           ANDA -78,S
    522  2     AF6B 8B   F0              ADDA #$f0
    523  4+1   AF6D A7   E8 B2           STA -78,S
    524  5+1   AF70 AE   E8 B0           LDX -80,S
    525  6     AF73 BF   B3A8            STX ERASE_CODE_HSL0_2+306
    526  3     AF76 8E   6247            LDX #$6247
    527  5+1   AF79 AF   E8 B0           STX -80,S
    528  4+1   AF7C 32   E8 88           LEAS -120,S
    529  5+3   AF7F 35   12              PULS A,X
    530  5     AF81 B7   B3B1            STA ERASE_CODE_HSL0_2+315
    531  6     AF84 BF   B3B3            STX ERASE_CODE_HSL0_2+317
    532  2     AF87 86   22              LDA #$22
    533  3     AF89 8E   27FD            LDX #$27fd
    534  5+3   AF8C 34   12              PSHS X,A
    535  4+1   AF8E 32   E8 D8           LEAS -40,S
    536  5+3   AF91 35   12              PULS A,X
    537  5     AF93 B7   B3BB            STA ERASE_CODE_HSL0_2+325
    538  6     AF96 BF   B3BD            STX ERASE_CODE_HSL0_2+327
    539  2     AF99 86   24              LDA #$24
    540  3     AF9B 8E   27EE            LDX #$27ee
    541  5+3   AF9E 34   12              PSHS X,A
    542  4+1   AFA0 32   E8 D8           LEAS -40,S
    543  5+3   AFA3 35   12              PULS A,X
    544  5     AFA5 B7   B3C5            STA ERASE_CODE_HSL0_2+335
    545  6     AFA8 BF   B3C7            STX ERASE_CODE_HSL0_2+337
    546  2     AFAB 86   67              LDA #$67
    547  3     AFAD 8E   24EE            LDX #$24ee
    548  5+3   AFB0 34   12              PSHS X,A
    549  4+1   AFB2 32   E8 D8           LEAS -40,S
    550  5+3   AFB5 35   12              PULS A,X
    551  5     AFB7 B7   B3CF            STA ERASE_CODE_HSL0_2+345
    552  6     AFBA BF   B3D1            STX ERASE_CODE_HSL0_2+347
    553  2     AFBD 86   A7              LDA #$a7
    554  3     AFBF 8E   70ED            LDX #$70ed
    555  5+3   AFC2 34   12              PSHS X,A
    556  4+1   AFC4 32   E8 D8           LEAS -40,S
    557  5+3   AFC7 35   12              PULS A,X
    558  5     AFC9 B7   B3D9            STA ERASE_CODE_HSL0_2+355
    559  6     AFCC BF   B3DB            STX ERASE_CODE_HSL0_2+357
    560  2     AFCF 86   A7              LDA #$a7
    561  3     AFD1 8E   44AA            LDX #$44aa
    562  5+3   AFD4 34   12              PSHS X,A
    563  4+1   AFD6 A6   E8 DA           LDA -38,S
    564  5     AFD9 B7   B3E5            STA ERASE_CODE_HSL0_2+367
    565  2     AFDC 86   0F              LDA  #$0F
    566  4+1   AFDE A4   E8 DA           ANDA -38,S
    567  2     AFE1 8B   A0              ADDA #$a0
    568  4+1   AFE3 A7   E8 DA           STA -38,S
    569  4+1   AFE6 A6   E8 D9           LDA -39,S
    570  5     AFE9 B7   B3EA            STA ERASE_CODE_HSL0_2+372
    571  2     AFEC 86   77              LDA #$77
    572  4+1   AFEE A7   E8 D9           STA -39,S
    573  4+1   AFF1 A6   E8 D8           LDA -40,S
    574  5     AFF4 B7   B3F4            STA ERASE_CODE_HSL0_2+382
    575  2     AFF7 86   F0              LDA  #$F0
    576  4+1   AFF9 A4   E8 D8           ANDA -40,S
    577  2     AFFC 8B   07              ADDA #$07
    578  4+1   AFFE A7   E8 D8           STA -40,S
    579  4+1   B001 A6   E8 B1           LDA -79,S
    580  5     B004 B7   B3F9            STA ERASE_CODE_HSL0_2+387
    581  2     B007 86   A5              LDA #$a5
    582  4+1   B009 A7   E8 B1           STA -79,S
    583  4+1   B00C A6   E8 B0           LDA -80,S
    584  5     B00F B7   B403            STA ERASE_CODE_HSL0_2+397
    585  2     B012 86   F0              LDA  #$F0
    586  4+1   B014 A4   E8 B0           ANDA -80,S
    587  2     B017 8B   07              ADDA #$07
    588  4+1   B019 A7   E8 B0           STA -80,S
    589  4+1   B01C A6   E8 8A           LDA -118,S
    590  5     B01F B7   B40D            STA ERASE_CODE_HSL0_2+407
    591  2     B022 86   0F              LDA  #$0F
    592  4+1   B024 A4   E8 8A           ANDA -118,S
    593  2     B027 8B   E0              ADDA #$e0
    594  4+1   B029 A7   E8 8A           STA -118,S
    595  4+1   B02C A6   E8 89           LDA -119,S
    596  5     B02F B7   B412            STA ERASE_CODE_HSL0_2+412
    597  2     B032 86   78              LDA #$78
    598  4+1   B034 A7   E8 89           STA -119,S
    599  4+1   B037 A6   E8 88           LDA -120,S
    600  5     B03A B7   B41C            STA ERASE_CODE_HSL0_2+422
    601  2     B03D 86   F0              LDA  #$F0
    602  4+1   B03F A4   E8 88           ANDA -120,S
    603  2     B042 8B   0E              ADDA #$0e
    604  4+1   B044 A7   E8 88           STA -120,S
    605  4+4   B047 32   E9 FF62         LEAS -158,S
    606  4+0   B04B A6   E4              LDA ,S
    607  5     B04D B7   B429            STA ERASE_CODE_HSL0_2+435
    608  2     B050 86   0F              LDA  #$0F
    609  4+0   B052 A4   E4              ANDA ,S
    610  2     B054 8B   D0              ADDA #$d0
    611  4+0   B056 A7   E4              STA ,S
    612  4+1   B058 A6   7F              LDA -1,S
    613  5     B05A B7   B42D            STA ERASE_CODE_HSL0_2+439
    614  2     B05D 86   4D              LDA #$4d
    615  4+1   B05F A7   7F              STA -1,S
    616  4+1   B061 A6   7E              LDA -2,S
    617  5     B063 B7   B435            STA ERASE_CODE_HSL0_2+447
    618  2     B066 86   F0              LDA  #$F0
    619  4+1   B068 A4   7E              ANDA -2,S
    620  2     B06A 8B   0E              ADDA #$0e
    621  4+1   B06C A7   7E              STA -2,S
    622  5+1   B06E AE   E8 D7           LDX -41,S
    623  6     B071 BF   B439            STX ERASE_CODE_HSL0_2+451
    624  3     B074 8E   77AD            LDX #$77ad
    625  5+1   B077 AF   E8 D7           STX -41,S
    626  5+1   B07A AE   E8 AF           LDX -81,S
    627  6     B07D BF   B43F            STX ERASE_CODE_HSL0_2+457
    628  3     B080 8E   A7AA            LDX #$a7aa
    629  5+1   B083 AF   E8 AF           STX -81,S
    630  4+1   B086 A6   E8 88           LDA -120,S
    631  5     B089 B7   B445            STA ERASE_CODE_HSL0_2+463
    632  2     B08C 86   AA              LDA #$aa
    633  4+1   B08E A7   E8 88           STA -120,S
    634
    635        B091               SSAV_HSL0
    636  4     B091 10CE 0000            LDS #$0000
    637  5+3   B095 35   48              PULS U,DP
    638  5     B097 39                   RTS
    639
    640        B098               DATA_HSL0_2
    641        B098               DATA_HSL0_1
    642        B098               ERASE_HSL0
    643  5+3   B098 34   48              PSHS U,DP
    644  7     B09A 10FF B44B            STS ERASE_SSAV_HSL0+2
    645
    646        B09E               ERASE_POS_HSL0_1
    647  4     B09E 10CE 0000            LDS #$0000
    648  3     B0A2 CE   B450            LDU #ERASE_DATA_HSL0_1
    649        B0A5               ERASE_CODE_HSL0_1
    650  4+1   B0A5 32   7E              LEAS -2,S
    651  2     B0A7 86   FF              LDA #$ff
    652  4+1   B0A9 A7   7F              STA -1,S
    653  2     B0AB 86   CB              LDA #$cb
    654  4+1   B0AD A7   E8 D7           STA -41,S
    655  2     B0B0 86   C6              LDA #$c6
    656  4+1   B0B2 A7   E8 AF           STA -81,S
    657  2     B0B5 86   0F              LDA  #$0F
    658  4+1   B0B7 A4   E8 88           ANDA -120,S
    659  2     B0BA 8B   C0              ADDA #$c0
    660  4+1   B0BC A7   E8 88           STA -120,S
    661  2     B0BF 86   96              LDA #$96
    662  4+1   B0C1 A7   E8 87           STA -121,S
    663  4+4   B0C4 32   E9 FF60         LEAS -160,S
    664  2     B0C8 86   0F              LDA  #$0F
    665  4+0   B0CA A4   E4              ANDA ,S
    666  2     B0CC 8B   C0              ADDA #$c0
    667  4+0   B0CE A7   E4              STA ,S
    668  2     B0D0 86   F0              LDA  #$F0
    669  4+1   B0D2 A4   7F              ANDA -1,S
    670  2     B0D4 8B   02              ADDA #$02
    671  4+1   B0D6 A7   7F              STA -1,S
    672  2     B0D8 86   0F              LDA  #$0F
    673  4+1   B0DA A4   E8 D8           ANDA -40,S
    674  2     B0DD 8B   F0              ADDA #$f0
    675  4+1   B0DF A7   E8 D8           STA -40,S
    676  2     B0E2 86   F0              LDA  #$F0
    677  4+1   B0E4 A4   E8 D7           ANDA -41,S
    678  2     B0E7 8B   0B              ADDA #$0b
    679  4+1   B0E9 A7   E8 D7           STA -41,S
    680  2     B0EC 86   FF              LDA #$ff
    681  4+1   B0EE A7   E8 D6           STA -42,S
    682  2     B0F1 86   0F              LDA  #$0F
    683  4+1   B0F3 A4   E8 B0           ANDA -80,S
    684  2     B0F6 8B   F0              ADDA #$f0
    685  4+1   B0F8 A7   E8 B0           STA -80,S
    686  2     B0FB 86   F0              LDA  #$F0
    687  4+1   B0FD A4   E8 AF           ANDA -81,S
    688  2     B100 8B   0B              ADDA #$0b
    689  4+1   B102 A7   E8 AF           STA -81,S
    690  2     B105 86   99              LDA #$99
    691  4+1   B107 A7   E8 AE           STA -82,S
    692  2     B10A 86   0F              LDA  #$0F
    693  4+1   B10C A4   E8 88           ANDA -120,S
    694  2     B10F 8B   C0              ADDA #$c0
    695  4+1   B111 A7   E8 88           STA -120,S
    696  3     B114 8E   39F6            LDX #$39f6
    697  5+1   B117 AF   E8 86           STX -122,S
    698  4+4   B11A 32   E9 FF60         LEAS -160,S
    699  2     B11E 86   0F              LDA  #$0F
    700  4+0   B120 A4   E4              ANDA ,S
    701  2     B122 8B   B0              ADDA #$b0
    702  4+0   B124 A7   E4              STA ,S
    703  3     B126 8E   99FF            LDX #$99ff
    704  5+1   B129 AF   7E              STX -2,S
    705  2     B12B 86   0F              LDA  #$0F
    706  4+1   B12D A4   E8 D8           ANDA -40,S
    707  2     B130 8B   20              ADDA #$20
    708  4+1   B132 A7   E8 D8           STA -40,S
    709  2     B135 86   CF              LDA #$cf
    710  4+1   B137 A7   E8 D7           STA -41,S
    711  2     B13A 86   F0              LDA  #$F0
    712  4+1   B13C A4   E8 D6           ANDA -42,S
    713  2     B13F 8B   00              ADDA #$00
    714  4+1   B141 A7   E8 D6           STA -42,S
    715  3     B144 8E   CF06            LDX #$cf06
    716  5+1   B147 AF   E8 AF           STX -81,S
    717  3     B14A 8E   FF0B            LDX #$ff0b
    718  5+1   B14D AF   E8 87           STX -121,S
    719  4+4   B150 32   E9 FF61         LEAS -159,S
    720  3     B154 8E   0F0B            LDX #$0f0b
    721  5+1   B157 AF   7E              STX -2,S
    722  3     B159 8E   6622            LDX #$6622
    723  5+1   B15C AF   E8 D6           STX -42,S
    724  2     B15F 86   F0              LDA  #$F0
    725  4+1   B161 A4   E8 D4           ANDA -44,S
    726  2     B164 8B   02              ADDA #$02
    727  4+1   B166 A7   E8 D4           STA -44,S
    728  2     B169 86   0F              LDA  #$0F
    729  4+1   B16B A4   E8 AF           ANDA -81,S
    730  2     B16E 8B   00              ADDA #$00
    731  4+1   B170 A7   E8 AF           STA -81,S
    732  2     B173 86   0F              LDA #$0f
    733  4+1   B175 A7   E8 AE           STA -82,S
    734  2     B178 86   F0              LDA  #$F0
    735  4+1   B17A A4   E8 AC           ANDA -84,S
    736  2     B17D 8B   06              ADDA #$06
    737  4+1   B17F A7   E8 AC           STA -84,S
    738  2     B182 86   0F              LDA  #$0F
    739  4+1   B184 A4   E8 87           ANDA -121,S
    740  2     B187 8B   80              ADDA #$80
    741  4+1   B189 A7   E8 87           STA -121,S
    742  2     B18C 86   FE              LDA #$fe
    743  4+1   B18E A7   E8 86           STA -122,S
    744  2     B191 86   F0              LDA  #$F0
    745  4+1   B193 A4   E8 84           ANDA -124,S
    746  2     B196 8B   00              ADDA #$00
    747  4+1   B198 A7   E8 84           STA -124,S
    748  4+4   B19B 32   E9 FF5F         LEAS -161,S
    749  2     B19F 86   0F              LDA  #$0F
    750  4+0   B1A1 A4   E4              ANDA ,S
    751  2     B1A3 8B   30              ADDA #$30
    752  4+0   B1A5 A7   E4              STA ,S
    753  2     B1A7 86   DE              LDA #$de
    754  4+1   B1A9 A7   7F              STA -1,S
    755  2     B1AB 86   0F              LDA  #$0F
    756  4+1   B1AD A4   7E              ANDA -2,S
    757  2     B1AF 8B   F0              ADDA #$f0
    758  4+1   B1B1 A7   7E              STA -2,S
    759  2     B1B3 86   F0              LDA  #$F0
    760  4+1   B1B5 A4   7D              ANDA -3,S
    761  2     B1B7 8B   00              ADDA #$00
    762  4+1   B1B9 A7   7D              STA -3,S
    763  3     B1BB 8E   FC8C            LDX #$fc8c
    764  5+1   B1BE AF   E8 D6           STX -42,S
    765  3     B1C1 8E   C8FE            LDX #$c8fe
    766  5+1   B1C4 AF   E8 AE           STX -82,S
    767  4+1   B1C7 32   E8 89           LEAS -119,S
    768  2     B1CA 86   53              LDA #$53
    769  3     B1CC 8E   EEED            LDX #$eeed
    770  5+3   B1CF 34   12              PSHS X,A
    771  4+1   B1D1 32   E8 DB           LEAS -37,S
    772  2     B1D4 86   83              LDA #$83
    773  3     B1D6 8E   EFDA            LDX #$efda
    774  5+3   B1D9 34   12              PSHS X,A
    775  2     B1DB 86   0F              LDA  #$0F
    776  4+1   B1DD A4   E8 DA           ANDA -38,S
    777  2     B1E0 8B   A0              ADDA #$a0
    778  4+1   B1E2 A7   E8 DA           STA -38,S
    779  3     B1E5 8E   10DE            LDX #$10de
    780  5+1   B1E8 AF   E8 D8           STX -40,S
    781  3     B1EB 8E   00AE            LDX #$00ae
    782  5+1   B1EE AF   E8 B0           STX -80,S
    783  3     B1F1 8E   B0AD            LDX #$b0ad
    784  5+1   B1F4 AF   E8 88           STX -120,S
    785  4+4   B1F7 32   E9 FF62         LEAS -158,S
    786  3     B1FB 8E   F0AD            LDX #$f0ad
    787  5+1   B1FE AF   7E              STX -2,S
    788  3     B200 8E   F07A            LDX #$f07a
    789  5+1   B203 AF   E8 D6           STX -42,S
    790  4+1   B206 32   E8 B1           LEAS -79,S
    791  2     B209 86   F0              LDA #$f0
    792  3     B20B 8E   7ADE            LDX #$7ade
    793  5+3   B20E 34   12              PSHS X,A
    794  4+1   B210 32   E8 DB           LEAS -37,S
    795  2     B213 86   00              LDA #$00
    796  3     B215 8E   7AEA            LDX #$7aea
    797  5+3   B218 34   12              PSHS X,A
    798  2     B21A 86   0F              LDA  #$0F
    799  4+1   B21C A4   E8 DA           ANDA -38,S
    800  2     B21F 8B   A0              ADDA #$a0
    801  4+1   B221 A7   E8 DA           STA -38,S
    802  3     B224 8E   407A            LDX #$407a
    803  5+1   B227 AF   E8 D8           STX -40,S
    804  3     B22A 8E   7DDA            LDX #$7dda
    805  5+1   B22D AF   E8 B0           STX -80,S
    806  3     B230 8E   445A            LDX #$445a
    807  5+1   B233 AF   E8 88           STX -120,S
    808  4+4   B236 32   E9 FF62         LEAS -158,S
    809  3     B23A 8E   443A            LDX #$443a
    810  5+1   B23D AF   7E              STX -2,S
    811  3     B23F 8E   745D            LDX #$745d
    812  5+1   B242 AF   E8 D6           STX -42,S
    813  3     B245 8E   A7EA            LDX #$a7ea
    814  5+1   B248 AF   E8 AE           STX -82,S
    815  2     B24B 86   EA              LDA #$ea
    816  4+1   B24D A7   E8 87           STA -121,S
    817  2     B250 86   F0              LDA  #$F0
    818  4+1   B252 A4   E8 86           ANDA -122,S
    819  2     B255 8B   0A              ADDA #$0a
    820  4+1   B257 A7   E8 86           STA -122,S
    821  4+4   B25A 32   E9 FF60         LEAS -160,S
    822  2     B25E 86   0F              LDA  #$0F
    823  4+0   B260 A4   E4              ANDA ,S
    824  2     B262 8B   D0              ADDA #$d0
    825  4+0   B264 A7   E4              STA ,S
    826  2     B266 86   77              LDA #$77
    827  4+1   B268 A7   7F              STA -1,S
    828  2     B26A 86   AA              LDA #$aa
    829  4+1   B26C A7   E8 D7           STA -41,S
    830
    831        B26F               ERASE_POS_HSL0_2
    832  4     B26F 10CE 0000            LDS #$0000
    833  3     B273 CE   B450            LDU #ERASE_DATA_HSL0_2
    834        B276               ERASE_CODE_HSL0_2
    835  4+1   B276 32   7E              LEAS -2,S
    836  2     B278 86   FF              LDA #$ff
    837  4+1   B27A A7   7F              STA -1,S
    838  2     B27C 86   F0              LDA  #$F0
    839  4+1   B27E A4   7E              ANDA -2,S
    840  2     B280 8B   0F              ADDA #$0f
    841  4+1   B282 A7   7E              STA -2,S
    842  2     B284 86   FF              LDA #$ff
    843  4+1   B286 A7   E8 D7           STA -41,S
    844  2     B289 86   F0              LDA  #$F0
    845  4+1   B28B A4   E8 D6           ANDA -42,S
    846  2     B28E 8B   09              ADDA #$09
    847  4+1   B290 A7   E8 D6           STA -42,S
    848  2     B293 86   FF              LDA #$ff
    849  4+1   B295 A7   E8 AF           STA -81,S
    850  2     B298 86   CF              LDA #$cf
    851  4+1   B29A A7   E8 87           STA -121,S
    852  4+4   B29D 32   E9 FF60         LEAS -160,S
    853  2     B2A1 86   CF              LDA #$cf
    854  4+1   B2A3 A7   7F              STA -1,S
    855  2     B2A5 86   CF              LDA #$cf
    856  4+1   B2A7 A7   E8 D7           STA -41,S
    857  2     B2AA 86   F0              LDA  #$F0
    858  4+1   B2AC A4   E8 D5           ANDA -43,S
    859  2     B2AF 8B   0C              ADDA #$0c
    860  4+1   B2B1 A7   E8 D5           STA -43,S
    861  2     B2B4 86   CF              LDA #$cf
    862  4+1   B2B6 A7   E8 AF           STA -81,S
    863  2     B2B9 86   0F              LDA  #$0F
    864  4+1   B2BB A4   E8 AE           ANDA -82,S
    865  2     B2BE 8B   F0              ADDA #$f0
    866  4+1   B2C0 A7   E8 AE           STA -82,S
    867  2     B2C3 86   F0              LDA  #$F0
    868  4+1   B2C5 A4   E8 AD           ANDA -83,S
    869  2     B2C8 8B   09              ADDA #$09
    870  4+1   B2CA A7   E8 AD           STA -83,S
    871  3     B2CD 8E   9BCC            LDX #$9bcc
    872  5+1   B2D0 AF   E8 86           STX -122,S
    873  4+4   B2D3 32   E9 FF60         LEAS -160,S
    874  3     B2D7 8E   26C6            LDX #$26c6
    875  5+1   B2DA AF   7E              STX -2,S
    876  3     B2DC 8E   0CB2            LDX #$0cb2
    877  5+1   B2DF AF   E8 D6           STX -42,S
    878  3     B2E2 8E   0960            LDX #$0960
    879  5+1   B2E5 AF   E8 AE           STX -82,S
    880  3     B2E8 8E   9260            LDX #$9260
    881  5+1   B2EB AF   E8 86           STX -122,S
    882  4+4   B2EE 32   E9 FF60         LEAS -160,S
    883  2     B2F2 86   66              LDA #$66
    884  4+1   B2F4 A7   7F              STA -1,S
    885  2     B2F6 86   F0              LDA  #$F0
    886  4+1   B2F8 A4   7E              ANDA -2,S
    887  2     B2FA 8B   00              ADDA #$00
    888  4+1   B2FC A7   7E              STA -2,S
    889  2     B2FE 86   D0              LDA #$d0
    890  4+1   B300 A7   E8 D7           STA -41,S
    891  2     B303 86   F0              LDA  #$F0
    892  4+1   B305 A4   E8 D6           ANDA -42,S
    893  2     B308 8B   00              ADDA #$00
    894  4+1   B30A A7   E8 D6           STA -42,S
    895  2     B30D 86   B6              LDA #$b6
    896  4+1   B30F A7   E8 D5           STA -43,S
    897  2     B312 86   ED              LDA #$ed
    898  4+1   B314 A7   E8 AF           STA -81,S
    899  2     B317 86   F0              LDA  #$F0
    900  4+1   B319 A4   E8 AE           ANDA -82,S
    901  2     B31C 8B   0A              ADDA #$0a
    902  4+1   B31E A7   E8 AE           STA -82,S
    903  2     B321 86   62              LDA #$62
    904  4+1   B323 A7   E8 AD           STA -83,S
    905  2     B326 86   EA              LDA #$ea
    906  4+1   B328 A7   E8 87           STA -121,S
    907  2     B32B 86   F0              LDA  #$F0
    908  4+1   B32D A4   E8 86           ANDA -122,S
    909  2     B330 8B   0A              ADDA #$0a
    910  4+1   B332 A7   E8 86           STA -122,S
    911  2     B335 86   F6              LDA #$f6
    912  4+1   B337 A7   E8 85           STA -123,S
    913  4+4   B33A 32   E9 FF60         LEAS -160,S
    914  2     B33E 86   BB              LDA #$bb
    915  3     B340 8E   F1C8            LDX #$f1c8
    916  5+3   B343 34   12              PSHS X,A
    917  4+1   B345 32   E8 DB           LEAS -37,S
    918  2     B348 86   6F              LDA #$6f
    919  3     B34A 8E   FF33            LDX #$ff33
    920  5+3   B34D 34   12              PSHS X,A
    921  4+1   B34F 32   E8 DB           LEAS -37,S
    922  2     B352 86   2B              LDA #$2b
    923  3     B354 8E   8EED            LDX #$8eed
    924  5+3   B357 34   12              PSHS X,A
    925  3     B359 8E   38EE            LDX #$38ee
    926  5+1   B35C AF   E8 D9           STX -39,S
    927  2     B35F 86   F0              LDA  #$F0
    928  4+1   B361 A4   E8 D8           ANDA -40,S
    929  2     B364 8B   0C              ADDA #$0c
    930  4+1   B366 A7   E8 D8           STA -40,S
    931  3     B369 8E   35EE            LDX #$35ee
    932  5+1   B36C AF   E8 B1           STX -79,S
    933  2     B36F 86   F0              LDA  #$F0
    934  4+1   B371 A4   E8 B0           ANDA -80,S
    935  2     B374 8B   08              ADDA #$08
    936  4+1   B376 A7   E8 B0           STA -80,S
    937  4+1   B379 32   E8 8B           LEAS -117,S
    938  2     B37C 86   FF              LDA #$ff
    939  3     B37E 8E   31DD            LDX #$31dd
    940  5+3   B381 34   12              PSHS X,A
    941  4+1   B383 32   E8 DB           LEAS -37,S
    942  2     B386 86   F6              LDA #$f6
    943  3     B388 8E   05AA            LDX #$05aa
    944  5+3   B38B 34   12              PSHS X,A
    945  2     B38D 86   0F              LDA  #$0F
    946  4+1   B38F A4   E8 DA           ANDA -38,S
    947  2     B392 8B   D0              ADDA #$d0
    948  4+1   B394 A7   E8 DA           STA -38,S
    949  3     B397 8E   D27A            LDX #$d27a
    950  5+1   B39A AF   E8 D8           STX -40,S
    951  2     B39D 86   0F              LDA  #$0F
    952  4+1   B39F A4   E8 B2           ANDA -78,S
    953  2     B3A2 8B   F0              ADDA #$f0
    954  4+1   B3A4 A7   E8 B2           STA -78,S
    955  3     B3A7 8E   6247            LDX #$6247
    956  5+1   B3AA AF   E8 B0           STX -80,S
    957  4+1   B3AD 32   E8 8B           LEAS -117,S
    958  2     B3B0 86   22              LDA #$22
    959  3     B3B2 8E   27FD            LDX #$27fd
    960  5+3   B3B5 34   12              PSHS X,A
    961  4+1   B3B7 32   E8 DB           LEAS -37,S
    962  2     B3BA 86   24              LDA #$24
    963  3     B3BC 8E   27EE            LDX #$27ee
    964  5+3   B3BF 34   12              PSHS X,A
    965  4+1   B3C1 32   E8 DB           LEAS -37,S
    966  2     B3C4 86   67              LDA #$67
    967  3     B3C6 8E   24EE            LDX #$24ee
    968  5+3   B3C9 34   12              PSHS X,A
    969  4+1   B3CB 32   E8 DB           LEAS -37,S
    970  2     B3CE 86   A7              LDA #$a7
    971  3     B3D0 8E   70ED            LDX #$70ed
    972  5+3   B3D3 34   12              PSHS X,A
    973  4+1   B3D5 32   E8 DB           LEAS -37,S
    974  2     B3D8 86   A7              LDA #$a7
    975  3     B3DA 8E   44AA            LDX #$44aa
    976  5+3   B3DD 34   12              PSHS X,A
    977  2     B3DF 86   0F              LDA  #$0F
    978  4+1   B3E1 A4   E8 DA           ANDA -38,S
    979  2     B3E4 8B   A0              ADDA #$a0
    980  4+1   B3E6 A7   E8 DA           STA -38,S
    981  2     B3E9 86   77              LDA #$77
    982  4+1   B3EB A7   E8 D9           STA -39,S
    983  2     B3EE 86   F0              LDA  #$F0
    984  4+1   B3F0 A4   E8 D8           ANDA -40,S
    985  2     B3F3 8B   07              ADDA #$07
    986  4+1   B3F5 A7   E8 D8           STA -40,S
    987  2     B3F8 86   A5              LDA #$a5
    988  4+1   B3FA A7   E8 B1           STA -79,S
    989  2     B3FD 86   F0              LDA  #$F0
    990  4+1   B3FF A4   E8 B0           ANDA -80,S
    991  2     B402 8B   07              ADDA #$07
    992  4+1   B404 A7   E8 B0           STA -80,S
    993  2     B407 86   0F              LDA  #$0F
    994  4+1   B409 A4   E8 8A           ANDA -118,S
    995  2     B40C 8B   E0              ADDA #$e0
    996  4+1   B40E A7   E8 8A           STA -118,S
    997  2     B411 86   78              LDA #$78
    998  4+1   B413 A7   E8 89           STA -119,S
    999  2     B416 86   F0              LDA  #$F0
   1000  4+1   B418 A4   E8 88           ANDA -120,S
   1001  2     B41B 8B   0E              ADDA #$0e
   1002  4+1   B41D A7   E8 88           STA -120,S
   1003  4+4   B420 32   E9 FF62         LEAS -158,S
   1004  2     B424 86   0F              LDA  #$0F
   1005  4+0   B426 A4   E4              ANDA ,S
   1006  2     B428 8B   D0              ADDA #$d0
   1007  4+0   B42A A7   E4              STA ,S
   1008  2     B42C 86   4D              LDA #$4d
   1009  4+1   B42E A7   7F              STA -1,S
   1010  2     B430 86   F0              LDA  #$F0
   1011  4+1   B432 A4   7E              ANDA -2,S
   1012  2     B434 8B   0E              ADDA #$0e
   1013  4+1   B436 A7   7E              STA -2,S
   1014  3     B438 8E   77AD            LDX #$77ad
   1015  5+1   B43B AF   E8 D7           STX -41,S
   1016  3     B43E 8E   A7AA            LDX #$a7aa
   1017  5+1   B441 AF   E8 AF           STX -81,S
   1018  2     B444 86   AA              LDA #$aa
   1019  4+1   B446 A7   E8 88           STA -120,S
   1020
   1021        B449               ERASE_SSAV_HSL0
   1022  4     B449 10CE 0000            LDS #$0000
   1023  5+3   B44D 35   48              PULS U,DP
   1024  5     B44F 39                   RTS
   1025
   1026        B450               ERASE_DATA_HSL0_2
   1027        B450               ERASE_DATA_HSL0_1

000000 Total Errors

000012 Total Symbols
     1x          Label B098 DATA_HSL0_1
     1x          Label B098 DATA_HSL0_2
     0x          Label AA07 DRAW_HSL0
    63x          Label B0A5 ERASE_CODE_HSL0_1
    70x          Label B276 ERASE_CODE_HSL0_2
     1x          Label B450 ERASE_DATA_HSL0_1
     1x          Label B450 ERASE_DATA_HSL0_2
     0x          Label B098 ERASE_HSL0
     1x          Label B09E ERASE_POS_HSL0_1
     1x          Label B26F ERASE_POS_HSL0_2
     1x          Label B449 ERASE_SSAV_HSL0
     1x          Label B091 SSAV_HSL0

