/*--------------------------------------------------------------*
 * Compilé avec C6809 v0.83                                     *
 *--------------------------------------------------------------*
 * Fichier source      : TMP.ASS
 * Fichier destination : TMP.BIN
 * Contenu :
 *     Main     0:TMP.ASS      16735
 *--------------------------------------------------------------*/

Macro Pass
Pass1
Pass2
      2        C223                      ORG $C223
      3        C223               DRAW_HSL5
      4  5+3   C223 34   48              PSHS U,DP
      5  7     C225 10FF C93D            STS SSAV_HSL5+2
      6
      7  7     C229 10FE 9F00            LDS $9F00
      8  7     C22D 10FF C94A            STS ERASE_POS_HSL5_1+2
      9  3     C231 CE   C942            LDU #DATA_HSL5_1
     10
     11  4+1   C234 32   E8 D3           LEAS -45,S
     12  4+0   C237 A6   E4              LDA ,S
     13  5     C239 B7   C957            STA ERASE_CODE_HSL5_1+8
     14  2     C23C 86   F0              LDA  #$F0
     15  4+0   C23E A4   E4              ANDA ,S
     16  2     C240 8B   0F              ADDA #$0f
     17  4+0   C242 A7   E4              STA ,S
     18  4+1   C244 A6   E8 D8           LDA -40,S
     19  5     C247 B7   C960            STA ERASE_CODE_HSL5_1+17
     20  2     C24A 86   F0              LDA  #$F0
     21  4+1   C24C A4   E8 D8           ANDA -40,S
     22  2     C24F 8B   0B              ADDA #$0b
     23  4+1   C251 A7   E8 D8           STA -40,S
     24  4+1   C254 A6   E8 B0           LDA -80,S
     25  5     C257 B7   C96A            STA ERASE_CODE_HSL5_1+27
     26  2     C25A 86   F0              LDA  #$F0
     27  4+1   C25C A4   E8 B0           ANDA -80,S
     28  2     C25F 8B   06              ADDA #$06
     29  4+1   C261 A7   E8 B0           STA -80,S
     30  4+1   C264 A6   E8 89           LDA -119,S
     31  5     C267 B7   C974            STA ERASE_CODE_HSL5_1+37
     32  2     C26A 86   0F              LDA  #$0F
     33  4+1   C26C A4   E8 89           ANDA -119,S
     34  2     C26F 8B   60              ADDA #$60
     35  4+1   C271 A7   E8 89           STA -119,S
     36  4+1   C274 A6   E8 88           LDA -120,S
     37  5     C277 B7   C97E            STA ERASE_CODE_HSL5_1+47
     38  2     C27A 86   F0              LDA  #$F0
     39  4+1   C27C A4   E8 88           ANDA -120,S
     40  2     C27F 8B   02              ADDA #$02
     41  4+1   C281 A7   E8 88           STA -120,S
     42  4+4   C284 32   E9 FF61         LEAS -159,S
     43  4+0   C288 A6   E4              LDA ,S
     44  5     C28A B7   C98B            STA ERASE_CODE_HSL5_1+60
     45  2     C28D 86   0F              LDA  #$0F
     46  4+0   C28F A4   E4              ANDA ,S
     47  2     C291 8B   B0              ADDA #$b0
     48  4+0   C293 A7   E4              STA ,S
     49  4+1   C295 A6   7F              LDA -1,S
     50  5     C297 B7   C98F            STA ERASE_CODE_HSL5_1+64
     51  2     C29A 86   F9              LDA #$f9
     52  4+1   C29C A7   7F              STA -1,S
     53  4+1   C29E A6   E8 D8           LDA -40,S
     54  5     C2A1 B7   C998            STA ERASE_CODE_HSL5_1+73
     55  2     C2A4 86   0F              LDA  #$0F
     56  4+1   C2A6 A4   E8 D8           ANDA -40,S
     57  2     C2A9 8B   E0              ADDA #$e0
     58  4+1   C2AB A7   E8 D8           STA -40,S
     59  4+1   C2AE A6   E8 D7           LDA -41,S
     60  5     C2B1 B7   C99D            STA ERASE_CODE_HSL5_1+78
     61  2     C2B4 86   C9              LDA #$c9
     62  4+1   C2B6 A7   E8 D7           STA -41,S
     63  4+1   C2B9 A6   E8 B1           LDA -79,S
     64  5     C2BC B7   C9A7            STA ERASE_CODE_HSL5_1+88
     65  2     C2BF 86   0F              LDA  #$0F
     66  4+1   C2C1 A4   E8 B1           ANDA -79,S
     67  2     C2C4 8B   E0              ADDA #$e0
     68  4+1   C2C6 A7   E8 B1           STA -79,S
     69  5+1   C2C9 AE   E8 AF           LDX -81,S
     70  6     C2CC BF   C9AC            STX ERASE_CODE_HSL5_1+93
     71  3     C2CF 8E   C9AE            LDX #$c9ae
     72  5+1   C2D2 AF   E8 AF           STX -81,S
     73  4+1   C2D5 A6   E8 88           LDA -120,S
     74  5     C2D8 B7   C9B7            STA ERASE_CODE_HSL5_1+104
     75  2     C2DB 86   F0              LDA  #$F0
     76  4+1   C2DD A4   E8 88           ANDA -120,S
     77  2     C2E0 8B   0D              ADDA #$0d
     78  4+1   C2E2 A7   E8 88           STA -120,S
     79  4+1   C2E5 A6   E8 87           LDA -121,S
     80  5     C2E8 B7   C9BC            STA ERASE_CODE_HSL5_1+109
     81  2     C2EB 86   C9              LDA #$c9
     82  4+1   C2ED A7   E8 87           STA -121,S
     83  4+4   C2F0 32   E9 FF63         LEAS -157,S
     84  4+0   C2F4 A6   E4              LDA ,S
     85  5     C2F6 B7   C9C9            STA ERASE_CODE_HSL5_1+122
     86  2     C2F9 86   0F              LDA  #$0F
     87  4+0   C2FB A4   E4              ANDA ,S
     88  2     C2FD 8B   20              ADDA #$20
     89  4+0   C2FF A7   E4              STA ,S
     90  4+1   C301 A6   7C              LDA -4,S
     91  5     C303 B7   C9CD            STA ERASE_CODE_HSL5_1+126
     92  2     C306 86   99              LDA #$99
     93  4+1   C308 A7   7C              STA -4,S
     94  4+1   C30A A6   E8 D8           LDA -40,S
     95  5     C30D B7   C9D6            STA ERASE_CODE_HSL5_1+135
     96  2     C310 86   0F              LDA  #$0F
     97  4+1   C312 A4   E8 D8           ANDA -40,S
     98  2     C315 8B   00              ADDA #$00
     99  4+1   C317 A7   E8 D8           STA -40,S
    100  4+1   C31A A6   E8 D7           LDA -41,S
    101  5     C31D B7   C9E0            STA ERASE_CODE_HSL5_1+145
    102  2     C320 86   F0              LDA  #$F0
    103  4+1   C322 A4   E8 D7           ANDA -41,S
    104  2     C325 8B   02              ADDA #$02
    105  4+1   C327 A7   E8 D7           STA -41,S
    106  4+1   C32A A6   E8 D4           LDA -44,S
    107  5     C32D B7   C9E5            STA ERASE_CODE_HSL5_1+150
    108  2     C330 86   99              LDA #$99
    109  4+1   C332 A7   E8 D4           STA -44,S
    110  4+1   C335 A6   E8 B0           LDA -80,S
    111  5     C338 B7   C9EF            STA ERASE_CODE_HSL5_1+160
    112  2     C33B 86   0F              LDA  #$0F
    113  4+1   C33D A4   E8 B0           ANDA -80,S
    114  2     C340 8B   B0              ADDA #$b0
    115  4+1   C342 A7   E8 B0           STA -80,S
    116  4+1   C345 A6   E8 AF           LDA -81,S
    117  5     C348 B7   C9F9            STA ERASE_CODE_HSL5_1+170
    118  2     C34B 86   F0              LDA  #$F0
    119  4+1   C34D A4   E8 AF           ANDA -81,S
    120  2     C350 8B   02              ADDA #$02
    121  4+1   C352 A7   E8 AF           STA -81,S
    122  4+1   C355 A6   E8 AE           LDA -82,S
    123  5     C358 B7   CA03            STA ERASE_CODE_HSL5_1+180
    124  2     C35B 86   F0              LDA  #$F0
    125  4+1   C35D A4   E8 AE           ANDA -82,S
    126  2     C360 8B   0E              ADDA #$0e
    127  4+1   C362 A7   E8 AE           STA -82,S
    128  4+1   C365 A6   E8 AD           LDA -83,S
    129  5     C368 B7   CA0D            STA ERASE_CODE_HSL5_1+190
    130  2     C36B 86   F0              LDA  #$F0
    131  4+1   C36D A4   E8 AD           ANDA -83,S
    132  2     C370 8B   0F              ADDA #$0f
    133  4+1   C372 A7   E8 AD           STA -83,S
    134  4+1   C375 A6   E8 AC           LDA -84,S
    135  5     C378 B7   CA17            STA ERASE_CODE_HSL5_1+200
    136  2     C37B 86   0F              LDA  #$0F
    137  4+1   C37D A4   E8 AC           ANDA -84,S
    138  2     C380 8B   90              ADDA #$90
    139  4+1   C382 A7   E8 AC           STA -84,S
    140  4+1   C385 A6   E8 88           LDA -120,S
    141  5     C388 B7   CA21            STA ERASE_CODE_HSL5_1+210
    142  2     C38B 86   0F              LDA  #$0F
    143  4+1   C38D A4   E8 88           ANDA -120,S
    144  2     C390 8B   20              ADDA #$20
    145  4+1   C392 A7   E8 88           STA -120,S
    146  4+1   C395 A6   E8 87           LDA -121,S
    147  5     C398 B7   CA2B            STA ERASE_CODE_HSL5_1+220
    148  2     C39B 86   F0              LDA  #$F0
    149  4+1   C39D A4   E8 87           ANDA -121,S
    150  2     C3A0 8B   00              ADDA #$00
    151  4+1   C3A2 A7   E8 87           STA -121,S
    152  4+1   C3A5 A6   E8 86           LDA -122,S
    153  5     C3A8 B7   CA30            STA ERASE_CODE_HSL5_1+225
    154  2     C3AB 86   FE              LDA #$fe
    155  4+1   C3AD A7   E8 86           STA -122,S
    156  4+1   C3B0 A6   E8 85           LDA -123,S
    157  5     C3B3 B7   CA3A            STA ERASE_CODE_HSL5_1+235
    158  2     C3B6 86   F0              LDA  #$F0
    159  4+1   C3B8 A4   E8 85           ANDA -123,S
    160  2     C3BB 8B   0E              ADDA #$0e
    161  4+1   C3BD A7   E8 85           STA -123,S
    162  4+1   C3C0 A6   E8 84           LDA -124,S
    163  5     C3C3 B7   CA3F            STA ERASE_CODE_HSL5_1+240
    164  2     C3C6 86   9C              LDA #$9c
    165  4+1   C3C8 A7   E8 84           STA -124,S
    166  4+4   C3CB 32   E9 FF60         LEAS -160,S
    167  4+0   C3CF A6   E4              LDA ,S
    168  5     C3D1 B7   CA4C            STA ERASE_CODE_HSL5_1+253
    169  2     C3D4 86   0F              LDA  #$0F
    170  4+0   C3D6 A4   E4              ANDA ,S
    171  2     C3D8 8B   00              ADDA #$00
    172  4+0   C3DA A7   E4              STA ,S
    173  4+1   C3DC A6   7F              LDA -1,S
    174  5     C3DE B7   CA54            STA ERASE_CODE_HSL5_1+261
    175  2     C3E1 86   F0              LDA  #$F0
    176  4+1   C3E3 A4   7F              ANDA -1,S
    177  2     C3E5 8B   02              ADDA #$02
    178  4+1   C3E7 A7   7F              STA -1,S
    179  4+1   C3E9 A6   7E              LDA -2,S
    180  5     C3EB B7   CA58            STA ERASE_CODE_HSL5_1+265
    181  2     C3EE 86   DE              LDA #$de
    182  4+1   C3F0 A7   7E              STA -2,S
    183  4+1   C3F2 A6   7D              LDA -3,S
    184  5     C3F4 B7   CA60            STA ERASE_CODE_HSL5_1+273
    185  2     C3F7 86   F0              LDA  #$F0
    186  4+1   C3F9 A4   7D              ANDA -3,S
    187  2     C3FB 8B   0D              ADDA #$0d
    188  4+1   C3FD A7   7D              STA -3,S
    189  4+1   C3FF A6   7C              LDA -4,S
    190  5     C401 B7   CA68            STA ERASE_CODE_HSL5_1+281
    191  2     C404 86   F0              LDA  #$F0
    192  4+1   C406 A4   7C              ANDA -4,S
    193  2     C408 8B   0C              ADDA #$0c
    194  4+1   C40A A7   7C              STA -4,S
    195  4+1   C40C 32   E8 D5           LEAS -43,S
    196  5+3   C40F 35   12              PULS A,X
    197  5     C411 B7   CA6F            STA ERASE_CODE_HSL5_1+288
    198  6     C414 BF   CA71            STX ERASE_CODE_HSL5_1+290
    199  2     C417 86   FC              LDA #$fc
    200  3     C419 8E   DE83            LDX #$de83
    201  5+3   C41C 34   12              PSHS X,A
    202  4+1   C41E A6   7F              LDA -1,S
    203  5     C420 B7   CA7A            STA ERASE_CODE_HSL5_1+299
    204  2     C423 86   F0              LDA  #$F0
    205  4+1   C425 A4   7F              ANDA -1,S
    206  2     C427 8B   0F              ADDA #$0f
    207  4+1   C429 A7   7F              STA -1,S
    208  4+1   C42B A6   E8 DA           LDA -38,S
    209  5     C42E B7   CA83            STA ERASE_CODE_HSL5_1+308
    210  2     C431 86   0F              LDA  #$0F
    211  4+1   C433 A4   E8 DA           ANDA -38,S
    212  2     C436 8B   30              ADDA #$30
    213  4+1   C438 A7   E8 DA           STA -38,S
    214  5+1   C43B AE   E8 D8           LDX -40,S
    215  6     C43E BF   CA88            STX ERASE_CODE_HSL5_1+313
    216  3     C441 8E   F8EF            LDX #$f8ef
    217  5+1   C444 AF   E8 D8           STX -40,S
    218  4+1   C447 A6   E8 D7           LDA -41,S
    219  5     C44A B7   CA93            STA ERASE_CODE_HSL5_1+324
    220  2     C44D 86   F0              LDA  #$F0
    221  4+1   C44F A4   E8 D7           ANDA -41,S
    222  2     C452 8B   0F              ADDA #$0f
    223  4+1   C454 A7   E8 D7           STA -41,S
    224  4+1   C457 A6   E8 B2           LDA -78,S
    225  5     C45A B7   CA9D            STA ERASE_CODE_HSL5_1+334
    226  2     C45D 86   0F              LDA  #$0F
    227  4+1   C45F A4   E8 B2           ANDA -78,S
    228  2     C462 8B   E0              ADDA #$e0
    229  4+1   C464 A7   E8 B2           STA -78,S
    230  5+1   C467 AE   E8 B0           LDX -80,S
    231  6     C46A BF   CAA2            STX ERASE_CODE_HSL5_1+339
    232  3     C46D 8E   DFFC            LDX #$dffc
    233  5+1   C470 AF   E8 B0           STX -80,S
    234  4+1   C473 A6   E8 AF           LDA -81,S
    235  5     C476 B7   CAAD            STA ERASE_CODE_HSL5_1+350
    236  2     C479 86   F0              LDA  #$F0
    237  4+1   C47B A4   E8 AF           ANDA -81,S
    238  2     C47E 8B   0F              ADDA #$0f
    239  4+1   C480 A7   E8 AF           STA -81,S
    240  4+1   C483 A6   E8 8A           LDA -118,S
    241  5     C486 B7   CAB7            STA ERASE_CODE_HSL5_1+360
    242  2     C489 86   0F              LDA  #$0F
    243  4+1   C48B A4   E8 8A           ANDA -118,S
    244  2     C48E 8B   D0              ADDA #$d0
    245  4+1   C490 A7   E8 8A           STA -118,S
    246  4+1   C493 A6   E8 89           LDA -119,S
    247  5     C496 B7   CABC            STA ERASE_CODE_HSL5_1+365
    248  2     C499 86   8E              LDA #$8e
    249  4+1   C49B A7   E8 89           STA -119,S
    250  4+1   C49E A6   E8 88           LDA -120,S
    251  5     C4A1 B7   CAC6            STA ERASE_CODE_HSL5_1+375
    252  2     C4A4 86   F0              LDA  #$F0
    253  4+1   C4A6 A4   E8 88           ANDA -120,S
    254  2     C4A9 8B   0C              ADDA #$0c
    255  4+1   C4AB A7   E8 88           STA -120,S
    256  4+1   C4AE A6   E8 87           LDA -121,S
    257  5     C4B1 B7   CAD0            STA ERASE_CODE_HSL5_1+385
    258  2     C4B4 86   F0              LDA  #$F0
    259  4+1   C4B6 A4   E8 87           ANDA -121,S
    260  2     C4B9 8B   0F              ADDA #$0f
    261  4+1   C4BB A7   E8 87           STA -121,S
    262  4+4   C4BE 32   E9 FF62         LEAS -158,S
    263  4+0   C4C2 A6   E4              LDA ,S
    264  5     C4C4 B7   CADD            STA ERASE_CODE_HSL5_1+398
    265  2     C4C7 86   0F              LDA  #$0F
    266  4+0   C4C9 A4   E4              ANDA ,S
    267  2     C4CB 8B   D0              ADDA #$d0
    268  4+0   C4CD A7   E4              STA ,S
    269  4+1   C4CF A6   7F              LDA -1,S
    270  5     C4D1 B7   CAE1            STA ERASE_CODE_HSL5_1+402
    271  2     C4D4 86   38              LDA #$38
    272  4+1   C4D6 A7   7F              STA -1,S
    273  4+1   C4D8 A6   7E              LDA -2,S
    274  5     C4DA B7   CAE9            STA ERASE_CODE_HSL5_1+410
    275  2     C4DD 86   F0              LDA  #$F0
    276  4+1   C4DF A4   7E              ANDA -2,S
    277  2     C4E1 8B   08              ADDA #$08
    278  4+1   C4E3 A7   7E              STA -2,S
    279  4+1   C4E5 A6   7D              LDA -3,S
    280  5     C4E7 B7   CAED            STA ERASE_CODE_HSL5_1+414
    281  2     C4EA 86   CF              LDA #$cf
    282  4+1   C4EC A7   7D              STA -3,S
    283  4+1   C4EE A6   E8 D8           LDA -40,S
    284  5     C4F1 B7   CAF6            STA ERASE_CODE_HSL5_1+423
    285  2     C4F4 86   0F              LDA  #$0F
    286  4+1   C4F6 A4   E8 D8           ANDA -40,S
    287  2     C4F9 8B   A0              ADDA #$a0
    288  4+1   C4FB A7   E8 D8           STA -40,S
    289  4+1   C4FE A6   E8 D7           LDA -41,S
    290  5     C501 B7   CAFB            STA ERASE_CODE_HSL5_1+428
    291  2     C504 86   35              LDA #$35
    292  4+1   C506 A7   E8 D7           STA -41,S
    293  4+1   C509 A6   E8 D6           LDA -42,S
    294  5     C50C B7   CB05            STA ERASE_CODE_HSL5_1+438
    295  2     C50F 86   F0              LDA  #$F0
    296  4+1   C511 A4   E8 D6           ANDA -42,S
    297  2     C514 8B   03              ADDA #$03
    298  4+1   C516 A7   E8 D6           STA -42,S
    299  4+1   C519 A6   E8 D5           LDA -43,S
    300  5     C51C B7   CB0A            STA ERASE_CODE_HSL5_1+443
    301  2     C51F 86   CC              LDA #$cc
    302  4+1   C521 A7   E8 D5           STA -43,S
    303  4+1   C524 A6   E8 B0           LDA -80,S
    304  5     C527 B7   CB14            STA ERASE_CODE_HSL5_1+453
    305  2     C52A 86   0F              LDA  #$0F
    306  4+1   C52C A4   E8 B0           ANDA -80,S
    307  2     C52F 8B   A0              ADDA #$a0
    308  4+1   C531 A7   E8 B0           STA -80,S
    309  4+1   C534 32   E8 AD           LEAS -83,S
    310  5+3   C537 35   12              PULS A,X
    311  5     C539 B7   CB1C            STA ERASE_CODE_HSL5_1+461
    312  6     C53C BF   CB1E            STX ERASE_CODE_HSL5_1+463
    313  2     C53F 86   F9              LDA #$f9
    314  3     C541 8E   8F03            LDX #$8f03
    315  5+3   C544 34   12              PSHS X,A
    316  5+1   C546 AE   E8 D9           LDX -39,S
    317  6     C549 BF   CB23            STX ERASE_CODE_HSL5_1+468
    318  3     C54C 8E   8F04            LDX #$8f04
    319  5+1   C54F AF   E8 D9           STX -39,S
    320  4+1   C552 A6   E8 D8           LDA -40,S
    321  5     C555 B7   CB2E            STA ERASE_CODE_HSL5_1+479
    322  2     C558 86   0F              LDA  #$0F
    323  4+1   C55A A4   E8 D8           ANDA -40,S
    324  2     C55D 8B   F0              ADDA #$f0
    325  4+1   C55F A7   E8 D8           STA -40,S
    326  5+1   C562 AE   E8 B1           LDX -79,S
    327  6     C565 BF   CB33            STX ERASE_CODE_HSL5_1+484
    328  3     C568 8E   4BB2            LDX #$4bb2
    329  5+1   C56B AF   E8 B1           STX -79,S
    330  4+1   C56E A6   E8 8B           LDA -117,S
    331  5     C571 B7   CB3E            STA ERASE_CODE_HSL5_1+495
    332  2     C574 86   0F              LDA  #$0F
    333  4+1   C576 A4   E8 8B           ANDA -117,S
    334  2     C579 8B   D0              ADDA #$d0
    335  4+1   C57B A7   E8 8B           STA -117,S
    336  5+1   C57E AE   E8 89           LDX -119,S
    337  6     C581 BF   CB43            STX ERASE_CODE_HSL5_1+500
    338  3     C584 8E   2FF0            LDX #$2ff0
    339  5+1   C587 AF   E8 89           STX -119,S
    340  4+4   C58A 32   E9 FF64         LEAS -156,S
    341  4+1   C58E 32   7D              LEAS -3,S
    342  5+3   C590 35   12              PULS A,X
    343  5     C592 B7   CB4D            STA ERASE_CODE_HSL5_1+510
    344  6     C595 BF   CB4F            STX ERASE_CODE_HSL5_1+512
    345  2     C598 86   0F              LDA #$0f
    346  3     C59A 8E   F0ED            LDX #$f0ed
    347  5+3   C59D 34   12              PSHS X,A
    348  4+1   C59F 32   E8 D8           LEAS -40,S
    349  5+3   C5A2 35   12              PULS A,X
    350  5     C5A4 B7   CB57            STA ERASE_CODE_HSL5_1+520
    351  6     C5A7 BF   CB59            STX ERASE_CODE_HSL5_1+522
    352  2     C5AA 86   0F              LDA #$0f
    353  3     C5AC 8E   F0EE            LDX #$f0ee
    354  5+3   C5AF 34   12              PSHS X,A
    355  4+1   C5B1 32   E8 D8           LEAS -40,S
    356  5+3   C5B4 35   12              PULS A,X
    357  5     C5B6 B7   CB61            STA ERASE_CODE_HSL5_1+530
    358  6     C5B9 BF   CB63            STX ERASE_CODE_HSL5_1+532
    359  2     C5BC 86   20              LDA #$20
    360  3     C5BE 8E   00ED            LDX #$00ed
    361  5+3   C5C1 34   12              PSHS X,A
    362  4+1   C5C3 32   E8 D8           LEAS -40,S
    363  5+3   C5C6 35   12              PULS A,X
    364  5     C5C8 B7   CB6B            STA ERASE_CODE_HSL5_1+540
    365  6     C5CB BF   CB6D            STX ERASE_CODE_HSL5_1+542
    366  2     C5CE 86   40              LDA #$40
    367  3     C5D0 8E   02DA            LDX #$02da
    368  5+3   C5D3 34   12              PSHS X,A
    369  4+1   C5D5 A6   E8 DA           LDA -38,S
    370  5     C5D8 B7   CB77            STA ERASE_CODE_HSL5_1+552
    371  2     C5DB 86   0F              LDA  #$0F
    372  4+1   C5DD A4   E8 DA           ANDA -38,S
    373  2     C5E0 8B   A0              ADDA #$a0
    374  4+1   C5E2 A7   E8 DA           STA -38,S
    375  5+1   C5E5 AE   E8 D8           LDX -40,S
    376  6     C5E8 BF   CB7C            STX ERASE_CODE_HSL5_1+557
    377  3     C5EB 8E   D407            LDX #$d407
    378  5+1   C5EE AF   E8 D8           STX -40,S
    379  5+1   C5F1 AE   E8 B0           LDX -80,S
    380  6     C5F4 BF   CB82            STX ERASE_CODE_HSL5_1+563
    381  3     C5F7 8E   A7A7            LDX #$a7a7
    382  5+1   C5FA AF   E8 B0           STX -80,S
    383  5+1   C5FD AE   E8 88           LDX -120,S
    384  6     C600 BF   CB88            STX ERASE_CODE_HSL5_1+569
    385  3     C603 8E   F748            LDX #$f748
    386  5+1   C606 AF   E8 88           STX -120,S
    387  4+4   C609 32   E9 FF63         LEAS -157,S
    388  4+1   C60D 32   7D              LEAS -3,S
    389  5+3   C60F 35   12              PULS A,X
    390  5     C611 B7   CB92            STA ERASE_CODE_HSL5_1+579
    391  6     C614 BF   CB94            STX ERASE_CODE_HSL5_1+581
    392  2     C617 86   E7              LDA #$e7
    393  3     C619 8E   48EA            LDX #$48ea
    394  5+3   C61C 34   12              PSHS X,A
    395  4+1   C61E A6   E8 DA           LDA -38,S
    396  5     C621 B7   CB9E            STA ERASE_CODE_HSL5_1+591
    397  2     C624 86   0F              LDA  #$0F
    398  4+1   C626 A4   E8 DA           ANDA -38,S
    399  2     C629 8B   D0              ADDA #$d0
    400  4+1   C62B A7   E8 DA           STA -38,S
    401  5+1   C62E AE   E8 D8           LDX -40,S
    402  6     C631 BF   CBA3            STX ERASE_CODE_HSL5_1+596
    403  3     C634 8E   DF4A            LDX #$df4a
    404  5+1   C637 AF   E8 D8           STX -40,S
    405  4+1   C63A A6   E8 B2           LDA -78,S
    406  5     C63D B7   CBAE            STA ERASE_CODE_HSL5_1+607
    407  2     C640 86   0F              LDA  #$0F
    408  4+1   C642 A4   E8 B2           ANDA -78,S
    409  2     C645 8B   A0              ADDA #$a0
    410  4+1   C647 A7   E8 B2           STA -78,S
    411  4+1   C64A A6   E8 B1           LDA -79,S
    412  5     C64D B7   CBB3            STA ERASE_CODE_HSL5_1+612
    413  2     C650 86   74              LDA #$74
    414  4+1   C652 A7   E8 B1           STA -79,S
    415  4+1   C655 A6   E8 B0           LDA -80,S
    416  5     C658 B7   CBBD            STA ERASE_CODE_HSL5_1+622
    417  2     C65B 86   0F              LDA  #$0F
    418  4+1   C65D A4   E8 B0           ANDA -80,S
    419  2     C660 8B   D0              ADDA #$d0
    420  4+1   C662 A7   E8 B0           STA -80,S
    421  4+1   C665 A6   E8 89           LDA -119,S
    422  5     C668 B7   CBC2            STA ERASE_CODE_HSL5_1+627
    423  2     C66B 86   77              LDA #$77
    424  4+1   C66D A7   E8 89           STA -119,S
    425  4+4   C670 32   E9 FF61         LEAS -159,S
    426  4+0   C674 A6   E4              LDA ,S
    427  5     C676 B7   CBCF            STA ERASE_CODE_HSL5_1+640
    428  2     C679 86   F0              LDA  #$F0
    429  4+0   C67B A4   E4              ANDA ,S
    430  2     C67D 8B   0A              ADDA #$0a
    431  4+0   C67F A7   E4              STA ,S
    432
    433  7     C681 10FE 9F02            LDS $9F00+2
    434  7     C685 10FF CBD4            STS ERASE_POS_HSL5_2+2
    435  3     C689 CE   C942            LDU #DATA_HSL5_2
    436
    437  4+1   C68C 32   7B              LEAS -5,S
    438  4+0   C68E A6   E4              LDA ,S
    439  5     C690 B7   CBE0            STA ERASE_CODE_HSL5_2+7
    440  2     C693 86   0F              LDA  #$0F
    441  4+0   C695 A4   E4              ANDA ,S
    442  2     C697 8B   F0              ADDA #$f0
    443  4+0   C699 A7   E4              STA ,S
    444  4+1   C69B A6   E8 D8           LDA -40,S
    445  5     C69E B7   CBE9            STA ERASE_CODE_HSL5_2+16
    446  2     C6A1 86   0F              LDA  #$0F
    447  4+1   C6A3 A4   E8 D8           ANDA -40,S
    448  2     C6A6 8B   F0              ADDA #$f0
    449  4+1   C6A8 A7   E8 D8           STA -40,S
    450  4+1   C6AB A6   E8 B0           LDA -80,S
    451  5     C6AE B7   CBEE            STA ERASE_CODE_HSL5_2+21
    452  2     C6B1 86   CF              LDA #$cf
    453  4+1   C6B3 A7   E8 B0           STA -80,S
    454  4+1   C6B6 A6   E8 88           LDA -120,S
    455  5     C6B9 B7   CBF3            STA ERASE_CODE_HSL5_2+26
    456  2     C6BC 86   CF              LDA #$cf
    457  4+1   C6BE A7   E8 88           STA -120,S
    458  4+4   C6C1 32   E9 FF61         LEAS -159,S
    459  4+1   C6C5 A6   7F              LDA -1,S
    460  5     C6C7 B7   CBFC            STA ERASE_CODE_HSL5_2+35
    461  2     C6CA 86   6F              LDA #$6f
    462  4+1   C6CC A7   7F              STA -1,S
    463  4+1   C6CE A6   E8 D7           LDA -41,S
    464  5     C6D1 B7   CC00            STA ERASE_CODE_HSL5_2+39
    465  2     C6D4 86   26              LDA #$26
    466  4+1   C6D6 A7   E8 D7           STA -41,S
    467  4+1   C6D9 A6   E8 AF           LDA -81,S
    468  5     C6DC B7   CC05            STA ERASE_CODE_HSL5_2+44
    469  2     C6DF 86   02              LDA #$02
    470  4+1   C6E1 A7   E8 AF           STA -81,S
    471  4+1   C6E4 A6   E8 87           LDA -121,S
    472  5     C6E7 B7   CC0A            STA ERASE_CODE_HSL5_2+49
    473  2     C6EA 86   00              LDA #$00
    474  4+1   C6EC A7   E8 87           STA -121,S
    475  4+4   C6EF 32   E9 FF60         LEAS -160,S
    476  4+0   C6F3 A6   E4              LDA ,S
    477  5     C6F5 B7   CC17            STA ERASE_CODE_HSL5_2+62
    478  2     C6F8 86   F0              LDA  #$F0
    479  4+0   C6FA A4   E4              ANDA ,S
    480  2     C6FC 8B   0F              ADDA #$0f
    481  4+0   C6FE A7   E4              STA ,S
    482  4+1   C700 A6   7F              LDA -1,S
    483  5     C702 B7   CC1B            STA ERASE_CODE_HSL5_2+66
    484  2     C705 86   20              LDA #$20
    485  4+1   C707 A7   7F              STA -1,S
    486  4+1   C709 A6   E8 D8           LDA -40,S
    487  5     C70C B7   CC1F            STA ERASE_CODE_HSL5_2+70
    488  2     C70F 86   EE              LDA #$ee
    489  4+1   C711 A7   E8 D8           STA -40,S
    490  4+1   C714 A6   E8 B2           LDA -78,S
    491  5     C717 B7   CC29            STA ERASE_CODE_HSL5_2+80
    492  2     C71A 86   F0              LDA  #$F0
    493  4+1   C71C A4   E8 B2           ANDA -78,S
    494  2     C71F 8B   0B              ADDA #$0b
    495  4+1   C721 A7   E8 B2           STA -78,S
    496  4+1   C724 A6   E8 B1           LDA -79,S
    497  5     C727 B7   CC33            STA ERASE_CODE_HSL5_2+90
    498  2     C72A 86   0F              LDA  #$0F
    499  4+1   C72C A4   E8 B1           ANDA -79,S
    500  2     C72F 8B   D0              ADDA #$d0
    501  4+1   C731 A7   E8 B1           STA -79,S
    502  4+1   C734 A6   E8 B0           LDA -80,S
    503  5     C737 B7   CC38            STA ERASE_CODE_HSL5_2+95
    504  2     C73A 86   DD              LDA #$dd
    505  4+1   C73C A7   E8 B0           STA -80,S
    506  4+1   C73F A6   E8 AF           LDA -81,S
    507  5     C742 B7   CC42            STA ERASE_CODE_HSL5_2+105
    508  2     C745 86   0F              LDA  #$0F
    509  4+1   C747 A4   E8 AF           ANDA -81,S
    510  2     C74A 8B   F0              ADDA #$f0
    511  4+1   C74C A7   E8 AF           STA -81,S
    512  4+1   C74F A6   E8 8A           LDA -118,S
    513  5     C752 B7   CC47            STA ERASE_CODE_HSL5_2+110
    514  2     C755 86   B2              LDA #$b2
    515  4+1   C757 A7   E8 8A           STA -118,S
    516  4+1   C75A A6   E8 89           LDA -119,S
    517  5     C75D B7   CC51            STA ERASE_CODE_HSL5_2+120
    518  2     C760 86   0F              LDA  #$0F
    519  4+1   C762 A4   E8 89           ANDA -119,S
    520  2     C765 8B   D0              ADDA #$d0
    521  4+1   C767 A7   E8 89           STA -119,S
    522  5+1   C76A AE   E8 87           LDX -121,S
    523  6     C76D BF   CC56            STX ERASE_CODE_HSL5_2+125
    524  3     C770 8E   FFAE            LDX #$ffae
    525  5+1   C773 AF   E8 87           STX -121,S
    526  4+4   C776 32   E9 FF63         LEAS -157,S
    527  4+1   C77A A6   7F              LDA -1,S
    528  5     C77C B7   CC60            STA ERASE_CODE_HSL5_2+135
    529  2     C77F 86   20              LDA #$20
    530  4+1   C781 A7   7F              STA -1,S
    531  4+1   C783 A6   7E              LDA -2,S
    532  5     C785 B7   CC68            STA ERASE_CODE_HSL5_2+143
    533  2     C788 86   0F              LDA  #$0F
    534  4+1   C78A A4   7E              ANDA -2,S
    535  2     C78C 8B   D0              ADDA #$d0
    536  4+1   C78E A7   7E              STA -2,S
    537  5+1   C790 AE   7C              LDX -4,S
    538  6     C792 BF   CC6C            STX ERASE_CODE_HSL5_2+147
    539  3     C795 8E   FF8C            LDX #$ff8c
    540  5+1   C798 AF   7C              STX -4,S
    541  4+1   C79A A6   E8 D7           LDA -41,S
    542  5     C79D B7   CC71            STA ERASE_CODE_HSL5_2+152
    543  2     C7A0 86   02              LDA #$02
    544  4+1   C7A2 A7   E8 D7           STA -41,S
    545  4+1   C7A5 A6   E8 D6           LDA -42,S
    546  5     C7A8 B7   CC7B            STA ERASE_CODE_HSL5_2+162
    547  2     C7AB 86   0F              LDA  #$0F
    548  4+1   C7AD A4   E8 D6           ANDA -42,S
    549  2     C7B0 8B   A0              ADDA #$a0
    550  4+1   C7B2 A7   E8 D6           STA -42,S
    551  5+1   C7B5 AE   E8 D4           LDX -44,S
    552  6     C7B8 BF   CC80            STX ERASE_CODE_HSL5_2+167
    553  3     C7BB 8E   FC35            LDX #$fc35
    554  5+1   C7BE AF   E8 D4           STX -44,S
    555  4+1   C7C1 A6   E8 AF           LDA -81,S
    556  5     C7C4 B7   CC8B            STA ERASE_CODE_HSL5_2+178
    557  2     C7C7 86   0F              LDA  #$0F
    558  4+1   C7C9 A4   E8 AF           ANDA -81,S
    559  2     C7CC 8B   00              ADDA #$00
    560  4+1   C7CE A7   E8 AF           STA -81,S
    561  5+1   C7D1 AE   E8 AC           LDX -84,S
    562  6     C7D4 BF   CC90            STX ERASE_CODE_HSL5_2+183
    563  3     C7D7 8E   FF33            LDX #$ff33
    564  5+1   C7DA AF   E8 AC           STX -84,S
    565  4+1   C7DD 32   E8 84           LEAS -124,S
    566  5+3   C7E0 35   12              PULS A,X
    567  5     C7E2 B7   CC99            STA ERASE_CODE_HSL5_2+192
    568  6     C7E5 BF   CC9B            STX ERASE_CODE_HSL5_2+194
    569  2     C7E8 86   66              LDA #$66
    570  3     C7EA 8E   38C8            LDX #$38c8
    571  5+3   C7ED 34   12              PSHS X,A
    572  5+1   C7EF AE   E8 D9           LDX -39,S
    573  6     C7F2 BF   CCA0            STX ERASE_CODE_HSL5_2+199
    574  3     C7F5 8E   CC53            LDX #$cc53
    575  5+1   C7F8 AF   E8 D9           STX -39,S
    576  4+1   C7FB A6   E8 D8           LDA -40,S
    577  5     C7FE B7   CCAB            STA ERASE_CODE_HSL5_2+210
    578  2     C801 86   0F              LDA  #$0F
    579  4+1   C803 A4   E8 D8           ANDA -40,S
    580  2     C806 8B   60              ADDA #$60
    581  4+1   C808 A7   E8 D8           STA -40,S
    582  5+1   C80B AE   E8 B1           LDX -79,S
    583  6     C80E BF   CCB0            STX ERASE_CODE_HSL5_2+215
    584  3     C811 8E   85FE            LDX #$85fe
    585  5+1   C814 AF   E8 B1           STX -79,S
    586  4+1   C817 A6   E8 B0           LDA -80,S
    587  5     C81A B7   CCBB            STA ERASE_CODE_HSL5_2+226
    588  2     C81D 86   0F              LDA  #$0F
    589  4+1   C81F A4   E8 B0           ANDA -80,S
    590  2     C822 8B   20              ADDA #$20
    591  4+1   C824 A7   E8 B0           STA -80,S
    592  5+1   C827 AE   E8 89           LDX -119,S
    593  6     C82A BF   CCC0            STX ERASE_CODE_HSL5_2+231
    594  3     C82D 8E   3FEE            LDX #$3fee
    595  5+1   C830 AF   E8 89           STX -119,S
    596  4+4   C833 32   E9 FF63         LEAS -157,S
    597  5+1   C837 AE   7E              LDX -2,S
    598  6     C839 BF   CCCA            STX ERASE_CODE_HSL5_2+241
    599  3     C83C 8E   33EE            LDX #$33ee
    600  5+1   C83F AF   7E              STX -2,S
    601  5+1   C841 AE   E8 D6           LDX -42,S
    602  6     C844 BF   CCCF            STX ERASE_CODE_HSL5_2+246
    603  3     C847 8E   31EE            LDX #$31ee
    604  5+1   C84A AF   E8 D6           STX -42,S
    605  5+1   C84D AE   E8 AE           LDX -82,S
    606  6     C850 BF   CCD5            STX ERASE_CODE_HSL5_2+252
    607  3     C853 8E   50DE            LDX #$50de
    608  5+1   C856 AF   E8 AE           STX -82,S
    609  5+1   C859 AE   E8 86           LDX -122,S
    610  6     C85C BF   CCDB            STX ERASE_CODE_HSL5_2+258
    611  3     C85F 8E   00AE            LDX #$00ae
    612  5+1   C862 AF   E8 86           STX -122,S
    613  4+4   C865 32   E9 FF60         LEAS -160,S
    614  5+1   C869 AE   7E              LDX -2,S
    615  6     C86B BF   CCE5            STX ERASE_CODE_HSL5_2+268
    616  3     C86E 8E   00AE            LDX #$00ae
    617  5+1   C871 AF   7E              STX -2,S
    618  4+1   C873 A6   E8 D8           LDA -40,S
    619  5     C876 B7   CCEF            STA ERASE_CODE_HSL5_2+278
    620  2     C879 86   0F              LDA  #$0F
    621  4+1   C87B A4   E8 D8           ANDA -40,S
    622  2     C87E 8B   D0              ADDA #$d0
    623  4+1   C880 A7   E8 D8           STA -40,S
    624  5+1   C883 AE   E8 D6           LDX -42,S
    625  6     C886 BF   CCF4            STX ERASE_CODE_HSL5_2+283
    626  3     C889 8E   207D            LDX #$207d
    627  5+1   C88C AF   E8 D6           STX -42,S
    628  4+1   C88F A6   E8 B0           LDA -80,S
    629  5     C892 B7   CCFF            STA ERASE_CODE_HSL5_2+294
    630  2     C895 86   0F              LDA  #$0F
    631  4+1   C897 A4   E8 B0           ANDA -80,S
    632  2     C89A 8B   A0              ADDA #$a0
    633  4+1   C89C A7   E8 B0           STA -80,S
    634  5+1   C89F AE   E8 AE           LDX -82,S
    635  6     C8A2 BF   CD04            STX ERASE_CODE_HSL5_2+299
    636  3     C8A5 8E   407D            LDX #$407d
    637  5+1   C8A8 AF   E8 AE           STX -82,S
    638  5+1   C8AB AE   E8 86           LDX -122,S
    639  6     C8AE BF   CD0A            STX ERASE_CODE_HSL5_2+305
    640  3     C8B1 8E   707D            LDX #$707d
    641  5+1   C8B4 AF   E8 86           STX -122,S
    642  4+4   C8B7 32   E9 FF60         LEAS -160,S
    643  5+1   C8BB AE   7E              LDX -2,S
    644  6     C8BD BF   CD14            STX ERASE_CODE_HSL5_2+315
    645  3     C8C0 8E   727E            LDX #$727e
    646  5+1   C8C3 AF   7E              STX -2,S
    647  5+1   C8C5 AE   E8 D6           LDX -42,S
    648  6     C8C8 BF   CD19            STX ERASE_CODE_HSL5_2+320
    649  3     C8CB 8E   4A7D            LDX #$4a7d
    650  5+1   C8CE AF   E8 D6           STX -42,S
    651  5+1   C8D1 AE   E8 AE           LDX -82,S
    652  6     C8D4 BF   CD1F            STX ERASE_CODE_HSL5_2+326
    653  3     C8D7 8E   475E            LDX #$475e
    654  5+1   C8DA AF   E8 AE           STX -82,S
    655  5+1   C8DD AE   E8 86           LDX -122,S
    656  6     C8E0 BF   CD25            STX ERASE_CODE_HSL5_2+332
    657  3     C8E3 8E   443E            LDX #$443e
    658  5+1   C8E6 AF   E8 86           STX -122,S
    659  4+4   C8E9 32   E9 FF60         LEAS -160,S
    660  5+1   C8ED AE   7E              LDX -2,S
    661  6     C8EF BF   CD2F            STX ERASE_CODE_HSL5_2+342
    662  3     C8F2 8E   743D            LDX #$743d
    663  5+1   C8F5 AF   7E              STX -2,S
    664  5+1   C8F7 AE   E8 D6           LDX -42,S
    665  6     C8FA BF   CD34            STX ERASE_CODE_HSL5_2+347
    666  3     C8FD 8E   775D            LDX #$775d
    667  5+1   C900 AF   E8 D6           STX -42,S
    668  5+1   C903 AE   E8 AE           LDX -82,S
    669  6     C906 BF   CD3A            STX ERASE_CODE_HSL5_2+353
    670  3     C909 8E   A78E            LDX #$a78e
    671  5+1   C90C AF   E8 AE           STX -82,S
    672  4+1   C90F A6   E8 87           LDA -121,S
    673  5     C912 B7   CD40            STA ERASE_CODE_HSL5_2+359
    674  2     C915 86   DA              LDA #$da
    675  4+1   C917 A7   E8 87           STA -121,S
    676  4+1   C91A A6   E8 86           LDA -122,S
    677  5     C91D B7   CD4A            STA ERASE_CODE_HSL5_2+369
    678  2     C920 86   F0              LDA  #$F0
    679  4+1   C922 A4   E8 86           ANDA -122,S
    680  2     C925 8B   0A              ADDA #$0a
    681  4+1   C927 A7   E8 86           STA -122,S
    682  4+4   C92A 32   E9 FF5F         LEAS -161,S
    683  4+0   C92E A6   E4              LDA ,S
    684  5     C930 B7   CD57            STA ERASE_CODE_HSL5_2+382
    685  2     C933 86   0F              LDA  #$0F
    686  4+0   C935 A4   E4              ANDA ,S
    687  2     C937 8B   A0              ADDA #$a0
    688  4+0   C939 A7   E4              STA ,S
    689
    690        C93B               SSAV_HSL5
    691  4     C93B 10CE 0000            LDS #$0000
    692  5+3   C93F 35   48              PULS U,DP
    693  5     C941 39                   RTS
    694
    695        C942               DATA_HSL5_2
    696        C942               DATA_HSL5_1
    697        C942               ERASE_HSL5
    698  5+3   C942 34   48              PSHS U,DP
    699  7     C944 10FF CD5C            STS ERASE_SSAV_HSL5+2
    700
    701        C948               ERASE_POS_HSL5_1
    702  4     C948 10CE 0000            LDS #$0000
    703  3     C94C CE   CD61            LDU #ERASE_DATA_HSL5_1
    704        C94F               ERASE_CODE_HSL5_1
    705  4+1   C94F 32   E8 D3           LEAS -45,S
    706  2     C952 86   F0              LDA  #$F0
    707  4+0   C954 A4   E4              ANDA ,S
    708  2     C956 8B   0F              ADDA #$0f
    709  4+0   C958 A7   E4              STA ,S
    710  2     C95A 86   F0              LDA  #$F0
    711  4+1   C95C A4   E8 D8           ANDA -40,S
    712  2     C95F 8B   0B              ADDA #$0b
    713  4+1   C961 A7   E8 D8           STA -40,S
    714  2     C964 86   F0              LDA  #$F0
    715  4+1   C966 A4   E8 B0           ANDA -80,S
    716  2     C969 8B   06              ADDA #$06
    717  4+1   C96B A7   E8 B0           STA -80,S
    718  2     C96E 86   0F              LDA  #$0F
    719  4+1   C970 A4   E8 89           ANDA -119,S
    720  2     C973 8B   60              ADDA #$60
    721  4+1   C975 A7   E8 89           STA -119,S
    722  2     C978 86   F0              LDA  #$F0
    723  4+1   C97A A4   E8 88           ANDA -120,S
    724  2     C97D 8B   02              ADDA #$02
    725  4+1   C97F A7   E8 88           STA -120,S
    726  4+4   C982 32   E9 FF61         LEAS -159,S
    727  2     C986 86   0F              LDA  #$0F
    728  4+0   C988 A4   E4              ANDA ,S
    729  2     C98A 8B   B0              ADDA #$b0
    730  4+0   C98C A7   E4              STA ,S
    731  2     C98E 86   F9              LDA #$f9
    732  4+1   C990 A7   7F              STA -1,S
    733  2     C992 86   0F              LDA  #$0F
    734  4+1   C994 A4   E8 D8           ANDA -40,S
    735  2     C997 8B   E0              ADDA #$e0
    736  4+1   C999 A7   E8 D8           STA -40,S
    737  2     C99C 86   C9              LDA #$c9
    738  4+1   C99E A7   E8 D7           STA -41,S
    739  2     C9A1 86   0F              LDA  #$0F
    740  4+1   C9A3 A4   E8 B1           ANDA -79,S
    741  2     C9A6 8B   E0              ADDA #$e0
    742  4+1   C9A8 A7   E8 B1           STA -79,S
    743  3     C9AB 8E   C9AE            LDX #$c9ae
    744  5+1   C9AE AF   E8 AF           STX -81,S
    745  2     C9B1 86   F0              LDA  #$F0
    746  4+1   C9B3 A4   E8 88           ANDA -120,S
    747  2     C9B6 8B   0D              ADDA #$0d
    748  4+1   C9B8 A7   E8 88           STA -120,S
    749  2     C9BB 86   C9              LDA #$c9
    750  4+1   C9BD A7   E8 87           STA -121,S
    751  4+4   C9C0 32   E9 FF63         LEAS -157,S
    752  2     C9C4 86   0F              LDA  #$0F
    753  4+0   C9C6 A4   E4              ANDA ,S
    754  2     C9C8 8B   20              ADDA #$20
    755  4+0   C9CA A7   E4              STA ,S
    756  2     C9CC 86   99              LDA #$99
    757  4+1   C9CE A7   7C              STA -4,S
    758  2     C9D0 86   0F              LDA  #$0F
    759  4+1   C9D2 A4   E8 D8           ANDA -40,S
    760  2     C9D5 8B   00              ADDA #$00
    761  4+1   C9D7 A7   E8 D8           STA -40,S
    762  2     C9DA 86   F0              LDA  #$F0
    763  4+1   C9DC A4   E8 D7           ANDA -41,S
    764  2     C9DF 8B   02              ADDA #$02
    765  4+1   C9E1 A7   E8 D7           STA -41,S
    766  2     C9E4 86   99              LDA #$99
    767  4+1   C9E6 A7   E8 D4           STA -44,S
    768  2     C9E9 86   0F              LDA  #$0F
    769  4+1   C9EB A4   E8 B0           ANDA -80,S
    770  2     C9EE 8B   B0              ADDA #$b0
    771  4+1   C9F0 A7   E8 B0           STA -80,S
    772  2     C9F3 86   F0              LDA  #$F0
    773  4+1   C9F5 A4   E8 AF           ANDA -81,S
    774  2     C9F8 8B   02              ADDA #$02
    775  4+1   C9FA A7   E8 AF           STA -81,S
    776  2     C9FD 86   F0              LDA  #$F0
    777  4+1   C9FF A4   E8 AE           ANDA -82,S
    778  2     CA02 8B   0E              ADDA #$0e
    779  4+1   CA04 A7   E8 AE           STA -82,S
    780  2     CA07 86   F0              LDA  #$F0
    781  4+1   CA09 A4   E8 AD           ANDA -83,S
    782  2     CA0C 8B   0F              ADDA #$0f
    783  4+1   CA0E A7   E8 AD           STA -83,S
    784  2     CA11 86   0F              LDA  #$0F
    785  4+1   CA13 A4   E8 AC           ANDA -84,S
    786  2     CA16 8B   90              ADDA #$90
    787  4+1   CA18 A7   E8 AC           STA -84,S
    788  2     CA1B 86   0F              LDA  #$0F
    789  4+1   CA1D A4   E8 88           ANDA -120,S
    790  2     CA20 8B   20              ADDA #$20
    791  4+1   CA22 A7   E8 88           STA -120,S
    792  2     CA25 86   F0              LDA  #$F0
    793  4+1   CA27 A4   E8 87           ANDA -121,S
    794  2     CA2A 8B   00              ADDA #$00
    795  4+1   CA2C A7   E8 87           STA -121,S
    796  2     CA2F 86   FE              LDA #$fe
    797  4+1   CA31 A7   E8 86           STA -122,S
    798  2     CA34 86   F0              LDA  #$F0
    799  4+1   CA36 A4   E8 85           ANDA -123,S
    800  2     CA39 8B   0E              ADDA #$0e
    801  4+1   CA3B A7   E8 85           STA -123,S
    802  2     CA3E 86   9C              LDA #$9c
    803  4+1   CA40 A7   E8 84           STA -124,S
    804  4+4   CA43 32   E9 FF60         LEAS -160,S
    805  2     CA47 86   0F              LDA  #$0F
    806  4+0   CA49 A4   E4              ANDA ,S
    807  2     CA4B 8B   00              ADDA #$00
    808  4+0   CA4D A7   E4              STA ,S
    809  2     CA4F 86   F0              LDA  #$F0
    810  4+1   CA51 A4   7F              ANDA -1,S
    811  2     CA53 8B   02              ADDA #$02
    812  4+1   CA55 A7   7F              STA -1,S
    813  2     CA57 86   DE              LDA #$de
    814  4+1   CA59 A7   7E              STA -2,S
    815  2     CA5B 86   F0              LDA  #$F0
    816  4+1   CA5D A4   7D              ANDA -3,S
    817  2     CA5F 8B   0D              ADDA #$0d
    818  4+1   CA61 A7   7D              STA -3,S
    819  2     CA63 86   F0              LDA  #$F0
    820  4+1   CA65 A4   7C              ANDA -4,S
    821  2     CA67 8B   0C              ADDA #$0c
    822  4+1   CA69 A7   7C              STA -4,S
    823  4+1   CA6B 32   E8 D8           LEAS -40,S
    824  2     CA6E 86   FC              LDA #$fc
    825  3     CA70 8E   DE83            LDX #$de83
    826  5+3   CA73 34   12              PSHS X,A
    827  2     CA75 86   F0              LDA  #$F0
    828  4+1   CA77 A4   7F              ANDA -1,S
    829  2     CA79 8B   0F              ADDA #$0f
    830  4+1   CA7B A7   7F              STA -1,S
    831  2     CA7D 86   0F              LDA  #$0F
    832  4+1   CA7F A4   E8 DA           ANDA -38,S
    833  2     CA82 8B   30              ADDA #$30
    834  4+1   CA84 A7   E8 DA           STA -38,S
    835  3     CA87 8E   F8EF            LDX #$f8ef
    836  5+1   CA8A AF   E8 D8           STX -40,S
    837  2     CA8D 86   F0              LDA  #$F0
    838  4+1   CA8F A4   E8 D7           ANDA -41,S
    839  2     CA92 8B   0F              ADDA #$0f
    840  4+1   CA94 A7   E8 D7           STA -41,S
    841  2     CA97 86   0F              LDA  #$0F
    842  4+1   CA99 A4   E8 B2           ANDA -78,S
    843  2     CA9C 8B   E0              ADDA #$e0
    844  4+1   CA9E A7   E8 B2           STA -78,S
    845  3     CAA1 8E   DFFC            LDX #$dffc
    846  5+1   CAA4 AF   E8 B0           STX -80,S
    847  2     CAA7 86   F0              LDA  #$F0
    848  4+1   CAA9 A4   E8 AF           ANDA -81,S
    849  2     CAAC 8B   0F              ADDA #$0f
    850  4+1   CAAE A7   E8 AF           STA -81,S
    851  2     CAB1 86   0F              LDA  #$0F
    852  4+1   CAB3 A4   E8 8A           ANDA -118,S
    853  2     CAB6 8B   D0              ADDA #$d0
    854  4+1   CAB8 A7   E8 8A           STA -118,S
    855  2     CABB 86   8E              LDA #$8e
    856  4+1   CABD A7   E8 89           STA -119,S
    857  2     CAC0 86   F0              LDA  #$F0
    858  4+1   CAC2 A4   E8 88           ANDA -120,S
    859  2     CAC5 8B   0C              ADDA #$0c
    860  4+1   CAC7 A7   E8 88           STA -120,S
    861  2     CACA 86   F0              LDA  #$F0
    862  4+1   CACC A4   E8 87           ANDA -121,S
    863  2     CACF 8B   0F              ADDA #$0f
    864  4+1   CAD1 A7   E8 87           STA -121,S
    865  4+4   CAD4 32   E9 FF62         LEAS -158,S
    866  2     CAD8 86   0F              LDA  #$0F
    867  4+0   CADA A4   E4              ANDA ,S
    868  2     CADC 8B   D0              ADDA #$d0
    869  4+0   CADE A7   E4              STA ,S
    870  2     CAE0 86   38              LDA #$38
    871  4+1   CAE2 A7   7F              STA -1,S
    872  2     CAE4 86   F0              LDA  #$F0
    873  4+1   CAE6 A4   7E              ANDA -2,S
    874  2     CAE8 8B   08              ADDA #$08
    875  4+1   CAEA A7   7E              STA -2,S
    876  2     CAEC 86   CF              LDA #$cf
    877  4+1   CAEE A7   7D              STA -3,S
    878  2     CAF0 86   0F              LDA  #$0F
    879  4+1   CAF2 A4   E8 D8           ANDA -40,S
    880  2     CAF5 8B   A0              ADDA #$a0
    881  4+1   CAF7 A7   E8 D8           STA -40,S
    882  2     CAFA 86   35              LDA #$35
    883  4+1   CAFC A7   E8 D7           STA -41,S
    884  2     CAFF 86   F0              LDA  #$F0
    885  4+1   CB01 A4   E8 D6           ANDA -42,S
    886  2     CB04 8B   03              ADDA #$03
    887  4+1   CB06 A7   E8 D6           STA -42,S
    888  2     CB09 86   CC              LDA #$cc
    889  4+1   CB0B A7   E8 D5           STA -43,S
    890  2     CB0E 86   0F              LDA  #$0F
    891  4+1   CB10 A4   E8 B0           ANDA -80,S
    892  2     CB13 8B   A0              ADDA #$a0
    893  4+1   CB15 A7   E8 B0           STA -80,S
    894  4+1   CB18 32   E8 B0           LEAS -80,S
    895  2     CB1B 86   F9              LDA #$f9
    896  3     CB1D 8E   8F03            LDX #$8f03
    897  5+3   CB20 34   12              PSHS X,A
    898  3     CB22 8E   8F04            LDX #$8f04
    899  5+1   CB25 AF   E8 D9           STX -39,S
    900  2     CB28 86   0F              LDA  #$0F
    901  4+1   CB2A A4   E8 D8           ANDA -40,S
    902  2     CB2D 8B   F0              ADDA #$f0
    903  4+1   CB2F A7   E8 D8           STA -40,S
    904  3     CB32 8E   4BB2            LDX #$4bb2
    905  5+1   CB35 AF   E8 B1           STX -79,S
    906  2     CB38 86   0F              LDA  #$0F
    907  4+1   CB3A A4   E8 8B           ANDA -117,S
    908  2     CB3D 8B   D0              ADDA #$d0
    909  4+1   CB3F A7   E8 8B           STA -117,S
    910  3     CB42 8E   2FF0            LDX #$2ff0
    911  5+1   CB45 AF   E8 89           STX -119,S
    912  4+4   CB48 32   E9 FF64         LEAS -156,S
    913  2     CB4C 86   0F              LDA #$0f
    914  3     CB4E 8E   F0ED            LDX #$f0ed
    915  5+3   CB51 34   12              PSHS X,A
    916  4+1   CB53 32   E8 DB           LEAS -37,S
    917  2     CB56 86   0F              LDA #$0f
    918  3     CB58 8E   F0EE            LDX #$f0ee
    919  5+3   CB5B 34   12              PSHS X,A
    920  4+1   CB5D 32   E8 DB           LEAS -37,S
    921  2     CB60 86   20              LDA #$20
    922  3     CB62 8E   00ED            LDX #$00ed
    923  5+3   CB65 34   12              PSHS X,A
    924  4+1   CB67 32   E8 DB           LEAS -37,S
    925  2     CB6A 86   40              LDA #$40
    926  3     CB6C 8E   02DA            LDX #$02da
    927  5+3   CB6F 34   12              PSHS X,A
    928  2     CB71 86   0F              LDA  #$0F
    929  4+1   CB73 A4   E8 DA           ANDA -38,S
    930  2     CB76 8B   A0              ADDA #$a0
    931  4+1   CB78 A7   E8 DA           STA -38,S
    932  3     CB7B 8E   D407            LDX #$d407
    933  5+1   CB7E AF   E8 D8           STX -40,S
    934  3     CB81 8E   A7A7            LDX #$a7a7
    935  5+1   CB84 AF   E8 B0           STX -80,S
    936  3     CB87 8E   F748            LDX #$f748
    937  5+1   CB8A AF   E8 88           STX -120,S
    938  4+4   CB8D 32   E9 FF63         LEAS -157,S
    939  2     CB91 86   E7              LDA #$e7
    940  3     CB93 8E   48EA            LDX #$48ea
    941  5+3   CB96 34   12              PSHS X,A
    942  2     CB98 86   0F              LDA  #$0F
    943  4+1   CB9A A4   E8 DA           ANDA -38,S
    944  2     CB9D 8B   D0              ADDA #$d0
    945  4+1   CB9F A7   E8 DA           STA -38,S
    946  3     CBA2 8E   DF4A            LDX #$df4a
    947  5+1   CBA5 AF   E8 D8           STX -40,S
    948  2     CBA8 86   0F              LDA  #$0F
    949  4+1   CBAA A4   E8 B2           ANDA -78,S
    950  2     CBAD 8B   A0              ADDA #$a0
    951  4+1   CBAF A7   E8 B2           STA -78,S
    952  2     CBB2 86   74              LDA #$74
    953  4+1   CBB4 A7   E8 B1           STA -79,S
    954  2     CBB7 86   0F              LDA  #$0F
    955  4+1   CBB9 A4   E8 B0           ANDA -80,S
    956  2     CBBC 8B   D0              ADDA #$d0
    957  4+1   CBBE A7   E8 B0           STA -80,S
    958  2     CBC1 86   77              LDA #$77
    959  4+1   CBC3 A7   E8 89           STA -119,S
    960  4+4   CBC6 32   E9 FF61         LEAS -159,S
    961  2     CBCA 86   F0              LDA  #$F0
    962  4+0   CBCC A4   E4              ANDA ,S
    963  2     CBCE 8B   0A              ADDA #$0a
    964  4+0   CBD0 A7   E4              STA ,S
    965
    966        CBD2               ERASE_POS_HSL5_2
    967  4     CBD2 10CE 0000            LDS #$0000
    968  3     CBD6 CE   CD61            LDU #ERASE_DATA_HSL5_2
    969        CBD9               ERASE_CODE_HSL5_2
    970  4+1   CBD9 32   7B              LEAS -5,S
    971  2     CBDB 86   0F              LDA  #$0F
    972  4+0   CBDD A4   E4              ANDA ,S
    973  2     CBDF 8B   F0              ADDA #$f0
    974  4+0   CBE1 A7   E4              STA ,S
    975  2     CBE3 86   0F              LDA  #$0F
    976  4+1   CBE5 A4   E8 D8           ANDA -40,S
    977  2     CBE8 8B   F0              ADDA #$f0
    978  4+1   CBEA A7   E8 D8           STA -40,S
    979  2     CBED 86   CF              LDA #$cf
    980  4+1   CBEF A7   E8 B0           STA -80,S
    981  2     CBF2 86   CF              LDA #$cf
    982  4+1   CBF4 A7   E8 88           STA -120,S
    983  4+4   CBF7 32   E9 FF61         LEAS -159,S
    984  2     CBFB 86   6F              LDA #$6f
    985  4+1   CBFD A7   7F              STA -1,S
    986  2     CBFF 86   26              LDA #$26
    987  4+1   CC01 A7   E8 D7           STA -41,S
    988  2     CC04 86   02              LDA #$02
    989  4+1   CC06 A7   E8 AF           STA -81,S
    990  2     CC09 86   00              LDA #$00
    991  4+1   CC0B A7   E8 87           STA -121,S
    992  4+4   CC0E 32   E9 FF60         LEAS -160,S
    993  2     CC12 86   F0              LDA  #$F0
    994  4+0   CC14 A4   E4              ANDA ,S
    995  2     CC16 8B   0F              ADDA #$0f
    996  4+0   CC18 A7   E4              STA ,S
    997  2     CC1A 86   20              LDA #$20
    998  4+1   CC1C A7   7F              STA -1,S
    999  2     CC1E 86   EE              LDA #$ee
   1000  4+1   CC20 A7   E8 D8           STA -40,S
   1001  2     CC23 86   F0              LDA  #$F0
   1002  4+1   CC25 A4   E8 B2           ANDA -78,S
   1003  2     CC28 8B   0B              ADDA #$0b
   1004  4+1   CC2A A7   E8 B2           STA -78,S
   1005  2     CC2D 86   0F              LDA  #$0F
   1006  4+1   CC2F A4   E8 B1           ANDA -79,S
   1007  2     CC32 8B   D0              ADDA #$d0
   1008  4+1   CC34 A7   E8 B1           STA -79,S
   1009  2     CC37 86   DD              LDA #$dd
   1010  4+1   CC39 A7   E8 B0           STA -80,S
   1011  2     CC3C 86   0F              LDA  #$0F
   1012  4+1   CC3E A4   E8 AF           ANDA -81,S
   1013  2     CC41 8B   F0              ADDA #$f0
   1014  4+1   CC43 A7   E8 AF           STA -81,S
   1015  2     CC46 86   B2              LDA #$b2
   1016  4+1   CC48 A7   E8 8A           STA -118,S
   1017  2     CC4B 86   0F              LDA  #$0F
   1018  4+1   CC4D A4   E8 89           ANDA -119,S
   1019  2     CC50 8B   D0              ADDA #$d0
   1020  4+1   CC52 A7   E8 89           STA -119,S
   1021  3     CC55 8E   FFAE            LDX #$ffae
   1022  5+1   CC58 AF   E8 87           STX -121,S
   1023  4+4   CC5B 32   E9 FF63         LEAS -157,S
   1024  2     CC5F 86   20              LDA #$20
   1025  4+1   CC61 A7   7F              STA -1,S
   1026  2     CC63 86   0F              LDA  #$0F
   1027  4+1   CC65 A4   7E              ANDA -2,S
   1028  2     CC67 8B   D0              ADDA #$d0
   1029  4+1   CC69 A7   7E              STA -2,S
   1030  3     CC6B 8E   FF8C            LDX #$ff8c
   1031  5+1   CC6E AF   7C              STX -4,S
   1032  2     CC70 86   02              LDA #$02
   1033  4+1   CC72 A7   E8 D7           STA -41,S
   1034  2     CC75 86   0F              LDA  #$0F
   1035  4+1   CC77 A4   E8 D6           ANDA -42,S
   1036  2     CC7A 8B   A0              ADDA #$a0
   1037  4+1   CC7C A7   E8 D6           STA -42,S
   1038  3     CC7F 8E   FC35            LDX #$fc35
   1039  5+1   CC82 AF   E8 D4           STX -44,S
   1040  2     CC85 86   0F              LDA  #$0F
   1041  4+1   CC87 A4   E8 AF           ANDA -81,S
   1042  2     CC8A 8B   00              ADDA #$00
   1043  4+1   CC8C A7   E8 AF           STA -81,S
   1044  3     CC8F 8E   FF33            LDX #$ff33
   1045  5+1   CC92 AF   E8 AC           STX -84,S
   1046  4+1   CC95 32   E8 87           LEAS -121,S
   1047  2     CC98 86   66              LDA #$66
   1048  3     CC9A 8E   38C8            LDX #$38c8
   1049  5+3   CC9D 34   12              PSHS X,A
   1050  3     CC9F 8E   CC53            LDX #$cc53
   1051  5+1   CCA2 AF   E8 D9           STX -39,S
   1052  2     CCA5 86   0F              LDA  #$0F
   1053  4+1   CCA7 A4   E8 D8           ANDA -40,S
   1054  2     CCAA 8B   60              ADDA #$60
   1055  4+1   CCAC A7   E8 D8           STA -40,S
   1056  3     CCAF 8E   85FE            LDX #$85fe
   1057  5+1   CCB2 AF   E8 B1           STX -79,S
   1058  2     CCB5 86   0F              LDA  #$0F
   1059  4+1   CCB7 A4   E8 B0           ANDA -80,S
   1060  2     CCBA 8B   20              ADDA #$20
   1061  4+1   CCBC A7   E8 B0           STA -80,S
   1062  3     CCBF 8E   3FEE            LDX #$3fee
   1063  5+1   CCC2 AF   E8 89           STX -119,S
   1064  4+4   CCC5 32   E9 FF63         LEAS -157,S
   1065  3     CCC9 8E   33EE            LDX #$33ee
   1066  5+1   CCCC AF   7E              STX -2,S
   1067  3     CCCE 8E   31EE            LDX #$31ee
   1068  5+1   CCD1 AF   E8 D6           STX -42,S
   1069  3     CCD4 8E   50DE            LDX #$50de
   1070  5+1   CCD7 AF   E8 AE           STX -82,S
   1071  3     CCDA 8E   00AE            LDX #$00ae
   1072  5+1   CCDD AF   E8 86           STX -122,S
   1073  4+4   CCE0 32   E9 FF60         LEAS -160,S
   1074  3     CCE4 8E   00AE            LDX #$00ae
   1075  5+1   CCE7 AF   7E              STX -2,S
   1076  2     CCE9 86   0F              LDA  #$0F
   1077  4+1   CCEB A4   E8 D8           ANDA -40,S
   1078  2     CCEE 8B   D0              ADDA #$d0
   1079  4+1   CCF0 A7   E8 D8           STA -40,S
   1080  3     CCF3 8E   207D            LDX #$207d
   1081  5+1   CCF6 AF   E8 D6           STX -42,S
   1082  2     CCF9 86   0F              LDA  #$0F
   1083  4+1   CCFB A4   E8 B0           ANDA -80,S
   1084  2     CCFE 8B   A0              ADDA #$a0
   1085  4+1   CD00 A7   E8 B0           STA -80,S
   1086  3     CD03 8E   407D            LDX #$407d
   1087  5+1   CD06 AF   E8 AE           STX -82,S
   1088  3     CD09 8E   707D            LDX #$707d
   1089  5+1   CD0C AF   E8 86           STX -122,S
   1090  4+4   CD0F 32   E9 FF60         LEAS -160,S
   1091  3     CD13 8E   727E            LDX #$727e
   1092  5+1   CD16 AF   7E              STX -2,S
   1093  3     CD18 8E   4A7D            LDX #$4a7d
   1094  5+1   CD1B AF   E8 D6           STX -42,S
   1095  3     CD1E 8E   475E            LDX #$475e
   1096  5+1   CD21 AF   E8 AE           STX -82,S
   1097  3     CD24 8E   443E            LDX #$443e
   1098  5+1   CD27 AF   E8 86           STX -122,S
   1099  4+4   CD2A 32   E9 FF60         LEAS -160,S
   1100  3     CD2E 8E   743D            LDX #$743d
   1101  5+1   CD31 AF   7E              STX -2,S
   1102  3     CD33 8E   775D            LDX #$775d
   1103  5+1   CD36 AF   E8 D6           STX -42,S
   1104  3     CD39 8E   A78E            LDX #$a78e
   1105  5+1   CD3C AF   E8 AE           STX -82,S
   1106  2     CD3F 86   DA              LDA #$da
   1107  4+1   CD41 A7   E8 87           STA -121,S
   1108  2     CD44 86   F0              LDA  #$F0
   1109  4+1   CD46 A4   E8 86           ANDA -122,S
   1110  2     CD49 8B   0A              ADDA #$0a
   1111  4+1   CD4B A7   E8 86           STA -122,S
   1112  4+4   CD4E 32   E9 FF5F         LEAS -161,S
   1113  2     CD52 86   0F              LDA  #$0F
   1114  4+0   CD54 A4   E4              ANDA ,S
   1115  2     CD56 8B   A0              ADDA #$a0
   1116  4+0   CD58 A7   E4              STA ,S
   1117
   1118        CD5A               ERASE_SSAV_HSL5
   1119  4     CD5A 10CE 0000            LDS #$0000
   1120  5+3   CD5E 35   48              PULS U,DP
   1121  5     CD60 39                   RTS
   1122
   1123        CD61               ERASE_DATA_HSL5_2
   1124        CD61               ERASE_DATA_HSL5_1

000000 Total Errors

000012 Total Symbols
     1x          Label C942 DATA_HSL5_1
     1x          Label C942 DATA_HSL5_2
     0x          Label C223 DRAW_HSL5
    83x          Label C94F ERASE_CODE_HSL5_1
    53x          Label CBD9 ERASE_CODE_HSL5_2
     1x          Label CD61 ERASE_DATA_HSL5_1
     1x          Label CD61 ERASE_DATA_HSL5_2
     0x          Label C942 ERASE_HSL5
     1x          Label C948 ERASE_POS_HSL5_1
     1x          Label CBD2 ERASE_POS_HSL5_2
     1x          Label CD5A ERASE_SSAV_HSL5
     1x          Label C93B SSAV_HSL5

