/*--------------------------------------------------------------*
 * Compilé avec C6809 v0.83                                     *
 *--------------------------------------------------------------*
 * Fichier source      : TMP.ASS
 * Fichier destination : TMP.BIN
 * Contenu :
 *     Main     0:TMP.ASS      15434
 *--------------------------------------------------------------*/

Macro Pass
Pass1
Pass2
      2        D5AB                      ORG $D5AB
      3        D5AB               DRAW_HSR0
      4  5+3   D5AB 34   48              PSHS U,DP
      5  7     D5AD 10FF DC37            STS SSAV_HSR0+2
      6
      7  7     D5B1 10FE 9F00            LDS $9F00
      8  7     D5B5 10FF DC44            STS ERASE_POS_HSR0_1+2
      9  3     D5B9 CE   DC3C            LDU #DATA_HSR0_1
     10
     11  4+1   D5BC 32   7D              LEAS -3,S
     12  4+0   D5BE A6   E4              LDA ,S
     13  5     D5C0 B7   DC50            STA ERASE_CODE_HSR0_1+7
     14  2     D5C3 86   0F              LDA  #$0F
     15  4+0   D5C5 A4   E4              ANDA ,S
     16  2     D5C7 8B   F0              ADDA #$f0
     17  4+0   D5C9 A7   E4              STA ,S
     18  4+1   D5CB A6   7F              LDA -1,S
     19  5     D5CD B7   DC54            STA ERASE_CODE_HSR0_1+11
     20  2     D5D0 86   FF              LDA #$ff
     21  4+1   D5D2 A7   7F              STA -1,S
     22  4+1   D5D4 A6   E8 D8           LDA -40,S
     23  5     D5D7 B7   DC5D            STA ERASE_CODE_HSR0_1+20
     24  2     D5DA 86   0F              LDA  #$0F
     25  4+1   D5DC A4   E8 D8           ANDA -40,S
     26  2     D5DF 8B   90              ADDA #$90
     27  4+1   D5E1 A7   E8 D8           STA -40,S
     28  4+1   D5E4 A6   E8 D7           LDA -41,S
     29  5     D5E7 B7   DC62            STA ERASE_CODE_HSR0_1+25
     30  2     D5EA 86   FF              LDA #$ff
     31  4+1   D5EC A7   E8 D7           STA -41,S
     32  4+1   D5EF A6   E8 AF           LDA -81,S
     33  5     D5F2 B7   DC67            STA ERASE_CODE_HSR0_1+30
     34  2     D5F5 86   FF              LDA #$ff
     35  4+1   D5F7 A7   E8 AF           STA -81,S
     36  4+1   D5FA A6   E8 87           LDA -121,S
     37  5     D5FD B7   DC6C            STA ERASE_CODE_HSR0_1+35
     38  2     D600 86   FC              LDA #$fc
     39  4+1   D602 A7   E8 87           STA -121,S
     40  4+4   D605 32   E9 FF60         LEAS -160,S
     41  4+1   D609 A6   7F              LDA -1,S
     42  5     D60B B7   DC75            STA ERASE_CODE_HSR0_1+44
     43  2     D60E 86   FC              LDA #$fc
     44  4+1   D610 A7   7F              STA -1,S
     45  4+1   D612 A6   E8 D9           LDA -39,S
     46  5     D615 B7   DC7E            STA ERASE_CODE_HSR0_1+53
     47  2     D618 86   0F              LDA  #$0F
     48  4+1   D61A A4   E8 D9           ANDA -39,S
     49  2     D61D 8B   C0              ADDA #$c0
     50  4+1   D61F A7   E8 D9           STA -39,S
     51  4+1   D622 A6   E8 D7           LDA -41,S
     52  5     D625 B7   DC83            STA ERASE_CODE_HSR0_1+58
     53  2     D628 86   FC              LDA #$fc
     54  4+1   D62A A7   E8 D7           STA -41,S
     55  4+1   D62D A6   E8 B1           LDA -79,S
     56  5     D630 B7   DC8D            STA ERASE_CODE_HSR0_1+68
     57  2     D633 86   0F              LDA  #$0F
     58  4+1   D635 A4   E8 B1           ANDA -79,S
     59  2     D638 8B   90              ADDA #$90
     60  4+1   D63A A7   E8 B1           STA -79,S
     61  4+1   D63D A6   E8 B0           LDA -80,S
     62  5     D640 B7   DC97            STA ERASE_CODE_HSR0_1+78
     63  2     D643 86   F0              LDA  #$F0
     64  4+1   D645 A4   E8 B0           ANDA -80,S
     65  2     D648 8B   0F              ADDA #$0f
     66  4+1   D64A A7   E8 B0           STA -80,S
     67  4+1   D64D A6   E8 AF           LDA -81,S
     68  5     D650 B7   DC9C            STA ERASE_CODE_HSR0_1+83
     69  2     D653 86   FC              LDA #$fc
     70  4+1   D655 A7   E8 AF           STA -81,S
     71  5+1   D658 AE   E8 87           LDX -121,S
     72  6     D65B BF   DCA1            STX ERASE_CODE_HSR0_1+88
     73  3     D65E 8E   CCB9            LDX #$ccb9
     74  5+1   D661 AF   E8 87           STX -121,S
     75  4+4   D664 32   E9 FF61         LEAS -159,S
     76  5+1   D668 AE   7E              LDX -2,S
     77  6     D66A BF   DCAB            STX ERASE_CODE_HSR0_1+98
     78  3     D66D 8E   6C62            LDX #$6c62
     79  5+1   D670 AF   7E              STX -2,S
     80  5+1   D672 AE   E8 D6           LDX -42,S
     81  6     D675 BF   DCB0            STX ERASE_CODE_HSR0_1+103
     82  3     D678 8E   2BC0            LDX #$2bc0
     83  5+1   D67B AF   E8 D6           STX -42,S
     84  5+1   D67E AE   E8 AE           LDX -82,S
     85  6     D681 BF   DCB6            STX ERASE_CODE_HSR0_1+109
     86  3     D684 8E   0690            LDX #$0690
     87  5+1   D687 AF   E8 AE           STX -82,S
     88  5+1   D68A AE   E8 86           LDX -122,S
     89  6     D68D BF   DCBC            STX ERASE_CODE_HSR0_1+115
     90  3     D690 8E   0629            LDX #$0629
     91  5+1   D693 AF   E8 86           STX -122,S
     92  4+4   D696 32   E9 FF5F         LEAS -161,S
     93  4+0   D69A A6   E4              LDA ,S
     94  5     D69C B7   DCCA            STA ERASE_CODE_HSR0_1+129
     95  2     D69F 86   0F              LDA  #$0F
     96  4+0   D6A1 A4   E4              ANDA ,S
     97  2     D6A3 8B   00              ADDA #$00
     98  4+0   D6A5 A7   E4              STA ,S
     99  4+1   D6A7 A6   7F              LDA -1,S
    100  5     D6A9 B7   DCCE            STA ERASE_CODE_HSR0_1+133
    101  2     D6AC 86   66              LDA #$66
    102  4+1   D6AE A7   7F              STA -1,S
    103  4+1   D6B0 A6   E8 D9           LDA -39,S
    104  5     D6B3 B7   DCD2            STA ERASE_CODE_HSR0_1+137
    105  2     D6B6 86   6B              LDA #$6b
    106  4+1   D6B8 A7   E8 D9           STA -39,S
    107  4+1   D6BB A6   E8 D8           LDA -40,S
    108  5     D6BE B7   DCDC            STA ERASE_CODE_HSR0_1+147
    109  2     D6C1 86   0F              LDA  #$0F
    110  4+1   D6C3 A4   E8 D8           ANDA -40,S
    111  2     D6C6 8B   00              ADDA #$00
    112  4+1   D6C8 A7   E8 D8           STA -40,S
    113  4+1   D6CB A6   E8 D7           LDA -41,S
    114  5     D6CE B7   DCE1            STA ERASE_CODE_HSR0_1+152
    115  2     D6D1 86   0D              LDA #$0d
    116  4+1   D6D3 A7   E8 D7           STA -41,S
    117  4+1   D6D6 A6   E8 B1           LDA -79,S
    118  5     D6D9 B7   DCE6            STA ERASE_CODE_HSR0_1+157
    119  2     D6DC 86   26              LDA #$26
    120  4+1   D6DE A7   E8 B1           STA -79,S
    121  4+1   D6E1 A6   E8 B0           LDA -80,S
    122  5     D6E4 B7   DCF0            STA ERASE_CODE_HSR0_1+167
    123  2     D6E7 86   0F              LDA  #$0F
    124  4+1   D6E9 A4   E8 B0           ANDA -80,S
    125  2     D6EC 8B   A0              ADDA #$a0
    126  4+1   D6EE A7   E8 B0           STA -80,S
    127  4+1   D6F1 A6   E8 AF           LDA -81,S
    128  5     D6F4 B7   DCF5            STA ERASE_CODE_HSR0_1+172
    129  2     D6F7 86   DE              LDA #$de
    130  4+1   D6F9 A7   E8 AF           STA -81,S
    131  4+1   D6FC A6   E8 89           LDA -119,S
    132  5     D6FF B7   DCFA            STA ERASE_CODE_HSR0_1+177
    133  2     D702 86   6F              LDA #$6f
    134  4+1   D704 A7   E8 89           STA -119,S
    135  4+1   D707 A6   E8 88           LDA -120,S
    136  5     D70A B7   DD04            STA ERASE_CODE_HSR0_1+187
    137  2     D70D 86   0F              LDA  #$0F
    138  4+1   D70F A4   E8 88           ANDA -120,S
    139  2     D712 8B   A0              ADDA #$a0
    140  4+1   D714 A7   E8 88           STA -120,S
    141  4+1   D717 A6   E8 87           LDA -121,S
    142  5     D71A B7   DD09            STA ERASE_CODE_HSR0_1+192
    143  2     D71D 86   AE              LDA #$ae
    144  4+1   D71F A7   E8 87           STA -121,S
    145  4+4   D722 32   E9 FF62         LEAS -158,S
    146  4+1   D726 32   7D              LEAS -3,S
    147  5+3   D728 35   12              PULS A,X
    148  5     D72A B7   DD12            STA ERASE_CODE_HSR0_1+201
    149  6     D72D BF   DD14            STX ERASE_CODE_HSR0_1+203
    150  2     D730 86   8C              LDA #$8c
    151  3     D732 8E   1FBB            LDX #$1fbb
    152  5+3   D735 34   12              PSHS X,A
    153  4+1   D737 32   E8 D8           LEAS -40,S
    154  5+3   D73A 35   12              PULS A,X
    155  5     D73C B7   DD1C            STA ERASE_CODE_HSR0_1+211
    156  6     D73F BF   DD1E            STX ERASE_CODE_HSR0_1+213
    157  2     D742 86   33              LDA #$33
    158  3     D744 8E   FFF6            LDX #$fff6
    159  5+3   D747 34   12              PSHS X,A
    160  4+1   D749 32   E8 D8           LEAS -40,S
    161  5+3   D74C 35   12              PULS A,X
    162  5     D74E B7   DD26            STA ERASE_CODE_HSR0_1+221
    163  6     D751 BF   DD28            STX ERASE_CODE_HSR0_1+223
    164  2     D754 86   DE              LDA #$de
    165  3     D756 8E   E8B2            LDX #$e8b2
    166  5+3   D759 34   12              PSHS X,A
    167  4+1   D75B A6   E8 DA           LDA -38,S
    168  5     D75E B7   DD32            STA ERASE_CODE_HSR0_1+233
    169  2     D761 86   0F              LDA  #$0F
    170  4+1   D763 A4   E8 DA           ANDA -38,S
    171  2     D766 8B   C0              ADDA #$c0
    172  4+1   D768 A7   E8 DA           STA -38,S
    173  5+1   D76B AE   E8 D8           LDX -40,S
    174  6     D76E BF   DD37            STX ERASE_CODE_HSR0_1+238
    175  3     D771 8E   EE83            LDX #$ee83
    176  5+1   D774 AF   E8 D8           STX -40,S
    177  4+1   D777 A6   E8 B2           LDA -78,S
    178  5     D77A B7   DD42            STA ERASE_CODE_HSR0_1+249
    179  2     D77D 86   0F              LDA  #$0F
    180  4+1   D77F A4   E8 B2           ANDA -78,S
    181  2     D782 8B   80              ADDA #$80
    182  4+1   D784 A7   E8 B2           STA -78,S
    183  5+1   D787 AE   E8 B0           LDX -80,S
    184  6     D78A BF   DD47            STX ERASE_CODE_HSR0_1+254
    185  3     D78D 8E   EE53            LDX #$ee53
    186  5+1   D790 AF   E8 B0           STX -80,S
    187  4+1   D793 32   E8 88           LEAS -120,S
    188  5+3   D796 35   12              PULS A,X
    189  5     D798 B7   DD50            STA ERASE_CODE_HSR0_1+263
    190  6     D79B BF   DD52            STX ERASE_CODE_HSR0_1+265
    191  2     D79E 86   DD              LDA #$dd
    192  3     D7A0 8E   13FF            LDX #$13ff
    193  5+3   D7A3 34   12              PSHS X,A
    194  4+1   D7A5 32   E8 D8           LEAS -40,S
    195  5+3   D7A8 35   12              PULS A,X
    196  5     D7AA B7   DD5A            STA ERASE_CODE_HSR0_1+273
    197  6     D7AD BF   DD5C            STX ERASE_CODE_HSR0_1+275
    198  2     D7B0 86   AA              LDA #$aa
    199  3     D7B2 8E   506F            LDX #$506f
    200  5+3   D7B5 34   12              PSHS X,A
    201  5+1   D7B7 AE   E8 D9           LDX -39,S
    202  6     D7BA BF   DD61            STX ERASE_CODE_HSR0_1+280
    203  3     D7BD 8E   A72D            LDX #$a72d
    204  5+1   D7C0 AF   E8 D9           STX -39,S
    205  4+1   D7C3 A6   E8 D8           LDA -40,S
    206  5     D7C6 B7   DD6C            STA ERASE_CODE_HSR0_1+291
    207  2     D7C9 86   F0              LDA  #$F0
    208  4+1   D7CB A4   E8 D8           ANDA -40,S
    209  2     D7CE 8B   0D              ADDA #$0d
    210  4+1   D7D0 A7   E8 D8           STA -40,S
    211  5+1   D7D3 AE   E8 B1           LDX -79,S
    212  6     D7D6 BF   DD71            STX ERASE_CODE_HSR0_1+296
    213  3     D7D9 8E   7426            LDX #$7426
    214  5+1   D7DC AF   E8 B1           STX -79,S
    215  4+1   D7DF A6   E8 B0           LDA -80,S
    216  5     D7E2 B7   DD7C            STA ERASE_CODE_HSR0_1+307
    217  2     D7E5 86   F0              LDA  #$F0
    218  4+1   D7E7 A4   E8 B0           ANDA -80,S
    219  2     D7EA 8B   0F              ADDA #$0f
    220  4+1   D7EC A7   E8 B0           STA -80,S
    221  4+1   D7EF 32   E8 88           LEAS -120,S
    222  5+3   D7F2 35   12              PULS A,X
    223  5     D7F4 B7   DD84            STA ERASE_CODE_HSR0_1+315
    224  6     D7F7 BF   DD86            STX ERASE_CODE_HSR0_1+317
    225  2     D7FA 86   DF              LDA #$df
    226  3     D7FC 8E   7222            LDX #$7222
    227  5+3   D7FF 34   12              PSHS X,A
    228  4+1   D801 32   E8 D8           LEAS -40,S
    229  5+3   D804 35   12              PULS A,X
    230  5     D806 B7   DD8E            STA ERASE_CODE_HSR0_1+325
    231  6     D809 BF   DD90            STX ERASE_CODE_HSR0_1+327
    232  2     D80C 86   EE              LDA #$ee
    233  3     D80E 8E   7242            LDX #$7242
    234  5+3   D811 34   12              PSHS X,A
    235  4+1   D813 32   E8 D8           LEAS -40,S
    236  5+3   D816 35   12              PULS A,X
    237  5     D818 B7   DD98            STA ERASE_CODE_HSR0_1+335
    238  6     D81B BF   DD9A            STX ERASE_CODE_HSR0_1+337
    239  2     D81E 86   EE              LDA #$ee
    240  3     D820 8E   4276            LDX #$4276
    241  5+3   D823 34   12              PSHS X,A
    242  4+1   D825 32   E8 D8           LEAS -40,S
    243  5+3   D828 35   12              PULS A,X
    244  5     D82A B7   DDA2            STA ERASE_CODE_HSR0_1+345
    245  6     D82D BF   DDA4            STX ERASE_CODE_HSR0_1+347
    246  2     D830 86   DE              LDA #$de
    247  3     D832 8E   077A            LDX #$077a
    248  5+3   D835 34   12              PSHS X,A
    249  4+1   D837 32   E8 D8           LEAS -40,S
    250  5+3   D83A 35   12              PULS A,X
    251  5     D83C B7   DDAC            STA ERASE_CODE_HSR0_1+355
    252  6     D83F BF   DDAE            STX ERASE_CODE_HSR0_1+357
    253  2     D842 86   AA              LDA #$aa
    254  3     D844 8E   447A            LDX #$447a
    255  5+3   D847 34   12              PSHS X,A
    256  4+1   D849 A6   E8 DA           LDA -38,S
    257  5     D84C B7   DDB8            STA ERASE_CODE_HSR0_1+367
    258  2     D84F 86   0F              LDA  #$0F
    259  4+1   D851 A4   E8 DA           ANDA -38,S
    260  2     D854 8B   70              ADDA #$70
    261  4+1   D856 A7   E8 DA           STA -38,S
    262  4+1   D859 A6   E8 D9           LDA -39,S
    263  5     D85C B7   DDBD            STA ERASE_CODE_HSR0_1+372
    264  2     D85F 86   77              LDA #$77
    265  4+1   D861 A7   E8 D9           STA -39,S
    266  4+1   D864 A6   E8 D8           LDA -40,S
    267  5     D867 B7   DDC7            STA ERASE_CODE_HSR0_1+382
    268  2     D86A 86   F0              LDA  #$F0
    269  4+1   D86C A4   E8 D8           ANDA -40,S
    270  2     D86F 8B   0A              ADDA #$0a
    271  4+1   D871 A7   E8 D8           STA -40,S
    272  4+1   D874 A6   E8 B2           LDA -78,S
    273  5     D877 B7   DDD1            STA ERASE_CODE_HSR0_1+392
    274  2     D87A 86   0F              LDA  #$0F
    275  4+1   D87C A4   E8 B2           ANDA -78,S
    276  2     D87F 8B   70              ADDA #$70
    277  4+1   D881 A7   E8 B2           STA -78,S
    278  4+1   D884 A6   E8 B1           LDA -79,S
    279  5     D887 B7   DDD6            STA ERASE_CODE_HSR0_1+397
    280  2     D88A 86   5A              LDA #$5a
    281  4+1   D88C A7   E8 B1           STA -79,S
    282  4+1   D88F A6   E8 8A           LDA -118,S
    283  5     D892 B7   DDE0            STA ERASE_CODE_HSR0_1+407
    284  2     D895 86   0F              LDA  #$0F
    285  4+1   D897 A4   E8 8A           ANDA -118,S
    286  2     D89A 8B   E0              ADDA #$e0
    287  4+1   D89C A7   E8 8A           STA -118,S
    288  4+1   D89F A6   E8 89           LDA -119,S
    289  5     D8A2 B7   DDE5            STA ERASE_CODE_HSR0_1+412
    290  2     D8A5 86   87              LDA #$87
    291  4+1   D8A7 A7   E8 89           STA -119,S
    292  4+1   D8AA A6   E8 88           LDA -120,S
    293  5     D8AD B7   DDEF            STA ERASE_CODE_HSR0_1+422
    294  2     D8B0 86   F0              LDA  #$F0
    295  4+1   D8B2 A4   E8 88           ANDA -120,S
    296  2     D8B5 8B   0E              ADDA #$0e
    297  4+1   D8B7 A7   E8 88           STA -120,S
    298  4+4   D8BA 32   E9 FF62         LEAS -158,S
    299  4+0   D8BE A6   E4              LDA ,S
    300  5     D8C0 B7   DDFC            STA ERASE_CODE_HSR0_1+435
    301  2     D8C3 86   0F              LDA  #$0F
    302  4+0   D8C5 A4   E4              ANDA ,S
    303  2     D8C7 8B   E0              ADDA #$e0
    304  4+0   D8C9 A7   E4              STA ,S
    305  4+1   D8CB A6   7F              LDA -1,S
    306  5     D8CD B7   DE00            STA ERASE_CODE_HSR0_1+439
    307  2     D8D0 86   D4              LDA #$d4
    308  4+1   D8D2 A7   7F              STA -1,S
    309  4+1   D8D4 A6   7E              LDA -2,S
    310  5     D8D6 B7   DE08            STA ERASE_CODE_HSR0_1+447
    311  2     D8D9 86   F0              LDA  #$F0
    312  4+1   D8DB A4   7E              ANDA -2,S
    313  2     D8DD 8B   0D              ADDA #$0d
    314  4+1   D8DF A7   7E              STA -2,S
    315  5+1   D8E1 AE   E8 D6           LDX -42,S
    316  6     D8E4 BF   DE0C            STX ERASE_CODE_HSR0_1+451
    317  3     D8E7 8E   DA77            LDX #$da77
    318  5+1   D8EA AF   E8 D6           STX -42,S
    319  5+1   D8ED AE   E8 AE           LDX -82,S
    320  6     D8F0 BF   DE12            STX ERASE_CODE_HSR0_1+457
    321  3     D8F3 8E   AA7A            LDX #$aa7a
    322  5+1   D8F6 AF   E8 AE           STX -82,S
    323  4+1   D8F9 A6   E8 86           LDA -122,S
    324  5     D8FC B7   DE18            STA ERASE_CODE_HSR0_1+463
    325  2     D8FF 86   AA              LDA #$aa
    326  4+1   D901 A7   E8 86           STA -122,S
    327
    328  7     D904 10FE 9F02            LDS $9F00+2
    329  7     D908 10FF DE1E            STS ERASE_POS_HSR0_2+2
    330  3     D90C CE   DC3C            LDU #DATA_HSR0_2
    331
    332  4+1   D90F 32   7D              LEAS -3,S
    333  4+1   D911 A6   7F              LDA -1,S
    334  5     D913 B7   DE26            STA ERASE_CODE_HSR0_2+3
    335  2     D916 86   FF              LDA #$ff
    336  4+1   D918 A7   7F              STA -1,S
    337  4+1   D91A A6   E8 D7           LDA -41,S
    338  5     D91D B7   DE2A            STA ERASE_CODE_HSR0_2+7
    339  2     D920 86   BC              LDA #$bc
    340  4+1   D922 A7   E8 D7           STA -41,S
    341  4+1   D925 A6   E8 AF           LDA -81,S
    342  5     D928 B7   DE2F            STA ERASE_CODE_HSR0_2+12
    343  2     D92B 86   6C              LDA #$6c
    344  4+1   D92D A7   E8 AF           STA -81,S
    345  4+1   D930 A6   E8 87           LDA -121,S
    346  5     D933 B7   DE34            STA ERASE_CODE_HSR0_2+17
    347  2     D936 86   69              LDA #$69
    348  4+1   D938 A7   E8 87           STA -121,S
    349  4+1   D93B A6   E8 86           LDA -122,S
    350  5     D93E B7   DE3E            STA ERASE_CODE_HSR0_2+27
    351  2     D941 86   F0              LDA  #$F0
    352  4+1   D943 A4   E8 86           ANDA -122,S
    353  2     D946 8B   0C              ADDA #$0c
    354  4+1   D948 A7   E8 86           STA -122,S
    355  4+4   D94B 32   E9 FF5F         LEAS -161,S
    356  4+0   D94F A6   E4              LDA ,S
    357  5     D951 B7   DE4B            STA ERASE_CODE_HSR0_2+40
    358  2     D954 86   0F              LDA  #$0F
    359  4+0   D956 A4   E4              ANDA ,S
    360  2     D958 8B   20              ADDA #$20
    361  4+0   D95A A7   E4              STA ,S
    362  4+1   D95C A6   7F              LDA -1,S
    363  5     D95E B7   DE53            STA ERASE_CODE_HSR0_2+48
    364  2     D961 86   F0              LDA  #$F0
    365  4+1   D963 A4   7F              ANDA -1,S
    366  2     D965 8B   0C              ADDA #$0c
    367  4+1   D967 A7   7F              STA -1,S
    368  4+1   D969 A6   E8 D9           LDA -39,S
    369  5     D96C B7   DE57            STA ERASE_CODE_HSR0_2+52
    370  2     D96F 86   FF              LDA #$ff
    371  4+1   D971 A7   E8 D9           STA -39,S
    372  4+1   D974 A6   E8 D8           LDA -40,S
    373  5     D977 B7   DE61            STA ERASE_CODE_HSR0_2+62
    374  2     D97A 86   0F              LDA  #$0F
    375  4+1   D97C A4   E8 D8           ANDA -40,S
    376  2     D97F 8B   B0              ADDA #$b0
    377  4+1   D981 A7   E8 D8           STA -40,S
    378  4+1   D984 A6   E8 D7           LDA -41,S
    379  5     D987 B7   DE6B            STA ERASE_CODE_HSR0_2+72
    380  2     D98A 86   F0              LDA  #$F0
    381  4+1   D98C A4   E8 D7           ANDA -41,S
    382  2     D98F 8B   0F              ADDA #$0f
    383  4+1   D991 A7   E8 D7           STA -41,S
    384  4+1   D994 A6   E8 B1           LDA -79,S
    385  5     D997 B7   DE70            STA ERASE_CODE_HSR0_2+77
    386  2     D99A 86   99              LDA #$99
    387  4+1   D99C A7   E8 B1           STA -79,S
    388  4+1   D99F A6   E8 B0           LDA -80,S
    389  5     D9A2 B7   DE7A            STA ERASE_CODE_HSR0_2+87
    390  2     D9A5 86   0F              LDA  #$0F
    391  4+1   D9A7 A4   E8 B0           ANDA -80,S
    392  2     D9AA 8B   B0              ADDA #$b0
    393  4+1   D9AC A7   E8 B0           STA -80,S
    394  4+1   D9AF A6   E8 AF           LDA -81,S
    395  5     D9B2 B7   DE84            STA ERASE_CODE_HSR0_2+97
    396  2     D9B5 86   F0              LDA  #$F0
    397  4+1   D9B7 A4   E8 AF           ANDA -81,S
    398  2     D9BA 8B   0F              ADDA #$0f
    399  4+1   D9BC A7   E8 AF           STA -81,S
    400  5+1   D9BF AE   E8 88           LDX -120,S
    401  6     D9C2 BF   DE89            STX ERASE_CODE_HSR0_2+102
    402  3     D9C5 8E   6F93            LDX #$6f93
    403  5+1   D9C8 AF   E8 88           STX -120,S
    404  4+1   D9CB A6   E8 87           LDA -121,S
    405  5     D9CE B7   DE94            STA ERASE_CODE_HSR0_2+113
    406  2     D9D1 86   F0              LDA  #$F0
    407  4+1   D9D3 A4   E8 87           ANDA -121,S
    408  2     D9D6 8B   0C              ADDA #$0c
    409  4+1   D9D8 A7   E8 87           STA -121,S
    410  4+4   D9DB 32   E9 FF62         LEAS -158,S
    411  5+1   D9DF AE   7E              LDX -2,S
    412  6     D9E1 BF   DE9D            STX ERASE_CODE_HSR0_2+122
    413  3     D9E4 8E   FF99            LDX #$ff99
    414  5+1   D9E7 AF   7E              STX -2,S
    415  4+1   D9E9 A6   7D              LDA -3,S
    416  5     D9EB B7   DEA6            STA ERASE_CODE_HSR0_2+131
    417  2     D9EE 86   F0              LDA  #$F0
    418  4+1   D9F0 A4   7D              ANDA -3,S
    419  2     D9F2 8B   0B              ADDA #$0b
    420  4+1   D9F4 A7   7D              STA -3,S
    421  4+1   D9F6 A6   E8 D7           LDA -41,S
    422  5     D9F9 B7   DEAF            STA ERASE_CODE_HSR0_2+140
    423  2     D9FC 86   0F              LDA  #$0F
    424  4+1   D9FE A4   E8 D7           ANDA -41,S
    425  2     DA01 8B   00              ADDA #$00
    426  4+1   DA03 A7   E8 D7           STA -41,S
    427  4+1   DA06 A6   E8 D6           LDA -42,S
    428  5     DA09 B7   DEB4            STA ERASE_CODE_HSR0_2+145
    429  2     DA0C 86   FC              LDA #$fc
    430  4+1   DA0E A7   E8 D6           STA -42,S
    431  4+1   DA11 A6   E8 D5           LDA -43,S
    432  5     DA14 B7   DEBE            STA ERASE_CODE_HSR0_2+155
    433  2     DA17 86   F0              LDA  #$F0
    434  4+1   DA19 A4   E8 D5           ANDA -43,S
    435  2     DA1C 8B   02              ADDA #$02
    436  4+1   DA1E A7   E8 D5           STA -43,S
    437  5+1   DA21 AE   E8 AD           LDX -83,S
    438  6     DA24 BF   DEC3            STX ERASE_CODE_HSR0_2+160
    439  3     DA27 8E   60FC            LDX #$60fc
    440  5+1   DA2A AF   E8 AD           STX -83,S
    441  5+1   DA2D AE   E8 85           LDX -123,S
    442  6     DA30 BF   DEC9            STX ERASE_CODE_HSR0_2+166
    443  3     DA33 8E   B0FF            LDX #$b0ff
    444  5+1   DA36 AF   E8 85           STX -123,S
    445  4+4   DA39 32   E9 FF5F         LEAS -161,S
    446  5+1   DA3D AE   7E              LDX -2,S
    447  6     DA3F BF   DED3            STX ERASE_CODE_HSR0_2+176
    448  3     DA42 8E   B0F0            LDX #$b0f0
    449  5+1   DA45 AF   7E              STX -2,S
    450  4+1   DA47 A6   E8 D9           LDA -39,S
    451  5     DA4A B7   DEDD            STA ERASE_CODE_HSR0_2+186
    452  2     DA4D 86   0F              LDA  #$0F
    453  4+1   DA4F A4   E8 D9           ANDA -39,S
    454  2     DA52 8B   20              ADDA #$20
    455  4+1   DA54 A7   E8 D9           STA -39,S
    456  5+1   DA57 AE   E8 D6           LDX -42,S
    457  6     DA5A BF   DEE2            STX ERASE_CODE_HSR0_2+191
    458  3     DA5D 8E   2266            LDX #$2266
    459  5+1   DA60 AF   E8 D6           STX -42,S
    460  4+1   DA63 A6   E8 B1           LDA -79,S
    461  5     DA66 B7   DEED            STA ERASE_CODE_HSR0_2+202
    462  2     DA69 86   0F              LDA  #$0F
    463  4+1   DA6B A4   E8 B1           ANDA -79,S
    464  2     DA6E 8B   60              ADDA #$60
    465  4+1   DA70 A7   E8 B1           STA -79,S
    466  4+1   DA73 A6   E8 AF           LDA -81,S
    467  5     DA76 B7   DEF2            STA ERASE_CODE_HSR0_2+207
    468  2     DA79 86   F0              LDA #$f0
    469  4+1   DA7B A7   E8 AF           STA -81,S
    470  4+1   DA7E A6   E8 AE           LDA -82,S
    471  5     DA81 B7   DEFC            STA ERASE_CODE_HSR0_2+217
    472  2     DA84 86   F0              LDA  #$F0
    473  4+1   DA86 A4   E8 AE           ANDA -82,S
    474  2     DA89 8B   00              ADDA #$00
    475  4+1   DA8B A7   E8 AE           STA -82,S
    476  4+1   DA8E A6   E8 89           LDA -119,S
    477  5     DA91 B7   DF06            STA ERASE_CODE_HSR0_2+227
    478  2     DA94 86   0F              LDA  #$0F
    479  4+1   DA96 A4   E8 89           ANDA -119,S
    480  2     DA99 8B   00              ADDA #$00
    481  4+1   DA9B A7   E8 89           STA -119,S
    482  4+1   DA9E A6   E8 87           LDA -121,S
    483  5     DAA1 B7   DF0B            STA ERASE_CODE_HSR0_2+232
    484  2     DAA4 86   EF              LDA #$ef
    485  4+1   DAA6 A7   E8 87           STA -121,S
    486  4+1   DAA9 A6   E8 86           LDA -122,S
    487  5     DAAC B7   DF15            STA ERASE_CODE_HSR0_2+242
    488  2     DAAF 86   F0              LDA  #$F0
    489  4+1   DAB1 A4   E8 86           ANDA -122,S
    490  2     DAB4 8B   08              ADDA #$08
    491  4+1   DAB6 A7   E8 86           STA -122,S
    492  4+4   DAB9 32   E9 FF61         LEAS -159,S
    493  4+0   DABD A6   E4              LDA ,S
    494  5     DABF B7   DF22            STA ERASE_CODE_HSR0_2+255
    495  2     DAC2 86   0F              LDA  #$0F
    496  4+0   DAC4 A4   E4              ANDA ,S
    497  2     DAC6 8B   00              ADDA #$00
    498  4+0   DAC8 A7   E4              STA ,S
    499  4+1   DACA A6   7F              LDA -1,S
    500  5     DACC B7   DF2A            STA ERASE_CODE_HSR0_2+263
    501  2     DACF 86   F0              LDA  #$F0
    502  4+1   DAD1 A4   7F              ANDA -1,S
    503  2     DAD3 8B   0F              ADDA #$0f
    504  4+1   DAD5 A7   7F              STA -1,S
    505  4+1   DAD7 A6   7E              LDA -2,S
    506  5     DAD9 B7   DF2E            STA ERASE_CODE_HSR0_2+267
    507  2     DADC 86   ED              LDA #$ed
    508  4+1   DADE A7   7E              STA -2,S
    509  4+1   DAE0 A6   7D              LDA -3,S
    510  5     DAE2 B7   DF36            STA ERASE_CODE_HSR0_2+275
    511  2     DAE5 86   F0              LDA  #$F0
    512  4+1   DAE7 A4   7D              ANDA -3,S
    513  2     DAE9 8B   03              ADDA #$03
    514  4+1   DAEB A7   7D              STA -3,S
    515  5+1   DAED AE   E8 D6           LDX -42,S
    516  6     DAF0 BF   DF3A            STX ERASE_CODE_HSR0_2+279
    517  3     DAF3 8E   C8CF            LDX #$c8cf
    518  5+1   DAF6 AF   E8 D6           STX -42,S
    519  5+1   DAF9 AE   E8 AE           LDX -82,S
    520  6     DAFC BF   DF40            STX ERASE_CODE_HSR0_2+285
    521  3     DAFF 8E   EF8C            LDX #$ef8c
    522  5+1   DB02 AF   E8 AE           STX -82,S
    523  4+1   DB05 32   E8 85           LEAS -123,S
    524  5+3   DB08 35   12              PULS A,X
    525  5     DB0A B7   DF49            STA ERASE_CODE_HSR0_2+294
    526  6     DB0D BF   DF4B            STX ERASE_CODE_HSR0_2+296
    527  2     DB10 86   DE              LDA #$de
    528  3     DB12 8E   EE35            LDX #$ee35
    529  5+3   DB15 34   12              PSHS X,A
    530  4+1   DB17 32   E8 D8           LEAS -40,S
    531  5+3   DB1A 35   12              PULS A,X
    532  5     DB1C B7   DF53            STA ERASE_CODE_HSR0_2+304
    533  6     DB1F BF   DF55            STX ERASE_CODE_HSR0_2+306
    534  2     DB22 86   AD              LDA #$ad
    535  3     DB24 8E   FE38            LDX #$fe38
    536  5+3   DB27 34   12              PSHS X,A
    537  5+1   DB29 AE   E8 D9           LDX -39,S
    538  6     DB2C BF   DF5A            STX ERASE_CODE_HSR0_2+311
    539  3     DB2F 8E   ED01            LDX #$ed01
    540  5+1   DB32 AF   E8 D9           STX -39,S
    541  4+1   DB35 A6   E8 D8           LDA -40,S
    542  5     DB38 B7   DF65            STA ERASE_CODE_HSR0_2+322
    543  2     DB3B 86   F0              LDA  #$F0
    544  4+1   DB3D A4   E8 D8           ANDA -40,S
    545  2     DB40 8B   0A              ADDA #$0a
    546  4+1   DB42 A7   E8 D8           STA -40,S
    547  5+1   DB45 AE   E8 B1           LDX -79,S
    548  6     DB48 BF   DF6A            STX ERASE_CODE_HSR0_2+327
    549  3     DB4B 8E   EA00            LDX #$ea00
    550  5+1   DB4E AF   E8 B1           STX -79,S
    551  5+1   DB51 AE   E8 89           LDX -119,S
    552  6     DB54 BF   DF70            STX ERASE_CODE_HSR0_2+333
    553  3     DB57 8E   DA0B            LDX #$da0b
    554  5+1   DB5A AF   E8 89           STX -119,S
    555  4+4   DB5D 32   E9 FF63         LEAS -157,S
    556  5+1   DB61 AE   7E              LDX -2,S
    557  6     DB63 BF   DF7A            STX ERASE_CODE_HSR0_2+343
    558  3     DB66 8E   DA0F            LDX #$da0f
    559  5+1   DB69 AF   7E              STX -2,S
    560  5+1   DB6B AE   E8 D6           LDX -42,S
    561  6     DB6E BF   DF7F            STX ERASE_CODE_HSR0_2+348
    562  3     DB71 8E   A70F            LDX #$a70f
    563  5+1   DB74 AF   E8 D6           STX -42,S
    564  4+1   DB77 32   E8 AD           LEAS -83,S
    565  5+3   DB7A 35   12              PULS A,X
    566  5     DB7C B7   DF88            STA ERASE_CODE_HSR0_2+357
    567  6     DB7F BF   DF8A            STX ERASE_CODE_HSR0_2+359
    568  2     DB82 86   ED              LDA #$ed
    569  3     DB84 8E   A70F            LDX #$a70f
    570  5+3   DB87 34   12              PSHS X,A
    571  4+1   DB89 32   E8 D8           LEAS -40,S
    572  5+3   DB8C 35   12              PULS A,X
    573  5     DB8E B7   DF92            STA ERASE_CODE_HSR0_2+367
    574  6     DB91 BF   DF94            STX ERASE_CODE_HSR0_2+369
    575  2     DB94 86   AE              LDA #$ae
    576  3     DB96 8E   A700            LDX #$a700
    577  5+3   DB99 34   12              PSHS X,A
    578  5+1   DB9B AE   E8 D9           LDX -39,S
    579  6     DB9E BF   DF99            STX ERASE_CODE_HSR0_2+374
    580  3     DBA1 8E   A704            LDX #$a704
    581  5+1   DBA4 AF   E8 D9           STX -39,S
    582  4+1   DBA7 A6   E8 D8           LDA -40,S
    583  5     DBAA B7   DFA4            STA ERASE_CODE_HSR0_2+385
    584  2     DBAD 86   F0              LDA  #$F0
    585  4+1   DBAF A4   E8 D8           ANDA -40,S
    586  2     DBB2 8B   0A              ADDA #$0a
    587  4+1   DBB4 A7   E8 D8           STA -40,S
    588  5+1   DBB7 AE   E8 B1           LDX -79,S
    589  6     DBBA BF   DFA9            STX ERASE_CODE_HSR0_2+390
    590  3     DBBD 8E   ADD7            LDX #$add7
    591  5+1   DBC0 AF   E8 B1           STX -79,S
    592  5+1   DBC3 AE   E8 89           LDX -119,S
    593  6     DBC6 BF   DFAF            STX ERASE_CODE_HSR0_2+396
    594  3     DBC9 8E   A544            LDX #$a544
    595  5+1   DBCC AF   E8 89           STX -119,S
    596  4+4   DBCF 32   E9 FF63         LEAS -157,S
    597  5+1   DBD3 AE   7E              LDX -2,S
    598  6     DBD5 BF   DFB9            STX ERASE_CODE_HSR0_2+406
    599  3     DBD8 8E   A344            LDX #$a344
    600  5+1   DBDB AF   7E              STX -2,S
    601  5+1   DBDD AE   E8 D6           LDX -42,S
    602  6     DBE0 BF   DFBE            STX ERASE_CODE_HSR0_2+411
    603  3     DBE3 8E   D547            LDX #$d547
    604  5+1   DBE6 AF   E8 D6           STX -42,S
    605  5+1   DBE9 AE   E8 AE           LDX -82,S
    606  6     DBEC BF   DFC4            STX ERASE_CODE_HSR0_2+417
    607  3     DBEF 8E   AE7A            LDX #$ae7a
    608  5+1   DBF2 AF   E8 AE           STX -82,S
    609  4+1   DBF5 A6   E8 87           LDA -121,S
    610  5     DBF8 B7   DFCF            STA ERASE_CODE_HSR0_2+428
    611  2     DBFB 86   0F              LDA  #$0F
    612  4+1   DBFD A4   E8 87           ANDA -121,S
    613  2     DC00 8B   A0              ADDA #$a0
    614  4+1   DC02 A7   E8 87           STA -121,S
    615  4+1   DC05 A6   E8 86           LDA -122,S
    616  5     DC08 B7   DFD4            STA ERASE_CODE_HSR0_2+433
    617  2     DC0B 86   AE              LDA #$ae
    618  4+1   DC0D A7   E8 86           STA -122,S
    619  4+4   DC10 32   E9 FF5F         LEAS -161,S
    620  4+1   DC14 A6   7F              LDA -1,S
    621  5     DC16 B7   DFDD            STA ERASE_CODE_HSR0_2+442
    622  2     DC19 86   77              LDA #$77
    623  4+1   DC1B A7   7F              STA -1,S
    624  4+1   DC1D A6   7E              LDA -2,S
    625  5     DC1F B7   DFE5            STA ERASE_CODE_HSR0_2+450
    626  2     DC22 86   F0              LDA  #$F0
    627  4+1   DC24 A4   7E              ANDA -2,S
    628  2     DC26 8B   0D              ADDA #$0d
    629  4+1   DC28 A7   7E              STA -2,S
    630  4+1   DC2A A6   E8 D7           LDA -41,S
    631  5     DC2D B7   DFE9            STA ERASE_CODE_HSR0_2+454
    632  2     DC30 86   AA              LDA #$aa
    633  4+1   DC32 A7   E8 D7           STA -41,S
    634
    635        DC35               SSAV_HSR0
    636  4     DC35 10CE 0000            LDS #$0000
    637  5+3   DC39 35   48              PULS U,DP
    638  5     DC3B 39                   RTS
    639
    640        DC3C               DATA_HSR0_2
    641        DC3C               DATA_HSR0_1
    642        DC3C               ERASE_HSR0
    643  5+3   DC3C 34   48              PSHS U,DP
    644  7     DC3E 10FF DFEF            STS ERASE_SSAV_HSR0+2
    645
    646        DC42               ERASE_POS_HSR0_1
    647  4     DC42 10CE 0000            LDS #$0000
    648  3     DC46 CE   DFF4            LDU #ERASE_DATA_HSR0_1
    649        DC49               ERASE_CODE_HSR0_1
    650  4+1   DC49 32   7D              LEAS -3,S
    651  2     DC4B 86   0F              LDA  #$0F
    652  4+0   DC4D A4   E4              ANDA ,S
    653  2     DC4F 8B   F0              ADDA #$f0
    654  4+0   DC51 A7   E4              STA ,S
    655  2     DC53 86   FF              LDA #$ff
    656  4+1   DC55 A7   7F              STA -1,S
    657  2     DC57 86   0F              LDA  #$0F
    658  4+1   DC59 A4   E8 D8           ANDA -40,S
    659  2     DC5C 8B   90              ADDA #$90
    660  4+1   DC5E A7   E8 D8           STA -40,S
    661  2     DC61 86   FF              LDA #$ff
    662  4+1   DC63 A7   E8 D7           STA -41,S
    663  2     DC66 86   FF              LDA #$ff
    664  4+1   DC68 A7   E8 AF           STA -81,S
    665  2     DC6B 86   FC              LDA #$fc
    666  4+1   DC6D A7   E8 87           STA -121,S
    667  4+4   DC70 32   E9 FF60         LEAS -160,S
    668  2     DC74 86   FC              LDA #$fc
    669  4+1   DC76 A7   7F              STA -1,S
    670  2     DC78 86   0F              LDA  #$0F
    671  4+1   DC7A A4   E8 D9           ANDA -39,S
    672  2     DC7D 8B   C0              ADDA #$c0
    673  4+1   DC7F A7   E8 D9           STA -39,S
    674  2     DC82 86   FC              LDA #$fc
    675  4+1   DC84 A7   E8 D7           STA -41,S
    676  2     DC87 86   0F              LDA  #$0F
    677  4+1   DC89 A4   E8 B1           ANDA -79,S
    678  2     DC8C 8B   90              ADDA #$90
    679  4+1   DC8E A7   E8 B1           STA -79,S
    680  2     DC91 86   F0              LDA  #$F0
    681  4+1   DC93 A4   E8 B0           ANDA -80,S
    682  2     DC96 8B   0F              ADDA #$0f
    683  4+1   DC98 A7   E8 B0           STA -80,S
    684  2     DC9B 86   FC              LDA #$fc
    685  4+1   DC9D A7   E8 AF           STA -81,S
    686  3     DCA0 8E   CCB9            LDX #$ccb9
    687  5+1   DCA3 AF   E8 87           STX -121,S
    688  4+4   DCA6 32   E9 FF61         LEAS -159,S
    689  3     DCAA 8E   6C62            LDX #$6c62
    690  5+1   DCAD AF   7E              STX -2,S
    691  3     DCAF 8E   2BC0            LDX #$2bc0
    692  5+1   DCB2 AF   E8 D6           STX -42,S
    693  3     DCB5 8E   0690            LDX #$0690
    694  5+1   DCB8 AF   E8 AE           STX -82,S
    695  3     DCBB 8E   0629            LDX #$0629
    696  5+1   DCBE AF   E8 86           STX -122,S
    697  4+4   DCC1 32   E9 FF5F         LEAS -161,S
    698  2     DCC5 86   0F              LDA  #$0F
    699  4+0   DCC7 A4   E4              ANDA ,S
    700  2     DCC9 8B   00              ADDA #$00
    701  4+0   DCCB A7   E4              STA ,S
    702  2     DCCD 86   66              LDA #$66
    703  4+1   DCCF A7   7F              STA -1,S
    704  2     DCD1 86   6B              LDA #$6b
    705  4+1   DCD3 A7   E8 D9           STA -39,S
    706  2     DCD6 86   0F              LDA  #$0F
    707  4+1   DCD8 A4   E8 D8           ANDA -40,S
    708  2     DCDB 8B   00              ADDA #$00
    709  4+1   DCDD A7   E8 D8           STA -40,S
    710  2     DCE0 86   0D              LDA #$0d
    711  4+1   DCE2 A7   E8 D7           STA -41,S
    712  2     DCE5 86   26              LDA #$26
    713  4+1   DCE7 A7   E8 B1           STA -79,S
    714  2     DCEA 86   0F              LDA  #$0F
    715  4+1   DCEC A4   E8 B0           ANDA -80,S
    716  2     DCEF 8B   A0              ADDA #$a0
    717  4+1   DCF1 A7   E8 B0           STA -80,S
    718  2     DCF4 86   DE              LDA #$de
    719  4+1   DCF6 A7   E8 AF           STA -81,S
    720  2     DCF9 86   6F              LDA #$6f
    721  4+1   DCFB A7   E8 89           STA -119,S
    722  2     DCFE 86   0F              LDA  #$0F
    723  4+1   DD00 A4   E8 88           ANDA -120,S
    724  2     DD03 8B   A0              ADDA #$a0
    725  4+1   DD05 A7   E8 88           STA -120,S
    726  2     DD08 86   AE              LDA #$ae
    727  4+1   DD0A A7   E8 87           STA -121,S
    728  4+4   DD0D 32   E9 FF62         LEAS -158,S
    729  2     DD11 86   8C              LDA #$8c
    730  3     DD13 8E   1FBB            LDX #$1fbb
    731  5+3   DD16 34   12              PSHS X,A
    732  4+1   DD18 32   E8 DB           LEAS -37,S
    733  2     DD1B 86   33              LDA #$33
    734  3     DD1D 8E   FFF6            LDX #$fff6
    735  5+3   DD20 34   12              PSHS X,A
    736  4+1   DD22 32   E8 DB           LEAS -37,S
    737  2     DD25 86   DE              LDA #$de
    738  3     DD27 8E   E8B2            LDX #$e8b2
    739  5+3   DD2A 34   12              PSHS X,A
    740  2     DD2C 86   0F              LDA  #$0F
    741  4+1   DD2E A4   E8 DA           ANDA -38,S
    742  2     DD31 8B   C0              ADDA #$c0
    743  4+1   DD33 A7   E8 DA           STA -38,S
    744  3     DD36 8E   EE83            LDX #$ee83
    745  5+1   DD39 AF   E8 D8           STX -40,S
    746  2     DD3C 86   0F              LDA  #$0F
    747  4+1   DD3E A4   E8 B2           ANDA -78,S
    748  2     DD41 8B   80              ADDA #$80
    749  4+1   DD43 A7   E8 B2           STA -78,S
    750  3     DD46 8E   EE53            LDX #$ee53
    751  5+1   DD49 AF   E8 B0           STX -80,S
    752  4+1   DD4C 32   E8 8B           LEAS -117,S
    753  2     DD4F 86   DD              LDA #$dd
    754  3     DD51 8E   13FF            LDX #$13ff
    755  5+3   DD54 34   12              PSHS X,A
    756  4+1   DD56 32   E8 DB           LEAS -37,S
    757  2     DD59 86   AA              LDA #$aa
    758  3     DD5B 8E   506F            LDX #$506f
    759  5+3   DD5E 34   12              PSHS X,A
    760  3     DD60 8E   A72D            LDX #$a72d
    761  5+1   DD63 AF   E8 D9           STX -39,S
    762  2     DD66 86   F0              LDA  #$F0
    763  4+1   DD68 A4   E8 D8           ANDA -40,S
    764  2     DD6B 8B   0D              ADDA #$0d
    765  4+1   DD6D A7   E8 D8           STA -40,S
    766  3     DD70 8E   7426            LDX #$7426
    767  5+1   DD73 AF   E8 B1           STX -79,S
    768  2     DD76 86   F0              LDA  #$F0
    769  4+1   DD78 A4   E8 B0           ANDA -80,S
    770  2     DD7B 8B   0F              ADDA #$0f
    771  4+1   DD7D A7   E8 B0           STA -80,S
    772  4+1   DD80 32   E8 8B           LEAS -117,S
    773  2     DD83 86   DF              LDA #$df
    774  3     DD85 8E   7222            LDX #$7222
    775  5+3   DD88 34   12              PSHS X,A
    776  4+1   DD8A 32   E8 DB           LEAS -37,S
    777  2     DD8D 86   EE              LDA #$ee
    778  3     DD8F 8E   7242            LDX #$7242
    779  5+3   DD92 34   12              PSHS X,A
    780  4+1   DD94 32   E8 DB           LEAS -37,S
    781  2     DD97 86   EE              LDA #$ee
    782  3     DD99 8E   4276            LDX #$4276
    783  5+3   DD9C 34   12              PSHS X,A
    784  4+1   DD9E 32   E8 DB           LEAS -37,S
    785  2     DDA1 86   DE              LDA #$de
    786  3     DDA3 8E   077A            LDX #$077a
    787  5+3   DDA6 34   12              PSHS X,A
    788  4+1   DDA8 32   E8 DB           LEAS -37,S
    789  2     DDAB 86   AA              LDA #$aa
    790  3     DDAD 8E   447A            LDX #$447a
    791  5+3   DDB0 34   12              PSHS X,A
    792  2     DDB2 86   0F              LDA  #$0F
    793  4+1   DDB4 A4   E8 DA           ANDA -38,S
    794  2     DDB7 8B   70              ADDA #$70
    795  4+1   DDB9 A7   E8 DA           STA -38,S
    796  2     DDBC 86   77              LDA #$77
    797  4+1   DDBE A7   E8 D9           STA -39,S
    798  2     DDC1 86   F0              LDA  #$F0
    799  4+1   DDC3 A4   E8 D8           ANDA -40,S
    800  2     DDC6 8B   0A              ADDA #$0a
    801  4+1   DDC8 A7   E8 D8           STA -40,S
    802  2     DDCB 86   0F              LDA  #$0F
    803  4+1   DDCD A4   E8 B2           ANDA -78,S
    804  2     DDD0 8B   70              ADDA #$70
    805  4+1   DDD2 A7   E8 B2           STA -78,S
    806  2     DDD5 86   5A              LDA #$5a
    807  4+1   DDD7 A7   E8 B1           STA -79,S
    808  2     DDDA 86   0F              LDA  #$0F
    809  4+1   DDDC A4   E8 8A           ANDA -118,S
    810  2     DDDF 8B   E0              ADDA #$e0
    811  4+1   DDE1 A7   E8 8A           STA -118,S
    812  2     DDE4 86   87              LDA #$87
    813  4+1   DDE6 A7   E8 89           STA -119,S
    814  2     DDE9 86   F0              LDA  #$F0
    815  4+1   DDEB A4   E8 88           ANDA -120,S
    816  2     DDEE 8B   0E              ADDA #$0e
    817  4+1   DDF0 A7   E8 88           STA -120,S
    818  4+4   DDF3 32   E9 FF62         LEAS -158,S
    819  2     DDF7 86   0F              LDA  #$0F
    820  4+0   DDF9 A4   E4              ANDA ,S
    821  2     DDFB 8B   E0              ADDA #$e0
    822  4+0   DDFD A7   E4              STA ,S
    823  2     DDFF 86   D4              LDA #$d4
    824  4+1   DE01 A7   7F              STA -1,S
    825  2     DE03 86   F0              LDA  #$F0
    826  4+1   DE05 A4   7E              ANDA -2,S
    827  2     DE07 8B   0D              ADDA #$0d
    828  4+1   DE09 A7   7E              STA -2,S
    829  3     DE0B 8E   DA77            LDX #$da77
    830  5+1   DE0E AF   E8 D6           STX -42,S
    831  3     DE11 8E   AA7A            LDX #$aa7a
    832  5+1   DE14 AF   E8 AE           STX -82,S
    833  2     DE17 86   AA              LDA #$aa
    834  4+1   DE19 A7   E8 86           STA -122,S
    835
    836        DE1C               ERASE_POS_HSR0_2
    837  4     DE1C 10CE 0000            LDS #$0000
    838  3     DE20 CE   DFF4            LDU #ERASE_DATA_HSR0_2
    839        DE23               ERASE_CODE_HSR0_2
    840  4+1   DE23 32   7D              LEAS -3,S
    841  2     DE25 86   FF              LDA #$ff
    842  4+1   DE27 A7   7F              STA -1,S
    843  2     DE29 86   BC              LDA #$bc
    844  4+1   DE2B A7   E8 D7           STA -41,S
    845  2     DE2E 86   6C              LDA #$6c
    846  4+1   DE30 A7   E8 AF           STA -81,S
    847  2     DE33 86   69              LDA #$69
    848  4+1   DE35 A7   E8 87           STA -121,S
    849  2     DE38 86   F0              LDA  #$F0
    850  4+1   DE3A A4   E8 86           ANDA -122,S
    851  2     DE3D 8B   0C              ADDA #$0c
    852  4+1   DE3F A7   E8 86           STA -122,S
    853  4+4   DE42 32   E9 FF5F         LEAS -161,S
    854  2     DE46 86   0F              LDA  #$0F
    855  4+0   DE48 A4   E4              ANDA ,S
    856  2     DE4A 8B   20              ADDA #$20
    857  4+0   DE4C A7   E4              STA ,S
    858  2     DE4E 86   F0              LDA  #$F0
    859  4+1   DE50 A4   7F              ANDA -1,S
    860  2     DE52 8B   0C              ADDA #$0c
    861  4+1   DE54 A7   7F              STA -1,S
    862  2     DE56 86   FF              LDA #$ff
    863  4+1   DE58 A7   E8 D9           STA -39,S
    864  2     DE5B 86   0F              LDA  #$0F
    865  4+1   DE5D A4   E8 D8           ANDA -40,S
    866  2     DE60 8B   B0              ADDA #$b0
    867  4+1   DE62 A7   E8 D8           STA -40,S
    868  2     DE65 86   F0              LDA  #$F0
    869  4+1   DE67 A4   E8 D7           ANDA -41,S
    870  2     DE6A 8B   0F              ADDA #$0f
    871  4+1   DE6C A7   E8 D7           STA -41,S
    872  2     DE6F 86   99              LDA #$99
    873  4+1   DE71 A7   E8 B1           STA -79,S
    874  2     DE74 86   0F              LDA  #$0F
    875  4+1   DE76 A4   E8 B0           ANDA -80,S
    876  2     DE79 8B   B0              ADDA #$b0
    877  4+1   DE7B A7   E8 B0           STA -80,S
    878  2     DE7E 86   F0              LDA  #$F0
    879  4+1   DE80 A4   E8 AF           ANDA -81,S
    880  2     DE83 8B   0F              ADDA #$0f
    881  4+1   DE85 A7   E8 AF           STA -81,S
    882  3     DE88 8E   6F93            LDX #$6f93
    883  5+1   DE8B AF   E8 88           STX -120,S
    884  2     DE8E 86   F0              LDA  #$F0
    885  4+1   DE90 A4   E8 87           ANDA -121,S
    886  2     DE93 8B   0C              ADDA #$0c
    887  4+1   DE95 A7   E8 87           STA -121,S
    888  4+4   DE98 32   E9 FF62         LEAS -158,S
    889  3     DE9C 8E   FF99            LDX #$ff99
    890  5+1   DE9F AF   7E              STX -2,S
    891  2     DEA1 86   F0              LDA  #$F0
    892  4+1   DEA3 A4   7D              ANDA -3,S
    893  2     DEA5 8B   0B              ADDA #$0b
    894  4+1   DEA7 A7   7D              STA -3,S
    895  2     DEA9 86   0F              LDA  #$0F
    896  4+1   DEAB A4   E8 D7           ANDA -41,S
    897  2     DEAE 8B   00              ADDA #$00
    898  4+1   DEB0 A7   E8 D7           STA -41,S
    899  2     DEB3 86   FC              LDA #$fc
    900  4+1   DEB5 A7   E8 D6           STA -42,S
    901  2     DEB8 86   F0              LDA  #$F0
    902  4+1   DEBA A4   E8 D5           ANDA -43,S
    903  2     DEBD 8B   02              ADDA #$02
    904  4+1   DEBF A7   E8 D5           STA -43,S
    905  3     DEC2 8E   60FC            LDX #$60fc
    906  5+1   DEC5 AF   E8 AD           STX -83,S
    907  3     DEC8 8E   B0FF            LDX #$b0ff
    908  5+1   DECB AF   E8 85           STX -123,S
    909  4+4   DECE 32   E9 FF5F         LEAS -161,S
    910  3     DED2 8E   B0F0            LDX #$b0f0
    911  5+1   DED5 AF   7E              STX -2,S
    912  2     DED7 86   0F              LDA  #$0F
    913  4+1   DED9 A4   E8 D9           ANDA -39,S
    914  2     DEDC 8B   20              ADDA #$20
    915  4+1   DEDE A7   E8 D9           STA -39,S
    916  3     DEE1 8E   2266            LDX #$2266
    917  5+1   DEE4 AF   E8 D6           STX -42,S
    918  2     DEE7 86   0F              LDA  #$0F
    919  4+1   DEE9 A4   E8 B1           ANDA -79,S
    920  2     DEEC 8B   60              ADDA #$60
    921  4+1   DEEE A7   E8 B1           STA -79,S
    922  2     DEF1 86   F0              LDA #$f0
    923  4+1   DEF3 A7   E8 AF           STA -81,S
    924  2     DEF6 86   F0              LDA  #$F0
    925  4+1   DEF8 A4   E8 AE           ANDA -82,S
    926  2     DEFB 8B   00              ADDA #$00
    927  4+1   DEFD A7   E8 AE           STA -82,S
    928  2     DF00 86   0F              LDA  #$0F
    929  4+1   DF02 A4   E8 89           ANDA -119,S
    930  2     DF05 8B   00              ADDA #$00
    931  4+1   DF07 A7   E8 89           STA -119,S
    932  2     DF0A 86   EF              LDA #$ef
    933  4+1   DF0C A7   E8 87           STA -121,S
    934  2     DF0F 86   F0              LDA  #$F0
    935  4+1   DF11 A4   E8 86           ANDA -122,S
    936  2     DF14 8B   08              ADDA #$08
    937  4+1   DF16 A7   E8 86           STA -122,S
    938  4+4   DF19 32   E9 FF61         LEAS -159,S
    939  2     DF1D 86   0F              LDA  #$0F
    940  4+0   DF1F A4   E4              ANDA ,S
    941  2     DF21 8B   00              ADDA #$00
    942  4+0   DF23 A7   E4              STA ,S
    943  2     DF25 86   F0              LDA  #$F0
    944  4+1   DF27 A4   7F              ANDA -1,S
    945  2     DF29 8B   0F              ADDA #$0f
    946  4+1   DF2B A7   7F              STA -1,S
    947  2     DF2D 86   ED              LDA #$ed
    948  4+1   DF2F A7   7E              STA -2,S
    949  2     DF31 86   F0              LDA  #$F0
    950  4+1   DF33 A4   7D              ANDA -3,S
    951  2     DF35 8B   03              ADDA #$03
    952  4+1   DF37 A7   7D              STA -3,S
    953  3     DF39 8E   C8CF            LDX #$c8cf
    954  5+1   DF3C AF   E8 D6           STX -42,S
    955  3     DF3F 8E   EF8C            LDX #$ef8c
    956  5+1   DF42 AF   E8 AE           STX -82,S
    957  4+1   DF45 32   E8 88           LEAS -120,S
    958  2     DF48 86   DE              LDA #$de
    959  3     DF4A 8E   EE35            LDX #$ee35
    960  5+3   DF4D 34   12              PSHS X,A
    961  4+1   DF4F 32   E8 DB           LEAS -37,S
    962  2     DF52 86   AD              LDA #$ad
    963  3     DF54 8E   FE38            LDX #$fe38
    964  5+3   DF57 34   12              PSHS X,A
    965  3     DF59 8E   ED01            LDX #$ed01
    966  5+1   DF5C AF   E8 D9           STX -39,S
    967  2     DF5F 86   F0              LDA  #$F0
    968  4+1   DF61 A4   E8 D8           ANDA -40,S
    969  2     DF64 8B   0A              ADDA #$0a
    970  4+1   DF66 A7   E8 D8           STA -40,S
    971  3     DF69 8E   EA00            LDX #$ea00
    972  5+1   DF6C AF   E8 B1           STX -79,S
    973  3     DF6F 8E   DA0B            LDX #$da0b
    974  5+1   DF72 AF   E8 89           STX -119,S
    975  4+4   DF75 32   E9 FF63         LEAS -157,S
    976  3     DF79 8E   DA0F            LDX #$da0f
    977  5+1   DF7C AF   7E              STX -2,S
    978  3     DF7E 8E   A70F            LDX #$a70f
    979  5+1   DF81 AF   E8 D6           STX -42,S
    980  4+1   DF84 32   E8 B0           LEAS -80,S
    981  2     DF87 86   ED              LDA #$ed
    982  3     DF89 8E   A70F            LDX #$a70f
    983  5+3   DF8C 34   12              PSHS X,A
    984  4+1   DF8E 32   E8 DB           LEAS -37,S
    985  2     DF91 86   AE              LDA #$ae
    986  3     DF93 8E   A700            LDX #$a700
    987  5+3   DF96 34   12              PSHS X,A
    988  3     DF98 8E   A704            LDX #$a704
    989  5+1   DF9B AF   E8 D9           STX -39,S
    990  2     DF9E 86   F0              LDA  #$F0
    991  4+1   DFA0 A4   E8 D8           ANDA -40,S
    992  2     DFA3 8B   0A              ADDA #$0a
    993  4+1   DFA5 A7   E8 D8           STA -40,S
    994  3     DFA8 8E   ADD7            LDX #$add7
    995  5+1   DFAB AF   E8 B1           STX -79,S
    996  3     DFAE 8E   A544            LDX #$a544
    997  5+1   DFB1 AF   E8 89           STX -119,S
    998  4+4   DFB4 32   E9 FF63         LEAS -157,S
    999  3     DFB8 8E   A344            LDX #$a344
   1000  5+1   DFBB AF   7E              STX -2,S
   1001  3     DFBD 8E   D547            LDX #$d547
   1002  5+1   DFC0 AF   E8 D6           STX -42,S
   1003  3     DFC3 8E   AE7A            LDX #$ae7a
   1004  5+1   DFC6 AF   E8 AE           STX -82,S
   1005  2     DFC9 86   0F              LDA  #$0F
   1006  4+1   DFCB A4   E8 87           ANDA -121,S
   1007  2     DFCE 8B   A0              ADDA #$a0
   1008  4+1   DFD0 A7   E8 87           STA -121,S
   1009  2     DFD3 86   AE              LDA #$ae
   1010  4+1   DFD5 A7   E8 86           STA -122,S
   1011  4+4   DFD8 32   E9 FF5F         LEAS -161,S
   1012  2     DFDC 86   77              LDA #$77
   1013  4+1   DFDE A7   7F              STA -1,S
   1014  2     DFE0 86   F0              LDA  #$F0
   1015  4+1   DFE2 A4   7E              ANDA -2,S
   1016  2     DFE4 8B   0D              ADDA #$0d
   1017  4+1   DFE6 A7   7E              STA -2,S
   1018  2     DFE8 86   AA              LDA #$aa
   1019  4+1   DFEA A7   E8 D7           STA -41,S
   1020
   1021        DFED               ERASE_SSAV_HSR0
   1022  4     DFED 10CE 0000            LDS #$0000
   1023  5+3   DFF1 35   48              PULS U,DP
   1024  5     DFF3 39                   RTS
   1025
   1026        DFF4               ERASE_DATA_HSR0_2
   1027        DFF4               ERASE_DATA_HSR0_1

000000 Total Errors

000012 Total Symbols
     1x          Label DC3C DATA_HSR0_1
     1x          Label DC3C DATA_HSR0_2
     0x          Label D5AB DRAW_HSR0
    70x          Label DC49 ERASE_CODE_HSR0_1
    63x          Label DE23 ERASE_CODE_HSR0_2
     1x          Label DFF4 ERASE_DATA_HSR0_1
     1x          Label DFF4 ERASE_DATA_HSR0_2
     0x          Label DC3C ERASE_HSR0
     1x          Label DC42 ERASE_POS_HSR0_1
     1x          Label DE1C ERASE_POS_HSR0_2
     1x          Label DFED ERASE_SSAV_HSR0
     1x          Label DC35 SSAV_HSR0

