/*--------------------------------------------------------------*
 * Compilé avec C6809 v0.83                                     *
 *--------------------------------------------------------------*
 * Fichier source      : TMP.ASS
 * Fichier destination : TMP.BIN
 * Contenu :
 *     Main     0:TMP.ASS      13892
 *--------------------------------------------------------------*/

Macro Pass
Pass1
Pass2
      2        A97F                      ORG $A97F
      3        A97F               DRAW_HWL8
      4  5+3   A97F 34   48              PSHS U,DP
      5  7     A981 10FF AFE5            STS SSAV_HWL8+2
      6
      7  7     A985 10FE 9F00            LDS $9F00
      8  7     A989 10FF AFF2            STS ERASE_POS_HWL8_1+2
      9  3     A98D CE   AFEA            LDU #DATA_HWL8_1
     10
     11  4+1   A990 32   7E              LEAS -2,S
     12  4+0   A992 A6   E4              LDA ,S
     13  5     A994 B7   AFFA            STA ERASE_CODE_HWL8_1+3
     14  2     A997 86   F0              LDA  #$F0
     15  4+0   A999 A4   E4              ANDA ,S
     16  2     A99B 8B   0F              ADDA #$0f
     17  4+0   A99D A7   E4              STA ,S
     18  4+1   A99F A6   E8 D8           LDA -40,S
     19  5     A9A2 B7   AFFE            STA ERASE_CODE_HWL8_1+7
     20  2     A9A5 86   F0              LDA  #$F0
     21  4+1   A9A7 A4   E8 D8           ANDA -40,S
     22  2     A9AA 8B   02              ADDA #$02
     23  4+1   A9AC A7   E8 D8           STA -40,S
     24  4+1   A9AF A6   E8 B0           LDA -80,S
     25  5     A9B2 B7   B003            STA ERASE_CODE_HWL8_1+12
     26  2     A9B5 86   F0              LDA  #$F0
     27  4+1   A9B7 A4   E8 B0           ANDA -80,S
     28  2     A9BA 8B   01              ADDA #$01
     29  4+1   A9BC A7   E8 B0           STA -80,S
     30  4+4   A9BF 32   E9 FF60         LEAS -160,S
     31  4+0   A9C3 A6   E4              LDA ,S
     32  5     A9C5 B7   B00C            STA ERASE_CODE_HWL8_1+21
     33  2     A9C8 86   F0              LDA  #$F0
     34  4+0   A9CA A4   E4              ANDA ,S
     35  2     A9CC 8B   0C              ADDA #$0c
     36  4+0   A9CE A7   E4              STA ,S
     37  4+1   A9D0 A6   E8 D8           LDA -40,S
     38  5     A9D3 B7   B010            STA ERASE_CODE_HWL8_1+25
     39  2     A9D6 86   1C              LDA #$1c
     40  4+1   A9D8 A7   E8 D8           STA -40,S
     41  4+1   A9DB A6   E8 D6           LDA -42,S
     42  5     A9DE B7   B015            STA ERASE_CODE_HWL8_1+30
     43  2     A9E1 86   18              LDA #$18
     44  4+1   A9E3 A7   E8 D6           STA -42,S
     45  4+1   A9E6 A6   E8 B0           LDA -80,S
     46  5     A9E9 B7   B01A            STA ERASE_CODE_HWL8_1+35
     47  2     A9EC 86   F0              LDA  #$F0
     48  4+1   A9EE A4   E8 B0           ANDA -80,S
     49  2     A9F1 8B   0C              ADDA #$0c
     50  4+1   A9F3 A7   E8 B0           STA -80,S
     51  4+1   A9F6 A6   E8 AE           LDA -82,S
     52  5     A9F9 B7   B01F            STA ERASE_CODE_HWL8_1+40
     53  2     A9FC 86   FF              LDA #$ff
     54  4+1   A9FE A7   E8 AE           STA -82,S
     55  4+1   AA01 A6   E8 88           LDA -120,S
     56  5     AA04 B7   B024            STA ERASE_CODE_HWL8_1+45
     57  2     AA07 86   0F              LDA  #$0F
     58  4+1   AA09 A4   E8 88           ANDA -120,S
     59  2     AA0C 8B   B0              ADDA #$b0
     60  4+1   AA0E A7   E8 88           STA -120,S
     61  4+1   AA11 A6   E8 86           LDA -122,S
     62  5     AA14 B7   B029            STA ERASE_CODE_HWL8_1+50
     63  2     AA17 86   8F              LDA #$8f
     64  4+1   AA19 A7   E8 86           STA -122,S
     65  4+1   AA1C A6   E8 85           LDA -123,S
     66  5     AA1F B7   B02E            STA ERASE_CODE_HWL8_1+55
     67  2     AA22 86   F0              LDA  #$F0
     68  4+1   AA24 A4   E8 85           ANDA -123,S
     69  2     AA27 8B   0F              ADDA #$0f
     70  4+1   AA29 A7   E8 85           STA -123,S
     71  4+4   AA2C 32   E9 FF61         LEAS -159,S
     72  4+1   AA30 A6   7F              LDA -1,S
     73  5     AA32 B7   B037            STA ERASE_CODE_HWL8_1+64
     74  2     AA35 86   B1              LDA #$b1
     75  4+1   AA37 A7   7F              STA -1,S
     76  5+1   AA39 AE   7C              LDX -4,S
     77  6     AA3B BF   B03B            STX ERASE_CODE_HWL8_1+68
     78  3     AA3E 8E   F8AF            LDX #$f8af
     79  5+1   AA41 AF   7C              STX -4,S
     80  4+1   AA43 A6   E8 D7           LDA -41,S
     81  5     AA46 B7   B040            STA ERASE_CODE_HWL8_1+73
     82  2     AA49 86   8F              LDA #$8f
     83  4+1   AA4B A7   E8 D7           STA -41,S
     84  5+1   AA4E AE   E8 D4           LDX -44,S
     85  6     AA51 BF   B045            STX ERASE_CODE_HWL8_1+78
     86  3     AA54 8E   81BF            LDX #$81bf
     87  5+1   AA57 AF   E8 D4           STX -44,S
     88  4+1   AA5A A6   E8 AF           LDA -81,S
     89  5     AA5D B7   B04B            STA ERASE_CODE_HWL8_1+84
     90  2     AA60 86   AF              LDA #$af
     91  4+1   AA62 A7   E8 AF           STA -81,S
     92  4+1   AA65 A6   E8 AE           LDA -82,S
     93  5     AA68 B7   B050            STA ERASE_CODE_HWL8_1+89
     94  2     AA6B 86   F0              LDA  #$F0
     95  4+1   AA6D A4   E8 AE           ANDA -82,S
     96  2     AA70 8B   0E              ADDA #$0e
     97  4+1   AA72 A7   E8 AE           STA -82,S
     98  4+1   AA75 A6   E8 AD           LDA -83,S
     99  5     AA78 B7   B055            STA ERASE_CODE_HWL8_1+94
    100  2     AA7B 86   BF              LDA #$bf
    101  4+1   AA7D A7   E8 AD           STA -83,S
    102  4+1   AA80 A6   E8 AC           LDA -84,S
    103  5     AA83 B7   B05A            STA ERASE_CODE_HWL8_1+99
    104  2     AA86 86   F0              LDA  #$F0
    105  4+1   AA88 A4   E8 AC           ANDA -84,S
    106  2     AA8B 8B   01              ADDA #$01
    107  4+1   AA8D A7   E8 AC           STA -84,S
    108  4+1   AA90 A6   E8 87           LDA -121,S
    109  5     AA93 B7   B05F            STA ERASE_CODE_HWL8_1+104
    110  2     AA96 86   0F              LDA  #$0F
    111  4+1   AA98 A4   E8 87           ANDA -121,S
    112  2     AA9B 8B   B0              ADDA #$b0
    113  4+1   AA9D A7   E8 87           STA -121,S
    114  5+1   AAA0 AE   E8 85           LDX -123,S
    115  6     AAA3 BF   B064            STX ERASE_CODE_HWL8_1+109
    116  3     AAA6 8E   AAED            LDX #$aaed
    117  5+1   AAA9 AF   E8 85           STX -123,S
    118  4+4   AAAC 32   E9 FF5F         LEAS -161,S
    119  5+1   AAB0 AE   7E              LDX -2,S
    120  6     AAB2 BF   B06E            STX ERASE_CODE_HWL8_1+119
    121  3     AAB5 8E   B8EE            LDX #$b8ee
    122  5+1   AAB8 AF   7E              STX -2,S
    123  5+1   AABA AE   E8 D6           LDX -42,S
    124  6     AABD BF   B073            STX ERASE_CODE_HWL8_1+124
    125  3     AAC0 8E   BB3E            LDX #$bb3e
    126  5+1   AAC3 AF   E8 D6           STX -42,S
    127  5+1   AAC6 AE   E8 AE           LDX -82,S
    128  6     AAC9 BF   B079            STX ERASE_CODE_HWL8_1+130
    129  3     AACC 8E   CB23            LDX #$cb23
    130  5+1   AACF AF   E8 AE           STX -82,S
    131  5+1   AAD2 AE   E8 86           LDX -122,S
    132  6     AAD5 BF   B07F            STX ERASE_CODE_HWL8_1+136
    133  3     AAD8 8E   CCE2            LDX #$cce2
    134  5+1   AADB AF   E8 86           STX -122,S
    135  4+4   AADE 32   E9 FF60         LEAS -160,S
    136  5+1   AAE2 AE   7E              LDX -2,S
    137  6     AAE4 BF   B089            STX ERASE_CODE_HWL8_1+146
    138  3     AAE7 8E   CCFD            LDX #$ccfd
    139  5+1   AAEA AF   7E              STX -2,S
    140  4+1   AAEC A6   E8 D8           LDA -40,S
    141  5     AAEF B7   B08E            STA ERASE_CODE_HWL8_1+151
    142  2     AAF2 86   F0              LDA  #$F0
    143  4+1   AAF4 A4   E8 D8           ANDA -40,S
    144  2     AAF7 8B   0E              ADDA #$0e
    145  4+1   AAF9 A7   E8 D8           STA -40,S
    146  5+1   AAFC AE   E8 D6           LDX -42,S
    147  6     AAFF BF   B093            STX ERASE_CODE_HWL8_1+156
    148  3     AB02 8E   CB1E            LDX #$cb1e
    149  5+1   AB05 AF   E8 D6           STX -42,S
    150  4+1   AB08 32   E8 AE           LEAS -82,S
    151  5+3   AB0B 35   12              PULS A,X
    152  5     AB0D B7   B09C            STA ERASE_CODE_HWL8_1+165
    153  6     AB10 BF   B09E            STX ERASE_CODE_HWL8_1+167
    154  2     AB13 86   CB              LDA #$cb
    155  3     AB15 8E   8EED            LDX #$8eed
    156  5+3   AB18 34   12              PSHS X,A
    157  4+1   AB1A A6   E8 DA           LDA -38,S
    158  5     AB1D B7   B0A3            STA ERASE_CODE_HWL8_1+172
    159  2     AB20 86   0F              LDA  #$0F
    160  4+1   AB22 A4   E8 DA           ANDA -38,S
    161  2     AB25 8B   E0              ADDA #$e0
    162  4+1   AB27 A7   E8 DA           STA -38,S
    163  5+1   AB2A AE   E8 D8           LDX -40,S
    164  6     AB2D BF   B0A8            STX ERASE_CODE_HWL8_1+177
    165  3     AB30 8E   BBE8            LDX #$bbe8
    166  5+1   AB33 AF   E8 D8           STX -40,S
    167  4+1   AB36 A6   E8 B2           LDA -78,S
    168  5     AB39 B7   B0AE            STA ERASE_CODE_HWL8_1+183
    169  2     AB3C 86   0F              LDA  #$0F
    170  4+1   AB3E A4   E8 B2           ANDA -78,S
    171  2     AB41 8B   E0              ADDA #$e0
    172  4+1   AB43 A7   E8 B2           STA -78,S
    173  5+1   AB46 AE   E8 B0           LDX -80,S
    174  6     AB49 BF   B0B3            STX ERASE_CODE_HWL8_1+188
    175  3     AB4C 8E   22EE            LDX #$22ee
    176  5+1   AB4F AF   E8 B0           STX -80,S
    177  4+1   AB52 A6   E8 8A           LDA -118,S
    178  5     AB55 B7   B0B9            STA ERASE_CODE_HWL8_1+194
    179  2     AB58 86   0F              LDA  #$0F
    180  4+1   AB5A A4   E8 8A           ANDA -118,S
    181  2     AB5D 8B   D0              ADDA #$d0
    182  4+1   AB5F A7   E8 8A           STA -118,S
    183  5+1   AB62 AE   E8 88           LDX -120,S
    184  6     AB65 BF   B0BE            STX ERASE_CODE_HWL8_1+199
    185  3     AB68 8E   2CEE            LDX #$2cee
    186  5+1   AB6B AF   E8 88           STX -120,S
    187  4+4   AB6E 32   E9 FF62         LEAS -158,S
    188  5+1   AB72 AE   7E              LDX -2,S
    189  6     AB74 BF   B0C8            STX ERASE_CODE_HWL8_1+209
    190  3     AB77 8E   CDDE            LDX #$cdde
    191  5+1   AB7A AF   7E              STX -2,S
    192  5+1   AB7C AE   E8 D6           LDX -42,S
    193  6     AB7F BF   B0CD            STX ERASE_CODE_HWL8_1+214
    194  3     AB82 8E   CBDD            LDX #$cbdd
    195  5+1   AB85 AF   E8 D6           STX -42,S
    196  5+1   AB88 AE   E8 AE           LDX -82,S
    197  6     AB8B BF   B0D3            STX ERASE_CODE_HWL8_1+220
    198  3     AB8E 8E   CBDD            LDX #$cbdd
    199  5+1   AB91 AF   E8 AE           STX -82,S
    200  4+1   AB94 32   E8 86           LEAS -122,S
    201  5+3   AB97 35   12              PULS A,X
    202  5     AB99 B7   B0DC            STA ERASE_CODE_HWL8_1+229
    203  6     AB9C BF   B0DE            STX ERASE_CODE_HWL8_1+231
    204  2     AB9F 86   CB              LDA #$cb
    205  3     ABA1 8E   DDEE            LDX #$ddee
    206  5+3   ABA4 34   12              PSHS X,A
    207  4+1   ABA6 32   E8 D8           LEAS -40,S
    208  5+3   ABA9 35   12              PULS A,X
    209  5     ABAB B7   B0E6            STA ERASE_CODE_HWL8_1+239
    210  6     ABAE BF   B0E8            STX ERASE_CODE_HWL8_1+241
    211  2     ABB1 86   CB              LDA #$cb
    212  3     ABB3 8E   DDEE            LDX #$ddee
    213  5+3   ABB6 34   12              PSHS X,A
    214  4+1   ABB8 32   E8 D8           LEAS -40,S
    215  5+3   ABBB 35   12              PULS A,X
    216  5     ABBD B7   B0F0            STA ERASE_CODE_HWL8_1+249
    217  6     ABC0 BF   B0F2            STX ERASE_CODE_HWL8_1+251
    218  2     ABC3 86   CD              LDA #$cd
    219  3     ABC5 8E   DDDD            LDX #$dddd
    220  5+3   ABC8 34   12              PSHS X,A
    221  4+1   ABCA A6   E8 DA           LDA -38,S
    222  5     ABCD B7   B0F7            STA ERASE_CODE_HWL8_1+256
    223  2     ABD0 86   0F              LDA  #$0F
    224  4+1   ABD2 A4   E8 DA           ANDA -38,S
    225  2     ABD5 8B   D0              ADDA #$d0
    226  4+1   ABD7 A7   E8 DA           STA -38,S
    227  5+1   ABDA AE   E8 D8           LDX -40,S
    228  6     ABDD BF   B0FC            STX ERASE_CODE_HWL8_1+261
    229  3     ABE0 8E   CDDD            LDX #$cddd
    230  5+1   ABE3 AF   E8 D8           STX -40,S
    231  5+1   ABE6 AE   E8 B0           LDX -80,S
    232  6     ABE9 BF   B102            STX ERASE_CODE_HWL8_1+267
    233  3     ABEC 8E   EBDD            LDX #$ebdd
    234  5+1   ABEF AF   E8 B0           STX -80,S
    235  5+1   ABF2 AE   E8 88           LDX -120,S
    236  6     ABF5 BF   B108            STX ERASE_CODE_HWL8_1+273
    237  3     ABF8 8E   BBDD            LDX #$bbdd
    238  5+1   ABFB AF   E8 88           STX -120,S
    239  4+4   ABFE 32   E9 FF62         LEAS -158,S
    240  5+1   AC02 AE   7E              LDX -2,S
    241  6     AC04 BF   B112            STX ERASE_CODE_HWL8_1+283
    242  3     AC07 8E   B3DE            LDX #$b3de
    243  5+1   AC0A AF   7E              STX -2,S
    244  5+1   AC0C AE   E8 D6           LDX -42,S
    245  6     AC0F BF   B117            STX ERASE_CODE_HWL8_1+288
    246  3     AC12 8E   B3DE            LDX #$b3de
    247  5+1   AC15 AF   E8 D6           STX -42,S
    248  5+1   AC18 AE   E8 AE           LDX -82,S
    249  6     AC1B BF   B11D            STX ERASE_CODE_HWL8_1+294
    250  3     AC1E 8E   BEDE            LDX #$bede
    251  5+1   AC21 AF   E8 AE           STX -82,S
    252  4+1   AC24 32   E8 86           LEAS -122,S
    253  5+3   AC27 35   12              PULS A,X
    254  5     AC29 B7   B126            STA ERASE_CODE_HWL8_1+303
    255  6     AC2C BF   B128            STX ERASE_CODE_HWL8_1+305
    256  2     AC2F 86   EE              LDA #$ee
    257  3     AC31 8E   DDEE            LDX #$ddee
    258  5+3   AC34 34   12              PSHS X,A
    259  4+1   AC36 A6   E8 DA           LDA -38,S
    260  5     AC39 B7   B12D            STA ERASE_CODE_HWL8_1+310
    261  2     AC3C 86   0F              LDA  #$0F
    262  4+1   AC3E A4   E8 DA           ANDA -38,S
    263  2     AC41 8B   D0              ADDA #$d0
    264  4+1   AC43 A7   E8 DA           STA -38,S
    265  4+1   AC46 A6   E8 D9           LDA -39,S
    266  5     AC49 B7   B132            STA ERASE_CODE_HWL8_1+315
    267  2     AC4C 86   BB              LDA #$bb
    268  4+1   AC4E A7   E8 D9           STA -39,S
    269  4+1   AC51 A6   E8 B1           LDA -79,S
    270  5     AC54 B7   B137            STA ERASE_CODE_HWL8_1+320
    271  2     AC57 86   BB              LDA #$bb
    272  4+1   AC59 A7   E8 B1           STA -79,S
    273
    274  7     AC5C 10FE 9F02            LDS $9F00+2
    275  7     AC60 10FF B13D            STS ERASE_POS_HWL8_2+2
    276  3     AC64 CE   AFEA            LDU #DATA_HWL8_2
    277
    278  4+1   AC67 32   7F              LEAS -1,S
    279  4+1   AC69 A6   7F              LDA -1,S
    280  5     AC6B B7   B145            STA ERASE_CODE_HWL8_2+3
    281  2     AC6E 86   F8              LDA #$f8
    282  4+1   AC70 A7   7F              STA -1,S
    283  4+1   AC72 A6   E8 D7           LDA -41,S
    284  5     AC75 B7   B149            STA ERASE_CODE_HWL8_2+7
    285  2     AC78 86   F0              LDA  #$F0
    286  4+1   AC7A A4   E8 D7           ANDA -41,S
    287  2     AC7D 8B   01              ADDA #$01
    288  4+1   AC7F A7   E8 D7           STA -41,S
    289  4+1   AC82 A6   E8 AF           LDA -81,S
    290  5     AC85 B7   B14E            STA ERASE_CODE_HWL8_2+12
    291  2     AC88 86   11              LDA #$11
    292  4+1   AC8A A7   E8 AF           STA -81,S
    293  4+1   AC8D A6   E8 87           LDA -121,S
    294  5     AC90 B7   B153            STA ERASE_CODE_HWL8_2+17
    295  2     AC93 86   F0              LDA  #$F0
    296  4+1   AC95 A4   E8 87           ANDA -121,S
    297  2     AC98 8B   01              ADDA #$01
    298  4+1   AC9A A7   E8 87           STA -121,S
    299  4+4   AC9D 32   E9 FF5F         LEAS -161,S
    300  4+0   ACA1 A6   E4              LDA ,S
    301  5     ACA3 B7   B15C            STA ERASE_CODE_HWL8_2+26
    302  2     ACA6 86   F0              LDA  #$F0
    303  4+0   ACA8 A4   E4              ANDA ,S
    304  2     ACAA 8B   01              ADDA #$01
    305  4+0   ACAC A7   E4              STA ,S
    306  4+1   ACAE A6   E8 D8           LDA -40,S
    307  5     ACB1 B7   B160            STA ERASE_CODE_HWL8_2+30
    308  2     ACB4 86   CF              LDA #$cf
    309  4+1   ACB6 A7   E8 D8           STA -40,S
    310  4+1   ACB9 A6   E8 B0           LDA -80,S
    311  5     ACBC B7   B165            STA ERASE_CODE_HWL8_2+35
    312  2     ACBF 86   BA              LDA #$ba
    313  4+1   ACC1 A7   E8 B0           STA -80,S
    314  4+1   ACC4 A6   E8 AD           LDA -83,S
    315  5     ACC7 B7   B16A            STA ERASE_CODE_HWL8_2+40
    316  2     ACCA 86   1F              LDA #$1f
    317  4+1   ACCC A7   E8 AD           STA -83,S
    318  4+1   ACCF A6   E8 88           LDA -120,S
    319  5     ACD2 B7   B16F            STA ERASE_CODE_HWL8_2+45
    320  2     ACD5 86   BA              LDA #$ba
    321  4+1   ACD7 A7   E8 88           STA -120,S
    322  4+1   ACDA A6   E8 87           LDA -121,S
    323  5     ACDD B7   B174            STA ERASE_CODE_HWL8_2+50
    324  2     ACE0 86   F0              LDA  #$F0
    325  4+1   ACE2 A4   E8 87           ANDA -121,S
    326  2     ACE5 8B   0B              ADDA #$0b
    327  4+1   ACE7 A7   E8 87           STA -121,S
    328  4+1   ACEA A6   E8 85           LDA -123,S
    329  5     ACED B7   B179            STA ERASE_CODE_HWL8_2+55
    330  2     ACF0 86   F8              LDA #$f8
    331  4+1   ACF2 A7   E8 85           STA -123,S
    332  4+4   ACF5 32   E9 FF60         LEAS -160,S
    333  4+0   ACF9 A6   E4              LDA ,S
    334  5     ACFB B7   B182            STA ERASE_CODE_HWL8_2+64
    335  2     ACFE 86   0F              LDA  #$0F
    336  4+0   AD00 A4   E4              ANDA ,S
    337  2     AD02 8B   10              ADDA #$10
    338  4+0   AD04 A7   E4              STA ,S
    339  4+1   AD06 A6   7F              LDA -1,S
    340  5     AD08 B7   B186            STA ERASE_CODE_HWL8_2+68
    341  2     AD0B 86   EE              LDA #$ee
    342  4+1   AD0D A7   7F              STA -1,S
    343  4+1   AD0F A6   7D              LDA -3,S
    344  5     AD11 B7   B18A            STA ERASE_CODE_HWL8_2+72
    345  2     AD14 86   81              LDA #$81
    346  4+1   AD16 A7   7D              STA -3,S
    347  4+1   AD18 A6   7C              LDA -4,S
    348  5     AD1A B7   B18E            STA ERASE_CODE_HWL8_2+76
    349  2     AD1D 86   F0              LDA  #$F0
    350  4+1   AD1F A4   7C              ANDA -4,S
    351  2     AD21 8B   0F              ADDA #$0f
    352  4+1   AD23 A7   7C              STA -4,S
    353  4+1   AD25 A6   E8 D8           LDA -40,S
    354  5     AD28 B7   B192            STA ERASE_CODE_HWL8_2+80
    355  2     AD2B 86   0F              LDA  #$0F
    356  4+1   AD2D A4   E8 D8           ANDA -40,S
    357  2     AD30 8B   10              ADDA #$10
    358  4+1   AD32 A7   E8 D8           STA -40,S
    359  4+1   AD35 A6   E8 D7           LDA -41,S
    360  5     AD38 B7   B197            STA ERASE_CODE_HWL8_2+85
    361  2     AD3B 86   DD              LDA #$dd
    362  4+1   AD3D A7   E8 D7           STA -41,S
    363  4+1   AD40 A6   E8 D5           LDA -43,S
    364  5     AD43 B7   B19C            STA ERASE_CODE_HWL8_2+90
    365  2     AD46 86   11              LDA #$11
    366  4+1   AD48 A7   E8 D5           STA -43,S
    367  4+1   AD4B A6   E8 D4           LDA -44,S
    368  5     AD4E B7   B1A1            STA ERASE_CODE_HWL8_2+95
    369  2     AD51 86   F0              LDA  #$F0
    370  4+1   AD53 A4   E8 D4           ANDA -44,S
    371  2     AD56 8B   08              ADDA #$08
    372  4+1   AD58 A7   E8 D4           STA -44,S
    373  4+1   AD5B A6   E8 AF           LDA -81,S
    374  5     AD5E B7   B1A6            STA ERASE_CODE_HWL8_2+100
    375  2     AD61 86   DB              LDA #$db
    376  4+1   AD63 A7   E8 AF           STA -81,S
    377  4+1   AD66 A6   E8 AD           LDA -83,S
    378  5     AD69 B7   B1AB            STA ERASE_CODE_HWL8_2+105
    379  2     AD6C 86   11              LDA #$11
    380  4+1   AD6E A7   E8 AD           STA -83,S
    381  4+1   AD71 A6   E8 86           LDA -122,S
    382  5     AD74 B7   B1B0            STA ERASE_CODE_HWL8_2+110
    383  2     AD77 86   8E              LDA #$8e
    384  4+1   AD79 A7   E8 86           STA -122,S
    385  4+1   AD7C A6   E8 85           LDA -123,S
    386  5     AD7F B7   B1B5            STA ERASE_CODE_HWL8_2+115
    387  2     AD82 86   F0              LDA  #$F0
    388  4+1   AD84 A4   E8 85           ANDA -123,S
    389  2     AD87 8B   0B              ADDA #$0b
    390  4+1   AD89 A7   E8 85           STA -123,S
    391  4+4   AD8C 32   E9 FF5F         LEAS -161,S
    392  4+0   AD90 A6   E4              LDA ,S
    393  5     AD92 B7   B1BE            STA ERASE_CODE_HWL8_2+124
    394  2     AD95 86   F0              LDA  #$F0
    395  4+0   AD97 A4   E4              ANDA ,S
    396  2     AD99 8B   0E              ADDA #$0e
    397  4+0   AD9B A7   E4              STA ,S
    398  4+1   AD9D A6   7F              LDA -1,S
    399  5     AD9F B7   B1C2            STA ERASE_CODE_HWL8_2+128
    400  2     ADA2 86   E3              LDA #$e3
    401  4+1   ADA4 A7   7F              STA -1,S
    402  5+1   ADA6 AE   E8 D7           LDX -41,S
    403  6     ADA9 BF   B1C6            STX ERASE_CODE_HWL8_2+132
    404  3     ADAC 8E   3FEE            LDX #$3fee
    405  5+1   ADAF AF   E8 D7           STX -41,S
    406  5+1   ADB2 AE   E8 AF           LDX -81,S
    407  6     ADB5 BF   B1CC            STX ERASE_CODE_HWL8_2+138
    408  3     ADB8 8E   B3EE            LDX #$b3ee
    409  5+1   ADBB AF   E8 AF           STX -81,S
    410  4+1   ADBE A6   E8 AE           LDA -82,S
    411  5     ADC1 B7   B1D2            STA ERASE_CODE_HWL8_2+144
    412  2     ADC4 86   F0              LDA  #$F0
    413  4+1   ADC6 A4   E8 AE           ANDA -82,S
    414  2     ADC9 8B   0B              ADDA #$0b
    415  4+1   ADCB A7   E8 AE           STA -82,S
    416  5+1   ADCE AE   E8 87           LDX -121,S
    417  6     ADD1 BF   B1D7            STX ERASE_CODE_HWL8_2+149
    418  3     ADD4 8E   B2ED            LDX #$b2ed
    419  5+1   ADD7 AF   E8 87           STX -121,S
    420  4+1   ADDA A6   E8 86           LDA -122,S
    421  5     ADDD B7   B1DD            STA ERASE_CODE_HWL8_2+155
    422  2     ADE0 86   F0              LDA  #$F0
    423  4+1   ADE2 A4   E8 86           ANDA -122,S
    424  2     ADE5 8B   0B              ADDA #$0b
    425  4+1   ADE7 A7   E8 86           STA -122,S
    426  4+4   ADEA 32   E9 FF61         LEAS -159,S
    427  5+1   ADEE AE   7E              LDX -2,S
    428  6     ADF0 BF   B1E6            STX ERASE_CODE_HWL8_2+164
    429  3     ADF3 8E   BFEA            LDX #$bfea
    430  5+1   ADF6 AF   7E              STX -2,S
    431  4+1   ADF8 A6   7D              LDA -3,S
    432  5     ADFA B7   B1EB            STA ERASE_CODE_HWL8_2+169
    433  2     ADFD 86   F0              LDA  #$F0
    434  4+1   ADFF A4   7D              ANDA -3,S
    435  2     AE01 8B   0C              ADDA #$0c
    436  4+1   AE03 A7   7D              STA -3,S
    437  5+1   AE05 AE   E8 D6           LDX -42,S
    438  6     AE08 BF   B1EF            STX ERASE_CODE_HWL8_2+173
    439  3     AE0B 8E   B1EB            LDX #$b1eb
    440  5+1   AE0E AF   E8 D6           STX -42,S
    441  4+1   AE11 A6   E8 D5           LDA -43,S
    442  5     AE14 B7   B1F5            STA ERASE_CODE_HWL8_2+179
    443  2     AE17 86   F0              LDA  #$F0
    444  4+1   AE19 A4   E8 D5           ANDA -43,S
    445  2     AE1C 8B   0B              ADDA #$0b
    446  4+1   AE1E A7   E8 D5           STA -43,S
    447  5+1   AE21 AE   E8 AE           LDX -82,S
    448  6     AE24 BF   B1FA            STX ERASE_CODE_HWL8_2+184
    449  3     AE27 8E   B88E            LDX #$b88e
    450  5+1   AE2A AF   E8 AE           STX -82,S
    451  5+1   AE2D AE   E8 86           LDX -122,S
    452  6     AE30 BF   B200            STX ERASE_CODE_HWL8_2+190
    453  3     AE33 8E   2EEE            LDX #$2eee
    454  5+1   AE36 AF   E8 86           STX -122,S
    455  4+1   AE39 A6   E8 85           LDA -123,S
    456  5     AE3C B7   B206            STA ERASE_CODE_HWL8_2+196
    457  2     AE3F 86   F0              LDA  #$F0
    458  4+1   AE41 A4   E8 85           ANDA -123,S
    459  2     AE44 8B   01              ADDA #$01
    460  4+1   AE46 A7   E8 85           STA -123,S
    461  4+4   AE49 32   E9 FF60         LEAS -160,S
    462  5+1   AE4D AE   7E              LDX -2,S
    463  6     AE4F BF   B20F            STX ERASE_CODE_HWL8_2+205
    464  3     AE52 8E   23EE            LDX #$23ee
    465  5+1   AE55 AF   7E              STX -2,S
    466  4+1   AE57 A6   7D              LDA -3,S
    467  5     AE59 B7   B214            STA ERASE_CODE_HWL8_2+210
    468  2     AE5C 86   F0              LDA  #$F0
    469  4+1   AE5E A4   7D              ANDA -3,S
    470  2     AE60 8B   02              ADDA #$02
    471  4+1   AE62 A7   7D              STA -3,S
    472  4+1   AE64 32   E8 D5           LEAS -43,S
    473  5+3   AE67 35   12              PULS A,X
    474  5     AE69 B7   B21B            STA ERASE_CODE_HWL8_2+217
    475  6     AE6C BF   B21D            STX ERASE_CODE_HWL8_2+219
    476  2     AE6F 86   82              LDA #$82
    477  3     AE71 8E   23DD            LDX #$23dd
    478  5+3   AE74 34   12              PSHS X,A
    479  4+1   AE76 32   E8 D8           LEAS -40,S
    480  5+3   AE79 35   12              PULS A,X
    481  5     AE7B B7   B225            STA ERASE_CODE_HWL8_2+227
    482  6     AE7E BF   B227            STX ERASE_CODE_HWL8_2+229
    483  2     AE81 86   A2              LDA #$a2
    484  3     AE83 8E   2DDD            LDX #$2ddd
    485  5+3   AE86 34   12              PSHS X,A
    486  4+1   AE88 A6   E8 DA           LDA -38,S
    487  5     AE8B B7   B22C            STA ERASE_CODE_HWL8_2+234
    488  2     AE8E 86   0F              LDA  #$0F
    489  4+1   AE90 A4   E8 DA           ANDA -38,S
    490  2     AE93 8B   E0              ADDA #$e0
    491  4+1   AE95 A7   E8 DA           STA -38,S
    492  5+1   AE98 AE   E8 D8           LDX -40,S
    493  6     AE9B BF   B231            STX ERASE_CODE_HWL8_2+239
    494  3     AE9E 8E   BADD            LDX #$badd
    495  5+1   AEA1 AF   E8 D8           STX -40,S
    496  5+1   AEA4 AE   E8 B1           LDX -79,S
    497  6     AEA7 BF   B237            STX ERASE_CODE_HWL8_2+245
    498  3     AEAA 8E   BBEE            LDX #$bbee
    499  5+1   AEAD AF   E8 B1           STX -79,S
    500  4+1   AEB0 A6   E8 B0           LDA -80,S
    501  5     AEB3 B7   B23D            STA ERASE_CODE_HWL8_2+251
    502  2     AEB6 86   F0              LDA  #$F0
    503  4+1   AEB8 A4   E8 B0           ANDA -80,S
    504  2     AEBB 8B   0A              ADDA #$0a
    505  4+1   AEBD A7   E8 B0           STA -80,S
    506  4+1   AEC0 A6   E8 8B           LDA -117,S
    507  5     AEC3 B7   B242            STA ERASE_CODE_HWL8_2+256
    508  2     AEC6 86   0F              LDA  #$0F
    509  4+1   AEC8 A4   E8 8B           ANDA -117,S
    510  2     AECB 8B   E0              ADDA #$e0
    511  4+1   AECD A7   E8 8B           STA -117,S
    512  4+1   AED0 32   E8 88           LEAS -120,S
    513  5+3   AED3 35   12              PULS A,X
    514  5     AED5 B7   B24A            STA ERASE_CODE_HWL8_2+264
    515  6     AED8 BF   B24C            STX ERASE_CODE_HWL8_2+266
    516  2     AEDB 86   DB              LDA #$db
    517  3     AEDD 8E   BBEE            LDX #$bbee
    518  5+3   AEE0 34   12              PSHS X,A
    519  4+1   AEE2 32   E8 D8           LEAS -40,S
    520  5+3   AEE5 35   12              PULS A,X
    521  5     AEE7 B7   B254            STA ERASE_CODE_HWL8_2+274
    522  6     AEEA BF   B256            STX ERASE_CODE_HWL8_2+276
    523  2     AEED 86   D8              LDA #$d8
    524  3     AEEF 8E   BBDE            LDX #$bbde
    525  5+3   AEF2 34   12              PSHS X,A
    526  4+1   AEF4 32   E8 D8           LEAS -40,S
    527  5+3   AEF7 35   12              PULS A,X
    528  5     AEF9 B7   B25E            STA ERASE_CODE_HWL8_2+284
    529  6     AEFC BF   B260            STX ERASE_CODE_HWL8_2+286
    530  2     AEFF 86   BD              LDA #$bd
    531  3     AF01 8E   BCDE            LDX #$bcde
    532  5+3   AF04 34   12              PSHS X,A
    533  4+1   AF06 32   E8 D8           LEAS -40,S
    534  5+3   AF09 35   12              PULS A,X
    535  5     AF0B B7   B268            STA ERASE_CODE_HWL8_2+294
    536  6     AF0E BF   B26A            STX ERASE_CODE_HWL8_2+296
    537  2     AF11 86   DB              LDA #$db
    538  3     AF13 8E   BBDD            LDX #$bbdd
    539  5+3   AF16 34   12              PSHS X,A
    540  5+1   AF18 AE   E8 D9           LDX -39,S
    541  6     AF1B BF   B26F            STX ERASE_CODE_HWL8_2+301
    542  3     AF1E 8E   BEDD            LDX #$bedd
    543  5+1   AF21 AF   E8 D9           STX -39,S
    544  4+1   AF24 A6   E8 D8           LDA -40,S
    545  5     AF27 B7   B275            STA ERASE_CODE_HWL8_2+307
    546  2     AF2A 86   F0              LDA  #$F0
    547  4+1   AF2C A4   E8 D8           ANDA -40,S
    548  2     AF2F 8B   0B              ADDA #$0b
    549  4+1   AF31 A7   E8 D8           STA -40,S
    550  4+1   AF34 A6   E8 B2           LDA -78,S
    551  5     AF37 B7   B27A            STA ERASE_CODE_HWL8_2+312
    552  2     AF3A 86   0F              LDA  #$0F
    553  4+1   AF3C A4   E8 B2           ANDA -78,S
    554  2     AF3F 8B   D0              ADDA #$d0
    555  4+1   AF41 A7   E8 B2           STA -78,S
    556  4+1   AF44 A6   E8 B1           LDA -79,S
    557  5     AF47 B7   B27F            STA ERASE_CODE_HWL8_2+317
    558  2     AF4A 86   2E              LDA #$2e
    559  4+1   AF4C A7   E8 B1           STA -79,S
    560  4+1   AF4F A6   E8 B0           LDA -80,S
    561  5     AF52 B7   B284            STA ERASE_CODE_HWL8_2+322
    562  2     AF55 86   F0              LDA  #$F0
    563  4+1   AF57 A4   E8 B0           ANDA -80,S
    564  2     AF5A 8B   0B              ADDA #$0b
    565  4+1   AF5C A7   E8 B0           STA -80,S
    566  4+1   AF5F A6   E8 89           LDA -119,S
    567  5     AF62 B7   B289            STA ERASE_CODE_HWL8_2+327
    568  2     AF65 86   2E              LDA #$2e
    569  4+1   AF67 A7   E8 89           STA -119,S
    570  4+1   AF6A A6   E8 88           LDA -120,S
    571  5     AF6D B7   B28E            STA ERASE_CODE_HWL8_2+332
    572  2     AF70 86   F0              LDA  #$F0
    573  4+1   AF72 A4   E8 88           ANDA -120,S
    574  2     AF75 8B   0B              ADDA #$0b
    575  4+1   AF77 A7   E8 88           STA -120,S
    576  4+4   AF7A 32   E9 FF62         LEAS -158,S
    577  4+0   AF7E A6   E4              LDA ,S
    578  5     AF80 B7   B297            STA ERASE_CODE_HWL8_2+341
    579  2     AF83 86   0F              LDA  #$0F
    580  4+0   AF85 A4   E4              ANDA ,S
    581  2     AF87 8B   E0              ADDA #$e0
    582  4+0   AF89 A7   E4              STA ,S
    583  4+1   AF8B A6   7F              LDA -1,S
    584  5     AF8D B7   B29B            STA ERASE_CODE_HWL8_2+345
    585  2     AF90 86   2E              LDA #$2e
    586  4+1   AF92 A7   7F              STA -1,S
    587  4+1   AF94 A6   7E              LDA -2,S
    588  5     AF96 B7   B29F            STA ERASE_CODE_HWL8_2+349
    589  2     AF99 86   F0              LDA  #$F0
    590  4+1   AF9B A4   7E              ANDA -2,S
    591  2     AF9D 8B   0B              ADDA #$0b
    592  4+1   AF9F A7   7E              STA -2,S
    593  5+1   AFA1 AE   E8 D7           LDX -41,S
    594  6     AFA4 BF   B2A3            STX ERASE_CODE_HWL8_2+353
    595  3     AFA7 8E   2DEE            LDX #$2dee
    596  5+1   AFAA AF   E8 D7           STX -41,S
    597  5+1   AFAD AE   E8 AF           LDX -81,S
    598  6     AFB0 BF   B2A9            STX ERASE_CODE_HWL8_2+359
    599  3     AFB3 8E   EBDE            LDX #$ebde
    600  5+1   AFB6 AF   E8 AF           STX -81,S
    601  5+1   AFB9 AE   E8 87           LDX -121,S
    602  6     AFBC BF   B2AF            STX ERASE_CODE_HWL8_2+365
    603  3     AFBF 8E   BBDD            LDX #$bbdd
    604  5+1   AFC2 AF   E8 87           STX -121,S
    605  4+4   AFC5 32   E9 FF60         LEAS -160,S
    606  4+0   AFC9 A6   E4              LDA ,S
    607  5     AFCB B7   B2B9            STA ERASE_CODE_HWL8_2+375
    608  2     AFCE 86   0F              LDA  #$0F
    609  4+0   AFD0 A4   E4              ANDA ,S
    610  2     AFD2 8B   B0              ADDA #$b0
    611  4+0   AFD4 A7   E4              STA ,S
    612  4+1   AFD6 A6   7F              LDA -1,S
    613  5     AFD8 B7   B2BD            STA ERASE_CODE_HWL8_2+379
    614  2     AFDB 86   F0              LDA  #$F0
    615  4+1   AFDD A4   7F              ANDA -1,S
    616  2     AFDF 8B   0B              ADDA #$0b
    617  4+1   AFE1 A7   7F              STA -1,S
    618
    619        AFE3               SSAV_HWL8
    620  4     AFE3 10CE 0000            LDS #$0000
    621  5+3   AFE7 35   48              PULS U,DP
    622  5     AFE9 39                   RTS
    623
    624        AFEA               DATA_HWL8_2
    625        AFEA               DATA_HWL8_1
    626        AFEA               ERASE_HWL8
    627  5+3   AFEA 34   48              PSHS U,DP
    628  7     AFEC 10FF B2C2            STS ERASE_SSAV_HWL8+2
    629
    630        AFF0               ERASE_POS_HWL8_1
    631  4     AFF0 10CE 0000            LDS #$0000
    632  3     AFF4 CE   B2C7            LDU #ERASE_DATA_HWL8_1
    633        AFF7               ERASE_CODE_HWL8_1
    634  4+1   AFF7 32   7E              LEAS -2,S
    635  2     AFF9 86   0F              LDA #$0f
    636  4+0   AFFB A7   E4              STA ,S
    637  2     AFFD 86   02              LDA #$02
    638  4+1   AFFF A7   E8 D8           STA -40,S
    639  2     B002 86   01              LDA #$01
    640  4+1   B004 A7   E8 B0           STA -80,S
    641  4+4   B007 32   E9 FF60         LEAS -160,S
    642  2     B00B 86   0C              LDA #$0c
    643  4+0   B00D A7   E4              STA ,S
    644  2     B00F 86   1C              LDA #$1c
    645  4+1   B011 A7   E8 D8           STA -40,S
    646  2     B014 86   18              LDA #$18
    647  4+1   B016 A7   E8 D6           STA -42,S
    648  2     B019 86   0C              LDA #$0c
    649  4+1   B01B A7   E8 B0           STA -80,S
    650  2     B01E 86   FF              LDA #$ff
    651  4+1   B020 A7   E8 AE           STA -82,S
    652  2     B023 86   B0              LDA #$b0
    653  4+1   B025 A7   E8 88           STA -120,S
    654  2     B028 86   8F              LDA #$8f
    655  4+1   B02A A7   E8 86           STA -122,S
    656  2     B02D 86   0F              LDA #$0f
    657  4+1   B02F A7   E8 85           STA -123,S
    658  4+4   B032 32   E9 FF61         LEAS -159,S
    659  2     B036 86   B1              LDA #$b1
    660  4+1   B038 A7   7F              STA -1,S
    661  3     B03A 8E   F8AF            LDX #$f8af
    662  5+1   B03D AF   7C              STX -4,S
    663  2     B03F 86   8F              LDA #$8f
    664  4+1   B041 A7   E8 D7           STA -41,S
    665  3     B044 8E   81BF            LDX #$81bf
    666  5+1   B047 AF   E8 D4           STX -44,S
    667  2     B04A 86   AF              LDA #$af
    668  4+1   B04C A7   E8 AF           STA -81,S
    669  2     B04F 86   0E              LDA #$0e
    670  4+1   B051 A7   E8 AE           STA -82,S
    671  2     B054 86   BF              LDA #$bf
    672  4+1   B056 A7   E8 AD           STA -83,S
    673  2     B059 86   01              LDA #$01
    674  4+1   B05B A7   E8 AC           STA -84,S
    675  2     B05E 86   B0              LDA #$b0
    676  4+1   B060 A7   E8 87           STA -121,S
    677  3     B063 8E   AAED            LDX #$aaed
    678  5+1   B066 AF   E8 85           STX -123,S
    679  4+4   B069 32   E9 FF5F         LEAS -161,S
    680  3     B06D 8E   B8EE            LDX #$b8ee
    681  5+1   B070 AF   7E              STX -2,S
    682  3     B072 8E   BB3E            LDX #$bb3e
    683  5+1   B075 AF   E8 D6           STX -42,S
    684  3     B078 8E   CB23            LDX #$cb23
    685  5+1   B07B AF   E8 AE           STX -82,S
    686  3     B07E 8E   CCE2            LDX #$cce2
    687  5+1   B081 AF   E8 86           STX -122,S
    688  4+4   B084 32   E9 FF60         LEAS -160,S
    689  3     B088 8E   CCFD            LDX #$ccfd
    690  5+1   B08B AF   7E              STX -2,S
    691  2     B08D 86   0E              LDA #$0e
    692  4+1   B08F A7   E8 D8           STA -40,S
    693  3     B092 8E   CB1E            LDX #$cb1e
    694  5+1   B095 AF   E8 D6           STX -42,S
    695  4+1   B098 32   E8 B1           LEAS -79,S
    696  2     B09B 86   CB              LDA #$cb
    697  3     B09D 8E   8EED            LDX #$8eed
    698  5+3   B0A0 34   12              PSHS X,A
    699  2     B0A2 86   E0              LDA #$e0
    700  4+1   B0A4 A7   E8 DA           STA -38,S
    701  3     B0A7 8E   BBE8            LDX #$bbe8
    702  5+1   B0AA AF   E8 D8           STX -40,S
    703  2     B0AD 86   E0              LDA #$e0
    704  4+1   B0AF A7   E8 B2           STA -78,S
    705  3     B0B2 8E   22EE            LDX #$22ee
    706  5+1   B0B5 AF   E8 B0           STX -80,S
    707  2     B0B8 86   D0              LDA #$d0
    708  4+1   B0BA A7   E8 8A           STA -118,S
    709  3     B0BD 8E   2CEE            LDX #$2cee
    710  5+1   B0C0 AF   E8 88           STX -120,S
    711  4+4   B0C3 32   E9 FF62         LEAS -158,S
    712  3     B0C7 8E   CDDE            LDX #$cdde
    713  5+1   B0CA AF   7E              STX -2,S
    714  3     B0CC 8E   CBDD            LDX #$cbdd
    715  5+1   B0CF AF   E8 D6           STX -42,S
    716  3     B0D2 8E   CBDD            LDX #$cbdd
    717  5+1   B0D5 AF   E8 AE           STX -82,S
    718  4+1   B0D8 32   E8 89           LEAS -119,S
    719  2     B0DB 86   CB              LDA #$cb
    720  3     B0DD 8E   DDEE            LDX #$ddee
    721  5+3   B0E0 34   12              PSHS X,A
    722  4+1   B0E2 32   E8 DB           LEAS -37,S
    723  2     B0E5 86   CB              LDA #$cb
    724  3     B0E7 8E   DDEE            LDX #$ddee
    725  5+3   B0EA 34   12              PSHS X,A
    726  4+1   B0EC 32   E8 DB           LEAS -37,S
    727  2     B0EF 86   CD              LDA #$cd
    728  3     B0F1 8E   DDDD            LDX #$dddd
    729  5+3   B0F4 34   12              PSHS X,A
    730  2     B0F6 86   D0              LDA #$d0
    731  4+1   B0F8 A7   E8 DA           STA -38,S
    732  3     B0FB 8E   CDDD            LDX #$cddd
    733  5+1   B0FE AF   E8 D8           STX -40,S
    734  3     B101 8E   EBDD            LDX #$ebdd
    735  5+1   B104 AF   E8 B0           STX -80,S
    736  3     B107 8E   BBDD            LDX #$bbdd
    737  5+1   B10A AF   E8 88           STX -120,S
    738  4+4   B10D 32   E9 FF62         LEAS -158,S
    739  3     B111 8E   B3DE            LDX #$b3de
    740  5+1   B114 AF   7E              STX -2,S
    741  3     B116 8E   B3DE            LDX #$b3de
    742  5+1   B119 AF   E8 D6           STX -42,S
    743  3     B11C 8E   BEDE            LDX #$bede
    744  5+1   B11F AF   E8 AE           STX -82,S
    745  4+1   B122 32   E8 89           LEAS -119,S
    746  2     B125 86   EE              LDA #$ee
    747  3     B127 8E   DDEE            LDX #$ddee
    748  5+3   B12A 34   12              PSHS X,A
    749  2     B12C 86   D0              LDA #$d0
    750  4+1   B12E A7   E8 DA           STA -38,S
    751  2     B131 86   BB              LDA #$bb
    752  4+1   B133 A7   E8 D9           STA -39,S
    753  2     B136 86   BB              LDA #$bb
    754  4+1   B138 A7   E8 B1           STA -79,S
    755
    756        B13B               ERASE_POS_HWL8_2
    757  4     B13B 10CE 0000            LDS #$0000
    758  3     B13F CE   B2C7            LDU #ERASE_DATA_HWL8_2
    759        B142               ERASE_CODE_HWL8_2
    760  4+1   B142 32   7F              LEAS -1,S
    761  2     B144 86   F8              LDA #$f8
    762  4+1   B146 A7   7F              STA -1,S
    763  2     B148 86   01              LDA #$01
    764  4+1   B14A A7   E8 D7           STA -41,S
    765  2     B14D 86   11              LDA #$11
    766  4+1   B14F A7   E8 AF           STA -81,S
    767  2     B152 86   01              LDA #$01
    768  4+1   B154 A7   E8 87           STA -121,S
    769  4+4   B157 32   E9 FF5F         LEAS -161,S
    770  2     B15B 86   01              LDA #$01
    771  4+0   B15D A7   E4              STA ,S
    772  2     B15F 86   CF              LDA #$cf
    773  4+1   B161 A7   E8 D8           STA -40,S
    774  2     B164 86   BA              LDA #$ba
    775  4+1   B166 A7   E8 B0           STA -80,S
    776  2     B169 86   1F              LDA #$1f
    777  4+1   B16B A7   E8 AD           STA -83,S
    778  2     B16E 86   BA              LDA #$ba
    779  4+1   B170 A7   E8 88           STA -120,S
    780  2     B173 86   0B              LDA #$0b
    781  4+1   B175 A7   E8 87           STA -121,S
    782  2     B178 86   F8              LDA #$f8
    783  4+1   B17A A7   E8 85           STA -123,S
    784  4+4   B17D 32   E9 FF60         LEAS -160,S
    785  2     B181 86   10              LDA #$10
    786  4+0   B183 A7   E4              STA ,S
    787  2     B185 86   EE              LDA #$ee
    788  4+1   B187 A7   7F              STA -1,S
    789  2     B189 86   81              LDA #$81
    790  4+1   B18B A7   7D              STA -3,S
    791  2     B18D 86   0F              LDA #$0f
    792  4+1   B18F A7   7C              STA -4,S
    793  2     B191 86   10              LDA #$10
    794  4+1   B193 A7   E8 D8           STA -40,S
    795  2     B196 86   DD              LDA #$dd
    796  4+1   B198 A7   E8 D7           STA -41,S
    797  2     B19B 86   11              LDA #$11
    798  4+1   B19D A7   E8 D5           STA -43,S
    799  2     B1A0 86   08              LDA #$08
    800  4+1   B1A2 A7   E8 D4           STA -44,S
    801  2     B1A5 86   DB              LDA #$db
    802  4+1   B1A7 A7   E8 AF           STA -81,S
    803  2     B1AA 86   11              LDA #$11
    804  4+1   B1AC A7   E8 AD           STA -83,S
    805  2     B1AF 86   8E              LDA #$8e
    806  4+1   B1B1 A7   E8 86           STA -122,S
    807  2     B1B4 86   0B              LDA #$0b
    808  4+1   B1B6 A7   E8 85           STA -123,S
    809  4+4   B1B9 32   E9 FF5F         LEAS -161,S
    810  2     B1BD 86   0E              LDA #$0e
    811  4+0   B1BF A7   E4              STA ,S
    812  2     B1C1 86   E3              LDA #$e3
    813  4+1   B1C3 A7   7F              STA -1,S
    814  3     B1C5 8E   3FEE            LDX #$3fee
    815  5+1   B1C8 AF   E8 D7           STX -41,S
    816  3     B1CB 8E   B3EE            LDX #$b3ee
    817  5+1   B1CE AF   E8 AF           STX -81,S
    818  2     B1D1 86   0B              LDA #$0b
    819  4+1   B1D3 A7   E8 AE           STA -82,S
    820  3     B1D6 8E   B2ED            LDX #$b2ed
    821  5+1   B1D9 AF   E8 87           STX -121,S
    822  2     B1DC 86   0B              LDA #$0b
    823  4+1   B1DE A7   E8 86           STA -122,S
    824  4+4   B1E1 32   E9 FF61         LEAS -159,S
    825  3     B1E5 8E   BFEA            LDX #$bfea
    826  5+1   B1E8 AF   7E              STX -2,S
    827  2     B1EA 86   0C              LDA #$0c
    828  4+1   B1EC A7   7D              STA -3,S
    829  3     B1EE 8E   B1EB            LDX #$b1eb
    830  5+1   B1F1 AF   E8 D6           STX -42,S
    831  2     B1F4 86   0B              LDA #$0b
    832  4+1   B1F6 A7   E8 D5           STA -43,S
    833  3     B1F9 8E   B88E            LDX #$b88e
    834  5+1   B1FC AF   E8 AE           STX -82,S
    835  3     B1FF 8E   2EEE            LDX #$2eee
    836  5+1   B202 AF   E8 86           STX -122,S
    837  2     B205 86   01              LDA #$01
    838  4+1   B207 A7   E8 85           STA -123,S
    839  4+4   B20A 32   E9 FF60         LEAS -160,S
    840  3     B20E 8E   23EE            LDX #$23ee
    841  5+1   B211 AF   7E              STX -2,S
    842  2     B213 86   02              LDA #$02
    843  4+1   B215 A7   7D              STA -3,S
    844  4+1   B217 32   E8 D8           LEAS -40,S
    845  2     B21A 86   82              LDA #$82
    846  3     B21C 8E   23DD            LDX #$23dd
    847  5+3   B21F 34   12              PSHS X,A
    848  4+1   B221 32   E8 DB           LEAS -37,S
    849  2     B224 86   A2              LDA #$a2
    850  3     B226 8E   2DDD            LDX #$2ddd
    851  5+3   B229 34   12              PSHS X,A
    852  2     B22B 86   E0              LDA #$e0
    853  4+1   B22D A7   E8 DA           STA -38,S
    854  3     B230 8E   BADD            LDX #$badd
    855  5+1   B233 AF   E8 D8           STX -40,S
    856  3     B236 8E   BBEE            LDX #$bbee
    857  5+1   B239 AF   E8 B1           STX -79,S
    858  2     B23C 86   0A              LDA #$0a
    859  4+1   B23E A7   E8 B0           STA -80,S
    860  2     B241 86   E0              LDA #$e0
    861  4+1   B243 A7   E8 8B           STA -117,S
    862  4+1   B246 32   E8 8B           LEAS -117,S
    863  2     B249 86   DB              LDA #$db
    864  3     B24B 8E   BBEE            LDX #$bbee
    865  5+3   B24E 34   12              PSHS X,A
    866  4+1   B250 32   E8 DB           LEAS -37,S
    867  2     B253 86   D8              LDA #$d8
    868  3     B255 8E   BBDE            LDX #$bbde
    869  5+3   B258 34   12              PSHS X,A
    870  4+1   B25A 32   E8 DB           LEAS -37,S
    871  2     B25D 86   BD              LDA #$bd
    872  3     B25F 8E   BCDE            LDX #$bcde
    873  5+3   B262 34   12              PSHS X,A
    874  4+1   B264 32   E8 DB           LEAS -37,S
    875  2     B267 86   DB              LDA #$db
    876  3     B269 8E   BBDD            LDX #$bbdd
    877  5+3   B26C 34   12              PSHS X,A
    878  3     B26E 8E   BEDD            LDX #$bedd
    879  5+1   B271 AF   E8 D9           STX -39,S
    880  2     B274 86   0B              LDA #$0b
    881  4+1   B276 A7   E8 D8           STA -40,S
    882  2     B279 86   D0              LDA #$d0
    883  4+1   B27B A7   E8 B2           STA -78,S
    884  2     B27E 86   2E              LDA #$2e
    885  4+1   B280 A7   E8 B1           STA -79,S
    886  2     B283 86   0B              LDA #$0b
    887  4+1   B285 A7   E8 B0           STA -80,S
    888  2     B288 86   2E              LDA #$2e
    889  4+1   B28A A7   E8 89           STA -119,S
    890  2     B28D 86   0B              LDA #$0b
    891  4+1   B28F A7   E8 88           STA -120,S
    892  4+4   B292 32   E9 FF62         LEAS -158,S
    893  2     B296 86   E0              LDA #$e0
    894  4+0   B298 A7   E4              STA ,S
    895  2     B29A 86   2E              LDA #$2e
    896  4+1   B29C A7   7F              STA -1,S
    897  2     B29E 86   0B              LDA #$0b
    898  4+1   B2A0 A7   7E              STA -2,S
    899  3     B2A2 8E   2DEE            LDX #$2dee
    900  5+1   B2A5 AF   E8 D7           STX -41,S
    901  3     B2A8 8E   EBDE            LDX #$ebde
    902  5+1   B2AB AF   E8 AF           STX -81,S
    903  3     B2AE 8E   BBDD            LDX #$bbdd
    904  5+1   B2B1 AF   E8 87           STX -121,S
    905  4+4   B2B4 32   E9 FF60         LEAS -160,S
    906  2     B2B8 86   B0              LDA #$b0
    907  4+0   B2BA A7   E4              STA ,S
    908  2     B2BC 86   0B              LDA #$0b
    909  4+1   B2BE A7   7F              STA -1,S
    910
    911        B2C0               ERASE_SSAV_HWL8
    912  4     B2C0 10CE 0000            LDS #$0000
    913  5+3   B2C4 35   48              PULS U,DP
    914  5     B2C6 39                   RTS
    915
    916        B2C7               ERASE_DATA_HWL8_2
    917        B2C7               ERASE_DATA_HWL8_1

000000 Total Errors

000012 Total Symbols
     1x          Label AFEA DATA_HWL8_1
     1x          Label AFEA DATA_HWL8_2
     0x          Label A97F DRAW_HWL8
    57x          Label AFF7 ERASE_CODE_HWL8_1
    71x          Label B142 ERASE_CODE_HWL8_2
     1x          Label B2C7 ERASE_DATA_HWL8_1
     1x          Label B2C7 ERASE_DATA_HWL8_2
     0x          Label AFEA ERASE_HWL8
     1x          Label AFF0 ERASE_POS_HWL8_1
     1x          Label B13B ERASE_POS_HWL8_2
     1x          Label B2C0 ERASE_SSAV_HWL8
     1x          Label AFE3 SSAV_HWL8

