/*--------------------------------------------------------------*
 * Compilé avec C6809 v0.83                                     *
 *--------------------------------------------------------------*
 * Fichier source      : TMP.ASS
 * Fichier destination : TMP.BIN
 * Contenu :
 *     Main     0:TMP.ASS      13364
 *--------------------------------------------------------------*/

Macro Pass
Pass1
Pass2
      2        A000                      ORG $A000
      3        A000               DRAW_HWR0
      4  5+3   A000 34   48              PSHS U,DP
      5  7     A002 10FF A5B0            STS SSAV_HWR0+2
      6
      7  7     A006 10FE 9F00            LDS $9F00
      8  7     A00A 10FF A5BD            STS ERASE_POS_HWR0_1+2
      9  3     A00E CE   A5B5            LDU #DATA_HWR0_1
     10
     11  4+1   A011 32   7E              LEAS -2,S
     12  4+0   A013 A6   E4              LDA ,S
     13  5     A015 B7   A5C9            STA ERASE_CODE_HWR0_1+7
     14  2     A018 86   0F              LDA  #$0F
     15  4+0   A01A A4   E4              ANDA ,S
     16  2     A01C 8B   00              ADDA #$00
     17  4+0   A01E A7   E4              STA ,S
     18  4+1   A020 A6   7F              LDA -1,S
     19  5     A022 B7   A5CD            STA ERASE_CODE_HWR0_1+11
     20  2     A025 86   00              LDA #$00
     21  4+1   A027 A7   7F              STA -1,S
     22  4+1   A029 A6   E8 D8           LDA -40,S
     23  5     A02C B7   A5D6            STA ERASE_CODE_HWR0_1+20
     24  2     A02F 86   0F              LDA  #$0F
     25  4+1   A031 A4   E8 D8           ANDA -40,S
     26  2     A034 8B   E0              ADDA #$e0
     27  4+1   A036 A7   E8 D8           STA -40,S
     28  4+1   A039 A6   E8 D7           LDA -41,S
     29  5     A03C B7   A5DB            STA ERASE_CODE_HWR0_1+25
     30  2     A03F 86   5F              LDA #$5f
     31  4+1   A041 A7   E8 D7           STA -41,S
     32  4+1   A044 A6   E8 AF           LDA -81,S
     33  5     A047 B7   A5E0            STA ERASE_CODE_HWR0_1+30
     34  2     A04A 86   4F              LDA #$4f
     35  4+1   A04C A7   E8 AF           STA -81,S
     36  4+1   A04F A6   E8 87           LDA -121,S
     37  5     A052 B7   A5E5            STA ERASE_CODE_HWR0_1+35
     38  2     A055 86   40              LDA #$40
     39  4+1   A057 A7   E8 87           STA -121,S
     40  4+4   A05A 32   E9 FF60         LEAS -160,S
     41  4+1   A05E A6   7F              LDA -1,S
     42  5     A060 B7   A5EE            STA ERASE_CODE_HWR0_1+44
     43  2     A063 86   0E              LDA #$0e
     44  4+1   A065 A7   7F              STA -1,S
     45  4+1   A067 A6   E8 D7           LDA -41,S
     46  5     A06A B7   A5F2            STA ERASE_CODE_HWR0_1+48
     47  2     A06D 86   FE              LDA #$fe
     48  4+1   A06F A7   E8 D7           STA -41,S
     49  4+1   A072 A6   E8 AF           LDA -81,S
     50  5     A075 B7   A5FC            STA ERASE_CODE_HWR0_1+58
     51  2     A078 86   0F              LDA  #$0F
     52  4+1   A07A A4   E8 AF           ANDA -81,S
     53  2     A07D 8B   E0              ADDA #$e0
     54  4+1   A07F A7   E8 AF           STA -81,S
     55  4+1   A082 A6   E8 87           LDA -121,S
     56  5     A085 B7   A606            STA ERASE_CODE_HWR0_1+68
     57  2     A088 86   0F              LDA  #$0F
     58  4+1   A08A A4   E8 87           ANDA -121,S
     59  2     A08D 8B   B0              ADDA #$b0
     60  4+1   A08F A7   E8 87           STA -121,S
     61  4+4   A092 32   E9 FF5F         LEAS -161,S
     62  4+0   A096 A6   E4              LDA ,S
     63  5     A098 B7   A613            STA ERASE_CODE_HWR0_1+81
     64  2     A09B 86   0F              LDA  #$0F
     65  4+0   A09D A4   E4              ANDA ,S
     66  2     A09F 8B   50              ADDA #$50
     67  4+0   A0A1 A7   E4              STA ,S
     68  4+1   A0A3 A6   E8 D8           LDA -40,S
     69  5     A0A6 B7   A61C            STA ERASE_CODE_HWR0_1+90
     70  2     A0A9 86   0F              LDA  #$0F
     71  4+1   A0AB A4   E8 D8           ANDA -40,S
     72  2     A0AE 8B   40              ADDA #$40
     73  4+1   A0B0 A7   E8 D8           STA -40,S
     74  4+1   A0B3 A6   E8 D7           LDA -41,S
     75  5     A0B6 B7   A626            STA ERASE_CODE_HWR0_1+100
     76  2     A0B9 86   F0              LDA  #$F0
     77  4+1   A0BB A4   E8 D7           ANDA -41,S
     78  2     A0BE 8B   00              ADDA #$00
     79  4+1   A0C0 A7   E8 D7           STA -41,S
     80  4+1   A0C3 A6   E8 B0           LDA -80,S
     81  5     A0C6 B7   A630            STA ERASE_CODE_HWR0_1+110
     82  2     A0C9 86   0F              LDA  #$0F
     83  4+1   A0CB A4   E8 B0           ANDA -80,S
     84  2     A0CE 8B   20              ADDA #$20
     85  4+1   A0D0 A7   E8 B0           STA -80,S
     86  4+1   A0D3 A6   E8 AF           LDA -81,S
     87  5     A0D6 B7   A63A            STA ERASE_CODE_HWR0_1+120
     88  2     A0D9 86   F0              LDA  #$F0
     89  4+1   A0DB A4   E8 AF           ANDA -81,S
     90  2     A0DE 8B   04              ADDA #$04
     91  4+1   A0E0 A7   E8 AF           STA -81,S
     92  4+1   A0E3 A6   E8 88           LDA -120,S
     93  5     A0E6 B7   A644            STA ERASE_CODE_HWR0_1+130
     94  2     A0E9 86   0F              LDA  #$0F
     95  4+1   A0EB A4   E8 88           ANDA -120,S
     96  2     A0EE 8B   10              ADDA #$10
     97  4+1   A0F0 A7   E8 88           STA -120,S
     98  4+1   A0F3 A6   E8 87           LDA -121,S
     99  5     A0F6 B7   A649            STA ERASE_CODE_HWR0_1+135
    100  2     A0F9 86   05              LDA #$05
    101  4+1   A0FB A7   E8 87           STA -121,S
    102  4+4   A0FE 32   E9 FF60         LEAS -160,S
    103  4+0   A102 A6   E4              LDA ,S
    104  5     A104 B7   A656            STA ERASE_CODE_HWR0_1+148
    105  2     A107 86   0F              LDA  #$0F
    106  4+0   A109 A4   E4              ANDA ,S
    107  2     A10B 8B   10              ADDA #$10
    108  4+0   A10D A7   E4              STA ,S
    109  4+1   A10F A6   7F              LDA -1,S
    110  5     A111 B7   A65A            STA ERASE_CODE_HWR0_1+152
    111  2     A114 86   05              LDA #$05
    112  4+1   A116 A7   7F              STA -1,S
    113  5+1   A118 AE   E8 D7           LDX -41,S
    114  6     A11B BF   A65E            STX ERASE_CODE_HWR0_1+156
    115  3     A11E 8E   0D1D            LDX #$0d1d
    116  5+1   A121 AF   E8 D7           STX -41,S
    117  5+1   A124 AE   E8 AF           LDX -81,S
    118  6     A127 BF   A664            STX ERASE_CODE_HWR0_1+162
    119  3     A12A 8E   8C2B            LDX #$8c2b
    120  5+1   A12D AF   E8 AF           STX -81,S
    121  5+1   A130 AE   E8 87           LDX -121,S
    122  6     A133 BF   A66A            STX ERASE_CODE_HWR0_1+168
    123  3     A136 8E   80AB            LDX #$80ab
    124  5+1   A139 AF   E8 87           STX -121,S
    125  4+4   A13C 32   E9 FF61         LEAS -159,S
    126  5+1   A140 AE   7E              LDX -2,S
    127  6     A142 BF   A674            STX ERASE_CODE_HWR0_1+178
    128  3     A145 8E   79CC            LDX #$79cc
    129  5+1   A148 AF   7E              STX -2,S
    130  4+1   A14A A6   E8 D7           LDA -41,S
    131  5     A14D B7   A679            STA ERASE_CODE_HWR0_1+183
    132  2     A150 86   D0              LDA #$d0
    133  4+1   A152 A7   E8 D7           STA -41,S
    134  4+1   A155 A6   E8 D6           LDA -42,S
    135  5     A158 B7   A683            STA ERASE_CODE_HWR0_1+193
    136  2     A15B 86   F0              LDA  #$F0
    137  4+1   A15D A4   E8 D6           ANDA -42,S
    138  2     A160 8B   08              ADDA #$08
    139  4+1   A162 A7   E8 D6           STA -42,S
    140  4+1   A165 A6   E8 AF           LDA -81,S
    141  5     A168 B7   A688            STA ERASE_CODE_HWR0_1+198
    142  2     A16B 86   9F              LDA #$9f
    143  4+1   A16D A7   E8 AF           STA -81,S
    144  4+1   A170 A6   E8 AE           LDA -82,S
    145  5     A173 B7   A692            STA ERASE_CODE_HWR0_1+208
    146  2     A176 86   F0              LDA  #$F0
    147  4+1   A178 A4   E8 AE           ANDA -82,S
    148  2     A17B 8B   00              ADDA #$00
    149  4+1   A17D A7   E8 AE           STA -82,S
    150  5+1   A180 AE   E8 86           LDX -122,S
    151  6     A183 BF   A697            STX ERASE_CODE_HWR0_1+213
    152  3     A186 8E   999C            LDX #$999c
    153  5+1   A189 AF   E8 86           STX -122,S
    154  4+4   A18C 32   E9 FF60         LEAS -160,S
    155  4+0   A190 A6   E4              LDA ,S
    156  5     A192 B7   A6A5            STA ERASE_CODE_HWR0_1+227
    157  2     A195 86   0F              LDA  #$0F
    158  4+0   A197 A4   E4              ANDA ,S
    159  2     A199 8B   F0              ADDA #$f0
    160  4+0   A19B A7   E4              STA ,S
    161  5+1   A19D AE   7E              LDX -2,S
    162  6     A19F BF   A6A9            STX ERASE_CODE_HWR0_1+231
    163  3     A1A2 8E   99DB            LDX #$99db
    164  5+1   A1A5 AF   7E              STX -2,S
    165  4+1   A1A7 A6   E8 D8           LDA -40,S
    166  5     A1AA B7   A6B3            STA ERASE_CODE_HWR0_1+241
    167  2     A1AD 86   0F              LDA  #$0F
    168  4+1   A1AF A4   E8 D8           ANDA -40,S
    169  2     A1B2 8B   C0              ADDA #$c0
    170  4+1   A1B4 A7   E8 D8           STA -40,S
    171  5+1   A1B7 AE   E8 D6           LDX -42,S
    172  6     A1BA BF   A6B8            STX ERASE_CODE_HWR0_1+246
    173  3     A1BD 8E   89CB            LDX #$89cb
    174  5+1   A1C0 AF   E8 D6           STX -42,S
    175  4+1   A1C3 32   E8 AE           LEAS -82,S
    176  5+3   A1C6 35   12              PULS A,X
    177  5     A1C8 B7   A6C1            STA ERASE_CODE_HWR0_1+255
    178  6     A1CB BF   A6C3            STX ERASE_CODE_HWR0_1+257
    179  2     A1CE 86   78              LDA #$78
    180  3     A1D0 8E   AB50            LDX #$ab50
    181  5+3   A1D3 34   12              PSHS X,A
    182  4+1   A1D5 32   E8 D8           LEAS -40,S
    183  5+3   A1D8 35   12              PULS A,X
    184  5     A1DA B7   A6CB            STA ERASE_CODE_HWR0_1+265
    185  6     A1DD BF   A6CD            STX ERASE_CODE_HWR0_1+267
    186  2     A1E0 86   77              LDA #$77
    187  3     A1E2 8E   C150            LDX #$c150
    188  5+3   A1E5 34   12              PSHS X,A
    189  5+1   A1E7 AE   E8 D9           LDX -39,S
    190  6     A1EA BF   A6D2            STX ERASE_CODE_HWR0_1+272
    191  3     A1ED 8E   6605            LDX #$6605
    192  5+1   A1F0 AF   E8 D9           STX -39,S
    193  4+1   A1F3 A6   E8 D8           LDA -40,S
    194  5     A1F6 B7   A6DD            STA ERASE_CODE_HWR0_1+283
    195  2     A1F9 86   F0              LDA  #$F0
    196  4+1   A1FB A4   E8 D8           ANDA -40,S
    197  2     A1FE 8B   08              ADDA #$08
    198  4+1   A200 A7   E8 D8           STA -40,S
    199  4+1   A203 32   E8 B0           LEAS -80,S
    200  5+3   A206 35   12              PULS A,X
    201  5     A208 B7   A6E5            STA ERASE_CODE_HWR0_1+291
    202  6     A20B BF   A6E7            STX ERASE_CODE_HWR0_1+293
    203  2     A20E 86   89              LDA #$89
    204  3     A210 8E   6605            LDX #$6605
    205  5+3   A213 34   12              PSHS X,A
    206  4+1   A215 32   E8 D8           LEAS -40,S
    207  5+3   A218 35   12              PULS A,X
    208  5     A21A B7   A6EF            STA ERASE_CODE_HWR0_1+301
    209  6     A21D BF   A6F1            STX ERASE_CODE_HWR0_1+303
    210  2     A220 86   99              LDA #$99
    211  3     A222 8E   6308            LDX #$6308
    212  5+3   A225 34   12              PSHS X,A
    213  4+1   A227 32   E8 D8           LEAS -40,S
    214  5+3   A22A 35   12              PULS A,X
    215  5     A22C B7   A6F9            STA ERASE_CODE_HWR0_1+311
    216  6     A22F BF   A6FB            STX ERASE_CODE_HWR0_1+313
    217  2     A232 86   98              LDA #$98
    218  3     A234 8E   6377            LDX #$6377
    219  5+3   A237 34   12              PSHS X,A
    220  4+1   A239 32   E8 D8           LEAS -40,S
    221  5+3   A23C 35   12              PULS A,X
    222  5     A23E B7   A703            STA ERASE_CODE_HWR0_1+321
    223  6     A241 BF   A705            STX ERASE_CODE_HWR0_1+323
    224  2     A244 86   88              LDA #$88
    225  3     A246 8E   3666            LDX #$3666
    226  5+3   A249 34   12              PSHS X,A
    227  4+1   A24B 32   E8 D8           LEAS -40,S
    228  5+3   A24E 35   12              PULS A,X
    229  5     A250 B7   A70D            STA ERASE_CODE_HWR0_1+331
    230  6     A253 BF   A70F            STX ERASE_CODE_HWR0_1+333
    231  2     A256 86   78              LDA #$78
    232  3     A258 8E   1666            LDX #$1666
    233  5+3   A25B 34   12              PSHS X,A
    234  4+1   A25D A6   E8 DA           LDA -38,S
    235  5     A260 B7   A719            STA ERASE_CODE_HWR0_1+343
    236  2     A263 86   0F              LDA  #$0F
    237  4+1   A265 A4   E8 DA           ANDA -38,S
    238  2     A268 8B   60              ADDA #$60
    239  4+1   A26A A7   E8 DA           STA -38,S
    240  5+1   A26D AE   E8 D8           LDX -40,S
    241  6     A270 BF   A71E            STX ERASE_CODE_HWR0_1+348
    242  3     A273 8E   7736            LDX #$7736
    243  5+1   A276 AF   E8 D8           STX -40,S
    244  4+1   A279 A6   E8 B2           LDA -78,S
    245  5     A27C B7   A729            STA ERASE_CODE_HWR0_1+359
    246  2     A27F 86   0F              LDA  #$0F
    247  4+1   A281 A4   E8 B2           ANDA -78,S
    248  2     A284 8B   60              ADDA #$60
    249  4+1   A286 A7   E8 B2           STA -78,S
    250  4+1   A289 A6   E8 B1           LDA -79,S
    251  5     A28C B7   A72E            STA ERASE_CODE_HWR0_1+364
    252  2     A28F 86   66              LDA #$66
    253  4+1   A291 A7   E8 B1           STA -79,S
    254  4+1   A294 A6   E8 B0           LDA -80,S
    255  5     A297 B7   A738            STA ERASE_CODE_HWR0_1+374
    256  2     A29A 86   F0              LDA  #$F0
    257  4+1   A29C A4   E8 B0           ANDA -80,S
    258  2     A29F 8B   07              ADDA #$07
    259  4+1   A2A1 A7   E8 B0           STA -80,S
    260  4+1   A2A4 A6   E8 8A           LDA -118,S
    261  5     A2A7 B7   A742            STA ERASE_CODE_HWR0_1+384
    262  2     A2AA 86   0F              LDA  #$0F
    263  4+1   A2AC A4   E8 8A           ANDA -118,S
    264  2     A2AF 8B   60              ADDA #$60
    265  4+1   A2B1 A7   E8 8A           STA -118,S
    266  4+1   A2B4 A6   E8 89           LDA -119,S
    267  5     A2B7 B7   A747            STA ERASE_CODE_HWR0_1+389
    268  2     A2BA 86   BD              LDA #$bd
    269  4+1   A2BC A7   E8 89           STA -119,S
    270  4+4   A2BF 32   E9 FF62         LEAS -158,S
    271  4+0   A2C3 A6   E4              LDA ,S
    272  5     A2C5 B7   A754            STA ERASE_CODE_HWR0_1+402
    273  2     A2C8 86   0F              LDA  #$0F
    274  4+0   A2CA A4   E4              ANDA ,S
    275  2     A2CC 8B   90              ADDA #$90
    276  4+0   A2CE A7   E4              STA ,S
    277  4+1   A2D0 A6   7F              LDA -1,S
    278  5     A2D2 B7   A758            STA ERASE_CODE_HWR0_1+406
    279  2     A2D5 86   BD              LDA #$bd
    280  4+1   A2D7 A7   7F              STA -1,S
    281  4+1   A2D9 A6   7E              LDA -2,S
    282  5     A2DB B7   A760            STA ERASE_CODE_HWR0_1+414
    283  2     A2DE 86   F0              LDA  #$F0
    284  4+1   A2E0 A4   7E              ANDA -2,S
    285  2     A2E2 8B   09              ADDA #$09
    286  4+1   A2E4 A7   7E              STA -2,S
    287  4+1   A2E6 A6   E8 D8           LDA -40,S
    288  5     A2E9 B7   A769            STA ERASE_CODE_HWR0_1+423
    289  2     A2EC 86   0F              LDA  #$0F
    290  4+1   A2EE A4   E8 D8           ANDA -40,S
    291  2     A2F1 8B   80              ADDA #$80
    292  4+1   A2F3 A7   E8 D8           STA -40,S
    293  5+1   A2F6 AE   E8 D6           LDX -42,S
    294  6     A2F9 BF   A76E            STX ERASE_CODE_HWR0_1+428
    295  3     A2FC 8E   98B7            LDX #$98b7
    296  5+1   A2FF AF   E8 D6           STX -42,S
    297  4+1   A302 A6   E8 B0           LDA -80,S
    298  5     A305 B7   A779            STA ERASE_CODE_HWR0_1+439
    299  2     A308 86   0F              LDA  #$0F
    300  4+1   A30A A4   E8 B0           ANDA -80,S
    301  2     A30D 8B   80              ADDA #$80
    302  4+1   A30F A7   E8 B0           STA -80,S
    303  5+1   A312 AE   E8 AE           LDX -82,S
    304  6     A315 BF   A77E            STX ERASE_CODE_HWR0_1+444
    305  3     A318 8E   87F6            LDX #$87f6
    306  5+1   A31B AF   E8 AE           STX -82,S
    307  5+1   A31E AE   E8 86           LDX -122,S
    308  6     A321 BF   A784            STX ERASE_CODE_HWR0_1+450
    309  3     A324 8E   6686            LDX #$6686
    310  5+1   A327 AF   E8 86           STX -122,S
    311
    312  7     A32A 10FE 9F02            LDS $9F00+2
    313  7     A32E 10FF A78B            STS ERASE_POS_HWR0_2+2
    314  3     A332 CE   A5B5            LDU #DATA_HWR0_2
    315
    316  4+1   A335 32   7E              LEAS -2,S
    317  5+1   A337 AE   7E              LDX -2,S
    318  6     A339 BF   A793            STX ERASE_CODE_HWR0_2+3
    319  3     A33C 8E   0000            LDX #$0000
    320  5+1   A33F AF   7E              STX -2,S
    321  5+1   A341 AE   E8 D6           LDX -42,S
    322  6     A344 BF   A798            STX ERASE_CODE_HWR0_2+8
    323  3     A347 8E   00FF            LDX #$00ff
    324  5+1   A34A AF   E8 D6           STX -42,S
    325  5+1   A34D AE   E8 AE           LDX -82,S
    326  6     A350 BF   A79E            STX ERASE_CODE_HWR0_2+14
    327  3     A353 8E   00FE            LDX #$00fe
    328  5+1   A356 AF   E8 AE           STX -82,S
    329  4+1   A359 A6   E8 87           LDA -121,S
    330  5     A35C B7   A7A9            STA ERASE_CODE_HWR0_2+25
    331  2     A35F 86   0F              LDA  #$0F
    332  4+1   A361 A4   E8 87           ANDA -121,S
    333  2     A364 8B   E0              ADDA #$e0
    334  4+1   A366 A7   E8 87           STA -121,S
    335  4+1   A369 A6   E8 86           LDA -122,S
    336  5     A36C B7   A7AE            STA ERASE_CODE_HWR0_2+30
    337  2     A36F 86   00              LDA #$00
    338  4+1   A371 A7   E8 86           STA -122,S
    339  4+4   A374 32   E9 FF5F         LEAS -161,S
    340  4+1   A378 A6   7F              LDA -1,S
    341  5     A37A B7   A7B7            STA ERASE_CODE_HWR0_2+39
    342  2     A37D 86   04              LDA #$04
    343  4+1   A37F A7   7F              STA -1,S
    344  4+1   A381 A6   E8 D7           LDA -41,S
    345  5     A384 B7   A7C0            STA ERASE_CODE_HWR0_2+48
    346  2     A387 86   F0              LDA  #$F0
    347  4+1   A389 A4   E8 D7           ANDA -41,S
    348  2     A38C 8B   00              ADDA #$00
    349  4+1   A38E A7   E8 D7           STA -41,S
    350  4+1   A391 A6   E8 AF           LDA -81,S
    351  5     A394 B7   A7CA            STA ERASE_CODE_HWR0_2+58
    352  2     A397 86   F0              LDA  #$F0
    353  4+1   A399 A4   E8 AF           ANDA -81,S
    354  2     A39C 8B   00              ADDA #$00
    355  4+1   A39E A7   E8 AF           STA -81,S
    356  4+1   A3A1 A6   E8 87           LDA -121,S
    357  5     A3A4 B7   A7CF            STA ERASE_CODE_HWR0_2+63
    358  2     A3A7 86   0F              LDA #$0f
    359  4+1   A3A9 A7   E8 87           STA -121,S
    360  4+4   A3AC 32   E9 FF60         LEAS -160,S
    361  4+1   A3B0 A6   7F              LDA -1,S
    362  5     A3B2 B7   A7D8            STA ERASE_CODE_HWR0_2+72
    363  2     A3B5 86   54              LDA #$54
    364  4+1   A3B7 A7   7F              STA -1,S
    365  4+1   A3B9 A6   E8 D7           LDA -41,S
    366  5     A3BC B7   A7DC            STA ERASE_CODE_HWR0_2+76
    367  2     A3BF 86   22              LDA #$22
    368  4+1   A3C1 A7   E8 D7           STA -41,S
    369  4+1   A3C4 A6   E8 AF           LDA -81,S
    370  5     A3C7 B7   A7E1            STA ERASE_CODE_HWR0_2+81
    371  2     A3CA 86   11              LDA #$11
    372  4+1   A3CC A7   E8 AF           STA -81,S
    373  4+1   A3CF A6   E8 87           LDA -121,S
    374  5     A3D2 B7   A7E6            STA ERASE_CODE_HWR0_2+86
    375  2     A3D5 86   11              LDA #$11
    376  4+1   A3D7 A7   E8 87           STA -121,S
    377  4+4   A3DA 32   E9 FF60         LEAS -160,S
    378  4+1   A3DE A6   7F              LDA -1,S
    379  5     A3E0 B7   A7EF            STA ERASE_CODE_HWR0_2+95
    380  2     A3E3 86   11              LDA #$11
    381  4+1   A3E5 A7   7F              STA -1,S
    382  4+1   A3E7 A6   E8 D7           LDA -41,S
    383  5     A3EA B7   A7F3            STA ERASE_CODE_HWR0_2+99
    384  2     A3ED 86   15              LDA #$15
    385  4+1   A3EF A7   E8 D7           STA -41,S
    386  4+1   A3F2 A6   E8 AF           LDA -81,S
    387  5     A3F5 B7   A7F8            STA ERASE_CODE_HWR0_2+104
    388  2     A3F8 86   44              LDA #$44
    389  4+1   A3FA A7   E8 AF           STA -81,S
    390  4+1   A3FD A6   E8 87           LDA -121,S
    391  5     A400 B7   A7FD            STA ERASE_CODE_HWR0_2+109
    392  2     A403 86   C8              LDA #$c8
    393  4+1   A405 A7   E8 87           STA -121,S
    394  4+4   A408 32   E9 FF60         LEAS -160,S
    395  4+1   A40C A6   7F              LDA -1,S
    396  5     A40E B7   A806            STA ERASE_CODE_HWR0_2+118
    397  2     A411 86   B0              LDA #$b0
    398  4+1   A413 A7   7F              STA -1,S
    399  4+1   A415 A6   E8 D7           LDA -41,S
    400  5     A418 B7   A80A            STA ERASE_CODE_HWR0_2+122
    401  2     A41B 86   FF              LDA #$ff
    402  4+1   A41D A7   E8 D7           STA -41,S
    403  4+1   A420 A6   E8 B0           LDA -80,S
    404  5     A423 B7   A814            STA ERASE_CODE_HWR0_2+132
    405  2     A426 86   0F              LDA  #$0F
    406  4+1   A428 A4   E8 B0           ANDA -80,S
    407  2     A42B 8B   D0              ADDA #$d0
    408  4+1   A42D A7   E8 B0           STA -80,S
    409  4+1   A430 A6   E8 AF           LDA -81,S
    410  5     A433 B7   A819            STA ERASE_CODE_HWR0_2+137
    411  2     A436 86   99              LDA #$99
    412  4+1   A438 A7   E8 AF           STA -81,S
    413  4+1   A43B A6   E8 AE           LDA -82,S
    414  5     A43E B7   A823            STA ERASE_CODE_HWR0_2+147
    415  2     A441 86   0F              LDA  #$0F
    416  4+1   A443 A4   E8 AE           ANDA -82,S
    417  2     A446 8B   80              ADDA #$80
    418  4+1   A448 A7   E8 AE           STA -82,S
    419  4+1   A44B 32   E8 86           LEAS -122,S
    420  5+3   A44E 35   12              PULS A,X
    421  5     A450 B7   A82B            STA ERASE_CODE_HWR0_2+155
    422  6     A453 BF   A82D            STX ERASE_CODE_HWR0_2+157
    423  2     A456 86   79              LDA #$79
    424  3     A458 8E   90CD            LDX #$90cd
    425  5+3   A45B 34   12              PSHS X,A
    426  5+1   A45D AE   E8 D9           LDX -39,S
    427  6     A460 BF   A832            STX ERASE_CODE_HWR0_2+162
    428  3     A463 8E   99BB            LDX #$99bb
    429  5+1   A466 AF   E8 D9           STX -39,S
    430  4+1   A469 A6   E8 D8           LDA -40,S
    431  5     A46C B7   A83D            STA ERASE_CODE_HWR0_2+173
    432  2     A46F 86   F0              LDA  #$F0
    433  4+1   A471 A4   E8 D8           ANDA -40,S
    434  2     A474 8B   08              ADDA #$08
    435  4+1   A476 A7   E8 D8           STA -40,S
    436  5+1   A479 AE   E8 B1           LDX -79,S
    437  6     A47C BF   A842            STX ERASE_CODE_HWR0_2+178
    438  3     A47F 8E   09BB            LDX #$09bb
    439  5+1   A482 AF   E8 B1           STX -79,S
    440  4+1   A485 A6   E8 B0           LDA -80,S
    441  5     A488 B7   A84D            STA ERASE_CODE_HWR0_2+189
    442  2     A48B 86   F0              LDA  #$F0
    443  4+1   A48D A4   E8 B0           ANDA -80,S
    444  2     A490 8B   07              ADDA #$07
    445  4+1   A492 A7   E8 B0           STA -80,S
    446  5+1   A495 AE   E8 89           LDX -119,S
    447  6     A498 BF   A852            STX ERASE_CODE_HWR0_2+194
    448  3     A49B 8E   981A            LDX #$981a
    449  5+1   A49E AF   E8 89           STX -119,S
    450  4+1   A4A1 A6   E8 88           LDA -120,S
    451  5     A4A4 B7   A85D            STA ERASE_CODE_HWR0_2+205
    452  2     A4A7 86   F0              LDA  #$F0
    453  4+1   A4A9 A4   E8 88           ANDA -120,S
    454  2     A4AC 8B   07              ADDA #$07
    455  4+1   A4AE A7   E8 88           STA -120,S
    456  4+4   A4B1 32   E9 FF63         LEAS -157,S
    457  5+1   A4B5 AE   7E              LDX -2,S
    458  6     A4B7 BF   A866            STX ERASE_CODE_HWR0_2+214
    459  3     A4BA 8E   9721            LDX #$9721
    460  5+1   A4BD AF   7E              STX -2,S
    461  5+1   A4BF AE   E8 D6           LDX -42,S
    462  6     A4C2 BF   A86B            STX ERASE_CODE_HWR0_2+219
    463  3     A4C5 8E   8711            LDX #$8711
    464  5+1   A4C8 AF   E8 D6           STX -42,S
    465  5+1   A4CB AE   E8 AE           LDX -82,S
    466  6     A4CE BF   A871            STX ERASE_CODE_HWR0_2+225
    467  3     A4D1 8E   7711            LDX #$7711
    468  5+1   A4D4 AF   E8 AE           STX -82,S
    469  4+1   A4D7 32   E8 85           LEAS -123,S
    470  5+3   A4DA 35   12              PULS A,X
    471  5     A4DC B7   A87A            STA ERASE_CODE_HWR0_2+234
    472  6     A4DF BF   A87C            STX ERASE_CODE_HWR0_2+236
    473  2     A4E2 86   98              LDA #$98
    474  3     A4E4 8E   7711            LDX #$7711
    475  5+3   A4E7 34   12              PSHS X,A
    476  4+1   A4E9 32   E8 D8           LEAS -40,S
    477  5+3   A4EC 35   12              PULS A,X
    478  5     A4EE B7   A884            STA ERASE_CODE_HWR0_2+244
    479  6     A4F1 BF   A886            STX ERASE_CODE_HWR0_2+246
    480  2     A4F4 86   79              LDA #$79
    481  3     A4F6 8E   7611            LDX #$7611
    482  5+3   A4F9 34   12              PSHS X,A
    483  5+1   A4FB AE   E8 D9           LDX -39,S
    484  6     A4FE BF   A88B            STX ERASE_CODE_HWR0_2+251
    485  3     A501 8E   7612            LDX #$7612
    486  5+1   A504 AF   E8 D9           STX -39,S
    487  4+1   A507 A6   E8 D8           LDA -40,S
    488  5     A50A B7   A896            STA ERASE_CODE_HWR0_2+262
    489  2     A50D 86   F0              LDA  #$F0
    490  4+1   A50F A4   E8 D8           ANDA -40,S
    491  2     A512 8B   07              ADDA #$07
    492  4+1   A514 A7   E8 D8           STA -40,S
    493  5+1   A517 AE   E8 B1           LDX -79,S
    494  6     A51A BF   A89B            STX ERASE_CODE_HWR0_2+267
    495  3     A51D 8E   7617            LDX #$7617
    496  5+1   A520 AF   E8 B1           STX -79,S
    497  4+1   A523 A6   E8 B0           LDA -80,S
    498  5     A526 B7   A8A6            STA ERASE_CODE_HWR0_2+278
    499  2     A529 86   F0              LDA  #$F0
    500  4+1   A52B A4   E8 B0           ANDA -80,S
    501  2     A52E 8B   07              ADDA #$07
    502  4+1   A530 A7   E8 B0           STA -80,S
    503  5+1   A533 AE   E8 89           LDX -119,S
    504  6     A536 BF   A8AB            STX ERASE_CODE_HWR0_2+283
    505  3     A539 8E   7883            LDX #$7883
    506  5+1   A53C AF   E8 89           STX -119,S
    507  4+4   A53F 32   E9 FF63         LEAS -157,S
    508  5+1   A543 AE   7E              LDX -2,S
    509  6     A545 BF   A8B5            STX ERASE_CODE_HWR0_2+293
    510  3     A548 8E   7933            LDX #$7933
    511  5+1   A54B AF   7E              STX -2,S
    512  5+1   A54D AE   E8 D6           LDX -42,S
    513  6     A550 BF   A8BA            STX ERASE_CODE_HWR0_2+298
    514  3     A553 8E   7933            LDX #$7933
    515  5+1   A556 AF   E8 D6           STX -42,S
    516  5+1   A559 AE   E8 AE           LDX -82,S
    517  6     A55C BF   A8C0            STX ERASE_CODE_HWR0_2+304
    518  3     A55F 8E   9936            LDX #$9936
    519  5+1   A562 AF   E8 AE           STX -82,S
    520  5+1   A565 AE   E8 86           LDX -122,S
    521  6     A568 BF   A8C6            STX ERASE_CODE_HWR0_2+310
    522  3     A56B 8E   8866            LDX #$8866
    523  5+1   A56E AF   E8 86           STX -122,S
    524  4+4   A571 32   E9 FF5F         LEAS -161,S
    525  4+0   A575 A6   E4              LDA ,S
    526  5     A577 B7   A8D4            STA ERASE_CODE_HWR0_2+324
    527  2     A57A 86   0F              LDA  #$0F
    528  4+0   A57C A4   E4              ANDA ,S
    529  2     A57E 8B   60              ADDA #$60
    530  4+0   A580 A7   E4              STA ,S
    531  4+1   A582 A6   7F              LDA -1,S
    532  5     A584 B7   A8D8            STA ERASE_CODE_HWR0_2+328
    533  2     A587 86   77              LDA #$77
    534  4+1   A589 A7   7F              STA -1,S
    535  4+1   A58B A6   7E              LDA -2,S
    536  5     A58D B7   A8E0            STA ERASE_CODE_HWR0_2+336
    537  2     A590 86   F0              LDA  #$F0
    538  4+1   A592 A4   7E              ANDA -2,S
    539  2     A594 8B   08              ADDA #$08
    540  4+1   A596 A7   7E              STA -2,S
    541  4+1   A598 A6   E8 D7           LDA -41,S
    542  5     A59B B7   A8E4            STA ERASE_CODE_HWR0_2+340
    543  2     A59E 86   66              LDA #$66
    544  4+1   A5A0 A7   E8 D7           STA -41,S
    545  4+1   A5A3 A6   E8 AF           LDA -81,S
    546  5     A5A6 B7   A8E9            STA ERASE_CODE_HWR0_2+345
    547  2     A5A9 86   66              LDA #$66
    548  4+1   A5AB A7   E8 AF           STA -81,S
    549
    550        A5AE               SSAV_HWR0
    551  4     A5AE 10CE 0000            LDS #$0000
    552  5+3   A5B2 35   48              PULS U,DP
    553  5     A5B4 39                   RTS
    554
    555        A5B5               DATA_HWR0_2
    556        A5B5               DATA_HWR0_1
    557        A5B5               ERASE_HWR0
    558  5+3   A5B5 34   48              PSHS U,DP
    559  7     A5B7 10FF A8EF            STS ERASE_SSAV_HWR0+2
    560
    561        A5BB               ERASE_POS_HWR0_1
    562  4     A5BB 10CE 0000            LDS #$0000
    563  3     A5BF CE   A8F4            LDU #ERASE_DATA_HWR0_1
    564        A5C2               ERASE_CODE_HWR0_1
    565  4+1   A5C2 32   7E              LEAS -2,S
    566  2     A5C4 86   0F              LDA  #$0F
    567  4+0   A5C6 A4   E4              ANDA ,S
    568  2     A5C8 8B   00              ADDA #$00
    569  4+0   A5CA A7   E4              STA ,S
    570  2     A5CC 86   00              LDA #$00
    571  4+1   A5CE A7   7F              STA -1,S
    572  2     A5D0 86   0F              LDA  #$0F
    573  4+1   A5D2 A4   E8 D8           ANDA -40,S
    574  2     A5D5 8B   E0              ADDA #$e0
    575  4+1   A5D7 A7   E8 D8           STA -40,S
    576  2     A5DA 86   5F              LDA #$5f
    577  4+1   A5DC A7   E8 D7           STA -41,S
    578  2     A5DF 86   4F              LDA #$4f
    579  4+1   A5E1 A7   E8 AF           STA -81,S
    580  2     A5E4 86   40              LDA #$40
    581  4+1   A5E6 A7   E8 87           STA -121,S
    582  4+4   A5E9 32   E9 FF60         LEAS -160,S
    583  2     A5ED 86   0E              LDA #$0e
    584  4+1   A5EF A7   7F              STA -1,S
    585  2     A5F1 86   FE              LDA #$fe
    586  4+1   A5F3 A7   E8 D7           STA -41,S
    587  2     A5F6 86   0F              LDA  #$0F
    588  4+1   A5F8 A4   E8 AF           ANDA -81,S
    589  2     A5FB 8B   E0              ADDA #$e0
    590  4+1   A5FD A7   E8 AF           STA -81,S
    591  2     A600 86   0F              LDA  #$0F
    592  4+1   A602 A4   E8 87           ANDA -121,S
    593  2     A605 8B   B0              ADDA #$b0
    594  4+1   A607 A7   E8 87           STA -121,S
    595  4+4   A60A 32   E9 FF5F         LEAS -161,S
    596  2     A60E 86   0F              LDA  #$0F
    597  4+0   A610 A4   E4              ANDA ,S
    598  2     A612 8B   50              ADDA #$50
    599  4+0   A614 A7   E4              STA ,S
    600  2     A616 86   0F              LDA  #$0F
    601  4+1   A618 A4   E8 D8           ANDA -40,S
    602  2     A61B 8B   40              ADDA #$40
    603  4+1   A61D A7   E8 D8           STA -40,S
    604  2     A620 86   F0              LDA  #$F0
    605  4+1   A622 A4   E8 D7           ANDA -41,S
    606  2     A625 8B   00              ADDA #$00
    607  4+1   A627 A7   E8 D7           STA -41,S
    608  2     A62A 86   0F              LDA  #$0F
    609  4+1   A62C A4   E8 B0           ANDA -80,S
    610  2     A62F 8B   20              ADDA #$20
    611  4+1   A631 A7   E8 B0           STA -80,S
    612  2     A634 86   F0              LDA  #$F0
    613  4+1   A636 A4   E8 AF           ANDA -81,S
    614  2     A639 8B   04              ADDA #$04
    615  4+1   A63B A7   E8 AF           STA -81,S
    616  2     A63E 86   0F              LDA  #$0F
    617  4+1   A640 A4   E8 88           ANDA -120,S
    618  2     A643 8B   10              ADDA #$10
    619  4+1   A645 A7   E8 88           STA -120,S
    620  2     A648 86   05              LDA #$05
    621  4+1   A64A A7   E8 87           STA -121,S
    622  4+4   A64D 32   E9 FF60         LEAS -160,S
    623  2     A651 86   0F              LDA  #$0F
    624  4+0   A653 A4   E4              ANDA ,S
    625  2     A655 8B   10              ADDA #$10
    626  4+0   A657 A7   E4              STA ,S
    627  2     A659 86   05              LDA #$05
    628  4+1   A65B A7   7F              STA -1,S
    629  3     A65D 8E   0D1D            LDX #$0d1d
    630  5+1   A660 AF   E8 D7           STX -41,S
    631  3     A663 8E   8C2B            LDX #$8c2b
    632  5+1   A666 AF   E8 AF           STX -81,S
    633  3     A669 8E   80AB            LDX #$80ab
    634  5+1   A66C AF   E8 87           STX -121,S
    635  4+4   A66F 32   E9 FF61         LEAS -159,S
    636  3     A673 8E   79CC            LDX #$79cc
    637  5+1   A676 AF   7E              STX -2,S
    638  2     A678 86   D0              LDA #$d0
    639  4+1   A67A A7   E8 D7           STA -41,S
    640  2     A67D 86   F0              LDA  #$F0
    641  4+1   A67F A4   E8 D6           ANDA -42,S
    642  2     A682 8B   08              ADDA #$08
    643  4+1   A684 A7   E8 D6           STA -42,S
    644  2     A687 86   9F              LDA #$9f
    645  4+1   A689 A7   E8 AF           STA -81,S
    646  2     A68C 86   F0              LDA  #$F0
    647  4+1   A68E A4   E8 AE           ANDA -82,S
    648  2     A691 8B   00              ADDA #$00
    649  4+1   A693 A7   E8 AE           STA -82,S
    650  3     A696 8E   999C            LDX #$999c
    651  5+1   A699 AF   E8 86           STX -122,S
    652  4+4   A69C 32   E9 FF60         LEAS -160,S
    653  2     A6A0 86   0F              LDA  #$0F
    654  4+0   A6A2 A4   E4              ANDA ,S
    655  2     A6A4 8B   F0              ADDA #$f0
    656  4+0   A6A6 A7   E4              STA ,S
    657  3     A6A8 8E   99DB            LDX #$99db
    658  5+1   A6AB AF   7E              STX -2,S
    659  2     A6AD 86   0F              LDA  #$0F
    660  4+1   A6AF A4   E8 D8           ANDA -40,S
    661  2     A6B2 8B   C0              ADDA #$c0
    662  4+1   A6B4 A7   E8 D8           STA -40,S
    663  3     A6B7 8E   89CB            LDX #$89cb
    664  5+1   A6BA AF   E8 D6           STX -42,S
    665  4+1   A6BD 32   E8 B1           LEAS -79,S
    666  2     A6C0 86   78              LDA #$78
    667  3     A6C2 8E   AB50            LDX #$ab50
    668  5+3   A6C5 34   12              PSHS X,A
    669  4+1   A6C7 32   E8 DB           LEAS -37,S
    670  2     A6CA 86   77              LDA #$77
    671  3     A6CC 8E   C150            LDX #$c150
    672  5+3   A6CF 34   12              PSHS X,A
    673  3     A6D1 8E   6605            LDX #$6605
    674  5+1   A6D4 AF   E8 D9           STX -39,S
    675  2     A6D7 86   F0              LDA  #$F0
    676  4+1   A6D9 A4   E8 D8           ANDA -40,S
    677  2     A6DC 8B   08              ADDA #$08
    678  4+1   A6DE A7   E8 D8           STA -40,S
    679  4+1   A6E1 32   E8 B3           LEAS -77,S
    680  2     A6E4 86   89              LDA #$89
    681  3     A6E6 8E   6605            LDX #$6605
    682  5+3   A6E9 34   12              PSHS X,A
    683  4+1   A6EB 32   E8 DB           LEAS -37,S
    684  2     A6EE 86   99              LDA #$99
    685  3     A6F0 8E   6308            LDX #$6308
    686  5+3   A6F3 34   12              PSHS X,A
    687  4+1   A6F5 32   E8 DB           LEAS -37,S
    688  2     A6F8 86   98              LDA #$98
    689  3     A6FA 8E   6377            LDX #$6377
    690  5+3   A6FD 34   12              PSHS X,A
    691  4+1   A6FF 32   E8 DB           LEAS -37,S
    692  2     A702 86   88              LDA #$88
    693  3     A704 8E   3666            LDX #$3666
    694  5+3   A707 34   12              PSHS X,A
    695  4+1   A709 32   E8 DB           LEAS -37,S
    696  2     A70C 86   78              LDA #$78
    697  3     A70E 8E   1666            LDX #$1666
    698  5+3   A711 34   12              PSHS X,A
    699  2     A713 86   0F              LDA  #$0F
    700  4+1   A715 A4   E8 DA           ANDA -38,S
    701  2     A718 8B   60              ADDA #$60
    702  4+1   A71A A7   E8 DA           STA -38,S
    703  3     A71D 8E   7736            LDX #$7736
    704  5+1   A720 AF   E8 D8           STX -40,S
    705  2     A723 86   0F              LDA  #$0F
    706  4+1   A725 A4   E8 B2           ANDA -78,S
    707  2     A728 8B   60              ADDA #$60
    708  4+1   A72A A7   E8 B2           STA -78,S
    709  2     A72D 86   66              LDA #$66
    710  4+1   A72F A7   E8 B1           STA -79,S
    711  2     A732 86   F0              LDA  #$F0
    712  4+1   A734 A4   E8 B0           ANDA -80,S
    713  2     A737 8B   07              ADDA #$07
    714  4+1   A739 A7   E8 B0           STA -80,S
    715  2     A73C 86   0F              LDA  #$0F
    716  4+1   A73E A4   E8 8A           ANDA -118,S
    717  2     A741 8B   60              ADDA #$60
    718  4+1   A743 A7   E8 8A           STA -118,S
    719  2     A746 86   BD              LDA #$bd
    720  4+1   A748 A7   E8 89           STA -119,S
    721  4+4   A74B 32   E9 FF62         LEAS -158,S
    722  2     A74F 86   0F              LDA  #$0F
    723  4+0   A751 A4   E4              ANDA ,S
    724  2     A753 8B   90              ADDA #$90
    725  4+0   A755 A7   E4              STA ,S
    726  2     A757 86   BD              LDA #$bd
    727  4+1   A759 A7   7F              STA -1,S
    728  2     A75B 86   F0              LDA  #$F0
    729  4+1   A75D A4   7E              ANDA -2,S
    730  2     A75F 8B   09              ADDA #$09
    731  4+1   A761 A7   7E              STA -2,S
    732  2     A763 86   0F              LDA  #$0F
    733  4+1   A765 A4   E8 D8           ANDA -40,S
    734  2     A768 8B   80              ADDA #$80
    735  4+1   A76A A7   E8 D8           STA -40,S
    736  3     A76D 8E   98B7            LDX #$98b7
    737  5+1   A770 AF   E8 D6           STX -42,S
    738  2     A773 86   0F              LDA  #$0F
    739  4+1   A775 A4   E8 B0           ANDA -80,S
    740  2     A778 8B   80              ADDA #$80
    741  4+1   A77A A7   E8 B0           STA -80,S
    742  3     A77D 8E   87F6            LDX #$87f6
    743  5+1   A780 AF   E8 AE           STX -82,S
    744  3     A783 8E   6686            LDX #$6686
    745  5+1   A786 AF   E8 86           STX -122,S
    746
    747        A789               ERASE_POS_HWR0_2
    748  4     A789 10CE 0000            LDS #$0000
    749  3     A78D CE   A8F4            LDU #ERASE_DATA_HWR0_2
    750        A790               ERASE_CODE_HWR0_2
    751  4+1   A790 32   7E              LEAS -2,S
    752  3     A792 8E   0000            LDX #$0000
    753  5+1   A795 AF   7E              STX -2,S
    754  3     A797 8E   00FF            LDX #$00ff
    755  5+1   A79A AF   E8 D6           STX -42,S
    756  3     A79D 8E   00FE            LDX #$00fe
    757  5+1   A7A0 AF   E8 AE           STX -82,S
    758  2     A7A3 86   0F              LDA  #$0F
    759  4+1   A7A5 A4   E8 87           ANDA -121,S
    760  2     A7A8 8B   E0              ADDA #$e0
    761  4+1   A7AA A7   E8 87           STA -121,S
    762  2     A7AD 86   00              LDA #$00
    763  4+1   A7AF A7   E8 86           STA -122,S
    764  4+4   A7B2 32   E9 FF5F         LEAS -161,S
    765  2     A7B6 86   04              LDA #$04
    766  4+1   A7B8 A7   7F              STA -1,S
    767  2     A7BA 86   F0              LDA  #$F0
    768  4+1   A7BC A4   E8 D7           ANDA -41,S
    769  2     A7BF 8B   00              ADDA #$00
    770  4+1   A7C1 A7   E8 D7           STA -41,S
    771  2     A7C4 86   F0              LDA  #$F0
    772  4+1   A7C6 A4   E8 AF           ANDA -81,S
    773  2     A7C9 8B   00              ADDA #$00
    774  4+1   A7CB A7   E8 AF           STA -81,S
    775  2     A7CE 86   0F              LDA #$0f
    776  4+1   A7D0 A7   E8 87           STA -121,S
    777  4+4   A7D3 32   E9 FF60         LEAS -160,S
    778  2     A7D7 86   54              LDA #$54
    779  4+1   A7D9 A7   7F              STA -1,S
    780  2     A7DB 86   22              LDA #$22
    781  4+1   A7DD A7   E8 D7           STA -41,S
    782  2     A7E0 86   11              LDA #$11
    783  4+1   A7E2 A7   E8 AF           STA -81,S
    784  2     A7E5 86   11              LDA #$11
    785  4+1   A7E7 A7   E8 87           STA -121,S
    786  4+4   A7EA 32   E9 FF60         LEAS -160,S
    787  2     A7EE 86   11              LDA #$11
    788  4+1   A7F0 A7   7F              STA -1,S
    789  2     A7F2 86   15              LDA #$15
    790  4+1   A7F4 A7   E8 D7           STA -41,S
    791  2     A7F7 86   44              LDA #$44
    792  4+1   A7F9 A7   E8 AF           STA -81,S
    793  2     A7FC 86   C8              LDA #$c8
    794  4+1   A7FE A7   E8 87           STA -121,S
    795  4+4   A801 32   E9 FF60         LEAS -160,S
    796  2     A805 86   B0              LDA #$b0
    797  4+1   A807 A7   7F              STA -1,S
    798  2     A809 86   FF              LDA #$ff
    799  4+1   A80B A7   E8 D7           STA -41,S
    800  2     A80E 86   0F              LDA  #$0F
    801  4+1   A810 A4   E8 B0           ANDA -80,S
    802  2     A813 8B   D0              ADDA #$d0
    803  4+1   A815 A7   E8 B0           STA -80,S
    804  2     A818 86   99              LDA #$99
    805  4+1   A81A A7   E8 AF           STA -81,S
    806  2     A81D 86   0F              LDA  #$0F
    807  4+1   A81F A4   E8 AE           ANDA -82,S
    808  2     A822 8B   80              ADDA #$80
    809  4+1   A824 A7   E8 AE           STA -82,S
    810  4+1   A827 32   E8 89           LEAS -119,S
    811  2     A82A 86   79              LDA #$79
    812  3     A82C 8E   90CD            LDX #$90cd
    813  5+3   A82F 34   12              PSHS X,A
    814  3     A831 8E   99BB            LDX #$99bb
    815  5+1   A834 AF   E8 D9           STX -39,S
    816  2     A837 86   F0              LDA  #$F0
    817  4+1   A839 A4   E8 D8           ANDA -40,S
    818  2     A83C 8B   08              ADDA #$08
    819  4+1   A83E A7   E8 D8           STA -40,S
    820  3     A841 8E   09BB            LDX #$09bb
    821  5+1   A844 AF   E8 B1           STX -79,S
    822  2     A847 86   F0              LDA  #$F0
    823  4+1   A849 A4   E8 B0           ANDA -80,S
    824  2     A84C 8B   07              ADDA #$07
    825  4+1   A84E A7   E8 B0           STA -80,S
    826  3     A851 8E   981A            LDX #$981a
    827  5+1   A854 AF   E8 89           STX -119,S
    828  2     A857 86   F0              LDA  #$F0
    829  4+1   A859 A4   E8 88           ANDA -120,S
    830  2     A85C 8B   07              ADDA #$07
    831  4+1   A85E A7   E8 88           STA -120,S
    832  4+4   A861 32   E9 FF63         LEAS -157,S
    833  3     A865 8E   9721            LDX #$9721
    834  5+1   A868 AF   7E              STX -2,S
    835  3     A86A 8E   8711            LDX #$8711
    836  5+1   A86D AF   E8 D6           STX -42,S
    837  3     A870 8E   7711            LDX #$7711
    838  5+1   A873 AF   E8 AE           STX -82,S
    839  4+1   A876 32   E8 88           LEAS -120,S
    840  2     A879 86   98              LDA #$98
    841  3     A87B 8E   7711            LDX #$7711
    842  5+3   A87E 34   12              PSHS X,A
    843  4+1   A880 32   E8 DB           LEAS -37,S
    844  2     A883 86   79              LDA #$79
    845  3     A885 8E   7611            LDX #$7611
    846  5+3   A888 34   12              PSHS X,A
    847  3     A88A 8E   7612            LDX #$7612
    848  5+1   A88D AF   E8 D9           STX -39,S
    849  2     A890 86   F0              LDA  #$F0
    850  4+1   A892 A4   E8 D8           ANDA -40,S
    851  2     A895 8B   07              ADDA #$07
    852  4+1   A897 A7   E8 D8           STA -40,S
    853  3     A89A 8E   7617            LDX #$7617
    854  5+1   A89D AF   E8 B1           STX -79,S
    855  2     A8A0 86   F0              LDA  #$F0
    856  4+1   A8A2 A4   E8 B0           ANDA -80,S
    857  2     A8A5 8B   07              ADDA #$07
    858  4+1   A8A7 A7   E8 B0           STA -80,S
    859  3     A8AA 8E   7883            LDX #$7883
    860  5+1   A8AD AF   E8 89           STX -119,S
    861  4+4   A8B0 32   E9 FF63         LEAS -157,S
    862  3     A8B4 8E   7933            LDX #$7933
    863  5+1   A8B7 AF   7E              STX -2,S
    864  3     A8B9 8E   7933            LDX #$7933
    865  5+1   A8BC AF   E8 D6           STX -42,S
    866  3     A8BF 8E   9936            LDX #$9936
    867  5+1   A8C2 AF   E8 AE           STX -82,S
    868  3     A8C5 8E   8866            LDX #$8866
    869  5+1   A8C8 AF   E8 86           STX -122,S
    870  4+4   A8CB 32   E9 FF5F         LEAS -161,S
    871  2     A8CF 86   0F              LDA  #$0F
    872  4+0   A8D1 A4   E4              ANDA ,S
    873  2     A8D3 8B   60              ADDA #$60
    874  4+0   A8D5 A7   E4              STA ,S
    875  2     A8D7 86   77              LDA #$77
    876  4+1   A8D9 A7   7F              STA -1,S
    877  2     A8DB 86   F0              LDA  #$F0
    878  4+1   A8DD A4   7E              ANDA -2,S
    879  2     A8DF 8B   08              ADDA #$08
    880  4+1   A8E1 A7   7E              STA -2,S
    881  2     A8E3 86   66              LDA #$66
    882  4+1   A8E5 A7   E8 D7           STA -41,S
    883  2     A8E8 86   66              LDA #$66
    884  4+1   A8EA A7   E8 AF           STA -81,S
    885
    886        A8ED               ERASE_SSAV_HWR0
    887  4     A8ED 10CE 0000            LDS #$0000
    888  5+3   A8F1 35   48              PULS U,DP
    889  5     A8F3 39                   RTS
    890
    891        A8F4               ERASE_DATA_HWR0_2
    892        A8F4               ERASE_DATA_HWR0_1

000000 Total Errors

000012 Total Symbols
     1x          Label A5B5 DATA_HWR0_1
     1x          Label A5B5 DATA_HWR0_2
     0x          Label A000 DRAW_HWR0
    63x          Label A5C2 ERASE_CODE_HWR0_1
    51x          Label A790 ERASE_CODE_HWR0_2
     1x          Label A8F4 ERASE_DATA_HWR0_1
     1x          Label A8F4 ERASE_DATA_HWR0_2
     0x          Label A5B5 ERASE_HWR0
     1x          Label A5BB ERASE_POS_HWR0_1
     1x          Label A789 ERASE_POS_HWR0_2
     1x          Label A8ED ERASE_SSAV_HWR0
     1x          Label A5AE SSAV_HWR0

