/*--------------------------------------------------------------*
 * Compilé avec C6809 v0.83                                     *
 *--------------------------------------------------------------*
 * Fichier source      : TMP.ASS
 * Fichier destination : TMP.BIN
 * Contenu :
 *     Main     0:TMP.ASS      13433
 *--------------------------------------------------------------*/

Macro Pass
Pass1
Pass2
      2        CED0                      ORG $CED0
      3        CED0               DRAW_HWR1
      4  5+3   CED0 34   48              PSHS U,DP
      5  7     CED2 10FF D4FD            STS SSAV_HWR1+2
      6
      7  7     CED6 10FE 9F00            LDS $9F00
      8  7     CEDA 10FF D50A            STS ERASE_POS_HWR1_1+2
      9  3     CEDE CE   D502            LDU #DATA_HWR1_1
     10
     11  4+1   CEE1 32   7D              LEAS -3,S
     12  4+0   CEE3 A6   E4              LDA ,S
     13  5     CEE5 B7   D512            STA ERASE_CODE_HWR1_1+3
     14  2     CEE8 86   0F              LDA  #$0F
     15  4+0   CEEA A4   E4              ANDA ,S
     16  2     CEEC 8B   F0              ADDA #$f0
     17  4+0   CEEE A7   E4              STA ,S
     18  4+1   CEF0 A6   7F              LDA -1,S
     19  5     CEF2 B7   D516            STA ERASE_CODE_HWR1_1+7
     20  2     CEF5 86   F8              LDA #$f8
     21  4+1   CEF7 A7   7F              STA -1,S
     22  4+1   CEF9 A6   E8 D7           LDA -41,S
     23  5     CEFC B7   D51A            STA ERASE_CODE_HWR1_1+11
     24  2     CEFF 86   FF              LDA #$ff
     25  4+1   CF01 A7   E8 D7           STA -41,S
     26  4+1   CF04 A6   E8 AF           LDA -81,S
     27  5     CF07 B7   D51F            STA ERASE_CODE_HWR1_1+16
     28  2     CF0A 86   F8              LDA #$f8
     29  4+1   CF0C A7   E8 AF           STA -81,S
     30  4+1   CF0F A6   E8 87           LDA -121,S
     31  5     CF12 B7   D524            STA ERASE_CODE_HWR1_1+21
     32  2     CF15 86   F1              LDA #$f1
     33  4+1   CF17 A7   E8 87           STA -121,S
     34  4+4   CF1A 32   E9 FF60         LEAS -160,S
     35  4+1   CF1E A6   7F              LDA -1,S
     36  5     CF20 B7   D52D            STA ERASE_CODE_HWR1_1+30
     37  2     CF23 86   F1              LDA #$f1
     38  4+1   CF25 A7   7F              STA -1,S
     39  4+1   CF27 A6   E8 D9           LDA -39,S
     40  5     CF2A B7   D531            STA ERASE_CODE_HWR1_1+34
     41  2     CF2D 86   0F              LDA  #$0F
     42  4+1   CF2F A4   E8 D9           ANDA -39,S
     43  2     CF32 8B   10              ADDA #$10
     44  4+1   CF34 A7   E8 D9           STA -39,S
     45  4+1   CF37 A6   E8 D7           LDA -41,S
     46  5     CF3A B7   D536            STA ERASE_CODE_HWR1_1+39
     47  2     CF3D 86   81              LDA #$81
     48  4+1   CF3F A7   E8 D7           STA -41,S
     49  4+1   CF42 A6   E8 B0           LDA -80,S
     50  5     CF45 B7   D53B            STA ERASE_CODE_HWR1_1+44
     51  2     CF48 86   F0              LDA  #$F0
     52  4+1   CF4A A4   E8 B0           ANDA -80,S
     53  2     CF4D 8B   0F              ADDA #$0f
     54  4+1   CF4F A7   E8 B0           STA -80,S
     55  4+1   CF52 A6   E8 AF           LDA -81,S
     56  5     CF55 B7   D540            STA ERASE_CODE_HWR1_1+49
     57  2     CF58 86   81              LDA #$81
     58  4+1   CF5A A7   E8 AF           STA -81,S
     59  5+1   CF5D AE   E8 87           LDX -121,S
     60  6     CF60 BF   D545            STX ERASE_CODE_HWR1_1+54
     61  3     CF63 8E   11A1            LDX #$11a1
     62  5+1   CF66 AF   E8 87           STX -121,S
     63  4+4   CF69 32   E9 FF61         LEAS -159,S
     64  5+1   CF6D AE   7E              LDX -2,S
     65  6     CF6F BF   D54F            STX ERASE_CODE_HWR1_1+64
     66  3     CF72 8E   B1BB            LDX #$b1bb
     67  5+1   CF75 AF   7E              STX -2,S
     68  5+1   CF77 AE   E8 D6           LDX -42,S
     69  6     CF7A BF   D554            STX ERASE_CODE_HWR1_1+69
     70  3     CF7D 8E   BA1C            LDX #$ba1c
     71  5+1   CF80 AF   E8 D6           STX -42,S
     72  4+1   CF83 A6   E8 AF           LDA -81,S
     73  5     CF86 B7   D55A            STA ERASE_CODE_HWR1_1+75
     74  2     CF89 86   F0              LDA  #$F0
     75  4+1   CF8B A4   E8 AF           ANDA -81,S
     76  2     CF8E 8B   0C              ADDA #$0c
     77  4+1   CF90 A7   E8 AF           STA -81,S
     78  4+1   CF93 A6   E8 AE           LDA -82,S
     79  5     CF96 B7   D55F            STA ERASE_CODE_HWR1_1+80
     80  2     CF99 86   CB              LDA #$cb
     81  4+1   CF9B A7   E8 AE           STA -82,S
     82  4+1   CF9E A6   E8 87           LDA -121,S
     83  5     CFA1 B7   D564            STA ERASE_CODE_HWR1_1+85
     84  2     CFA4 86   0F              LDA  #$0F
     85  4+1   CFA6 A4   E8 87           ANDA -121,S
     86  2     CFA9 8B   B0              ADDA #$b0
     87  4+1   CFAB A7   E8 87           STA -121,S
     88  4+1   CFAE A6   E8 86           LDA -122,S
     89  5     CFB1 B7   D569            STA ERASE_CODE_HWR1_1+90
     90  2     CFB4 86   CB              LDA #$cb
     91  4+1   CFB6 A7   E8 86           STA -122,S
     92  4+4   CFB9 32   E9 FF5F         LEAS -161,S
     93  4+0   CFBD A6   E4              LDA ,S
     94  5     CFBF B7   D572            STA ERASE_CODE_HWR1_1+99
     95  2     CFC2 86   0F              LDA  #$0F
     96  4+0   CFC4 A4   E4              ANDA ,S
     97  2     CFC6 8B   C0              ADDA #$c0
     98  4+0   CFC8 A7   E4              STA ,S
     99  4+1   CFCA A6   7F              LDA -1,S
    100  5     CFCC B7   D576            STA ERASE_CODE_HWR1_1+103
    101  2     CFCF 86   BB              LDA #$bb
    102  4+1   CFD1 A7   7F              STA -1,S
    103  4+1   CFD3 A6   E8 D8           LDA -40,S
    104  5     CFD6 B7   D57A            STA ERASE_CODE_HWR1_1+107
    105  2     CFD9 86   0F              LDA  #$0F
    106  4+1   CFDB A4   E8 D8           ANDA -40,S
    107  2     CFDE 8B   C0              ADDA #$c0
    108  4+1   CFE0 A7   E8 D8           STA -40,S
    109  4+1   CFE3 A6   E8 D7           LDA -41,S
    110  5     CFE6 B7   D57F            STA ERASE_CODE_HWR1_1+112
    111  2     CFE9 86   CE              LDA #$ce
    112  4+1   CFEB A7   E8 D7           STA -41,S
    113  5+1   CFEE AE   E8 AF           LDX -81,S
    114  6     CFF1 BF   D584            STX ERASE_CODE_HWR1_1+117
    115  3     CFF4 8E   EEE8            LDX #$eee8
    116  5+1   CFF7 AF   E8 AF           STX -81,S
    117  5+1   CFFA AE   E8 87           LDX -121,S
    118  6     CFFD BF   D58A            STX ERASE_CODE_HWR1_1+123
    119  3     D000 8E   EEDA            LDX #$eeda
    120  5+1   D003 AF   E8 87           STX -121,S
    121  4+4   D006 32   E9 FF61         LEAS -159,S
    122  5+1   D00A AE   7E              LDX -2,S
    123  6     D00C BF   D594            STX ERASE_CODE_HWR1_1+133
    124  3     D00F 8E   312A            LDX #$312a
    125  5+1   D012 AF   7E              STX -2,S
    126  5+1   D014 AE   E8 D6           LDX -42,S
    127  6     D017 BF   D599            STX ERASE_CODE_HWR1_1+138
    128  3     D01A 8E   22F8            LDX #$22f8
    129  5+1   D01D AF   E8 D6           STX -42,S
    130  5+1   D020 AE   E8 AE           LDX -82,S
    131  6     D023 BF   D59F            STX ERASE_CODE_HWR1_1+144
    132  3     D026 8E   EEE3            LDX #$eee3
    133  5+1   D029 AF   E8 AE           STX -82,S
    134  4+1   D02C A6   E8 88           LDA -120,S
    135  5     D02F B7   D5A5            STA ERASE_CODE_HWR1_1+150
    136  2     D032 86   0F              LDA  #$0F
    137  4+1   D034 A4   E8 88           ANDA -120,S
    138  2     D037 8B   10              ADDA #$10
    139  4+1   D039 A7   E8 88           STA -120,S
    140  5+1   D03C AE   E8 86           LDX -122,S
    141  6     D03F BF   D5AA            STX ERASE_CODE_HWR1_1+155
    142  3     D042 8E   EE32            LDX #$ee32
    143  5+1   D045 AF   E8 86           STX -122,S
    144  4+4   D048 32   E9 FF60         LEAS -160,S
    145  4+0   D04C A6   E4              LDA ,S
    146  5     D04E B7   D5B4            STA ERASE_CODE_HWR1_1+165
    147  2     D051 86   0F              LDA  #$0F
    148  4+0   D053 A4   E4              ANDA ,S
    149  2     D055 8B   30              ADDA #$30
    150  4+0   D057 A7   E4              STA ,S
    151  5+1   D059 AE   7E              LDX -2,S
    152  6     D05B BF   D5B8            STX ERASE_CODE_HWR1_1+169
    153  3     D05E 8E   EE22            LDX #$ee22
    154  5+1   D061 AF   7E              STX -2,S
    155  4+1   D063 32   E8 D6           LEAS -42,S
    156  5+3   D066 35   12              PULS A,X
    157  5     D068 B7   D5C0            STA ERASE_CODE_HWR1_1+177
    158  6     D06B BF   D5C2            STX ERASE_CODE_HWR1_1+179
    159  2     D06E 86   EE              LDA #$ee
    160  3     D070 8E   2288            LDX #$2288
    161  5+3   D073 34   12              PSHS X,A
    162  4+1   D075 32   E8 D8           LEAS -40,S
    163  5+3   D078 35   12              PULS A,X
    164  5     D07A B7   D5CA            STA ERASE_CODE_HWR1_1+187
    165  6     D07D BF   D5CC            STX ERASE_CODE_HWR1_1+189
    166  2     D080 86   DE              LDA #$de
    167  3     D082 8E   2CB8            LDX #$2cb8
    168  5+3   D085 34   12              PSHS X,A
    169  5+1   D087 AE   E8 D9           LDX -39,S
    170  6     D08A BF   D5D1            STX ERASE_CODE_HWR1_1+194
    171  3     D08D 8E   DDCB            LDX #$ddcb
    172  5+1   D090 AF   E8 D9           STX -39,S
    173  4+1   D093 A6   E8 D8           LDA -40,S
    174  5     D096 B7   D5D7            STA ERASE_CODE_HWR1_1+200
    175  2     D099 86   F0              LDA  #$F0
    176  4+1   D09B A4   E8 D8           ANDA -40,S
    177  2     D09E 8B   0E              ADDA #$0e
    178  4+1   D0A0 A7   E8 D8           STA -40,S
    179  5+1   D0A3 AE   E8 B1           LDX -79,S
    180  6     D0A6 BF   D5DC            STX ERASE_CODE_HWR1_1+205
    181  3     D0A9 8E   DBBA            LDX #$dbba
    182  5+1   D0AC AF   E8 B1           STX -79,S
    183  4+1   D0AF A6   E8 B0           LDA -80,S
    184  5     D0B2 B7   D5E2            STA ERASE_CODE_HWR1_1+211
    185  2     D0B5 86   F0              LDA  #$F0
    186  4+1   D0B7 A4   E8 B0           ANDA -80,S
    187  2     D0BA 8B   08              ADDA #$08
    188  4+1   D0BC A7   E8 B0           STA -80,S
    189  4+1   D0BF 32   E8 88           LEAS -120,S
    190  5+3   D0C2 35   12              PULS A,X
    191  5     D0C4 B7   D5EA            STA ERASE_CODE_HWR1_1+219
    192  6     D0C7 BF   D5EC            STX ERASE_CODE_HWR1_1+221
    193  2     D0CA 86   E8              LDA #$e8
    194  3     D0CC 8E   BBDA            LDX #$bbda
    195  5+3   D0CF 34   12              PSHS X,A
    196  4+1   D0D1 32   E8 D8           LEAS -40,S
    197  5+3   D0D4 35   12              PULS A,X
    198  5     D0D6 B7   D5F4            STA ERASE_CODE_HWR1_1+229
    199  6     D0D9 BF   D5F6            STX ERASE_CODE_HWR1_1+231
    200  2     D0DC 86   EE              LDA #$ee
    201  3     D0DE 8E   BBB8            LDX #$bbb8
    202  5+3   D0E1 34   12              PSHS X,A
    203  4+1   D0E3 32   E8 D8           LEAS -40,S
    204  5+3   D0E6 35   12              PULS A,X
    205  5     D0E8 B7   D5FE            STA ERASE_CODE_HWR1_1+239
    206  6     D0EB BF   D600            STX ERASE_CODE_HWR1_1+241
    207  2     D0EE 86   EE              LDA #$ee
    208  3     D0F0 8E   BBBE            LDX #$bbbe
    209  5+3   D0F3 34   12              PSHS X,A
    210  4+1   D0F5 32   E8 D8           LEAS -40,S
    211  5+3   D0F8 35   12              PULS A,X
    212  5     D0FA B7   D608            STA ERASE_CODE_HWR1_1+249
    213  6     D0FD BF   D60A            STX ERASE_CODE_HWR1_1+251
    214  2     D100 86   EE              LDA #$ee
    215  3     D102 8E   CDBD            LDX #$cdbd
    216  5+3   D105 34   12              PSHS X,A
    217  4+1   D107 A6   E8 DA           LDA -38,S
    218  5     D10A B7   D60F            STA ERASE_CODE_HWR1_1+256
    219  2     D10D 86   0F              LDA  #$0F
    220  4+1   D10F A4   E8 DA           ANDA -38,S
    221  2     D112 8B   B0              ADDA #$b0
    222  4+1   D114 A7   E8 DA           STA -38,S
    223  5+1   D117 AE   E8 D8           LDX -40,S
    224  6     D11A BF   D614            STX ERASE_CODE_HWR1_1+261
    225  3     D11D 8E   DDBB            LDX #$ddbb
    226  5+1   D120 AF   E8 D8           STX -40,S
    227  4+1   D123 A6   E8 B2           LDA -78,S
    228  5     D126 B7   D61A            STA ERASE_CODE_HWR1_1+267
    229  2     D129 86   0F              LDA  #$0F
    230  4+1   D12B A4   E8 B2           ANDA -78,S
    231  2     D12E 8B   B0              ADDA #$b0
    232  4+1   D130 A7   E8 B2           STA -78,S
    233  4+1   D133 A6   E8 B1           LDA -79,S
    234  5     D136 B7   D61F            STA ERASE_CODE_HWR1_1+272
    235  2     D139 86   BB              LDA #$bb
    236  4+1   D13B A7   E8 B1           STA -79,S
    237  4+1   D13E A6   E8 B0           LDA -80,S
    238  5     D141 B7   D624            STA ERASE_CODE_HWR1_1+277
    239  2     D144 86   F0              LDA  #$F0
    240  4+1   D146 A4   E8 B0           ANDA -80,S
    241  2     D149 8B   0D              ADDA #$0d
    242  4+1   D14B A7   E8 B0           STA -80,S
    243  4+1   D14E A6   E8 8A           LDA -118,S
    244  5     D151 B7   D629            STA ERASE_CODE_HWR1_1+282
    245  2     D154 86   0F              LDA  #$0F
    246  4+1   D156 A4   E8 8A           ANDA -118,S
    247  2     D159 8B   D0              ADDA #$d0
    248  4+1   D15B A7   E8 8A           STA -118,S
    249  4+1   D15E A6   E8 89           LDA -119,S
    250  5     D161 B7   D62E            STA ERASE_CODE_HWR1_1+287
    251  2     D164 86   2D              LDA #$2d
    252  4+1   D166 A7   E8 89           STA -119,S
    253  4+4   D169 32   E9 FF62         LEAS -158,S
    254  4+0   D16D A6   E4              LDA ,S
    255  5     D16F B7   D637            STA ERASE_CODE_HWR1_1+296
    256  2     D172 86   0F              LDA  #$0F
    257  4+0   D174 A4   E4              ANDA ,S
    258  2     D176 8B   E0              ADDA #$e0
    259  4+0   D178 A7   E4              STA ,S
    260  4+1   D17A A6   7F              LDA -1,S
    261  5     D17C B7   D63B            STA ERASE_CODE_HWR1_1+300
    262  2     D17F 86   3B              LDA #$3b
    263  4+1   D181 A7   7F              STA -1,S
    264  4+1   D183 A6   7E              LDA -2,S
    265  5     D185 B7   D63F            STA ERASE_CODE_HWR1_1+304
    266  2     D188 86   F0              LDA  #$F0
    267  4+1   D18A A4   7E              ANDA -2,S
    268  2     D18C 8B   0E              ADDA #$0e
    269  4+1   D18E A7   7E              STA -2,S
    270  4+1   D190 A6   E8 D8           LDA -40,S
    271  5     D193 B7   D643            STA ERASE_CODE_HWR1_1+308
    272  2     D196 86   0F              LDA  #$0F
    273  4+1   D198 A4   E8 D8           ANDA -40,S
    274  2     D19B 8B   E0              ADDA #$e0
    275  4+1   D19D A7   E8 D8           STA -40,S
    276  4+1   D1A0 A6   E8 D7           LDA -41,S
    277  5     D1A3 B7   D648            STA ERASE_CODE_HWR1_1+313
    278  2     D1A6 86   EB              LDA #$eb
    279  4+1   D1A8 A7   E8 D7           STA -41,S
    280  4+1   D1AB A6   E8 D6           LDA -42,S
    281  5     D1AE B7   D64D            STA ERASE_CODE_HWR1_1+318
    282  2     D1B1 86   F0              LDA  #$F0
    283  4+1   D1B3 A4   E8 D6           ANDA -42,S
    284  2     D1B6 8B   0E              ADDA #$0e
    285  4+1   D1B8 A7   E8 D6           STA -42,S
    286  5+1   D1BB AE   E8 AE           LDX -82,S
    287  6     D1BE BF   D652            STX ERASE_CODE_HWR1_1+323
    288  3     D1C1 8E   EDBB            LDX #$edbb
    289  5+1   D1C4 AF   E8 AE           STX -82,S
    290  5+1   D1C7 AE   E8 86           LDX -122,S
    291  6     D1CA BF   D658            STX ERASE_CODE_HWR1_1+329
    292  3     D1CD 8E   DDDD            LDX #$dddd
    293  5+1   D1D0 AF   E8 86           STX -122,S
    294  4+4   D1D3 32   E9 FF5F         LEAS -161,S
    295  4+1   D1D7 A6   7F              LDA -1,S
    296  5     D1D9 B7   D662            STA ERASE_CODE_HWR1_1+339
    297  2     D1DC 86   DD              LDA #$dd
    298  4+1   D1DE A7   7F              STA -1,S
    299
    300  7     D1E0 10FE 9F02            LDS $9F00+2
    301  7     D1E4 10FF D667            STS ERASE_POS_HWR1_2+2
    302  3     D1E8 CE   D502            LDU #DATA_HWR1_2
    303
    304  4+1   D1EB 32   7D              LEAS -3,S
    305  4+1   D1ED A6   7F              LDA -1,S
    306  5     D1EF B7   D66F            STA ERASE_CODE_HWR1_2+3
    307  2     D1F2 86   88              LDA #$88
    308  4+1   D1F4 A7   7F              STA -1,S
    309  4+1   D1F6 A6   E8 D7           LDA -41,S
    310  5     D1F9 B7   D673            STA ERASE_CODE_HWR1_2+7
    311  2     D1FC 86   A1              LDA #$a1
    312  4+1   D1FE A7   E8 D7           STA -41,S
    313  4+1   D201 A6   E8 AF           LDA -81,S
    314  5     D204 B7   D678            STA ERASE_CODE_HWR1_2+12
    315  2     D207 86   B1              LDA #$b1
    316  4+1   D209 A7   E8 AF           STA -81,S
    317  4+1   D20C A6   E8 87           LDA -121,S
    318  5     D20F B7   D67D            STA ERASE_CODE_HWR1_2+17
    319  2     D212 86   0F              LDA  #$0F
    320  4+1   D214 A4   E8 87           ANDA -121,S
    321  2     D217 8B   B0              ADDA #$b0
    322  4+1   D219 A7   E8 87           STA -121,S
    323  4+1   D21C A6   E8 86           LDA -122,S
    324  5     D21F B7   D682            STA ERASE_CODE_HWR1_2+22
    325  2     D222 86   F0              LDA  #$F0
    326  4+1   D224 A4   E8 86           ANDA -122,S
    327  2     D227 8B   01              ADDA #$01
    328  4+1   D229 A7   E8 86           STA -122,S
    329  4+4   D22C 32   E9 FF5F         LEAS -161,S
    330  4+0   D230 A6   E4              LDA ,S
    331  5     D232 B7   D68B            STA ERASE_CODE_HWR1_2+31
    332  2     D235 86   0F              LDA  #$0F
    333  4+0   D237 A4   E4              ANDA ,S
    334  2     D239 8B   B0              ADDA #$b0
    335  4+0   D23B A7   E4              STA ,S
    336  4+1   D23D A6   7F              LDA -1,S
    337  5     D23F B7   D68F            STA ERASE_CODE_HWR1_2+35
    338  2     D242 86   F0              LDA  #$F0
    339  4+1   D244 A4   7F              ANDA -1,S
    340  2     D246 8B   01              ADDA #$01
    341  4+1   D248 A7   7F              STA -1,S
    342  4+1   D24A A6   E8 D9           LDA -39,S
    343  5     D24D B7   D693            STA ERASE_CODE_HWR1_2+39
    344  2     D250 86   8F              LDA #$8f
    345  4+1   D252 A7   E8 D9           STA -39,S
    346  4+1   D255 A6   E8 D8           LDA -40,S
    347  5     D258 B7   D698            STA ERASE_CODE_HWR1_2+44
    348  2     D25B 86   0F              LDA  #$0F
    349  4+1   D25D A4   E8 D8           ANDA -40,S
    350  2     D260 8B   A0              ADDA #$a0
    351  4+1   D262 A7   E8 D8           STA -40,S
    352  4+1   D265 A6   E8 D7           LDA -41,S
    353  5     D268 B7   D69D            STA ERASE_CODE_HWR1_2+49
    354  2     D26B 86   F0              LDA  #$F0
    355  4+1   D26D A4   E8 D7           ANDA -41,S
    356  2     D270 8B   0F              ADDA #$0f
    357  4+1   D272 A7   E8 D7           STA -41,S
    358  4+1   D275 A6   E8 B0           LDA -80,S
    359  5     D278 B7   D6A2            STA ERASE_CODE_HWR1_2+54
    360  2     D27B 86   0F              LDA  #$0F
    361  4+1   D27D A4   E8 B0           ANDA -80,S
    362  2     D280 8B   A0              ADDA #$a0
    363  4+1   D282 A7   E8 B0           STA -80,S
    364  4+1   D285 A6   E8 AF           LDA -81,S
    365  5     D288 B7   D6A7            STA ERASE_CODE_HWR1_2+59
    366  2     D28B 86   F0              LDA  #$F0
    367  4+1   D28D A4   E8 AF           ANDA -81,S
    368  2     D290 8B   0F              ADDA #$0f
    369  4+1   D292 A7   E8 AF           STA -81,S
    370  4+1   D295 A6   E8 89           LDA -119,S
    371  5     D298 B7   D6AC            STA ERASE_CODE_HWR1_2+64
    372  2     D29B 86   F0              LDA  #$F0
    373  4+1   D29D A4   E8 89           ANDA -119,S
    374  2     D2A0 8B   02              ADDA #$02
    375  4+1   D2A2 A7   E8 89           STA -119,S
    376  4+1   D2A5 A6   E8 88           LDA -120,S
    377  5     D2A8 B7   D6B1            STA ERASE_CODE_HWR1_2+69
    378  2     D2AB 86   B8              LDA #$b8
    379  4+1   D2AD A7   E8 88           STA -120,S
    380  4+1   D2B0 A6   E8 87           LDA -121,S
    381  5     D2B3 B7   D6B6            STA ERASE_CODE_HWR1_2+74
    382  2     D2B6 86   F0              LDA  #$F0
    383  4+1   D2B8 A4   E8 87           ANDA -121,S
    384  2     D2BB 8B   01              ADDA #$01
    385  4+1   D2BD A7   E8 87           STA -121,S
    386  4+4   D2C0 32   E9 FF61         LEAS -159,S
    387  4+1   D2C4 A6   7F              LDA -1,S
    388  5     D2C6 B7   D6BF            STA ERASE_CODE_HWR1_2+83
    389  2     D2C9 86   8F              LDA #$8f
    390  4+1   D2CB A7   7F              STA -1,S
    391  4+1   D2CD A6   7E              LDA -2,S
    392  5     D2CF B7   D6C3            STA ERASE_CODE_HWR1_2+87
    393  2     D2D2 86   F0              LDA  #$F0
    394  4+1   D2D4 A4   7E              ANDA -2,S
    395  2     D2D6 8B   0A              ADDA #$0a
    396  4+1   D2D8 A7   7E              STA -2,S
    397  4+1   D2DA A6   E8 D8           LDA -40,S
    398  5     D2DD B7   D6C7            STA ERASE_CODE_HWR1_2+91
    399  2     D2E0 86   0F              LDA  #$0F
    400  4+1   D2E2 A4   E8 D8           ANDA -40,S
    401  2     D2E5 8B   C0              ADDA #$c0
    402  4+1   D2E7 A7   E8 D8           STA -40,S
    403  4+1   D2EA A6   E8 D7           LDA -41,S
    404  5     D2ED B7   D6CC            STA ERASE_CODE_HWR1_2+96
    405  2     D2F0 86   F1              LDA #$f1
    406  4+1   D2F2 A7   E8 D7           STA -41,S
    407  4+1   D2F5 A6   E8 D6           LDA -42,S
    408  5     D2F8 B7   D6D1            STA ERASE_CODE_HWR1_2+101
    409  2     D2FB 86   F0              LDA  #$F0
    410  4+1   D2FD A4   E8 D6           ANDA -42,S
    411  2     D300 8B   0B              ADDA #$0b
    412  4+1   D302 A7   E8 D6           STA -42,S
    413  5+1   D305 AE   E8 AE           LDX -82,S
    414  6     D308 BF   D6D6            STX ERASE_CODE_HWR1_2+106
    415  3     D30B 8E   BCF1            LDX #$bcf1
    416  5+1   D30E AF   E8 AE           STX -82,S
    417  5+1   D311 AE   E8 86           LDX -122,S
    418  6     D314 BF   D6DC            STX ERASE_CODE_HWR1_2+112
    419  3     D317 8E   ACFF            LDX #$acff
    420  5+1   D31A AF   E8 86           STX -122,S
    421  4+4   D31D 32   E9 FF60         LEAS -160,S
    422  5+1   D321 AE   7E              LDX -2,S
    423  6     D323 BF   D6E6            STX ERASE_CODE_HWR1_2+122
    424  3     D326 8E   ACFB            LDX #$acfb
    425  5+1   D329 AF   7E              STX -2,S
    426  5+1   D32B AE   E8 D6           LDX -42,S
    427  6     D32E BF   D6EB            STX ERASE_CODE_HWR1_2+127
    428  3     D331 8E   BBBB            LDX #$bbbb
    429  5+1   D334 AF   E8 D6           STX -42,S
    430  4+1   D337 A6   E8 AF           LDA -81,S
    431  5     D33A B7   D6F1            STA ERASE_CODE_HWR1_2+133
    432  2     D33D 86   8C              LDA #$8c
    433  4+1   D33F A7   E8 AF           STA -81,S
    434  4+1   D342 A6   E8 AE           LDA -82,S
    435  5     D345 B7   D6F6            STA ERASE_CODE_HWR1_2+138
    436  2     D348 86   F0              LDA  #$F0
    437  4+1   D34A A4   E8 AE           ANDA -82,S
    438  2     D34D 8B   0C              ADDA #$0c
    439  4+1   D34F A7   E8 AE           STA -82,S
    440  4+1   D352 A6   E8 88           LDA -120,S
    441  5     D355 B7   D6FB            STA ERASE_CODE_HWR1_2+143
    442  2     D358 86   0F              LDA  #$0F
    443  4+1   D35A A4   E8 88           ANDA -120,S
    444  2     D35D 8B   A0              ADDA #$a0
    445  4+1   D35F A7   E8 88           STA -120,S
    446  4+1   D362 A6   E8 87           LDA -121,S
    447  5     D365 B7   D700            STA ERASE_CODE_HWR1_2+148
    448  2     D368 86   E8              LDA #$e8
    449  4+1   D36A A7   E8 87           STA -121,S
    450  4+1   D36D A6   E8 86           LDA -122,S
    451  5     D370 B7   D705            STA ERASE_CODE_HWR1_2+153
    452  2     D373 86   F0              LDA  #$F0
    453  4+1   D375 A4   E8 86           ANDA -122,S
    454  2     D378 8B   03              ADDA #$03
    455  4+1   D37A A7   E8 86           STA -122,S
    456  4+4   D37D 32   E9 FF60         LEAS -160,S
    457  4+0   D381 A6   E4              LDA ,S
    458  5     D383 B7   D70E            STA ERASE_CODE_HWR1_2+162
    459  2     D386 86   0F              LDA  #$0F
    460  4+0   D388 A4   E4              ANDA ,S
    461  2     D38A 8B   B0              ADDA #$b0
    462  4+0   D38C A7   E4              STA ,S
    463  4+1   D38E A6   7F              LDA -1,S
    464  5     D390 B7   D712            STA ERASE_CODE_HWR1_2+166
    465  2     D393 86   EE              LDA #$ee
    466  4+1   D395 A7   7F              STA -1,S
    467  4+1   D397 A6   7E              LDA -2,S
    468  5     D399 B7   D716            STA ERASE_CODE_HWR1_2+170
    469  2     D39C 86   F0              LDA  #$F0
    470  4+1   D39E A4   7E              ANDA -2,S
    471  2     D3A0 8B   02              ADDA #$02
    472  4+1   D3A2 A7   7E              STA -2,S
    473  4+1   D3A4 A6   E8 D8           LDA -40,S
    474  5     D3A7 B7   D71A            STA ERASE_CODE_HWR1_2+174
    475  2     D3AA 86   0F              LDA  #$0F
    476  4+1   D3AC A4   E8 D8           ANDA -40,S
    477  2     D3AF 8B   B0              ADDA #$b0
    478  4+1   D3B1 A7   E8 D8           STA -40,S
    479  4+1   D3B4 A6   E8 D7           LDA -41,S
    480  5     D3B7 B7   D71F            STA ERASE_CODE_HWR1_2+179
    481  2     D3BA 86   13              LDA #$13
    482  4+1   D3BC A7   E8 D7           STA -41,S
    483  5+1   D3BF AE   E8 AF           LDX -81,S
    484  6     D3C2 BF   D724            STX ERASE_CODE_HWR1_2+184
    485  3     D3C5 8E   E831            LDX #$e831
    486  5+1   D3C8 AF   E8 AF           STX -81,S
    487  4+1   D3CB 32   E8 86           LEAS -122,S
    488  5+3   D3CE 35   12              PULS A,X
    489  5     D3D0 B7   D72D            STA ERASE_CODE_HWR1_2+193
    490  6     D3D3 BF   D72F            STX ERASE_CODE_HWR1_2+195
    491  2     D3D6 86   EE              LDA #$ee
    492  3     D3D8 8E   EE22            LDX #$ee22
    493  5+3   D3DB 34   12              PSHS X,A
    494  4+1   D3DD 32   E8 D8           LEAS -40,S
    495  5+3   D3E0 35   12              PULS A,X
    496  5     D3E2 B7   D737            STA ERASE_CODE_HWR1_2+203
    497  6     D3E5 BF   D739            STX ERASE_CODE_HWR1_2+205
    498  2     D3E8 86   DE              LDA #$de
    499  3     D3EA 8E   8E22            LDX #$8e22
    500  5+3   D3ED 34   12              PSHS X,A
    501  5+1   D3EF AE   E8 D9           LDX -39,S
    502  6     D3F2 BF   D73E            STX ERASE_CODE_HWR1_2+210
    503  3     D3F5 8E   EEC2            LDX #$eec2
    504  5+1   D3F8 AF   E8 D9           STX -39,S
    505  4+1   D3FB A6   E8 D8           LDA -40,S
    506  5     D3FE B7   D744            STA ERASE_CODE_HWR1_2+216
    507  2     D401 86   F0              LDA  #$F0
    508  4+1   D403 A4   E8 D8           ANDA -40,S
    509  2     D406 8B   0D              ADDA #$0d
    510  4+1   D408 A7   E8 D8           STA -40,S
    511  5+1   D40B AE   E8 B1           LDX -79,S
    512  6     D40E BF   D749            STX ERASE_CODE_HWR1_2+221
    513  3     D411 8E   EDCC            LDX #$edcc
    514  5+1   D414 AF   E8 B1           STX -79,S
    515  5+1   D417 AE   E8 89           LDX -119,S
    516  6     D41A BF   D74F            STX ERASE_CODE_HWR1_2+227
    517  3     D41D 8E   EDCA            LDX #$edca
    518  5+1   D420 AF   E8 89           STX -119,S
    519  4+4   D423 32   E9 FF63         LEAS -157,S
    520  5+1   D427 AE   7E              LDX -2,S
    521  6     D429 BF   D759            STX ERASE_CODE_HWR1_2+237
    522  3     D42C 8E   EDCA            LDX #$edca
    523  5+1   D42F AF   7E              STX -2,S
    524  5+1   D431 AE   E8 D6           LDX -42,S
    525  6     D434 BF   D75E            STX ERASE_CODE_HWR1_2+242
    526  3     D437 8E   DDCB            LDX #$ddcb
    527  5+1   D43A AF   E8 D6           STX -42,S
    528  4+1   D43D 32   E8 AD           LEAS -83,S
    529  5+3   D440 35   12              PULS A,X
    530  5     D442 B7   D767            STA ERASE_CODE_HWR1_2+251
    531  6     D445 BF   D769            STX ERASE_CODE_HWR1_2+253
    532  2     D448 86   EE              LDA #$ee
    533  3     D44A 8E   DDC8            LDX #$ddc8
    534  5+3   D44D 34   12              PSHS X,A
    535  4+1   D44F 32   E8 D8           LEAS -40,S
    536  5+3   D452 35   12              PULS A,X
    537  5     D454 B7   D771            STA ERASE_CODE_HWR1_2+261
    538  6     D457 BF   D773            STX ERASE_CODE_HWR1_2+263
    539  2     D45A 86   DE              LDA #$de
    540  3     D45C 8E   DBCD            LDX #$dbcd
    541  5+3   D45F 34   12              PSHS X,A
    542  5+1   D461 AE   E8 D9           LDX -39,S
    543  6     D464 BF   D778            STX ERASE_CODE_HWR1_2+268
    544  3     D467 8E   DDCB            LDX #$ddcb
    545  5+1   D46A AF   E8 D9           STX -39,S
    546  4+1   D46D A6   E8 D8           LDA -40,S
    547  5     D470 B7   D77E            STA ERASE_CODE_HWR1_2+274
    548  2     D473 86   F0              LDA  #$F0
    549  4+1   D475 A4   E8 D8           ANDA -40,S
    550  2     D478 8B   0D              ADDA #$0d
    551  4+1   D47A A7   E8 D8           STA -40,S
    552  5+1   D47D AE   E8 B1           LDX -79,S
    553  6     D480 BF   D783            STX ERASE_CODE_HWR1_2+279
    554  3     D483 8E   DEEB            LDX #$deeb
    555  5+1   D486 AF   E8 B1           STX -79,S
    556  5+1   D489 AE   E8 89           LDX -119,S
    557  6     D48C BF   D789            STX ERASE_CODE_HWR1_2+285
    558  3     D48F 8E   D2BB            LDX #$d2bb
    559  5+1   D492 AF   E8 89           STX -119,S
    560  4+4   D495 32   E9 FF63         LEAS -157,S
    561  5+1   D499 AE   7E              LDX -2,S
    562  6     D49B BF   D793            STX ERASE_CODE_HWR1_2+295
    563  3     D49E 8E   D2BB            LDX #$d2bb
    564  5+1   D4A1 AF   7E              STX -2,S
    565  5+1   D4A3 AE   E8 D6           LDX -42,S
    566  6     D4A6 BF   D798            STX ERASE_CODE_HWR1_2+300
    567  3     D4A9 8E   E2BB            LDX #$e2bb
    568  5+1   D4AC AF   E8 D6           STX -42,S
    569  5+1   D4AF AE   E8 AE           LDX -82,S
    570  6     D4B2 BF   D79E            STX ERASE_CODE_HWR1_2+306
    571  3     D4B5 8E   DEBD            LDX #$debd
    572  5+1   D4B8 AF   E8 AE           STX -82,S
    573  4+1   D4BB A6   E8 87           LDA -121,S
    574  5     D4BE B7   D7A4            STA ERASE_CODE_HWR1_2+312
    575  2     D4C1 86   0F              LDA  #$0F
    576  4+1   D4C3 A4   E8 87           ANDA -121,S
    577  2     D4C6 8B   D0              ADDA #$d0
    578  4+1   D4C8 A7   E8 87           STA -121,S
    579  4+1   D4CB A6   E8 86           LDA -122,S
    580  5     D4CE B7   D7A9            STA ERASE_CODE_HWR1_2+317
    581  2     D4D1 86   DE              LDA #$de
    582  4+1   D4D3 A7   E8 86           STA -122,S
    583  4+4   D4D6 32   E9 FF5F         LEAS -161,S
    584  4+1   D4DA A6   7F              LDA -1,S
    585  5     D4DC B7   D7B2            STA ERASE_CODE_HWR1_2+326
    586  2     D4DF 86   DD              LDA #$dd
    587  4+1   D4E1 A7   7F              STA -1,S
    588  4+1   D4E3 A6   7E              LDA -2,S
    589  5     D4E5 B7   D7B6            STA ERASE_CODE_HWR1_2+330
    590  2     D4E8 86   F0              LDA  #$F0
    591  4+1   D4EA A4   7E              ANDA -2,S
    592  2     D4EC 8B   0E              ADDA #$0e
    593  4+1   D4EE A7   7E              STA -2,S
    594  4+1   D4F0 A6   E8 D7           LDA -41,S
    595  5     D4F3 B7   D7BA            STA ERASE_CODE_HWR1_2+334
    596  2     D4F6 86   DD              LDA #$dd
    597  4+1   D4F8 A7   E8 D7           STA -41,S
    598
    599        D4FB               SSAV_HWR1
    600  4     D4FB 10CE 0000            LDS #$0000
    601  5+3   D4FF 35   48              PULS U,DP
    602  5     D501 39                   RTS
    603
    604        D502               DATA_HWR1_2
    605        D502               DATA_HWR1_1
    606        D502               ERASE_HWR1
    607  5+3   D502 34   48              PSHS U,DP
    608  7     D504 10FF D7C0            STS ERASE_SSAV_HWR1+2
    609
    610        D508               ERASE_POS_HWR1_1
    611  4     D508 10CE 0000            LDS #$0000
    612  3     D50C CE   D7C5            LDU #ERASE_DATA_HWR1_1
    613        D50F               ERASE_CODE_HWR1_1
    614  4+1   D50F 32   7D              LEAS -3,S
    615  2     D511 86   F0              LDA #$f0
    616  4+0   D513 A7   E4              STA ,S
    617  2     D515 86   F8              LDA #$f8
    618  4+1   D517 A7   7F              STA -1,S
    619  2     D519 86   FF              LDA #$ff
    620  4+1   D51B A7   E8 D7           STA -41,S
    621  2     D51E 86   F8              LDA #$f8
    622  4+1   D520 A7   E8 AF           STA -81,S
    623  2     D523 86   F1              LDA #$f1
    624  4+1   D525 A7   E8 87           STA -121,S
    625  4+4   D528 32   E9 FF60         LEAS -160,S
    626  2     D52C 86   F1              LDA #$f1
    627  4+1   D52E A7   7F              STA -1,S
    628  2     D530 86   10              LDA #$10
    629  4+1   D532 A7   E8 D9           STA -39,S
    630  2     D535 86   81              LDA #$81
    631  4+1   D537 A7   E8 D7           STA -41,S
    632  2     D53A 86   0F              LDA #$0f
    633  4+1   D53C A7   E8 B0           STA -80,S
    634  2     D53F 86   81              LDA #$81
    635  4+1   D541 A7   E8 AF           STA -81,S
    636  3     D544 8E   11A1            LDX #$11a1
    637  5+1   D547 AF   E8 87           STX -121,S
    638  4+4   D54A 32   E9 FF61         LEAS -159,S
    639  3     D54E 8E   B1BB            LDX #$b1bb
    640  5+1   D551 AF   7E              STX -2,S
    641  3     D553 8E   BA1C            LDX #$ba1c
    642  5+1   D556 AF   E8 D6           STX -42,S
    643  2     D559 86   0C              LDA #$0c
    644  4+1   D55B A7   E8 AF           STA -81,S
    645  2     D55E 86   CB              LDA #$cb
    646  4+1   D560 A7   E8 AE           STA -82,S
    647  2     D563 86   B0              LDA #$b0
    648  4+1   D565 A7   E8 87           STA -121,S
    649  2     D568 86   CB              LDA #$cb
    650  4+1   D56A A7   E8 86           STA -122,S
    651  4+4   D56D 32   E9 FF5F         LEAS -161,S
    652  2     D571 86   C0              LDA #$c0
    653  4+0   D573 A7   E4              STA ,S
    654  2     D575 86   BB              LDA #$bb
    655  4+1   D577 A7   7F              STA -1,S
    656  2     D579 86   C0              LDA #$c0
    657  4+1   D57B A7   E8 D8           STA -40,S
    658  2     D57E 86   CE              LDA #$ce
    659  4+1   D580 A7   E8 D7           STA -41,S
    660  3     D583 8E   EEE8            LDX #$eee8
    661  5+1   D586 AF   E8 AF           STX -81,S
    662  3     D589 8E   EEDA            LDX #$eeda
    663  5+1   D58C AF   E8 87           STX -121,S
    664  4+4   D58F 32   E9 FF61         LEAS -159,S
    665  3     D593 8E   312A            LDX #$312a
    666  5+1   D596 AF   7E              STX -2,S
    667  3     D598 8E   22F8            LDX #$22f8
    668  5+1   D59B AF   E8 D6           STX -42,S
    669  3     D59E 8E   EEE3            LDX #$eee3
    670  5+1   D5A1 AF   E8 AE           STX -82,S
    671  2     D5A4 86   10              LDA #$10
    672  4+1   D5A6 A7   E8 88           STA -120,S
    673  3     D5A9 8E   EE32            LDX #$ee32
    674  5+1   D5AC AF   E8 86           STX -122,S
    675  4+4   D5AF 32   E9 FF60         LEAS -160,S
    676  2     D5B3 86   30              LDA #$30
    677  4+0   D5B5 A7   E4              STA ,S
    678  3     D5B7 8E   EE22            LDX #$ee22
    679  5+1   D5BA AF   7E              STX -2,S
    680  4+1   D5BC 32   E8 D9           LEAS -39,S
    681  2     D5BF 86   EE              LDA #$ee
    682  3     D5C1 8E   2288            LDX #$2288
    683  5+3   D5C4 34   12              PSHS X,A
    684  4+1   D5C6 32   E8 DB           LEAS -37,S
    685  2     D5C9 86   DE              LDA #$de
    686  3     D5CB 8E   2CB8            LDX #$2cb8
    687  5+3   D5CE 34   12              PSHS X,A
    688  3     D5D0 8E   DDCB            LDX #$ddcb
    689  5+1   D5D3 AF   E8 D9           STX -39,S
    690  2     D5D6 86   0E              LDA #$0e
    691  4+1   D5D8 A7   E8 D8           STA -40,S
    692  3     D5DB 8E   DBBA            LDX #$dbba
    693  5+1   D5DE AF   E8 B1           STX -79,S
    694  2     D5E1 86   08              LDA #$08
    695  4+1   D5E3 A7   E8 B0           STA -80,S
    696  4+1   D5E6 32   E8 8B           LEAS -117,S
    697  2     D5E9 86   E8              LDA #$e8
    698  3     D5EB 8E   BBDA            LDX #$bbda
    699  5+3   D5EE 34   12              PSHS X,A
    700  4+1   D5F0 32   E8 DB           LEAS -37,S
    701  2     D5F3 86   EE              LDA #$ee
    702  3     D5F5 8E   BBB8            LDX #$bbb8
    703  5+3   D5F8 34   12              PSHS X,A
    704  4+1   D5FA 32   E8 DB           LEAS -37,S
    705  2     D5FD 86   EE              LDA #$ee
    706  3     D5FF 8E   BBBE            LDX #$bbbe
    707  5+3   D602 34   12              PSHS X,A
    708  4+1   D604 32   E8 DB           LEAS -37,S
    709  2     D607 86   EE              LDA #$ee
    710  3     D609 8E   CDBD            LDX #$cdbd
    711  5+3   D60C 34   12              PSHS X,A
    712  2     D60E 86   B0              LDA #$b0
    713  4+1   D610 A7   E8 DA           STA -38,S
    714  3     D613 8E   DDBB            LDX #$ddbb
    715  5+1   D616 AF   E8 D8           STX -40,S
    716  2     D619 86   B0              LDA #$b0
    717  4+1   D61B A7   E8 B2           STA -78,S
    718  2     D61E 86   BB              LDA #$bb
    719  4+1   D620 A7   E8 B1           STA -79,S
    720  2     D623 86   0D              LDA #$0d
    721  4+1   D625 A7   E8 B0           STA -80,S
    722  2     D628 86   D0              LDA #$d0
    723  4+1   D62A A7   E8 8A           STA -118,S
    724  2     D62D 86   2D              LDA #$2d
    725  4+1   D62F A7   E8 89           STA -119,S
    726  4+4   D632 32   E9 FF62         LEAS -158,S
    727  2     D636 86   E0              LDA #$e0
    728  4+0   D638 A7   E4              STA ,S
    729  2     D63A 86   3B              LDA #$3b
    730  4+1   D63C A7   7F              STA -1,S
    731  2     D63E 86   0E              LDA #$0e
    732  4+1   D640 A7   7E              STA -2,S
    733  2     D642 86   E0              LDA #$e0
    734  4+1   D644 A7   E8 D8           STA -40,S
    735  2     D647 86   EB              LDA #$eb
    736  4+1   D649 A7   E8 D7           STA -41,S
    737  2     D64C 86   0E              LDA #$0e
    738  4+1   D64E A7   E8 D6           STA -42,S
    739  3     D651 8E   EDBB            LDX #$edbb
    740  5+1   D654 AF   E8 AE           STX -82,S
    741  3     D657 8E   DDDD            LDX #$dddd
    742  5+1   D65A AF   E8 86           STX -122,S
    743  4+4   D65D 32   E9 FF5F         LEAS -161,S
    744  2     D661 86   DD              LDA #$dd
    745  4+1   D663 A7   7F              STA -1,S
    746
    747        D665               ERASE_POS_HWR1_2
    748  4     D665 10CE 0000            LDS #$0000
    749  3     D669 CE   D7C5            LDU #ERASE_DATA_HWR1_2
    750        D66C               ERASE_CODE_HWR1_2
    751  4+1   D66C 32   7D              LEAS -3,S
    752  2     D66E 86   88              LDA #$88
    753  4+1   D670 A7   7F              STA -1,S
    754  2     D672 86   A1              LDA #$a1
    755  4+1   D674 A7   E8 D7           STA -41,S
    756  2     D677 86   B1              LDA #$b1
    757  4+1   D679 A7   E8 AF           STA -81,S
    758  2     D67C 86   B0              LDA #$b0
    759  4+1   D67E A7   E8 87           STA -121,S
    760  2     D681 86   01              LDA #$01
    761  4+1   D683 A7   E8 86           STA -122,S
    762  4+4   D686 32   E9 FF5F         LEAS -161,S
    763  2     D68A 86   B0              LDA #$b0
    764  4+0   D68C A7   E4              STA ,S
    765  2     D68E 86   01              LDA #$01
    766  4+1   D690 A7   7F              STA -1,S
    767  2     D692 86   8F              LDA #$8f
    768  4+1   D694 A7   E8 D9           STA -39,S
    769  2     D697 86   A0              LDA #$a0
    770  4+1   D699 A7   E8 D8           STA -40,S
    771  2     D69C 86   0F              LDA #$0f
    772  4+1   D69E A7   E8 D7           STA -41,S
    773  2     D6A1 86   A0              LDA #$a0
    774  4+1   D6A3 A7   E8 B0           STA -80,S
    775  2     D6A6 86   0F              LDA #$0f
    776  4+1   D6A8 A7   E8 AF           STA -81,S
    777  2     D6AB 86   02              LDA #$02
    778  4+1   D6AD A7   E8 89           STA -119,S
    779  2     D6B0 86   B8              LDA #$b8
    780  4+1   D6B2 A7   E8 88           STA -120,S
    781  2     D6B5 86   01              LDA #$01
    782  4+1   D6B7 A7   E8 87           STA -121,S
    783  4+4   D6BA 32   E9 FF61         LEAS -159,S
    784  2     D6BE 86   8F              LDA #$8f
    785  4+1   D6C0 A7   7F              STA -1,S
    786  2     D6C2 86   0A              LDA #$0a
    787  4+1   D6C4 A7   7E              STA -2,S
    788  2     D6C6 86   C0              LDA #$c0
    789  4+1   D6C8 A7   E8 D8           STA -40,S
    790  2     D6CB 86   F1              LDA #$f1
    791  4+1   D6CD A7   E8 D7           STA -41,S
    792  2     D6D0 86   0B              LDA #$0b
    793  4+1   D6D2 A7   E8 D6           STA -42,S
    794  3     D6D5 8E   BCF1            LDX #$bcf1
    795  5+1   D6D8 AF   E8 AE           STX -82,S
    796  3     D6DB 8E   ACFF            LDX #$acff
    797  5+1   D6DE AF   E8 86           STX -122,S
    798  4+4   D6E1 32   E9 FF60         LEAS -160,S
    799  3     D6E5 8E   ACFB            LDX #$acfb
    800  5+1   D6E8 AF   7E              STX -2,S
    801  3     D6EA 8E   BBBB            LDX #$bbbb
    802  5+1   D6ED AF   E8 D6           STX -42,S
    803  2     D6F0 86   8C              LDA #$8c
    804  4+1   D6F2 A7   E8 AF           STA -81,S
    805  2     D6F5 86   0C              LDA #$0c
    806  4+1   D6F7 A7   E8 AE           STA -82,S
    807  2     D6FA 86   A0              LDA #$a0
    808  4+1   D6FC A7   E8 88           STA -120,S
    809  2     D6FF 86   E8              LDA #$e8
    810  4+1   D701 A7   E8 87           STA -121,S
    811  2     D704 86   03              LDA #$03
    812  4+1   D706 A7   E8 86           STA -122,S
    813  4+4   D709 32   E9 FF60         LEAS -160,S
    814  2     D70D 86   B0              LDA #$b0
    815  4+0   D70F A7   E4              STA ,S
    816  2     D711 86   EE              LDA #$ee
    817  4+1   D713 A7   7F              STA -1,S
    818  2     D715 86   02              LDA #$02
    819  4+1   D717 A7   7E              STA -2,S
    820  2     D719 86   B0              LDA #$b0
    821  4+1   D71B A7   E8 D8           STA -40,S
    822  2     D71E 86   13              LDA #$13
    823  4+1   D720 A7   E8 D7           STA -41,S
    824  3     D723 8E   E831            LDX #$e831
    825  5+1   D726 AF   E8 AF           STX -81,S
    826  4+1   D729 32   E8 89           LEAS -119,S
    827  2     D72C 86   EE              LDA #$ee
    828  3     D72E 8E   EE22            LDX #$ee22
    829  5+3   D731 34   12              PSHS X,A
    830  4+1   D733 32   E8 DB           LEAS -37,S
    831  2     D736 86   DE              LDA #$de
    832  3     D738 8E   8E22            LDX #$8e22
    833  5+3   D73B 34   12              PSHS X,A
    834  3     D73D 8E   EEC2            LDX #$eec2
    835  5+1   D740 AF   E8 D9           STX -39,S
    836  2     D743 86   0D              LDA #$0d
    837  4+1   D745 A7   E8 D8           STA -40,S
    838  3     D748 8E   EDCC            LDX #$edcc
    839  5+1   D74B AF   E8 B1           STX -79,S
    840  3     D74E 8E   EDCA            LDX #$edca
    841  5+1   D751 AF   E8 89           STX -119,S
    842  4+4   D754 32   E9 FF63         LEAS -157,S
    843  3     D758 8E   EDCA            LDX #$edca
    844  5+1   D75B AF   7E              STX -2,S
    845  3     D75D 8E   DDCB            LDX #$ddcb
    846  5+1   D760 AF   E8 D6           STX -42,S
    847  4+1   D763 32   E8 B0           LEAS -80,S
    848  2     D766 86   EE              LDA #$ee
    849  3     D768 8E   DDC8            LDX #$ddc8
    850  5+3   D76B 34   12              PSHS X,A
    851  4+1   D76D 32   E8 DB           LEAS -37,S
    852  2     D770 86   DE              LDA #$de
    853  3     D772 8E   DBCD            LDX #$dbcd
    854  5+3   D775 34   12              PSHS X,A
    855  3     D777 8E   DDCB            LDX #$ddcb
    856  5+1   D77A AF   E8 D9           STX -39,S
    857  2     D77D 86   0D              LDA #$0d
    858  4+1   D77F A7   E8 D8           STA -40,S
    859  3     D782 8E   DEEB            LDX #$deeb
    860  5+1   D785 AF   E8 B1           STX -79,S
    861  3     D788 8E   D2BB            LDX #$d2bb
    862  5+1   D78B AF   E8 89           STX -119,S
    863  4+4   D78E 32   E9 FF63         LEAS -157,S
    864  3     D792 8E   D2BB            LDX #$d2bb
    865  5+1   D795 AF   7E              STX -2,S
    866  3     D797 8E   E2BB            LDX #$e2bb
    867  5+1   D79A AF   E8 D6           STX -42,S
    868  3     D79D 8E   DEBD            LDX #$debd
    869  5+1   D7A0 AF   E8 AE           STX -82,S
    870  2     D7A3 86   D0              LDA #$d0
    871  4+1   D7A5 A7   E8 87           STA -121,S
    872  2     D7A8 86   DE              LDA #$de
    873  4+1   D7AA A7   E8 86           STA -122,S
    874  4+4   D7AD 32   E9 FF5F         LEAS -161,S
    875  2     D7B1 86   DD              LDA #$dd
    876  4+1   D7B3 A7   7F              STA -1,S
    877  2     D7B5 86   0E              LDA #$0e
    878  4+1   D7B7 A7   7E              STA -2,S
    879  2     D7B9 86   DD              LDA #$dd
    880  4+1   D7BB A7   E8 D7           STA -41,S
    881
    882        D7BE               ERASE_SSAV_HWR1
    883  4     D7BE 10CE 0000            LDS #$0000
    884  5+3   D7C2 35   48              PULS U,DP
    885  5     D7C4 39                   RTS
    886
    887        D7C5               ERASE_DATA_HWR1_2
    888        D7C5               ERASE_DATA_HWR1_1

000000 Total Errors

000012 Total Symbols
     1x          Label D502 DATA_HWR1_1
     1x          Label D502 DATA_HWR1_2
     0x          Label CED0 DRAW_HWR1
    62x          Label D50F ERASE_CODE_HWR1_1
    61x          Label D66C ERASE_CODE_HWR1_2
     1x          Label D7C5 ERASE_DATA_HWR1_1
     1x          Label D7C5 ERASE_DATA_HWR1_2
     0x          Label D502 ERASE_HWR1
     1x          Label D508 ERASE_POS_HWR1_1
     1x          Label D665 ERASE_POS_HWR1_2
     1x          Label D7BE ERASE_SSAV_HWR1
     1x          Label D4FB SSAV_HWR1

