/*--------------------------------------------------------------*
 * Compilé avec C6809 v0.83                                     *
 *--------------------------------------------------------------*
 * Fichier source      : TMP.ASS
 * Fichier destination : TMP.BIN
 * Contenu :
 *     Main     0:TMP.ASS      15118
 *--------------------------------------------------------------*/

Macro Pass
Pass1
Pass2
      2        BE9E                      ORG $BE9E
      3        BE9E               DRAW_HWR8
      4  5+3   BE9E 34   48              PSHS U,DP
      5  7     BEA0 10FF C50F            STS SSAV_HWR8+2
      6
      7  7     BEA4 10FE 9F00            LDS $9F00
      8  7     BEA8 10FF C51C            STS ERASE_POS_HWR8_1+2
      9  3     BEAC CE   C514            LDU #DATA_HWR8_1
     10
     11  4+1   BEAF 32   7C              LEAS -4,S
     12  4+1   BEB1 A6   7F              LDA -1,S
     13  5     BEB3 B7   C524            STA ERASE_CODE_HWR8_1+3
     14  2     BEB6 86   00              LDA #$00
     15  4+1   BEB8 A7   7F              STA -1,S
     16  4+1   BEBA A6   E8 D7           LDA -41,S
     17  5     BEBD B7   C528            STA ERASE_CODE_HWR8_1+7
     18  2     BEC0 86   FE              LDA #$fe
     19  4+1   BEC2 A7   E8 D7           STA -41,S
     20  4+1   BEC5 A6   E8 AF           LDA -81,S
     21  5     BEC8 B7   C52D            STA ERASE_CODE_HWR8_1+12
     22  2     BECB 86   FF              LDA #$ff
     23  4+1   BECD A7   E8 AF           STA -81,S
     24  4+1   BED0 A6   E8 87           LDA -121,S
     25  5     BED3 B7   C532            STA ERASE_CODE_HWR8_1+17
     26  2     BED6 86   FE              LDA #$fe
     27  4+1   BED8 A7   E8 87           STA -121,S
     28  4+4   BEDB 32   E9 FF60         LEAS -160,S
     29  4+1   BEDF A6   7F              LDA -1,S
     30  5     BEE1 B7   C53B            STA ERASE_CODE_HWR8_1+26
     31  2     BEE4 86   FE              LDA #$fe
     32  4+1   BEE6 A7   7F              STA -1,S
     33  4+1   BEE8 A6   E8 D7           LDA -41,S
     34  5     BEEB B7   C53F            STA ERASE_CODE_HWR8_1+30
     35  2     BEEE 86   01              LDA #$01
     36  4+1   BEF0 A7   E8 D7           STA -41,S
     37  4+1   BEF3 A6   E8 B2           LDA -78,S
     38  5     BEF6 B7   C544            STA ERASE_CODE_HWR8_1+35
     39  2     BEF9 86   0F              LDA #$0f
     40  4+1   BEFB A7   E8 B2           STA -78,S
     41  4+1   BEFE A6   E8 AF           LDA -81,S
     42  5     BF01 B7   C549            STA ERASE_CODE_HWR8_1+40
     43  2     BF04 86   52              LDA #$52
     44  4+1   BF06 A7   E8 AF           STA -81,S
     45  4+1   BF09 A6   E8 8A           LDA -118,S
     46  5     BF0C B7   C54E            STA ERASE_CODE_HWR8_1+45
     47  2     BF0F 86   00              LDA #$00
     48  4+1   BF11 A7   E8 8A           STA -118,S
     49  4+1   BF14 A6   E8 88           LDA -120,S
     50  5     BF17 B7   C558            STA ERASE_CODE_HWR8_1+55
     51  2     BF1A 86   0F              LDA  #$0F
     52  4+1   BF1C A4   E8 88           ANDA -120,S
     53  2     BF1F 8B   20              ADDA #$20
     54  4+1   BF21 A7   E8 88           STA -120,S
     55  4+1   BF24 A6   E8 87           LDA -121,S
     56  5     BF27 B7   C55D            STA ERASE_CODE_HWR8_1+60
     57  2     BF2A 86   52              LDA #$52
     58  4+1   BF2C A7   E8 87           STA -121,S
     59  4+4   BF2F 32   E9 FF63         LEAS -157,S
     60  4+0   BF33 A6   E4              LDA ,S
     61  5     BF35 B7   C56A            STA ERASE_CODE_HWR8_1+73
     62  2     BF38 86   0F              LDA  #$0F
     63  4+0   BF3A A4   E4              ANDA ,S
     64  2     BF3C 8B   00              ADDA #$00
     65  4+0   BF3E A7   E4              STA ,S
     66  4+1   BF40 A6   7F              LDA -1,S
     67  5     BF42 B7   C56E            STA ERASE_CODE_HWR8_1+77
     68  2     BF45 86   F0              LDA #$f0
     69  4+1   BF47 A7   7F              STA -1,S
     70  4+1   BF49 A6   7D              LDA -3,S
     71  5     BF4B B7   C572            STA ERASE_CODE_HWR8_1+81
     72  2     BF4E 86   88              LDA #$88
     73  4+1   BF50 A7   7D              STA -3,S
     74  4+1   BF52 A6   7C              LDA -4,S
     75  5     BF54 B7   C57A            STA ERASE_CODE_HWR8_1+89
     76  2     BF57 86   F0              LDA  #$F0
     77  4+1   BF59 A4   7C              ANDA -4,S
     78  2     BF5B 8B   0F              ADDA #$0f
     79  4+1   BF5D A7   7C              STA -4,S
     80  4+1   BF5F A6   E8 D8           LDA -40,S
     81  5     BF62 B7   C583            STA ERASE_CODE_HWR8_1+98
     82  2     BF65 86   0F              LDA  #$0F
     83  4+1   BF67 A4   E8 D8           ANDA -40,S
     84  2     BF6A 8B   00              ADDA #$00
     85  4+1   BF6C A7   E8 D8           STA -40,S
     86  4+1   BF6F A6   E8 D7           LDA -41,S
     87  5     BF72 B7   C588            STA ERASE_CODE_HWR8_1+103
     88  2     BF75 86   FF              LDA #$ff
     89  4+1   BF77 A7   E8 D7           STA -41,S
     90  4+1   BF7A A6   E8 D5           LDA -43,S
     91  5     BF7D B7   C58D            STA ERASE_CODE_HWR8_1+108
     92  2     BF80 86   66              LDA #$66
     93  4+1   BF82 A7   E8 D5           STA -43,S
     94  4+1   BF85 A6   E8 D4           LDA -44,S
     95  5     BF88 B7   C597            STA ERASE_CODE_HWR8_1+118
     96  2     BF8B 86   F0              LDA  #$F0
     97  4+1   BF8D A4   E8 D4           ANDA -44,S
     98  2     BF90 8B   0F              ADDA #$0f
     99  4+1   BF92 A7   E8 D4           STA -44,S
    100  4+1   BF95 A6   E8 B0           LDA -80,S
    101  5     BF98 B7   C5A1            STA ERASE_CODE_HWR8_1+128
    102  2     BF9B 86   0F              LDA  #$0F
    103  4+1   BF9D A4   E8 B0           ANDA -80,S
    104  2     BFA0 8B   E0              ADDA #$e0
    105  4+1   BFA2 A7   E8 B0           STA -80,S
    106  4+1   BFA5 A6   E8 AF           LDA -81,S
    107  5     BFA8 B7   C5A6            STA ERASE_CODE_HWR8_1+133
    108  2     BFAB 86   FF              LDA #$ff
    109  4+1   BFAD A7   E8 AF           STA -81,S
    110  4+1   BFB0 A6   E8 AD           LDA -83,S
    111  5     BFB3 B7   C5AB            STA ERASE_CODE_HWR8_1+138
    112  2     BFB6 86   27              LDA #$27
    113  4+1   BFB8 A7   E8 AD           STA -83,S
    114  4+1   BFBB A6   E8 AC           LDA -84,S
    115  5     BFBE B7   C5B5            STA ERASE_CODE_HWR8_1+148
    116  2     BFC1 86   F0              LDA  #$F0
    117  4+1   BFC3 A4   E8 AC           ANDA -84,S
    118  2     BFC6 8B   0E              ADDA #$0e
    119  4+1   BFC8 A7   E8 AC           STA -84,S
    120  5+1   BFCB AE   E8 86           LDX -122,S
    121  6     BFCE BF   C5BA            STX ERASE_CODE_HWR8_1+153
    122  3     BFD1 8E   802E            LDX #$802e
    123  5+1   BFD4 AF   E8 86           STX -122,S
    124  4+4   BFD7 32   E9 FF5F         LEAS -161,S
    125  4+1   BFDB A6   7F              LDA -1,S
    126  5     BFDD B7   C5C4            STA ERASE_CODE_HWR8_1+163
    127  2     BFE0 86   D9              LDA #$d9
    128  4+1   BFE2 A7   7F              STA -1,S
    129  4+1   BFE4 A6   7E              LDA -2,S
    130  5     BFE6 B7   C5CC            STA ERASE_CODE_HWR8_1+171
    131  2     BFE9 86   0F              LDA  #$0F
    132  4+1   BFEB A4   7E              ANDA -2,S
    133  2     BFED 8B   80              ADDA #$80
    134  4+1   BFEF A7   7E              STA -2,S
    135  5+1   BFF1 AE   E8 D6           LDX -42,S
    136  6     BFF4 BF   C5D0            STX ERASE_CODE_HWR8_1+175
    137  3     BFF7 8E   980D            LDX #$980d
    138  5+1   BFFA AF   E8 D6           STX -42,S
    139  4+1   BFFD A6   E8 B0           LDA -80,S
    140  5     C000 B7   C5DB            STA ERASE_CODE_HWR8_1+186
    141  2     C003 86   0F              LDA  #$0F
    142  4+1   C005 A4   E8 B0           ANDA -80,S
    143  2     C008 8B   40              ADDA #$40
    144  4+1   C00A A7   E8 B0           STA -80,S
    145  5+1   C00D AE   E8 AE           LDX -82,S
    146  6     C010 BF   C5E0            STX ERASE_CODE_HWR8_1+191
    147  3     C013 8E   89D2            LDX #$89d2
    148  5+1   C016 AF   E8 AE           STX -82,S
    149  4+1   C019 A6   E8 88           LDA -120,S
    150  5     C01C B7   C5EB            STA ERASE_CODE_HWR8_1+202
    151  2     C01F 86   0F              LDA  #$0F
    152  4+1   C021 A4   E8 88           ANDA -120,S
    153  2     C024 8B   20              ADDA #$20
    154  4+1   C026 A7   E8 88           STA -120,S
    155  5+1   C029 AE   E8 86           LDX -122,S
    156  6     C02C BF   C5F0            STX ERASE_CODE_HWR8_1+207
    157  3     C02F 8E   79C4            LDX #$79c4
    158  5+1   C032 AF   E8 86           STX -122,S
    159  4+4   C035 32   E9 FF60         LEAS -160,S
    160  4+0   C039 A6   E4              LDA ,S
    161  5     C03B B7   C5FE            STA ERASE_CODE_HWR8_1+221
    162  2     C03E 86   0F              LDA  #$0F
    163  4+0   C040 A4   E4              ANDA ,S
    164  2     C042 8B   10              ADDA #$10
    165  4+0   C044 A7   E4              STA ,S
    166  5+1   C046 AE   7E              LDX -2,S
    167  6     C048 BF   C602            STX ERASE_CODE_HWR8_1+225
    168  3     C04B 8E   5904            LDX #$5904
    169  5+1   C04E AF   7E              STX -2,S
    170  4+1   C050 A6   E8 D8           LDA -40,S
    171  5     C053 B7   C60C            STA ERASE_CODE_HWR8_1+235
    172  2     C056 86   0F              LDA  #$0F
    173  4+1   C058 A4   E8 D8           ANDA -40,S
    174  2     C05B 8B   20              ADDA #$20
    175  4+1   C05D A7   E8 D8           STA -40,S
    176  5+1   C060 AE   E8 D6           LDX -42,S
    177  6     C063 BF   C611            STX ERASE_CODE_HWR8_1+240
    178  3     C066 8E   49F4            LDX #$49f4
    179  5+1   C069 AF   E8 D6           STX -42,S
    180  5+1   C06C AE   E8 AE           LDX -82,S
    181  6     C06F BF   C617            STX ERASE_CODE_HWR8_1+246
    182  3     C072 8E   8002            LDX #$8002
    183  5+1   C075 AF   E8 AE           STX -82,S
    184  4+1   C078 A6   E8 88           LDA -120,S
    185  5     C07B B7   C622            STA ERASE_CODE_HWR8_1+257
    186  2     C07E 86   0F              LDA  #$0F
    187  4+1   C080 A4   E8 88           ANDA -120,S
    188  2     C083 8B   F0              ADDA #$f0
    189  4+1   C085 A7   E8 88           STA -120,S
    190  5+1   C088 AE   E8 86           LDX -122,S
    191  6     C08B BF   C627            STX ERASE_CODE_HWR8_1+262
    192  3     C08E 8E   999C            LDX #$999c
    193  5+1   C091 AF   E8 86           STX -122,S
    194  4+4   C094 32   E9 FF60         LEAS -160,S
    195  4+0   C098 A6   E4              LDA ,S
    196  5     C09A B7   C635            STA ERASE_CODE_HWR8_1+276
    197  2     C09D 86   0F              LDA  #$0F
    198  4+0   C09F A4   E4              ANDA ,S
    199  2     C0A1 8B   C0              ADDA #$c0
    200  4+0   C0A3 A7   E4              STA ,S
    201  5+1   C0A5 AE   7E              LDX -2,S
    202  6     C0A7 BF   C639            STX ERASE_CODE_HWR8_1+280
    203  3     C0AA 8E   89DB            LDX #$89db
    204  5+1   C0AD AF   7E              STX -2,S
    205  4+1   C0AF 32   E8 D6           LEAS -42,S
    206  5+3   C0B2 35   12              PULS A,X
    207  5     C0B4 B7   C641            STA ERASE_CODE_HWR8_1+288
    208  6     C0B7 BF   C643            STX ERASE_CODE_HWR8_1+290
    209  2     C0BA 86   77              LDA #$77
    210  3     C0BC 8E   DBB0            LDX #$dbb0
    211  5+3   C0BF 34   12              PSHS X,A
    212  4+1   C0C1 32   E8 D8           LEAS -40,S
    213  5+3   C0C4 35   12              PULS A,X
    214  5     C0C6 B7   C64B            STA ERASE_CODE_HWR8_1+298
    215  6     C0C9 BF   C64D            STX ERASE_CODE_HWR8_1+300
    216  2     C0CC 86   77              LDA #$77
    217  3     C0CE 8E   7AA5            LDX #$7aa5
    218  5+3   C0D1 34   12              PSHS X,A
    219  5+1   C0D3 AE   E8 D9           LDX -39,S
    220  6     C0D6 BF   C652            STX ERASE_CODE_HWR8_1+305
    221  3     C0D9 8E   6654            LDX #$6654
    222  5+1   C0DC AF   E8 D9           STX -39,S
    223  4+1   C0DF A6   E8 D8           LDA -40,S
    224  5     C0E2 B7   C65D            STA ERASE_CODE_HWR8_1+316
    225  2     C0E5 86   F0              LDA  #$F0
    226  4+1   C0E7 A4   E8 D8           ANDA -40,S
    227  2     C0EA 8B   08              ADDA #$08
    228  4+1   C0EC A7   E8 D8           STA -40,S
    229  4+1   C0EF A6   E8 B2           LDA -78,S
    230  5     C0F2 B7   C667            STA ERASE_CODE_HWR8_1+326
    231  2     C0F5 86   0F              LDA  #$0F
    232  4+1   C0F7 A4   E8 B2           ANDA -78,S
    233  2     C0FA 8B   50              ADDA #$50
    234  4+1   C0FC A7   E8 B2           STA -78,S
    235  5+1   C0FF AE   E8 B0           LDX -80,S
    236  6     C102 BF   C66C            STX ERASE_CODE_HWR8_1+331
    237  3     C105 8E   8966            LDX #$8966
    238  5+1   C108 AF   E8 B0           STX -80,S
    239  4+1   C10B 32   E8 88           LEAS -120,S
    240  5+3   C10E 35   12              PULS A,X
    241  5     C110 B7   C675            STA ERASE_CODE_HWR8_1+340
    242  6     C113 BF   C677            STX ERASE_CODE_HWR8_1+342
    243  2     C116 86   98              LDA #$98
    244  3     C118 8E   6646            LDX #$6646
    245  5+3   C11B 34   12              PSHS X,A
    246  4+1   C11D A6   7F              LDA -1,S
    247  5     C11F B7   C680            STA ERASE_CODE_HWR8_1+351
    248  2     C122 86   F0              LDA  #$F0
    249  4+1   C124 A4   7F              ANDA -1,S
    250  2     C126 8B   08              ADDA #$08
    251  4+1   C128 A7   7F              STA -1,S
    252  4+1   C12A 32   E8 D8           LEAS -40,S
    253  5+3   C12D 35   12              PULS A,X
    254  5     C12F B7   C687            STA ERASE_CODE_HWR8_1+358
    255  6     C132 BF   C689            STX ERASE_CODE_HWR8_1+360
    256  2     C135 86   97              LDA #$97
    257  3     C137 8E   3606            LDX #$3606
    258  5+3   C13A 34   12              PSHS X,A
    259  4+1   C13C 32   E8 D8           LEAS -40,S
    260  5+3   C13F 35   12              PULS A,X
    261  5     C141 B7   C691            STA ERASE_CODE_HWR8_1+368
    262  6     C144 BF   C693            STX ERASE_CODE_HWR8_1+370
    263  2     C147 86   87              LDA #$87
    264  3     C149 8E   1676            LDX #$1676
    265  5+3   C14C 34   12              PSHS X,A
    266  4+1   C14E 32   E8 D8           LEAS -40,S
    267  5+3   C151 35   12              PULS A,X
    268  5     C153 B7   C69B            STA ERASE_CODE_HWR8_1+378
    269  6     C156 BF   C69D            STX ERASE_CODE_HWR8_1+380
    270  2     C159 86   77              LDA #$77
    271  3     C15B 8E   3636            LDX #$3636
    272  5+3   C15E 34   12              PSHS X,A
    273  4+1   C160 A6   E8 DA           LDA -38,S
    274  5     C163 B7   C6A7            STA ERASE_CODE_HWR8_1+390
    275  2     C166 86   0F              LDA  #$0F
    276  4+1   C168 A4   E8 DA           ANDA -38,S
    277  2     C16B 8B   30              ADDA #$30
    278  4+1   C16D A7   E8 DA           STA -38,S
    279  5+1   C170 AE   E8 D8           LDX -40,S
    280  6     C173 BF   C6AC            STX ERASE_CODE_HWR8_1+395
    281  3     C176 8E   7786            LDX #$7786
    282  5+1   C179 AF   E8 D8           STX -40,S
    283  4+1   C17C A6   E8 B2           LDA -78,S
    284  5     C17F B7   C6B7            STA ERASE_CODE_HWR8_1+406
    285  2     C182 86   0F              LDA  #$0F
    286  4+1   C184 A4   E8 B2           ANDA -78,S
    287  2     C187 8B   60              ADDA #$60
    288  4+1   C189 A7   E8 B2           STA -78,S
    289  4+1   C18C A6   E8 B1           LDA -79,S
    290  5     C18F B7   C6BC            STA ERASE_CODE_HWR8_1+411
    291  2     C192 86   9B              LDA #$9b
    292  4+1   C194 A7   E8 B1           STA -79,S
    293  4+1   C197 A6   E8 B0           LDA -80,S
    294  5     C19A B7   C6C6            STA ERASE_CODE_HWR8_1+421
    295  2     C19D 86   F0              LDA  #$F0
    296  4+1   C19F A4   E8 B0           ANDA -80,S
    297  2     C1A2 8B   07              ADDA #$07
    298  4+1   C1A4 A7   E8 B0           STA -80,S
    299  4+1   C1A7 A6   E8 8A           LDA -118,S
    300  5     C1AA B7   C6D0            STA ERASE_CODE_HWR8_1+431
    301  2     C1AD 86   0F              LDA  #$0F
    302  4+1   C1AF A4   E8 8A           ANDA -118,S
    303  2     C1B2 8B   60              ADDA #$60
    304  4+1   C1B4 A7   E8 8A           STA -118,S
    305  4+1   C1B7 A6   E8 89           LDA -119,S
    306  5     C1BA B7   C6D5            STA ERASE_CODE_HWR8_1+436
    307  2     C1BD 86   9B              LDA #$9b
    308  4+1   C1BF A7   E8 89           STA -119,S
    309  4+4   C1C2 32   E9 FF62         LEAS -158,S
    310  4+0   C1C6 A6   E4              LDA ,S
    311  5     C1C8 B7   C6E2            STA ERASE_CODE_HWR8_1+449
    312  2     C1CB 86   0F              LDA  #$0F
    313  4+0   C1CD A4   E4              ANDA ,S
    314  2     C1CF 8B   60              ADDA #$60
    315  4+0   C1D1 A7   E4              STA ,S
    316  4+1   C1D3 A6   7F              LDA -1,S
    317  5     C1D5 B7   C6E6            STA ERASE_CODE_HWR8_1+453
    318  2     C1D8 86   8B              LDA #$8b
    319  4+1   C1DA A7   7F              STA -1,S
    320  4+1   C1DC A6   7E              LDA -2,S
    321  5     C1DE B7   C6EE            STA ERASE_CODE_HWR8_1+461
    322  2     C1E1 86   F0              LDA  #$F0
    323  4+1   C1E3 A4   7E              ANDA -2,S
    324  2     C1E5 8B   09              ADDA #$09
    325  4+1   C1E7 A7   7E              STA -2,S
    326  5+1   C1E9 AE   E8 D6           LDX -42,S
    327  6     C1EC BF   C6F2            STX ERASE_CODE_HWR8_1+465
    328  3     C1EF 8E   986C            LDX #$986c
    329  5+1   C1F2 AF   E8 D6           STX -42,S
    330  5+1   C1F5 AE   E8 AE           LDX -82,S
    331  6     C1F8 BF   C6F8            STX ERASE_CODE_HWR8_1+471
    332  3     C1FB 8E   8768            LDX #$8768
    333  5+1   C1FE AF   E8 AE           STX -82,S
    334  5+1   C201 AE   E8 86           LDX -122,S
    335  6     C204 BF   C6FE            STX ERASE_CODE_HWR8_1+477
    336  3     C207 8E   6666            LDX #$6666
    337  5+1   C20A AF   E8 86           STX -122,S
    338  4+4   C20D 32   E9 FF5F         LEAS -161,S
    339  4+0   C211 A6   E4              LDA ,S
    340  5     C213 B7   C70C            STA ERASE_CODE_HWR8_1+491
    341  2     C216 86   0F              LDA  #$0F
    342  4+0   C218 A4   E4              ANDA ,S
    343  2     C21A 8B   60              ADDA #$60
    344  4+0   C21C A7   E4              STA ,S
    345  4+1   C21E A6   7F              LDA -1,S
    346  5     C220 B7   C714            STA ERASE_CODE_HWR8_1+499
    347  2     C223 86   F0              LDA  #$F0
    348  4+1   C225 A4   7F              ANDA -1,S
    349  2     C227 8B   06              ADDA #$06
    350  4+1   C229 A7   7F              STA -1,S
    351
    352  7     C22B 10FE 9F02            LDS $9F00+2
    353  7     C22F 10FF C719            STS ERASE_POS_HWR8_2+2
    354  3     C233 CE   C514            LDU #DATA_HWR8_2
    355
    356  4+1   C236 32   7B              LEAS -5,S
    357  4+0   C238 A6   E4              LDA ,S
    358  5     C23A B7   C725            STA ERASE_CODE_HWR8_2+7
    359  2     C23D 86   0F              LDA  #$0F
    360  4+0   C23F A4   E4              ANDA ,S
    361  2     C241 8B   00              ADDA #$00
    362  4+0   C243 A7   E4              STA ,S
    363  4+1   C245 A6   E8 D8           LDA -40,S
    364  5     C248 B7   C72E            STA ERASE_CODE_HWR8_2+16
    365  2     C24B 86   0F              LDA  #$0F
    366  4+1   C24D A4   E8 D8           ANDA -40,S
    367  2     C250 8B   B0              ADDA #$b0
    368  4+1   C252 A7   E8 D8           STA -40,S
    369  4+1   C255 A6   E8 B0           LDA -80,S
    370  5     C258 B7   C738            STA ERASE_CODE_HWR8_2+26
    371  2     C25B 86   0F              LDA  #$0F
    372  4+1   C25D A4   E8 B0           ANDA -80,S
    373  2     C260 8B   F0              ADDA #$f0
    374  4+1   C262 A7   E8 B0           STA -80,S
    375  4+1   C265 A6   E8 88           LDA -120,S
    376  5     C268 B7   C742            STA ERASE_CODE_HWR8_2+36
    377  2     C26B 86   0F              LDA  #$0F
    378  4+1   C26D A4   E8 88           ANDA -120,S
    379  2     C270 8B   E0              ADDA #$e0
    380  4+1   C272 A7   E8 88           STA -120,S
    381  4+4   C275 32   E9 FF60         LEAS -160,S
    382  4+0   C279 A6   E4              LDA ,S
    383  5     C27B B7   C74F            STA ERASE_CODE_HWR8_2+49
    384  2     C27E 86   0F              LDA  #$0F
    385  4+0   C280 A4   E4              ANDA ,S
    386  2     C282 8B   10              ADDA #$10
    387  4+0   C284 A7   E4              STA ,S
    388  4+1   C286 A6   E8 DA           LDA -38,S
    389  5     C289 B7   C753            STA ERASE_CODE_HWR8_2+53
    390  2     C28C 86   0F              LDA #$0f
    391  4+1   C28E A7   E8 DA           STA -38,S
    392  4+1   C291 A6   E8 D8           LDA -40,S
    393  5     C294 B7   C758            STA ERASE_CODE_HWR8_2+58
    394  2     C297 86   1F              LDA #$1f
    395  4+1   C299 A7   E8 D8           STA -40,S
    396  4+1   C29C A6   E8 B2           LDA -78,S
    397  5     C29F B7   C75D            STA ERASE_CODE_HWR8_2+63
    398  2     C2A2 86   00              LDA #$00
    399  4+1   C2A4 A7   E8 B2           STA -78,S
    400  4+1   C2A7 A6   E8 B0           LDA -80,S
    401  5     C2AA B7   C762            STA ERASE_CODE_HWR8_2+68
    402  2     C2AD 86   1E              LDA #$1e
    403  4+1   C2AF A7   E8 B0           STA -80,S
    404  4+1   C2B2 A6   E8 8B           LDA -117,S
    405  5     C2B5 B7   C76C            STA ERASE_CODE_HWR8_2+78
    406  2     C2B8 86   0F              LDA  #$0F
    407  4+1   C2BA A4   E8 8B           ANDA -117,S
    408  2     C2BD 8B   00              ADDA #$00
    409  4+1   C2BF A7   E8 8B           STA -117,S
    410  4+1   C2C2 A6   E8 8A           LDA -118,S
    411  5     C2C5 B7   C771            STA ERASE_CODE_HWR8_2+83
    412  2     C2C8 86   00              LDA #$00
    413  4+1   C2CA A7   E8 8A           STA -118,S
    414  4+1   C2CD A6   E8 88           LDA -120,S
    415  5     C2D0 B7   C776            STA ERASE_CODE_HWR8_2+88
    416  2     C2D3 86   E4              LDA #$e4
    417  4+1   C2D5 A7   E8 88           STA -120,S
    418  4+4   C2D8 32   E9 FF64         LEAS -156,S
    419  5+1   C2DC AE   7E              LDX -2,S
    420  6     C2DE BF   C77F            STX ERASE_CODE_HWR8_2+97
    421  3     C2E1 8E   0500            LDX #$0500
    422  5+1   C2E4 AF   7E              STX -2,S
    423  4+1   C2E6 A6   7C              LDA -4,S
    424  5     C2E8 B7   C784            STA ERASE_CODE_HWR8_2+102
    425  2     C2EB 86   F2              LDA #$f2
    426  4+1   C2ED A7   7C              STA -4,S
    427  5+1   C2EF AE   E8 D6           LDX -42,S
    428  6     C2F2 BF   C788            STX ERASE_CODE_HWR8_2+106
    429  3     C2F5 8E   04F0            LDX #$04f0
    430  5+1   C2F8 AF   E8 D6           STX -42,S
    431  4+1   C2FB A6   E8 D4           LDA -44,S
    432  5     C2FE B7   C78E            STA ERASE_CODE_HWR8_2+112
    433  2     C301 86   00              LDA #$00
    434  4+1   C303 A7   E8 D4           STA -44,S
    435  5+1   C306 AE   E8 AE           LDX -82,S
    436  6     C309 BF   C793            STX ERASE_CODE_HWR8_2+117
    437  3     C30C 8E   02FE            LDX #$02fe
    438  5+1   C30F AF   E8 AE           STX -82,S
    439  4+1   C312 A6   E8 AD           LDA -83,S
    440  5     C315 B7   C79E            STA ERASE_CODE_HWR8_2+128
    441  2     C318 86   0F              LDA  #$0F
    442  4+1   C31A A4   E8 AD           ANDA -83,S
    443  2     C31D 8B   80              ADDA #$80
    444  4+1   C31F A7   E8 AD           STA -83,S
    445  4+1   C322 A6   E8 AC           LDA -84,S
    446  5     C325 B7   C7A3            STA ERASE_CODE_HWR8_2+133
    447  2     C328 86   05              LDA #$05
    448  4+1   C32A A7   E8 AC           STA -84,S
    449  4+1   C32D A6   E8 87           LDA -121,S
    450  5     C330 B7   C7AD            STA ERASE_CODE_HWR8_2+143
    451  2     C333 86   0F              LDA  #$0F
    452  4+1   C335 A4   E8 87           ANDA -121,S
    453  2     C338 8B   E0              ADDA #$e0
    454  4+1   C33A A7   E8 87           STA -121,S
    455  4+1   C33D 32   E8 84           LEAS -124,S
    456  5+3   C340 35   12              PULS A,X
    457  5     C342 B7   C7B5            STA ERASE_CODE_HWR8_2+151
    458  6     C345 BF   C7B7            STX ERASE_CODE_HWR8_2+153
    459  2     C348 86   E4              LDA #$e4
    460  3     C34A 8E   6955            LDX #$6955
    461  5+3   C34D 34   12              PSHS X,A
    462  5+1   C34F AE   E8 D9           LDX -39,S
    463  6     C352 BF   C7BC            STX ERASE_CODE_HWR8_2+158
    464  3     C355 8E   8902            LDX #$8902
    465  5+1   C358 AF   E8 D9           STX -39,S
    466  4+1   C35B A6   E8 D8           LDA -40,S
    467  5     C35E B7   C7C7            STA ERASE_CODE_HWR8_2+169
    468  2     C361 86   F0              LDA  #$F0
    469  4+1   C363 A4   E8 D8           ANDA -40,S
    470  2     C366 8B   0E              ADDA #$0e
    471  4+1   C368 A7   E8 D8           STA -40,S
    472  5+1   C36B AE   E8 B1           LDX -79,S
    473  6     C36E BF   C7CC            STX ERASE_CODE_HWR8_2+174
    474  3     C371 8E   9D42            LDX #$9d42
    475  5+1   C374 AF   E8 B1           STX -79,S
    476  5+1   C377 AE   E8 89           LDX -119,S
    477  6     C37A BF   C7D2            STX ERASE_CODE_HWR8_2+180
    478  3     C37D 8E   DB21            LDX #$db21
    479  5+1   C380 AF   E8 89           STX -119,S
    480  4+4   C383 32   E9 FF63         LEAS -157,S
    481  5+1   C387 AE   7E              LDX -2,S
    482  6     C389 BF   C7DC            STX ERASE_CODE_HWR8_2+190
    483  3     C38C 8E   C911            LDX #$c911
    484  5+1   C38F AF   7E              STX -2,S
    485  5+1   C391 AE   E8 D6           LDX -42,S
    486  6     C394 BF   C7E1            STX ERASE_CODE_HWR8_2+195
    487  3     C397 8E   7011            LDX #$7011
    488  5+1   C39A AF   E8 D6           STX -42,S
    489  5+1   C39D AE   E8 AE           LDX -82,S
    490  6     C3A0 BF   C7E7            STX ERASE_CODE_HWR8_2+201
    491  3     C3A3 8E   8F41            LDX #$8f41
    492  5+1   C3A6 AF   E8 AE           STX -82,S
    493  4+1   C3A9 A6   E8 AD           LDA -83,S
    494  5     C3AC B7   C7F2            STA ERASE_CODE_HWR8_2+212
    495  2     C3AF 86   0F              LDA  #$0F
    496  4+1   C3B1 A4   E8 AD           ANDA -83,S
    497  2     C3B4 8B   80              ADDA #$80
    498  4+1   C3B6 A7   E8 AD           STA -83,S
    499  4+1   C3B9 32   E8 85           LEAS -123,S
    500  5+3   C3BC 35   12              PULS A,X
    501  5     C3BE B7   C7FA            STA ERASE_CODE_HWR8_2+220
    502  6     C3C1 BF   C7FC            STX ERASE_CODE_HWR8_2+222
    503  2     C3C4 86   78              LDA #$78
    504  3     C3C6 8E   9021            LDX #$9021
    505  5+3   C3C9 34   12              PSHS X,A
    506  5+1   C3CB AE   E8 D9           LDX -39,S
    507  6     C3CE BF   C801            STX ERASE_CODE_HWR8_2+227
    508  3     C3D1 8E   0942            LDX #$0942
    509  5+1   C3D4 AF   E8 D9           STX -39,S
    510  4+1   C3D7 A6   E8 D8           LDA -40,S
    511  5     C3DA B7   C80C            STA ERASE_CODE_HWR8_2+238
    512  2     C3DD 86   F0              LDA  #$F0
    513  4+1   C3DF A4   E8 D8           ANDA -40,S
    514  2     C3E2 8B   09              ADDA #$09
    515  4+1   C3E4 A7   E8 D8           STA -40,S
    516  5+1   C3E7 AE   E8 B1           LDX -79,S
    517  6     C3EA BF   C811            STX ERASE_CODE_HWR8_2+243
    518  3     C3ED 8E   99BB            LDX #$99bb
    519  5+1   C3F0 AF   E8 B1           STX -79,S
    520  4+1   C3F3 A6   E8 B0           LDA -80,S
    521  5     C3F6 B7   C81C            STA ERASE_CODE_HWR8_2+254
    522  2     C3F9 86   F0              LDA  #$F0
    523  4+1   C3FB A4   E8 B0           ANDA -80,S
    524  2     C3FE 8B   08              ADDA #$08
    525  4+1   C400 A7   E8 B0           STA -80,S
    526  5+1   C403 AE   E8 89           LDX -119,S
    527  6     C406 BF   C821            STX ERASE_CODE_HWR8_2+259
    528  3     C409 8E   981A            LDX #$981a
    529  5+1   C40C AF   E8 89           STX -119,S
    530  4+1   C40F A6   E8 88           LDA -120,S
    531  5     C412 B7   C82C            STA ERASE_CODE_HWR8_2+270
    532  2     C415 86   F0              LDA  #$F0
    533  4+1   C417 A4   E8 88           ANDA -120,S
    534  2     C41A 8B   07              ADDA #$07
    535  4+1   C41C A7   E8 88           STA -120,S
    536  4+4   C41F 32   E9 FF63         LEAS -157,S
    537  5+1   C423 AE   7E              LDX -2,S
    538  6     C425 BF   C835            STX ERASE_CODE_HWR8_2+279
    539  3     C428 8E   9761            LDX #$9761
    540  5+1   C42B AF   7E              STX -2,S
    541  5+1   C42D AE   E8 D6           LDX -42,S
    542  6     C430 BF   C83A            STX ERASE_CODE_HWR8_2+284
    543  3     C433 8E   7761            LDX #$7761
    544  5+1   C436 AF   E8 D6           STX -42,S
    545  5+1   C439 AE   E8 AE           LDX -82,S
    546  6     C43C BF   C840            STX ERASE_CODE_HWR8_2+290
    547  3     C43F 8E   7721            LDX #$7721
    548  5+1   C442 AF   E8 AE           STX -82,S
    549  4+1   C445 32   E8 85           LEAS -123,S
    550  5+3   C448 35   12              PULS A,X
    551  5     C44A B7   C849            STA ERASE_CODE_HWR8_2+299
    552  6     C44D BF   C84B            STX ERASE_CODE_HWR8_2+301
    553  2     C450 86   99              LDA #$99
    554  3     C452 8E   7721            LDX #$7721
    555  5+3   C455 34   12              PSHS X,A
    556  4+1   C457 32   E8 D8           LEAS -40,S
    557  5+3   C45A 35   12              PULS A,X
    558  5     C45C B7   C853            STA ERASE_CODE_HWR8_2+309
    559  6     C45F BF   C855            STX ERASE_CODE_HWR8_2+311
    560  2     C462 86   88              LDA #$88
    561  3     C464 8E   7621            LDX #$7621
    562  5+3   C467 34   12              PSHS X,A
    563  4+1   C469 32   E8 D8           LEAS -40,S
    564  5+3   C46C 35   12              PULS A,X
    565  5     C46E B7   C85D            STA ERASE_CODE_HWR8_2+319
    566  6     C471 BF   C85F            STX ERASE_CODE_HWR8_2+321
    567  2     C474 86   77              LDA #$77
    568  3     C476 8E   7661            LDX #$7661
    569  5+3   C479 34   12              PSHS X,A
    570  5+1   C47B AE   E8 D9           LDX -39,S
    571  6     C47E BF   C864            STX ERASE_CODE_HWR8_2+326
    572  3     C481 8E   7661            LDX #$7661
    573  5+1   C484 AF   E8 D9           STX -39,S
    574  4+1   C487 A6   E8 D8           LDA -40,S
    575  5     C48A B7   C86F            STA ERASE_CODE_HWR8_2+337
    576  2     C48D 86   F0              LDA  #$F0
    577  4+1   C48F A4   E8 D8           ANDA -40,S
    578  2     C492 8B   07              ADDA #$07
    579  4+1   C494 A7   E8 D8           STA -40,S
    580  5+1   C497 AE   E8 B1           LDX -79,S
    581  6     C49A BF   C874            STX ERASE_CODE_HWR8_2+342
    582  3     C49D 8E   7738            LDX #$7738
    583  5+1   C4A0 AF   E8 B1           STX -79,S
    584  5+1   C4A3 AE   E8 89           LDX -119,S
    585  6     C4A6 BF   C87A            STX ERASE_CODE_HWR8_2+348
    586  3     C4A9 8E   7763            LDX #$7763
    587  5+1   C4AC AF   E8 89           STX -119,S
    588  4+4   C4AF 32   E9 FF63         LEAS -157,S
    589  5+1   C4B3 AE   7E              LDX -2,S
    590  6     C4B5 BF   C884            STX ERASE_CODE_HWR8_2+358
    591  3     C4B8 8E   87D3            LDX #$87d3
    592  5+1   C4BB AF   7E              STX -2,S
    593  5+1   C4BD AE   E8 D6           LDX -42,S
    594  6     C4C0 BF   C889            STX ERASE_CODE_HWR8_2+363
    595  3     C4C3 8E   97D3            LDX #$97d3
    596  5+1   C4C6 AF   E8 D6           STX -42,S
    597  5+1   C4C9 AE   E8 AE           LDX -82,S
    598  6     C4CC BF   C88F            STX ERASE_CODE_HWR8_2+369
    599  3     C4CF 8E   8786            LDX #$8786
    600  5+1   C4D2 AF   E8 AE           STX -82,S
    601  4+1   C4D5 32   E8 85           LEAS -123,S
    602  5+3   C4D8 35   12              PULS A,X
    603  5     C4DA B7   C898            STA ERASE_CODE_HWR8_2+378
    604  6     C4DD BF   C89A            STX ERASE_CODE_HWR8_2+380
    605  2     C4E0 86   88              LDA #$88
    606  3     C4E2 8E   7688            LDX #$7688
    607  5+3   C4E5 34   12              PSHS X,A
    608  4+1   C4E7 A6   E8 D9           LDA -39,S
    609  5     C4EA B7   C89F            STA ERASE_CODE_HWR8_2+385
    610  2     C4ED 86   66              LDA #$66
    611  4+1   C4EF A7   E8 D9           STA -39,S
    612  4+1   C4F2 A6   E8 D8           LDA -40,S
    613  5     C4F5 B7   C8A9            STA ERASE_CODE_HWR8_2+395
    614  2     C4F8 86   F0              LDA  #$F0
    615  4+1   C4FA A4   E8 D8           ANDA -40,S
    616  2     C4FD 8B   07              ADDA #$07
    617  4+1   C4FF A7   E8 D8           STA -40,S
    618  4+1   C502 A6   E8 B1           LDA -79,S
    619  5     C505 B7   C8AE            STA ERASE_CODE_HWR8_2+400
    620  2     C508 86   66              LDA #$66
    621  4+1   C50A A7   E8 B1           STA -79,S
    622
    623        C50D               SSAV_HWR8
    624  4     C50D 10CE 0000            LDS #$0000
    625  5+3   C511 35   48              PULS U,DP
    626  5     C513 39                   RTS
    627
    628        C514               DATA_HWR8_2
    629        C514               DATA_HWR8_1
    630        C514               ERASE_HWR8
    631  5+3   C514 34   48              PSHS U,DP
    632  7     C516 10FF C8B4            STS ERASE_SSAV_HWR8+2
    633
    634        C51A               ERASE_POS_HWR8_1
    635  4     C51A 10CE 0000            LDS #$0000
    636  3     C51E CE   C8B9            LDU #ERASE_DATA_HWR8_1
    637        C521               ERASE_CODE_HWR8_1
    638  4+1   C521 32   7C              LEAS -4,S
    639  2     C523 86   00              LDA #$00
    640  4+1   C525 A7   7F              STA -1,S
    641  2     C527 86   FE              LDA #$fe
    642  4+1   C529 A7   E8 D7           STA -41,S
    643  2     C52C 86   FF              LDA #$ff
    644  4+1   C52E A7   E8 AF           STA -81,S
    645  2     C531 86   FE              LDA #$fe
    646  4+1   C533 A7   E8 87           STA -121,S
    647  4+4   C536 32   E9 FF60         LEAS -160,S
    648  2     C53A 86   FE              LDA #$fe
    649  4+1   C53C A7   7F              STA -1,S
    650  2     C53E 86   01              LDA #$01
    651  4+1   C540 A7   E8 D7           STA -41,S
    652  2     C543 86   0F              LDA #$0f
    653  4+1   C545 A7   E8 B2           STA -78,S
    654  2     C548 86   52              LDA #$52
    655  4+1   C54A A7   E8 AF           STA -81,S
    656  2     C54D 86   00              LDA #$00
    657  4+1   C54F A7   E8 8A           STA -118,S
    658  2     C552 86   0F              LDA  #$0F
    659  4+1   C554 A4   E8 88           ANDA -120,S
    660  2     C557 8B   20              ADDA #$20
    661  4+1   C559 A7   E8 88           STA -120,S
    662  2     C55C 86   52              LDA #$52
    663  4+1   C55E A7   E8 87           STA -121,S
    664  4+4   C561 32   E9 FF63         LEAS -157,S
    665  2     C565 86   0F              LDA  #$0F
    666  4+0   C567 A4   E4              ANDA ,S
    667  2     C569 8B   00              ADDA #$00
    668  4+0   C56B A7   E4              STA ,S
    669  2     C56D 86   F0              LDA #$f0
    670  4+1   C56F A7   7F              STA -1,S
    671  2     C571 86   88              LDA #$88
    672  4+1   C573 A7   7D              STA -3,S
    673  2     C575 86   F0              LDA  #$F0
    674  4+1   C577 A4   7C              ANDA -4,S
    675  2     C579 8B   0F              ADDA #$0f
    676  4+1   C57B A7   7C              STA -4,S
    677  2     C57D 86   0F              LDA  #$0F
    678  4+1   C57F A4   E8 D8           ANDA -40,S
    679  2     C582 8B   00              ADDA #$00
    680  4+1   C584 A7   E8 D8           STA -40,S
    681  2     C587 86   FF              LDA #$ff
    682  4+1   C589 A7   E8 D7           STA -41,S
    683  2     C58C 86   66              LDA #$66
    684  4+1   C58E A7   E8 D5           STA -43,S
    685  2     C591 86   F0              LDA  #$F0
    686  4+1   C593 A4   E8 D4           ANDA -44,S
    687  2     C596 8B   0F              ADDA #$0f
    688  4+1   C598 A7   E8 D4           STA -44,S
    689  2     C59B 86   0F              LDA  #$0F
    690  4+1   C59D A4   E8 B0           ANDA -80,S
    691  2     C5A0 8B   E0              ADDA #$e0
    692  4+1   C5A2 A7   E8 B0           STA -80,S
    693  2     C5A5 86   FF              LDA #$ff
    694  4+1   C5A7 A7   E8 AF           STA -81,S
    695  2     C5AA 86   27              LDA #$27
    696  4+1   C5AC A7   E8 AD           STA -83,S
    697  2     C5AF 86   F0              LDA  #$F0
    698  4+1   C5B1 A4   E8 AC           ANDA -84,S
    699  2     C5B4 8B   0E              ADDA #$0e
    700  4+1   C5B6 A7   E8 AC           STA -84,S
    701  3     C5B9 8E   802E            LDX #$802e
    702  5+1   C5BC AF   E8 86           STX -122,S
    703  4+4   C5BF 32   E9 FF5F         LEAS -161,S
    704  2     C5C3 86   D9              LDA #$d9
    705  4+1   C5C5 A7   7F              STA -1,S
    706  2     C5C7 86   0F              LDA  #$0F
    707  4+1   C5C9 A4   7E              ANDA -2,S
    708  2     C5CB 8B   80              ADDA #$80
    709  4+1   C5CD A7   7E              STA -2,S
    710  3     C5CF 8E   980D            LDX #$980d
    711  5+1   C5D2 AF   E8 D6           STX -42,S
    712  2     C5D5 86   0F              LDA  #$0F
    713  4+1   C5D7 A4   E8 B0           ANDA -80,S
    714  2     C5DA 8B   40              ADDA #$40
    715  4+1   C5DC A7   E8 B0           STA -80,S
    716  3     C5DF 8E   89D2            LDX #$89d2
    717  5+1   C5E2 AF   E8 AE           STX -82,S
    718  2     C5E5 86   0F              LDA  #$0F
    719  4+1   C5E7 A4   E8 88           ANDA -120,S
    720  2     C5EA 8B   20              ADDA #$20
    721  4+1   C5EC A7   E8 88           STA -120,S
    722  3     C5EF 8E   79C4            LDX #$79c4
    723  5+1   C5F2 AF   E8 86           STX -122,S
    724  4+4   C5F5 32   E9 FF60         LEAS -160,S
    725  2     C5F9 86   0F              LDA  #$0F
    726  4+0   C5FB A4   E4              ANDA ,S
    727  2     C5FD 8B   10              ADDA #$10
    728  4+0   C5FF A7   E4              STA ,S
    729  3     C601 8E   5904            LDX #$5904
    730  5+1   C604 AF   7E              STX -2,S
    731  2     C606 86   0F              LDA  #$0F
    732  4+1   C608 A4   E8 D8           ANDA -40,S
    733  2     C60B 8B   20              ADDA #$20
    734  4+1   C60D A7   E8 D8           STA -40,S
    735  3     C610 8E   49F4            LDX #$49f4
    736  5+1   C613 AF   E8 D6           STX -42,S
    737  3     C616 8E   8002            LDX #$8002
    738  5+1   C619 AF   E8 AE           STX -82,S
    739  2     C61C 86   0F              LDA  #$0F
    740  4+1   C61E A4   E8 88           ANDA -120,S
    741  2     C621 8B   F0              ADDA #$f0
    742  4+1   C623 A7   E8 88           STA -120,S
    743  3     C626 8E   999C            LDX #$999c
    744  5+1   C629 AF   E8 86           STX -122,S
    745  4+4   C62C 32   E9 FF60         LEAS -160,S
    746  2     C630 86   0F              LDA  #$0F
    747  4+0   C632 A4   E4              ANDA ,S
    748  2     C634 8B   C0              ADDA #$c0
    749  4+0   C636 A7   E4              STA ,S
    750  3     C638 8E   89DB            LDX #$89db
    751  5+1   C63B AF   7E              STX -2,S
    752  4+1   C63D 32   E8 D9           LEAS -39,S
    753  2     C640 86   77              LDA #$77
    754  3     C642 8E   DBB0            LDX #$dbb0
    755  5+3   C645 34   12              PSHS X,A
    756  4+1   C647 32   E8 DB           LEAS -37,S
    757  2     C64A 86   77              LDA #$77
    758  3     C64C 8E   7AA5            LDX #$7aa5
    759  5+3   C64F 34   12              PSHS X,A
    760  3     C651 8E   6654            LDX #$6654
    761  5+1   C654 AF   E8 D9           STX -39,S
    762  2     C657 86   F0              LDA  #$F0
    763  4+1   C659 A4   E8 D8           ANDA -40,S
    764  2     C65C 8B   08              ADDA #$08
    765  4+1   C65E A7   E8 D8           STA -40,S
    766  2     C661 86   0F              LDA  #$0F
    767  4+1   C663 A4   E8 B2           ANDA -78,S
    768  2     C666 8B   50              ADDA #$50
    769  4+1   C668 A7   E8 B2           STA -78,S
    770  3     C66B 8E   8966            LDX #$8966
    771  5+1   C66E AF   E8 B0           STX -80,S
    772  4+1   C671 32   E8 8B           LEAS -117,S
    773  2     C674 86   98              LDA #$98
    774  3     C676 8E   6646            LDX #$6646
    775  5+3   C679 34   12              PSHS X,A
    776  2     C67B 86   F0              LDA  #$F0
    777  4+1   C67D A4   7F              ANDA -1,S
    778  2     C67F 8B   08              ADDA #$08
    779  4+1   C681 A7   7F              STA -1,S
    780  4+1   C683 32   E8 DB           LEAS -37,S
    781  2     C686 86   97              LDA #$97
    782  3     C688 8E   3606            LDX #$3606
    783  5+3   C68B 34   12              PSHS X,A
    784  4+1   C68D 32   E8 DB           LEAS -37,S
    785  2     C690 86   87              LDA #$87
    786  3     C692 8E   1676            LDX #$1676
    787  5+3   C695 34   12              PSHS X,A
    788  4+1   C697 32   E8 DB           LEAS -37,S
    789  2     C69A 86   77              LDA #$77
    790  3     C69C 8E   3636            LDX #$3636
    791  5+3   C69F 34   12              PSHS X,A
    792  2     C6A1 86   0F              LDA  #$0F
    793  4+1   C6A3 A4   E8 DA           ANDA -38,S
    794  2     C6A6 8B   30              ADDA #$30
    795  4+1   C6A8 A7   E8 DA           STA -38,S
    796  3     C6AB 8E   7786            LDX #$7786
    797  5+1   C6AE AF   E8 D8           STX -40,S
    798  2     C6B1 86   0F              LDA  #$0F
    799  4+1   C6B3 A4   E8 B2           ANDA -78,S
    800  2     C6B6 8B   60              ADDA #$60
    801  4+1   C6B8 A7   E8 B2           STA -78,S
    802  2     C6BB 86   9B              LDA #$9b
    803  4+1   C6BD A7   E8 B1           STA -79,S
    804  2     C6C0 86   F0              LDA  #$F0
    805  4+1   C6C2 A4   E8 B0           ANDA -80,S
    806  2     C6C5 8B   07              ADDA #$07
    807  4+1   C6C7 A7   E8 B0           STA -80,S
    808  2     C6CA 86   0F              LDA  #$0F
    809  4+1   C6CC A4   E8 8A           ANDA -118,S
    810  2     C6CF 8B   60              ADDA #$60
    811  4+1   C6D1 A7   E8 8A           STA -118,S
    812  2     C6D4 86   9B              LDA #$9b
    813  4+1   C6D6 A7   E8 89           STA -119,S
    814  4+4   C6D9 32   E9 FF62         LEAS -158,S
    815  2     C6DD 86   0F              LDA  #$0F
    816  4+0   C6DF A4   E4              ANDA ,S
    817  2     C6E1 8B   60              ADDA #$60
    818  4+0   C6E3 A7   E4              STA ,S
    819  2     C6E5 86   8B              LDA #$8b
    820  4+1   C6E7 A7   7F              STA -1,S
    821  2     C6E9 86   F0              LDA  #$F0
    822  4+1   C6EB A4   7E              ANDA -2,S
    823  2     C6ED 8B   09              ADDA #$09
    824  4+1   C6EF A7   7E              STA -2,S
    825  3     C6F1 8E   986C            LDX #$986c
    826  5+1   C6F4 AF   E8 D6           STX -42,S
    827  3     C6F7 8E   8768            LDX #$8768
    828  5+1   C6FA AF   E8 AE           STX -82,S
    829  3     C6FD 8E   6666            LDX #$6666
    830  5+1   C700 AF   E8 86           STX -122,S
    831  4+4   C703 32   E9 FF5F         LEAS -161,S
    832  2     C707 86   0F              LDA  #$0F
    833  4+0   C709 A4   E4              ANDA ,S
    834  2     C70B 8B   60              ADDA #$60
    835  4+0   C70D A7   E4              STA ,S
    836  2     C70F 86   F0              LDA  #$F0
    837  4+1   C711 A4   7F              ANDA -1,S
    838  2     C713 8B   06              ADDA #$06
    839  4+1   C715 A7   7F              STA -1,S
    840
    841        C717               ERASE_POS_HWR8_2
    842  4     C717 10CE 0000            LDS #$0000
    843  3     C71B CE   C8B9            LDU #ERASE_DATA_HWR8_2
    844        C71E               ERASE_CODE_HWR8_2
    845  4+1   C71E 32   7B              LEAS -5,S
    846  2     C720 86   0F              LDA  #$0F
    847  4+0   C722 A4   E4              ANDA ,S
    848  2     C724 8B   00              ADDA #$00
    849  4+0   C726 A7   E4              STA ,S
    850  2     C728 86   0F              LDA  #$0F
    851  4+1   C72A A4   E8 D8           ANDA -40,S
    852  2     C72D 8B   B0              ADDA #$b0
    853  4+1   C72F A7   E8 D8           STA -40,S
    854  2     C732 86   0F              LDA  #$0F
    855  4+1   C734 A4   E8 B0           ANDA -80,S
    856  2     C737 8B   F0              ADDA #$f0
    857  4+1   C739 A7   E8 B0           STA -80,S
    858  2     C73C 86   0F              LDA  #$0F
    859  4+1   C73E A4   E8 88           ANDA -120,S
    860  2     C741 8B   E0              ADDA #$e0
    861  4+1   C743 A7   E8 88           STA -120,S
    862  4+4   C746 32   E9 FF60         LEAS -160,S
    863  2     C74A 86   0F              LDA  #$0F
    864  4+0   C74C A4   E4              ANDA ,S
    865  2     C74E 8B   10              ADDA #$10
    866  4+0   C750 A7   E4              STA ,S
    867  2     C752 86   0F              LDA #$0f
    868  4+1   C754 A7   E8 DA           STA -38,S
    869  2     C757 86   1F              LDA #$1f
    870  4+1   C759 A7   E8 D8           STA -40,S
    871  2     C75C 86   00              LDA #$00
    872  4+1   C75E A7   E8 B2           STA -78,S
    873  2     C761 86   1E              LDA #$1e
    874  4+1   C763 A7   E8 B0           STA -80,S
    875  2     C766 86   0F              LDA  #$0F
    876  4+1   C768 A4   E8 8B           ANDA -117,S
    877  2     C76B 8B   00              ADDA #$00
    878  4+1   C76D A7   E8 8B           STA -117,S
    879  2     C770 86   00              LDA #$00
    880  4+1   C772 A7   E8 8A           STA -118,S
    881  2     C775 86   E4              LDA #$e4
    882  4+1   C777 A7   E8 88           STA -120,S
    883  4+4   C77A 32   E9 FF64         LEAS -156,S
    884  3     C77E 8E   0500            LDX #$0500
    885  5+1   C781 AF   7E              STX -2,S
    886  2     C783 86   F2              LDA #$f2
    887  4+1   C785 A7   7C              STA -4,S
    888  3     C787 8E   04F0            LDX #$04f0
    889  5+1   C78A AF   E8 D6           STX -42,S
    890  2     C78D 86   00              LDA #$00
    891  4+1   C78F A7   E8 D4           STA -44,S
    892  3     C792 8E   02FE            LDX #$02fe
    893  5+1   C795 AF   E8 AE           STX -82,S
    894  2     C798 86   0F              LDA  #$0F
    895  4+1   C79A A4   E8 AD           ANDA -83,S
    896  2     C79D 8B   80              ADDA #$80
    897  4+1   C79F A7   E8 AD           STA -83,S
    898  2     C7A2 86   05              LDA #$05
    899  4+1   C7A4 A7   E8 AC           STA -84,S
    900  2     C7A7 86   0F              LDA  #$0F
    901  4+1   C7A9 A4   E8 87           ANDA -121,S
    902  2     C7AC 8B   E0              ADDA #$e0
    903  4+1   C7AE A7   E8 87           STA -121,S
    904  4+1   C7B1 32   E8 87           LEAS -121,S
    905  2     C7B4 86   E4              LDA #$e4
    906  3     C7B6 8E   6955            LDX #$6955
    907  5+3   C7B9 34   12              PSHS X,A
    908  3     C7BB 8E   8902            LDX #$8902
    909  5+1   C7BE AF   E8 D9           STX -39,S
    910  2     C7C1 86   F0              LDA  #$F0
    911  4+1   C7C3 A4   E8 D8           ANDA -40,S
    912  2     C7C6 8B   0E              ADDA #$0e
    913  4+1   C7C8 A7   E8 D8           STA -40,S
    914  3     C7CB 8E   9D42            LDX #$9d42
    915  5+1   C7CE AF   E8 B1           STX -79,S
    916  3     C7D1 8E   DB21            LDX #$db21
    917  5+1   C7D4 AF   E8 89           STX -119,S
    918  4+4   C7D7 32   E9 FF63         LEAS -157,S
    919  3     C7DB 8E   C911            LDX #$c911
    920  5+1   C7DE AF   7E              STX -2,S
    921  3     C7E0 8E   7011            LDX #$7011
    922  5+1   C7E3 AF   E8 D6           STX -42,S
    923  3     C7E6 8E   8F41            LDX #$8f41
    924  5+1   C7E9 AF   E8 AE           STX -82,S
    925  2     C7EC 86   0F              LDA  #$0F
    926  4+1   C7EE A4   E8 AD           ANDA -83,S
    927  2     C7F1 8B   80              ADDA #$80
    928  4+1   C7F3 A7   E8 AD           STA -83,S
    929  4+1   C7F6 32   E8 88           LEAS -120,S
    930  2     C7F9 86   78              LDA #$78
    931  3     C7FB 8E   9021            LDX #$9021
    932  5+3   C7FE 34   12              PSHS X,A
    933  3     C800 8E   0942            LDX #$0942
    934  5+1   C803 AF   E8 D9           STX -39,S
    935  2     C806 86   F0              LDA  #$F0
    936  4+1   C808 A4   E8 D8           ANDA -40,S
    937  2     C80B 8B   09              ADDA #$09
    938  4+1   C80D A7   E8 D8           STA -40,S
    939  3     C810 8E   99BB            LDX #$99bb
    940  5+1   C813 AF   E8 B1           STX -79,S
    941  2     C816 86   F0              LDA  #$F0
    942  4+1   C818 A4   E8 B0           ANDA -80,S
    943  2     C81B 8B   08              ADDA #$08
    944  4+1   C81D A7   E8 B0           STA -80,S
    945  3     C820 8E   981A            LDX #$981a
    946  5+1   C823 AF   E8 89           STX -119,S
    947  2     C826 86   F0              LDA  #$F0
    948  4+1   C828 A4   E8 88           ANDA -120,S
    949  2     C82B 8B   07              ADDA #$07
    950  4+1   C82D A7   E8 88           STA -120,S
    951  4+4   C830 32   E9 FF63         LEAS -157,S
    952  3     C834 8E   9761            LDX #$9761
    953  5+1   C837 AF   7E              STX -2,S
    954  3     C839 8E   7761            LDX #$7761
    955  5+1   C83C AF   E8 D6           STX -42,S
    956  3     C83F 8E   7721            LDX #$7721
    957  5+1   C842 AF   E8 AE           STX -82,S
    958  4+1   C845 32   E8 88           LEAS -120,S
    959  2     C848 86   99              LDA #$99
    960  3     C84A 8E   7721            LDX #$7721
    961  5+3   C84D 34   12              PSHS X,A
    962  4+1   C84F 32   E8 DB           LEAS -37,S
    963  2     C852 86   88              LDA #$88
    964  3     C854 8E   7621            LDX #$7621
    965  5+3   C857 34   12              PSHS X,A
    966  4+1   C859 32   E8 DB           LEAS -37,S
    967  2     C85C 86   77              LDA #$77
    968  3     C85E 8E   7661            LDX #$7661
    969  5+3   C861 34   12              PSHS X,A
    970  3     C863 8E   7661            LDX #$7661
    971  5+1   C866 AF   E8 D9           STX -39,S
    972  2     C869 86   F0              LDA  #$F0
    973  4+1   C86B A4   E8 D8           ANDA -40,S
    974  2     C86E 8B   07              ADDA #$07
    975  4+1   C870 A7   E8 D8           STA -40,S
    976  3     C873 8E   7738            LDX #$7738
    977  5+1   C876 AF   E8 B1           STX -79,S
    978  3     C879 8E   7763            LDX #$7763
    979  5+1   C87C AF   E8 89           STX -119,S
    980  4+4   C87F 32   E9 FF63         LEAS -157,S
    981  3     C883 8E   87D3            LDX #$87d3
    982  5+1   C886 AF   7E              STX -2,S
    983  3     C888 8E   97D3            LDX #$97d3
    984  5+1   C88B AF   E8 D6           STX -42,S
    985  3     C88E 8E   8786            LDX #$8786
    986  5+1   C891 AF   E8 AE           STX -82,S
    987  4+1   C894 32   E8 88           LEAS -120,S
    988  2     C897 86   88              LDA #$88
    989  3     C899 8E   7688            LDX #$7688
    990  5+3   C89C 34   12              PSHS X,A
    991  2     C89E 86   66              LDA #$66
    992  4+1   C8A0 A7   E8 D9           STA -39,S
    993  2     C8A3 86   F0              LDA  #$F0
    994  4+1   C8A5 A4   E8 D8           ANDA -40,S
    995  2     C8A8 8B   07              ADDA #$07
    996  4+1   C8AA A7   E8 D8           STA -40,S
    997  2     C8AD 86   66              LDA #$66
    998  4+1   C8AF A7   E8 B1           STA -79,S
    999
   1000        C8B2               ERASE_SSAV_HWR8
   1001  4     C8B2 10CE 0000            LDS #$0000
   1002  5+3   C8B6 35   48              PULS U,DP
   1003  5     C8B8 39                   RTS
   1004
   1005        C8B9               ERASE_DATA_HWR8_2
   1006        C8B9               ERASE_DATA_HWR8_1

000000 Total Errors

000012 Total Symbols
     1x          Label C514 DATA_HWR8_1
     1x          Label C514 DATA_HWR8_2
     0x          Label BE9E DRAW_HWR8
    72x          Label C521 ERASE_CODE_HWR8_1
    59x          Label C71E ERASE_CODE_HWR8_2
     1x          Label C8B9 ERASE_DATA_HWR8_1
     1x          Label C8B9 ERASE_DATA_HWR8_2
     0x          Label C514 ERASE_HWR8
     1x          Label C51A ERASE_POS_HWR8_1
     1x          Label C717 ERASE_POS_HWR8_2
     1x          Label C8B2 ERASE_SSAV_HWR8
     1x          Label C50D SSAV_HWR8

