/*--------------------------------------------------------------*
 * Compilé avec C6809 v0.83                                     *
 *--------------------------------------------------------------*
 * Fichier source      : TMP.ASS
 * Fichier destination : TMP.BIN
 * Contenu :
 *     Main     0:TMP.ASS      17636
 *--------------------------------------------------------------*/

Macro Pass
Pass1
Pass2
      2        D35D                      ORG $D35D
      3        D35D               DRAW_HWR9
      4  5+3   D35D 34   48              PSHS U,DP
      5  7     D35F 10FF DAC9            STS SSAV_HWR9+2
      6
      7  7     D363 10FE 9F00            LDS $9F00
      8  7     D367 10FF DAD6            STS ERASE_POS_HWR9_1+2
      9  3     D36B CE   DACE            LDU #DATA_HWR9_1
     10
     11  4+1   D36E 32   E8 83           LEAS -125,S
     12  4+0   D371 A6   E4              LDA ,S
     13  5     D373 B7   DAE3            STA ERASE_CODE_HWR9_1+8
     14  2     D376 86   0F              LDA  #$0F
     15  4+0   D378 A4   E4              ANDA ,S
     16  2     D37A 8B   F0              ADDA #$f0
     17  4+0   D37C A7   E4              STA ,S
     18  4+1   D37E A6   E8 D8           LDA -40,S
     19  5     D381 B7   DAE7            STA ERASE_CODE_HWR9_1+12
     20  2     D384 86   E0              LDA #$e0
     21  4+1   D386 A7   E8 D8           STA -40,S
     22  4+1   D389 A6   E8 B0           LDA -80,S
     23  5     D38C B7   DAEC            STA ERASE_CODE_HWR9_1+17
     24  2     D38F 86   EF              LDA #$ef
     25  4+1   D391 A7   E8 B0           STA -80,S
     26  4+1   D394 A6   E8 8B           LDA -117,S
     27  5     D397 B7   DAF6            STA ERASE_CODE_HWR9_1+27
     28  2     D39A 86   F0              LDA  #$F0
     29  4+1   D39C A4   E8 8B           ANDA -117,S
     30  2     D39F 8B   00              ADDA #$00
     31  4+1   D3A1 A7   E8 8B           STA -117,S
     32  4+1   D3A4 A6   E8 88           LDA -120,S
     33  5     D3A7 B7   DAFB            STA ERASE_CODE_HWR9_1+32
     34  2     D3AA 86   B2              LDA #$b2
     35  4+1   D3AC A7   E8 88           STA -120,S
     36  4+4   D3AF 32   E9 FF64         LEAS -156,S
     37  4+1   D3B3 A6   7F              LDA -1,S
     38  5     D3B5 B7   DB04            STA ERASE_CODE_HWR9_1+41
     39  2     D3B8 86   00              LDA #$00
     40  4+1   D3BA A7   7F              STA -1,S
     41  4+1   D3BC A6   7C              LDA -4,S
     42  5     D3BE B7   DB08            STA ERASE_CODE_HWR9_1+45
     43  2     D3C1 86   E1              LDA #$e1
     44  4+1   D3C3 A7   7C              STA -4,S
     45  4+1   D3C5 A6   E8 D7           LDA -41,S
     46  5     D3C8 B7   DB0C            STA ERASE_CODE_HWR9_1+49
     47  2     D3CB 86   00              LDA #$00
     48  4+1   D3CD A7   E8 D7           STA -41,S
     49  4+1   D3D0 A6   E8 D4           LDA -44,S
     50  5     D3D3 B7   DB11            STA ERASE_CODE_HWR9_1+54
     51  2     D3D6 86   11              LDA #$11
     52  4+1   D3D8 A7   E8 D4           STA -44,S
     53  4+1   D3DB A6   E8 AF           LDA -81,S
     54  5     D3DE B7   DB16            STA ERASE_CODE_HWR9_1+59
     55  2     D3E1 86   0F              LDA #$0f
     56  4+1   D3E3 A7   E8 AF           STA -81,S
     57  4+1   D3E6 A6   E8 AD           LDA -83,S
     58  5     D3E9 B7   DB20            STA ERASE_CODE_HWR9_1+69
     59  2     D3EC 86   0F              LDA  #$0F
     60  4+1   D3EE A4   E8 AD           ANDA -83,S
     61  2     D3F1 8B   50              ADDA #$50
     62  4+1   D3F3 A7   E8 AD           STA -83,S
     63  4+1   D3F6 A6   E8 AC           LDA -84,S
     64  5     D3F9 B7   DB25            STA ERASE_CODE_HWR9_1+74
     65  2     D3FC 86   1E              LDA #$1e
     66  4+1   D3FE A7   E8 AC           STA -84,S
     67  4+1   D401 A6   E8 87           LDA -121,S
     68  5     D404 B7   DB2A            STA ERASE_CODE_HWR9_1+79
     69  2     D407 86   0F              LDA #$0f
     70  4+1   D409 A7   E8 87           STA -121,S
     71  4+1   D40C A6   E8 85           LDA -123,S
     72  5     D40F B7   DB34            STA ERASE_CODE_HWR9_1+89
     73  2     D412 86   0F              LDA  #$0F
     74  4+1   D414 A4   E8 85           ANDA -123,S
     75  2     D417 8B   10              ADDA #$10
     76  4+1   D419 A7   E8 85           STA -123,S
     77  4+1   D41C A6   E8 84           LDA -124,S
     78  5     D41F B7   DB3E            STA ERASE_CODE_HWR9_1+99
     79  2     D422 86   F0              LDA  #$F0
     80  4+1   D424 A4   E8 84           ANDA -124,S
     81  2     D427 8B   0E              ADDA #$0e
     82  4+1   D429 A7   E8 84           STA -124,S
     83  4+4   D42C 32   E9 FF60         LEAS -160,S
     84  4+1   D430 A6   7F              LDA -1,S
     85  5     D432 B7   DB47            STA ERASE_CODE_HWR9_1+108
     86  2     D435 86   5F              LDA #$5f
     87  4+1   D437 A7   7F              STA -1,S
     88  4+1   D439 A6   7D              LDA -3,S
     89  5     D43B B7   DB4B            STA ERASE_CODE_HWR9_1+112
     90  2     D43E 86   88              LDA #$88
     91  4+1   D440 A7   7D              STA -3,S
     92  4+1   D442 A6   7C              LDA -4,S
     93  5     D444 B7   DB53            STA ERASE_CODE_HWR9_1+120
     94  2     D447 86   F0              LDA  #$F0
     95  4+1   D449 A4   7C              ANDA -4,S
     96  2     D44B 8B   0E              ADDA #$0e
     97  4+1   D44D A7   7C              STA -4,S
     98  4+1   D44F A6   E8 D8           LDA -40,S
     99  5     D452 B7   DB5C            STA ERASE_CODE_HWR9_1+129
    100  2     D455 86   0F              LDA  #$0F
    101  4+1   D457 A4   E8 D8           ANDA -40,S
    102  2     D45A 8B   F0              ADDA #$f0
    103  4+1   D45C A7   E8 D8           STA -40,S
    104  4+1   D45F A6   E8 D7           LDA -41,S
    105  5     D462 B7   DB61            STA ERASE_CODE_HWR9_1+134
    106  2     D465 86   4F              LDA #$4f
    107  4+1   D467 A7   E8 D7           STA -41,S
    108  4+1   D46A A6   E8 D5           LDA -43,S
    109  5     D46D B7   DB66            STA ERASE_CODE_HWR9_1+139
    110  2     D470 86   67              LDA #$67
    111  4+1   D472 A7   E8 D5           STA -43,S
    112  4+1   D475 A6   E8 D4           LDA -44,S
    113  5     D478 B7   DB70            STA ERASE_CODE_HWR9_1+149
    114  2     D47B 86   F0              LDA  #$F0
    115  4+1   D47D A4   E8 D4           ANDA -44,S
    116  2     D480 8B   0E              ADDA #$0e
    117  4+1   D482 A7   E8 D4           STA -44,S
    118  4+1   D485 A6   E8 B0           LDA -80,S
    119  5     D488 B7   DB7A            STA ERASE_CODE_HWR9_1+159
    120  2     D48B 86   0F              LDA  #$0F
    121  4+1   D48D A4   E8 B0           ANDA -80,S
    122  2     D490 8B   F0              ADDA #$f0
    123  4+1   D492 A7   E8 B0           STA -80,S
    124  4+1   D495 A6   E8 AF           LDA -81,S
    125  5     D498 B7   DB7F            STA ERASE_CODE_HWR9_1+164
    126  2     D49B 86   20              LDA #$20
    127  4+1   D49D A7   E8 AF           STA -81,S
    128  4+1   D4A0 A6   E8 AE           LDA -82,S
    129  5     D4A3 B7   DB89            STA ERASE_CODE_HWR9_1+174
    130  2     D4A6 86   0F              LDA  #$0F
    131  4+1   D4A8 A4   E8 AE           ANDA -82,S
    132  2     D4AB 8B   80              ADDA #$80
    133  4+1   D4AD A7   E8 AE           STA -82,S
    134  4+1   D4B0 A6   E8 AD           LDA -83,S
    135  5     D4B3 B7   DB8E            STA ERASE_CODE_HWR9_1+179
    136  2     D4B6 86   17              LDA #$17
    137  4+1   D4B8 A7   E8 AD           STA -83,S
    138  4+1   D4BB A6   E8 88           LDA -120,S
    139  5     D4BE B7   DB98            STA ERASE_CODE_HWR9_1+189
    140  2     D4C1 86   0F              LDA  #$0F
    141  4+1   D4C3 A4   E8 88           ANDA -120,S
    142  2     D4C6 8B   00              ADDA #$00
    143  4+1   D4C8 A7   E8 88           STA -120,S
    144  5+1   D4CB AE   E8 86           LDX -122,S
    145  6     D4CE BF   DB9D            STX ERASE_CODE_HWR9_1+194
    146  3     D4D1 8E   F942            LDX #$f942
    147  5+1   D4D4 AF   E8 86           STX -122,S
    148  4+1   D4D7 A6   E8 85           LDA -123,S
    149  5     D4DA B7   DBA8            STA ERASE_CODE_HWR9_1+205
    150  2     D4DD 86   0F              LDA  #$0F
    151  4+1   D4DF A4   E8 85           ANDA -123,S
    152  2     D4E2 8B   80              ADDA #$80
    153  4+1   D4E4 A7   E8 85           STA -123,S
    154  4+1   D4E7 A6   E8 84           LDA -124,S
    155  5     D4EA B7   DBB2            STA ERASE_CODE_HWR9_1+215
    156  2     D4ED 86   F0              LDA  #$F0
    157  4+1   D4EF A4   E8 84           ANDA -124,S
    158  2     D4F2 8B   05              ADDA #$05
    159  4+1   D4F4 A7   E8 84           STA -124,S
    160  4+4   D4F7 32   E9 FF61         LEAS -159,S
    161  4+1   D4FB A6   7F              LDA -1,S
    162  5     D4FD B7   DBBB            STA ERASE_CODE_HWR9_1+224
    163  2     D500 86   0F              LDA #$0f
    164  4+1   D502 A7   7F              STA -1,S
    165  4+1   D504 A6   7E              LDA -2,S
    166  5     D506 B7   DBC3            STA ERASE_CODE_HWR9_1+232
    167  2     D509 86   0F              LDA  #$0F
    168  4+1   D50B A4   7E              ANDA -2,S
    169  2     D50D 8B   80              ADDA #$80
    170  4+1   D50F A7   7E              STA -2,S
    171  4+1   D511 32   7B              LEAS -5,S
    172  5+3   D513 35   12              PULS A,X
    173  5     D515 B7   DBC9            STA ERASE_CODE_HWR9_1+238
    174  6     D518 BF   DBCB            STX ERASE_CODE_HWR9_1+240
    175  2     D51B 86   55              LDA #$55
    176  3     D51D 8E   98DF            LDX #$98df
    177  5+3   D520 34   12              PSHS X,A
    178  4+1   D522 A6   E8 DC           LDA -36,S
    179  5     D525 B7   DBD0            STA ERASE_CODE_HWR9_1+245
    180  2     D528 86   F0              LDA #$f0
    181  4+1   D52A A7   E8 DC           STA -36,S
    182  4+1   D52D A6   E8 DB           LDA -37,S
    183  5     D530 B7   DBDA            STA ERASE_CODE_HWR9_1+255
    184  2     D533 86   0F              LDA  #$0F
    185  4+1   D535 A4   E8 DB           ANDA -37,S
    186  2     D538 8B   50              ADDA #$50
    187  4+1   D53A A7   E8 DB           STA -37,S
    188  4+1   D53D 32   E8 D8           LEAS -40,S
    189  5+3   D540 35   12              PULS A,X
    190  5     D542 B7   DBE2            STA ERASE_CODE_HWR9_1+263
    191  6     D545 BF   DBE4            STX ERASE_CODE_HWR9_1+265
    192  2     D548 86   44              LDA #$44
    193  3     D54A 8E   99B0            LDX #$99b0
    194  5+3   D54D 34   12              PSHS X,A
    195  4+1   D54F A6   E8 DC           LDA -36,S
    196  5     D552 B7   DBEE            STA ERASE_CODE_HWR9_1+275
    197  2     D555 86   F0              LDA  #$F0
    198  4+1   D557 A4   E8 DC           ANDA -36,S
    199  2     D55A 8B   0F              ADDA #$0f
    200  4+1   D55C A7   E8 DC           STA -36,S
    201  4+1   D55F 32   E8 D8           LEAS -40,S
    202  5+4   D562 35   16              PULS A,B,X
    203  5     D564 B7   DBF6            STA ERASE_CODE_HWR9_1+283
    204  5     D567 F7   DBF8            STB ERASE_CODE_HWR9_1+285
    205  6     D56A BF   DBFA            STX ERASE_CODE_HWR9_1+287
    206  2     D56D 86   25              LDA #$25
    207  2     D56F C6   99              LDB #$99
    208  3     D571 8E   FF24            LDX #$ff24
    209  5+4   D574 34   16              PSHS X,B,A
    210  4+1   D576 32   E8 D9           LEAS -39,S
    211  5+3   D579 35   12              PULS A,X
    212  5     D57B B7   DC02            STA ERASE_CODE_HWR9_1+295
    213  6     D57E BF   DC04            STX ERASE_CODE_HWR9_1+297
    214  2     D581 86   89              LDA #$89
    215  3     D583 8E   DD12            LDX #$dd12
    216  5+3   D586 34   12              PSHS X,A
    217  4+1   D588 A6   7F              LDA -1,S
    218  5     D58A B7   DC0D            STA ERASE_CODE_HWR9_1+306
    219  2     D58D 86   F0              LDA  #$F0
    220  4+1   D58F A4   7F              ANDA -1,S
    221  2     D591 8B   04              ADDA #$04
    222  4+1   D593 A7   7F              STA -1,S
    223  4+1   D595 A6   E8 DA           LDA -38,S
    224  5     D598 B7   DC11            STA ERASE_CODE_HWR9_1+310
    225  2     D59B 86   11              LDA #$11
    226  4+1   D59D A7   E8 DA           STA -38,S
    227  4+1   D5A0 A6   E8 D9           LDA -39,S
    228  5     D5A3 B7   DC1B            STA ERASE_CODE_HWR9_1+320
    229  2     D5A6 86   0F              LDA  #$0F
    230  4+1   D5A8 A4   E8 D9           ANDA -39,S
    231  2     D5AB 8B   F0              ADDA #$f0
    232  4+1   D5AD A7   E8 D9           STA -39,S
    233  4+1   D5B0 A6   E8 D8           LDA -40,S
    234  5     D5B3 B7   DC20            STA ERASE_CODE_HWR9_1+325
    235  2     D5B6 86   09              LDA #$09
    236  4+1   D5B8 A7   E8 D8           STA -40,S
    237  4+1   D5BB A6   E8 D7           LDA -41,S
    238  5     D5BE B7   DC2A            STA ERASE_CODE_HWR9_1+335
    239  2     D5C1 86   F0              LDA  #$F0
    240  4+1   D5C3 A4   E8 D7           ANDA -41,S
    241  2     D5C6 8B   04              ADDA #$04
    242  4+1   D5C8 A7   E8 D7           STA -41,S
    243  4+1   D5CB 32   E8 B0           LEAS -80,S
    244  5+3   D5CE 35   12              PULS A,X
    245  5     D5D0 B7   DC32            STA ERASE_CODE_HWR9_1+343
    246  6     D5D3 BF   DC34            STX ERASE_CODE_HWR9_1+345
    247  2     D5D6 86   90              LDA #$90
    248  3     D5D8 8E   0F12            LDX #$0f12
    249  5+3   D5DB 34   12              PSHS X,A
    250  4+1   D5DD 32   E8 D8           LEAS -40,S
    251  5+3   D5E0 35   14              PULS B,X
    252  5     D5E2 F7   DC3C            STB ERASE_CODE_HWR9_1+353
    253  6     D5E5 BF   DC3E            STX ERASE_CODE_HWR9_1+355
    254  2     D5E8 C6   99              LDB #$99
    255  3     D5EA 8E   8C14            LDX #$8c14
    256  5+3   D5ED 34   14              PSHS X,B
    257  4+1   D5EF A6   E8 DA           LDA -38,S
    258  5     D5F2 B7   DC48            STA ERASE_CODE_HWR9_1+365
    259  2     D5F5 86   0F              LDA  #$0F
    260  4+1   D5F7 A4   E8 DA           ANDA -38,S
    261  2     D5FA 8B   40              ADDA #$40
    262  4+1   D5FC A7   E8 DA           STA -38,S
    263  5+1   D5FF AE   E8 D8           LDX -40,S
    264  6     D602 BF   DC4D            STX ERASE_CODE_HWR9_1+370
    265  3     D605 8E   88DB            LDX #$88db
    266  5+1   D608 AF   E8 D8           STX -40,S
    267  4+1   D60B 32   E8 B0           LEAS -80,S
    268  5+3   D60E 35   12              PULS A,X
    269  5     D610 B7   DC56            STA ERASE_CODE_HWR9_1+379
    270  6     D613 BF   DC58            STX ERASE_CODE_HWR9_1+381
    271  2     D616 86   77              LDA #$77
    272  3     D618 8E   DBB0            LDX #$dbb0
    273  5+3   D61B 34   12              PSHS X,A
    274  4+1   D61D 32   E8 D8           LEAS -40,S
    275  5+3   D620 35   12              PULS A,X
    276  5     D622 B7   DC60            STA ERASE_CODE_HWR9_1+389
    277  6     D625 BF   DC62            STX ERASE_CODE_HWR9_1+391
    278  2     D628 86   77              LDA #$77
    279  3     D62A 8E   7AA5            LDX #$7aa5
    280  5+3   D62D 34   12              PSHS X,A
    281  5+1   D62F AE   E8 D9           LDX -39,S
    282  6     D632 BF   DC67            STX ERASE_CODE_HWR9_1+396
    283  3     D635 8E   6654            LDX #$6654
    284  5+1   D638 AF   E8 D9           STX -39,S
    285  4+1   D63B A6   E8 D8           LDA -40,S
    286  5     D63E B7   DC72            STA ERASE_CODE_HWR9_1+407
    287  2     D641 86   F0              LDA  #$F0
    288  4+1   D643 A4   E8 D8           ANDA -40,S
    289  2     D646 8B   08              ADDA #$08
    290  4+1   D648 A7   E8 D8           STA -40,S
    291  4+1   D64B A6   E8 B2           LDA -78,S
    292  5     D64E B7   DC7C            STA ERASE_CODE_HWR9_1+417
    293  2     D651 86   0F              LDA  #$0F
    294  4+1   D653 A4   E8 B2           ANDA -78,S
    295  2     D656 8B   50              ADDA #$50
    296  4+1   D658 A7   E8 B2           STA -78,S
    297  5+1   D65B AE   E8 B0           LDX -80,S
    298  6     D65E BF   DC81            STX ERASE_CODE_HWR9_1+422
    299  3     D661 8E   8966            LDX #$8966
    300  5+1   D664 AF   E8 B0           STX -80,S
    301  4+1   D667 A6   E8 AF           LDA -81,S
    302  5     D66A B7   DC8C            STA ERASE_CODE_HWR9_1+433
    303  2     D66D 86   F0              LDA  #$F0
    304  4+1   D66F A4   E8 AF           ANDA -81,S
    305  2     D672 8B   08              ADDA #$08
    306  4+1   D674 A7   E8 AF           STA -81,S
    307  4+1   D677 32   E8 88           LEAS -120,S
    308  5+3   D67A 35   12              PULS A,X
    309  5     D67C B7   DC94            STA ERASE_CODE_HWR9_1+441
    310  6     D67F BF   DC96            STX ERASE_CODE_HWR9_1+443
    311  2     D682 86   98              LDA #$98
    312  3     D684 8E   6646            LDX #$6646
    313  5+3   D687 34   12              PSHS X,A
    314  4+1   D689 32   E8 D8           LEAS -40,S
    315  5+3   D68C 35   12              PULS A,X
    316  5     D68E B7   DC9E            STA ERASE_CODE_HWR9_1+451
    317  6     D691 BF   DCA0            STX ERASE_CODE_HWR9_1+453
    318  2     D694 86   97              LDA #$97
    319  3     D696 8E   3606            LDX #$3606
    320  5+3   D699 34   12              PSHS X,A
    321  4+1   D69B 32   E8 D8           LEAS -40,S
    322  5+3   D69E 35   12              PULS A,X
    323  5     D6A0 B7   DCA8            STA ERASE_CODE_HWR9_1+461
    324  6     D6A3 BF   DCAA            STX ERASE_CODE_HWR9_1+463
    325  2     D6A6 86   87              LDA #$87
    326  3     D6A8 8E   1676            LDX #$1676
    327  5+3   D6AB 34   12              PSHS X,A
    328  4+1   D6AD 32   E8 D8           LEAS -40,S
    329  5+3   D6B0 35   12              PULS A,X
    330  5     D6B2 B7   DCB2            STA ERASE_CODE_HWR9_1+471
    331  6     D6B5 BF   DCB4            STX ERASE_CODE_HWR9_1+473
    332  2     D6B8 86   77              LDA #$77
    333  3     D6BA 8E   3636            LDX #$3636
    334  5+3   D6BD 34   12              PSHS X,A
    335  4+1   D6BF A6   E8 DA           LDA -38,S
    336  5     D6C2 B7   DCBE            STA ERASE_CODE_HWR9_1+483
    337  2     D6C5 86   0F              LDA  #$0F
    338  4+1   D6C7 A4   E8 DA           ANDA -38,S
    339  2     D6CA 8B   30              ADDA #$30
    340  4+1   D6CC A7   E8 DA           STA -38,S
    341  5+1   D6CF AE   E8 D8           LDX -40,S
    342  6     D6D2 BF   DCC3            STX ERASE_CODE_HWR9_1+488
    343  3     D6D5 8E   7786            LDX #$7786
    344  5+1   D6D8 AF   E8 D8           STX -40,S
    345  4+1   D6DB A6   E8 B2           LDA -78,S
    346  5     D6DE B7   DCCE            STA ERASE_CODE_HWR9_1+499
    347  2     D6E1 86   0F              LDA  #$0F
    348  4+1   D6E3 A4   E8 B2           ANDA -78,S
    349  2     D6E6 8B   60              ADDA #$60
    350  4+1   D6E8 A7   E8 B2           STA -78,S
    351  4+1   D6EB A6   E8 B1           LDA -79,S
    352  5     D6EE B7   DCD3            STA ERASE_CODE_HWR9_1+504
    353  2     D6F1 86   9B              LDA #$9b
    354  4+1   D6F3 A7   E8 B1           STA -79,S
    355  4+1   D6F6 A6   E8 B0           LDA -80,S
    356  5     D6F9 B7   DCDD            STA ERASE_CODE_HWR9_1+514
    357  2     D6FC 86   F0              LDA  #$F0
    358  4+1   D6FE A4   E8 B0           ANDA -80,S
    359  2     D701 8B   07              ADDA #$07
    360  4+1   D703 A7   E8 B0           STA -80,S
    361  4+1   D706 A6   E8 8A           LDA -118,S
    362  5     D709 B7   DCE7            STA ERASE_CODE_HWR9_1+524
    363  2     D70C 86   0F              LDA  #$0F
    364  4+1   D70E A4   E8 8A           ANDA -118,S
    365  2     D711 8B   60              ADDA #$60
    366  4+1   D713 A7   E8 8A           STA -118,S
    367  4+1   D716 A6   E8 89           LDA -119,S
    368  5     D719 B7   DCEC            STA ERASE_CODE_HWR9_1+529
    369  2     D71C 86   9B              LDA #$9b
    370  4+1   D71E A7   E8 89           STA -119,S
    371  4+4   D721 32   E9 FF62         LEAS -158,S
    372  4+0   D725 A6   E4              LDA ,S
    373  5     D727 B7   DCF9            STA ERASE_CODE_HWR9_1+542
    374  2     D72A 86   0F              LDA  #$0F
    375  4+0   D72C A4   E4              ANDA ,S
    376  2     D72E 8B   60              ADDA #$60
    377  4+0   D730 A7   E4              STA ,S
    378  4+1   D732 A6   7F              LDA -1,S
    379  5     D734 B7   DCFD            STA ERASE_CODE_HWR9_1+546
    380  2     D737 86   8B              LDA #$8b
    381  4+1   D739 A7   7F              STA -1,S
    382  4+1   D73B A6   7E              LDA -2,S
    383  5     D73D B7   DD05            STA ERASE_CODE_HWR9_1+554
    384  2     D740 86   F0              LDA  #$F0
    385  4+1   D742 A4   7E              ANDA -2,S
    386  2     D744 8B   09              ADDA #$09
    387  4+1   D746 A7   7E              STA -2,S
    388  5+1   D748 AE   E8 D6           LDX -42,S
    389  6     D74B BF   DD09            STX ERASE_CODE_HWR9_1+558
    390  3     D74E 8E   986C            LDX #$986c
    391  5+1   D751 AF   E8 D6           STX -42,S
    392  5+1   D754 AE   E8 AE           LDX -82,S
    393  6     D757 BF   DD0F            STX ERASE_CODE_HWR9_1+564
    394  3     D75A 8E   8768            LDX #$8768
    395  5+1   D75D AF   E8 AE           STX -82,S
    396  5+1   D760 AE   E8 86           LDX -122,S
    397  6     D763 BF   DD15            STX ERASE_CODE_HWR9_1+570
    398  3     D766 8E   6666            LDX #$6666
    399  5+1   D769 AF   E8 86           STX -122,S
    400  4+4   D76C 32   E9 FF5F         LEAS -161,S
    401  4+0   D770 A6   E4              LDA ,S
    402  5     D772 B7   DD23            STA ERASE_CODE_HWR9_1+584
    403  2     D775 86   0F              LDA  #$0F
    404  4+0   D777 A4   E4              ANDA ,S
    405  2     D779 8B   60              ADDA #$60
    406  4+0   D77B A7   E4              STA ,S
    407  4+1   D77D A6   7F              LDA -1,S
    408  5     D77F B7   DD2B            STA ERASE_CODE_HWR9_1+592
    409  2     D782 86   F0              LDA  #$F0
    410  4+1   D784 A4   7F              ANDA -1,S
    411  2     D786 8B   06              ADDA #$06
    412  4+1   D788 A7   7F              STA -1,S
    413
    414  7     D78A 10FE 9F02            LDS $9F00+2
    415  7     D78E 10FF DD30            STS ERASE_POS_HWR9_2+2
    416  3     D792 CE   DACE            LDU #DATA_HWR9_2
    417
    418  4+1   D795 32   E8 AA           LEAS -86,S
    419  4+0   D798 A6   E4              LDA ,S
    420  5     D79A B7   DD3D            STA ERASE_CODE_HWR9_2+8
    421  2     D79D 86   F0              LDA  #$F0
    422  4+0   D79F A4   E4              ANDA ,S
    423  2     D7A1 8B   0F              ADDA #$0f
    424  4+0   D7A3 A7   E4              STA ,S
    425  4+1   D7A5 A6   E8 D8           LDA -40,S
    426  5     D7A8 B7   DD46            STA ERASE_CODE_HWR9_2+17
    427  2     D7AB 86   F0              LDA  #$F0
    428  4+1   D7AD A4   E8 D8           ANDA -40,S
    429  2     D7B0 8B   0E              ADDA #$0e
    430  4+1   D7B2 A7   E8 D8           STA -40,S
    431  4+1   D7B5 A6   E8 B0           LDA -80,S
    432  5     D7B8 B7   DD50            STA ERASE_CODE_HWR9_2+27
    433  2     D7BB 86   F0              LDA  #$F0
    434  4+1   D7BD A4   E8 B0           ANDA -80,S
    435  2     D7C0 8B   0E              ADDA #$0e
    436  4+1   D7C2 A7   E8 B0           STA -80,S
    437  4+1   D7C5 A6   E8 89           LDA -119,S
    438  5     D7C8 B7   DD5A            STA ERASE_CODE_HWR9_2+37
    439  2     D7CB 86   0F              LDA  #$0F
    440  4+1   D7CD A4   E8 89           ANDA -119,S
    441  2     D7D0 8B   00              ADDA #$00
    442  4+1   D7D2 A7   E8 89           STA -119,S
    443  4+1   D7D5 A6   E8 88           LDA -120,S
    444  5     D7D8 B7   DD64            STA ERASE_CODE_HWR9_2+47
    445  2     D7DB 86   F0              LDA  #$F0
    446  4+1   D7DD A4   E8 88           ANDA -120,S
    447  2     D7E0 8B   0E              ADDA #$0e
    448  4+1   D7E2 A7   E8 88           STA -120,S
    449  4+4   D7E5 32   E9 FF61         LEAS -159,S
    450  4+0   D7E9 A6   E4              LDA ,S
    451  5     D7EB B7   DD71            STA ERASE_CODE_HWR9_2+60
    452  2     D7EE 86   0F              LDA  #$0F
    453  4+0   D7F0 A4   E4              ANDA ,S
    454  2     D7F2 8B   40              ADDA #$40
    455  4+0   D7F4 A7   E4              STA ,S
    456  4+1   D7F6 A6   E8 DB           LDA -37,S
    457  5     D7F9 B7   DD7A            STA ERASE_CODE_HWR9_2+69
    458  2     D7FC 86   0F              LDA  #$0F
    459  4+1   D7FE A4   E8 DB           ANDA -37,S
    460  2     D801 8B   F0              ADDA #$f0
    461  4+1   D803 A7   E8 DB           STA -37,S
    462  4+1   D806 A6   E8 D8           LDA -40,S
    463  5     D809 B7   DD7F            STA ERASE_CODE_HWR9_2+74
    464  2     D80C 86   45              LDA #$45
    465  4+1   D80E A7   E8 D8           STA -40,S
    466  4+1   D811 A6   E8 B3           LDA -77,S
    467  5     D814 B7   DD89            STA ERASE_CODE_HWR9_2+84
    468  2     D817 86   0F              LDA  #$0F
    469  4+1   D819 A4   E8 B3           ANDA -77,S
    470  2     D81C 8B   00              ADDA #$00
    471  4+1   D81E A7   E8 B3           STA -77,S
    472  4+1   D821 A6   E8 B0           LDA -80,S
    473  5     D824 B7   DD8E            STA ERASE_CODE_HWR9_2+89
    474  2     D827 86   F0              LDA #$f0
    475  4+1   D829 A7   E8 B0           STA -80,S
    476  4+1   D82C A6   E8 8B           LDA -117,S
    477  5     D82F B7   DD93            STA ERASE_CODE_HWR9_2+94
    478  2     D832 86   0F              LDA #$0f
    479  4+1   D834 A7   E8 8B           STA -117,S
    480  4+1   D837 A6   E8 88           LDA -120,S
    481  5     D83A B7   DD98            STA ERASE_CODE_HWR9_2+99
    482  2     D83D 86   52              LDA #$52
    483  4+1   D83F A7   E8 88           STA -120,S
    484  4+4   D842 32   E9 FF64         LEAS -156,S
    485  4+1   D846 A6   7F              LDA -1,S
    486  5     D848 B7   DDA1            STA ERASE_CODE_HWR9_2+108
    487  2     D84B 86   00              LDA #$00
    488  4+1   D84D A7   7F              STA -1,S
    489  4+1   D84F A6   7C              LDA -4,S
    490  5     D851 B7   DDA5            STA ERASE_CODE_HWR9_2+112
    491  2     D854 86   44              LDA #$44
    492  4+1   D856 A7   7C              STA -4,S
    493  4+1   D858 A6   E8 D7           LDA -41,S
    494  5     D85B B7   DDA9            STA ERASE_CODE_HWR9_2+116
    495  2     D85E 86   00              LDA #$00
    496  4+1   D860 A7   E8 D7           STA -41,S
    497  4+1   D863 A6   E8 D6           LDA -42,S
    498  5     D866 B7   DDB3            STA ERASE_CODE_HWR9_2+126
    499  2     D869 86   F0              LDA  #$F0
    500  4+1   D86B A4   E8 D6           ANDA -42,S
    501  2     D86E 8B   00              ADDA #$00
    502  4+1   D870 A7   E8 D6           STA -42,S
    503  4+1   D873 A6   E8 D4           LDA -44,S
    504  5     D876 B7   DDB8            STA ERASE_CODE_HWR9_2+131
    505  2     D879 86   20              LDA #$20
    506  4+1   D87B A7   E8 D4           STA -44,S
    507  4+1   D87E A6   E8 AF           LDA -81,S
    508  5     D881 B7   DDBD            STA ERASE_CODE_HWR9_2+136
    509  2     D884 86   40              LDA #$40
    510  4+1   D886 A7   E8 AF           STA -81,S
    511  4+1   D889 A6   E8 AE           LDA -82,S
    512  5     D88C B7   DDC7            STA ERASE_CODE_HWR9_2+146
    513  2     D88F 86   F0              LDA  #$F0
    514  4+1   D891 A4   E8 AE           ANDA -82,S
    515  2     D894 8B   05              ADDA #$05
    516  4+1   D896 A7   E8 AE           STA -82,S
    517  4+1   D899 A6   E8 AD           LDA -83,S
    518  5     D89C B7   DDD1            STA ERASE_CODE_HWR9_2+156
    519  2     D89F 86   0F              LDA  #$0F
    520  4+1   D8A1 A4   E8 AD           ANDA -83,S
    521  2     D8A4 8B   80              ADDA #$80
    522  4+1   D8A6 A7   E8 AD           STA -83,S
    523  4+1   D8A9 A6   E8 AC           LDA -84,S
    524  5     D8AC B7   DDD6            STA ERASE_CODE_HWR9_2+161
    525  2     D8AF 86   20              LDA #$20
    526  4+1   D8B1 A7   E8 AC           STA -84,S
    527  4+1   D8B4 A6   E8 87           LDA -121,S
    528  5     D8B7 B7   DDDB            STA ERASE_CODE_HWR9_2+166
    529  2     D8BA 86   40              LDA #$40
    530  4+1   D8BC A7   E8 87           STA -121,S
    531  4+1   D8BF A6   E8 86           LDA -122,S
    532  5     D8C2 B7   DDE5            STA ERASE_CODE_HWR9_2+176
    533  2     D8C5 86   F0              LDA  #$F0
    534  4+1   D8C7 A4   E8 86           ANDA -122,S
    535  2     D8CA 8B   00              ADDA #$00
    536  4+1   D8CC A7   E8 86           STA -122,S
    537  5+1   D8CF AE   E8 84           LDX -124,S
    538  6     D8D2 BF   DDEA            STX ERASE_CODE_HWR9_2+181
    539  3     D8D5 8E   E479            LDX #$e479
    540  5+1   D8D8 AF   E8 84           STX -124,S
    541  4+4   D8DB 32   E9 FF60         LEAS -160,S
    542  4+1   D8DF A6   7F              LDA -1,S
    543  5     D8E1 B7   DDF4            STA ERASE_CODE_HWR9_2+191
    544  2     D8E4 86   2F              LDA #$2f
    545  4+1   D8E6 A7   7F              STA -1,S
    546  4+1   D8E8 A6   7E              LDA -2,S
    547  5     D8EA B7   DDFC            STA ERASE_CODE_HWR9_2+199
    548  2     D8ED 86   F0              LDA  #$F0
    549  4+1   D8EF A4   7E              ANDA -2,S
    550  2     D8F1 8B   00              ADDA #$00
    551  4+1   D8F3 A7   7E              STA -2,S
    552  5+1   D8F5 AE   7C              LDX -4,S
    553  6     D8F7 BF   DE00            STX ERASE_CODE_HWR9_2+203
    554  3     D8FA 8E   EF69            LDX #$ef69
    555  5+1   D8FD AF   7C              STX -4,S
    556  4+1   D8FF A6   E8 D7           LDA -41,S
    557  5     D902 B7   DE0A            STA ERASE_CODE_HWR9_2+213
    558  2     D905 86   F0              LDA  #$F0
    559  4+1   D907 A4   E8 D7           ANDA -41,S
    560  2     D90A 8B   0F              ADDA #$0f
    561  4+1   D90C A7   E8 D7           STA -41,S
    562  4+1   D90F 32   E8 D4           LEAS -44,S
    563  5+3   D912 35   12              PULS A,X
    564  5     D914 B7   DE12            STA ERASE_CODE_HWR9_2+221
    565  6     D917 BF   DE14            STX ERASE_CODE_HWR9_2+223
    566  2     D91A 86   47              LDA #$47
    567  3     D91C 8E   7F09            LDX #$7f09
    568  5+3   D91F 34   12              PSHS X,A
    569  4+1   D921 32   E8 D8           LEAS -40,S
    570  5+3   D924 35   12              PULS A,X
    571  5     D926 B7   DE1C            STA ERASE_CODE_HWR9_2+231
    572  6     D929 BF   DE1E            STX ERASE_CODE_HWR9_2+233
    573  2     D92C 86   05              LDA #$05
    574  3     D92E 8E   9C25            LDX #$9c25
    575  5+3   D931 34   12              PSHS X,A
    576  4+1   D933 32   E8 D8           LEAS -40,S
    577  5+3   D936 35   12              PULS A,X
    578  5     D938 B7   DE26            STA ERASE_CODE_HWR9_2+241
    579  6     D93B BF   DE28            STX ERASE_CODE_HWR9_2+243
    580  2     D93E 86   55              LDA #$55
    581  3     D940 8E   9B42            LDX #$9b42
    582  5+3   D943 34   12              PSHS X,A
    583  4+1   D945 32   E8 D8           LEAS -40,S
    584  5+3   D948 35   12              PULS A,X
    585  5     D94A B7   DE30            STA ERASE_CODE_HWR9_2+251
    586  6     D94D BF   DE32            STX ERASE_CODE_HWR9_2+253
    587  2     D950 86   84              LDA #$84
    588  3     D952 8E   7B41            LDX #$7b41
    589  5+3   D955 34   12              PSHS X,A
    590  4+1   D957 32   E8 D8           LEAS -40,S
    591  5+3   D95A 35   12              PULS A,X
    592  5     D95C B7   DE3A            STA ERASE_CODE_HWR9_2+261
    593  6     D95F BF   DE3C            STX ERASE_CODE_HWR9_2+263
    594  2     D962 86   89              LDA #$89
    595  3     D964 8E   8F41            LDX #$8f41
    596  5+3   D967 34   12              PSHS X,A
    597  5+1   D969 AE   E8 D9           LDX -39,S
    598  6     D96C BF   DE41            STX ERASE_CODE_HWR9_2+268
    599  3     D96F 8E   90D4            LDX #$90d4
    600  5+1   D972 AF   E8 D9           STX -39,S
    601  4+1   D975 A6   E8 D8           LDA -40,S
    602  5     D978 B7   DE4C            STA ERASE_CODE_HWR9_2+279
    603  2     D97B 86   F0              LDA  #$F0
    604  4+1   D97D A4   E8 D8           ANDA -40,S
    605  2     D980 8B   09              ADDA #$09
    606  4+1   D982 A7   E8 D8           STA -40,S
    607  5+1   D985 AE   E8 B1           LDX -79,S
    608  6     D988 BF   DE51            STX ERASE_CODE_HWR9_2+284
    609  3     D98B 8E   09B2            LDX #$09b2
    610  5+1   D98E AF   E8 B1           STX -79,S
    611  4+1   D991 A6   E8 B0           LDA -80,S
    612  5     D994 B7   DE5C            STA ERASE_CODE_HWR9_2+295
    613  2     D997 86   F0              LDA  #$F0
    614  4+1   D999 A4   E8 B0           ANDA -80,S
    615  2     D99C 8B   08              ADDA #$08
    616  4+1   D99E A7   E8 B0           STA -80,S
    617  5+1   D9A1 AE   E8 89           LDX -119,S
    618  6     D9A4 BF   DE61            STX ERASE_CODE_HWR9_2+300
    619  3     D9A7 8E   98B4            LDX #$98b4
    620  5+1   D9AA AF   E8 89           STX -119,S
    621  4+1   D9AD A6   E8 88           LDA -120,S
    622  5     D9B0 B7   DE6C            STA ERASE_CODE_HWR9_2+311
    623  2     D9B3 86   F0              LDA  #$F0
    624  4+1   D9B5 A4   E8 88           ANDA -120,S
    625  2     D9B8 8B   07              ADDA #$07
    626  4+1   D9BA A7   E8 88           STA -120,S
    627  4+4   D9BD 32   E9 FF63         LEAS -157,S
    628  5+1   D9C1 AE   7E              LDX -2,S
    629  6     D9C3 BF   DE75            STX ERASE_CODE_HWR9_2+320
    630  3     D9C6 8E   971A            LDX #$971a
    631  5+1   D9C9 AF   7E              STX -2,S
    632  5+1   D9CB AE   E8 D6           LDX -42,S
    633  6     D9CE BF   DE7A            STX ERASE_CODE_HWR9_2+325
    634  3     D9D1 8E   7761            LDX #$7761
    635  5+1   D9D4 AF   E8 D6           STX -42,S
    636  5+1   D9D7 AE   E8 AE           LDX -82,S
    637  6     D9DA BF   DE80            STX ERASE_CODE_HWR9_2+331
    638  3     D9DD 8E   7761            LDX #$7761
    639  5+1   D9E0 AF   E8 AE           STX -82,S
    640  4+1   D9E3 32   E8 85           LEAS -123,S
    641  5+3   D9E6 35   12              PULS A,X
    642  5     D9E8 B7   DE89            STA ERASE_CODE_HWR9_2+340
    643  6     D9EB BF   DE8B            STX ERASE_CODE_HWR9_2+342
    644  2     D9EE 86   98              LDA #$98
    645  3     D9F0 8E   7721            LDX #$7721
    646  5+3   D9F3 34   12              PSHS X,A
    647  4+1   D9F5 32   E8 D8           LEAS -40,S
    648  5+3   D9F8 35   12              PULS A,X
    649  5     D9FA B7   DE93            STA ERASE_CODE_HWR9_2+350
    650  6     D9FD BF   DE95            STX ERASE_CODE_HWR9_2+352
    651  2     DA00 86   89              LDA #$89
    652  3     DA02 8E   7721            LDX #$7721
    653  5+3   DA05 34   12              PSHS X,A
    654  4+1   DA07 32   E8 D8           LEAS -40,S
    655  5+3   DA0A 35   12              PULS A,X
    656  5     DA0C B7   DE9D            STA ERASE_CODE_HWR9_2+360
    657  6     DA0F BF   DE9F            STX ERASE_CODE_HWR9_2+362
    658  2     DA12 86   78              LDA #$78
    659  3     DA14 8E   7621            LDX #$7621
    660  5+3   DA17 34   12              PSHS X,A
    661  5+1   DA19 AE   E8 D9           LDX -39,S
    662  6     DA1C BF   DEA4            STX ERASE_CODE_HWR9_2+367
    663  3     DA1F 8E   7661            LDX #$7661
    664  5+1   DA22 AF   E8 D9           STX -39,S
    665  4+1   DA25 A6   E8 D8           LDA -40,S
    666  5     DA28 B7   DEAF            STA ERASE_CODE_HWR9_2+378
    667  2     DA2B 86   F0              LDA  #$F0
    668  4+1   DA2D A4   E8 D8           ANDA -40,S
    669  2     DA30 8B   07              ADDA #$07
    670  4+1   DA32 A7   E8 D8           STA -40,S
    671  5+1   DA35 AE   E8 B1           LDX -79,S
    672  6     DA38 BF   DEB4            STX ERASE_CODE_HWR9_2+383
    673  3     DA3B 8E   7661            LDX #$7661
    674  5+1   DA3E AF   E8 B1           STX -79,S
    675  4+1   DA41 A6   E8 B0           LDA -80,S
    676  5     DA44 B7   DEBF            STA ERASE_CODE_HWR9_2+394
    677  2     DA47 86   F0              LDA  #$F0
    678  4+1   DA49 A4   E8 B0           ANDA -80,S
    679  2     DA4C 8B   07              ADDA #$07
    680  4+1   DA4E A7   E8 B0           STA -80,S
    681  5+1   DA51 AE   E8 89           LDX -119,S
    682  6     DA54 BF   DEC4            STX ERASE_CODE_HWR9_2+399
    683  3     DA57 8E   7738            LDX #$7738
    684  5+1   DA5A AF   E8 89           STX -119,S
    685  4+4   DA5D 32   E9 FF63         LEAS -157,S
    686  5+1   DA61 AE   7E              LDX -2,S
    687  6     DA63 BF   DECE            STX ERASE_CODE_HWR9_2+409
    688  3     DA66 8E   7763            LDX #$7763
    689  5+1   DA69 AF   7E              STX -2,S
    690  5+1   DA6B AE   E8 D6           LDX -42,S
    691  6     DA6E BF   DED3            STX ERASE_CODE_HWR9_2+414
    692  3     DA71 8E   87D3            LDX #$87d3
    693  5+1   DA74 AF   E8 D6           STX -42,S
    694  5+1   DA77 AE   E8 AE           LDX -82,S
    695  6     DA7A BF   DED9            STX ERASE_CODE_HWR9_2+420
    696  3     DA7D 8E   97D3            LDX #$97d3
    697  5+1   DA80 AF   E8 AE           STX -82,S
    698  4+1   DA83 32   E8 85           LEAS -123,S
    699  5+3   DA86 35   12              PULS A,X
    700  5     DA88 B7   DEE2            STA ERASE_CODE_HWR9_2+429
    701  6     DA8B BF   DEE4            STX ERASE_CODE_HWR9_2+431
    702  2     DA8E 86   88              LDA #$88
    703  3     DA90 8E   8786            LDX #$8786
    704  5+3   DA93 34   12              PSHS X,A
    705  5+1   DA95 AE   E8 D9           LDX -39,S
    706  6     DA98 BF   DEE9            STX ERASE_CODE_HWR9_2+436
    707  3     DA9B 8E   7688            LDX #$7688
    708  5+1   DA9E AF   E8 D9           STX -39,S
    709  4+1   DAA1 A6   E8 D8           LDA -40,S
    710  5     DAA4 B7   DEF4            STA ERASE_CODE_HWR9_2+447
    711  2     DAA7 86   F0              LDA  #$F0
    712  4+1   DAA9 A4   E8 D8           ANDA -40,S
    713  2     DAAC 8B   07              ADDA #$07
    714  4+1   DAAE A7   E8 D8           STA -40,S
    715  4+1   DAB1 A6   E8 B1           LDA -79,S
    716  5     DAB4 B7   DEF9            STA ERASE_CODE_HWR9_2+452
    717  2     DAB7 86   66              LDA #$66
    718  4+1   DAB9 A7   E8 B1           STA -79,S
    719  4+1   DABC A6   E8 89           LDA -119,S
    720  5     DABF B7   DEFE            STA ERASE_CODE_HWR9_2+457
    721  2     DAC2 86   66              LDA #$66
    722  4+1   DAC4 A7   E8 89           STA -119,S
    723
    724        DAC7               SSAV_HWR9
    725  4     DAC7 10CE 0000            LDS #$0000
    726  5+3   DACB 35   48              PULS U,DP
    727  5     DACD 39                   RTS
    728
    729        DACE               DATA_HWR9_2
    730        DACE               DATA_HWR9_1
    731        DACE               ERASE_HWR9
    732  5+3   DACE 34   48              PSHS U,DP
    733  7     DAD0 10FF DF04            STS ERASE_SSAV_HWR9+2
    734
    735        DAD4               ERASE_POS_HWR9_1
    736  4     DAD4 10CE 0000            LDS #$0000
    737  3     DAD8 CE   DF09            LDU #ERASE_DATA_HWR9_1
    738        DADB               ERASE_CODE_HWR9_1
    739  4+1   DADB 32   E8 83           LEAS -125,S
    740  2     DADE 86   0F              LDA  #$0F
    741  4+0   DAE0 A4   E4              ANDA ,S
    742  2     DAE2 8B   F0              ADDA #$f0
    743  4+0   DAE4 A7   E4              STA ,S
    744  2     DAE6 86   E0              LDA #$e0
    745  4+1   DAE8 A7   E8 D8           STA -40,S
    746  2     DAEB 86   EF              LDA #$ef
    747  4+1   DAED A7   E8 B0           STA -80,S
    748  2     DAF0 86   F0              LDA  #$F0
    749  4+1   DAF2 A4   E8 8B           ANDA -117,S
    750  2     DAF5 8B   00              ADDA #$00
    751  4+1   DAF7 A7   E8 8B           STA -117,S
    752  2     DAFA 86   B2              LDA #$b2
    753  4+1   DAFC A7   E8 88           STA -120,S
    754  4+4   DAFF 32   E9 FF64         LEAS -156,S
    755  2     DB03 86   00              LDA #$00
    756  4+1   DB05 A7   7F              STA -1,S
    757  2     DB07 86   E1              LDA #$e1
    758  4+1   DB09 A7   7C              STA -4,S
    759  2     DB0B 86   00              LDA #$00
    760  4+1   DB0D A7   E8 D7           STA -41,S
    761  2     DB10 86   11              LDA #$11
    762  4+1   DB12 A7   E8 D4           STA -44,S
    763  2     DB15 86   0F              LDA #$0f
    764  4+1   DB17 A7   E8 AF           STA -81,S
    765  2     DB1A 86   0F              LDA  #$0F
    766  4+1   DB1C A4   E8 AD           ANDA -83,S
    767  2     DB1F 8B   50              ADDA #$50
    768  4+1   DB21 A7   E8 AD           STA -83,S
    769  2     DB24 86   1E              LDA #$1e
    770  4+1   DB26 A7   E8 AC           STA -84,S
    771  2     DB29 86   0F              LDA #$0f
    772  4+1   DB2B A7   E8 87           STA -121,S
    773  2     DB2E 86   0F              LDA  #$0F
    774  4+1   DB30 A4   E8 85           ANDA -123,S
    775  2     DB33 8B   10              ADDA #$10
    776  4+1   DB35 A7   E8 85           STA -123,S
    777  2     DB38 86   F0              LDA  #$F0
    778  4+1   DB3A A4   E8 84           ANDA -124,S
    779  2     DB3D 8B   0E              ADDA #$0e
    780  4+1   DB3F A7   E8 84           STA -124,S
    781  4+4   DB42 32   E9 FF60         LEAS -160,S
    782  2     DB46 86   5F              LDA #$5f
    783  4+1   DB48 A7   7F              STA -1,S
    784  2     DB4A 86   88              LDA #$88
    785  4+1   DB4C A7   7D              STA -3,S
    786  2     DB4E 86   F0              LDA  #$F0
    787  4+1   DB50 A4   7C              ANDA -4,S
    788  2     DB52 8B   0E              ADDA #$0e
    789  4+1   DB54 A7   7C              STA -4,S
    790  2     DB56 86   0F              LDA  #$0F
    791  4+1   DB58 A4   E8 D8           ANDA -40,S
    792  2     DB5B 8B   F0              ADDA #$f0
    793  4+1   DB5D A7   E8 D8           STA -40,S
    794  2     DB60 86   4F              LDA #$4f
    795  4+1   DB62 A7   E8 D7           STA -41,S
    796  2     DB65 86   67              LDA #$67
    797  4+1   DB67 A7   E8 D5           STA -43,S
    798  2     DB6A 86   F0              LDA  #$F0
    799  4+1   DB6C A4   E8 D4           ANDA -44,S
    800  2     DB6F 8B   0E              ADDA #$0e
    801  4+1   DB71 A7   E8 D4           STA -44,S
    802  2     DB74 86   0F              LDA  #$0F
    803  4+1   DB76 A4   E8 B0           ANDA -80,S
    804  2     DB79 8B   F0              ADDA #$f0
    805  4+1   DB7B A7   E8 B0           STA -80,S
    806  2     DB7E 86   20              LDA #$20
    807  4+1   DB80 A7   E8 AF           STA -81,S
    808  2     DB83 86   0F              LDA  #$0F
    809  4+1   DB85 A4   E8 AE           ANDA -82,S
    810  2     DB88 8B   80              ADDA #$80
    811  4+1   DB8A A7   E8 AE           STA -82,S
    812  2     DB8D 86   17              LDA #$17
    813  4+1   DB8F A7   E8 AD           STA -83,S
    814  2     DB92 86   0F              LDA  #$0F
    815  4+1   DB94 A4   E8 88           ANDA -120,S
    816  2     DB97 8B   00              ADDA #$00
    817  4+1   DB99 A7   E8 88           STA -120,S
    818  3     DB9C 8E   F942            LDX #$f942
    819  5+1   DB9F AF   E8 86           STX -122,S
    820  2     DBA2 86   0F              LDA  #$0F
    821  4+1   DBA4 A4   E8 85           ANDA -123,S
    822  2     DBA7 8B   80              ADDA #$80
    823  4+1   DBA9 A7   E8 85           STA -123,S
    824  2     DBAC 86   F0              LDA  #$F0
    825  4+1   DBAE A4   E8 84           ANDA -124,S
    826  2     DBB1 8B   05              ADDA #$05
    827  4+1   DBB3 A7   E8 84           STA -124,S
    828  4+4   DBB6 32   E9 FF61         LEAS -159,S
    829  2     DBBA 86   0F              LDA #$0f
    830  4+1   DBBC A7   7F              STA -1,S
    831  2     DBBE 86   0F              LDA  #$0F
    832  4+1   DBC0 A4   7E              ANDA -2,S
    833  2     DBC2 8B   80              ADDA #$80
    834  4+1   DBC4 A7   7E              STA -2,S
    835  4+1   DBC6 32   7E              LEAS -2,S
    836  2     DBC8 86   55              LDA #$55
    837  3     DBCA 8E   98DF            LDX #$98df
    838  5+3   DBCD 34   12              PSHS X,A
    839  2     DBCF 86   F0              LDA #$f0
    840  4+1   DBD1 A7   E8 DC           STA -36,S
    841  2     DBD4 86   0F              LDA  #$0F
    842  4+1   DBD6 A4   E8 DB           ANDA -37,S
    843  2     DBD9 8B   50              ADDA #$50
    844  4+1   DBDB A7   E8 DB           STA -37,S
    845  4+1   DBDE 32   E8 DB           LEAS -37,S
    846  2     DBE1 86   44              LDA #$44
    847  3     DBE3 8E   99B0            LDX #$99b0
    848  5+3   DBE6 34   12              PSHS X,A
    849  2     DBE8 86   F0              LDA  #$F0
    850  4+1   DBEA A4   E8 DC           ANDA -36,S
    851  2     DBED 8B   0F              ADDA #$0f
    852  4+1   DBEF A7   E8 DC           STA -36,S
    853  4+1   DBF2 32   E8 DC           LEAS -36,S
    854  2     DBF5 86   25              LDA #$25
    855  2     DBF7 C6   99              LDB #$99
    856  3     DBF9 8E   FF24            LDX #$ff24
    857  5+4   DBFC 34   16              PSHS X,B,A
    858  4+1   DBFE 32   E8 DC           LEAS -36,S
    859  2     DC01 86   89              LDA #$89
    860  3     DC03 8E   DD12            LDX #$dd12
    861  5+3   DC06 34   12              PSHS X,A
    862  2     DC08 86   F0              LDA  #$F0
    863  4+1   DC0A A4   7F              ANDA -1,S
    864  2     DC0C 8B   04              ADDA #$04
    865  4+1   DC0E A7   7F              STA -1,S
    866  2     DC10 86   11              LDA #$11
    867  4+1   DC12 A7   E8 DA           STA -38,S
    868  2     DC15 86   0F              LDA  #$0F
    869  4+1   DC17 A4   E8 D9           ANDA -39,S
    870  2     DC1A 8B   F0              ADDA #$f0
    871  4+1   DC1C A7   E8 D9           STA -39,S
    872  2     DC1F 86   09              LDA #$09
    873  4+1   DC21 A7   E8 D8           STA -40,S
    874  2     DC24 86   F0              LDA  #$F0
    875  4+1   DC26 A4   E8 D7           ANDA -41,S
    876  2     DC29 8B   04              ADDA #$04
    877  4+1   DC2B A7   E8 D7           STA -41,S
    878  4+1   DC2E 32   E8 B3           LEAS -77,S
    879  2     DC31 86   90              LDA #$90
    880  3     DC33 8E   0F12            LDX #$0f12
    881  5+3   DC36 34   12              PSHS X,A
    882  4+1   DC38 32   E8 DB           LEAS -37,S
    883  2     DC3B C6   99              LDB #$99
    884  3     DC3D 8E   8C14            LDX #$8c14
    885  5+3   DC40 34   14              PSHS X,B
    886  2     DC42 86   0F              LDA  #$0F
    887  4+1   DC44 A4   E8 DA           ANDA -38,S
    888  2     DC47 8B   40              ADDA #$40
    889  4+1   DC49 A7   E8 DA           STA -38,S
    890  3     DC4C 8E   88DB            LDX #$88db
    891  5+1   DC4F AF   E8 D8           STX -40,S
    892  4+1   DC52 32   E8 B3           LEAS -77,S
    893  2     DC55 86   77              LDA #$77
    894  3     DC57 8E   DBB0            LDX #$dbb0
    895  5+3   DC5A 34   12              PSHS X,A
    896  4+1   DC5C 32   E8 DB           LEAS -37,S
    897  2     DC5F 86   77              LDA #$77
    898  3     DC61 8E   7AA5            LDX #$7aa5
    899  5+3   DC64 34   12              PSHS X,A
    900  3     DC66 8E   6654            LDX #$6654
    901  5+1   DC69 AF   E8 D9           STX -39,S
    902  2     DC6C 86   F0              LDA  #$F0
    903  4+1   DC6E A4   E8 D8           ANDA -40,S
    904  2     DC71 8B   08              ADDA #$08
    905  4+1   DC73 A7   E8 D8           STA -40,S
    906  2     DC76 86   0F              LDA  #$0F
    907  4+1   DC78 A4   E8 B2           ANDA -78,S
    908  2     DC7B 8B   50              ADDA #$50
    909  4+1   DC7D A7   E8 B2           STA -78,S
    910  3     DC80 8E   8966            LDX #$8966
    911  5+1   DC83 AF   E8 B0           STX -80,S
    912  2     DC86 86   F0              LDA  #$F0
    913  4+1   DC88 A4   E8 AF           ANDA -81,S
    914  2     DC8B 8B   08              ADDA #$08
    915  4+1   DC8D A7   E8 AF           STA -81,S
    916  4+1   DC90 32   E8 8B           LEAS -117,S
    917  2     DC93 86   98              LDA #$98
    918  3     DC95 8E   6646            LDX #$6646
    919  5+3   DC98 34   12              PSHS X,A
    920  4+1   DC9A 32   E8 DB           LEAS -37,S
    921  2     DC9D 86   97              LDA #$97
    922  3     DC9F 8E   3606            LDX #$3606
    923  5+3   DCA2 34   12              PSHS X,A
    924  4+1   DCA4 32   E8 DB           LEAS -37,S
    925  2     DCA7 86   87              LDA #$87
    926  3     DCA9 8E   1676            LDX #$1676
    927  5+3   DCAC 34   12              PSHS X,A
    928  4+1   DCAE 32   E8 DB           LEAS -37,S
    929  2     DCB1 86   77              LDA #$77
    930  3     DCB3 8E   3636            LDX #$3636
    931  5+3   DCB6 34   12              PSHS X,A
    932  2     DCB8 86   0F              LDA  #$0F
    933  4+1   DCBA A4   E8 DA           ANDA -38,S
    934  2     DCBD 8B   30              ADDA #$30
    935  4+1   DCBF A7   E8 DA           STA -38,S
    936  3     DCC2 8E   7786            LDX #$7786
    937  5+1   DCC5 AF   E8 D8           STX -40,S
    938  2     DCC8 86   0F              LDA  #$0F
    939  4+1   DCCA A4   E8 B2           ANDA -78,S
    940  2     DCCD 8B   60              ADDA #$60
    941  4+1   DCCF A7   E8 B2           STA -78,S
    942  2     DCD2 86   9B              LDA #$9b
    943  4+1   DCD4 A7   E8 B1           STA -79,S
    944  2     DCD7 86   F0              LDA  #$F0
    945  4+1   DCD9 A4   E8 B0           ANDA -80,S
    946  2     DCDC 8B   07              ADDA #$07
    947  4+1   DCDE A7   E8 B0           STA -80,S
    948  2     DCE1 86   0F              LDA  #$0F
    949  4+1   DCE3 A4   E8 8A           ANDA -118,S
    950  2     DCE6 8B   60              ADDA #$60
    951  4+1   DCE8 A7   E8 8A           STA -118,S
    952  2     DCEB 86   9B              LDA #$9b
    953  4+1   DCED A7   E8 89           STA -119,S
    954  4+4   DCF0 32   E9 FF62         LEAS -158,S
    955  2     DCF4 86   0F              LDA  #$0F
    956  4+0   DCF6 A4   E4              ANDA ,S
    957  2     DCF8 8B   60              ADDA #$60
    958  4+0   DCFA A7   E4              STA ,S
    959  2     DCFC 86   8B              LDA #$8b
    960  4+1   DCFE A7   7F              STA -1,S
    961  2     DD00 86   F0              LDA  #$F0
    962  4+1   DD02 A4   7E              ANDA -2,S
    963  2     DD04 8B   09              ADDA #$09
    964  4+1   DD06 A7   7E              STA -2,S
    965  3     DD08 8E   986C            LDX #$986c
    966  5+1   DD0B AF   E8 D6           STX -42,S
    967  3     DD0E 8E   8768            LDX #$8768
    968  5+1   DD11 AF   E8 AE           STX -82,S
    969  3     DD14 8E   6666            LDX #$6666
    970  5+1   DD17 AF   E8 86           STX -122,S
    971  4+4   DD1A 32   E9 FF5F         LEAS -161,S
    972  2     DD1E 86   0F              LDA  #$0F
    973  4+0   DD20 A4   E4              ANDA ,S
    974  2     DD22 8B   60              ADDA #$60
    975  4+0   DD24 A7   E4              STA ,S
    976  2     DD26 86   F0              LDA  #$F0
    977  4+1   DD28 A4   7F              ANDA -1,S
    978  2     DD2A 8B   06              ADDA #$06
    979  4+1   DD2C A7   7F              STA -1,S
    980
    981        DD2E               ERASE_POS_HWR9_2
    982  4     DD2E 10CE 0000            LDS #$0000
    983  3     DD32 CE   DF09            LDU #ERASE_DATA_HWR9_2
    984        DD35               ERASE_CODE_HWR9_2
    985  4+1   DD35 32   E8 AA           LEAS -86,S
    986  2     DD38 86   F0              LDA  #$F0
    987  4+0   DD3A A4   E4              ANDA ,S
    988  2     DD3C 8B   0F              ADDA #$0f
    989  4+0   DD3E A7   E4              STA ,S
    990  2     DD40 86   F0              LDA  #$F0
    991  4+1   DD42 A4   E8 D8           ANDA -40,S
    992  2     DD45 8B   0E              ADDA #$0e
    993  4+1   DD47 A7   E8 D8           STA -40,S
    994  2     DD4A 86   F0              LDA  #$F0
    995  4+1   DD4C A4   E8 B0           ANDA -80,S
    996  2     DD4F 8B   0E              ADDA #$0e
    997  4+1   DD51 A7   E8 B0           STA -80,S
    998  2     DD54 86   0F              LDA  #$0F
    999  4+1   DD56 A4   E8 89           ANDA -119,S
   1000  2     DD59 8B   00              ADDA #$00
   1001  4+1   DD5B A7   E8 89           STA -119,S
   1002  2     DD5E 86   F0              LDA  #$F0
   1003  4+1   DD60 A4   E8 88           ANDA -120,S
   1004  2     DD63 8B   0E              ADDA #$0e
   1005  4+1   DD65 A7   E8 88           STA -120,S
   1006  4+4   DD68 32   E9 FF61         LEAS -159,S
   1007  2     DD6C 86   0F              LDA  #$0F
   1008  4+0   DD6E A4   E4              ANDA ,S
   1009  2     DD70 8B   40              ADDA #$40
   1010  4+0   DD72 A7   E4              STA ,S
   1011  2     DD74 86   0F              LDA  #$0F
   1012  4+1   DD76 A4   E8 DB           ANDA -37,S
   1013  2     DD79 8B   F0              ADDA #$f0
   1014  4+1   DD7B A7   E8 DB           STA -37,S
   1015  2     DD7E 86   45              LDA #$45
   1016  4+1   DD80 A7   E8 D8           STA -40,S
   1017  2     DD83 86   0F              LDA  #$0F
   1018  4+1   DD85 A4   E8 B3           ANDA -77,S
   1019  2     DD88 8B   00              ADDA #$00
   1020  4+1   DD8A A7   E8 B3           STA -77,S
   1021  2     DD8D 86   F0              LDA #$f0
   1022  4+1   DD8F A7   E8 B0           STA -80,S
   1023  2     DD92 86   0F              LDA #$0f
   1024  4+1   DD94 A7   E8 8B           STA -117,S
   1025  2     DD97 86   52              LDA #$52
   1026  4+1   DD99 A7   E8 88           STA -120,S
   1027  4+4   DD9C 32   E9 FF64         LEAS -156,S
   1028  2     DDA0 86   00              LDA #$00
   1029  4+1   DDA2 A7   7F              STA -1,S
   1030  2     DDA4 86   44              LDA #$44
   1031  4+1   DDA6 A7   7C              STA -4,S
   1032  2     DDA8 86   00              LDA #$00
   1033  4+1   DDAA A7   E8 D7           STA -41,S
   1034  2     DDAD 86   F0              LDA  #$F0
   1035  4+1   DDAF A4   E8 D6           ANDA -42,S
   1036  2     DDB2 8B   00              ADDA #$00
   1037  4+1   DDB4 A7   E8 D6           STA -42,S
   1038  2     DDB7 86   20              LDA #$20
   1039  4+1   DDB9 A7   E8 D4           STA -44,S
   1040  2     DDBC 86   40              LDA #$40
   1041  4+1   DDBE A7   E8 AF           STA -81,S
   1042  2     DDC1 86   F0              LDA  #$F0
   1043  4+1   DDC3 A4   E8 AE           ANDA -82,S
   1044  2     DDC6 8B   05              ADDA #$05
   1045  4+1   DDC8 A7   E8 AE           STA -82,S
   1046  2     DDCB 86   0F              LDA  #$0F
   1047  4+1   DDCD A4   E8 AD           ANDA -83,S
   1048  2     DDD0 8B   80              ADDA #$80
   1049  4+1   DDD2 A7   E8 AD           STA -83,S
   1050  2     DDD5 86   20              LDA #$20
   1051  4+1   DDD7 A7   E8 AC           STA -84,S
   1052  2     DDDA 86   40              LDA #$40
   1053  4+1   DDDC A7   E8 87           STA -121,S
   1054  2     DDDF 86   F0              LDA  #$F0
   1055  4+1   DDE1 A4   E8 86           ANDA -122,S
   1056  2     DDE4 8B   00              ADDA #$00
   1057  4+1   DDE6 A7   E8 86           STA -122,S
   1058  3     DDE9 8E   E479            LDX #$e479
   1059  5+1   DDEC AF   E8 84           STX -124,S
   1060  4+4   DDEF 32   E9 FF60         LEAS -160,S
   1061  2     DDF3 86   2F              LDA #$2f
   1062  4+1   DDF5 A7   7F              STA -1,S
   1063  2     DDF7 86   F0              LDA  #$F0
   1064  4+1   DDF9 A4   7E              ANDA -2,S
   1065  2     DDFB 8B   00              ADDA #$00
   1066  4+1   DDFD A7   7E              STA -2,S
   1067  3     DDFF 8E   EF69            LDX #$ef69
   1068  5+1   DE02 AF   7C              STX -4,S
   1069  2     DE04 86   F0              LDA  #$F0
   1070  4+1   DE06 A4   E8 D7           ANDA -41,S
   1071  2     DE09 8B   0F              ADDA #$0f
   1072  4+1   DE0B A7   E8 D7           STA -41,S
   1073  4+1   DE0E 32   E8 D7           LEAS -41,S
   1074  2     DE11 86   47              LDA #$47
   1075  3     DE13 8E   7F09            LDX #$7f09
   1076  5+3   DE16 34   12              PSHS X,A
   1077  4+1   DE18 32   E8 DB           LEAS -37,S
   1078  2     DE1B 86   05              LDA #$05
   1079  3     DE1D 8E   9C25            LDX #$9c25
   1080  5+3   DE20 34   12              PSHS X,A
   1081  4+1   DE22 32   E8 DB           LEAS -37,S
   1082  2     DE25 86   55              LDA #$55
   1083  3     DE27 8E   9B42            LDX #$9b42
   1084  5+3   DE2A 34   12              PSHS X,A
   1085  4+1   DE2C 32   E8 DB           LEAS -37,S
   1086  2     DE2F 86   84              LDA #$84
   1087  3     DE31 8E   7B41            LDX #$7b41
   1088  5+3   DE34 34   12              PSHS X,A
   1089  4+1   DE36 32   E8 DB           LEAS -37,S
   1090  2     DE39 86   89              LDA #$89
   1091  3     DE3B 8E   8F41            LDX #$8f41
   1092  5+3   DE3E 34   12              PSHS X,A
   1093  3     DE40 8E   90D4            LDX #$90d4
   1094  5+1   DE43 AF   E8 D9           STX -39,S
   1095  2     DE46 86   F0              LDA  #$F0
   1096  4+1   DE48 A4   E8 D8           ANDA -40,S
   1097  2     DE4B 8B   09              ADDA #$09
   1098  4+1   DE4D A7   E8 D8           STA -40,S
   1099  3     DE50 8E   09B2            LDX #$09b2
   1100  5+1   DE53 AF   E8 B1           STX -79,S
   1101  2     DE56 86   F0              LDA  #$F0
   1102  4+1   DE58 A4   E8 B0           ANDA -80,S
   1103  2     DE5B 8B   08              ADDA #$08
   1104  4+1   DE5D A7   E8 B0           STA -80,S
   1105  3     DE60 8E   98B4            LDX #$98b4
   1106  5+1   DE63 AF   E8 89           STX -119,S
   1107  2     DE66 86   F0              LDA  #$F0
   1108  4+1   DE68 A4   E8 88           ANDA -120,S
   1109  2     DE6B 8B   07              ADDA #$07
   1110  4+1   DE6D A7   E8 88           STA -120,S
   1111  4+4   DE70 32   E9 FF63         LEAS -157,S
   1112  3     DE74 8E   971A            LDX #$971a
   1113  5+1   DE77 AF   7E              STX -2,S
   1114  3     DE79 8E   7761            LDX #$7761
   1115  5+1   DE7C AF   E8 D6           STX -42,S
   1116  3     DE7F 8E   7761            LDX #$7761
   1117  5+1   DE82 AF   E8 AE           STX -82,S
   1118  4+1   DE85 32   E8 88           LEAS -120,S
   1119  2     DE88 86   98              LDA #$98
   1120  3     DE8A 8E   7721            LDX #$7721
   1121  5+3   DE8D 34   12              PSHS X,A
   1122  4+1   DE8F 32   E8 DB           LEAS -37,S
   1123  2     DE92 86   89              LDA #$89
   1124  3     DE94 8E   7721            LDX #$7721
   1125  5+3   DE97 34   12              PSHS X,A
   1126  4+1   DE99 32   E8 DB           LEAS -37,S
   1127  2     DE9C 86   78              LDA #$78
   1128  3     DE9E 8E   7621            LDX #$7621
   1129  5+3   DEA1 34   12              PSHS X,A
   1130  3     DEA3 8E   7661            LDX #$7661
   1131  5+1   DEA6 AF   E8 D9           STX -39,S
   1132  2     DEA9 86   F0              LDA  #$F0
   1133  4+1   DEAB A4   E8 D8           ANDA -40,S
   1134  2     DEAE 8B   07              ADDA #$07
   1135  4+1   DEB0 A7   E8 D8           STA -40,S
   1136  3     DEB3 8E   7661            LDX #$7661
   1137  5+1   DEB6 AF   E8 B1           STX -79,S
   1138  2     DEB9 86   F0              LDA  #$F0
   1139  4+1   DEBB A4   E8 B0           ANDA -80,S
   1140  2     DEBE 8B   07              ADDA #$07
   1141  4+1   DEC0 A7   E8 B0           STA -80,S
   1142  3     DEC3 8E   7738            LDX #$7738
   1143  5+1   DEC6 AF   E8 89           STX -119,S
   1144  4+4   DEC9 32   E9 FF63         LEAS -157,S
   1145  3     DECD 8E   7763            LDX #$7763
   1146  5+1   DED0 AF   7E              STX -2,S
   1147  3     DED2 8E   87D3            LDX #$87d3
   1148  5+1   DED5 AF   E8 D6           STX -42,S
   1149  3     DED8 8E   97D3            LDX #$97d3
   1150  5+1   DEDB AF   E8 AE           STX -82,S
   1151  4+1   DEDE 32   E8 88           LEAS -120,S
   1152  2     DEE1 86   88              LDA #$88
   1153  3     DEE3 8E   8786            LDX #$8786
   1154  5+3   DEE6 34   12              PSHS X,A
   1155  3     DEE8 8E   7688            LDX #$7688
   1156  5+1   DEEB AF   E8 D9           STX -39,S
   1157  2     DEEE 86   F0              LDA  #$F0
   1158  4+1   DEF0 A4   E8 D8           ANDA -40,S
   1159  2     DEF3 8B   07              ADDA #$07
   1160  4+1   DEF5 A7   E8 D8           STA -40,S
   1161  2     DEF8 86   66              LDA #$66
   1162  4+1   DEFA A7   E8 B1           STA -79,S
   1163  2     DEFD 86   66              LDA #$66
   1164  4+1   DEFF A7   E8 89           STA -119,S
   1165
   1166        DF02               ERASE_SSAV_HWR9
   1167  4     DF02 10CE 0000            LDS #$0000
   1168  5+3   DF06 35   48              PULS U,DP
   1169  5     DF08 39                   RTS
   1170
   1171        DF09               ERASE_DATA_HWR9_2
   1172        DF09               ERASE_DATA_HWR9_1

000000 Total Errors

000012 Total Symbols
     1x          Label DACE DATA_HWR9_1
     1x          Label DACE DATA_HWR9_2
     0x          Label D35D DRAW_HWR9
    87x          Label DADB ERASE_CODE_HWR9_1
    67x          Label DD35 ERASE_CODE_HWR9_2
     1x          Label DF09 ERASE_DATA_HWR9_1
     1x          Label DF09 ERASE_DATA_HWR9_2
     0x          Label DACE ERASE_HWR9
     1x          Label DAD4 ERASE_POS_HWR9_1
     1x          Label DD2E ERASE_POS_HWR9_2
     1x          Label DF02 ERASE_SSAV_HWR9
     1x          Label DAC7 SSAV_HWR9

